

Microchip MPLAB XC8 Assembler V2.41 build 20230208172133 
                                                                                               Sat Jul 08 14:16:05 2023

Microchip MPLAB XC8 C Compiler v2.41 (Free license) build 20230208172133 Og1 
     1                           	processor	18F45K20
     2                           	fnconf	rparam,??,?,0
     3                           	pagewidth 120
     4                           	opt	flic
     5                           	psect	idataCOMRAM,global,class=CODE,delta=1,noexec
     6                           	psect	cinit,global,reloc=2,class=CODE,delta=1
     7                           	psect	dataCOMRAM,global,class=COMRAM,space=1,delta=1,lowdata,noexec
     8                           	psect	cstackCOMRAM,global,class=COMRAM,space=1,delta=1,lowdata,noexec
     9                           	psect	text0,global,reloc=2,class=CODE,delta=1
    10                           	psect	text1,global,reloc=2,class=CODE,delta=1
    11                           	psect	text2,global,reloc=2,class=CODE,delta=1
    12                           	psect	text3,global,reloc=2,class=CODE,delta=1
    13                           	psect	text4,global,reloc=2,class=CODE,delta=1
    14                           	psect	intsave_regs,global,class=BIGRAM,space=1,delta=1,noexec
    15                           	psect	rparam,global,class=COMRAM,space=1,delta=1,noexec
    16                           	psect	idloc,global,abs,ovrld,class=IDLOC,space=5,delta=1,noexec
    17                           	psect	config,global,abs,ovrld,class=CONFIG,space=4,delta=1,noexec
    18   000000                     
    19                           ; Version 2.20
    20                           ; Generated 12/02/2020 GMT
    21                           ; 
    22                           ; Copyright © 2020, Microchip Technology Inc. and its subsidiaries ("Microchip")
    23                           ; All rights reserved.
    24                           ; 
    25                           ; This software is developed by Microchip Technology Inc. and its subsidiaries ("Microch
      +                          ip").
    26                           ; 
    27                           ; Redistribution and use in source and binary forms, with or without modification, are
    28                           ; permitted provided that the following conditions are met:
    29                           ; 
    30                           ;     1. Redistributions of source code must retain the above copyright notice, this lis
      +                          t of
    31                           ;        conditions and the following disclaimer.
    32                           ; 
    33                           ;     2. Redistributions in binary form must reproduce the above copyright notice, this 
      +                          list
    34                           ;        of conditions and the following disclaimer in the documentation and/or other
    35                           ;        materials provided with the distribution.
    36                           ; 
    37                           ;     3. Microchip's name may not be used to endorse or promote products derived from th
      +                          is
    38                           ;        software without specific prior written permission.
    39                           ; 
    40                           ; THIS SOFTWARE IS PROVIDED BY MICROCHIP "AS IS" AND ANY EXPRESS OR IMPLIED WARRANTIES,
    41                           ; INCLUDING, BUT NOT LIMITED TO, THE IMPLIED WARRANTIES OF MERCHANTABILITY AND FITNESS F
      +                          OR
    42                           ; PURPOSE ARE DISCLAIMED.  IN NO EVENT SHALL MICROCHIP BE LIABLE FOR ANY DIRECT, INDIREC
      +                          T,
    43                           ; INCIDENTAL, SPECIAL, EXEMPLARY, OR CONSEQUENTIAL DAMAGES (INCLUDING BUT NOT LIMITED TO
    44                           ; PROCUREMENT OF SUBSTITUTE GOODS OR SERVICES; LOSS OF USE, DATA OR PROFITS; OR BUSINESS
    45                           ; INTERRUPTION) HOWSOEVER CAUSED AND ON ANY THEORY OF LIABILITY, WHETHER IN CONTRACT, ST
      +                          RICT
    46                           ; LIABILITY, OR TORT (INCLUDING NEGLIGENCE OR OTHERWISE) ARISING IN ANY WAY OUT OF THE U
      +                          SE OF
    47                           ; THIS SOFTWARE, EVEN IF ADVISED OF THE POSSIBILITY OF SUCH DAMAGE.
    48                           ; 
    49                           ; 
    50                           ; Code-generator required, PIC18F45K20 Definitions
    51                           ; 
    52                           ; SFR Addresses
    53   000000                     
    54                           	psect	idataCOMRAM
    55   007F2C                     __pidataCOMRAM:
    56                           	callstack 0
    57                           
    58                           ;initializer for _Half_Step_Sequence_Clockwise
    59   007F2C  01                 	db	1
    60   007F2D  03                 	db	3
    61   007F2E  02                 	db	2
    62   007F2F  06                 	db	6
    63   007F30  04                 	db	4
    64   007F31  0C                 	db	12
    65   007F32  08                 	db	8
    66   007F33  09                 	db	9
    67   000000                     _TRISD	set	3989
    68   000000                     _TRISC	set	3988
    69   000000                     _TRISB	set	3987
    70   000000                     _LATC	set	3979
    71   000000                     _LATB	set	3978
    72   000000                     _WPUB	set	3964
    73   000000                     _ANSEL	set	3966
    74   000000                     _LATA	set	3977
    75   000000                     _LATD	set	3980
    76   000000                     _LATE	set	3981
    77   000000                     _OSCTUNE	set	3995
    78   000000                     _OSCCON	set	4051
    79   000000                     _INTCON2bits	set	4081
    80   000000                     _TRISA	set	3986
    81   000000                     _TRISE	set	3990
    82   000000                     _ANSELH	set	3967
    83   000000                     _INTCONbits	set	4082
    84                           
    85                           ; #config settings
    86                           
    87                           	psect	cinit
    88   007F48                     __pcinit:
    89                           	callstack 0
    90   007F48                     start_initialization:
    91                           	callstack 0
    92   007F48                     __initialization:
    93                           	callstack 0
    94                           
    95                           ; Initialize objects allocated to COMRAM (8 bytes)
    96                           ; load TBLPTR registers with __pidataCOMRAM
    97   007F48  0E2C               	movlw	low __pidataCOMRAM
    98   007F4A  6EF6               	movwf	tblptrl,c
    99   007F4C  0E7F               	movlw	high __pidataCOMRAM
   100   007F4E  6EF7               	movwf	tblptrh,c
   101   007F50  0E00               	movlw	low (__pidataCOMRAM shr (0+16))
   102   007F52  6EF8               	movwf	tblptru,c
   103   007F54  EE00  F001         	lfsr	0,__pdataCOMRAM
   104   007F58  EE10 F008          	lfsr	1,8
   105   007F5C                     copy_data0:
   106   007F5C  0009               	tblrd		*+
   107   007F5E  CFF5 FFEE          	movff	tablat,postinc0
   108   007F62  50E5               	movf	postdec1,w,c
   109   007F64  50E1               	movf	fsr1l,w,c
   110   007F66  E1FA               	bnz	copy_data0
   111   007F68                     end_of_initialization:
   112                           	callstack 0
   113   007F68                     __end_of__initialization:
   114                           	callstack 0
   115   007F68  0100               	movlb	0
   116   007F6A  EFCF  F03F         	goto	_main	;jump to C main() function
   117                           
   118                           	psect	dataCOMRAM
   119   000001                     __pdataCOMRAM:
   120                           	callstack 0
   121   000001                     _Half_Step_Sequence_Clockwise:
   122                           	callstack 0
   123   000001                     	ds	8
   124                           
   125                           	psect	cstackCOMRAM
   126   000009                     __pcstackCOMRAM:
   127                           	callstack 0
   128   000009                     ??_main:
   129                           
   130                           ; 1 bytes @ 0x0
   131   000009                     	ds	2
   132   00000B                     main@i:
   133                           	callstack 0
   134                           
   135                           ; 2 bytes @ 0x2
   136   00000B                     	ds	2
   137                           
   138 ;;
   139 ;;Main: autosize = 0, tempsize = 2, incstack = 0, save=0
   140 ;;
   141 ;; *************** function _main *****************
   142 ;; Defined at:
   143 ;;		line 28 in file "main.c"
   144 ;; Parameters:    Size  Location     Type
   145 ;;		None
   146 ;; Auto vars:     Size  Location     Type
   147 ;;  i               2    2[COMRAM] int 
   148 ;; Return value:  Size  Location     Type
   149 ;;                  1    wreg      void 
   150 ;; Registers used:
   151 ;;		wreg, fsr2l, fsr2h, status,2, status,0, cstack
   152 ;; Tracked objects:
   153 ;;		On entry : 0/0
   154 ;;		On exit  : 0/0
   155 ;;		Unchanged: 0/0
   156 ;; Data sizes:     COMRAM   BANK0   BANK1   BANK2   BANK3   BANK4   BANK5
   157 ;;      Params:         0       0       0       0       0       0       0
   158 ;;      Locals:         2       0       0       0       0       0       0
   159 ;;      Temps:          2       0       0       0       0       0       0
   160 ;;      Totals:         4       0       0       0       0       0       0
   161 ;;Total ram usage:        4 bytes
   162 ;; Hardware stack levels required when called: 2
   163 ;; This function calls:
   164 ;;		_PIN_MANAGER_IOC
   165 ;;		_SYSTEM_Initialize
   166 ;; This function is called by:
   167 ;;		Startup code after reset
   168 ;; This function uses a non-reentrant model
   169 ;;
   170                           
   171                           	psect	text0
   172   007F9E                     __ptext0:
   173                           	callstack 0
   174   007F9E                     _main:
   175                           	callstack 29
   176   007F9E                     
   177                           ;main.c: 31:     SYSTEM_Initialize();
   178   007F9E  EC9F  F03F         	call	_SYSTEM_Initialize	;wreg free
   179   007FA2                     
   180                           ;main.c: 32:     PIN_MANAGER_IOC();
   181   007FA2  EC94  F03F         	call	_PIN_MANAGER_IOC	;wreg free
   182   007FA6                     l65:
   183                           
   184                           ;main.c: 34:     {;main.c: 36:         for (int i = 0; i < 8; i++)
   185   007FA6  0E00               	movlw	0
   186   007FA8  6E0C               	movwf	(main@i+1)^0,c
   187   007FAA  0E00               	movlw	0
   188   007FAC  6E0B               	movwf	main@i^0,c
   189   007FAE                     l772:
   190                           
   191                           ;main.c: 37:         {;main.c: 38:             LATB = Half_Step_Sequence_Clockwise[i];
   192   007FAE  0E01               	movlw	low _Half_Step_Sequence_Clockwise
   193   007FB0  240B               	addwf	main@i^0,w,c
   194   007FB2  6ED9               	movwf	fsr2l,c
   195   007FB4  0E00               	movlw	high _Half_Step_Sequence_Clockwise
   196   007FB6  200C               	addwfc	(main@i+1)^0,w,c
   197   007FB8  6EDA               	movwf	fsr2h,c
   198   007FBA  50DF               	movf	indf2,w,c
   199   007FBC  6E8A               	movwf	138,c	;volatile
   200   007FBE                     
   201                           ;main.c: 39:             _delay((unsigned long)((500)*(20000000/4000.0)));
   202   007FBE  0E0D               	movlw	13
   203   007FC0  6E0A               	movwf	(??_main+1)^0,c
   204   007FC2  0EAF               	movlw	175
   205   007FC4  6E09               	movwf	??_main^0,c
   206   007FC6  0EB6               	movlw	182
   207   007FC8                     u27:
   208   007FC8  2EE8               	decfsz	wreg,f,c
   209   007FCA  D7FE               	bra	u27
   210   007FCC  2E09               	decfsz	??_main^0,f,c
   211   007FCE  D7FC               	bra	u27
   212   007FD0  2E0A               	decfsz	(??_main+1)^0,f,c
   213   007FD2  D7FA               	bra	u27
   214   007FD4  F000 F000          	nop2	
   215   007FD8                     
   216                           ;main.c: 40:         }
   217   007FD8  4A0B               	infsnz	main@i^0,f,c
   218   007FDA  2A0C               	incf	(main@i+1)^0,f,c
   219   007FDC  BE0C               	btfsc	(main@i+1)^0,7,c
   220   007FDE  EFFA  F03F         	goto	u11
   221   007FE2  500C               	movf	(main@i+1)^0,w,c
   222   007FE4  E109               	bnz	u10
   223   007FE6  0E08               	movlw	8
   224   007FE8  5C0B               	subwf	main@i^0,w,c
   225   007FEA  A0D8               	btfss	status,0,c
   226   007FEC  EFFA  F03F         	goto	u11
   227   007FF0  EFFC  F03F         	goto	u10
   228   007FF4                     u11:
   229   007FF4  EFD7  F03F         	goto	l772
   230   007FF8                     u10:
   231   007FF8  EFD3  F03F         	goto	l65
   232   007FFC  EF00  F000         	goto	start
   233   008000                     __end_of_main:
   234                           	callstack 0
   235                           
   236 ;; *************** function _SYSTEM_Initialize *****************
   237 ;; Defined at:
   238 ;;		line 50 in file "mcc_generated_files/mcc.c"
   239 ;; Parameters:    Size  Location     Type
   240 ;;		None
   241 ;; Auto vars:     Size  Location     Type
   242 ;;		None
   243 ;; Return value:  Size  Location     Type
   244 ;;                  1    wreg      void 
   245 ;; Registers used:
   246 ;;		wreg, status,2, cstack
   247 ;; Tracked objects:
   248 ;;		On entry : 0/0
   249 ;;		On exit  : 0/0
   250 ;;		Unchanged: 0/0
   251 ;; Data sizes:     COMRAM   BANK0   BANK1   BANK2   BANK3   BANK4   BANK5
   252 ;;      Params:         0       0       0       0       0       0       0
   253 ;;      Locals:         0       0       0       0       0       0       0
   254 ;;      Temps:          0       0       0       0       0       0       0
   255 ;;      Totals:         0       0       0       0       0       0       0
   256 ;;Total ram usage:        0 bytes
   257 ;; Hardware stack levels used: 1
   258 ;; Hardware stack levels required when called: 1
   259 ;; This function calls:
   260 ;;		_OSCILLATOR_Initialize
   261 ;;		_PIN_MANAGER_Initialize
   262 ;; This function is called by:
   263 ;;		_main
   264 ;; This function uses a non-reentrant model
   265 ;;
   266                           
   267                           	psect	text1
   268   007F3E                     __ptext1:
   269                           	callstack 0
   270   007F3E                     _SYSTEM_Initialize:
   271                           	callstack 29
   272   007F3E                     
   273                           ;mcc_generated_files/mcc.c: 53:     PIN_MANAGER_Initialize();
   274   007F3E  ECB7  F03F         	call	_PIN_MANAGER_Initialize	;wreg free
   275                           
   276                           ;mcc_generated_files/mcc.c: 54:     OSCILLATOR_Initialize();
   277   007F42  EC9A  F03F         	call	_OSCILLATOR_Initialize	;wreg free
   278   007F46  0012               	return		;funcret
   279   007F48                     __end_of_SYSTEM_Initialize:
   280                           	callstack 0
   281                           
   282 ;; *************** function _PIN_MANAGER_Initialize *****************
   283 ;; Defined at:
   284 ;;		line 55 in file "mcc_generated_files/pin_manager.c"
   285 ;; Parameters:    Size  Location     Type
   286 ;;		None
   287 ;; Auto vars:     Size  Location     Type
   288 ;;		None
   289 ;; Return value:  Size  Location     Type
   290 ;;                  1    wreg      void 
   291 ;; Registers used:
   292 ;;		wreg, status,2
   293 ;; Tracked objects:
   294 ;;		On entry : 0/0
   295 ;;		On exit  : 0/0
   296 ;;		Unchanged: 0/0
   297 ;; Data sizes:     COMRAM   BANK0   BANK1   BANK2   BANK3   BANK4   BANK5
   298 ;;      Params:         0       0       0       0       0       0       0
   299 ;;      Locals:         0       0       0       0       0       0       0
   300 ;;      Temps:          0       0       0       0       0       0       0
   301 ;;      Totals:         0       0       0       0       0       0       0
   302 ;;Total ram usage:        0 bytes
   303 ;; Hardware stack levels used: 1
   304 ;; This function calls:
   305 ;;		Nothing
   306 ;; This function is called by:
   307 ;;		_SYSTEM_Initialize
   308 ;; This function uses a non-reentrant model
   309 ;;
   310                           
   311                           	psect	text2
   312   007F6E                     __ptext2:
   313                           	callstack 0
   314   007F6E                     _PIN_MANAGER_Initialize:
   315                           	callstack 29
   316   007F6E                     
   317                           ;mcc_generated_files/pin_manager.c: 60:     LATE = 0x00;
   318   007F6E  0E00               	movlw	0
   319   007F70  6E8D               	movwf	141,c	;volatile
   320                           
   321                           ;mcc_generated_files/pin_manager.c: 61:     LATD = 0x00;
   322   007F72  0E00               	movlw	0
   323   007F74  6E8C               	movwf	140,c	;volatile
   324                           
   325                           ;mcc_generated_files/pin_manager.c: 62:     LATA = 0x00;
   326   007F76  0E00               	movlw	0
   327   007F78  6E89               	movwf	137,c	;volatile
   328                           
   329                           ;mcc_generated_files/pin_manager.c: 63:     LATB = 0x00;
   330   007F7A  0E00               	movlw	0
   331   007F7C  6E8A               	movwf	138,c	;volatile
   332                           
   333                           ;mcc_generated_files/pin_manager.c: 64:     LATC = 0x00;
   334   007F7E  0E00               	movlw	0
   335   007F80  6E8B               	movwf	139,c	;volatile
   336                           
   337                           ;mcc_generated_files/pin_manager.c: 69:     TRISE = 0x07;
   338   007F82  0E07               	movlw	7
   339   007F84  6E96               	movwf	150,c	;volatile
   340   007F86                     
   341                           ;mcc_generated_files/pin_manager.c: 70:     TRISA = 0xFF;
   342   007F86  6892               	setf	146,c	;volatile
   343                           
   344                           ;mcc_generated_files/pin_manager.c: 71:     TRISB = 0x00;
   345   007F88  0E00               	movlw	0
   346   007F8A  6E93               	movwf	147,c	;volatile
   347   007F8C                     
   348                           ;mcc_generated_files/pin_manager.c: 72:     TRISC = 0xFF;
   349   007F8C  6894               	setf	148,c	;volatile
   350   007F8E                     
   351                           ;mcc_generated_files/pin_manager.c: 73:     TRISD = 0xFF;
   352   007F8E  6895               	setf	149,c	;volatile
   353   007F90                     
   354                           ;mcc_generated_files/pin_manager.c: 78:     ANSEL = 0xFF;
   355   007F90  687E               	setf	126,c	;volatile
   356                           
   357                           ;mcc_generated_files/pin_manager.c: 79:     ANSELH = 0x00;
   358   007F92  0E00               	movlw	0
   359   007F94  6E7F               	movwf	127,c	;volatile
   360                           
   361                           ;mcc_generated_files/pin_manager.c: 84:     WPUB = 0x00;
   362   007F96  0E00               	movlw	0
   363   007F98  6E7C               	movwf	124,c	;volatile
   364   007F9A                     
   365                           ;mcc_generated_files/pin_manager.c: 85:     INTCON2bits.nRBPU = 1;
   366   007F9A  8EF1               	bsf	241,7,c	;volatile
   367   007F9C  0012               	return		;funcret
   368   007F9E                     __end_of_PIN_MANAGER_Initialize:
   369                           	callstack 0
   370                           
   371 ;; *************** function _OSCILLATOR_Initialize *****************
   372 ;; Defined at:
   373 ;;		line 57 in file "mcc_generated_files/mcc.c"
   374 ;; Parameters:    Size  Location     Type
   375 ;;		None
   376 ;; Auto vars:     Size  Location     Type
   377 ;;		None
   378 ;; Return value:  Size  Location     Type
   379 ;;                  1    wreg      void 
   380 ;; Registers used:
   381 ;;		wreg, status,2
   382 ;; Tracked objects:
   383 ;;		On entry : 0/0
   384 ;;		On exit  : 0/0
   385 ;;		Unchanged: 0/0
   386 ;; Data sizes:     COMRAM   BANK0   BANK1   BANK2   BANK3   BANK4   BANK5
   387 ;;      Params:         0       0       0       0       0       0       0
   388 ;;      Locals:         0       0       0       0       0       0       0
   389 ;;      Temps:          0       0       0       0       0       0       0
   390 ;;      Totals:         0       0       0       0       0       0       0
   391 ;;Total ram usage:        0 bytes
   392 ;; Hardware stack levels used: 1
   393 ;; This function calls:
   394 ;;		Nothing
   395 ;; This function is called by:
   396 ;;		_SYSTEM_Initialize
   397 ;; This function uses a non-reentrant model
   398 ;;
   399                           
   400                           	psect	text3
   401   007F34                     __ptext3:
   402                           	callstack 0
   403   007F34                     _OSCILLATOR_Initialize:
   404                           	callstack 29
   405   007F34                     
   406                           ;mcc_generated_files/mcc.c: 60:     OSCCON = 0x60;
   407   007F34  0E60               	movlw	96
   408   007F36  6ED3               	movwf	211,c	;volatile
   409                           
   410                           ;mcc_generated_files/mcc.c: 62:     OSCTUNE = 0x00;
   411   007F38  0E00               	movlw	0
   412   007F3A  6E9B               	movwf	155,c	;volatile
   413   007F3C  0012               	return		;funcret
   414   007F3E                     __end_of_OSCILLATOR_Initialize:
   415                           	callstack 0
   416                           
   417 ;; *************** function _PIN_MANAGER_IOC *****************
   418 ;; Defined at:
   419 ;;		line 96 in file "mcc_generated_files/pin_manager.c"
   420 ;; Parameters:    Size  Location     Type
   421 ;;		None
   422 ;; Auto vars:     Size  Location     Type
   423 ;;		None
   424 ;; Return value:  Size  Location     Type
   425 ;;                  1    wreg      void 
   426 ;; Registers used:
   427 ;;		None
   428 ;; Tracked objects:
   429 ;;		On entry : 0/0
   430 ;;		On exit  : 0/0
   431 ;;		Unchanged: 0/0
   432 ;; Data sizes:     COMRAM   BANK0   BANK1   BANK2   BANK3   BANK4   BANK5
   433 ;;      Params:         0       0       0       0       0       0       0
   434 ;;      Locals:         0       0       0       0       0       0       0
   435 ;;      Temps:          0       0       0       0       0       0       0
   436 ;;      Totals:         0       0       0       0       0       0       0
   437 ;;Total ram usage:        0 bytes
   438 ;; Hardware stack levels used: 1
   439 ;; This function calls:
   440 ;;		Nothing
   441 ;; This function is called by:
   442 ;;		_main
   443 ;; This function uses a non-reentrant model
   444 ;;
   445                           
   446                           	psect	text4
   447   007F28                     __ptext4:
   448                           	callstack 0
   449   007F28                     _PIN_MANAGER_IOC:
   450                           	callstack 30
   451   007F28                     
   452                           ;mcc_generated_files/pin_manager.c: 99:     INTCONbits.RBIF = 0;
   453   007F28  90F2               	bcf	242,0,c	;volatile
   454   007F2A  0012               	return		;funcret
   455   007F2C                     __end_of_PIN_MANAGER_IOC:
   456                           	callstack 0
   457   000000                     
   458                           	psect	rparam
   459   000000                     
   460                           	psect	idloc
   461                           
   462                           ;Config register IDLOC0 @ 0x200000
   463                           ;	unspecified, using default values
   464   200000                     	org	2097152
   465   200000  FF                 	db	255
   466                           
   467                           ;Config register IDLOC1 @ 0x200001
   468                           ;	unspecified, using default values
   469   200001                     	org	2097153
   470   200001  FF                 	db	255
   471                           
   472                           ;Config register IDLOC2 @ 0x200002
   473                           ;	unspecified, using default values
   474   200002                     	org	2097154
   475   200002  FF                 	db	255
   476                           
   477                           ;Config register IDLOC3 @ 0x200003
   478                           ;	unspecified, using default values
   479   200003                     	org	2097155
   480   200003  FF                 	db	255
   481                           
   482                           ;Config register IDLOC4 @ 0x200004
   483                           ;	unspecified, using default values
   484   200004                     	org	2097156
   485   200004  FF                 	db	255
   486                           
   487                           ;Config register IDLOC5 @ 0x200005
   488                           ;	unspecified, using default values
   489   200005                     	org	2097157
   490   200005  FF                 	db	255
   491                           
   492                           ;Config register IDLOC6 @ 0x200006
   493                           ;	unspecified, using default values
   494   200006                     	org	2097158
   495   200006  FF                 	db	255
   496                           
   497                           ;Config register IDLOC7 @ 0x200007
   498                           ;	unspecified, using default values
   499   200007                     	org	2097159
   500   200007  FF                 	db	255
   501                           
   502                           	psect	config
   503                           
   504                           ; Padding undefined space
   505   300000                     	org	3145728
   506   300000  FF                 	db	255
   507                           
   508                           ;Config register CONFIG1H @ 0x300001
   509                           ;	Oscillator Selection bits
   510                           ;	FOSC = HS, HS oscillator
   511                           ;	Fail-Safe Clock Monitor Enable bit
   512                           ;	FCMEN = OFF, Fail-Safe Clock Monitor disabled
   513                           ;	Internal/External Oscillator Switchover bit
   514                           ;	IESO = OFF, Oscillator Switchover mode disabled
   515   300001                     	org	3145729
   516   300001  02                 	db	2
   517                           
   518                           ;Config register CONFIG2L @ 0x300002
   519                           ;	Power-up Timer Enable bit
   520                           ;	PWRT = OFF, PWRT disabled
   521                           ;	Brown-out Reset Enable bits
   522                           ;	BOREN = SBORDIS, Brown-out Reset enabled in hardware only (SBOREN is disabled)
   523                           ;	Brown Out Reset Voltage bits
   524                           ;	BORV = 18, VBOR set to 1.8 V nominal
   525   300002                     	org	3145730
   526   300002  1F                 	db	31
   527                           
   528                           ;Config register CONFIG2H @ 0x300003
   529                           ;	Watchdog Timer Enable bit
   530                           ;	WDTEN = OFF, WDT is controlled by SWDTEN bit of the WDTCON register
   531                           ;	Watchdog Timer Postscale Select bits
   532                           ;	WDTPS = 32768, 1:32768
   533   300003                     	org	3145731
   534   300003  1E                 	db	30
   535                           
   536                           ; Padding undefined space
   537   300004                     	org	3145732
   538   300004  FF                 	db	255
   539                           
   540                           ;Config register CONFIG3H @ 0x300005
   541                           ;	CCP2 MUX bit
   542                           ;	CCP2MX = PORTC, CCP2 input/output is multiplexed with RC1
   543                           ;	PORTB A/D Enable bit
   544                           ;	PBADEN = ON, PORTB<4:0> pins are configured as analog input channels on Reset
   545                           ;	Low-Power Timer1 Oscillator Enable bit
   546                           ;	LPT1OSC = OFF, Timer1 configured for higher power operation
   547                           ;	HFINTOSC Fast Start-up
   548                           ;	HFOFST = ON, HFINTOSC starts clocking the CPU without waiting for the oscillator to st
      +                          ablize.
   549                           ;	MCLR Pin Enable bit
   550                           ;	MCLRE = ON, MCLR pin enabled; RE3 input pin disabled
   551   300005                     	org	3145733
   552   300005  8B                 	db	139
   553                           
   554                           ;Config register CONFIG4L @ 0x300006
   555                           ;	Stack Full/Underflow Reset Enable bit
   556                           ;	STVREN = ON, Stack full/underflow will cause Reset
   557                           ;	Single-Supply ICSP Enable bit
   558                           ;	LVP = OFF, Single-Supply ICSP disabled
   559                           ;	Extended Instruction Set Enable bit
   560                           ;	XINST = OFF, Instruction set extension and Indexed Addressing mode disabled (Legacy mo
      +                          de)
   561                           ;	Background Debugger Enable bit
   562                           ;	DEBUG = OFF, Background debugger disabled, RB6 and RB7 configured as general purpose I
      +                          /O pins
   563   300006                     	org	3145734
   564   300006  81                 	db	129
   565                           
   566                           ; Padding undefined space
   567   300007                     	org	3145735
   568   300007  FF                 	db	255
   569                           
   570                           ;Config register CONFIG5L @ 0x300008
   571                           ;	Code Protection Block 0
   572                           ;	CP0 = OFF, Block 0 (000800-001FFFh) not code-protected
   573                           ;	Code Protection Block 1
   574                           ;	CP1 = OFF, Block 1 (002000-003FFFh) not code-protected
   575                           ;	Code Protection Block 2
   576                           ;	CP2 = OFF, Block 2 (004000-005FFFh) not code-protected
   577                           ;	Code Protection Block 3
   578                           ;	CP3 = OFF, Block 3 (006000-007FFFh) not code-protected
   579   300008                     	org	3145736
   580   300008  0F                 	db	15
   581                           
   582                           ;Config register CONFIG5H @ 0x300009
   583                           ;	Boot Block Code Protection bit
   584                           ;	CPB = OFF, Boot block (000000-0007FFh) not code-protected
   585                           ;	Data EEPROM Code Protection bit
   586                           ;	CPD = OFF, Data EEPROM not code-protected
   587   300009                     	org	3145737
   588   300009  C0                 	db	192
   589                           
   590                           ;Config register CONFIG6L @ 0x30000A
   591                           ;	Write Protection Block 0
   592                           ;	WRT0 = OFF, Block 0 (000800-001FFFh) not write-protected
   593                           ;	Write Protection Block 1
   594                           ;	WRT1 = OFF, Block 1 (002000-003FFFh) not write-protected
   595                           ;	Write Protection Block 2
   596                           ;	WRT2 = OFF, Block 2 (004000-005FFFh) not write-protected
   597                           ;	Write Protection Block 3
   598                           ;	WRT3 = OFF, Block 3 (006000-007FFFh) not write-protected
   599   30000A                     	org	3145738
   600   30000A  0F                 	db	15
   601                           
   602                           ;Config register CONFIG6H @ 0x30000B
   603                           ;	Configuration Register Write Protection bit
   604                           ;	WRTC = OFF, Configuration registers (300000-3000FFh) not write-protected
   605                           ;	Boot Block Write Protection bit
   606                           ;	WRTB = OFF, Boot Block (000000-0007FFh) not write-protected
   607                           ;	Data EEPROM Write Protection bit
   608                           ;	WRTD = OFF, Data EEPROM not write-protected
   609   30000B                     	org	3145739
   610   30000B  E0                 	db	224
   611                           
   612                           ;Config register CONFIG7L @ 0x30000C
   613                           ;	Table Read Protection Block 0
   614                           ;	EBTR0 = OFF, Block 0 (000800-001FFFh) not protected from table reads executed in other
      +                           blocks
   615                           ;	Table Read Protection Block 1
   616                           ;	EBTR1 = OFF, Block 1 (002000-003FFFh) not protected from table reads executed in other
      +                           blocks
   617                           ;	Table Read Protection Block 2
   618                           ;	EBTR2 = OFF, Block 2 (004000-005FFFh) not protected from table reads executed in other
      +                           blocks
   619                           ;	Table Read Protection Block 3
   620                           ;	EBTR3 = OFF, Block 3 (006000-007FFFh) not protected from table reads executed in other
      +                           blocks
   621   30000C                     	org	3145740
   622   30000C  0F                 	db	15
   623                           
   624                           ;Config register CONFIG7H @ 0x30000D
   625                           ;	Boot Block Table Read Protection bit
   626                           ;	EBTRB = OFF, Boot Block (000000-0007FFh) not protected from table reads executed in ot
      +                          her blocks
   627   30000D                     	org	3145741
   628   30000D  40                 	db	64
   629                           tosu	equ	0xFFF
   630                           tosh	equ	0xFFE
   631                           tosl	equ	0xFFD
   632                           stkptr	equ	0xFFC
   633                           pclatu	equ	0xFFB
   634                           pclath	equ	0xFFA
   635                           pcl	equ	0xFF9
   636                           tblptru	equ	0xFF8
   637                           tblptrh	equ	0xFF7
   638                           tblptrl	equ	0xFF6
   639                           tablat	equ	0xFF5
   640                           prodh	equ	0xFF4
   641                           prodl	equ	0xFF3
   642                           indf0	equ	0xFEF
   643                           postinc0	equ	0xFEE
   644                           postdec0	equ	0xFED
   645                           preinc0	equ	0xFEC
   646                           plusw0	equ	0xFEB
   647                           fsr0h	equ	0xFEA
   648                           fsr0l	equ	0xFE9
   649                           wreg	equ	0xFE8
   650                           indf1	equ	0xFE7
   651                           postinc1	equ	0xFE6
   652                           postdec1	equ	0xFE5
   653                           preinc1	equ	0xFE4
   654                           plusw1	equ	0xFE3
   655                           fsr1h	equ	0xFE2
   656                           fsr1l	equ	0xFE1
   657                           bsr	equ	0xFE0
   658                           indf2	equ	0xFDF
   659                           postinc2	equ	0xFDE
   660                           postdec2	equ	0xFDD
   661                           preinc2	equ	0xFDC
   662                           plusw2	equ	0xFDB
   663                           fsr2h	equ	0xFDA
   664                           fsr2l	equ	0xFD9
   665                           status	equ	0xFD8

Data Sizes:
    Strings     0
    Constant    0
    Data        8
    BSS         0
    Persistent  0
    Stack       0

Auto Spaces:
    Space          Size  Autos    Used
    COMRAM           95      4      12
    BANK0           160      0       0
    BANK1           256      0       0
    BANK2           256      0       0
    BANK3           256      0       0
    BANK4           256      0       0
    BANK5           256      0       0

Pointer List with Targets:

    None.

Critical Paths under _main in COMRAM

    None.

Critical Paths under _main in BANK0

    None.

Critical Paths under _main in BANK1

    None.

Critical Paths under _main in BANK2

    None.

Critical Paths under _main in BANK3

    None.

Critical Paths under _main in BANK4

    None.

Critical Paths under _main in BANK5

    None.

Call Graph Tables:

 ---------------------------------------------------------------------------------
 (Depth) Function   	        Calls       Base Space   Used Autos Params    Refs
 ---------------------------------------------------------------------------------
 (0) _main                                                 4     4      0      45
                                              0 COMRAM     4     4      0
                    _PIN_MANAGER_IOC
                  _SYSTEM_Initialize
 ---------------------------------------------------------------------------------
 (1) _SYSTEM_Initialize                                    0     0      0       0
              _OSCILLATOR_Initialize
             _PIN_MANAGER_Initialize
 ---------------------------------------------------------------------------------
 (2) _PIN_MANAGER_Initialize                               0     0      0       0
 ---------------------------------------------------------------------------------
 (2) _OSCILLATOR_Initialize                                0     0      0       0
 ---------------------------------------------------------------------------------
 (1) _PIN_MANAGER_IOC                                      0     0      0       0
 ---------------------------------------------------------------------------------
 Estimated maximum stack depth 2
 ---------------------------------------------------------------------------------

 Call Graph Graphs:

 _main (ROOT)
   _PIN_MANAGER_IOC
   _SYSTEM_Initialize
     _OSCILLATOR_Initialize
     _PIN_MANAGER_Initialize

 Address spaces:
Name               Size   Autos  Total    Cost      Usage
BIGRAM             5FF      0       0      25        0.0%
EEDATA             100      0       0       0        0.0%
BITBANK5           100      0       0      14        0.0%
BANK5              100      0       0      15        0.0%
BITBANK4           100      0       0      12        0.0%
BANK4              100      0       0      13        0.0%
BITBANK3           100      0       0      10        0.0%
BANK3              100      0       0      11        0.0%
BITBANK2           100      0       0       8        0.0%
BANK2              100      0       0       9        0.0%
BITBANK1           100      0       0       6        0.0%
BANK1              100      0       0       7        0.0%
BITBANK0            A0      0       0       4        0.0%
BANK0               A0      0       0       5        0.0%
BITCOMRAM           5F      0       0       0        0.0%
COMRAM              5F      4       C       1       12.6%
BITBIGSFRlh         37      0       0      18        0.0%
BITBIGSFRhl         1D      0       0      17        0.0%
BITBIGSFRllllll     1C      0       0      23        0.0%
BITBIGSFRhh          D      0       0      16        0.0%
BITBIGSFRllllh       9      0       0      21        0.0%
BITBIGSFRllhh        4      0       0      19        0.0%
BITBIGSFRllhll       4      0       0      20        0.0%
BITBIGSFRlllllh      1      0       0      22        0.0%
BIGSFR               0      0       0     200        0.0%
BITSFR               0      0       0     200        0.0%
SFR                  0      0       0     200        0.0%
STACK                0      0       0       2        0.0%
NULL                 0      0       0       0        0.0%
ABS                  0      0       C      24        0.0%
DATA                 0      0       C       3        0.0%
CODE                 0      0       0       0        0.0%


Microchip Technology PIC18 Macro Assembler V2.41 build 20230208172133 
Symbol Table                                                                                   Sat Jul 08 14:16:05 2023

                            l11 7F46                              l14 7F3C                              l50 7F2A  
                            l47 7F9C                              l65 7FA6                              u10 7FF8  
                            u11 7FF4                              u27 7FC8                             l750 7F8C  
                           l752 7F8E                             l760 7F3E                             l762 7F28  
                           l754 7F90                             l746 7F6E                             l756 7F9A  
                           l748 7F86                             l772 7FAE                             l764 7F9E  
                           l758 7F34                             l774 7FBE                             l766 7FA2  
                           l776 7FD8                             l778 7FDC                             wreg 0FE8  
                          _LATA 0F89                            _LATB 0F8A                            _LATC 0F8B  
                          _LATD 0F8C                            _LATE 0F8D                            _WPUB 0F7C  
                          _main 7F9E                            indf2 0FDF                            fsr1l 0FE1  
                          fsr2l 0FD9                            start 0000                    ___param_bank 0000  
 __end_of_OSCILLATOR_Initialize 7F3E                           ?_main 0009                           _ANSEL 0F7E  
                         _TRISA 0F92                           _TRISB 0F93                           _TRISC 0F94  
                         _TRISD 0F95                           _TRISE 0F96         __end_of_PIN_MANAGER_IOC 7F2C  
                         main@i 000B                           tablat 0FF5                           status 0FD8  
               __initialization 7F48                    __end_of_main 8000                          ??_main 0009  
                 __activetblptr 0000                          _ANSELH 0F7F                          _OSCCON 0FD3  
  _Half_Step_Sequence_Clockwise 0001                          isa$std 0001                    __pdataCOMRAM 0001  
                        tblptrh 0FF7                          tblptrl 0FF6                          tblptru 0FF8  
              ?_PIN_MANAGER_IOC 0009               _SYSTEM_Initialize 7F3E                      __accesstop 0060  
       __end_of__initialization 7F68              ?_SYSTEM_Initialize 0009                   ___rparam_used 0001  
                __pcstackCOMRAM 0009             ??_SYSTEM_Initialize 0009       __end_of_SYSTEM_Initialize 7F48  
                       _OSCTUNE 0F9B                         __Hparam 0000                         __Lparam 0000  
                       __pcinit 7F48                         __ramtop 0600                         __ptext0 7F9E  
                       __ptext1 7F3E                         __ptext2 7F6E                         __ptext3 7F34  
                       __ptext4 7F28           _OSCILLATOR_Initialize 7F34        ??_PIN_MANAGER_Initialize 0009  
          end_of_initialization 7F68                         postdec1 0FE5                         postinc0 0FEE  
                 __pidataCOMRAM 7F2C          ?_OSCILLATOR_Initialize 0009             start_initialization 7F48  
        _PIN_MANAGER_Initialize 7F6E               ??_PIN_MANAGER_IOC 0009                     _INTCON2bits 0FF1  
                     copy_data0 7F5C                        __Hrparam 0000                        __Lrparam 0000  
       ??_OSCILLATOR_Initialize 0009                        isa$xinst 0000                      _INTCONbits 0FF2  
       ?_PIN_MANAGER_Initialize 0009  __end_of_PIN_MANAGER_Initialize 7F9E                 _PIN_MANAGER_IOC 7F28  
