

Microchip MPLAB XC8 Assembler V2.41 build 20230208172133 
                                                                                               Sun Aug 06 08:31:34 2023

Microchip MPLAB XC8 C Compiler v2.41 (Free license) build 20230208172133 Og1 
     1                           	processor	18F45K20
     2                           	fnconf	rparam,??,?,0
     3                           	pagewidth 120
     4                           	opt	flic
     5                           	psect	cinit,global,reloc=2,class=CODE,delta=1
     6                           	psect	cstackCOMRAM,global,class=COMRAM,space=1,delta=1,lowdata,noexec
     7                           	psect	text0,global,reloc=2,class=CODE,delta=1
     8                           	psect	text1,global,reloc=2,class=CODE,delta=1
     9                           	psect	text2,global,reloc=2,class=CODE,delta=1
    10                           	psect	text3,global,reloc=2,class=CODE,delta=1
    11                           	psect	intsave_regs,global,class=BIGRAM,space=1,delta=1,noexec
    12                           	psect	rparam,global,class=COMRAM,space=1,delta=1,noexec
    13                           	psect	idloc,global,abs,ovrld,class=IDLOC,space=5,delta=1,noexec
    14                           	psect	config,global,abs,ovrld,class=CONFIG,space=4,delta=1,noexec
    15   000000                     
    16                           ; Generated 06/04/2022 GMT
    17                           ; 
    18                           ; Copyright © 2022, Microchip Technology Inc. and its subsidiaries ("Microchip")
    19                           ; All rights reserved.
    20                           ; 
    21                           ; This software is developed by Microchip Technology Inc. and its subsidiaries ("Microch
      +                          ip").
    22                           ; 
    23                           ; Redistribution and use in source and binary forms, with or without modification, are
    24                           ; permitted provided that the following conditions are met:
    25                           ; 
    26                           ;     1. Redistributions of source code must retain the above copyright notice, this lis
      +                          t of
    27                           ;        conditions and the following disclaimer.
    28                           ; 
    29                           ;     2. Redistributions in binary form must reproduce the above copyright notice, this 
      +                          list
    30                           ;        of conditions and the following disclaimer in the documentation and/or other
    31                           ;        materials provided with the distribution. Publication is not required when
    32                           ;        this file is used in an embedded application.
    33                           ; 
    34                           ;     3. Microchip's name may not be used to endorse or promote products derived from th
      +                          is
    35                           ;        software without specific prior written permission.
    36                           ; 
    37                           ; THIS SOFTWARE IS PROVIDED BY MICROCHIP "AS IS" AND ANY EXPRESS OR IMPLIED WARRANTIES,
    38                           ; INCLUDING, BUT NOT LIMITED TO, THE IMPLIED WARRANTIES OF MERCHANTABILITY AND FITNESS F
      +                          OR
    39                           ; PURPOSE ARE DISCLAIMED.  IN NO EVENT SHALL MICROCHIP BE LIABLE FOR ANY DIRECT, INDIREC
      +                          T,
    40                           ; INCIDENTAL, SPECIAL, EXEMPLARY, OR CONSEQUENTIAL DAMAGES (INCLUDING BUT NOT LIMITED TO
    41                           ; PROCUREMENT OF SUBSTITUTE GOODS OR SERVICES; LOSS OF USE, DATA OR PROFITS; OR BUSINESS
    42                           ; INTERRUPTION) HOWSOEVER CAUSED AND ON ANY THEORY OF LIABILITY, WHETHER IN CONTRACT, ST
      +                          RICT
    43                           ; LIABILITY, OR TORT (INCLUDING NEGLIGENCE OR OTHERWISE) ARISING IN ANY WAY OUT OF THE U
      +                          SE OF
    44                           ; THIS SOFTWARE, EVEN IF ADVISED OF THE POSSIBILITY OF SUCH DAMAGE.
    45                           ; 
    46                           ; 
    47                           ; Code-generator required, PIC18F45K20 Definitions
    48                           ; 
    49                           ; SFR Addresses
    50   000000                     _TRISD	set	3989
    51   000000                     _TRISC	set	3988
    52   000000                     _TRISB	set	3987
    53   000000                     _LATC	set	3979
    54   000000                     _LATB	set	3978
    55   000000                     _WPUB	set	3964
    56   000000                     _ANSEL	set	3966
    57   000000                     _LATA	set	3977
    58   000000                     _LATD	set	3980
    59   000000                     _LATE	set	3981
    60   000000                     _OSCTUNE	set	3995
    61   000000                     _OSCCON	set	4051
    62   000000                     _INTCON2bits	set	4081
    63   000000                     _TRISA	set	3986
    64   000000                     _TRISE	set	3990
    65   000000                     _PORTBbits	set	3969
    66   000000                     _ANSELH	set	3967
    67   000000                     _INTCONbits	set	4082
    68                           
    69                           ; #config settings
    70                           
    71                           	psect	cinit
    72   007F72                     __pcinit:
    73                           	callstack 0
    74   007F72                     start_initialization:
    75                           	callstack 0
    76   007F72                     __initialization:
    77                           	callstack 0
    78   007F72                     end_of_initialization:
    79                           	callstack 0
    80   007F72                     __end_of__initialization:
    81                           	callstack 0
    82   007F72  0100               	movlb	0
    83   007F74  EFDE  F03F         	goto	_main	;jump to C main() function
    84                           
    85                           	psect	cstackCOMRAM
    86   000001                     __pcstackCOMRAM:
    87                           	callstack 0
    88   000001                     ??_main:
    89                           
    90                           ; 1 bytes @ 0x0
    91   000001                     	ds	2
    92                           
    93 ;;
    94 ;;Main: autosize = 0, tempsize = 2, incstack = 0, save=0
    95 ;;
    96 ;; *************** function _main *****************
    97 ;; Defined at:
    98 ;;		line 14 in file "main.c"
    99 ;; Parameters:    Size  Location     Type
   100 ;;		None
   101 ;; Auto vars:     Size  Location     Type
   102 ;;		None
   103 ;; Return value:  Size  Location     Type
   104 ;;                  1    wreg      void 
   105 ;; Registers used:
   106 ;;		wreg, status,2, status,0, cstack
   107 ;; Tracked objects:
   108 ;;		On entry : 0/0
   109 ;;		On exit  : 0/0
   110 ;;		Unchanged: 0/0
   111 ;; Data sizes:     COMRAM   BANK0   BANK1   BANK2   BANK3   BANK4   BANK5
   112 ;;      Params:         0       0       0       0       0       0       0
   113 ;;      Locals:         0       0       0       0       0       0       0
   114 ;;      Temps:          2       0       0       0       0       0       0
   115 ;;      Totals:         2       0       0       0       0       0       0
   116 ;;Total ram usage:        2 bytes
   117 ;; Hardware stack levels required when called: 2
   118 ;; This function calls:
   119 ;;		_SYSTEM_Initialize
   120 ;; This function is called by:
   121 ;;		Startup code after reset
   122 ;; This function uses a non-reentrant model
   123 ;;
   124                           
   125                           	psect	text0
   126   007FBC                     __ptext0:
   127                           	callstack 0
   128   007FBC                     _main:
   129                           	callstack 29
   130   007FBC                     
   131                           ;main.c: 17:     SYSTEM_Initialize();
   132   007FBC  ECC1  F03F         	call	_SYSTEM_Initialize	;wreg free
   133   007FC0                     l766:
   134                           
   135                           ;main.c: 20:     {;main.c: 22:     if(PORTBbits.RB0 == 0){
   136   007FC0  B081               	btfsc	129,0,c	;volatile
   137   007FC2  EFE5  F03F         	goto	u11
   138   007FC6  EFE7  F03F         	goto	u10
   139   007FCA                     u11:
   140   007FCA  EFE0  F03F         	goto	l766
   141   007FCE                     u10:
   142   007FCE                     
   143                           ;main.c: 23:         _delay((unsigned long)((500)*(20000000/4000.0)));
   144   007FCE  0E0D               	movlw	13
   145   007FD0  6E02               	movwf	(??_main+1)^0,c
   146   007FD2  0EAF               	movlw	175
   147   007FD4  6E01               	movwf	??_main^0,c
   148   007FD6  0EB6               	movlw	182
   149   007FD8                     u37:
   150   007FD8  2EE8               	decfsz	wreg,f,c
   151   007FDA  D7FE               	bra	u37
   152   007FDC  2E01               	decfsz	??_main^0,f,c
   153   007FDE  D7FC               	bra	u37
   154   007FE0  2E02               	decfsz	(??_main+1)^0,f,c
   155   007FE2  D7FA               	bra	u37
   156   007FE4  F000 F000          	nop2	
   157   007FE8                     l65:
   158   007FE8  A081               	btfss	129,0,c	;volatile
   159   007FEA  EFF9  F03F         	goto	u21
   160   007FEE  EFFB  F03F         	goto	u20
   161   007FF2                     u21:
   162   007FF2  EFF4  F03F         	goto	l65
   163   007FF6                     u20:
   164   007FF6                     
   165                           ;main.c: 25:         LATC++;
   166   007FF6  2A8B               	incf	139,f,c	;volatile
   167   007FF8  EFE0  F03F         	goto	l766
   168   007FFC  EF00  F000         	goto	start
   169   008000                     __end_of_main:
   170                           	callstack 0
   171                           
   172 ;; *************** function _SYSTEM_Initialize *****************
   173 ;; Defined at:
   174 ;;		line 50 in file "mcc_generated_files/mcc.c"
   175 ;; Parameters:    Size  Location     Type
   176 ;;		None
   177 ;; Auto vars:     Size  Location     Type
   178 ;;		None
   179 ;; Return value:  Size  Location     Type
   180 ;;                  1    wreg      void 
   181 ;; Registers used:
   182 ;;		wreg, status,2, cstack
   183 ;; Tracked objects:
   184 ;;		On entry : 0/0
   185 ;;		On exit  : 0/0
   186 ;;		Unchanged: 0/0
   187 ;; Data sizes:     COMRAM   BANK0   BANK1   BANK2   BANK3   BANK4   BANK5
   188 ;;      Params:         0       0       0       0       0       0       0
   189 ;;      Locals:         0       0       0       0       0       0       0
   190 ;;      Temps:          0       0       0       0       0       0       0
   191 ;;      Totals:         0       0       0       0       0       0       0
   192 ;;Total ram usage:        0 bytes
   193 ;; Hardware stack levels used: 1
   194 ;; Hardware stack levels required when called: 1
   195 ;; This function calls:
   196 ;;		_OSCILLATOR_Initialize
   197 ;;		_PIN_MANAGER_Initialize
   198 ;; This function is called by:
   199 ;;		_main
   200 ;; This function uses a non-reentrant model
   201 ;;
   202                           
   203                           	psect	text1
   204   007F82                     __ptext1:
   205                           	callstack 0
   206   007F82                     _SYSTEM_Initialize:
   207                           	callstack 29
   208   007F82                     
   209                           ;mcc_generated_files/mcc.c: 53:     PIN_MANAGER_Initialize();
   210   007F82  ECC6  F03F         	call	_PIN_MANAGER_Initialize	;wreg free
   211                           
   212                           ;mcc_generated_files/mcc.c: 54:     OSCILLATOR_Initialize();
   213   007F86  ECBC  F03F         	call	_OSCILLATOR_Initialize	;wreg free
   214   007F8A  0012               	return		;funcret
   215   007F8C                     __end_of_SYSTEM_Initialize:
   216                           	callstack 0
   217                           
   218 ;; *************** function _PIN_MANAGER_Initialize *****************
   219 ;; Defined at:
   220 ;;		line 55 in file "mcc_generated_files/pin_manager.c"
   221 ;; Parameters:    Size  Location     Type
   222 ;;		None
   223 ;; Auto vars:     Size  Location     Type
   224 ;;		None
   225 ;; Return value:  Size  Location     Type
   226 ;;                  1    wreg      void 
   227 ;; Registers used:
   228 ;;		wreg, status,2
   229 ;; Tracked objects:
   230 ;;		On entry : 0/0
   231 ;;		On exit  : 0/0
   232 ;;		Unchanged: 0/0
   233 ;; Data sizes:     COMRAM   BANK0   BANK1   BANK2   BANK3   BANK4   BANK5
   234 ;;      Params:         0       0       0       0       0       0       0
   235 ;;      Locals:         0       0       0       0       0       0       0
   236 ;;      Temps:          0       0       0       0       0       0       0
   237 ;;      Totals:         0       0       0       0       0       0       0
   238 ;;Total ram usage:        0 bytes
   239 ;; Hardware stack levels used: 1
   240 ;; This function calls:
   241 ;;		Nothing
   242 ;; This function is called by:
   243 ;;		_SYSTEM_Initialize
   244 ;; This function uses a non-reentrant model
   245 ;;
   246                           
   247                           	psect	text2
   248   007F8C                     __ptext2:
   249                           	callstack 0
   250   007F8C                     _PIN_MANAGER_Initialize:
   251                           	callstack 29
   252   007F8C                     
   253                           ;mcc_generated_files/pin_manager.c: 60:     LATE = 0x00;
   254   007F8C  0E00               	movlw	0
   255   007F8E  6E8D               	movwf	141,c	;volatile
   256                           
   257                           ;mcc_generated_files/pin_manager.c: 61:     LATD = 0x00;
   258   007F90  0E00               	movlw	0
   259   007F92  6E8C               	movwf	140,c	;volatile
   260                           
   261                           ;mcc_generated_files/pin_manager.c: 62:     LATA = 0x00;
   262   007F94  0E00               	movlw	0
   263   007F96  6E89               	movwf	137,c	;volatile
   264                           
   265                           ;mcc_generated_files/pin_manager.c: 63:     LATB = 0x00;
   266   007F98  0E00               	movlw	0
   267   007F9A  6E8A               	movwf	138,c	;volatile
   268                           
   269                           ;mcc_generated_files/pin_manager.c: 64:     LATC = 0x00;
   270   007F9C  0E00               	movlw	0
   271   007F9E  6E8B               	movwf	139,c	;volatile
   272                           
   273                           ;mcc_generated_files/pin_manager.c: 69:     TRISE = 0x07;
   274   007FA0  0E07               	movlw	7
   275   007FA2  6E96               	movwf	150,c	;volatile
   276   007FA4                     
   277                           ;mcc_generated_files/pin_manager.c: 70:     TRISA = 0xFF;
   278   007FA4  6892               	setf	146,c	;volatile
   279   007FA6                     
   280                           ;mcc_generated_files/pin_manager.c: 71:     TRISB = 0xFF;
   281   007FA6  6893               	setf	147,c	;volatile
   282                           
   283                           ;mcc_generated_files/pin_manager.c: 72:     TRISC = 0xF8;
   284   007FA8  0EF8               	movlw	248
   285   007FAA  6E94               	movwf	148,c	;volatile
   286   007FAC                     
   287                           ;mcc_generated_files/pin_manager.c: 73:     TRISD = 0xFF;
   288   007FAC  6895               	setf	149,c	;volatile
   289   007FAE                     
   290                           ;mcc_generated_files/pin_manager.c: 78:     ANSEL = 0xFF;
   291   007FAE  687E               	setf	126,c	;volatile
   292                           
   293                           ;mcc_generated_files/pin_manager.c: 79:     ANSELH = 0x0F;
   294   007FB0  0E0F               	movlw	15
   295   007FB2  6E7F               	movwf	127,c	;volatile
   296                           
   297                           ;mcc_generated_files/pin_manager.c: 84:     WPUB = 0x00;
   298   007FB4  0E00               	movlw	0
   299   007FB6  6E7C               	movwf	124,c	;volatile
   300   007FB8                     
   301                           ;mcc_generated_files/pin_manager.c: 85:     INTCON2bits.nRBPU = 1;
   302   007FB8  8EF1               	bsf	241,7,c	;volatile
   303   007FBA  0012               	return		;funcret
   304   007FBC                     __end_of_PIN_MANAGER_Initialize:
   305                           	callstack 0
   306                           
   307 ;; *************** function _OSCILLATOR_Initialize *****************
   308 ;; Defined at:
   309 ;;		line 57 in file "mcc_generated_files/mcc.c"
   310 ;; Parameters:    Size  Location     Type
   311 ;;		None
   312 ;; Auto vars:     Size  Location     Type
   313 ;;		None
   314 ;; Return value:  Size  Location     Type
   315 ;;                  1    wreg      void 
   316 ;; Registers used:
   317 ;;		wreg, status,2
   318 ;; Tracked objects:
   319 ;;		On entry : 0/0
   320 ;;		On exit  : 0/0
   321 ;;		Unchanged: 0/0
   322 ;; Data sizes:     COMRAM   BANK0   BANK1   BANK2   BANK3   BANK4   BANK5
   323 ;;      Params:         0       0       0       0       0       0       0
   324 ;;      Locals:         0       0       0       0       0       0       0
   325 ;;      Temps:          0       0       0       0       0       0       0
   326 ;;      Totals:         0       0       0       0       0       0       0
   327 ;;Total ram usage:        0 bytes
   328 ;; Hardware stack levels used: 1
   329 ;; This function calls:
   330 ;;		Nothing
   331 ;; This function is called by:
   332 ;;		_SYSTEM_Initialize
   333 ;; This function uses a non-reentrant model
   334 ;;
   335                           
   336                           	psect	text3
   337   007F78                     __ptext3:
   338                           	callstack 0
   339   007F78                     _OSCILLATOR_Initialize:
   340                           	callstack 29
   341   007F78                     
   342                           ;mcc_generated_files/mcc.c: 60:     OSCCON = 0x30;
   343   007F78  0E30               	movlw	48
   344   007F7A  6ED3               	movwf	211,c	;volatile
   345                           
   346                           ;mcc_generated_files/mcc.c: 62:     OSCTUNE = 0x00;
   347   007F7C  0E00               	movlw	0
   348   007F7E  6E9B               	movwf	155,c	;volatile
   349   007F80  0012               	return		;funcret
   350   007F82                     __end_of_OSCILLATOR_Initialize:
   351                           	callstack 0
   352   000000                     
   353                           	psect	rparam
   354   000000                     
   355                           	psect	idloc
   356                           
   357                           ;Config register IDLOC0 @ 0x200000
   358                           ;	unspecified, using default values
   359   200000                     	org	2097152
   360   200000  FF                 	db	255
   361                           
   362                           ;Config register IDLOC1 @ 0x200001
   363                           ;	unspecified, using default values
   364   200001                     	org	2097153
   365   200001  FF                 	db	255
   366                           
   367                           ;Config register IDLOC2 @ 0x200002
   368                           ;	unspecified, using default values
   369   200002                     	org	2097154
   370   200002  FF                 	db	255
   371                           
   372                           ;Config register IDLOC3 @ 0x200003
   373                           ;	unspecified, using default values
   374   200003                     	org	2097155
   375   200003  FF                 	db	255
   376                           
   377                           ;Config register IDLOC4 @ 0x200004
   378                           ;	unspecified, using default values
   379   200004                     	org	2097156
   380   200004  FF                 	db	255
   381                           
   382                           ;Config register IDLOC5 @ 0x200005
   383                           ;	unspecified, using default values
   384   200005                     	org	2097157
   385   200005  FF                 	db	255
   386                           
   387                           ;Config register IDLOC6 @ 0x200006
   388                           ;	unspecified, using default values
   389   200006                     	org	2097158
   390   200006  FF                 	db	255
   391                           
   392                           ;Config register IDLOC7 @ 0x200007
   393                           ;	unspecified, using default values
   394   200007                     	org	2097159
   395   200007  FF                 	db	255
   396                           
   397                           	psect	config
   398                           
   399                           ; Padding undefined space
   400   300000                     	org	3145728
   401   300000  FF                 	db	255
   402                           
   403                           ;Config register CONFIG1H @ 0x300001
   404                           ;	Oscillator Selection bits
   405                           ;	FOSC = HS, HS oscillator
   406                           ;	Fail-Safe Clock Monitor Enable bit
   407                           ;	FCMEN = OFF, Fail-Safe Clock Monitor disabled
   408                           ;	Internal/External Oscillator Switchover bit
   409                           ;	IESO = OFF, Oscillator Switchover mode disabled
   410   300001                     	org	3145729
   411   300001  02                 	db	2
   412                           
   413                           ;Config register CONFIG2L @ 0x300002
   414                           ;	Power-up Timer Enable bit
   415                           ;	PWRT = OFF, PWRT disabled
   416                           ;	Brown-out Reset Enable bits
   417                           ;	BOREN = SBORDIS, Brown-out Reset enabled in hardware only (SBOREN is disabled)
   418                           ;	Brown Out Reset Voltage bits
   419                           ;	BORV = 18, VBOR set to 1.8 V nominal
   420   300002                     	org	3145730
   421   300002  1F                 	db	31
   422                           
   423                           ;Config register CONFIG2H @ 0x300003
   424                           ;	Watchdog Timer Enable bit
   425                           ;	WDTEN = OFF, WDT is controlled by SWDTEN bit of the WDTCON register
   426                           ;	Watchdog Timer Postscale Select bits
   427                           ;	WDTPS = 32768, 1:32768
   428   300003                     	org	3145731
   429   300003  1E                 	db	30
   430                           
   431                           ; Padding undefined space
   432   300004                     	org	3145732
   433   300004  FF                 	db	255
   434                           
   435                           ;Config register CONFIG3H @ 0x300005
   436                           ;	CCP2 MUX bit
   437                           ;	CCP2MX = PORTC, CCP2 input/output is multiplexed with RC1
   438                           ;	PORTB A/D Enable bit
   439                           ;	PBADEN = ON, PORTB<4:0> pins are configured as analog input channels on Reset
   440                           ;	Low-Power Timer1 Oscillator Enable bit
   441                           ;	LPT1OSC = OFF, Timer1 configured for higher power operation
   442                           ;	HFINTOSC Fast Start-up
   443                           ;	HFOFST = ON, HFINTOSC starts clocking the CPU without waiting for the oscillator to st
      +                          ablize.
   444                           ;	MCLR Pin Enable bit
   445                           ;	MCLRE = ON, MCLR pin enabled; RE3 input pin disabled
   446   300005                     	org	3145733
   447   300005  8B                 	db	139
   448                           
   449                           ;Config register CONFIG4L @ 0x300006
   450                           ;	Stack Full/Underflow Reset Enable bit
   451                           ;	STVREN = ON, Stack full/underflow will cause Reset
   452                           ;	Single-Supply ICSP Enable bit
   453                           ;	LVP = OFF, Single-Supply ICSP disabled
   454                           ;	Extended Instruction Set Enable bit
   455                           ;	XINST = OFF, Instruction set extension and Indexed Addressing mode disabled (Legacy mo
      +                          de)
   456                           ;	Background Debugger Enable bit
   457                           ;	DEBUG = OFF, Background debugger disabled, RB6 and RB7 configured as general purpose I
      +                          /O pins
   458   300006                     	org	3145734
   459   300006  81                 	db	129
   460                           
   461                           ; Padding undefined space
   462   300007                     	org	3145735
   463   300007  FF                 	db	255
   464                           
   465                           ;Config register CONFIG5L @ 0x300008
   466                           ;	Code Protection Block 0
   467                           ;	CP0 = OFF, Block 0 (000800-001FFFh) not code-protected
   468                           ;	Code Protection Block 1
   469                           ;	CP1 = OFF, Block 1 (002000-003FFFh) not code-protected
   470                           ;	Code Protection Block 2
   471                           ;	CP2 = OFF, Block 2 (004000-005FFFh) not code-protected
   472                           ;	Code Protection Block 3
   473                           ;	CP3 = OFF, Block 3 (006000-007FFFh) not code-protected
   474   300008                     	org	3145736
   475   300008  0F                 	db	15
   476                           
   477                           ;Config register CONFIG5H @ 0x300009
   478                           ;	Boot Block Code Protection bit
   479                           ;	CPB = OFF, Boot block (000000-0007FFh) not code-protected
   480                           ;	Data EEPROM Code Protection bit
   481                           ;	CPD = OFF, Data EEPROM not code-protected
   482   300009                     	org	3145737
   483   300009  C0                 	db	192
   484                           
   485                           ;Config register CONFIG6L @ 0x30000A
   486                           ;	Write Protection Block 0
   487                           ;	WRT0 = OFF, Block 0 (000800-001FFFh) not write-protected
   488                           ;	Write Protection Block 1
   489                           ;	WRT1 = OFF, Block 1 (002000-003FFFh) not write-protected
   490                           ;	Write Protection Block 2
   491                           ;	WRT2 = OFF, Block 2 (004000-005FFFh) not write-protected
   492                           ;	Write Protection Block 3
   493                           ;	WRT3 = OFF, Block 3 (006000-007FFFh) not write-protected
   494   30000A                     	org	3145738
   495   30000A  0F                 	db	15
   496                           
   497                           ;Config register CONFIG6H @ 0x30000B
   498                           ;	Configuration Register Write Protection bit
   499                           ;	WRTC = OFF, Configuration registers (300000-3000FFh) not write-protected
   500                           ;	Boot Block Write Protection bit
   501                           ;	WRTB = OFF, Boot Block (000000-0007FFh) not write-protected
   502                           ;	Data EEPROM Write Protection bit
   503                           ;	WRTD = OFF, Data EEPROM not write-protected
   504   30000B                     	org	3145739
   505   30000B  E0                 	db	224
   506                           
   507                           ;Config register CONFIG7L @ 0x30000C
   508                           ;	Table Read Protection Block 0
   509                           ;	EBTR0 = OFF, Block 0 (000800-001FFFh) not protected from table reads executed in other
      +                           blocks
   510                           ;	Table Read Protection Block 1
   511                           ;	EBTR1 = OFF, Block 1 (002000-003FFFh) not protected from table reads executed in other
      +                           blocks
   512                           ;	Table Read Protection Block 2
   513                           ;	EBTR2 = OFF, Block 2 (004000-005FFFh) not protected from table reads executed in other
      +                           blocks
   514                           ;	Table Read Protection Block 3
   515                           ;	EBTR3 = OFF, Block 3 (006000-007FFFh) not protected from table reads executed in other
      +                           blocks
   516   30000C                     	org	3145740
   517   30000C  0F                 	db	15
   518                           
   519                           ;Config register CONFIG7H @ 0x30000D
   520                           ;	Boot Block Table Read Protection bit
   521                           ;	EBTRB = OFF, Boot Block (000000-0007FFh) not protected from table reads executed in ot
      +                          her blocks
   522   30000D                     	org	3145741
   523   30000D  40                 	db	64
   524                           tosu	equ	0xFFF
   525                           tosh	equ	0xFFE
   526                           tosl	equ	0xFFD
   527                           stkptr	equ	0xFFC
   528                           pclatu	equ	0xFFB
   529                           pclath	equ	0xFFA
   530                           pcl	equ	0xFF9
   531                           tblptru	equ	0xFF8
   532                           tblptrh	equ	0xFF7
   533                           tblptrl	equ	0xFF6
   534                           tablat	equ	0xFF5
   535                           prodh	equ	0xFF4
   536                           prodl	equ	0xFF3
   537                           indf0	equ	0xFEF
   538                           postinc0	equ	0xFEE
   539                           postdec0	equ	0xFED
   540                           preinc0	equ	0xFEC
   541                           plusw0	equ	0xFEB
   542                           fsr0h	equ	0xFEA
   543                           fsr0l	equ	0xFE9
   544                           wreg	equ	0xFE8
   545                           indf1	equ	0xFE7
   546                           postinc1	equ	0xFE6
   547                           postdec1	equ	0xFE5
   548                           preinc1	equ	0xFE4
   549                           plusw1	equ	0xFE3
   550                           fsr1h	equ	0xFE2
   551                           fsr1l	equ	0xFE1
   552                           bsr	equ	0xFE0
   553                           indf2	equ	0xFDF
   554                           postinc2	equ	0xFDE
   555                           postdec2	equ	0xFDD
   556                           preinc2	equ	0xFDC
   557                           plusw2	equ	0xFDB
   558                           fsr2h	equ	0xFDA
   559                           fsr2l	equ	0xFD9
   560                           status	equ	0xFD8

Data Sizes:
    Strings     0
    Constant    0
    Data        0
    BSS         0
    Persistent  0
    Stack       0

Auto Spaces:
    Space          Size  Autos    Used
    COMRAM           95      2       2
    BANK0           160      0       0
    BANK1           256      0       0
    BANK2           256      0       0
    BANK3           256      0       0
    BANK4           256      0       0
    BANK5           256      0       0

Pointer List with Targets:

    None.

Critical Paths under _main in COMRAM

    None.

Critical Paths under _main in BANK0

    None.

Critical Paths under _main in BANK1

    None.

Critical Paths under _main in BANK2

    None.

Critical Paths under _main in BANK3

    None.

Critical Paths under _main in BANK4

    None.

Critical Paths under _main in BANK5

    None.

Call Graph Tables:

 ---------------------------------------------------------------------------------
 (Depth) Function   	        Calls       Base Space   Used Autos Params    Refs
 ---------------------------------------------------------------------------------
 (0) _main                                                 2     2      0       0
                                              0 COMRAM     2     2      0
                  _SYSTEM_Initialize
 ---------------------------------------------------------------------------------
 (1) _SYSTEM_Initialize                                    0     0      0       0
              _OSCILLATOR_Initialize
             _PIN_MANAGER_Initialize
 ---------------------------------------------------------------------------------
 (2) _PIN_MANAGER_Initialize                               0     0      0       0
 ---------------------------------------------------------------------------------
 (2) _OSCILLATOR_Initialize                                0     0      0       0
 ---------------------------------------------------------------------------------
 Estimated maximum stack depth 2
 ---------------------------------------------------------------------------------

 Call Graph Graphs:

 _main (ROOT)
   _SYSTEM_Initialize
     _OSCILLATOR_Initialize
     _PIN_MANAGER_Initialize

 Address spaces:
Name               Size   Autos  Total    Cost      Usage
BITCOMRAM           5F      0       0       0        0.0%
EEDATA             100      0       0       0        0.0%
NULL                 0      0       0       0        0.0%
CODE                 0      0       0       0        0.0%
COMRAM              5F      2       2       1        2.1%
STACK                0      0       0       2        0.0%
DATA                 0      0       0       3        0.0%
BITBANK0            A0      0       0       4        0.0%
BANK0               A0      0       0       5        0.0%
BITBANK1           100      0       0       6        0.0%
BANK1              100      0       0       7        0.0%
BITBANK2           100      0       0       8        0.0%
BANK2              100      0       0       9        0.0%
BITBANK3           100      0       0      10        0.0%
BANK3              100      0       0      11        0.0%
BITBANK4           100      0       0      12        0.0%
BANK4              100      0       0      13        0.0%
BITBANK5           100      0       0      14        0.0%
BANK5              100      0       0      15        0.0%
BITBIGSFRhh          D      0       0      16        0.0%
BITBIGSFRhl         1D      0       0      17        0.0%
BITBIGSFRlh         37      0       0      18        0.0%
BITBIGSFRllhh        4      0       0      19        0.0%
BITBIGSFRllhll       4      0       0      20        0.0%
BITBIGSFRllllhh      7      0       0      21        0.0%
BITBIGSFRllllhl      1      0       0      22        0.0%
BITBIGSFRlllllh      1      0       0      23        0.0%
BITBIGSFRllllll     1C      0       0      24        0.0%
ABS                  0      0       0      25        0.0%
BIGRAM             5FF      0       0      26        0.0%
BIGSFR               0      0       0     200        0.0%
BITSFR               0      0       0     200        0.0%
SFR                  0      0       0     200        0.0%


Microchip Technology PIC18 Macro Assembler V2.41 build 20230208172133 
Symbol Table                                                                                   Sun Aug 06 08:31:34 2023

                            l11 7F8A                              l14 7F80                              l47 7FBA  
                            l65 7FE8                              u10 7FCE                              u11 7FCA  
                            u20 7FF6                              u21 7FF2                              u37 7FD8  
                           l750 7FA6                             l752 7FAC                             l760 7F82  
                           l754 7FAE                             l746 7F8C                             l770 7FF6  
                           l756 7FB8                             l748 7FA4                             l764 7FBC  
                           l758 7F78                             l766 7FC0                             l768 7FCE  
                           wreg 0FE8                            _LATA 0F89                            _LATB 0F8A  
                          _LATC 0F8B                            _LATD 0F8C                            _LATE 0F8D  
                          _WPUB 0F7C                            _main 7FBC                            start 0000  
                  ___param_bank 0000   __end_of_OSCILLATOR_Initialize 7F82                           ?_main 0001  
                         _ANSEL 0F7E                           _TRISA 0F92                           _TRISB 0F93  
                         _TRISC 0F94                           _TRISD 0F95                           _TRISE 0F96  
               __initialization 7F72                    __end_of_main 8000                          ??_main 0001  
                 __activetblptr 0000                          _ANSELH 0F7F                          _OSCCON 0FD3  
                        isa$std 0001               _SYSTEM_Initialize 7F82                      __accesstop 0060  
       __end_of__initialization 7F72              ?_SYSTEM_Initialize 0001                   ___rparam_used 0001  
                __pcstackCOMRAM 0001             ??_SYSTEM_Initialize 0001       __end_of_SYSTEM_Initialize 7F8C  
                       _OSCTUNE 0F9B                         __Hparam 0000                         __Lparam 0000  
                       __pcinit 7F72                         __ramtop 0600                         __ptext0 7FBC  
                       __ptext1 7F82                         __ptext2 7F8C                         __ptext3 7F78  
         _OSCILLATOR_Initialize 7F78        ??_PIN_MANAGER_Initialize 0001            end_of_initialization 7F72  
                     _PORTBbits 0F81          ?_OSCILLATOR_Initialize 0001             start_initialization 7F72  
        _PIN_MANAGER_Initialize 7F8C                     _INTCON2bits 0FF1                        __Hrparam 0000  
                      __Lrparam 0000         ??_OSCILLATOR_Initialize 0001                        isa$xinst 0000  
                    _INTCONbits 0FF2         ?_PIN_MANAGER_Initialize 0001  __end_of_PIN_MANAGER_Initialize 7FBC  
