

Microchip MPLAB XC8 Assembler V2.36 build 20220127204148 
                                                                                               Thu Dec 22 22:06:47 2022

Microchip MPLAB XC8 C Compiler v2.36 (Free license) build 20220127204148 Og1 
     1                           	processor	18F45K20
     2                           	fnconf	rparam,??,?,0
     3                           	pagewidth 120
     4                           	opt	flic
     5                           	psect	idataCOMRAM,global,class=CODE,delta=1,noexec
     6                           	psect	nvCOMRAM,global,class=COMRAM,space=1,delta=1,lowdata,noexec
     7                           	psect	cinit,global,reloc=2,class=CODE,delta=1
     8                           	psect	bssCOMRAM,global,class=COMRAM,space=1,delta=1,lowdata,noexec
     9                           	psect	dataCOMRAM,global,class=COMRAM,space=1,delta=1,lowdata,noexec
    10                           	psect	cstackCOMRAM,global,class=COMRAM,space=1,delta=1,lowdata,noexec
    11                           	psect	text0,global,reloc=2,class=CODE,delta=1
    12                           	psect	text1,global,reloc=2,class=CODE,delta=1
    13                           	psect	text2,global,reloc=2,class=CODE,delta=1
    14                           	psect	text3,global,reloc=2,class=CODE,delta=1
    15                           	psect	text4,global,reloc=2,class=CODE,delta=1
    16                           	psect	text5,global,reloc=2,class=CODE,delta=1
    17                           	psect	text6,global,reloc=2,class=CODE,delta=1
    18                           	psect	text7,global,reloc=2,class=CODE,delta=1
    19                           	psect	text8,global,reloc=2,class=CODE,delta=1
    20                           	psect	text9,global,reloc=2,class=CODE,delta=1
    21                           	psect	text10,global,reloc=2,class=CODE,delta=1
    22                           	psect	text11,global,reloc=2,class=CODE,delta=1
    23                           	psect	intsave_regs,global,class=BIGRAM,space=1,delta=1,noexec
    24                           	psect	rparam,global,class=COMRAM,space=1,delta=1,noexec
    25                           	psect	idloc,global,abs,ovrld,class=IDLOC,space=5,delta=1,noexec
    26                           	psect	config,global,abs,ovrld,class=CONFIG,space=4,delta=1,noexec
    27  0000                     
    28                           ; Version 2.36
    29                           ; Generated 28/01/2022 GMT
    30                           ; 
    31                           ; Copyright © 2022, Microchip Technology Inc. and its subsidiaries ("Microchip")
    32                           ; All rights reserved.
    33                           ; 
    34                           ; This software is developed by Microchip Technology Inc. and its subsidiaries ("Microch
      +                          ip").
    35                           ; 
    36                           ; Redistribution and use in source and binary forms, with or without modification, are
    37                           ; permitted provided that the following conditions are met:
    38                           ; 
    39                           ;     1. Redistributions of source code must retain the above copyright notice, this lis
      +                          t of
    40                           ;        conditions and the following disclaimer.
    41                           ; 
    42                           ;     2. Redistributions in binary form must reproduce the above copyright notice, this 
      +                          list
    43                           ;        of conditions and the following disclaimer in the documentation and/or other
    44                           ;        materials provided with the distribution. Publication is not required when
    45                           ;        this file is used in an embedded application.
    46                           ; 
    47                           ;     3. Microchip's name may not be used to endorse or promote products derived from th
      +                          is
    48                           ;        software without specific prior written permission.
    49                           ; 
    50                           ; THIS SOFTWARE IS PROVIDED BY MICROCHIP "AS IS" AND ANY EXPRESS OR IMPLIED WARRANTIES,
    51                           ; INCLUDING, BUT NOT LIMITED TO, THE IMPLIED WARRANTIES OF MERCHANTABILITY AND FITNESS F
      +                          OR
    52                           ; PURPOSE ARE DISCLAIMED.  IN NO EVENT SHALL MICROCHIP BE LIABLE FOR ANY DIRECT, INDIREC
      +                          T,
    53                           ; INCIDENTAL, SPECIAL, EXEMPLARY, OR CONSEQUENTIAL DAMAGES (INCLUDING BUT NOT LIMITED TO
    54                           ; PROCUREMENT OF SUBSTITUTE GOODS OR SERVICES; LOSS OF USE, DATA OR PROFITS; OR BUSINESS
    55                           ; INTERRUPTION) HOWSOEVER CAUSED AND ON ANY THEORY OF LIABILITY, WHETHER IN CONTRACT, ST
      +                          RICT
    56                           ; LIABILITY, OR TORT (INCLUDING NEGLIGENCE OR OTHERWISE) ARISING IN ANY WAY OUT OF THE U
      +                          SE OF
    57                           ; THIS SOFTWARE, EVEN IF ADVISED OF THE POSSIBILITY OF SUCH DAMAGE.
    58                           ; 
    59                           ; 
    60                           ; Code-generator required, PIC18F45K20 Definitions
    61                           ; 
    62                           ; SFR Addresses
    63  0000                     
    64 ;; Function _EUSART_DefaultFramingErrorHandler is unused but had its address taken
    65  0000                     
    66 ;; Function _EUSART_DefaultOverrunErrorHandler is unused but had its address taken
    67  0000                     
    68 ;; Function _EUSART_DefaultErrorHandler is unused but had its address taken
    69  0000                     
    70                           	psect	idataCOMRAM
    71  007E8B                     __pidataCOMRAM:
    72                           	callstack 0
    73                           
    74                           ;initializer for _RAM
    75  007E8B  AA                 	db	170
    76  0000                     _TRISD	set	3989
    77  0000                     _TRISC	set	3988
    78  0000                     _TRISB	set	3987
    79  0000                     _LATC	set	3979
    80  0000                     _LATB	set	3978
    81  0000                     _TXREG	set	4013
    82  0000                     _RCREG	set	4014
    83  0000                     _SPBRG	set	4015
    84  0000                     _TXSTA	set	4012
    85                           
    86                           	psect	nvCOMRAM
    87  000001                     __pnvCOMRAM:
    88                           	callstack 0
    89  000001                     _EUSART_ErrorHandler:
    90                           	callstack 0
    91  000001                     	ds	2
    92  000003                     _EUSART_OverrunErrorHandler:
    93                           	callstack 0
    94  000003                     	ds	2
    95  000005                     _EUSART_FramingErrorHandler:
    96                           	callstack 0
    97  000005                     	ds	2
    98  0000                     _RCSTAbits	set	4011
    99  0000                     _TXSTAbits	set	4012
   100  0000                     _WPUB	set	3964
   101  0000                     _ANSEL	set	3966
   102  0000                     _LATA	set	3977
   103  0000                     _LATD	set	3980
   104  0000                     _LATE	set	3981
   105  0000                     _OSCTUNE	set	3995
   106  0000                     _OSCCON	set	4051
   107  0000                     _INTCON2bits	set	4081
   108  0000                     _PIR1bits	set	3998
   109  0000                     _RCSTA	set	4011
   110  0000                     _BAUDCON	set	4024
   111  0000                     _SPBRGH	set	4016
   112  0000                     _TRISA	set	3986
   113  0000                     _TRISE	set	3990
   114  0000                     _ANSELH	set	3967
   115  0000                     _INTCONbits	set	4082
   116                           
   117                           ; #config settings
   118                           
   119                           	psect	cinit
   120  007EEC                     __pcinit:
   121                           	callstack 0
   122  007EEC                     start_initialization:
   123                           	callstack 0
   124  007EEC                     __initialization:
   125                           	callstack 0
   126                           
   127                           ; Initialize objects allocated to COMRAM (1 bytes)
   128                           ; load TBLPTR registers with __pidataCOMRAM
   129  007EEC  0E8B               	movlw	low __pidataCOMRAM
   130  007EEE  6EF6               	movwf	tblptrl,c
   131  007EF0  0E7E               	movlw	high __pidataCOMRAM
   132  007EF2  6EF7               	movwf	tblptrh,c
   133  007EF4  0E00               	movlw	low (__pidataCOMRAM shr (0+16))
   134  007EF6  6EF8               	movwf	tblptru,c
   135  007EF8  0009               	tblrd		*+	;fetch initializer
   136  007EFA  CFF5 F00C          	movff	tablat,__pdataCOMRAM
   137                           
   138                           ; Clear objects allocated to COMRAM (1 bytes)
   139  007EFE  6A0B               	clrf	__pbssCOMRAM& (0+255),c
   140  007F00                     end_of_initialization:
   141                           	callstack 0
   142  007F00                     __end_of__initialization:
   143                           	callstack 0
   144  007F00  0E00               	movlw	low (__Lmediumconst shr (0+16))
   145  007F02  6EF8               	movwf	tblptru,c
   146  007F04  0100               	movlb	0
   147  007F06  EF99  F03F         	goto	_main	;jump to C main() function
   148                           
   149                           	psect	bssCOMRAM
   150  00000B                     __pbssCOMRAM:
   151                           	callstack 0
   152  00000B                     _eusartRxLastError:
   153                           	callstack 0
   154  00000B                     	ds	1
   155                           
   156                           	psect	dataCOMRAM
   157  00000C                     __pdataCOMRAM:
   158                           	callstack 0
   159  00000C                     _RAM:
   160                           	callstack 0
   161  00000C                     	ds	1
   162                           
   163                           	psect	cstackCOMRAM
   164  000007                     __pcstackCOMRAM:
   165                           	callstack 0
   166  000007                     _EUSART_is_tx_ready$253:
   167                           	callstack 0
   168  000007                     EUSART_Write@txData:
   169                           	callstack 0
   170  000007                     EUSART_SetFramingErrorHandler@interruptHandler:
   171                           	callstack 0
   172  000007                     EUSART_SetOverrunErrorHandler@interruptHandler:
   173                           	callstack 0
   174  000007                     EUSART_SetErrorHandler@interruptHandler:
   175                           	callstack 0
   176                           
   177                           ; 2 bytes @ 0x0
   178  000007                     	ds	1
   179  000008                     USART_Character_Transmit@character:
   180                           	callstack 0
   181                           
   182                           ; 1 bytes @ 0x1
   183  000008                     	ds	1
   184  000009                     ??_main:
   185                           
   186                           ; 1 bytes @ 0x2
   187  000009                     	ds	2
   188                           
   189 ;;
   190 ;;Main: autosize = 0, tempsize = 2, incstack = 0, save=0
   191 ;;
   192 ;; *************** function _main *****************
   193 ;; Defined at:
   194 ;;		line 18 in file "main.c"
   195 ;; Parameters:    Size  Location     Type
   196 ;;		None
   197 ;; Auto vars:     Size  Location     Type
   198 ;;		None
   199 ;; Return value:  Size  Location     Type
   200 ;;                  1    wreg      void 
   201 ;; Registers used:
   202 ;;		wreg, status,2, status,0, cstack
   203 ;; Tracked objects:
   204 ;;		On entry : 0/0
   205 ;;		On exit  : 0/0
   206 ;;		Unchanged: 0/0
   207 ;; Data sizes:     COMRAM   BANK0   BANK1   BANK2   BANK3   BANK4   BANK5
   208 ;;      Params:         0       0       0       0       0       0       0
   209 ;;      Locals:         0       0       0       0       0       0       0
   210 ;;      Temps:          2       0       0       0       0       0       0
   211 ;;      Totals:         2       0       0       0       0       0       0
   212 ;;Total ram usage:        2 bytes
   213 ;; Hardware stack levels required when called: 3
   214 ;; This function calls:
   215 ;;		_SYSTEM_Initialize
   216 ;;		_USART_Character_Transmit
   217 ;; This function is called by:
   218 ;;		Startup code after reset
   219 ;; This function uses a non-reentrant model
   220 ;;
   221                           
   222                           	psect	text0
   223  007F32                     __ptext0:
   224                           	callstack 0
   225  007F32                     _main:
   226                           	callstack 28
   227  007F32                     
   228                           ;main.c: 20:     SYSTEM_Initialize();
   229  007F32  EC5A  F03F         	call	_SYSTEM_Initialize	;wreg free
   230  007F36                     l977:
   231                           
   232                           ;main.c: 22:     {;main.c: 23:     RAM = ~ RAM;
   233  007F36  1E0C               	comf	_RAM^0,f,c
   234  007F38                     
   235                           ;main.c: 24:     USART_Character_Transmit(RAM);
   236  007F38  500C               	movf	_RAM^0,w,c
   237  007F3A  ECC8  F03F         	call	_USART_Character_Transmit
   238  007F3E                     
   239                           ;main.c: 25:     _delay((unsigned long)((500)*(20000000/4000.0)));
   240  007F3E  0E0D               	movlw	13
   241  007F40  6E0A               	movwf	(??_main+1)^0,c
   242  007F42  0EAF               	movlw	175
   243  007F44  6E09               	movwf	??_main^0,c
   244  007F46  0EB6               	movlw	182
   245  007F48                     u137:
   246  007F48  2EE8               	decfsz	wreg,f,c
   247  007F4A  D7FE               	bra	u137
   248  007F4C  2E09               	decfsz	??_main^0,f,c
   249  007F4E  D7FC               	bra	u137
   250  007F50  2E0A               	decfsz	(??_main+1)^0,f,c
   251  007F52  D7FA               	bra	u137
   252  007F54  F000 F000          	nop2	
   253  007F58  EF9B  F03F         	goto	l977
   254  007F5C  EF00  F000         	goto	start
   255  007F60                     __end_of_main:
   256                           	callstack 0
   257                           
   258 ;; *************** function _USART_Character_Transmit *****************
   259 ;; Defined at:
   260 ;;		line 29 in file "main.c"
   261 ;; Parameters:    Size  Location     Type
   262 ;;  character       1    wreg     unsigned char 
   263 ;; Auto vars:     Size  Location     Type
   264 ;;  character       1    1[COMRAM] unsigned char 
   265 ;; Return value:  Size  Location     Type
   266 ;;                  1    wreg      void 
   267 ;; Registers used:
   268 ;;		wreg, status,2, cstack
   269 ;; Tracked objects:
   270 ;;		On entry : 0/0
   271 ;;		On exit  : 0/0
   272 ;;		Unchanged: 0/0
   273 ;; Data sizes:     COMRAM   BANK0   BANK1   BANK2   BANK3   BANK4   BANK5
   274 ;;      Params:         0       0       0       0       0       0       0
   275 ;;      Locals:         1       0       0       0       0       0       0
   276 ;;      Temps:          0       0       0       0       0       0       0
   277 ;;      Totals:         1       0       0       0       0       0       0
   278 ;;Total ram usage:        1 bytes
   279 ;; Hardware stack levels used: 1
   280 ;; Hardware stack levels required when called: 1
   281 ;; This function calls:
   282 ;;		_EUSART_Write
   283 ;;		_EUSART_is_tx_done
   284 ;;		_EUSART_is_tx_ready
   285 ;; This function is called by:
   286 ;;		_main
   287 ;; This function uses a non-reentrant model
   288 ;;
   289                           
   290                           	psect	text1
   291  007F90                     __ptext1:
   292                           	callstack 0
   293  007F90                     _USART_Character_Transmit:
   294                           	callstack 29
   295                           
   296                           ;incstack = 0
   297                           ;USART_Character_Transmit@character stored from wreg
   298  007F90  6E08               	movwf	USART_Character_Transmit@character^0,c
   299  007F92                     l969:
   300  007F92  EC85  F03F         	call	_EUSART_is_tx_ready	;wreg free
   301  007F96  0900               	iorlw	0
   302  007F98  B4D8               	btfsc	status,2,c
   303  007F9A  EFD1  F03F         	goto	u111
   304  007F9E  EFD3  F03F         	goto	u110
   305  007FA2                     u111:
   306  007FA2  EFC9  F03F         	goto	l969
   307  007FA6                     u110:
   308  007FA6                     
   309                           ;main.c: 32:     EUSART_Write(character);
   310  007FA6  5008               	movf	USART_Character_Transmit@character^0,w,c
   311  007FA8  EC6B  F03F         	call	_EUSART_Write
   312  007FAC                     l973:
   313  007FAC  EC61  F03F         	call	_EUSART_is_tx_done	;wreg free
   314  007FB0  0900               	iorlw	0
   315  007FB2  B4D8               	btfsc	status,2,c
   316  007FB4  EFDE  F03F         	goto	u121
   317  007FB8  EFE0  F03F         	goto	u120
   318  007FBC                     u121:
   319  007FBC  EFD6  F03F         	goto	l973
   320  007FC0                     u120:
   321  007FC0  0012               	return		;funcret
   322  007FC2                     __end_of_USART_Character_Transmit:
   323                           	callstack 0
   324                           
   325 ;; *************** function _EUSART_is_tx_ready *****************
   326 ;; Defined at:
   327 ;;		line 94 in file "mcc_generated_files/eusart.c"
   328 ;; Parameters:    Size  Location     Type
   329 ;;		None
   330 ;; Auto vars:     Size  Location     Type
   331 ;;		None
   332 ;; Return value:  Size  Location     Type
   333 ;;                  1    wreg      _Bool 
   334 ;; Registers used:
   335 ;;		wreg, status,2
   336 ;; Tracked objects:
   337 ;;		On entry : 0/0
   338 ;;		On exit  : 0/0
   339 ;;		Unchanged: 0/0
   340 ;; Data sizes:     COMRAM   BANK0   BANK1   BANK2   BANK3   BANK4   BANK5
   341 ;;      Params:         0       0       0       0       0       0       0
   342 ;;      Locals:         1       0       0       0       0       0       0
   343 ;;      Temps:          0       0       0       0       0       0       0
   344 ;;      Totals:         1       0       0       0       0       0       0
   345 ;;Total ram usage:        1 bytes
   346 ;; Hardware stack levels used: 1
   347 ;; This function calls:
   348 ;;		Nothing
   349 ;; This function is called by:
   350 ;;		_USART_Character_Transmit
   351 ;; This function uses a non-reentrant model
   352 ;;
   353                           
   354                           	psect	text2
   355  007F0A                     __ptext2:
   356                           	callstack 0
   357  007F0A                     _EUSART_is_tx_ready:
   358                           	callstack 29
   359  007F0A                     
   360                           ;mcc_generated_files/eusart.c: 96:     return (_Bool)(PIR1bits.TX1IF && TXSTAbits.TXEN);
   361  007F0A  0E00               	movlw	0
   362  007F0C  6E07               	movwf	_EUSART_is_tx_ready$253^0,c
   363  007F0E  A89E               	btfss	158,4,c	;volatile
   364  007F10  EF8C  F03F         	goto	u91
   365  007F14  EF8E  F03F         	goto	u90
   366  007F18                     u91:
   367  007F18  EF97  F03F         	goto	l63
   368  007F1C                     u90:
   369  007F1C  AAAC               	btfss	172,5,c	;volatile
   370  007F1E  EF93  F03F         	goto	u101
   371  007F22  EF95  F03F         	goto	u100
   372  007F26                     u101:
   373  007F26  EF97  F03F         	goto	l63
   374  007F2A                     u100:
   375  007F2A  0E01               	movlw	1
   376  007F2C  6E07               	movwf	_EUSART_is_tx_ready$253^0,c
   377  007F2E                     l63:
   378  007F2E  5007               	movf	_EUSART_is_tx_ready$253^0,w,c
   379  007F30  0012               	return		;funcret
   380  007F32                     __end_of_EUSART_is_tx_ready:
   381                           	callstack 0
   382                           
   383 ;; *************** function _EUSART_is_tx_done *****************
   384 ;; Defined at:
   385 ;;		line 104 in file "mcc_generated_files/eusart.c"
   386 ;; Parameters:    Size  Location     Type
   387 ;;		None
   388 ;; Auto vars:     Size  Location     Type
   389 ;;		None
   390 ;; Return value:  Size  Location     Type
   391 ;;                  1    wreg      _Bool 
   392 ;; Registers used:
   393 ;;		wreg
   394 ;; Tracked objects:
   395 ;;		On entry : 0/0
   396 ;;		On exit  : 0/0
   397 ;;		Unchanged: 0/0
   398 ;; Data sizes:     COMRAM   BANK0   BANK1   BANK2   BANK3   BANK4   BANK5
   399 ;;      Params:         0       0       0       0       0       0       0
   400 ;;      Locals:         0       0       0       0       0       0       0
   401 ;;      Temps:          0       0       0       0       0       0       0
   402 ;;      Totals:         0       0       0       0       0       0       0
   403 ;;Total ram usage:        0 bytes
   404 ;; Hardware stack levels used: 1
   405 ;; This function calls:
   406 ;;		Nothing
   407 ;; This function is called by:
   408 ;;		_USART_Character_Transmit
   409 ;; This function uses a non-reentrant model
   410 ;;
   411                           
   412                           	psect	text3
   413  007EC2                     __ptext3:
   414                           	callstack 0
   415  007EC2                     _EUSART_is_tx_done:
   416                           	callstack 29
   417  007EC2                     
   418                           ;mcc_generated_files/eusart.c: 106:     return TXSTAbits.TRMT;
   419  007EC2  B2AC               	btfsc	172,1,c	;volatile
   420  007EC4  EF66  F03F         	goto	u31
   421  007EC8  EF69  F03F         	goto	u30
   422  007ECC                     u31:
   423  007ECC  0E01               	movlw	1
   424  007ECE  EF6A  F03F         	goto	u36
   425  007ED2                     u30:
   426  007ED2  0E00               	movlw	0
   427  007ED4                     u36:
   428  007ED4  0012               	return		;funcret
   429  007ED6                     __end_of_EUSART_is_tx_done:
   430                           	callstack 0
   431                           
   432 ;; *************** function _EUSART_Write *****************
   433 ;; Defined at:
   434 ;;		line 132 in file "mcc_generated_files/eusart.c"
   435 ;; Parameters:    Size  Location     Type
   436 ;;  txData          1    wreg     unsigned char 
   437 ;; Auto vars:     Size  Location     Type
   438 ;;  txData          1    0[COMRAM] unsigned char 
   439 ;; Return value:  Size  Location     Type
   440 ;;                  1    wreg      void 
   441 ;; Registers used:
   442 ;;		wreg
   443 ;; Tracked objects:
   444 ;;		On entry : 0/0
   445 ;;		On exit  : 0/0
   446 ;;		Unchanged: 0/0
   447 ;; Data sizes:     COMRAM   BANK0   BANK1   BANK2   BANK3   BANK4   BANK5
   448 ;;      Params:         0       0       0       0       0       0       0
   449 ;;      Locals:         1       0       0       0       0       0       0
   450 ;;      Temps:          0       0       0       0       0       0       0
   451 ;;      Totals:         1       0       0       0       0       0       0
   452 ;;Total ram usage:        1 bytes
   453 ;; Hardware stack levels used: 1
   454 ;; This function calls:
   455 ;;		Nothing
   456 ;; This function is called by:
   457 ;;		_USART_Character_Transmit
   458 ;; This function uses a non-reentrant model
   459 ;;
   460                           
   461                           	psect	text4
   462  007ED6                     __ptext4:
   463                           	callstack 0
   464  007ED6                     _EUSART_Write:
   465                           	callstack 29
   466                           
   467                           ;incstack = 0
   468                           ;EUSART_Write@txData stored from wreg
   469  007ED6  6E07               	movwf	EUSART_Write@txData^0,c
   470  007ED8                     l83:
   471                           
   472                           ;mcc_generated_files/eusart.c: 134:     while(0 == PIR1bits.TX1IF)
   473  007ED8  A89E               	btfss	158,4,c	;volatile
   474  007EDA  EF71  F03F         	goto	u41
   475  007EDE  EF73  F03F         	goto	u40
   476  007EE2                     u41:
   477  007EE2  EF6C  F03F         	goto	l83
   478  007EE6                     u40:
   479  007EE6                     
   480                           ;mcc_generated_files/eusart.c: 138:     TXREG = txData;
   481  007EE6  C007  FFAD         	movff	EUSART_Write@txData,4013	;volatile
   482  007EEA  0012               	return		;funcret
   483  007EEC                     __end_of_EUSART_Write:
   484                           	callstack 0
   485                           
   486 ;; *************** function _SYSTEM_Initialize *****************
   487 ;; Defined at:
   488 ;;		line 50 in file "mcc_generated_files/mcc.c"
   489 ;; Parameters:    Size  Location     Type
   490 ;;		None
   491 ;; Auto vars:     Size  Location     Type
   492 ;;		None
   493 ;; Return value:  Size  Location     Type
   494 ;;                  1    wreg      void 
   495 ;; Registers used:
   496 ;;		wreg, status,2, status,0, cstack
   497 ;; Tracked objects:
   498 ;;		On entry : 0/0
   499 ;;		On exit  : 0/0
   500 ;;		Unchanged: 0/0
   501 ;; Data sizes:     COMRAM   BANK0   BANK1   BANK2   BANK3   BANK4   BANK5
   502 ;;      Params:         0       0       0       0       0       0       0
   503 ;;      Locals:         0       0       0       0       0       0       0
   504 ;;      Temps:          0       0       0       0       0       0       0
   505 ;;      Totals:         0       0       0       0       0       0       0
   506 ;;Total ram usage:        0 bytes
   507 ;; Hardware stack levels used: 1
   508 ;; Hardware stack levels required when called: 2
   509 ;; This function calls:
   510 ;;		_EUSART_Initialize
   511 ;;		_OSCILLATOR_Initialize
   512 ;;		_PIN_MANAGER_Initialize
   513 ;; This function is called by:
   514 ;;		_main
   515 ;; This function uses a non-reentrant model
   516 ;;
   517                           
   518                           	psect	text5
   519  007EB4                     __ptext5:
   520                           	callstack 0
   521  007EB4                     _SYSTEM_Initialize:
   522                           	callstack 28
   523  007EB4                     
   524                           ;mcc_generated_files/mcc.c: 53:     PIN_MANAGER_Initialize();
   525  007EB4  ECB0  F03F         	call	_PIN_MANAGER_Initialize	;wreg free
   526                           
   527                           ;mcc_generated_files/mcc.c: 54:     OSCILLATOR_Initialize();
   528  007EB8  EC55  F03F         	call	_OSCILLATOR_Initialize	;wreg free
   529  007EBC                     
   530                           ;mcc_generated_files/mcc.c: 55:     EUSART_Initialize();
   531  007EBC  ECE1  F03F         	call	_EUSART_Initialize	;wreg free
   532  007EC0  0012               	return		;funcret
   533  007EC2                     __end_of_SYSTEM_Initialize:
   534                           	callstack 0
   535                           
   536 ;; *************** function _PIN_MANAGER_Initialize *****************
   537 ;; Defined at:
   538 ;;		line 55 in file "mcc_generated_files/pin_manager.c"
   539 ;; Parameters:    Size  Location     Type
   540 ;;		None
   541 ;; Auto vars:     Size  Location     Type
   542 ;;		None
   543 ;; Return value:  Size  Location     Type
   544 ;;                  1    wreg      void 
   545 ;; Registers used:
   546 ;;		wreg, status,2
   547 ;; Tracked objects:
   548 ;;		On entry : 0/0
   549 ;;		On exit  : 0/0
   550 ;;		Unchanged: 0/0
   551 ;; Data sizes:     COMRAM   BANK0   BANK1   BANK2   BANK3   BANK4   BANK5
   552 ;;      Params:         0       0       0       0       0       0       0
   553 ;;      Locals:         0       0       0       0       0       0       0
   554 ;;      Temps:          0       0       0       0       0       0       0
   555 ;;      Totals:         0       0       0       0       0       0       0
   556 ;;Total ram usage:        0 bytes
   557 ;; Hardware stack levels used: 1
   558 ;; This function calls:
   559 ;;		Nothing
   560 ;; This function is called by:
   561 ;;		_SYSTEM_Initialize
   562 ;; This function uses a non-reentrant model
   563 ;;
   564                           
   565                           	psect	text6
   566  007F60                     __ptext6:
   567                           	callstack 0
   568  007F60                     _PIN_MANAGER_Initialize:
   569                           	callstack 29
   570  007F60                     
   571                           ;mcc_generated_files/pin_manager.c: 60:     LATE = 0x00;
   572  007F60  0E00               	movlw	0
   573  007F62  6E8D               	movwf	141,c	;volatile
   574                           
   575                           ;mcc_generated_files/pin_manager.c: 61:     LATD = 0x00;
   576  007F64  0E00               	movlw	0
   577  007F66  6E8C               	movwf	140,c	;volatile
   578                           
   579                           ;mcc_generated_files/pin_manager.c: 62:     LATA = 0x00;
   580  007F68  0E00               	movlw	0
   581  007F6A  6E89               	movwf	137,c	;volatile
   582                           
   583                           ;mcc_generated_files/pin_manager.c: 63:     LATB = 0x00;
   584  007F6C  0E00               	movlw	0
   585  007F6E  6E8A               	movwf	138,c	;volatile
   586                           
   587                           ;mcc_generated_files/pin_manager.c: 64:     LATC = 0x00;
   588  007F70  0E00               	movlw	0
   589  007F72  6E8B               	movwf	139,c	;volatile
   590                           
   591                           ;mcc_generated_files/pin_manager.c: 69:     TRISE = 0x07;
   592  007F74  0E07               	movlw	7
   593  007F76  6E96               	movwf	150,c	;volatile
   594  007F78                     
   595                           ;mcc_generated_files/pin_manager.c: 70:     TRISA = 0xFF;
   596  007F78  6892               	setf	146,c	;volatile
   597  007F7A                     
   598                           ;mcc_generated_files/pin_manager.c: 71:     TRISB = 0xFF;
   599  007F7A  6893               	setf	147,c	;volatile
   600                           
   601                           ;mcc_generated_files/pin_manager.c: 72:     TRISC = 0xBF;
   602  007F7C  0EBF               	movlw	191
   603  007F7E  6E94               	movwf	148,c	;volatile
   604  007F80                     
   605                           ;mcc_generated_files/pin_manager.c: 73:     TRISD = 0xFF;
   606  007F80  6895               	setf	149,c	;volatile
   607  007F82                     
   608                           ;mcc_generated_files/pin_manager.c: 78:     ANSEL = 0xFF;
   609  007F82  687E               	setf	126,c	;volatile
   610                           
   611                           ;mcc_generated_files/pin_manager.c: 79:     ANSELH = 0x1F;
   612  007F84  0E1F               	movlw	31
   613  007F86  6E7F               	movwf	127,c	;volatile
   614                           
   615                           ;mcc_generated_files/pin_manager.c: 84:     WPUB = 0x00;
   616  007F88  0E00               	movlw	0
   617  007F8A  6E7C               	movwf	124,c	;volatile
   618  007F8C                     
   619                           ;mcc_generated_files/pin_manager.c: 85:     INTCON2bits.nRBPU = 1;
   620  007F8C  8EF1               	bsf	241,7,c	;volatile
   621  007F8E  0012               	return		;funcret
   622  007F90                     __end_of_PIN_MANAGER_Initialize:
   623                           	callstack 0
   624                           
   625 ;; *************** function _OSCILLATOR_Initialize *****************
   626 ;; Defined at:
   627 ;;		line 58 in file "mcc_generated_files/mcc.c"
   628 ;; Parameters:    Size  Location     Type
   629 ;;		None
   630 ;; Auto vars:     Size  Location     Type
   631 ;;		None
   632 ;; Return value:  Size  Location     Type
   633 ;;                  1    wreg      void 
   634 ;; Registers used:
   635 ;;		wreg, status,2
   636 ;; Tracked objects:
   637 ;;		On entry : 0/0
   638 ;;		On exit  : 0/0
   639 ;;		Unchanged: 0/0
   640 ;; Data sizes:     COMRAM   BANK0   BANK1   BANK2   BANK3   BANK4   BANK5
   641 ;;      Params:         0       0       0       0       0       0       0
   642 ;;      Locals:         0       0       0       0       0       0       0
   643 ;;      Temps:          0       0       0       0       0       0       0
   644 ;;      Totals:         0       0       0       0       0       0       0
   645 ;;Total ram usage:        0 bytes
   646 ;; Hardware stack levels used: 1
   647 ;; This function calls:
   648 ;;		Nothing
   649 ;; This function is called by:
   650 ;;		_SYSTEM_Initialize
   651 ;; This function uses a non-reentrant model
   652 ;;
   653                           
   654                           	psect	text7
   655  007EAA                     __ptext7:
   656                           	callstack 0
   657  007EAA                     _OSCILLATOR_Initialize:
   658                           	callstack 29
   659  007EAA                     
   660                           ;mcc_generated_files/mcc.c: 61:     OSCCON = 0x60;
   661  007EAA  0E60               	movlw	96
   662  007EAC  6ED3               	movwf	211,c	;volatile
   663                           
   664                           ;mcc_generated_files/mcc.c: 63:     OSCTUNE = 0x00;
   665  007EAE  0E00               	movlw	0
   666  007EB0  6E9B               	movwf	155,c	;volatile
   667  007EB2  0012               	return		;funcret
   668  007EB4                     __end_of_OSCILLATOR_Initialize:
   669                           	callstack 0
   670                           
   671 ;; *************** function _EUSART_Initialize *****************
   672 ;; Defined at:
   673 ;;		line 66 in file "mcc_generated_files/eusart.c"
   674 ;; Parameters:    Size  Location     Type
   675 ;;		None
   676 ;; Auto vars:     Size  Location     Type
   677 ;;		None
   678 ;; Return value:  Size  Location     Type
   679 ;;                  1    wreg      void 
   680 ;; Registers used:
   681 ;;		wreg, status,2, status,0, cstack
   682 ;; Tracked objects:
   683 ;;		On entry : 0/0
   684 ;;		On exit  : 0/0
   685 ;;		Unchanged: 0/0
   686 ;; Data sizes:     COMRAM   BANK0   BANK1   BANK2   BANK3   BANK4   BANK5
   687 ;;      Params:         0       0       0       0       0       0       0
   688 ;;      Locals:         0       0       0       0       0       0       0
   689 ;;      Temps:          0       0       0       0       0       0       0
   690 ;;      Totals:         0       0       0       0       0       0       0
   691 ;;Total ram usage:        0 bytes
   692 ;; Hardware stack levels used: 1
   693 ;; Hardware stack levels required when called: 1
   694 ;; This function calls:
   695 ;;		_EUSART_SetErrorHandler
   696 ;;		_EUSART_SetFramingErrorHandler
   697 ;;		_EUSART_SetOverrunErrorHandler
   698 ;; This function is called by:
   699 ;;		_SYSTEM_Initialize
   700 ;; This function uses a non-reentrant model
   701 ;;
   702                           
   703                           	psect	text8
   704  007FC2                     __ptext8:
   705                           	callstack 0
   706  007FC2                     _EUSART_Initialize:
   707                           	callstack 28
   708  007FC2                     
   709                           ;mcc_generated_files/eusart.c: 71:     BAUDCON = 0x08;
   710  007FC2  0E08               	movlw	8
   711  007FC4  6EB8               	movwf	184,c	;volatile
   712                           
   713                           ;mcc_generated_files/eusart.c: 74:     RCSTA = 0x90;
   714  007FC6  0E90               	movlw	144
   715  007FC8  6EAB               	movwf	171,c	;volatile
   716                           
   717                           ;mcc_generated_files/eusart.c: 77:     TXSTA = 0x24;
   718  007FCA  0E24               	movlw	36
   719  007FCC  6EAC               	movwf	172,c	;volatile
   720                           
   721                           ;mcc_generated_files/eusart.c: 80:     SPBRG = 0x08;
   722  007FCE  0E08               	movlw	8
   723  007FD0  6EAF               	movwf	175,c	;volatile
   724                           
   725                           ;mcc_generated_files/eusart.c: 83:     SPBRGH = 0x02;
   726  007FD2  0E02               	movlw	2
   727  007FD4  6EB0               	movwf	176,c	;volatile
   728  007FD6                     
   729                           ;mcc_generated_files/eusart.c: 86:     EUSART_SetFramingErrorHandler(EUSART_DefaultFrami
      +                          ngErrorHandler);
   730  007FD6  0E00               	movlw	0
   731  007FD8  6E07               	movwf	EUSART_SetFramingErrorHandler@interruptHandler^0,c
   732  007FDA  0E00               	movlw	0
   733  007FDC  6E08               	movwf	(EUSART_SetFramingErrorHandler@interruptHandler+1)^0,c
   734  007FDE  EC4B  F03F         	call	_EUSART_SetFramingErrorHandler	;wreg free
   735  007FE2                     
   736                           ;mcc_generated_files/eusart.c: 87:     EUSART_SetOverrunErrorHandler(EUSART_DefaultOverr
      +                          unErrorHandler);
   737  007FE2  0E00               	movlw	0
   738  007FE4  6E07               	movwf	EUSART_SetOverrunErrorHandler@interruptHandler^0,c
   739  007FE6  0E00               	movlw	0
   740  007FE8  6E08               	movwf	(EUSART_SetOverrunErrorHandler@interruptHandler+1)^0,c
   741  007FEA  EC50  F03F         	call	_EUSART_SetOverrunErrorHandler	;wreg free
   742  007FEE                     
   743                           ;mcc_generated_files/eusart.c: 88:     EUSART_SetErrorHandler(EUSART_DefaultErrorHandler
      +                          );
   744  007FEE  0E00               	movlw	0
   745  007FF0  6E07               	movwf	EUSART_SetErrorHandler@interruptHandler^0,c
   746  007FF2  0E00               	movlw	0
   747  007FF4  6E08               	movwf	(EUSART_SetErrorHandler@interruptHandler+1)^0,c
   748  007FF6  EC46  F03F         	call	_EUSART_SetErrorHandler	;wreg free
   749  007FFA                     
   750                           ;mcc_generated_files/eusart.c: 90:     eusartRxLastError.status = 0;
   751  007FFA  0E00               	movlw	0
   752  007FFC  6E0B               	movwf	_eusartRxLastError^0,c	;volatile
   753  007FFE  0012               	return		;funcret
   754  008000                     __end_of_EUSART_Initialize:
   755                           	callstack 0
   756                           
   757 ;; *************** function _EUSART_SetOverrunErrorHandler *****************
   758 ;; Defined at:
   759 ;;		line 161 in file "mcc_generated_files/eusart.c"
   760 ;; Parameters:    Size  Location     Type
   761 ;;  interruptHan    2    0[COMRAM] PTR FTN()void 
   762 ;;		 -> EUSART_DefaultOverrunErrorHandler(1), 
   763 ;; Auto vars:     Size  Location     Type
   764 ;;		None
   765 ;; Return value:  Size  Location     Type
   766 ;;                  1    wreg      void 
   767 ;; Registers used:
   768 ;;		wreg, status,2, status,0
   769 ;; Tracked objects:
   770 ;;		On entry : 0/0
   771 ;;		On exit  : 0/0
   772 ;;		Unchanged: 0/0
   773 ;; Data sizes:     COMRAM   BANK0   BANK1   BANK2   BANK3   BANK4   BANK5
   774 ;;      Params:         2       0       0       0       0       0       0
   775 ;;      Locals:         0       0       0       0       0       0       0
   776 ;;      Temps:          0       0       0       0       0       0       0
   777 ;;      Totals:         2       0       0       0       0       0       0
   778 ;;Total ram usage:        2 bytes
   779 ;; Hardware stack levels used: 1
   780 ;; This function calls:
   781 ;;		Nothing
   782 ;; This function is called by:
   783 ;;		_EUSART_Initialize
   784 ;; This function uses a non-reentrant model
   785 ;;
   786                           
   787                           	psect	text9
   788  007EA0                     __ptext9:
   789                           	callstack 0
   790  007EA0                     _EUSART_SetOverrunErrorHandler:
   791                           	callstack 28
   792  007EA0                     
   793                           ;mcc_generated_files/eusart.c: 162:     EUSART_OverrunErrorHandler = interruptHandler;
   794  007EA0  C007  F003         	movff	EUSART_SetOverrunErrorHandler@interruptHandler,_EUSART_OverrunErrorHandler
   795  007EA4  C008  F004         	movff	EUSART_SetOverrunErrorHandler@interruptHandler+1,_EUSART_OverrunErrorHandler+1
   796  007EA8  0012               	return		;funcret
   797  007EAA                     __end_of_EUSART_SetOverrunErrorHandler:
   798                           	callstack 0
   799                           
   800 ;; *************** function _EUSART_SetFramingErrorHandler *****************
   801 ;; Defined at:
   802 ;;		line 157 in file "mcc_generated_files/eusart.c"
   803 ;; Parameters:    Size  Location     Type
   804 ;;  interruptHan    2    0[COMRAM] PTR FTN()void 
   805 ;;		 -> EUSART_DefaultFramingErrorHandler(1), 
   806 ;; Auto vars:     Size  Location     Type
   807 ;;		None
   808 ;; Return value:  Size  Location     Type
   809 ;;                  1    wreg      void 
   810 ;; Registers used:
   811 ;;		wreg, status,2, status,0
   812 ;; Tracked objects:
   813 ;;		On entry : 0/0
   814 ;;		On exit  : 0/0
   815 ;;		Unchanged: 0/0
   816 ;; Data sizes:     COMRAM   BANK0   BANK1   BANK2   BANK3   BANK4   BANK5
   817 ;;      Params:         2       0       0       0       0       0       0
   818 ;;      Locals:         0       0       0       0       0       0       0
   819 ;;      Temps:          0       0       0       0       0       0       0
   820 ;;      Totals:         2       0       0       0       0       0       0
   821 ;;Total ram usage:        2 bytes
   822 ;; Hardware stack levels used: 1
   823 ;; This function calls:
   824 ;;		Nothing
   825 ;; This function is called by:
   826 ;;		_EUSART_Initialize
   827 ;; This function uses a non-reentrant model
   828 ;;
   829                           
   830                           	psect	text10
   831  007E96                     __ptext10:
   832                           	callstack 0
   833  007E96                     _EUSART_SetFramingErrorHandler:
   834                           	callstack 28
   835  007E96                     
   836                           ;mcc_generated_files/eusart.c: 158:     EUSART_FramingErrorHandler = interruptHandler;
   837  007E96  C007  F005         	movff	EUSART_SetFramingErrorHandler@interruptHandler,_EUSART_FramingErrorHandler
   838  007E9A  C008  F006         	movff	EUSART_SetFramingErrorHandler@interruptHandler+1,_EUSART_FramingErrorHandler+1
   839  007E9E  0012               	return		;funcret
   840  007EA0                     __end_of_EUSART_SetFramingErrorHandler:
   841                           	callstack 0
   842                           
   843 ;; *************** function _EUSART_SetErrorHandler *****************
   844 ;; Defined at:
   845 ;;		line 165 in file "mcc_generated_files/eusart.c"
   846 ;; Parameters:    Size  Location     Type
   847 ;;  interruptHan    2    0[COMRAM] PTR FTN()void 
   848 ;;		 -> EUSART_DefaultErrorHandler(1), 
   849 ;; Auto vars:     Size  Location     Type
   850 ;;		None
   851 ;; Return value:  Size  Location     Type
   852 ;;                  1    wreg      void 
   853 ;; Registers used:
   854 ;;		wreg, status,2, status,0
   855 ;; Tracked objects:
   856 ;;		On entry : 0/0
   857 ;;		On exit  : 0/0
   858 ;;		Unchanged: 0/0
   859 ;; Data sizes:     COMRAM   BANK0   BANK1   BANK2   BANK3   BANK4   BANK5
   860 ;;      Params:         2       0       0       0       0       0       0
   861 ;;      Locals:         0       0       0       0       0       0       0
   862 ;;      Temps:          0       0       0       0       0       0       0
   863 ;;      Totals:         2       0       0       0       0       0       0
   864 ;;Total ram usage:        2 bytes
   865 ;; Hardware stack levels used: 1
   866 ;; This function calls:
   867 ;;		Nothing
   868 ;; This function is called by:
   869 ;;		_EUSART_Initialize
   870 ;; This function uses a non-reentrant model
   871 ;;
   872                           
   873                           	psect	text11
   874  007E8C                     __ptext11:
   875                           	callstack 0
   876  007E8C                     _EUSART_SetErrorHandler:
   877                           	callstack 28
   878  007E8C                     
   879                           ;mcc_generated_files/eusart.c: 166:     EUSART_ErrorHandler = interruptHandler;
   880  007E8C  C007  F001         	movff	EUSART_SetErrorHandler@interruptHandler,_EUSART_ErrorHandler
   881  007E90  C008  F002         	movff	EUSART_SetErrorHandler@interruptHandler+1,_EUSART_ErrorHandler+1
   882  007E94  0012               	return		;funcret
   883  007E96                     __end_of_EUSART_SetErrorHandler:
   884                           	callstack 0
   885  0000                     
   886                           	psect	rparam
   887  0000                     
   888                           	psect	idloc
   889                           
   890                           ;Config register IDLOC0 @ 0x200000
   891                           ;	unspecified, using default values
   892  200000                     	org	2097152
   893  200000  FF                 	db	255
   894                           
   895                           ;Config register IDLOC1 @ 0x200001
   896                           ;	unspecified, using default values
   897  200001                     	org	2097153
   898  200001  FF                 	db	255
   899                           
   900                           ;Config register IDLOC2 @ 0x200002
   901                           ;	unspecified, using default values
   902  200002                     	org	2097154
   903  200002  FF                 	db	255
   904                           
   905                           ;Config register IDLOC3 @ 0x200003
   906                           ;	unspecified, using default values
   907  200003                     	org	2097155
   908  200003  FF                 	db	255
   909                           
   910                           ;Config register IDLOC4 @ 0x200004
   911                           ;	unspecified, using default values
   912  200004                     	org	2097156
   913  200004  FF                 	db	255
   914                           
   915                           ;Config register IDLOC5 @ 0x200005
   916                           ;	unspecified, using default values
   917  200005                     	org	2097157
   918  200005  FF                 	db	255
   919                           
   920                           ;Config register IDLOC6 @ 0x200006
   921                           ;	unspecified, using default values
   922  200006                     	org	2097158
   923  200006  FF                 	db	255
   924                           
   925                           ;Config register IDLOC7 @ 0x200007
   926                           ;	unspecified, using default values
   927  200007                     	org	2097159
   928  200007  FF                 	db	255
   929                           
   930                           	psect	config
   931                           
   932                           ; Padding undefined space
   933  300000                     	org	3145728
   934  300000  FF                 	db	255
   935                           
   936                           ;Config register CONFIG1H @ 0x300001
   937                           ;	Oscillator Selection bits
   938                           ;	FOSC = HS, HS oscillator
   939                           ;	Fail-Safe Clock Monitor Enable bit
   940                           ;	FCMEN = OFF, Fail-Safe Clock Monitor disabled
   941                           ;	Internal/External Oscillator Switchover bit
   942                           ;	IESO = OFF, Oscillator Switchover mode disabled
   943  300001                     	org	3145729
   944  300001  02                 	db	2
   945                           
   946                           ;Config register CONFIG2L @ 0x300002
   947                           ;	Power-up Timer Enable bit
   948                           ;	PWRT = OFF, PWRT disabled
   949                           ;	Brown-out Reset Enable bits
   950                           ;	BOREN = SBORDIS, Brown-out Reset enabled in hardware only (SBOREN is disabled)
   951                           ;	Brown Out Reset Voltage bits
   952                           ;	BORV = 18, VBOR set to 1.8 V nominal
   953  300002                     	org	3145730
   954  300002  1F                 	db	31
   955                           
   956                           ;Config register CONFIG2H @ 0x300003
   957                           ;	Watchdog Timer Enable bit
   958                           ;	WDTEN = OFF, WDT is controlled by SWDTEN bit of the WDTCON register
   959                           ;	Watchdog Timer Postscale Select bits
   960                           ;	WDTPS = 32768, 1:32768
   961  300003                     	org	3145731
   962  300003  1E                 	db	30
   963                           
   964                           ; Padding undefined space
   965  300004                     	org	3145732
   966  300004  FF                 	db	255
   967                           
   968                           ;Config register CONFIG3H @ 0x300005
   969                           ;	CCP2 MUX bit
   970                           ;	CCP2MX = PORTC, CCP2 input/output is multiplexed with RC1
   971                           ;	PORTB A/D Enable bit
   972                           ;	PBADEN = ON, PORTB<4:0> pins are configured as analog input channels on Reset
   973                           ;	Low-Power Timer1 Oscillator Enable bit
   974                           ;	LPT1OSC = OFF, Timer1 configured for higher power operation
   975                           ;	HFINTOSC Fast Start-up
   976                           ;	HFOFST = ON, HFINTOSC starts clocking the CPU without waiting for the oscillator to st
      +                          ablize.
   977                           ;	MCLR Pin Enable bit
   978                           ;	MCLRE = ON, MCLR pin enabled; RE3 input pin disabled
   979  300005                     	org	3145733
   980  300005  8B                 	db	139
   981                           
   982                           ;Config register CONFIG4L @ 0x300006
   983                           ;	Stack Full/Underflow Reset Enable bit
   984                           ;	STVREN = ON, Stack full/underflow will cause Reset
   985                           ;	Single-Supply ICSP Enable bit
   986                           ;	LVP = OFF, Single-Supply ICSP disabled
   987                           ;	Extended Instruction Set Enable bit
   988                           ;	XINST = OFF, Instruction set extension and Indexed Addressing mode disabled (Legacy mo
      +                          de)
   989                           ;	Background Debugger Enable bit
   990                           ;	DEBUG = OFF, Background debugger disabled, RB6 and RB7 configured as general purpose I
      +                          /O pins
   991  300006                     	org	3145734
   992  300006  81                 	db	129
   993                           
   994                           ; Padding undefined space
   995  300007                     	org	3145735
   996  300007  FF                 	db	255
   997                           
   998                           ;Config register CONFIG5L @ 0x300008
   999                           ;	Code Protection Block 0
  1000                           ;	CP0 = OFF, Block 0 (000800-001FFFh) not code-protected
  1001                           ;	Code Protection Block 1
  1002                           ;	CP1 = OFF, Block 1 (002000-003FFFh) not code-protected
  1003                           ;	Code Protection Block 2
  1004                           ;	CP2 = OFF, Block 2 (004000-005FFFh) not code-protected
  1005                           ;	Code Protection Block 3
  1006                           ;	CP3 = OFF, Block 3 (006000-007FFFh) not code-protected
  1007  300008                     	org	3145736
  1008  300008  0F                 	db	15
  1009                           
  1010                           ;Config register CONFIG5H @ 0x300009
  1011                           ;	Boot Block Code Protection bit
  1012                           ;	CPB = OFF, Boot block (000000-0007FFh) not code-protected
  1013                           ;	Data EEPROM Code Protection bit
  1014                           ;	CPD = OFF, Data EEPROM not code-protected
  1015  300009                     	org	3145737
  1016  300009  C0                 	db	192
  1017                           
  1018                           ;Config register CONFIG6L @ 0x30000A
  1019                           ;	Write Protection Block 0
  1020                           ;	WRT0 = OFF, Block 0 (000800-001FFFh) not write-protected
  1021                           ;	Write Protection Block 1
  1022                           ;	WRT1 = OFF, Block 1 (002000-003FFFh) not write-protected
  1023                           ;	Write Protection Block 2
  1024                           ;	WRT2 = OFF, Block 2 (004000-005FFFh) not write-protected
  1025                           ;	Write Protection Block 3
  1026                           ;	WRT3 = OFF, Block 3 (006000-007FFFh) not write-protected
  1027  30000A                     	org	3145738
  1028  30000A  0F                 	db	15
  1029                           
  1030                           ;Config register CONFIG6H @ 0x30000B
  1031                           ;	Configuration Register Write Protection bit
  1032                           ;	WRTC = OFF, Configuration registers (300000-3000FFh) not write-protected
  1033                           ;	Boot Block Write Protection bit
  1034                           ;	WRTB = OFF, Boot Block (000000-0007FFh) not write-protected
  1035                           ;	Data EEPROM Write Protection bit
  1036                           ;	WRTD = OFF, Data EEPROM not write-protected
  1037  30000B                     	org	3145739
  1038  30000B  E0                 	db	224
  1039                           
  1040                           ;Config register CONFIG7L @ 0x30000C
  1041                           ;	Table Read Protection Block 0
  1042                           ;	EBTR0 = OFF, Block 0 (000800-001FFFh) not protected from table reads executed in other
      +                           blocks
  1043                           ;	Table Read Protection Block 1
  1044                           ;	EBTR1 = OFF, Block 1 (002000-003FFFh) not protected from table reads executed in other
      +                           blocks
  1045                           ;	Table Read Protection Block 2
  1046                           ;	EBTR2 = OFF, Block 2 (004000-005FFFh) not protected from table reads executed in other
      +                           blocks
  1047                           ;	Table Read Protection Block 3
  1048                           ;	EBTR3 = OFF, Block 3 (006000-007FFFh) not protected from table reads executed in other
      +                           blocks
  1049  30000C                     	org	3145740
  1050  30000C  0F                 	db	15
  1051                           
  1052                           ;Config register CONFIG7H @ 0x30000D
  1053                           ;	Boot Block Table Read Protection bit
  1054                           ;	EBTRB = OFF, Boot Block (000000-0007FFh) not protected from table reads executed in ot
      +                          her blocks
  1055  30000D                     	org	3145741
  1056  30000D  40                 	db	64
  1057                           tosu	equ	0xFFF
  1058                           tosh	equ	0xFFE
  1059                           tosl	equ	0xFFD
  1060                           stkptr	equ	0xFFC
  1061                           pclatu	equ	0xFFB
  1062                           pclath	equ	0xFFA
  1063                           pcl	equ	0xFF9
  1064                           tblptru	equ	0xFF8
  1065                           tblptrh	equ	0xFF7
  1066                           tblptrl	equ	0xFF6
  1067                           tablat	equ	0xFF5
  1068                           prodh	equ	0xFF4
  1069                           prodl	equ	0xFF3
  1070                           indf0	equ	0xFEF
  1071                           postinc0	equ	0xFEE
  1072                           postdec0	equ	0xFED
  1073                           preinc0	equ	0xFEC
  1074                           plusw0	equ	0xFEB
  1075                           fsr0h	equ	0xFEA
  1076                           fsr0l	equ	0xFE9
  1077                           wreg	equ	0xFE8
  1078                           indf1	equ	0xFE7
  1079                           postinc1	equ	0xFE6
  1080                           postdec1	equ	0xFE5
  1081                           preinc1	equ	0xFE4
  1082                           plusw1	equ	0xFE3
  1083                           fsr1h	equ	0xFE2
  1084                           fsr1l	equ	0xFE1
  1085                           bsr	equ	0xFE0
  1086                           indf2	equ	0xFDF
  1087                           postinc2	equ	0xFDE
  1088                           postdec2	equ	0xFDD
  1089                           preinc2	equ	0xFDC
  1090                           plusw2	equ	0xFDB
  1091                           fsr2h	equ	0xFDA
  1092                           fsr2l	equ	0xFD9
  1093                           status	equ	0xFD8

Data Sizes:
    Strings     0
    Constant    0
    Data        1
    BSS         1
    Persistent  6
    Stack       0

Auto Spaces:
    Space          Size  Autos    Used
    COMRAM           95      4      12
    BANK0           160      0       0
    BANK1           256      0       0
    BANK2           256      0       0
    BANK3           256      0       0
    BANK4           256      0       0
    BANK5           256      0       0

Pointer List with Targets:

    EUSART_SetErrorHandler@interruptHandler	PTR FTN()void  size(2) Largest target is 1
		 -> EUSART_DefaultErrorHandler(), 

    EUSART_ErrorHandler	PTR FTN()void  size(2) Largest target is 1
		 -> Absolute function(), EUSART_DefaultErrorHandler(), 

    EUSART_SetOverrunErrorHandler@interruptHandler	PTR FTN()void  size(2) Largest target is 1
		 -> EUSART_DefaultOverrunErrorHandler(), 

    EUSART_OverrunErrorHandler	PTR FTN()void  size(2) Largest target is 1
		 -> Absolute function(), EUSART_DefaultOverrunErrorHandler(), 

    EUSART_SetFramingErrorHandler@interruptHandler	PTR FTN()void  size(2) Largest target is 1
		 -> EUSART_DefaultFramingErrorHandler(), 

    EUSART_FramingErrorHandler	PTR FTN()void  size(2) Largest target is 1
		 -> Absolute function(), EUSART_DefaultFramingErrorHandler(), 


Critical Paths under _main in COMRAM

    _main->_USART_Character_Transmit
    _USART_Character_Transmit->_EUSART_Write
    _USART_Character_Transmit->_EUSART_is_tx_ready
    _EUSART_Initialize->_EUSART_SetErrorHandler
    _EUSART_Initialize->_EUSART_SetFramingErrorHandler
    _EUSART_Initialize->_EUSART_SetOverrunErrorHandler

Critical Paths under _main in BANK0

    None.

Critical Paths under _main in BANK1

    None.

Critical Paths under _main in BANK2

    None.

Critical Paths under _main in BANK3

    None.

Critical Paths under _main in BANK4

    None.

Critical Paths under _main in BANK5

    None.

Call Graph Tables:

 ---------------------------------------------------------------------------------
 (Depth) Function   	        Calls       Base Space   Used Autos Params    Refs
 ---------------------------------------------------------------------------------
 (0) _main                                                 2     2      0     355
                                              2 COMRAM     2     2      0
                  _SYSTEM_Initialize
           _USART_Character_Transmit
 ---------------------------------------------------------------------------------
 (1) _USART_Character_Transmit                             1     1      0      61
                                              1 COMRAM     1     1      0
                       _EUSART_Write
                  _EUSART_is_tx_done
                 _EUSART_is_tx_ready
 ---------------------------------------------------------------------------------
 (2) _EUSART_is_tx_ready                                   1     1      0      24
                                              0 COMRAM     1     1      0
 ---------------------------------------------------------------------------------
 (2) _EUSART_is_tx_done                                    0     0      0       0
 ---------------------------------------------------------------------------------
 (2) _EUSART_Write                                         1     1      0      15
                                              0 COMRAM     1     1      0
 ---------------------------------------------------------------------------------
 (1) _SYSTEM_Initialize                                    0     0      0     294
                  _EUSART_Initialize
              _OSCILLATOR_Initialize
             _PIN_MANAGER_Initialize
 ---------------------------------------------------------------------------------
 (2) _PIN_MANAGER_Initialize                               0     0      0       0
 ---------------------------------------------------------------------------------
 (2) _OSCILLATOR_Initialize                                0     0      0       0
 ---------------------------------------------------------------------------------
 (2) _EUSART_Initialize                                    0     0      0     294
             _EUSART_SetErrorHandler
      _EUSART_SetFramingErrorHandler
      _EUSART_SetOverrunErrorHandler
 ---------------------------------------------------------------------------------
 (3) _EUSART_SetOverrunErrorHandler                        2     0      2      98
                                              0 COMRAM     2     0      2
 ---------------------------------------------------------------------------------
 (3) _EUSART_SetFramingErrorHandler                        2     0      2      98
                                              0 COMRAM     2     0      2
 ---------------------------------------------------------------------------------
 (3) _EUSART_SetErrorHandler                               2     0      2      98
                                              0 COMRAM     2     0      2
 ---------------------------------------------------------------------------------
 Estimated maximum stack depth 3
 ---------------------------------------------------------------------------------

 Call Graph Graphs:

 _main (ROOT)
   _SYSTEM_Initialize
     _EUSART_Initialize
       _EUSART_SetErrorHandler
       _EUSART_SetFramingErrorHandler
       _EUSART_SetOverrunErrorHandler
     _OSCILLATOR_Initialize
     _PIN_MANAGER_Initialize
   _USART_Character_Transmit
     _EUSART_Write
     _EUSART_is_tx_done
     _EUSART_is_tx_ready

 Address spaces:
Name               Size   Autos  Total    Cost      Usage
BIGRAM             5FF      0       0      28        0.0%
EEDATA             100      0       0       0        0.0%
BITBANK5           100      0       0      14        0.0%
BANK5              100      0       0      15        0.0%
BITBANK4           100      0       0      12        0.0%
BANK4              100      0       0      13        0.0%
BITBANK3           100      0       0      10        0.0%
BANK3              100      0       0      11        0.0%
BITBANK2           100      0       0       8        0.0%
BANK2              100      0       0       9        0.0%
BITBANK1           100      0       0       6        0.0%
BANK1              100      0       0       7        0.0%
BITBANK0            A0      0       0       4        0.0%
BANK0               A0      0       0       5        0.0%
BITCOMRAM           5F      0       0       0        0.0%
COMRAM              5F      4       C       1       12.6%
BITBIGSFRhl         1D      0       0      17        0.0%
BITBIGSFRllllll     1C      0       0      26        0.0%
BITBIGSFRlhh        1A      0       0      18        0.0%
BITBIGSFRhh          D      0       0      16        0.0%
BITBIGSFRlhllh       C      0       0      20        0.0%
BITBIGSFRllllh       9      0       0      24        0.0%
BITBIGSFRlhlhh       7      0       0      19        0.0%
BITBIGSFRllhh        4      0       0      22        0.0%
BITBIGSFRllhll       4      0       0      23        0.0%
BITBIGSFRlhlll       2      0       0      21        0.0%
BITBIGSFRlllllh      1      0       0      25        0.0%
BIGSFR               0      0       0     200        0.0%
BITSFR               0      0       0     200        0.0%
SFR                  0      0       0     200        0.0%
STACK                0      0       0       2        0.0%
NULL                 0      0       0       0        0.0%
ABS                  0      0       C      27        0.0%
DATA                 0      0       C       3        0.0%
CODE                 0      0       0       0        0.0%


Microchip Technology PIC18 Macro Assembler V2.36 build 20220127204148 
Symbol Table                                                                                   Thu Dec 22 22:06:47 2022

                                           l13 7EC0                                             l16 7EB2  
                                           l70 7ED4                                             l63 7F2E  
                                           l64 7F30                                             l59 7FFE  
                                           l83 7ED8                                             l86 7EEA  
                                           l98 7E9E                                             u30 7ED2  
                                           u31 7ECC                                             u40 7EE6  
                                           u41 7EE2                                             u36 7ED4  
                                           u90 7F1C                                             u91 7F18  
                                          l101 7EA8                                            l104 7E94  
                                          l137 7F8E                                            l171 7FC0  
                                          l941 7E8C                                            l861 7F82  
                                          l853 7F60                                            l951 7FFA  
                                          l943 7FC2                                            l863 7F8C  
                                          l855 7F78                                            l937 7E96  
                                          l945 7FD6                                            l865 7EAA  
                                          l857 7F7A                                            l953 7F0A  
                                          l939 7EA0                                            l947 7FE2  
                                          l859 7F80                                            l963 7EB4  
                                          l891 7ED8                                            l955 7F0E  
                                          l971 7FA6                                            l949 7FEE  
                                          l965 7EBC                                            l893 7EE6  
                                          l957 7F1C                                            l973 7FAC  
                                          l981 7F3E                                            l887 7EC2  
                                          l959 7F2A                                            l967 7F92  
                                          l975 7F32                                            l969 7F92  
                                          l977 7F36                                            l979 7F38  
                                          u100 7F2A                                            u101 7F26  
                                          u110 7FA6                                            u111 7FA2  
                                          u120 7FC0                                            u121 7FBC  
                                          u137 7F48                                            _RAM 000C  
               ?_EUSART_SetFramingErrorHandler 0007                                            wreg 000FE8  
                                         _LATA 000F89                                           _LATB 000F8A  
                                         _LATC 000F8B                                           _LATD 000F8C  
                                         _LATE 000F8D                                           _WPUB 000F7C  
                                         _main 7F32                                           start 0000  
                                 ___param_bank 000000                                  ?_EUSART_Write 0007  
                __end_of_OSCILLATOR_Initialize 7EB4                                          ?_main 0007  
                                        _ANSEL 000F7E                                          _RCREG 000FAE  
                                        _RCSTA 000FAB                                          _SPBRG 000FAF  
                                        _TRISA 000F92                                          _TRISB 000F93  
                                        _TRISC 000F94                                          _TRISD 000F95  
                                        _TRISE 000F96                                          _TXREG 000FAD  
                                        _TXSTA 000FAC                                          tablat 000FF5  
                                        status 000FD8               __end_of_USART_Character_Transmit 7FC2  
                              __initialization 7EEC                                   __end_of_main 7F60  
                               ??_EUSART_Write 0007                                         ??_main 0009  
                                __activetblptr 000002              _EUSART_DefaultFramingErrorHandler 000000  
                   _EUSART_OverrunErrorHandler 0003                                         _ANSELH 000F7F  
                   __end_of_EUSART_is_tx_ready 7F32                                         _OSCCON 000FD3  
                                       _SPBRGH 000FB0                                         isa$std 000001  
                                 __pdataCOMRAM 000C                                         tblptrh 000FF7  
                                       tblptrl 000FF6                                         tblptru 000FF8  
                            _SYSTEM_Initialize 7EB4                                     __accesstop 0060  
                      __end_of__initialization 7F00                             ?_SYSTEM_Initialize 0007  
                                ___rparam_used 000001              USART_Character_Transmit@character 0008  
                               __pcstackCOMRAM 0007                       _USART_Character_Transmit 7F90  
                          ??_SYSTEM_Initialize 0009                ??_EUSART_SetOverrunErrorHandler 0009  
                    __end_of_SYSTEM_Initialize 7EC2                           __end_of_EUSART_Write 7EEC  
                                   __pnvCOMRAM 0001                                        _BAUDCON 000FB8  
                                      _OSCTUNE 000F9B                       ??_EUSART_SetErrorHandler 0009  
                                      __Hparam 0000                                        __Lparam 0000  
                                      __pcinit 7EEC                                        __ramtop 0600  
                                      __ptext0 7F32                                        __ptext1 7F90  
                                      __ptext2 7F0A                                        __ptext3 7EC2  
                                      __ptext4 7ED6                                        __ptext5 7EB4  
                                      __ptext6 7F60                                        __ptext7 7EAA  
                                      __ptext8 7FC2                                        __ptext9 7EA0  
                        _OSCILLATOR_Initialize 7EAA                       ??_PIN_MANAGER_Initialize 0007  
                         end_of_initialization 7F00          __end_of_EUSART_SetOverrunErrorHandler 7EAA  
                _EUSART_SetOverrunErrorHandler 7EA0                                  __Lmediumconst 0000  
                            _EUSART_Initialize 7FC2                             ?_EUSART_Initialize 0007  
                                    _RCSTAbits 000FAB                             _EUSART_is_tx_ready 7F0A  
                          ??_EUSART_Initialize 0009                            ?_EUSART_is_tx_ready 0007  
                   ??_USART_Character_Transmit 0008                      __end_of_EUSART_Initialize 8000  
                         ??_EUSART_is_tx_ready 0007                                      _TXSTAbits 000FAC  
                   _EUSART_DefaultErrorHandler 000000                                  __pidataCOMRAM 7E8B  
                                 _EUSART_Write 7ED6                         ?_OSCILLATOR_Initialize 0007  
                          start_initialization 7EEC                         _EUSART_is_tx_ready$253 0007  
               ?_EUSART_SetOverrunErrorHandler 0007                     _EUSART_FramingErrorHandler 0005  
                       _EUSART_SetErrorHandler 7E8C                                    __pbssCOMRAM 000B  
                       _PIN_MANAGER_Initialize 7F60         EUSART_SetErrorHandler@interruptHandler 0007  
                            _eusartRxLastError 000B                                       _PIR1bits 000F9E  
              ??_EUSART_SetFramingErrorHandler 0009                              _EUSART_is_tx_done 7EC2  
            _EUSART_DefaultOverrunErrorHandler 000000                             ?_EUSART_is_tx_done 0007  
                          ??_EUSART_is_tx_done 0007                                    _INTCON2bits 000FF1  
                    __end_of_EUSART_is_tx_done 7ED6                                       __Hrparam 0000  
                                     __Lrparam 0000                        ??_OSCILLATOR_Initialize 0007  
                          _EUSART_ErrorHandler 0001                                       __ptext10 7E96  
                                     __ptext11 7E8C                        ?_EUSART_SetErrorHandler 0007  
EUSART_SetOverrunErrorHandler@interruptHandler 0007                                       isa$xinst 000000  
        __end_of_EUSART_SetFramingErrorHandler 7EA0                  _EUSART_SetFramingErrorHandler 7E96  
                    ?_USART_Character_Transmit 0007                                     _INTCONbits 000FF2  
                      ?_PIN_MANAGER_Initialize 0007                 __end_of_EUSART_SetErrorHandler 7E96  
EUSART_SetFramingErrorHandler@interruptHandler 0007                             EUSART_Write@txData 0007  
               __end_of_PIN_MANAGER_Initialize 7F90  
