

Microchip MPLAB XC8 Assembler V2.41 build 20230208172133 
                                                                                               Mon Jul 03 21:24:10 2023

Microchip MPLAB XC8 C Compiler v2.41 (Free license) build 20230208172133 Og1 
     1                           	processor	18F45K20
     2                           	fnconf	rparam,??,?,0
     3                           	pagewidth 120
     4                           	opt	flic
     5                           	psect	cinit,global,reloc=2,class=CODE,delta=1
     6                           	psect	bssCOMRAM,global,class=COMRAM,space=1,delta=1,lowdata,noexec
     7                           	psect	cstackCOMRAM,global,class=COMRAM,space=1,delta=1,lowdata,noexec
     8                           	psect	text0,global,reloc=2,class=CODE,delta=1
     9                           	psect	text1,global,reloc=2,class=CODE,delta=1
    10                           	psect	text2,global,reloc=2,class=CODE,delta=1
    11                           	psect	text3,global,reloc=2,class=CODE,delta=1
    12                           	psect	text4,global,reloc=2,class=CODE,delta=1
    13                           	psect	text5,global,reloc=2,class=CODE,delta=1
    14                           	psect	intsave_regs,global,class=BIGRAM,space=1,delta=1,noexec
    15                           	psect	rparam,global,class=COMRAM,space=1,delta=1,noexec
    16                           	psect	idloc,global,abs,ovrld,class=IDLOC,space=5,delta=1,noexec
    17                           	psect	config,global,abs,ovrld,class=CONFIG,space=4,delta=1,noexec
    18   000000                     
    19                           ; Generated 06/04/2022 GMT
    20                           ; 
    21                           ; Copyright © 2022, Microchip Technology Inc. and its subsidiaries ("Microchip")
    22                           ; All rights reserved.
    23                           ; 
    24                           ; This software is developed by Microchip Technology Inc. and its subsidiaries ("Microch
      +                          ip").
    25                           ; 
    26                           ; Redistribution and use in source and binary forms, with or without modification, are
    27                           ; permitted provided that the following conditions are met:
    28                           ; 
    29                           ;     1. Redistributions of source code must retain the above copyright notice, this lis
      +                          t of
    30                           ;        conditions and the following disclaimer.
    31                           ; 
    32                           ;     2. Redistributions in binary form must reproduce the above copyright notice, this 
      +                          list
    33                           ;        of conditions and the following disclaimer in the documentation and/or other
    34                           ;        materials provided with the distribution. Publication is not required when
    35                           ;        this file is used in an embedded application.
    36                           ; 
    37                           ;     3. Microchip's name may not be used to endorse or promote products derived from th
      +                          is
    38                           ;        software without specific prior written permission.
    39                           ; 
    40                           ; THIS SOFTWARE IS PROVIDED BY MICROCHIP "AS IS" AND ANY EXPRESS OR IMPLIED WARRANTIES,
    41                           ; INCLUDING, BUT NOT LIMITED TO, THE IMPLIED WARRANTIES OF MERCHANTABILITY AND FITNESS F
      +                          OR
    42                           ; PURPOSE ARE DISCLAIMED.  IN NO EVENT SHALL MICROCHIP BE LIABLE FOR ANY DIRECT, INDIREC
      +                          T,
    43                           ; INCIDENTAL, SPECIAL, EXEMPLARY, OR CONSEQUENTIAL DAMAGES (INCLUDING BUT NOT LIMITED TO
    44                           ; PROCUREMENT OF SUBSTITUTE GOODS OR SERVICES; LOSS OF USE, DATA OR PROFITS; OR BUSINESS
    45                           ; INTERRUPTION) HOWSOEVER CAUSED AND ON ANY THEORY OF LIABILITY, WHETHER IN CONTRACT, ST
      +                          RICT
    46                           ; LIABILITY, OR TORT (INCLUDING NEGLIGENCE OR OTHERWISE) ARISING IN ANY WAY OUT OF THE U
      +                          SE OF
    47                           ; THIS SOFTWARE, EVEN IF ADVISED OF THE POSSIBILITY OF SUCH DAMAGE.
    48                           ; 
    49                           ; 
    50                           ; Code-generator required, PIC18F45K20 Definitions
    51                           ; 
    52                           ; SFR Addresses
    53   000000                     _TRISD	set	3989
    54   000000                     _TRISC	set	3988
    55   000000                     _TRISB	set	3987
    56   000000                     _LATC	set	3979
    57   000000                     _LATB	set	3978
    58   000000                     _EEDATA	set	4008
    59   000000                     _EEADR	set	4009
    60   000000                     _EECON2	set	4007
    61   000000                     _WPUB	set	3964
    62   000000                     _ANSEL	set	3966
    63   000000                     _LATA	set	3977
    64   000000                     _LATD	set	3980
    65   000000                     _LATE	set	3981
    66   000000                     _OSCTUNE	set	3995
    67   000000                     _OSCCON	set	4051
    68   000000                     _INTCON2bits	set	4081
    69   000000                     _INTCONbits	set	4082
    70   000000                     _TABLAT	set	4085
    71   000000                     _TBLPTRL	set	4086
    72   000000                     _TBLPTRH	set	4087
    73   000000                     _TBLPTRU	set	4088
    74   000000                     _PIR2bits	set	4001
    75   000000                     _EECON1bits	set	4006
    76   000000                     _TRISA	set	3986
    77   000000                     _TRISE	set	3990
    78   000000                     _ANSELH	set	3967
    79                           
    80                           ; #config settings
    81                           
    82                           	psect	cinit
    83   007EB2                     __pcinit:
    84                           	callstack 0
    85   007EB2                     start_initialization:
    86                           	callstack 0
    87   007EB2                     __initialization:
    88                           	callstack 0
    89                           
    90                           ; Clear objects allocated to COMRAM (1 bytes)
    91   007EB2  6A06               	clrf	__pbssCOMRAM& (0+255),c
    92   007EB4                     end_of_initialization:
    93                           	callstack 0
    94   007EB4                     __end_of__initialization:
    95                           	callstack 0
    96   007EB4  0100               	movlb	0
    97   007EB6  EFA9  F03F         	goto	_main	;jump to C main() function
    98                           
    99                           	psect	bssCOMRAM
   100   000006                     __pbssCOMRAM:
   101                           	callstack 0
   102   000006                     _RAM:
   103                           	callstack 0
   104   000006                     	ds	1
   105                           
   106                           	psect	cstackCOMRAM
   107   000001                     __pcstackCOMRAM:
   108                           	callstack 0
   109   000001                     DATAEE_WriteByte@bData:
   110                           	callstack 0
   111   000001                     DATAEE_ReadByte@bAdd:
   112                           	callstack 0
   113                           
   114                           ; 1 bytes @ 0x0
   115   000001                     	ds	1
   116   000002                     DATAEE_WriteByte@bAdd:
   117                           	callstack 0
   118                           
   119                           ; 1 bytes @ 0x1
   120   000002                     	ds	1
   121   000003                     DATAEE_WriteByte@GIEBitValue:
   122                           	callstack 0
   123                           
   124                           ; 1 bytes @ 0x2
   125   000003                     	ds	1
   126   000004                     ??_main:
   127                           
   128                           ; 1 bytes @ 0x3
   129   000004                     	ds	2
   130                           
   131 ;;
   132 ;;Main: autosize = 0, tempsize = 2, incstack = 0, save=0
   133 ;;
   134 ;; *************** function _main *****************
   135 ;; Defined at:
   136 ;;		line 20 in file "main.c"
   137 ;; Parameters:    Size  Location     Type
   138 ;;		None
   139 ;; Auto vars:     Size  Location     Type
   140 ;;		None
   141 ;; Return value:  Size  Location     Type
   142 ;;                  1    wreg      void 
   143 ;; Registers used:
   144 ;;		wreg, status,2, cstack
   145 ;; Tracked objects:
   146 ;;		On entry : 0/0
   147 ;;		On exit  : 0/0
   148 ;;		Unchanged: 0/0
   149 ;; Data sizes:     COMRAM   BANK0   BANK1   BANK2   BANK3   BANK4   BANK5
   150 ;;      Params:         0       0       0       0       0       0       0
   151 ;;      Locals:         0       0       0       0       0       0       0
   152 ;;      Temps:          2       0       0       0       0       0       0
   153 ;;      Totals:         2       0       0       0       0       0       0
   154 ;;Total ram usage:        2 bytes
   155 ;; Hardware stack levels required when called: 2
   156 ;; This function calls:
   157 ;;		_DATAEE_ReadByte
   158 ;;		_DATAEE_WriteByte
   159 ;;		_SYSTEM_Initialize
   160 ;; This function is called by:
   161 ;;		Startup code after reset
   162 ;; This function uses a non-reentrant model
   163 ;;
   164                           
   165                           	psect	text0
   166   007F52                     __ptext0:
   167                           	callstack 0
   168   007F52                     _main:
   169                           	callstack 29
   170   007F52                     
   171                           ;main.c: 23:     SYSTEM_Initialize();
   172   007F52  EC62  F03F         	call	_SYSTEM_Initialize	;wreg free
   173                           
   174                           ;main.c: 25:     DATAEE_WriteByte(0x01,0xFF);
   175   007F56  0EFF               	movlw	255
   176   007F58  6E01               	movwf	DATAEE_WriteByte@bData^0,c
   177   007F5A  0E01               	movlw	1
   178   007F5C  EC89  F03F         	call	_DATAEE_WriteByte
   179                           
   180                           ;main.c: 26:     DATAEE_WriteByte(0x02,0xF0);
   181   007F60  0EF0               	movlw	240
   182   007F62  6E01               	movwf	DATAEE_WriteByte@bData^0,c
   183   007F64  0E02               	movlw	2
   184   007F66  EC89  F03F         	call	_DATAEE_WriteByte
   185                           
   186                           ;main.c: 27:     DATAEE_WriteByte(0x03,0x0F);
   187   007F6A  0E0F               	movlw	15
   188   007F6C  6E01               	movwf	DATAEE_WriteByte@bData^0,c
   189   007F6E  0E03               	movlw	3
   190   007F70  EC89  F03F         	call	_DATAEE_WriteByte
   191   007F74                     
   192                           ;main.c: 28:     _delay((unsigned long)((10)*(20000000/4000.0)));
   193   007F74  0E41               	movlw	65
   194   007F76  6E04               	movwf	??_main^0,c
   195   007F78  0EEE               	movlw	238
   196   007F7A                     u147:
   197   007F7A  2EE8               	decfsz	wreg,f,c
   198   007F7C  D7FE               	bra	u147
   199   007F7E  2E04               	decfsz	??_main^0,f,c
   200   007F80  D7FC               	bra	u147
   201   007F82  F000 F000          	nop2	
   202   007F86                     
   203                           ;main.c: 30:     RAM = DATAEE_ReadByte(0x01);
   204   007F86  0E01               	movlw	1
   205   007F88  EC67  F03F         	call	_DATAEE_ReadByte
   206   007F8C  6E06               	movwf	_RAM^0,c
   207   007F8E                     
   208                           ;main.c: 31:     LATB = RAM;
   209   007F8E  C006  FF8A         	movff	_RAM,3978	;volatile
   210                           
   211                           ;main.c: 32:     _delay((unsigned long)((500)*(20000000/4000.0)));
   212   007F92  0E0D               	movlw	13
   213   007F94  6E05               	movwf	(??_main+1)^0,c
   214   007F96  0EAF               	movlw	175
   215   007F98  6E04               	movwf	??_main^0,c
   216   007F9A  0EB6               	movlw	182
   217   007F9C                     u157:
   218   007F9C  2EE8               	decfsz	wreg,f,c
   219   007F9E  D7FE               	bra	u157
   220   007FA0  2E04               	decfsz	??_main^0,f,c
   221   007FA2  D7FC               	bra	u157
   222   007FA4  2E05               	decfsz	(??_main+1)^0,f,c
   223   007FA6  D7FA               	bra	u157
   224   007FA8  F000 F000          	nop2	
   225   007FAC                     
   226                           ;main.c: 34:     RAM = DATAEE_ReadByte(0x02);
   227   007FAC  0E02               	movlw	2
   228   007FAE  EC67  F03F         	call	_DATAEE_ReadByte
   229   007FB2  6E06               	movwf	_RAM^0,c
   230   007FB4                     
   231                           ;main.c: 35:     LATB = RAM;
   232   007FB4  C006  FF8A         	movff	_RAM,3978	;volatile
   233   007FB8                     
   234                           ;main.c: 36:     _delay((unsigned long)((500)*(20000000/4000.0)));
   235   007FB8  0E0D               	movlw	13
   236   007FBA  6E05               	movwf	(??_main+1)^0,c
   237   007FBC  0EAF               	movlw	175
   238   007FBE  6E04               	movwf	??_main^0,c
   239   007FC0  0EB6               	movlw	182
   240   007FC2                     u167:
   241   007FC2  2EE8               	decfsz	wreg,f,c
   242   007FC4  D7FE               	bra	u167
   243   007FC6  2E04               	decfsz	??_main^0,f,c
   244   007FC8  D7FC               	bra	u167
   245   007FCA  2E05               	decfsz	(??_main+1)^0,f,c
   246   007FCC  D7FA               	bra	u167
   247   007FCE  F000 F000          	nop2	
   248                           
   249                           ;main.c: 38:     RAM = DATAEE_ReadByte(0x03);
   250   007FD2  0E03               	movlw	3
   251   007FD4  EC67  F03F         	call	_DATAEE_ReadByte
   252   007FD8  6E06               	movwf	_RAM^0,c
   253   007FDA                     
   254                           ;main.c: 39:     LATB = RAM;
   255   007FDA  C006  FF8A         	movff	_RAM,3978	;volatile
   256   007FDE                     
   257                           ;main.c: 40:     _delay((unsigned long)((500)*(20000000/4000.0)));
   258   007FDE  0E0D               	movlw	13
   259   007FE0  6E05               	movwf	(??_main+1)^0,c
   260   007FE2  0EAF               	movlw	175
   261   007FE4  6E04               	movwf	??_main^0,c
   262   007FE6  0EB6               	movlw	182
   263   007FE8                     u177:
   264   007FE8  2EE8               	decfsz	wreg,f,c
   265   007FEA  D7FE               	bra	u177
   266   007FEC  2E04               	decfsz	??_main^0,f,c
   267   007FEE  D7FC               	bra	u177
   268   007FF0  2E05               	decfsz	(??_main+1)^0,f,c
   269   007FF2  D7FA               	bra	u177
   270   007FF4  F000 F000          	nop2	
   271   007FF8                     l130:
   272   007FF8  EFFC  F03F         	goto	l130
   273   007FFC  EF00  F000         	goto	start
   274   008000                     __end_of_main:
   275                           	callstack 0
   276                           
   277 ;; *************** function _SYSTEM_Initialize *****************
   278 ;; Defined at:
   279 ;;		line 50 in file "mcc_generated_files/mcc.c"
   280 ;; Parameters:    Size  Location     Type
   281 ;;		None
   282 ;; Auto vars:     Size  Location     Type
   283 ;;		None
   284 ;; Return value:  Size  Location     Type
   285 ;;                  1    wreg      void 
   286 ;; Registers used:
   287 ;;		wreg, status,2, cstack
   288 ;; Tracked objects:
   289 ;;		On entry : 0/0
   290 ;;		On exit  : 0/0
   291 ;;		Unchanged: 0/0
   292 ;; Data sizes:     COMRAM   BANK0   BANK1   BANK2   BANK3   BANK4   BANK5
   293 ;;      Params:         0       0       0       0       0       0       0
   294 ;;      Locals:         0       0       0       0       0       0       0
   295 ;;      Temps:          0       0       0       0       0       0       0
   296 ;;      Totals:         0       0       0       0       0       0       0
   297 ;;Total ram usage:        0 bytes
   298 ;; Hardware stack levels used: 1
   299 ;; Hardware stack levels required when called: 1
   300 ;; This function calls:
   301 ;;		_OSCILLATOR_Initialize
   302 ;;		_PIN_MANAGER_Initialize
   303 ;; This function is called by:
   304 ;;		_main
   305 ;; This function uses a non-reentrant model
   306 ;;
   307                           
   308                           	psect	text1
   309   007EC4                     __ptext1:
   310                           	callstack 0
   311   007EC4                     _SYSTEM_Initialize:
   312                           	callstack 29
   313   007EC4                     
   314                           ;mcc_generated_files/mcc.c: 53:     PIN_MANAGER_Initialize();
   315   007EC4  EC71  F03F         	call	_PIN_MANAGER_Initialize	;wreg free
   316                           
   317                           ;mcc_generated_files/mcc.c: 54:     OSCILLATOR_Initialize();
   318   007EC8  EC5D  F03F         	call	_OSCILLATOR_Initialize	;wreg free
   319   007ECC  0012               	return		;funcret
   320   007ECE                     __end_of_SYSTEM_Initialize:
   321                           	callstack 0
   322                           
   323 ;; *************** function _PIN_MANAGER_Initialize *****************
   324 ;; Defined at:
   325 ;;		line 55 in file "mcc_generated_files/pin_manager.c"
   326 ;; Parameters:    Size  Location     Type
   327 ;;		None
   328 ;; Auto vars:     Size  Location     Type
   329 ;;		None
   330 ;; Return value:  Size  Location     Type
   331 ;;                  1    wreg      void 
   332 ;; Registers used:
   333 ;;		wreg, status,2
   334 ;; Tracked objects:
   335 ;;		On entry : 0/0
   336 ;;		On exit  : 0/0
   337 ;;		Unchanged: 0/0
   338 ;; Data sizes:     COMRAM   BANK0   BANK1   BANK2   BANK3   BANK4   BANK5
   339 ;;      Params:         0       0       0       0       0       0       0
   340 ;;      Locals:         0       0       0       0       0       0       0
   341 ;;      Temps:          0       0       0       0       0       0       0
   342 ;;      Totals:         0       0       0       0       0       0       0
   343 ;;Total ram usage:        0 bytes
   344 ;; Hardware stack levels used: 1
   345 ;; This function calls:
   346 ;;		Nothing
   347 ;; This function is called by:
   348 ;;		_SYSTEM_Initialize
   349 ;; This function uses a non-reentrant model
   350 ;;
   351                           
   352                           	psect	text2
   353   007EE2                     __ptext2:
   354                           	callstack 0
   355   007EE2                     _PIN_MANAGER_Initialize:
   356                           	callstack 29
   357   007EE2                     
   358                           ;mcc_generated_files/pin_manager.c: 60:     LATE = 0x00;
   359   007EE2  0E00               	movlw	0
   360   007EE4  6E8D               	movwf	141,c	;volatile
   361                           
   362                           ;mcc_generated_files/pin_manager.c: 61:     LATD = 0x00;
   363   007EE6  0E00               	movlw	0
   364   007EE8  6E8C               	movwf	140,c	;volatile
   365                           
   366                           ;mcc_generated_files/pin_manager.c: 62:     LATA = 0x00;
   367   007EEA  0E00               	movlw	0
   368   007EEC  6E89               	movwf	137,c	;volatile
   369                           
   370                           ;mcc_generated_files/pin_manager.c: 63:     LATB = 0x00;
   371   007EEE  0E00               	movlw	0
   372   007EF0  6E8A               	movwf	138,c	;volatile
   373                           
   374                           ;mcc_generated_files/pin_manager.c: 64:     LATC = 0x00;
   375   007EF2  0E00               	movlw	0
   376   007EF4  6E8B               	movwf	139,c	;volatile
   377                           
   378                           ;mcc_generated_files/pin_manager.c: 69:     TRISE = 0x07;
   379   007EF6  0E07               	movlw	7
   380   007EF8  6E96               	movwf	150,c	;volatile
   381   007EFA                     
   382                           ;mcc_generated_files/pin_manager.c: 70:     TRISA = 0xFF;
   383   007EFA  6892               	setf	146,c	;volatile
   384                           
   385                           ;mcc_generated_files/pin_manager.c: 71:     TRISB = 0x00;
   386   007EFC  0E00               	movlw	0
   387   007EFE  6E93               	movwf	147,c	;volatile
   388   007F00                     
   389                           ;mcc_generated_files/pin_manager.c: 72:     TRISC = 0xFF;
   390   007F00  6894               	setf	148,c	;volatile
   391   007F02                     
   392                           ;mcc_generated_files/pin_manager.c: 73:     TRISD = 0xFF;
   393   007F02  6895               	setf	149,c	;volatile
   394   007F04                     
   395                           ;mcc_generated_files/pin_manager.c: 78:     ANSEL = 0xFF;
   396   007F04  687E               	setf	126,c	;volatile
   397                           
   398                           ;mcc_generated_files/pin_manager.c: 79:     ANSELH = 0x1F;
   399   007F06  0E1F               	movlw	31
   400   007F08  6E7F               	movwf	127,c	;volatile
   401                           
   402                           ;mcc_generated_files/pin_manager.c: 84:     WPUB = 0x00;
   403   007F0A  0E00               	movlw	0
   404   007F0C  6E7C               	movwf	124,c	;volatile
   405   007F0E                     
   406                           ;mcc_generated_files/pin_manager.c: 85:     INTCON2bits.nRBPU = 1;
   407   007F0E  8EF1               	bsf	241,7,c	;volatile
   408   007F10  0012               	return		;funcret
   409   007F12                     __end_of_PIN_MANAGER_Initialize:
   410                           	callstack 0
   411                           
   412 ;; *************** function _OSCILLATOR_Initialize *****************
   413 ;; Defined at:
   414 ;;		line 57 in file "mcc_generated_files/mcc.c"
   415 ;; Parameters:    Size  Location     Type
   416 ;;		None
   417 ;; Auto vars:     Size  Location     Type
   418 ;;		None
   419 ;; Return value:  Size  Location     Type
   420 ;;                  1    wreg      void 
   421 ;; Registers used:
   422 ;;		wreg, status,2
   423 ;; Tracked objects:
   424 ;;		On entry : 0/0
   425 ;;		On exit  : 0/0
   426 ;;		Unchanged: 0/0
   427 ;; Data sizes:     COMRAM   BANK0   BANK1   BANK2   BANK3   BANK4   BANK5
   428 ;;      Params:         0       0       0       0       0       0       0
   429 ;;      Locals:         0       0       0       0       0       0       0
   430 ;;      Temps:          0       0       0       0       0       0       0
   431 ;;      Totals:         0       0       0       0       0       0       0
   432 ;;Total ram usage:        0 bytes
   433 ;; Hardware stack levels used: 1
   434 ;; This function calls:
   435 ;;		Nothing
   436 ;; This function is called by:
   437 ;;		_SYSTEM_Initialize
   438 ;; This function uses a non-reentrant model
   439 ;;
   440                           
   441                           	psect	text3
   442   007EBA                     __ptext3:
   443                           	callstack 0
   444   007EBA                     _OSCILLATOR_Initialize:
   445                           	callstack 29
   446   007EBA                     
   447                           ;mcc_generated_files/mcc.c: 60:     OSCCON = 0x60;
   448   007EBA  0E60               	movlw	96
   449   007EBC  6ED3               	movwf	211,c	;volatile
   450                           
   451                           ;mcc_generated_files/mcc.c: 62:     OSCTUNE = 0x00;
   452   007EBE  0E00               	movlw	0
   453   007EC0  6E9B               	movwf	155,c	;volatile
   454   007EC2  0012               	return		;funcret
   455   007EC4                     __end_of_OSCILLATOR_Initialize:
   456                           	callstack 0
   457                           
   458 ;; *************** function _DATAEE_WriteByte *****************
   459 ;; Defined at:
   460 ;;		line 173 in file "mcc_generated_files/memory.c"
   461 ;; Parameters:    Size  Location     Type
   462 ;;  bAdd            1    wreg     unsigned char 
   463 ;;  bData           1    0[COMRAM] unsigned char 
   464 ;; Auto vars:     Size  Location     Type
   465 ;;  bAdd            1    1[COMRAM] unsigned char 
   466 ;;  GIEBitValue     1    2[COMRAM] unsigned char 
   467 ;; Return value:  Size  Location     Type
   468 ;;                  1    wreg      void 
   469 ;; Registers used:
   470 ;;		wreg, status,2
   471 ;; Tracked objects:
   472 ;;		On entry : 0/0
   473 ;;		On exit  : 0/0
   474 ;;		Unchanged: 0/0
   475 ;; Data sizes:     COMRAM   BANK0   BANK1   BANK2   BANK3   BANK4   BANK5
   476 ;;      Params:         1       0       0       0       0       0       0
   477 ;;      Locals:         2       0       0       0       0       0       0
   478 ;;      Temps:          0       0       0       0       0       0       0
   479 ;;      Totals:         3       0       0       0       0       0       0
   480 ;;Total ram usage:        3 bytes
   481 ;; Hardware stack levels used: 1
   482 ;; This function calls:
   483 ;;		Nothing
   484 ;; This function is called by:
   485 ;;		_main
   486 ;; This function uses a non-reentrant model
   487 ;;
   488                           
   489                           	psect	text4
   490   007F12                     __ptext4:
   491                           	callstack 0
   492   007F12                     _DATAEE_WriteByte:
   493                           	callstack 30
   494                           
   495                           ;incstack = 0
   496                           ;DATAEE_WriteByte@bAdd stored from wreg
   497   007F12  6E02               	movwf	DATAEE_WriteByte@bAdd^0,c
   498   007F14                     
   499                           ;mcc_generated_files/memory.c: 173: void DATAEE_WriteByte(uint8_t bAdd, uint8_t bData);m
      +                          cc_generated_files/memory.c: 174: {;mcc_generated_files/memory.c: 175:     uint8_t GIEBi
      +                          tValue = INTCONbits.GIE;
   500   007F14  0E00               	movlw	0
   501   007F16  BEF2               	btfsc	242,7,c	;volatile
   502   007F18  0E01               	movlw	1
   503   007F1A  6E03               	movwf	DATAEE_WriteByte@GIEBitValue^0,c
   504   007F1C                     
   505                           ;mcc_generated_files/memory.c: 177:     EEADR = (uint8_t)(bAdd & 0xFF);
   506   007F1C  C002  FFA9         	movff	DATAEE_WriteByte@bAdd,4009	;volatile
   507   007F20                     
   508                           ;mcc_generated_files/memory.c: 178:     EEDATA = bData;
   509   007F20  C001  FFA8         	movff	DATAEE_WriteByte@bData,4008	;volatile
   510   007F24                     
   511                           ;mcc_generated_files/memory.c: 179:     EECON1bits.EEPGD = 0;
   512   007F24  9EA6               	bcf	166,7,c	;volsfr
   513   007F26                     
   514                           ;mcc_generated_files/memory.c: 180:     EECON1bits.CFGS = 0;
   515   007F26  9CA6               	bcf	166,6,c	;volsfr
   516   007F28                     
   517                           ;mcc_generated_files/memory.c: 181:     EECON1bits.WREN = 1;
   518   007F28  84A6               	bsf	166,2,c	;volsfr
   519   007F2A                     
   520                           ;mcc_generated_files/memory.c: 182:     INTCONbits.GIE = 0;
   521   007F2A  9EF2               	bcf	242,7,c	;volatile
   522   007F2C                     
   523                           ;mcc_generated_files/memory.c: 183:     EECON2 = 0x55;
   524   007F2C  0E55               	movlw	85
   525   007F2E  6EA7               	movwf	167,c	;volsfr
   526   007F30                     
   527                           ;mcc_generated_files/memory.c: 184:     EECON2 = 0xAA;
   528   007F30  0EAA               	movlw	170
   529   007F32  6EA7               	movwf	167,c	;volsfr
   530   007F34                     
   531                           ;mcc_generated_files/memory.c: 185:     EECON1bits.WR = 1;
   532   007F34  82A6               	bsf	166,1,c	;volsfr
   533   007F36                     l68:
   534                           
   535                           ;mcc_generated_files/memory.c: 187:     while (EECON1bits.WR)
   536   007F36  B2A6               	btfsc	166,1,c	;volsfr
   537   007F38  EFA0  F03F         	goto	u121
   538   007F3C  EFA2  F03F         	goto	u120
   539   007F40                     u121:
   540   007F40  EF9B  F03F         	goto	l68
   541   007F44                     u120:
   542   007F44                     
   543                           ;mcc_generated_files/memory.c: 191:     EECON1bits.WREN = 0;
   544   007F44  94A6               	bcf	166,2,c	;volsfr
   545                           
   546                           ;mcc_generated_files/memory.c: 192:     INTCONbits.GIE = GIEBitValue;
   547   007F46  B003               	btfsc	DATAEE_WriteByte@GIEBitValue^0,0,c
   548   007F48  D002               	bra	u135
   549   007F4A  9EF2               	bcf	242,7,c	;volatile
   550   007F4C  D001               	bra	u136
   551   007F4E                     u135:
   552   007F4E  8EF2               	bsf	242,7,c	;volatile
   553   007F50                     u136:
   554   007F50  0012               	return		;funcret
   555   007F52                     __end_of_DATAEE_WriteByte:
   556                           	callstack 0
   557                           
   558 ;; *************** function _DATAEE_ReadByte *****************
   559 ;; Defined at:
   560 ;;		line 195 in file "mcc_generated_files/memory.c"
   561 ;; Parameters:    Size  Location     Type
   562 ;;  bAdd            1    wreg     unsigned char 
   563 ;; Auto vars:     Size  Location     Type
   564 ;;  bAdd            1    0[COMRAM] unsigned char 
   565 ;; Return value:  Size  Location     Type
   566 ;;                  1    wreg      unsigned char 
   567 ;; Registers used:
   568 ;;		wreg, status,2
   569 ;; Tracked objects:
   570 ;;		On entry : 0/0
   571 ;;		On exit  : 0/0
   572 ;;		Unchanged: 0/0
   573 ;; Data sizes:     COMRAM   BANK0   BANK1   BANK2   BANK3   BANK4   BANK5
   574 ;;      Params:         0       0       0       0       0       0       0
   575 ;;      Locals:         1       0       0       0       0       0       0
   576 ;;      Temps:          0       0       0       0       0       0       0
   577 ;;      Totals:         1       0       0       0       0       0       0
   578 ;;Total ram usage:        1 bytes
   579 ;; Hardware stack levels used: 1
   580 ;; This function calls:
   581 ;;		Nothing
   582 ;; This function is called by:
   583 ;;		_main
   584 ;; This function uses a non-reentrant model
   585 ;;
   586                           
   587                           	psect	text5
   588   007ECE                     __ptext5:
   589                           	callstack 0
   590   007ECE                     _DATAEE_ReadByte:
   591                           	callstack 30
   592                           
   593                           ;incstack = 0
   594                           ;DATAEE_ReadByte@bAdd stored from wreg
   595   007ECE  6E01               	movwf	DATAEE_ReadByte@bAdd^0,c
   596   007ED0                     
   597                           ;mcc_generated_files/memory.c: 195: uint8_t DATAEE_ReadByte(uint8_t bAdd);mcc_generated_
      +                          files/memory.c: 196: {;mcc_generated_files/memory.c: 197:     EEADR = (uint8_t)(bAdd & 0
      +                          xFF);
   598   007ED0  C001  FFA9         	movff	DATAEE_ReadByte@bAdd,4009	;volatile
   599   007ED4                     
   600                           ;mcc_generated_files/memory.c: 198:     EECON1bits.CFGS = 0;
   601   007ED4  9CA6               	bcf	166,6,c	;volsfr
   602   007ED6                     
   603                           ;mcc_generated_files/memory.c: 199:     EECON1bits.EEPGD = 0;
   604   007ED6  9EA6               	bcf	166,7,c	;volsfr
   605   007ED8                     
   606                           ;mcc_generated_files/memory.c: 200:     EECON1bits.RD = 1;
   607   007ED8  80A6               	bsf	166,0,c	;volsfr
   608   007EDA                     
   609                           ;mcc_generated_files/memory.c: 201:     __nop();
   610   007EDA  F000               	nop	
   611   007EDC                     
   612                           ;mcc_generated_files/memory.c: 202:     __nop();
   613   007EDC  F000               	nop	
   614   007EDE                     
   615                           ;mcc_generated_files/memory.c: 204:     return (EEDATA);
   616   007EDE  50A8               	movf	168,w,c	;volatile
   617   007EE0  0012               	return		;funcret
   618   007EE2                     __end_of_DATAEE_ReadByte:
   619                           	callstack 0
   620   000000                     
   621                           	psect	rparam
   622   000000                     
   623                           	psect	idloc
   624                           
   625                           ;Config register IDLOC0 @ 0x200000
   626                           ;	unspecified, using default values
   627   200000                     	org	2097152
   628   200000  FF                 	db	255
   629                           
   630                           ;Config register IDLOC1 @ 0x200001
   631                           ;	unspecified, using default values
   632   200001                     	org	2097153
   633   200001  FF                 	db	255
   634                           
   635                           ;Config register IDLOC2 @ 0x200002
   636                           ;	unspecified, using default values
   637   200002                     	org	2097154
   638   200002  FF                 	db	255
   639                           
   640                           ;Config register IDLOC3 @ 0x200003
   641                           ;	unspecified, using default values
   642   200003                     	org	2097155
   643   200003  FF                 	db	255
   644                           
   645                           ;Config register IDLOC4 @ 0x200004
   646                           ;	unspecified, using default values
   647   200004                     	org	2097156
   648   200004  FF                 	db	255
   649                           
   650                           ;Config register IDLOC5 @ 0x200005
   651                           ;	unspecified, using default values
   652   200005                     	org	2097157
   653   200005  FF                 	db	255
   654                           
   655                           ;Config register IDLOC6 @ 0x200006
   656                           ;	unspecified, using default values
   657   200006                     	org	2097158
   658   200006  FF                 	db	255
   659                           
   660                           ;Config register IDLOC7 @ 0x200007
   661                           ;	unspecified, using default values
   662   200007                     	org	2097159
   663   200007  FF                 	db	255
   664                           
   665                           	psect	config
   666                           
   667                           ; Padding undefined space
   668   300000                     	org	3145728
   669   300000  FF                 	db	255
   670                           
   671                           ;Config register CONFIG1H @ 0x300001
   672                           ;	Oscillator Selection bits
   673                           ;	FOSC = HS, HS oscillator
   674                           ;	Fail-Safe Clock Monitor Enable bit
   675                           ;	FCMEN = OFF, Fail-Safe Clock Monitor disabled
   676                           ;	Internal/External Oscillator Switchover bit
   677                           ;	IESO = OFF, Oscillator Switchover mode disabled
   678   300001                     	org	3145729
   679   300001  02                 	db	2
   680                           
   681                           ;Config register CONFIG2L @ 0x300002
   682                           ;	Power-up Timer Enable bit
   683                           ;	PWRT = OFF, PWRT disabled
   684                           ;	Brown-out Reset Enable bits
   685                           ;	BOREN = SBORDIS, Brown-out Reset enabled in hardware only (SBOREN is disabled)
   686                           ;	Brown Out Reset Voltage bits
   687                           ;	BORV = 18, VBOR set to 1.8 V nominal
   688   300002                     	org	3145730
   689   300002  1F                 	db	31
   690                           
   691                           ;Config register CONFIG2H @ 0x300003
   692                           ;	Watchdog Timer Enable bit
   693                           ;	WDTEN = OFF, WDT is controlled by SWDTEN bit of the WDTCON register
   694                           ;	Watchdog Timer Postscale Select bits
   695                           ;	WDTPS = 32768, 1:32768
   696   300003                     	org	3145731
   697   300003  1E                 	db	30
   698                           
   699                           ; Padding undefined space
   700   300004                     	org	3145732
   701   300004  FF                 	db	255
   702                           
   703                           ;Config register CONFIG3H @ 0x300005
   704                           ;	CCP2 MUX bit
   705                           ;	CCP2MX = PORTC, CCP2 input/output is multiplexed with RC1
   706                           ;	PORTB A/D Enable bit
   707                           ;	PBADEN = ON, PORTB<4:0> pins are configured as analog input channels on Reset
   708                           ;	Low-Power Timer1 Oscillator Enable bit
   709                           ;	LPT1OSC = OFF, Timer1 configured for higher power operation
   710                           ;	HFINTOSC Fast Start-up
   711                           ;	HFOFST = ON, HFINTOSC starts clocking the CPU without waiting for the oscillator to st
      +                          ablize.
   712                           ;	MCLR Pin Enable bit
   713                           ;	MCLRE = ON, MCLR pin enabled; RE3 input pin disabled
   714   300005                     	org	3145733
   715   300005  8B                 	db	139
   716                           
   717                           ;Config register CONFIG4L @ 0x300006
   718                           ;	Stack Full/Underflow Reset Enable bit
   719                           ;	STVREN = ON, Stack full/underflow will cause Reset
   720                           ;	Single-Supply ICSP Enable bit
   721                           ;	LVP = OFF, Single-Supply ICSP disabled
   722                           ;	Extended Instruction Set Enable bit
   723                           ;	XINST = OFF, Instruction set extension and Indexed Addressing mode disabled (Legacy mo
      +                          de)
   724                           ;	Background Debugger Enable bit
   725                           ;	DEBUG = OFF, Background debugger disabled, RB6 and RB7 configured as general purpose I
      +                          /O pins
   726   300006                     	org	3145734
   727   300006  81                 	db	129
   728                           
   729                           ; Padding undefined space
   730   300007                     	org	3145735
   731   300007  FF                 	db	255
   732                           
   733                           ;Config register CONFIG5L @ 0x300008
   734                           ;	Code Protection Block 0
   735                           ;	CP0 = OFF, Block 0 (000800-001FFFh) not code-protected
   736                           ;	Code Protection Block 1
   737                           ;	CP1 = OFF, Block 1 (002000-003FFFh) not code-protected
   738                           ;	Code Protection Block 2
   739                           ;	CP2 = OFF, Block 2 (004000-005FFFh) not code-protected
   740                           ;	Code Protection Block 3
   741                           ;	CP3 = OFF, Block 3 (006000-007FFFh) not code-protected
   742   300008                     	org	3145736
   743   300008  0F                 	db	15
   744                           
   745                           ;Config register CONFIG5H @ 0x300009
   746                           ;	Boot Block Code Protection bit
   747                           ;	CPB = OFF, Boot block (000000-0007FFh) not code-protected
   748                           ;	Data EEPROM Code Protection bit
   749                           ;	CPD = OFF, Data EEPROM not code-protected
   750   300009                     	org	3145737
   751   300009  C0                 	db	192
   752                           
   753                           ;Config register CONFIG6L @ 0x30000A
   754                           ;	Write Protection Block 0
   755                           ;	WRT0 = OFF, Block 0 (000800-001FFFh) not write-protected
   756                           ;	Write Protection Block 1
   757                           ;	WRT1 = OFF, Block 1 (002000-003FFFh) not write-protected
   758                           ;	Write Protection Block 2
   759                           ;	WRT2 = OFF, Block 2 (004000-005FFFh) not write-protected
   760                           ;	Write Protection Block 3
   761                           ;	WRT3 = OFF, Block 3 (006000-007FFFh) not write-protected
   762   30000A                     	org	3145738
   763   30000A  0F                 	db	15
   764                           
   765                           ;Config register CONFIG6H @ 0x30000B
   766                           ;	Configuration Register Write Protection bit
   767                           ;	WRTC = OFF, Configuration registers (300000-3000FFh) not write-protected
   768                           ;	Boot Block Write Protection bit
   769                           ;	WRTB = OFF, Boot Block (000000-0007FFh) not write-protected
   770                           ;	Data EEPROM Write Protection bit
   771                           ;	WRTD = OFF, Data EEPROM not write-protected
   772   30000B                     	org	3145739
   773   30000B  E0                 	db	224
   774                           
   775                           ;Config register CONFIG7L @ 0x30000C
   776                           ;	Table Read Protection Block 0
   777                           ;	EBTR0 = OFF, Block 0 (000800-001FFFh) not protected from table reads executed in other
      +                           blocks
   778                           ;	Table Read Protection Block 1
   779                           ;	EBTR1 = OFF, Block 1 (002000-003FFFh) not protected from table reads executed in other
      +                           blocks
   780                           ;	Table Read Protection Block 2
   781                           ;	EBTR2 = OFF, Block 2 (004000-005FFFh) not protected from table reads executed in other
      +                           blocks
   782                           ;	Table Read Protection Block 3
   783                           ;	EBTR3 = OFF, Block 3 (006000-007FFFh) not protected from table reads executed in other
      +                           blocks
   784   30000C                     	org	3145740
   785   30000C  0F                 	db	15
   786                           
   787                           ;Config register CONFIG7H @ 0x30000D
   788                           ;	Boot Block Table Read Protection bit
   789                           ;	EBTRB = OFF, Boot Block (000000-0007FFh) not protected from table reads executed in ot
      +                          her blocks
   790   30000D                     	org	3145741
   791   30000D  40                 	db	64
   792                           tosu	equ	0xFFF
   793                           tosh	equ	0xFFE
   794                           tosl	equ	0xFFD
   795                           stkptr	equ	0xFFC
   796                           pclatu	equ	0xFFB
   797                           pclath	equ	0xFFA
   798                           pcl	equ	0xFF9
   799                           tblptru	equ	0xFF8
   800                           tblptrh	equ	0xFF7
   801                           tblptrl	equ	0xFF6
   802                           tablat	equ	0xFF5
   803                           prodh	equ	0xFF4
   804                           prodl	equ	0xFF3
   805                           indf0	equ	0xFEF
   806                           postinc0	equ	0xFEE
   807                           postdec0	equ	0xFED
   808                           preinc0	equ	0xFEC
   809                           plusw0	equ	0xFEB
   810                           fsr0h	equ	0xFEA
   811                           fsr0l	equ	0xFE9
   812                           wreg	equ	0xFE8
   813                           indf1	equ	0xFE7
   814                           postinc1	equ	0xFE6
   815                           postdec1	equ	0xFE5
   816                           preinc1	equ	0xFE4
   817                           plusw1	equ	0xFE3
   818                           fsr1h	equ	0xFE2
   819                           fsr1l	equ	0xFE1
   820                           bsr	equ	0xFE0
   821                           indf2	equ	0xFDF
   822                           postinc2	equ	0xFDE
   823                           postdec2	equ	0xFDD
   824                           preinc2	equ	0xFDC
   825                           plusw2	equ	0xFDB
   826                           fsr2h	equ	0xFDA
   827                           fsr2l	equ	0xFD9
   828                           status	equ	0xFD8

Data Sizes:
    Strings     0
    Constant    0
    Data        0
    BSS         1
    Persistent  0
    Stack       0

Auto Spaces:
    Space          Size  Autos    Used
    COMRAM           95      5       6
    BANK0           160      0       0
    BANK1           256      0       0
    BANK2           256      0       0
    BANK3           256      0       0
    BANK4           256      0       0
    BANK5           256      0       0

Pointer List with Targets:

    None.

Critical Paths under _main in COMRAM

    _main->_DATAEE_WriteByte

Critical Paths under _main in BANK0

    None.

Critical Paths under _main in BANK1

    None.

Critical Paths under _main in BANK2

    None.

Critical Paths under _main in BANK3

    None.

Critical Paths under _main in BANK4

    None.

Critical Paths under _main in BANK5

    None.

Call Graph Tables:

 ---------------------------------------------------------------------------------
 (Depth) Function   	        Calls       Base Space   Used Autos Params    Refs
 ---------------------------------------------------------------------------------
 (0) _main                                                 2     2      0     310
                                              3 COMRAM     2     2      0
                    _DATAEE_ReadByte
                   _DATAEE_WriteByte
                  _SYSTEM_Initialize
 ---------------------------------------------------------------------------------
 (1) _SYSTEM_Initialize                                    0     0      0       0
              _OSCILLATOR_Initialize
             _PIN_MANAGER_Initialize
 ---------------------------------------------------------------------------------
 (2) _PIN_MANAGER_Initialize                               0     0      0       0
 ---------------------------------------------------------------------------------
 (2) _OSCILLATOR_Initialize                                0     0      0       0
 ---------------------------------------------------------------------------------
 (1) _DATAEE_WriteByte                                     3     2      1     295
                                              0 COMRAM     3     2      1
 ---------------------------------------------------------------------------------
 (1) _DATAEE_ReadByte                                      1     1      0      15
                                              0 COMRAM     1     1      0
 ---------------------------------------------------------------------------------
 Estimated maximum stack depth 2
 ---------------------------------------------------------------------------------

 Call Graph Graphs:

 _main (ROOT)
   _DATAEE_ReadByte
   _DATAEE_WriteByte
   _SYSTEM_Initialize
     _OSCILLATOR_Initialize
     _PIN_MANAGER_Initialize

 Address spaces:
Name               Size   Autos  Total    Cost      Usage
BIGRAM             5FF      0       0      28        0.0%
EEDATA             100      0       0       0        0.0%
BITBANK5           100      0       0      14        0.0%
BANK5              100      0       0      15        0.0%
BITBANK4           100      0       0      12        0.0%
BANK4              100      0       0      13        0.0%
BITBANK3           100      0       0      10        0.0%
BANK3              100      0       0      11        0.0%
BITBANK2           100      0       0       8        0.0%
BANK2              100      0       0       9        0.0%
BITBANK1           100      0       0       6        0.0%
BANK1              100      0       0       7        0.0%
BITBANK0            A0      0       0       4        0.0%
BANK0               A0      0       0       5        0.0%
BITCOMRAM           5F      0       0       0        0.0%
COMRAM              5F      5       6       1        6.3%
BITBIGSFRlhhh       29      0       0      19        0.0%
BITBIGSFRhll        1D      0       0      18        0.0%
BITBIGSFRllllll     1C      0       0      26        0.0%
BITBIGSFRllllh       9      0       0      24        0.0%
BITBIGSFRhh          7      0       0      16        0.0%
BITBIGSFRlhll        5      0       0      21        0.0%
BITBIGSFRllhh        4      0       0      22        0.0%
BITBIGSFRllhll       4      0       0      23        0.0%
BITBIGSFRlhlh        4      0       0      20        0.0%
BITBIGSFRhlh         2      0       0      17        0.0%
BITBIGSFRlllllh      1      0       0      25        0.0%
BIGSFR               0      0       0     200        0.0%
BITSFR               0      0       0     200        0.0%
SFR                  0      0       0     200        0.0%
STACK                0      0       0       2        0.0%
NULL                 0      0       0       0        0.0%
ABS                  0      0       6      27        0.0%
DATA                 0      0       6       3        0.0%
CODE                 0      0       0       0        0.0%


Microchip Technology PIC18 Macro Assembler V2.41 build 20230208172133 
Symbol Table                                                                                   Mon Jul 03 21:24:10 2023

                            l11 7ECC                              l14 7EC2                              l70 7F44  
                            l71 7F50                              l74 7EE0                              l68 7F36  
                           l110 7F10                             l130 7FF8                             l131 7FF8  
                           l811 7EFA                             l821 7EBA                             l813 7F00  
                           l815 7F02                             l823 7EC4                             l817 7F04  
                           l809 7EE2                             l851 7ED0                             l819 7F0E  
                           l861 7EDC                             l853 7ED4                             l863 7EDE  
                           l855 7ED6                             l857 7ED8                             l859 7EDA  
                           l991 7F24                             l993 7F26                             l985 7F14  
                           l995 7F28                             l987 7F1C                             l997 7F2A  
                           l989 7F20                             l999 7F2C                             u120 7F44  
                           u121 7F40                             u135 7F4E                             u136 7F50  
                           u147 7F7A                             u157 7F9C                             u167 7FC2  
                           _RAM 0006                             u177 7FE8                             wreg 0FE8  
                          l1001 7F30                            l1003 7F34                            l1011 7F8E  
                          l1021 7FDE                            l1013 7FAC                            l1005 7F52  
                          l1015 7FB4                            l1007 7F74                            l1017 7FB8  
                          l1009 7F86                            l1019 7FDA                            _LATA 0F89  
                          _LATB 0F8A                            _LATC 0F8B                            _LATD 0F8C  
                          _LATE 0F8D                            _WPUB 0F7C                            _main 7F52  
                          start 0000                    ___param_bank 0000   __end_of_OSCILLATOR_Initialize 7EC4  
                         ?_main 0001                           _EEADR 0FA9                           _ANSEL 0F7E  
                         _TRISA 0F92                           _TRISB 0F93                           _TRISC 0F94  
                         _TRISD 0F95                           _TRISE 0F96                 _DATAEE_ReadByte 7ECE  
               __initialization 7EB2                    __end_of_main 8000                          ??_main 0004  
                 __activetblptr 0000                          _EEDATA 0FA8                          _EECON2 0FA7  
                        _ANSELH 0F7F                          _TABLAT 0FF5                          _OSCCON 0FD3  
                        isa$std 0001         __end_of_DATAEE_ReadByte 7EE2               _SYSTEM_Initialize 7EC4  
                    __accesstop 0060         __end_of__initialization 7EB4              ?_SYSTEM_Initialize 0001  
                 ___rparam_used 0001                  __pcstackCOMRAM 0001             ??_SYSTEM_Initialize 0001  
              _DATAEE_WriteByte 7F12       __end_of_SYSTEM_Initialize 7ECE                ?_DATAEE_ReadByte 0001  
                       _TBLPTRH 0FF7                         _TBLPTRL 0FF6                         _TBLPTRU 0FF8  
                       _OSCTUNE 0F9B            DATAEE_WriteByte@bAdd 0002                         __Hparam 0000  
                       __Lparam 0000                         __pcinit 7EB2                         __ramtop 0600  
                       __ptext0 7F52                         __ptext1 7EC4                         __ptext2 7EE2  
                       __ptext3 7EBA                         __ptext4 7F12                         __ptext5 7ECE  
         _OSCILLATOR_Initialize 7EBA        ??_PIN_MANAGER_Initialize 0001            end_of_initialization 7EB4  
      __end_of_DATAEE_WriteByte 7F52          ?_OSCILLATOR_Initialize 0001             start_initialization 7EB2  
           DATAEE_ReadByte@bAdd 0001                     __pbssCOMRAM 0006          _PIN_MANAGER_Initialize 7EE2  
                      _PIR2bits 0FA1           DATAEE_WriteByte@bData 0001                     _INTCON2bits 0FF1  
             ?_DATAEE_WriteByte 0001              ??_DATAEE_WriteByte 0002                      _EECON1bits 0FA6  
                      __Hrparam 0000                        __Lrparam 0000         ??_OSCILLATOR_Initialize 0001  
   DATAEE_WriteByte@GIEBitValue 0003               ??_DATAEE_ReadByte 0001                        isa$xinst 0000  
                    _INTCONbits 0FF2         ?_PIN_MANAGER_Initialize 0001  __end_of_PIN_MANAGER_Initialize 7F12  
