

Microchip MPLAB XC8 Assembler V2.41 build 20230208172133 
                                                                                               Sun Jul 09 19:18:19 2023

Microchip MPLAB XC8 C Compiler v2.41 (Free license) build 20230208172133 Og1 
     1                           	processor	18F45K20
     2                           	fnconf	rparam,??,?,0
     3                           	pagewidth 120
     4                           	opt	flic
     5                           	psect	cinit,global,reloc=2,class=CODE,delta=1
     6                           	psect	bssCOMRAM,global,class=COMRAM,space=1,delta=1,lowdata,noexec
     7                           	psect	cstackCOMRAM,global,class=COMRAM,space=1,delta=1,lowdata,noexec
     8                           	psect	text0,global,reloc=2,class=CODE,delta=1
     9                           	psect	text1,global,reloc=2,class=CODE,delta=1,group=1
    10                           	psect	text2,global,reloc=2,class=CODE,delta=1,group=1
    11                           	psect	text3,global,reloc=2,class=CODE,delta=1
    12                           	psect	text4,global,reloc=2,class=CODE,delta=1
    13                           	psect	text5,global,reloc=2,class=CODE,delta=1
    14                           	psect	intsave_regs,global,class=BIGRAM,space=1,delta=1,noexec
    15                           	psect	rparam,global,class=COMRAM,space=1,delta=1,noexec
    16                           	psect	idloc,global,abs,ovrld,class=IDLOC,space=5,delta=1,noexec
    17                           	psect	config,global,abs,ovrld,class=CONFIG,space=4,delta=1,noexec
    18   000000                     
    19                           ; Version 2.20
    20                           ; Generated 12/02/2020 GMT
    21                           ; 
    22                           ; Copyright © 2020, Microchip Technology Inc. and its subsidiaries ("Microchip")
    23                           ; All rights reserved.
    24                           ; 
    25                           ; This software is developed by Microchip Technology Inc. and its subsidiaries ("Microch
      +                          ip").
    26                           ; 
    27                           ; Redistribution and use in source and binary forms, with or without modification, are
    28                           ; permitted provided that the following conditions are met:
    29                           ; 
    30                           ;     1. Redistributions of source code must retain the above copyright notice, this lis
      +                          t of
    31                           ;        conditions and the following disclaimer.
    32                           ; 
    33                           ;     2. Redistributions in binary form must reproduce the above copyright notice, this 
      +                          list
    34                           ;        of conditions and the following disclaimer in the documentation and/or other
    35                           ;        materials provided with the distribution.
    36                           ; 
    37                           ;     3. Microchip's name may not be used to endorse or promote products derived from th
      +                          is
    38                           ;        software without specific prior written permission.
    39                           ; 
    40                           ; THIS SOFTWARE IS PROVIDED BY MICROCHIP "AS IS" AND ANY EXPRESS OR IMPLIED WARRANTIES,
    41                           ; INCLUDING, BUT NOT LIMITED TO, THE IMPLIED WARRANTIES OF MERCHANTABILITY AND FITNESS F
      +                          OR
    42                           ; PURPOSE ARE DISCLAIMED.  IN NO EVENT SHALL MICROCHIP BE LIABLE FOR ANY DIRECT, INDIREC
      +                          T,
    43                           ; INCIDENTAL, SPECIAL, EXEMPLARY, OR CONSEQUENTIAL DAMAGES (INCLUDING BUT NOT LIMITED TO
    44                           ; PROCUREMENT OF SUBSTITUTE GOODS OR SERVICES; LOSS OF USE, DATA OR PROFITS; OR BUSINESS
    45                           ; INTERRUPTION) HOWSOEVER CAUSED AND ON ANY THEORY OF LIABILITY, WHETHER IN CONTRACT, ST
      +                          RICT
    46                           ; LIABILITY, OR TORT (INCLUDING NEGLIGENCE OR OTHERWISE) ARISING IN ANY WAY OUT OF THE U
      +                          SE OF
    47                           ; THIS SOFTWARE, EVEN IF ADVISED OF THE POSSIBILITY OF SUCH DAMAGE.
    48                           ; 
    49                           ; 
    50                           ; Code-generator required, PIC18F45K20 Definitions
    51                           ; 
    52                           ; SFR Addresses
    53   000000                     _TRISD	set	3989
    54   000000                     _TRISC	set	3988
    55   000000                     _TRISB	set	3987
    56   000000                     _LATC	set	3979
    57   000000                     _LATB	set	3978
    58   000000                     _LATDbits	set	3980
    59   000000                     _LATCbits	set	3979
    60   000000                     _WPUB	set	3964
    61   000000                     _ANSEL	set	3966
    62   000000                     _LATA	set	3977
    63   000000                     _LATD	set	3980
    64   000000                     _LATE	set	3981
    65   000000                     _OSCTUNE	set	3995
    66   000000                     _OSCCON	set	4051
    67   000000                     _INTCON2bits	set	4081
    68   000000                     _TRISA	set	3986
    69   000000                     _TRISE	set	3990
    70   000000                     _PORTBbits	set	3969
    71   000000                     _ANSELH	set	3967
    72   000000                     _INTCONbits	set	4082
    73   000000                     _PORTD	set	3971
    74                           
    75                           ; #config settings
    76                           
    77                           	psect	cinit
    78   007ADC                     __pcinit:
    79                           	callstack 0
    80   007ADC                     start_initialization:
    81                           	callstack 0
    82   007ADC                     __initialization:
    83                           	callstack 0
    84                           
    85                           ; Clear objects allocated to COMRAM (11 bytes)
    86   007ADC  EE00  F01D         	lfsr	0,__pbssCOMRAM
    87   007AE0  0E0B               	movlw	11
    88   007AE2                     clear_0:
    89   007AE2  6AEE               	clrf	postinc0,c
    90   007AE4  06E8               	decf	wreg,f,c
    91   007AE6  E1FD               	bnz	clear_0
    92   007AE8                     end_of_initialization:
    93                           	callstack 0
    94   007AE8                     __end_of__initialization:
    95                           	callstack 0
    96   007AE8  0100               	movlb	0
    97   007AEA  EF27  F03E         	goto	_main	;jump to C main() function
    98                           
    99                           	psect	bssCOMRAM
   100   00001D                     __pbssCOMRAM:
   101                           	callstack 0
   102   00001D                     _Counter:
   103                           	callstack 0
   104   00001D                     	ds	4
   105   000021                     _Sixth_Digit:
   106                           	callstack 0
   107   000021                     	ds	1
   108   000022                     _Fifth_Digit:
   109                           	callstack 0
   110   000022                     	ds	1
   111   000023                     _Fourth_Digit:
   112                           	callstack 0
   113   000023                     	ds	1
   114   000024                     _Third_Digit:
   115                           	callstack 0
   116   000024                     	ds	1
   117   000025                     _Second_Digit:
   118                           	callstack 0
   119   000025                     	ds	1
   120   000026                     _First_Digit:
   121                           	callstack 0
   122   000026                     	ds	1
   123   000027                     _RAM:
   124                           	callstack 0
   125   000027                     	ds	1
   126                           
   127                           	psect	cstackCOMRAM
   128   000001                     __pcstackCOMRAM:
   129                           	callstack 0
   130   000001                     ?___llmod:
   131                           	callstack 0
   132   000001                     ___llmod@dividend:
   133                           	callstack 0
   134                           
   135                           ; 4 bytes @ 0x0
   136   000001                     	ds	4
   137   000005                     ___llmod@divisor:
   138                           	callstack 0
   139                           
   140                           ; 4 bytes @ 0x4
   141   000005                     	ds	4
   142   000009                     ___llmod@counter:
   143                           	callstack 0
   144                           
   145                           ; 1 bytes @ 0x8
   146   000009                     	ds	1
   147   00000A                     ?___lldiv:
   148                           	callstack 0
   149   00000A                     ___lldiv@dividend:
   150                           	callstack 0
   151                           
   152                           ; 4 bytes @ 0x9
   153   00000A                     	ds	4
   154   00000E                     ___lldiv@divisor:
   155                           	callstack 0
   156                           
   157                           ; 4 bytes @ 0xD
   158   00000E                     	ds	4
   159   000012                     ___lldiv@quotient:
   160                           	callstack 0
   161                           
   162                           ; 4 bytes @ 0x11
   163   000012                     	ds	4
   164   000016                     ___lldiv@counter:
   165                           	callstack 0
   166                           
   167                           ; 1 bytes @ 0x15
   168   000016                     	ds	1
   169   000017                     ??_main:
   170                           
   171                           ; 1 bytes @ 0x16
   172   000017                     	ds	2
   173   000019                     _main$976:
   174                           	callstack 0
   175                           
   176                           ; 4 bytes @ 0x18
   177   000019                     	ds	4
   178                           
   179 ;;
   180 ;;Main: autosize = 0, tempsize = 2, incstack = 0, save=0
   181 ;;
   182 ;; *************** function _main *****************
   183 ;; Defined at:
   184 ;;		line 38 in file "main.c"
   185 ;; Parameters:    Size  Location     Type
   186 ;;		None
   187 ;; Auto vars:     Size  Location     Type
   188 ;;		None
   189 ;; Return value:  Size  Location     Type
   190 ;;                  1    wreg      void 
   191 ;; Registers used:
   192 ;;		wreg, status,2, status,0, cstack
   193 ;; Tracked objects:
   194 ;;		On entry : 0/0
   195 ;;		On exit  : 0/0
   196 ;;		Unchanged: 0/0
   197 ;; Data sizes:     COMRAM   BANK0   BANK1   BANK2   BANK3   BANK4   BANK5
   198 ;;      Params:         0       0       0       0       0       0       0
   199 ;;      Locals:         4       0       0       0       0       0       0
   200 ;;      Temps:          2       0       0       0       0       0       0
   201 ;;      Totals:         6       0       0       0       0       0       0
   202 ;;Total ram usage:        6 bytes
   203 ;; Hardware stack levels required when called: 2
   204 ;; This function calls:
   205 ;;		_SYSTEM_Initialize
   206 ;;		___lldiv
   207 ;;		___llmod
   208 ;; This function is called by:
   209 ;;		Startup code after reset
   210 ;; This function uses a non-reentrant model
   211 ;;
   212                           
   213                           	psect	text0
   214   007C4E                     __ptext0:
   215                           	callstack 0
   216   007C4E                     _main:
   217                           	callstack 29
   218   007C4E                     
   219                           ;main.c: 40:     SYSTEM_Initialize();
   220   007C4E  EC69  F03D         	call	_SYSTEM_Initialize	;wreg free
   221   007C52  EFE5  F03F         	goto	l1132
   222   007C56                     l85:
   223                           
   224                           ;main.c: 45:                 if(PORTBbits.RB0 == 0){
   225   007C56  B081               	btfsc	129,0,c	;volatile
   226   007C58  EF30  F03E         	goto	u181
   227   007C5C  EF32  F03E         	goto	u180
   228   007C60                     u181:
   229   007C60  EF4E  F03E         	goto	l86
   230   007C64                     u180:
   231   007C64                     
   232                           ;main.c: 46:                     _delay((unsigned long)((500)*(20000000/4000.0)));
   233   007C64  0E0D               	movlw	13
   234   007C66  6E18               	movwf	(??_main+1)^0,c
   235   007C68  0EAF               	movlw	175
   236   007C6A  6E17               	movwf	??_main^0,c
   237   007C6C  0EB6               	movlw	182
   238   007C6E                     u237:
   239   007C6E  2EE8               	decfsz	wreg,f,c
   240   007C70  D7FE               	bra	u237
   241   007C72  2E17               	decfsz	??_main^0,f,c
   242   007C74  D7FC               	bra	u237
   243   007C76  2E18               	decfsz	(??_main+1)^0,f,c
   244   007C78  D7FA               	bra	u237
   245   007C7A  F000 F000          	nop2	
   246   007C7E                     l87:
   247   007C7E  A081               	btfss	129,0,c	;volatile
   248   007C80  EF44  F03E         	goto	u191
   249   007C84  EF46  F03E         	goto	u190
   250   007C88                     u191:
   251   007C88  EF3F  F03E         	goto	l87
   252   007C8C                     u190:
   253   007C8C                     
   254                           ;main.c: 48:                     Counter++;
   255   007C8C  0E01               	movlw	1
   256   007C8E  261D               	addwf	_Counter^0,f,c
   257   007C90  0E00               	movlw	0
   258   007C92  221E               	addwfc	(_Counter+1)^0,f,c
   259   007C94  221F               	addwfc	(_Counter+2)^0,f,c
   260   007C96  2220               	addwfc	(_Counter+3)^0,f,c
   261                           
   262                           ;main.c: 49:                 }
   263   007C98  EF6E  F03E         	goto	l1016
   264   007C9C                     l86:
   265   007C9C  B281               	btfsc	129,1,c	;volatile
   266   007C9E  EF53  F03E         	goto	u201
   267   007CA2  EF55  F03E         	goto	u200
   268   007CA6                     u201:
   269   007CA6  EF6E  F03E         	goto	l1016
   270   007CAA                     u200:
   271   007CAA                     
   272                           ;main.c: 52:                     _delay((unsigned long)((500)*(20000000/4000.0)));
   273   007CAA  0E0D               	movlw	13
   274   007CAC  6E18               	movwf	(??_main+1)^0,c
   275   007CAE  0EAF               	movlw	175
   276   007CB0  6E17               	movwf	??_main^0,c
   277   007CB2  0EB6               	movlw	182
   278   007CB4                     u247:
   279   007CB4  2EE8               	decfsz	wreg,f,c
   280   007CB6  D7FE               	bra	u247
   281   007CB8  2E17               	decfsz	??_main^0,f,c
   282   007CBA  D7FC               	bra	u247
   283   007CBC  2E18               	decfsz	(??_main+1)^0,f,c
   284   007CBE  D7FA               	bra	u247
   285   007CC0  F000 F000          	nop2	
   286   007CC4                     l92:
   287   007CC4  A281               	btfss	129,1,c	;volatile
   288   007CC6  EF67  F03E         	goto	u211
   289   007CCA  EF69  F03E         	goto	u210
   290   007CCE                     u211:
   291   007CCE  EF62  F03E         	goto	l92
   292   007CD2                     u210:
   293   007CD2                     
   294                           ;main.c: 54:                     Counter--;
   295   007CD2  061D               	decf	_Counter^0,f,c
   296   007CD4  0E00               	movlw	0
   297   007CD6  5A1E               	subwfb	(_Counter+1)^0,f,c
   298   007CD8  5A1F               	subwfb	(_Counter+2)^0,f,c
   299   007CDA  5A20               	subwfb	(_Counter+3)^0,f,c
   300   007CDC                     l1016:
   301                           
   302                           ;main.c: 57:                 LATCbits.LATC5 = 1;
   303   007CDC  8A8B               	bsf	139,5,c	;volatile
   304   007CDE                     
   305                           ;main.c: 59:                 First_Digit = (Counter % 100)%10;
   306   007CDE  0E64               	movlw	100
   307   007CE0  6E05               	movwf	___llmod@divisor^0,c
   308   007CE2  0E00               	movlw	0
   309   007CE4  6E06               	movwf	(___llmod@divisor+1)^0,c
   310   007CE6  0E00               	movlw	0
   311   007CE8  6E07               	movwf	(___llmod@divisor+2)^0,c
   312   007CEA  0E00               	movlw	0
   313   007CEC  6E08               	movwf	(___llmod@divisor+3)^0,c
   314   007CEE  C01D  F001         	movff	_Counter,___llmod@dividend
   315   007CF2  C01E  F002         	movff	_Counter+1,___llmod@dividend+1
   316   007CF6  C01F  F003         	movff	_Counter+2,___llmod@dividend+2
   317   007CFA  C020  F004         	movff	_Counter+3,___llmod@dividend+3
   318   007CFE  EC91  F03D         	call	___llmod	;wreg free
   319   007D02  C001  F019         	movff	?___llmod,_main$976
   320   007D06  C002  F01A         	movff	?___llmod+1,_main$976+1
   321   007D0A  C003  F01B         	movff	?___llmod+2,_main$976+2
   322   007D0E  C004  F01C         	movff	?___llmod+3,_main$976+3
   323   007D12                     
   324                           ;main.c: 59:                 First_Digit = (Counter % 100)%10;
   325   007D12  C019  F001         	movff	_main$976,___llmod@dividend
   326   007D16  C01A  F002         	movff	_main$976+1,___llmod@dividend+1
   327   007D1A  C01B  F003         	movff	_main$976+2,___llmod@dividend+2
   328   007D1E  C01C  F004         	movff	_main$976+3,___llmod@dividend+3
   329   007D22  0E0A               	movlw	10
   330   007D24  6E05               	movwf	___llmod@divisor^0,c
   331   007D26  0E00               	movlw	0
   332   007D28  6E06               	movwf	(___llmod@divisor+1)^0,c
   333   007D2A  0E00               	movlw	0
   334   007D2C  6E07               	movwf	(___llmod@divisor+2)^0,c
   335   007D2E  0E00               	movlw	0
   336   007D30  6E08               	movwf	(___llmod@divisor+3)^0,c
   337   007D32  EC91  F03D         	call	___llmod	;wreg free
   338   007D36  5001               	movf	?___llmod^0,w,c
   339   007D38  6E26               	movwf	_First_Digit^0,c
   340   007D3A                     
   341                           ;main.c: 60:                 RAM = PORTD;
   342   007D3A  CF83 F027          	movff	3971,_RAM	;volatile
   343                           
   344                           ;main.c: 61:                 PORTD = First_Digit | (RAM&=0xF0) ;
   345   007D3E  0EF0               	movlw	240
   346   007D40  1627               	andwf	_RAM^0,f,c
   347   007D42  5027               	movf	_RAM^0,w,c
   348   007D44  1026               	iorwf	_First_Digit^0,w,c
   349   007D46  6E83               	movwf	131,c	;volatile
   350   007D48                     
   351                           ;main.c: 62:                 LATCbits.LATC6 = !1;
   352   007D48  9C8B               	bcf	139,6,c	;volatile
   353   007D4A                     
   354                           ;main.c: 63:                 LATCbits.LATC7 = !1;
   355   007D4A  9E8B               	bcf	139,7,c	;volatile
   356   007D4C                     
   357                           ;main.c: 64:                 LATDbits.LATD4 = !1;
   358   007D4C  988C               	bcf	140,4,c	;volatile
   359   007D4E                     
   360                           ;main.c: 65:                 LATDbits.LATD5 = !1;
   361   007D4E  9A8C               	bcf	140,5,c	;volatile
   362   007D50                     
   363                           ;main.c: 66:                 LATDbits.LATD6 = !1;
   364   007D50  9C8C               	bcf	140,6,c	;volatile
   365   007D52                     
   366                           ;main.c: 67:                 LATDbits.LATD7 = 1;
   367   007D52  8E8C               	bsf	140,7,c	;volatile
   368   007D54                     
   369                           ;main.c: 69:                 _delay((unsigned long)((75)*(20000000/4000.0)));
   370   007D54  0E02               	movlw	2
   371   007D56  6E18               	movwf	(??_main+1)^0,c
   372   007D58  0EE7               	movlw	231
   373   007D5A  6E17               	movwf	??_main^0,c
   374   007D5C  0E00               	movlw	0
   375   007D5E                     u257:
   376   007D5E  2EE8               	decfsz	wreg,f,c
   377   007D60  D7FE               	bra	u257
   378   007D62  2E17               	decfsz	??_main^0,f,c
   379   007D64  D7FC               	bra	u257
   380   007D66  2E18               	decfsz	(??_main+1)^0,f,c
   381   007D68  D7FA               	bra	u257
   382   007D6A  F000 F000          	nop2	
   383   007D6E                     
   384                           ;main.c: 71:                 Second_Digit = (Counter % 100)/10;
   385   007D6E  0E64               	movlw	100
   386   007D70  6E05               	movwf	___llmod@divisor^0,c
   387   007D72  0E00               	movlw	0
   388   007D74  6E06               	movwf	(___llmod@divisor+1)^0,c
   389   007D76  0E00               	movlw	0
   390   007D78  6E07               	movwf	(___llmod@divisor+2)^0,c
   391   007D7A  0E00               	movlw	0
   392   007D7C  6E08               	movwf	(___llmod@divisor+3)^0,c
   393   007D7E  C01D  F001         	movff	_Counter,___llmod@dividend
   394   007D82  C01E  F002         	movff	_Counter+1,___llmod@dividend+1
   395   007D86  C01F  F003         	movff	_Counter+2,___llmod@dividend+2
   396   007D8A  C020  F004         	movff	_Counter+3,___llmod@dividend+3
   397   007D8E  EC91  F03D         	call	___llmod	;wreg free
   398   007D92  C001  F00A         	movff	?___llmod,___lldiv@dividend
   399   007D96  C002  F00B         	movff	?___llmod+1,___lldiv@dividend+1
   400   007D9A  C003  F00C         	movff	?___llmod+2,___lldiv@dividend+2
   401   007D9E  C004  F00D         	movff	?___llmod+3,___lldiv@dividend+3
   402   007DA2  0E0A               	movlw	10
   403   007DA4  6E0E               	movwf	___lldiv@divisor^0,c
   404   007DA6  0E00               	movlw	0
   405   007DA8  6E0F               	movwf	(___lldiv@divisor+1)^0,c
   406   007DAA  0E00               	movlw	0
   407   007DAC  6E10               	movwf	(___lldiv@divisor+2)^0,c
   408   007DAE  0E00               	movlw	0
   409   007DB0  6E11               	movwf	(___lldiv@divisor+3)^0,c
   410   007DB2  ECD5  F03D         	call	___lldiv	;wreg free
   411   007DB6  500A               	movf	?___lldiv^0,w,c
   412   007DB8  6E25               	movwf	_Second_Digit^0,c
   413   007DBA                     
   414                           ;main.c: 72:                 RAM = PORTD;
   415   007DBA  CF83 F027          	movff	3971,_RAM	;volatile
   416   007DBE                     
   417                           ;main.c: 73:                 PORTD = Second_Digit | (RAM&=0xF0) ;
   418   007DBE  0EF0               	movlw	240
   419   007DC0  1627               	andwf	_RAM^0,f,c
   420   007DC2  5027               	movf	_RAM^0,w,c
   421   007DC4  1025               	iorwf	_Second_Digit^0,w,c
   422   007DC6  6E83               	movwf	131,c	;volatile
   423   007DC8                     
   424                           ;main.c: 74:                 LATCbits.LATC6 = !1;
   425   007DC8  9C8B               	bcf	139,6,c	;volatile
   426   007DCA                     
   427                           ;main.c: 75:                 LATCbits.LATC7 = !1;
   428   007DCA  9E8B               	bcf	139,7,c	;volatile
   429   007DCC                     
   430                           ;main.c: 76:                 LATDbits.LATD4 = !1;
   431   007DCC  988C               	bcf	140,4,c	;volatile
   432   007DCE                     
   433                           ;main.c: 77:                 LATDbits.LATD5 = !1;
   434   007DCE  9A8C               	bcf	140,5,c	;volatile
   435   007DD0                     
   436                           ;main.c: 78:                 LATDbits.LATD6 = 1;
   437   007DD0  8C8C               	bsf	140,6,c	;volatile
   438   007DD2                     
   439                           ;main.c: 79:                 LATDbits.LATD7 = !1;
   440   007DD2  9E8C               	bcf	140,7,c	;volatile
   441   007DD4                     
   442                           ;main.c: 80:                 _delay((unsigned long)((75)*(20000000/4000.0)));
   443   007DD4  0E02               	movlw	2
   444   007DD6  6E18               	movwf	(??_main+1)^0,c
   445   007DD8  0EE7               	movlw	231
   446   007DDA  6E17               	movwf	??_main^0,c
   447   007DDC  0E00               	movlw	0
   448   007DDE                     u267:
   449   007DDE  2EE8               	decfsz	wreg,f,c
   450   007DE0  D7FE               	bra	u267
   451   007DE2  2E17               	decfsz	??_main^0,f,c
   452   007DE4  D7FC               	bra	u267
   453   007DE6  2E18               	decfsz	(??_main+1)^0,f,c
   454   007DE8  D7FA               	bra	u267
   455   007DEA  F000 F000          	nop2	
   456                           
   457                           ;main.c: 82:                 Third_Digit = (Counter % 1000)/100;
   458   007DEE  0EE8               	movlw	232
   459   007DF0  6E05               	movwf	___llmod@divisor^0,c
   460   007DF2  0E03               	movlw	3
   461   007DF4  6E06               	movwf	(___llmod@divisor+1)^0,c
   462   007DF6  0E00               	movlw	0
   463   007DF8  6E07               	movwf	(___llmod@divisor+2)^0,c
   464   007DFA  0E00               	movlw	0
   465   007DFC  6E08               	movwf	(___llmod@divisor+3)^0,c
   466   007DFE  C01D  F001         	movff	_Counter,___llmod@dividend
   467   007E02  C01E  F002         	movff	_Counter+1,___llmod@dividend+1
   468   007E06  C01F  F003         	movff	_Counter+2,___llmod@dividend+2
   469   007E0A  C020  F004         	movff	_Counter+3,___llmod@dividend+3
   470   007E0E  EC91  F03D         	call	___llmod	;wreg free
   471   007E12  C001  F00A         	movff	?___llmod,___lldiv@dividend
   472   007E16  C002  F00B         	movff	?___llmod+1,___lldiv@dividend+1
   473   007E1A  C003  F00C         	movff	?___llmod+2,___lldiv@dividend+2
   474   007E1E  C004  F00D         	movff	?___llmod+3,___lldiv@dividend+3
   475   007E22  0E64               	movlw	100
   476   007E24  6E0E               	movwf	___lldiv@divisor^0,c
   477   007E26  0E00               	movlw	0
   478   007E28  6E0F               	movwf	(___lldiv@divisor+1)^0,c
   479   007E2A  0E00               	movlw	0
   480   007E2C  6E10               	movwf	(___lldiv@divisor+2)^0,c
   481   007E2E  0E00               	movlw	0
   482   007E30  6E11               	movwf	(___lldiv@divisor+3)^0,c
   483   007E32  ECD5  F03D         	call	___lldiv	;wreg free
   484   007E36  500A               	movf	?___lldiv^0,w,c
   485   007E38  6E24               	movwf	_Third_Digit^0,c
   486   007E3A                     
   487                           ;main.c: 83:                 RAM = PORTD;
   488   007E3A  CF83 F027          	movff	3971,_RAM	;volatile
   489   007E3E                     
   490                           ;main.c: 84:                 PORTD = Third_Digit | (RAM&=0xF0);
   491   007E3E  0EF0               	movlw	240
   492   007E40  1627               	andwf	_RAM^0,f,c
   493   007E42  5027               	movf	_RAM^0,w,c
   494   007E44  1024               	iorwf	_Third_Digit^0,w,c
   495   007E46  6E83               	movwf	131,c	;volatile
   496   007E48                     
   497                           ;main.c: 85:                 LATCbits.LATC6 = !1;
   498   007E48  9C8B               	bcf	139,6,c	;volatile
   499   007E4A                     
   500                           ;main.c: 86:                 LATCbits.LATC7 = !1;
   501   007E4A  9E8B               	bcf	139,7,c	;volatile
   502   007E4C                     
   503                           ;main.c: 87:                 LATDbits.LATD4 = !1;
   504   007E4C  988C               	bcf	140,4,c	;volatile
   505   007E4E                     
   506                           ;main.c: 88:                 LATDbits.LATD5 = 1;
   507   007E4E  8A8C               	bsf	140,5,c	;volatile
   508   007E50                     
   509                           ;main.c: 89:                 LATDbits.LATD6 = !1;
   510   007E50  9C8C               	bcf	140,6,c	;volatile
   511   007E52                     
   512                           ;main.c: 90:                 LATDbits.LATD7 = !1;
   513   007E52  9E8C               	bcf	140,7,c	;volatile
   514   007E54                     
   515                           ;main.c: 91:                 _delay((unsigned long)((75)*(20000000/4000.0)));
   516   007E54  0E02               	movlw	2
   517   007E56  6E18               	movwf	(??_main+1)^0,c
   518   007E58  0EE7               	movlw	231
   519   007E5A  6E17               	movwf	??_main^0,c
   520   007E5C  0E00               	movlw	0
   521   007E5E                     u277:
   522   007E5E  2EE8               	decfsz	wreg,f,c
   523   007E60  D7FE               	bra	u277
   524   007E62  2E17               	decfsz	??_main^0,f,c
   525   007E64  D7FC               	bra	u277
   526   007E66  2E18               	decfsz	(??_main+1)^0,f,c
   527   007E68  D7FA               	bra	u277
   528   007E6A  F000 F000          	nop2	
   529   007E6E                     
   530                           ;main.c: 93:                 Fourth_Digit = (Counter /1000)%10;
   531   007E6E  0EE8               	movlw	232
   532   007E70  6E0E               	movwf	___lldiv@divisor^0,c
   533   007E72  0E03               	movlw	3
   534   007E74  6E0F               	movwf	(___lldiv@divisor+1)^0,c
   535   007E76  0E00               	movlw	0
   536   007E78  6E10               	movwf	(___lldiv@divisor+2)^0,c
   537   007E7A  0E00               	movlw	0
   538   007E7C  6E11               	movwf	(___lldiv@divisor+3)^0,c
   539   007E7E  C01D  F00A         	movff	_Counter,___lldiv@dividend
   540   007E82  C01E  F00B         	movff	_Counter+1,___lldiv@dividend+1
   541   007E86  C01F  F00C         	movff	_Counter+2,___lldiv@dividend+2
   542   007E8A  C020  F00D         	movff	_Counter+3,___lldiv@dividend+3
   543   007E8E  ECD5  F03D         	call	___lldiv	;wreg free
   544   007E92  C00A  F001         	movff	?___lldiv,___llmod@dividend
   545   007E96  C00B  F002         	movff	?___lldiv+1,___llmod@dividend+1
   546   007E9A  C00C  F003         	movff	?___lldiv+2,___llmod@dividend+2
   547   007E9E  C00D  F004         	movff	?___lldiv+3,___llmod@dividend+3
   548   007EA2  0E0A               	movlw	10
   549   007EA4  6E05               	movwf	___llmod@divisor^0,c
   550   007EA6  0E00               	movlw	0
   551   007EA8  6E06               	movwf	(___llmod@divisor+1)^0,c
   552   007EAA  0E00               	movlw	0
   553   007EAC  6E07               	movwf	(___llmod@divisor+2)^0,c
   554   007EAE  0E00               	movlw	0
   555   007EB0  6E08               	movwf	(___llmod@divisor+3)^0,c
   556   007EB2  EC91  F03D         	call	___llmod	;wreg free
   557   007EB6  5001               	movf	?___llmod^0,w,c
   558   007EB8  6E23               	movwf	_Fourth_Digit^0,c
   559   007EBA                     
   560                           ;main.c: 94:                 RAM = PORTD;
   561   007EBA  CF83 F027          	movff	3971,_RAM	;volatile
   562   007EBE                     
   563                           ;main.c: 95:                 PORTD = Fourth_Digit | (RAM&=0xF0);
   564   007EBE  0EF0               	movlw	240
   565   007EC0  1627               	andwf	_RAM^0,f,c
   566   007EC2  5027               	movf	_RAM^0,w,c
   567   007EC4  1023               	iorwf	_Fourth_Digit^0,w,c
   568   007EC6  6E83               	movwf	131,c	;volatile
   569   007EC8                     
   570                           ;main.c: 96:                 LATCbits.LATC6 = !1;
   571   007EC8  9C8B               	bcf	139,6,c	;volatile
   572   007ECA                     
   573                           ;main.c: 97:                 LATCbits.LATC7 = !1;
   574   007ECA  9E8B               	bcf	139,7,c	;volatile
   575   007ECC                     
   576                           ;main.c: 98:                 LATDbits.LATD4 = 1;
   577   007ECC  888C               	bsf	140,4,c	;volatile
   578   007ECE                     
   579                           ;main.c: 99:                 LATDbits.LATD5 = !1;
   580   007ECE  9A8C               	bcf	140,5,c	;volatile
   581   007ED0                     
   582                           ;main.c: 100:                 LATDbits.LATD6 = !1;
   583   007ED0  9C8C               	bcf	140,6,c	;volatile
   584   007ED2                     
   585                           ;main.c: 101:                 LATDbits.LATD7 = !1;
   586   007ED2  9E8C               	bcf	140,7,c	;volatile
   587                           
   588                           ;main.c: 102:                 _delay((unsigned long)((75)*(20000000/4000.0)));
   589   007ED4  0E02               	movlw	2
   590   007ED6  6E18               	movwf	(??_main+1)^0,c
   591   007ED8  0EE7               	movlw	231
   592   007EDA  6E17               	movwf	??_main^0,c
   593   007EDC  0E00               	movlw	0
   594   007EDE                     u287:
   595   007EDE  2EE8               	decfsz	wreg,f,c
   596   007EE0  D7FE               	bra	u287
   597   007EE2  2E17               	decfsz	??_main^0,f,c
   598   007EE4  D7FC               	bra	u287
   599   007EE6  2E18               	decfsz	(??_main+1)^0,f,c
   600   007EE8  D7FA               	bra	u287
   601   007EEA  F000 F000          	nop2	
   602   007EEE                     
   603                           ;main.c: 104:                 Fifth_Digit = (Counter / 10000) %10;
   604   007EEE  0E10               	movlw	16
   605   007EF0  6E0E               	movwf	___lldiv@divisor^0,c
   606   007EF2  0E27               	movlw	39
   607   007EF4  6E0F               	movwf	(___lldiv@divisor+1)^0,c
   608   007EF6  0E00               	movlw	0
   609   007EF8  6E10               	movwf	(___lldiv@divisor+2)^0,c
   610   007EFA  0E00               	movlw	0
   611   007EFC  6E11               	movwf	(___lldiv@divisor+3)^0,c
   612   007EFE  C01D  F00A         	movff	_Counter,___lldiv@dividend
   613   007F02  C01E  F00B         	movff	_Counter+1,___lldiv@dividend+1
   614   007F06  C01F  F00C         	movff	_Counter+2,___lldiv@dividend+2
   615   007F0A  C020  F00D         	movff	_Counter+3,___lldiv@dividend+3
   616   007F0E  ECD5  F03D         	call	___lldiv	;wreg free
   617   007F12  C00A  F001         	movff	?___lldiv,___llmod@dividend
   618   007F16  C00B  F002         	movff	?___lldiv+1,___llmod@dividend+1
   619   007F1A  C00C  F003         	movff	?___lldiv+2,___llmod@dividend+2
   620   007F1E  C00D  F004         	movff	?___lldiv+3,___llmod@dividend+3
   621   007F22  0E0A               	movlw	10
   622   007F24  6E05               	movwf	___llmod@divisor^0,c
   623   007F26  0E00               	movlw	0
   624   007F28  6E06               	movwf	(___llmod@divisor+1)^0,c
   625   007F2A  0E00               	movlw	0
   626   007F2C  6E07               	movwf	(___llmod@divisor+2)^0,c
   627   007F2E  0E00               	movlw	0
   628   007F30  6E08               	movwf	(___llmod@divisor+3)^0,c
   629   007F32  EC91  F03D         	call	___llmod	;wreg free
   630   007F36  5001               	movf	?___llmod^0,w,c
   631   007F38  6E22               	movwf	_Fifth_Digit^0,c
   632   007F3A                     
   633                           ;main.c: 105:                 RAM = PORTD;
   634   007F3A  CF83 F027          	movff	3971,_RAM	;volatile
   635   007F3E                     
   636                           ;main.c: 106:                 PORTD = Fifth_Digit | (RAM&=0xF0);
   637   007F3E  0EF0               	movlw	240
   638   007F40  1627               	andwf	_RAM^0,f,c
   639   007F42  5027               	movf	_RAM^0,w,c
   640   007F44  1022               	iorwf	_Fifth_Digit^0,w,c
   641   007F46  6E83               	movwf	131,c	;volatile
   642   007F48                     
   643                           ;main.c: 107:                 LATCbits.LATC6 = !1;
   644   007F48  9C8B               	bcf	139,6,c	;volatile
   645   007F4A                     
   646                           ;main.c: 108:                 LATCbits.LATC7 = 1;
   647   007F4A  8E8B               	bsf	139,7,c	;volatile
   648   007F4C                     
   649                           ;main.c: 109:                 LATDbits.LATD4 = !1;
   650   007F4C  988C               	bcf	140,4,c	;volatile
   651   007F4E                     
   652                           ;main.c: 110:                 LATDbits.LATD5 = !1;
   653   007F4E  9A8C               	bcf	140,5,c	;volatile
   654   007F50                     
   655                           ;main.c: 111:                 LATDbits.LATD6 = !1;
   656   007F50  9C8C               	bcf	140,6,c	;volatile
   657   007F52                     
   658                           ;main.c: 112:                 LATDbits.LATD7 = !1;
   659   007F52  9E8C               	bcf	140,7,c	;volatile
   660   007F54                     
   661                           ;main.c: 113:                 _delay((unsigned long)((75)*(20000000/4000.0)));
   662   007F54  0E02               	movlw	2
   663   007F56  6E18               	movwf	(??_main+1)^0,c
   664   007F58  0EE7               	movlw	231
   665   007F5A  6E17               	movwf	??_main^0,c
   666   007F5C  0E00               	movlw	0
   667   007F5E                     u297:
   668   007F5E  2EE8               	decfsz	wreg,f,c
   669   007F60  D7FE               	bra	u297
   670   007F62  2E17               	decfsz	??_main^0,f,c
   671   007F64  D7FC               	bra	u297
   672   007F66  2E18               	decfsz	(??_main+1)^0,f,c
   673   007F68  D7FA               	bra	u297
   674   007F6A  F000 F000          	nop2	
   675   007F6E                     
   676                           ;main.c: 115:                 Sixth_Digit = Counter / 100000;
   677   007F6E  C01D  F00A         	movff	_Counter,___lldiv@dividend
   678   007F72  C01E  F00B         	movff	_Counter+1,___lldiv@dividend+1
   679   007F76  C01F  F00C         	movff	_Counter+2,___lldiv@dividend+2
   680   007F7A  C020  F00D         	movff	_Counter+3,___lldiv@dividend+3
   681   007F7E  0EA0               	movlw	160
   682   007F80  6E0E               	movwf	___lldiv@divisor^0,c
   683   007F82  0E86               	movlw	134
   684   007F84  6E0F               	movwf	(___lldiv@divisor+1)^0,c
   685   007F86  0E01               	movlw	1
   686   007F88  6E10               	movwf	(___lldiv@divisor+2)^0,c
   687   007F8A  0E00               	movlw	0
   688   007F8C  6E11               	movwf	(___lldiv@divisor+3)^0,c
   689   007F8E  ECD5  F03D         	call	___lldiv	;wreg free
   690   007F92  500A               	movf	?___lldiv^0,w,c
   691   007F94  6E21               	movwf	_Sixth_Digit^0,c
   692   007F96                     
   693                           ;main.c: 116:                 RAM = PORTD;
   694   007F96  CF83 F027          	movff	3971,_RAM	;volatile
   695                           
   696                           ;main.c: 117:                 PORTD = Sixth_Digit | (RAM&=0xF0);
   697   007F9A  0EF0               	movlw	240
   698   007F9C  1627               	andwf	_RAM^0,f,c
   699   007F9E  5027               	movf	_RAM^0,w,c
   700   007FA0  1021               	iorwf	_Sixth_Digit^0,w,c
   701   007FA2  6E83               	movwf	131,c	;volatile
   702   007FA4                     
   703                           ;main.c: 118:                 LATCbits.LATC6 = 1;
   704   007FA4  8C8B               	bsf	139,6,c	;volatile
   705   007FA6                     
   706                           ;main.c: 119:                 LATCbits.LATC7 = !1;
   707   007FA6  9E8B               	bcf	139,7,c	;volatile
   708   007FA8                     
   709                           ;main.c: 120:                 LATDbits.LATD4 = !1;
   710   007FA8  988C               	bcf	140,4,c	;volatile
   711   007FAA                     
   712                           ;main.c: 121:                 LATDbits.LATD5 = !1;
   713   007FAA  9A8C               	bcf	140,5,c	;volatile
   714   007FAC                     
   715                           ;main.c: 122:                 LATDbits.LATD6 = !1;
   716   007FAC  9C8C               	bcf	140,6,c	;volatile
   717   007FAE                     
   718                           ;main.c: 123:                 LATDbits.LATD7 = !1;
   719   007FAE  9E8C               	bcf	140,7,c	;volatile
   720   007FB0                     
   721                           ;main.c: 124:                 _delay((unsigned long)((75)*(20000000/4000.0)));
   722   007FB0  0E02               	movlw	2
   723   007FB2  6E18               	movwf	(??_main+1)^0,c
   724   007FB4  0EE7               	movlw	231
   725   007FB6  6E17               	movwf	??_main^0,c
   726   007FB8  0E00               	movlw	0
   727   007FBA                     u307:
   728   007FBA  2EE8               	decfsz	wreg,f,c
   729   007FBC  D7FE               	bra	u307
   730   007FBE  2E17               	decfsz	??_main^0,f,c
   731   007FC0  D7FC               	bra	u307
   732   007FC2  2E18               	decfsz	(??_main+1)^0,f,c
   733   007FC4  D7FA               	bra	u307
   734   007FC6  F000 F000          	nop2	
   735   007FCA                     l1132:
   736                           
   737                           ;main.c: 43:         while(Counter<=999999){
   738   007FCA  5020               	movf	(_Counter+3)^0,w,c
   739   007FCC  E10D               	bnz	u220
   740   007FCE  0E40               	movlw	64
   741   007FD0  5C1D               	subwf	_Counter^0,w,c
   742   007FD2  0E42               	movlw	66
   743   007FD4  581E               	subwfb	(_Counter+1)^0,w,c
   744   007FD6  0E0F               	movlw	15
   745   007FD8  581F               	subwfb	(_Counter+2)^0,w,c
   746   007FDA  A0D8               	btfss	status,0,c
   747   007FDC  EFF2  F03F         	goto	u221
   748   007FE0  EFF4  F03F         	goto	u220
   749   007FE4                     u221:
   750   007FE4  EF2B  F03E         	goto	l85
   751   007FE8                     u220:
   752   007FE8                     
   753                           ;main.c: 126:         Counter=0;
   754   007FE8  0E00               	movlw	0
   755   007FEA  6E1D               	movwf	_Counter^0,c
   756   007FEC  0E00               	movlw	0
   757   007FEE  6E1E               	movwf	(_Counter+1)^0,c
   758   007FF0  0E00               	movlw	0
   759   007FF2  6E1F               	movwf	(_Counter+2)^0,c
   760   007FF4  0E00               	movlw	0
   761   007FF6  6E20               	movwf	(_Counter+3)^0,c
   762   007FF8  EFE5  F03F         	goto	l1132
   763   007FFC  EF00  F000         	goto	start
   764   008000                     __end_of_main:
   765                           	callstack 0
   766                           
   767 ;; *************** function ___llmod *****************
   768 ;; Defined at:
   769 ;;		line 7 in file "C:\Program Files\Microchip\xc8\v2.41\pic\sources\c99\common\llmod.c"
   770 ;; Parameters:    Size  Location     Type
   771 ;;  dividend        4    0[COMRAM] unsigned long 
   772 ;;  divisor         4    4[COMRAM] unsigned long 
   773 ;; Auto vars:     Size  Location     Type
   774 ;;  counter         1    8[COMRAM] unsigned char 
   775 ;; Return value:  Size  Location     Type
   776 ;;                  4    0[COMRAM] unsigned long 
   777 ;; Registers used:
   778 ;;		wreg, status,2, status,0
   779 ;; Tracked objects:
   780 ;;		On entry : 0/0
   781 ;;		On exit  : 0/0
   782 ;;		Unchanged: 0/0
   783 ;; Data sizes:     COMRAM   BANK0   BANK1   BANK2   BANK3   BANK4   BANK5
   784 ;;      Params:         8       0       0       0       0       0       0
   785 ;;      Locals:         1       0       0       0       0       0       0
   786 ;;      Temps:          0       0       0       0       0       0       0
   787 ;;      Totals:         9       0       0       0       0       0       0
   788 ;;Total ram usage:        9 bytes
   789 ;; Hardware stack levels used: 1
   790 ;; This function calls:
   791 ;;		Nothing
   792 ;; This function is called by:
   793 ;;		_main
   794 ;; This function uses a non-reentrant model
   795 ;;
   796                           
   797                           	psect	text1
   798   007B22                     __ptext1:
   799                           	callstack 0
   800   007B22                     ___llmod:
   801                           	callstack 30
   802   007B22  5005               	movf	___llmod@divisor^0,w,c
   803   007B24  1006               	iorwf	(___llmod@divisor+1)^0,w,c
   804   007B26  1007               	iorwf	(___llmod@divisor+2)^0,w,c
   805   007B28  1008               	iorwf	(___llmod@divisor+3)^0,w,c
   806   007B2A  B4D8               	btfsc	status,2,c
   807   007B2C  EF9A  F03D         	goto	u151
   808   007B30  EF9C  F03D         	goto	u150
   809   007B34                     u151:
   810   007B34  EFCC  F03D         	goto	l521
   811   007B38                     u150:
   812   007B38  0E01               	movlw	1
   813   007B3A  6E09               	movwf	___llmod@counter^0,c
   814   007B3C  EFA6  F03D         	goto	l996
   815   007B40                     l994:
   816   007B40  90D8               	bcf	status,0,c
   817   007B42  3605               	rlcf	___llmod@divisor^0,f,c
   818   007B44  3606               	rlcf	(___llmod@divisor+1)^0,f,c
   819   007B46  3607               	rlcf	(___llmod@divisor+2)^0,f,c
   820   007B48  3608               	rlcf	(___llmod@divisor+3)^0,f,c
   821   007B4A  2A09               	incf	___llmod@counter^0,f,c
   822   007B4C                     l996:
   823   007B4C  AE08               	btfss	(___llmod@divisor+3)^0,7,c
   824   007B4E  EFAB  F03D         	goto	u161
   825   007B52  EFAD  F03D         	goto	u160
   826   007B56                     u161:
   827   007B56  EFA0  F03D         	goto	l994
   828   007B5A                     u160:
   829   007B5A                     l998:
   830   007B5A  5005               	movf	___llmod@divisor^0,w,c
   831   007B5C  5C01               	subwf	___llmod@dividend^0,w,c
   832   007B5E  5006               	movf	(___llmod@divisor+1)^0,w,c
   833   007B60  5802               	subwfb	(___llmod@dividend+1)^0,w,c
   834   007B62  5007               	movf	(___llmod@divisor+2)^0,w,c
   835   007B64  5803               	subwfb	(___llmod@dividend+2)^0,w,c
   836   007B66  5008               	movf	(___llmod@divisor+3)^0,w,c
   837   007B68  5804               	subwfb	(___llmod@dividend+3)^0,w,c
   838   007B6A  A0D8               	btfss	status,0,c
   839   007B6C  EFBA  F03D         	goto	u171
   840   007B70  EFBC  F03D         	goto	u170
   841   007B74                     u171:
   842   007B74  EFC4  F03D         	goto	l1002
   843   007B78                     u170:
   844   007B78  5005               	movf	___llmod@divisor^0,w,c
   845   007B7A  5E01               	subwf	___llmod@dividend^0,f,c
   846   007B7C  5006               	movf	(___llmod@divisor+1)^0,w,c
   847   007B7E  5A02               	subwfb	(___llmod@dividend+1)^0,f,c
   848   007B80  5007               	movf	(___llmod@divisor+2)^0,w,c
   849   007B82  5A03               	subwfb	(___llmod@dividend+2)^0,f,c
   850   007B84  5008               	movf	(___llmod@divisor+3)^0,w,c
   851   007B86  5A04               	subwfb	(___llmod@dividend+3)^0,f,c
   852   007B88                     l1002:
   853   007B88  90D8               	bcf	status,0,c
   854   007B8A  3208               	rrcf	(___llmod@divisor+3)^0,f,c
   855   007B8C  3207               	rrcf	(___llmod@divisor+2)^0,f,c
   856   007B8E  3206               	rrcf	(___llmod@divisor+1)^0,f,c
   857   007B90  3205               	rrcf	___llmod@divisor^0,f,c
   858   007B92  2E09               	decfsz	___llmod@counter^0,f,c
   859   007B94  EFAD  F03D         	goto	l998
   860   007B98                     l521:
   861   007B98  C001  F001         	movff	___llmod@dividend,?___llmod
   862   007B9C  C002  F002         	movff	___llmod@dividend+1,?___llmod+1
   863   007BA0  C003  F003         	movff	___llmod@dividend+2,?___llmod+2
   864   007BA4  C004  F004         	movff	___llmod@dividend+3,?___llmod+3
   865   007BA8  0012               	return		;funcret
   866   007BAA                     __end_of___llmod:
   867                           	callstack 0
   868                           
   869 ;; *************** function ___lldiv *****************
   870 ;; Defined at:
   871 ;;		line 7 in file "C:\Program Files\Microchip\xc8\v2.41\pic\sources\c99\common\__lldiv.c"
   872 ;; Parameters:    Size  Location     Type
   873 ;;  dividend        4    9[COMRAM] unsigned long 
   874 ;;  divisor         4   13[COMRAM] unsigned long 
   875 ;; Auto vars:     Size  Location     Type
   876 ;;  quotient        4   17[COMRAM] unsigned long 
   877 ;;  counter         1   21[COMRAM] unsigned char 
   878 ;; Return value:  Size  Location     Type
   879 ;;                  4    9[COMRAM] unsigned long 
   880 ;; Registers used:
   881 ;;		wreg, status,2, status,0
   882 ;; Tracked objects:
   883 ;;		On entry : 0/0
   884 ;;		On exit  : 0/0
   885 ;;		Unchanged: 0/0
   886 ;; Data sizes:     COMRAM   BANK0   BANK1   BANK2   BANK3   BANK4   BANK5
   887 ;;      Params:         8       0       0       0       0       0       0
   888 ;;      Locals:         5       0       0       0       0       0       0
   889 ;;      Temps:          0       0       0       0       0       0       0
   890 ;;      Totals:        13       0       0       0       0       0       0
   891 ;;Total ram usage:       13 bytes
   892 ;; Hardware stack levels used: 1
   893 ;; This function calls:
   894 ;;		Nothing
   895 ;; This function is called by:
   896 ;;		_main
   897 ;; This function uses a non-reentrant model
   898 ;;
   899                           
   900                           	psect	text2
   901   007BAA                     __ptext2:
   902                           	callstack 0
   903   007BAA                     ___lldiv:
   904                           	callstack 30
   905   007BAA  0E00               	movlw	0
   906   007BAC  6E12               	movwf	___lldiv@quotient^0,c
   907   007BAE  0E00               	movlw	0
   908   007BB0  6E13               	movwf	(___lldiv@quotient+1)^0,c
   909   007BB2  0E00               	movlw	0
   910   007BB4  6E14               	movwf	(___lldiv@quotient+2)^0,c
   911   007BB6  0E00               	movlw	0
   912   007BB8  6E15               	movwf	(___lldiv@quotient+3)^0,c
   913   007BBA  500E               	movf	___lldiv@divisor^0,w,c
   914   007BBC  100F               	iorwf	(___lldiv@divisor+1)^0,w,c
   915   007BBE  1010               	iorwf	(___lldiv@divisor+2)^0,w,c
   916   007BC0  1011               	iorwf	(___lldiv@divisor+3)^0,w,c
   917   007BC2  B4D8               	btfsc	status,2,c
   918   007BC4  EFE6  F03D         	goto	u121
   919   007BC8  EFE8  F03D         	goto	u120
   920   007BCC                     u121:
   921   007BCC  EF1E  F03E         	goto	l128
   922   007BD0                     u120:
   923   007BD0  0E01               	movlw	1
   924   007BD2  6E16               	movwf	___lldiv@counter^0,c
   925   007BD4  EFF2  F03D         	goto	l976
   926   007BD8                     l974:
   927   007BD8  90D8               	bcf	status,0,c
   928   007BDA  360E               	rlcf	___lldiv@divisor^0,f,c
   929   007BDC  360F               	rlcf	(___lldiv@divisor+1)^0,f,c
   930   007BDE  3610               	rlcf	(___lldiv@divisor+2)^0,f,c
   931   007BE0  3611               	rlcf	(___lldiv@divisor+3)^0,f,c
   932   007BE2  2A16               	incf	___lldiv@counter^0,f,c
   933   007BE4                     l976:
   934   007BE4  AE11               	btfss	(___lldiv@divisor+3)^0,7,c
   935   007BE6  EFF7  F03D         	goto	u131
   936   007BEA  EFF9  F03D         	goto	u130
   937   007BEE                     u131:
   938   007BEE  EFEC  F03D         	goto	l974
   939   007BF2                     u130:
   940   007BF2                     l978:
   941   007BF2  90D8               	bcf	status,0,c
   942   007BF4  3612               	rlcf	___lldiv@quotient^0,f,c
   943   007BF6  3613               	rlcf	(___lldiv@quotient+1)^0,f,c
   944   007BF8  3614               	rlcf	(___lldiv@quotient+2)^0,f,c
   945   007BFA  3615               	rlcf	(___lldiv@quotient+3)^0,f,c
   946   007BFC  500E               	movf	___lldiv@divisor^0,w,c
   947   007BFE  5C0A               	subwf	___lldiv@dividend^0,w,c
   948   007C00  500F               	movf	(___lldiv@divisor+1)^0,w,c
   949   007C02  580B               	subwfb	(___lldiv@dividend+1)^0,w,c
   950   007C04  5010               	movf	(___lldiv@divisor+2)^0,w,c
   951   007C06  580C               	subwfb	(___lldiv@dividend+2)^0,w,c
   952   007C08  5011               	movf	(___lldiv@divisor+3)^0,w,c
   953   007C0A  580D               	subwfb	(___lldiv@dividend+3)^0,w,c
   954   007C0C  A0D8               	btfss	status,0,c
   955   007C0E  EF0B  F03E         	goto	u141
   956   007C12  EF0D  F03E         	goto	u140
   957   007C16                     u141:
   958   007C16  EF16  F03E         	goto	l986
   959   007C1A                     u140:
   960   007C1A  500E               	movf	___lldiv@divisor^0,w,c
   961   007C1C  5E0A               	subwf	___lldiv@dividend^0,f,c
   962   007C1E  500F               	movf	(___lldiv@divisor+1)^0,w,c
   963   007C20  5A0B               	subwfb	(___lldiv@dividend+1)^0,f,c
   964   007C22  5010               	movf	(___lldiv@divisor+2)^0,w,c
   965   007C24  5A0C               	subwfb	(___lldiv@dividend+2)^0,f,c
   966   007C26  5011               	movf	(___lldiv@divisor+3)^0,w,c
   967   007C28  5A0D               	subwfb	(___lldiv@dividend+3)^0,f,c
   968   007C2A  8012               	bsf	___lldiv@quotient^0,0,c
   969   007C2C                     l986:
   970   007C2C  90D8               	bcf	status,0,c
   971   007C2E  3211               	rrcf	(___lldiv@divisor+3)^0,f,c
   972   007C30  3210               	rrcf	(___lldiv@divisor+2)^0,f,c
   973   007C32  320F               	rrcf	(___lldiv@divisor+1)^0,f,c
   974   007C34  320E               	rrcf	___lldiv@divisor^0,f,c
   975   007C36  2E16               	decfsz	___lldiv@counter^0,f,c
   976   007C38  EFF9  F03D         	goto	l978
   977   007C3C                     l128:
   978   007C3C  C012  F00A         	movff	___lldiv@quotient,?___lldiv
   979   007C40  C013  F00B         	movff	___lldiv@quotient+1,?___lldiv+1
   980   007C44  C014  F00C         	movff	___lldiv@quotient+2,?___lldiv+2
   981   007C48  C015  F00D         	movff	___lldiv@quotient+3,?___lldiv+3
   982   007C4C  0012               	return		;funcret
   983   007C4E                     __end_of___lldiv:
   984                           	callstack 0
   985                           
   986 ;; *************** function _SYSTEM_Initialize *****************
   987 ;; Defined at:
   988 ;;		line 50 in file "mcc_generated_files/mcc.c"
   989 ;; Parameters:    Size  Location     Type
   990 ;;		None
   991 ;; Auto vars:     Size  Location     Type
   992 ;;		None
   993 ;; Return value:  Size  Location     Type
   994 ;;                  1    wreg      void 
   995 ;; Registers used:
   996 ;;		wreg, status,2, cstack
   997 ;; Tracked objects:
   998 ;;		On entry : 0/0
   999 ;;		On exit  : 0/0
  1000 ;;		Unchanged: 0/0
  1001 ;; Data sizes:     COMRAM   BANK0   BANK1   BANK2   BANK3   BANK4   BANK5
  1002 ;;      Params:         0       0       0       0       0       0       0
  1003 ;;      Locals:         0       0       0       0       0       0       0
  1004 ;;      Temps:          0       0       0       0       0       0       0
  1005 ;;      Totals:         0       0       0       0       0       0       0
  1006 ;;Total ram usage:        0 bytes
  1007 ;; Hardware stack levels used: 1
  1008 ;; Hardware stack levels required when called: 1
  1009 ;; This function calls:
  1010 ;;		_OSCILLATOR_Initialize
  1011 ;;		_PIN_MANAGER_Initialize
  1012 ;; This function is called by:
  1013 ;;		_main
  1014 ;; This function uses a non-reentrant model
  1015 ;;
  1016                           
  1017                           	psect	text3
  1018   007AD2                     __ptext3:
  1019                           	callstack 0
  1020   007AD2                     _SYSTEM_Initialize:
  1021                           	callstack 29
  1022   007AD2                     
  1023                           ;mcc_generated_files/mcc.c: 53:     PIN_MANAGER_Initialize();
  1024   007AD2  EC77  F03D         	call	_PIN_MANAGER_Initialize	;wreg free
  1025                           
  1026                           ;mcc_generated_files/mcc.c: 54:     OSCILLATOR_Initialize();
  1027   007AD6  EC64  F03D         	call	_OSCILLATOR_Initialize	;wreg free
  1028   007ADA  0012               	return		;funcret
  1029   007ADC                     __end_of_SYSTEM_Initialize:
  1030                           	callstack 0
  1031                           
  1032 ;; *************** function _PIN_MANAGER_Initialize *****************
  1033 ;; Defined at:
  1034 ;;		line 55 in file "mcc_generated_files/pin_manager.c"
  1035 ;; Parameters:    Size  Location     Type
  1036 ;;		None
  1037 ;; Auto vars:     Size  Location     Type
  1038 ;;		None
  1039 ;; Return value:  Size  Location     Type
  1040 ;;                  1    wreg      void 
  1041 ;; Registers used:
  1042 ;;		wreg, status,2
  1043 ;; Tracked objects:
  1044 ;;		On entry : 0/0
  1045 ;;		On exit  : 0/0
  1046 ;;		Unchanged: 0/0
  1047 ;; Data sizes:     COMRAM   BANK0   BANK1   BANK2   BANK3   BANK4   BANK5
  1048 ;;      Params:         0       0       0       0       0       0       0
  1049 ;;      Locals:         0       0       0       0       0       0       0
  1050 ;;      Temps:          0       0       0       0       0       0       0
  1051 ;;      Totals:         0       0       0       0       0       0       0
  1052 ;;Total ram usage:        0 bytes
  1053 ;; Hardware stack levels used: 1
  1054 ;; This function calls:
  1055 ;;		Nothing
  1056 ;; This function is called by:
  1057 ;;		_SYSTEM_Initialize
  1058 ;; This function uses a non-reentrant model
  1059 ;;
  1060                           
  1061                           	psect	text4
  1062   007AEE                     __ptext4:
  1063                           	callstack 0
  1064   007AEE                     _PIN_MANAGER_Initialize:
  1065                           	callstack 29
  1066   007AEE                     
  1067                           ;mcc_generated_files/pin_manager.c: 60:     LATE = 0x00;
  1068   007AEE  0E00               	movlw	0
  1069   007AF0  6E8D               	movwf	141,c	;volatile
  1070                           
  1071                           ;mcc_generated_files/pin_manager.c: 61:     LATD = 0x00;
  1072   007AF2  0E00               	movlw	0
  1073   007AF4  6E8C               	movwf	140,c	;volatile
  1074                           
  1075                           ;mcc_generated_files/pin_manager.c: 62:     LATA = 0x00;
  1076   007AF6  0E00               	movlw	0
  1077   007AF8  6E89               	movwf	137,c	;volatile
  1078                           
  1079                           ;mcc_generated_files/pin_manager.c: 63:     LATB = 0x00;
  1080   007AFA  0E00               	movlw	0
  1081   007AFC  6E8A               	movwf	138,c	;volatile
  1082                           
  1083                           ;mcc_generated_files/pin_manager.c: 64:     LATC = 0x00;
  1084   007AFE  0E00               	movlw	0
  1085   007B00  6E8B               	movwf	139,c	;volatile
  1086                           
  1087                           ;mcc_generated_files/pin_manager.c: 69:     TRISE = 0x00;
  1088   007B02  0E00               	movlw	0
  1089   007B04  6E96               	movwf	150,c	;volatile
  1090   007B06                     
  1091                           ;mcc_generated_files/pin_manager.c: 70:     TRISA = 0xFF;
  1092   007B06  6892               	setf	146,c	;volatile
  1093   007B08                     
  1094                           ;mcc_generated_files/pin_manager.c: 71:     TRISB = 0xFF;
  1095   007B08  6893               	setf	147,c	;volatile
  1096                           
  1097                           ;mcc_generated_files/pin_manager.c: 72:     TRISC = 0x1F;
  1098   007B0A  0E1F               	movlw	31
  1099   007B0C  6E94               	movwf	148,c	;volatile
  1100                           
  1101                           ;mcc_generated_files/pin_manager.c: 73:     TRISD = 0x00;
  1102   007B0E  0E00               	movlw	0
  1103   007B10  6E95               	movwf	149,c	;volatile
  1104                           
  1105                           ;mcc_generated_files/pin_manager.c: 78:     ANSEL = 0x00;
  1106   007B12  0E00               	movlw	0
  1107   007B14  6E7E               	movwf	126,c	;volatile
  1108                           
  1109                           ;mcc_generated_files/pin_manager.c: 79:     ANSELH = 0x00;
  1110   007B16  0E00               	movlw	0
  1111   007B18  6E7F               	movwf	127,c	;volatile
  1112                           
  1113                           ;mcc_generated_files/pin_manager.c: 84:     WPUB = 0x00;
  1114   007B1A  0E00               	movlw	0
  1115   007B1C  6E7C               	movwf	124,c	;volatile
  1116   007B1E                     
  1117                           ;mcc_generated_files/pin_manager.c: 85:     INTCON2bits.nRBPU = 1;
  1118   007B1E  8EF1               	bsf	241,7,c	;volatile
  1119   007B20  0012               	return		;funcret
  1120   007B22                     __end_of_PIN_MANAGER_Initialize:
  1121                           	callstack 0
  1122                           
  1123 ;; *************** function _OSCILLATOR_Initialize *****************
  1124 ;; Defined at:
  1125 ;;		line 57 in file "mcc_generated_files/mcc.c"
  1126 ;; Parameters:    Size  Location     Type
  1127 ;;		None
  1128 ;; Auto vars:     Size  Location     Type
  1129 ;;		None
  1130 ;; Return value:  Size  Location     Type
  1131 ;;                  1    wreg      void 
  1132 ;; Registers used:
  1133 ;;		wreg, status,2
  1134 ;; Tracked objects:
  1135 ;;		On entry : 0/0
  1136 ;;		On exit  : 0/0
  1137 ;;		Unchanged: 0/0
  1138 ;; Data sizes:     COMRAM   BANK0   BANK1   BANK2   BANK3   BANK4   BANK5
  1139 ;;      Params:         0       0       0       0       0       0       0
  1140 ;;      Locals:         0       0       0       0       0       0       0
  1141 ;;      Temps:          0       0       0       0       0       0       0
  1142 ;;      Totals:         0       0       0       0       0       0       0
  1143 ;;Total ram usage:        0 bytes
  1144 ;; Hardware stack levels used: 1
  1145 ;; This function calls:
  1146 ;;		Nothing
  1147 ;; This function is called by:
  1148 ;;		_SYSTEM_Initialize
  1149 ;; This function uses a non-reentrant model
  1150 ;;
  1151                           
  1152                           	psect	text5
  1153   007AC8                     __ptext5:
  1154                           	callstack 0
  1155   007AC8                     _OSCILLATOR_Initialize:
  1156                           	callstack 29
  1157   007AC8                     
  1158                           ;mcc_generated_files/mcc.c: 60:     OSCCON = 0x60;
  1159   007AC8  0E60               	movlw	96
  1160   007ACA  6ED3               	movwf	211,c	;volatile
  1161                           
  1162                           ;mcc_generated_files/mcc.c: 62:     OSCTUNE = 0x00;
  1163   007ACC  0E00               	movlw	0
  1164   007ACE  6E9B               	movwf	155,c	;volatile
  1165   007AD0  0012               	return		;funcret
  1166   007AD2                     __end_of_OSCILLATOR_Initialize:
  1167                           	callstack 0
  1168   000000                     
  1169                           	psect	rparam
  1170   000000                     
  1171                           	psect	idloc
  1172                           
  1173                           ;Config register IDLOC0 @ 0x200000
  1174                           ;	unspecified, using default values
  1175   200000                     	org	2097152
  1176   200000  FF                 	db	255
  1177                           
  1178                           ;Config register IDLOC1 @ 0x200001
  1179                           ;	unspecified, using default values
  1180   200001                     	org	2097153
  1181   200001  FF                 	db	255
  1182                           
  1183                           ;Config register IDLOC2 @ 0x200002
  1184                           ;	unspecified, using default values
  1185   200002                     	org	2097154
  1186   200002  FF                 	db	255
  1187                           
  1188                           ;Config register IDLOC3 @ 0x200003
  1189                           ;	unspecified, using default values
  1190   200003                     	org	2097155
  1191   200003  FF                 	db	255
  1192                           
  1193                           ;Config register IDLOC4 @ 0x200004
  1194                           ;	unspecified, using default values
  1195   200004                     	org	2097156
  1196   200004  FF                 	db	255
  1197                           
  1198                           ;Config register IDLOC5 @ 0x200005
  1199                           ;	unspecified, using default values
  1200   200005                     	org	2097157
  1201   200005  FF                 	db	255
  1202                           
  1203                           ;Config register IDLOC6 @ 0x200006
  1204                           ;	unspecified, using default values
  1205   200006                     	org	2097158
  1206   200006  FF                 	db	255
  1207                           
  1208                           ;Config register IDLOC7 @ 0x200007
  1209                           ;	unspecified, using default values
  1210   200007                     	org	2097159
  1211   200007  FF                 	db	255
  1212                           
  1213                           	psect	config
  1214                           
  1215                           ; Padding undefined space
  1216   300000                     	org	3145728
  1217   300000  FF                 	db	255
  1218                           
  1219                           ;Config register CONFIG1H @ 0x300001
  1220                           ;	Oscillator Selection bits
  1221                           ;	FOSC = HS, HS oscillator
  1222                           ;	Fail-Safe Clock Monitor Enable bit
  1223                           ;	FCMEN = OFF, Fail-Safe Clock Monitor disabled
  1224                           ;	Internal/External Oscillator Switchover bit
  1225                           ;	IESO = OFF, Oscillator Switchover mode disabled
  1226   300001                     	org	3145729
  1227   300001  02                 	db	2
  1228                           
  1229                           ;Config register CONFIG2L @ 0x300002
  1230                           ;	Power-up Timer Enable bit
  1231                           ;	PWRT = OFF, PWRT disabled
  1232                           ;	Brown-out Reset Enable bits
  1233                           ;	BOREN = SBORDIS, Brown-out Reset enabled in hardware only (SBOREN is disabled)
  1234                           ;	Brown Out Reset Voltage bits
  1235                           ;	BORV = 18, VBOR set to 1.8 V nominal
  1236   300002                     	org	3145730
  1237   300002  1F                 	db	31
  1238                           
  1239                           ;Config register CONFIG2H @ 0x300003
  1240                           ;	Watchdog Timer Enable bit
  1241                           ;	WDTEN = OFF, WDT is controlled by SWDTEN bit of the WDTCON register
  1242                           ;	Watchdog Timer Postscale Select bits
  1243                           ;	WDTPS = 32768, 1:32768
  1244   300003                     	org	3145731
  1245   300003  1E                 	db	30
  1246                           
  1247                           ; Padding undefined space
  1248   300004                     	org	3145732
  1249   300004  FF                 	db	255
  1250                           
  1251                           ;Config register CONFIG3H @ 0x300005
  1252                           ;	CCP2 MUX bit
  1253                           ;	CCP2MX = PORTC, CCP2 input/output is multiplexed with RC1
  1254                           ;	PORTB A/D Enable bit
  1255                           ;	PBADEN = OFF, PORTB<4:0> pins are configured as digital I/O on Reset
  1256                           ;	Low-Power Timer1 Oscillator Enable bit
  1257                           ;	LPT1OSC = OFF, Timer1 configured for higher power operation
  1258                           ;	HFINTOSC Fast Start-up
  1259                           ;	HFOFST = ON, HFINTOSC starts clocking the CPU without waiting for the oscillator to st
      +                          ablize.
  1260                           ;	MCLR Pin Enable bit
  1261                           ;	MCLRE = ON, MCLR pin enabled; RE3 input pin disabled
  1262   300005                     	org	3145733
  1263   300005  89                 	db	137
  1264                           
  1265                           ;Config register CONFIG4L @ 0x300006
  1266                           ;	Stack Full/Underflow Reset Enable bit
  1267                           ;	STVREN = ON, Stack full/underflow will cause Reset
  1268                           ;	Single-Supply ICSP Enable bit
  1269                           ;	LVP = OFF, Single-Supply ICSP disabled
  1270                           ;	Extended Instruction Set Enable bit
  1271                           ;	XINST = OFF, Instruction set extension and Indexed Addressing mode disabled (Legacy mo
      +                          de)
  1272                           ;	Background Debugger Enable bit
  1273                           ;	DEBUG = OFF, Background debugger disabled, RB6 and RB7 configured as general purpose I
      +                          /O pins
  1274   300006                     	org	3145734
  1275   300006  81                 	db	129
  1276                           
  1277                           ; Padding undefined space
  1278   300007                     	org	3145735
  1279   300007  FF                 	db	255
  1280                           
  1281                           ;Config register CONFIG5L @ 0x300008
  1282                           ;	Code Protection Block 0
  1283                           ;	CP0 = OFF, Block 0 (000800-001FFFh) not code-protected
  1284                           ;	Code Protection Block 1
  1285                           ;	CP1 = OFF, Block 1 (002000-003FFFh) not code-protected
  1286                           ;	Code Protection Block 2
  1287                           ;	CP2 = OFF, Block 2 (004000-005FFFh) not code-protected
  1288                           ;	Code Protection Block 3
  1289                           ;	CP3 = OFF, Block 3 (006000-007FFFh) not code-protected
  1290   300008                     	org	3145736
  1291   300008  0F                 	db	15
  1292                           
  1293                           ;Config register CONFIG5H @ 0x300009
  1294                           ;	Boot Block Code Protection bit
  1295                           ;	CPB = OFF, Boot block (000000-0007FFh) not code-protected
  1296                           ;	Data EEPROM Code Protection bit
  1297                           ;	CPD = OFF, Data EEPROM not code-protected
  1298   300009                     	org	3145737
  1299   300009  C0                 	db	192
  1300                           
  1301                           ;Config register CONFIG6L @ 0x30000A
  1302                           ;	Write Protection Block 0
  1303                           ;	WRT0 = OFF, Block 0 (000800-001FFFh) not write-protected
  1304                           ;	Write Protection Block 1
  1305                           ;	WRT1 = OFF, Block 1 (002000-003FFFh) not write-protected
  1306                           ;	Write Protection Block 2
  1307                           ;	WRT2 = OFF, Block 2 (004000-005FFFh) not write-protected
  1308                           ;	Write Protection Block 3
  1309                           ;	WRT3 = OFF, Block 3 (006000-007FFFh) not write-protected
  1310   30000A                     	org	3145738
  1311   30000A  0F                 	db	15
  1312                           
  1313                           ;Config register CONFIG6H @ 0x30000B
  1314                           ;	Configuration Register Write Protection bit
  1315                           ;	WRTC = OFF, Configuration registers (300000-3000FFh) not write-protected
  1316                           ;	Boot Block Write Protection bit
  1317                           ;	WRTB = OFF, Boot Block (000000-0007FFh) not write-protected
  1318                           ;	Data EEPROM Write Protection bit
  1319                           ;	WRTD = OFF, Data EEPROM not write-protected
  1320   30000B                     	org	3145739
  1321   30000B  E0                 	db	224
  1322                           
  1323                           ;Config register CONFIG7L @ 0x30000C
  1324                           ;	Table Read Protection Block 0
  1325                           ;	EBTR0 = OFF, Block 0 (000800-001FFFh) not protected from table reads executed in other
      +                           blocks
  1326                           ;	Table Read Protection Block 1
  1327                           ;	EBTR1 = OFF, Block 1 (002000-003FFFh) not protected from table reads executed in other
      +                           blocks
  1328                           ;	Table Read Protection Block 2
  1329                           ;	EBTR2 = OFF, Block 2 (004000-005FFFh) not protected from table reads executed in other
      +                           blocks
  1330                           ;	Table Read Protection Block 3
  1331                           ;	EBTR3 = OFF, Block 3 (006000-007FFFh) not protected from table reads executed in other
      +                           blocks
  1332   30000C                     	org	3145740
  1333   30000C  0F                 	db	15
  1334                           
  1335                           ;Config register CONFIG7H @ 0x30000D
  1336                           ;	Boot Block Table Read Protection bit
  1337                           ;	EBTRB = OFF, Boot Block (000000-0007FFh) not protected from table reads executed in ot
      +                          her blocks
  1338   30000D                     	org	3145741
  1339   30000D  40                 	db	64
  1340                           tosu	equ	0xFFF
  1341                           tosh	equ	0xFFE
  1342                           tosl	equ	0xFFD
  1343                           stkptr	equ	0xFFC
  1344                           pclatu	equ	0xFFB
  1345                           pclath	equ	0xFFA
  1346                           pcl	equ	0xFF9
  1347                           tblptru	equ	0xFF8
  1348                           tblptrh	equ	0xFF7
  1349                           tblptrl	equ	0xFF6
  1350                           tablat	equ	0xFF5
  1351                           prodh	equ	0xFF4
  1352                           prodl	equ	0xFF3
  1353                           indf0	equ	0xFEF
  1354                           postinc0	equ	0xFEE
  1355                           postdec0	equ	0xFED
  1356                           preinc0	equ	0xFEC
  1357                           plusw0	equ	0xFEB
  1358                           fsr0h	equ	0xFEA
  1359                           fsr0l	equ	0xFE9
  1360                           wreg	equ	0xFE8
  1361                           indf1	equ	0xFE7
  1362                           postinc1	equ	0xFE6
  1363                           postdec1	equ	0xFE5
  1364                           preinc1	equ	0xFE4
  1365                           plusw1	equ	0xFE3
  1366                           fsr1h	equ	0xFE2
  1367                           fsr1l	equ	0xFE1
  1368                           bsr	equ	0xFE0
  1369                           indf2	equ	0xFDF
  1370                           postinc2	equ	0xFDE
  1371                           postdec2	equ	0xFDD
  1372                           preinc2	equ	0xFDC
  1373                           plusw2	equ	0xFDB
  1374                           fsr2h	equ	0xFDA
  1375                           fsr2l	equ	0xFD9
  1376                           status	equ	0xFD8

Data Sizes:
    Strings     0
    Constant    0
    Data        0
    BSS         11
    Persistent  0
    Stack       0

Auto Spaces:
    Space          Size  Autos    Used
    COMRAM           95     28      39
    BANK0           160      0       0
    BANK1           256      0       0
    BANK2           256      0       0
    BANK3           256      0       0
    BANK4           256      0       0
    BANK5           256      0       0

Pointer List with Targets:

    None.

Critical Paths under _main in COMRAM

    _main->___lldiv
    ___lldiv->___llmod

Critical Paths under _main in BANK0

    None.

Critical Paths under _main in BANK1

    None.

Critical Paths under _main in BANK2

    None.

Critical Paths under _main in BANK3

    None.

Critical Paths under _main in BANK4

    None.

Critical Paths under _main in BANK5

    None.

Call Graph Tables:

 ---------------------------------------------------------------------------------
 (Depth) Function   	        Calls       Base Space   Used Autos Params    Refs
 ---------------------------------------------------------------------------------
 (0) _main                                                 6     6      0    2016
                                             22 COMRAM     6     6      0
                  _SYSTEM_Initialize
                            ___lldiv
                            ___llmod
 ---------------------------------------------------------------------------------
 (1) ___llmod                                              9     1      8    1071
                                              0 COMRAM     9     1      8
 ---------------------------------------------------------------------------------
 (1) ___lldiv                                             13     5      8     922
                                              9 COMRAM    13     5      8
                            ___llmod (ARG)
 ---------------------------------------------------------------------------------
 (1) _SYSTEM_Initialize                                    0     0      0       0
              _OSCILLATOR_Initialize
             _PIN_MANAGER_Initialize
 ---------------------------------------------------------------------------------
 (2) _PIN_MANAGER_Initialize                               0     0      0       0
 ---------------------------------------------------------------------------------
 (2) _OSCILLATOR_Initialize                                0     0      0       0
 ---------------------------------------------------------------------------------
 Estimated maximum stack depth 2
 ---------------------------------------------------------------------------------

 Call Graph Graphs:

 _main (ROOT)
   _SYSTEM_Initialize
     _OSCILLATOR_Initialize
     _PIN_MANAGER_Initialize
   ___lldiv
     ___llmod (ARG)
   ___llmod

 Address spaces:
Name               Size   Autos  Total    Cost      Usage
BIGRAM             5FF      0       0      27        0.0%
EEDATA             100      0       0       0        0.0%
BITBANK5           100      0       0      14        0.0%
BANK5              100      0       0      15        0.0%
BITBANK4           100      0       0      12        0.0%
BANK4              100      0       0      13        0.0%
BITBANK3           100      0       0      10        0.0%
BANK3              100      0       0      11        0.0%
BITBANK2           100      0       0       8        0.0%
BANK2              100      0       0       9        0.0%
BITBANK1           100      0       0       6        0.0%
BANK1              100      0       0       7        0.0%
BITBANK0            A0      0       0       4        0.0%
BANK0               A0      0       0       5        0.0%
BITCOMRAM           5F      0       0       0        0.0%
COMRAM              5F     1C      27       1       41.1%
BITBIGSFRlh         37      0       0      18        0.0%
BITBIGSFRhl         1D      0       0      17        0.0%
BITBIGSFRllllll     1C      0       0      25        0.0%
BITBIGSFRhh          D      0       0      16        0.0%
BITBIGSFRllllhh      5      0       0      21        0.0%
BITBIGSFRllhh        4      0       0      19        0.0%
BITBIGSFRllhll       4      0       0      20        0.0%
BITBIGSFRllllhh      1      0       0      22        0.0%
BITBIGSFRlllllh      1      0       0      24        0.0%
BITBIGSFRllllhl      1      0       0      23        0.0%
BIGSFR               0      0       0     200        0.0%
BITSFR               0      0       0     200        0.0%
SFR                  0      0       0     200        0.0%
STACK                0      0       0       2        0.0%
NULL                 0      0       0       0        0.0%
ABS                  0      0      27      26        0.0%
DATA                 0      0      27       3        0.0%
CODE                 0      0       0       0        0.0%


Microchip Technology PIC18 Macro Assembler V2.41 build 20230208172133 
Symbol Table                                                                                   Sun Jul 09 19:18:19 2023

                            l11 7ADA                              l14 7AD0                              l47 7B20  
                            l92 7CC4                              l85 7C56                              l86 7C9C  
                            l87 7C7E                             l135 7C4C                             l128 7C3C  
                           l521 7B98                             l528 7BA8                             l960 7B08  
                           l962 7B1E                             l970 7BBA                             l964 7AC8  
                           l956 7AEE                             l980 7BFC                             l972 7BD0  
                           l958 7B06                             l966 7AD2                             l982 7C1A  
                           l974 7BD8                             l990 7B22                             l984 7C2A  
                           l976 7BE4                             l968 7BAA                             l992 7B38  
                           l986 7C2C                             l978 7BF2                             l994 7B40  
                           l988 7C36                             l996 7B4C                             l998 7B5A  
                           u120 7BD0                             u200 7CAA                             u121 7BCC  
                           u201 7CA6                             u130 7BF2                             u210 7CD2  
                           u131 7BEE                             u211 7CCE                             u140 7C1A  
                           u220 7FE8                             u141 7C16                             u221 7FE4  
                           u150 7B38                             u151 7B34                             u160 7B5A  
                           u161 7B56                             u170 7B78                             u171 7B74  
                           u307 7FBA                             u180 7C64                             u237 7C6E  
                           u181 7C60                             u190 7C8C                             u247 7CB4  
                           u191 7C88                             _RAM 0027                             u257 7D5E  
                           u267 7DDE                             u277 7E5E                             u287 7EDE  
                           u297 7F5E                             wreg 0FE8                            l1000 7B78  
                          l1002 7B88                            l1010 7C8C                            l1004 7B92  
                          l1100 7F48                            l1020 7D12                            l1012 7CAA  
                          l1110 7F52                            l1102 7F4A                            l1030 7D4E  
                          l1022 7D3A                            l1014 7CD2                            l1006 7C4E  
                          l1120 7FA6                            l1112 7F54                            l1104 7F4C  
                          l1040 7DBA                            l1032 7D50                            l1024 7D48  
                          l1016 7CDC                            l1008 7C64                            l1130 7FB0  
                          l1122 7FA8                            l1114 7F6E                            l1106 7F4E  
                          l1050 7DCE                            l1042 7DBE                            l1034 7D52  
                          l1026 7D4A                            l1018 7CDE                            l1124 7FAA  
                          l1116 7F96                            l1108 7F50                            l1060 7E3E  
                          l1052 7DD0                            l1044 7DC8                            l1036 7D54  
                          l1028 7D4C                            l1132 7FCA                            l1134 7FE8  
                          l1126 7FAC                            l1118 7FA4                            l1070 7E50  
                          l1062 7E48                            l1054 7DD2                            l1046 7DCA  
                          l1038 7D6E                            l1128 7FAE                            l1080 7EBE  
                          l1072 7E52                            l1064 7E4A                            l1056 7DD4  
                          l1048 7DCC                            l1090 7ED0                            l1082 7EC8  
                          l1074 7E54                            l1066 7E4C                            l1058 7E3A  
                          l1092 7ED2                            l1084 7ECA                            l1076 7E6E  
                          l1068 7E4E                            l1094 7EEE                            l1086 7ECC  
                          l1078 7EBA                            l1096 7F3A                            l1088 7ECE  
                          l1098 7F3E                            _LATA 0F89                            _LATB 0F8A  
                          _LATC 0F8B                            _LATD 0F8C                            _LATE 0F8D  
                          _WPUB 0F7C                            _main 7C4E                            start 0000  
                  ___param_bank 0000   __end_of_OSCILLATOR_Initialize 7AD2                           ?_main 0001  
                         _ANSEL 0F7E                 __end_of___lldiv 7C4E                 __end_of___llmod 7BAA  
                         _PORTD 0F83                           _TRISA 0F92                           _TRISB 0F93  
                         _TRISC 0F94                           _TRISD 0F95                           _TRISE 0F96  
                         status 0FD8                 __initialization 7ADC                    __end_of_main 8000  
                        ??_main 0017                   __activetblptr 0000                     _Fifth_Digit 0022  
              ___llmod@dividend 0001                          _ANSELH 0F7F                          _OSCCON 0FD3  
                     ??___lldiv 0012                       ??___llmod 0009                          clear_0 7AE2  
                        isa$std 0001                     _First_Digit 0026               _SYSTEM_Initialize 7AD2  
                    __accesstop 0060         __end_of__initialization 7AE8              ?_SYSTEM_Initialize 0001  
                 ___rparam_used 0001                  __pcstackCOMRAM 0001             ??_SYSTEM_Initialize 0001  
     __end_of_SYSTEM_Initialize 7ADC                         _OSCTUNE 0F9B                         _Counter 001D  
                       __Hparam 0000                         __Lparam 0000                     _Third_Digit 0024  
                       ___lldiv 7BAA                         ___llmod 7B22                         __pcinit 7ADC  
                       __ramtop 0600                         __ptext0 7C4E                         __ptext1 7B22  
                       __ptext2 7BAA                         __ptext3 7AD2                         __ptext4 7AEE  
                       __ptext5 7AC8           _OSCILLATOR_Initialize 7AC8        ??_PIN_MANAGER_Initialize 0001  
          end_of_initialization 7AE8                 ___lldiv@divisor 000E                 ___lldiv@counter 0016  
                   _Sixth_Digit 0021                         postinc0 0FEE                       _PORTBbits 0F81  
        ?_OSCILLATOR_Initialize 0001             start_initialization 7ADC                 ___llmod@divisor 0005  
               ___llmod@counter 0009                    _Fourth_Digit 0023                     __pbssCOMRAM 001D  
        _PIN_MANAGER_Initialize 7AEE                        ?___lldiv 000A                        ?___llmod 0001  
                  _Second_Digit 0025                        _LATCbits 0F8B                        _LATDbits 0F8C  
                   _INTCON2bits 0FF1                        __Hrparam 0000                        __Lrparam 0000  
       ??_OSCILLATOR_Initialize 0001                        _main$976 0019                        isa$xinst 0000  
                    _INTCONbits 0FF2                ___lldiv@dividend 000A         ?_PIN_MANAGER_Initialize 0001  
              ___lldiv@quotient 0012  __end_of_PIN_MANAGER_Initialize 7B22  
