

Microchip MPLAB XC8 Assembler V2.36 build 20220127204148 
                                                                                               Sun Jan 01 21:29:02 2023

Microchip MPLAB XC8 C Compiler v2.36 (Free license) build 20220127204148 Og1 
     1                           	processor	18F45K20
     2                           	fnconf	rparam,??,?,0
     3                           	pagewidth 120
     4                           	opt	flic
     5                           	psect	smallconst,global,reloc=2,class=SMALLCONST,delta=1,noexec
     6                           	psect	cinit,global,reloc=2,class=CODE,delta=1
     7                           	psect	cstackCOMRAM,global,class=COMRAM,space=1,delta=1,lowdata,noexec
     8                           	psect	text0,global,reloc=2,class=CODE,delta=1
     9                           	psect	text1,global,reloc=2,class=CODE,delta=1
    10                           	psect	text2,global,reloc=2,class=CODE,delta=1
    11                           	psect	text3,global,reloc=2,class=CODE,delta=1
    12                           	psect	text4,global,reloc=2,class=CODE,delta=1
    13                           	psect	text5,global,reloc=2,class=CODE,delta=1
    14                           	psect	text6,global,reloc=2,class=CODE,delta=1
    15                           	psect	text7,global,reloc=2,class=CODE,delta=1
    16                           	psect	intsave_regs,global,class=BIGRAM,space=1,delta=1,noexec
    17                           	psect	rparam,global,class=COMRAM,space=1,delta=1,noexec
    18                           	psect	idloc,global,abs,ovrld,class=IDLOC,space=5,delta=1,noexec
    19                           	psect	config,global,abs,ovrld,class=CONFIG,space=4,delta=1,noexec
    20  0000                     
    21                           ; Version 2.40
    22                           ; Generated 17/11/2021 GMT
    23                           ; 
    24                           ; Copyright © 2021, Microchip Technology Inc. and its subsidiaries ("Microchip")
    25                           ; All rights reserved.
    26                           ; 
    27                           ; This software is developed by Microchip Technology Inc. and its subsidiaries ("Microch
      +                          ip").
    28                           ; 
    29                           ; Redistribution and use in source and binary forms, with or without modification, are
    30                           ; permitted provided that the following conditions are met:
    31                           ; 
    32                           ;     1. Redistributions of source code must retain the above copyright notice, this lis
      +                          t of
    33                           ;        conditions and the following disclaimer.
    34                           ; 
    35                           ;     2. Redistributions in binary form must reproduce the above copyright notice, this 
      +                          list
    36                           ;        of conditions and the following disclaimer in the documentation and/or other
    37                           ;        materials provided with the distribution. Publication is not required when
    38                           ;        this file is used in an embedded application.
    39                           ; 
    40                           ;     3. Microchip's name may not be used to endorse or promote products derived from th
      +                          is
    41                           ;        software without specific prior written permission.
    42                           ; 
    43                           ; THIS SOFTWARE IS PROVIDED BY MICROCHIP "AS IS" AND ANY EXPRESS OR IMPLIED WARRANTIES,
    44                           ; INCLUDING, BUT NOT LIMITED TO, THE IMPLIED WARRANTIES OF MERCHANTABILITY AND FITNESS F
      +                          OR
    45                           ; PURPOSE ARE DISCLAIMED.  IN NO EVENT SHALL MICROCHIP BE LIABLE FOR ANY DIRECT, INDIREC
      +                          T,
    46                           ; INCIDENTAL, SPECIAL, EXEMPLARY, OR CONSEQUENTIAL DAMAGES (INCLUDING BUT NOT LIMITED TO
    47                           ; PROCUREMENT OF SUBSTITUTE GOODS OR SERVICES; LOSS OF USE, DATA OR PROFITS; OR BUSINESS
    48                           ; INTERRUPTION) HOWSOEVER CAUSED AND ON ANY THEORY OF LIABILITY, WHETHER IN CONTRACT, ST
      +                          RICT
    49                           ; LIABILITY, OR TORT (INCLUDING NEGLIGENCE OR OTHERWISE) ARISING IN ANY WAY OUT OF THE U
      +                          SE OF
    50                           ; THIS SOFTWARE, EVEN IF ADVISED OF THE POSSIBILITY OF SUCH DAMAGE.
    51                           ; 
    52                           ; 
    53                           ; Code-generator required, PIC18F45K20 Definitions
    54                           ; 
    55                           ; SFR Addresses
    56  0000                     _TRISD	set	3989
    57  0000                     _TRISC	set	3988
    58  0000                     _TRISB	set	3987
    59  0000                     _LATC	set	3979
    60  0000                     _LATB	set	3978
    61  0000                     _LATD1	set	31841
    62  0000                     _LATD0	set	31840
    63  0000                     _WPUB	set	3964
    64  0000                     _ANSEL	set	3966
    65  0000                     _LATA	set	3977
    66  0000                     _LATD	set	3980
    67  0000                     _LATE	set	3981
    68  0000                     _OSCTUNE	set	3995
    69  0000                     _OSCCON	set	4051
    70  0000                     _INTCON2bits	set	4081
    71  0000                     _TRISA	set	3986
    72  0000                     _TRISE	set	3990
    73  0000                     _ANSELH	set	3967
    74  0000                     _INTCONbits	set	4082
    75                           
    76                           	psect	smallconst
    77  000600                     __psmallconst:
    78                           	callstack 0
    79  000600  00                 	db	0
    80  000601                     STR_3:
    81  000601  38                 	db	56	;'8'
    82  000602  2D                 	db	45
    83  000603  42                 	db	66	;'B'
    84  000604  49                 	db	73	;'I'
    85  000605  54                 	db	84	;'T'
    86  000606  20                 	db	32
    87  000607  4D                 	db	77	;'M'
    88  000608  6F                 	db	111	;'o'
    89  000609  64                 	db	100	;'d'
    90  00060A  65                 	db	101	;'e'
    91  00060B  20                 	db	32
    92  00060C  00                 	db	0
    93  00060D                     STR_2:
    94  00060D  49                 	db	73	;'I'
    95  00060E  27                 	db	39
    96  00060F  6D                 	db	109	;'m'
    97  000610  20                 	db	32
    98  000611  69                 	db	105	;'i'
    99  000612  6E                 	db	110	;'n'
   100  000613  20                 	db	32
   101  000614  00                 	db	0
   102  000615                     STR_1:
   103  000615  48                 	db	72	;'H'
   104  000616  65                 	db	101	;'e'
   105  000617  6C                 	db	108	;'l'
   106  000618  6C                 	db	108	;'l'
   107  000619  6F                 	db	111	;'o'
   108  00061A  00                 	db	0
   109  00061B  00                 	db	0	; dummy byte at the end
   110  0000                     
   111                           ; #config settings
   112                           
   113                           	psect	cinit
   114  0007A2                     __pcinit:
   115                           	callstack 0
   116  0007A2                     start_initialization:
   117                           	callstack 0
   118  0007A2                     __initialization:
   119                           	callstack 0
   120  0007A2                     end_of_initialization:
   121                           	callstack 0
   122  0007A2                     __end_of__initialization:
   123                           	callstack 0
   124  0007A2  0E00               	movlw	low (__Lmediumconst shr (0+16))
   125  0007A4  6EF8               	movwf	tblptru,c
   126  0007A6  0100               	movlb	0
   127  0007A8  EF60  F003         	goto	_main	;jump to C main() function
   128                           
   129                           	psect	cstackCOMRAM
   130  000001                     __pcstackCOMRAM:
   131                           	callstack 0
   132  000001                     ??_LCD_Command:
   133  000001                     ??_LCD_Write_Data:
   134                           
   135                           ; 1 bytes @ 0x0
   136  000001                     	ds	1
   137  000002                     LCD_Command@cmd:
   138                           	callstack 0
   139  000002                     LCD_Write_Data@dat:
   140                           	callstack 0
   141                           
   142                           ; 1 bytes @ 0x1
   143  000002                     	ds	1
   144  000003                     ??_Configure_LCD:
   145  000003                     LCD_Write_Message@pos:
   146                           	callstack 0
   147                           
   148                           ; 1 bytes @ 0x2
   149  000003                     	ds	1
   150  000004                     LCD_Write_Message@msg:
   151                           	callstack 0
   152                           
   153                           ; 2 bytes @ 0x3
   154  000004                     	ds	2
   155  000006                     ??_LCD_Write_Message:
   156                           
   157                           ; 1 bytes @ 0x5
   158  000006                     	ds	2
   159  000008                     LCD_Write_Message@row:
   160                           	callstack 0
   161                           
   162                           ; 1 bytes @ 0x7
   163  000008                     	ds	1
   164  000009                     LCD_Write_Message@location:
   165                           	callstack 0
   166                           
   167                           ; 1 bytes @ 0x8
   168  000009                     	ds	1
   169  00000A                     
   170                           ; 1 bytes @ 0x9
   171 ;;
   172 ;;Main: autosize = 0, tempsize = 0, incstack = 0, save=0
   173 ;;
   174 ;; *************** function _main *****************
   175 ;; Defined at:
   176 ;;		line 14 in file "main.c"
   177 ;; Parameters:    Size  Location     Type
   178 ;;		None
   179 ;; Auto vars:     Size  Location     Type
   180 ;;		None
   181 ;; Return value:  Size  Location     Type
   182 ;;                  1    wreg      void 
   183 ;; Registers used:
   184 ;;		wreg, status,2, status,0, tblptrl, tblptrh, tblptru, cstack
   185 ;; Tracked objects:
   186 ;;		On entry : 0/0
   187 ;;		On exit  : 0/0
   188 ;;		Unchanged: 0/0
   189 ;; Data sizes:     COMRAM   BANK0   BANK1   BANK2   BANK3   BANK4   BANK5
   190 ;;      Params:         0       0       0       0       0       0       0
   191 ;;      Locals:         0       0       0       0       0       0       0
   192 ;;      Temps:          0       0       0       0       0       0       0
   193 ;;      Totals:         0       0       0       0       0       0       0
   194 ;;Total ram usage:        0 bytes
   195 ;; Hardware stack levels required when called: 2
   196 ;; This function calls:
   197 ;;		_Configure_LCD
   198 ;;		_LCD_Write_Message
   199 ;;		_SYSTEM_Initialize
   200 ;; This function is called by:
   201 ;;		Startup code after reset
   202 ;; This function uses a non-reentrant model
   203 ;;
   204                           
   205                           	psect	text0
   206  0006C0                     __ptext0:
   207                           	callstack 0
   208  0006C0                     _main:
   209                           	callstack 29
   210  0006C0                     
   211                           ;main.c: 17:     SYSTEM_Initialize();
   212  0006C0  ECD6  F003         	call	_SYSTEM_Initialize	;wreg free
   213                           
   214                           ;main.c: 19:     Configure_LCD();
   215  0006C4  EC83  F003         	call	_Configure_LCD	;wreg free
   216  0006C8                     
   217                           ;main.c: 20:     LCD_Write_Message(1,6,"Hello");
   218  0006C8  0E06               	movlw	6
   219  0006CA  6E03               	movwf	LCD_Write_Message@pos^0,c
   220  0006CC  0E15               	movlw	low STR_1
   221  0006CE  6E04               	movwf	LCD_Write_Message@msg^0,c
   222  0006D0  0E06               	movlw	high STR_1
   223  0006D2  6E05               	movwf	(LCD_Write_Message@msg+1)^0,c
   224  0006D4  0E01               	movlw	1
   225  0006D6  EC0E  F003         	call	_LCD_Write_Message
   226  0006DA                     
   227                           ;main.c: 21:     LCD_Write_Message(2,5,"I'm in ");
   228  0006DA  0E05               	movlw	5
   229  0006DC  6E03               	movwf	LCD_Write_Message@pos^0,c
   230  0006DE  0E0D               	movlw	low STR_2
   231  0006E0  6E04               	movwf	LCD_Write_Message@msg^0,c
   232  0006E2  0E06               	movlw	high STR_2
   233  0006E4  6E05               	movwf	(LCD_Write_Message@msg+1)^0,c
   234  0006E6  0E02               	movlw	2
   235  0006E8  EC0E  F003         	call	_LCD_Write_Message
   236  0006EC                     
   237                           ;main.c: 22:     LCD_Write_Message(3,3,"8-BIT Mode ");
   238  0006EC  0E03               	movlw	3
   239  0006EE  6E03               	movwf	LCD_Write_Message@pos^0,c
   240  0006F0  0E01               	movlw	low STR_3
   241  0006F2  6E04               	movwf	LCD_Write_Message@msg^0,c
   242  0006F4  0E06               	movlw	high STR_3
   243  0006F6  6E05               	movwf	(LCD_Write_Message@msg+1)^0,c
   244  0006F8  0E03               	movlw	3
   245  0006FA  EC0E  F003         	call	_LCD_Write_Message
   246  0006FE                     l61:
   247  0006FE  EF7F  F003         	goto	l61
   248  000702  EF00  F000         	goto	start
   249  000706                     __end_of_main:
   250                           	callstack 0
   251                           
   252 ;; *************** function _SYSTEM_Initialize *****************
   253 ;; Defined at:
   254 ;;		line 50 in file "mcc_generated_files/mcc.c"
   255 ;; Parameters:    Size  Location     Type
   256 ;;		None
   257 ;; Auto vars:     Size  Location     Type
   258 ;;		None
   259 ;; Return value:  Size  Location     Type
   260 ;;                  1    wreg      void 
   261 ;; Registers used:
   262 ;;		wreg, status,2, cstack
   263 ;; Tracked objects:
   264 ;;		On entry : 0/0
   265 ;;		On exit  : 0/0
   266 ;;		Unchanged: 0/0
   267 ;; Data sizes:     COMRAM   BANK0   BANK1   BANK2   BANK3   BANK4   BANK5
   268 ;;      Params:         0       0       0       0       0       0       0
   269 ;;      Locals:         0       0       0       0       0       0       0
   270 ;;      Temps:          0       0       0       0       0       0       0
   271 ;;      Totals:         0       0       0       0       0       0       0
   272 ;;Total ram usage:        0 bytes
   273 ;; Hardware stack levels used: 1
   274 ;; Hardware stack levels required when called: 1
   275 ;; This function calls:
   276 ;;		_OSCILLATOR_Initialize
   277 ;;		_PIN_MANAGER_Initialize
   278 ;; This function is called by:
   279 ;;		_main
   280 ;; This function uses a non-reentrant model
   281 ;;
   282                           
   283                           	psect	text1
   284  0007AC                     __ptext1:
   285                           	callstack 0
   286  0007AC                     _SYSTEM_Initialize:
   287                           	callstack 29
   288  0007AC                     
   289                           ;mcc_generated_files/mcc.c: 53:     PIN_MANAGER_Initialize();
   290  0007AC  EC9B  F003         	call	_PIN_MANAGER_Initialize	;wreg free
   291                           
   292                           ;mcc_generated_files/mcc.c: 54:     OSCILLATOR_Initialize();
   293  0007B0  ECDB  F003         	call	_OSCILLATOR_Initialize	;wreg free
   294  0007B4  0012               	return		;funcret
   295  0007B6                     __end_of_SYSTEM_Initialize:
   296                           	callstack 0
   297                           
   298 ;; *************** function _PIN_MANAGER_Initialize *****************
   299 ;; Defined at:
   300 ;;		line 55 in file "mcc_generated_files/pin_manager.c"
   301 ;; Parameters:    Size  Location     Type
   302 ;;		None
   303 ;; Auto vars:     Size  Location     Type
   304 ;;		None
   305 ;; Return value:  Size  Location     Type
   306 ;;                  1    wreg      void 
   307 ;; Registers used:
   308 ;;		wreg, status,2
   309 ;; Tracked objects:
   310 ;;		On entry : 0/0
   311 ;;		On exit  : 0/0
   312 ;;		Unchanged: 0/0
   313 ;; Data sizes:     COMRAM   BANK0   BANK1   BANK2   BANK3   BANK4   BANK5
   314 ;;      Params:         0       0       0       0       0       0       0
   315 ;;      Locals:         0       0       0       0       0       0       0
   316 ;;      Temps:          0       0       0       0       0       0       0
   317 ;;      Totals:         0       0       0       0       0       0       0
   318 ;;Total ram usage:        0 bytes
   319 ;; Hardware stack levels used: 1
   320 ;; This function calls:
   321 ;;		Nothing
   322 ;; This function is called by:
   323 ;;		_SYSTEM_Initialize
   324 ;; This function uses a non-reentrant model
   325 ;;
   326                           
   327                           	psect	text2
   328  000736                     __ptext2:
   329                           	callstack 0
   330  000736                     _PIN_MANAGER_Initialize:
   331                           	callstack 29
   332  000736                     
   333                           ;mcc_generated_files/pin_manager.c: 60:     LATE = 0x00;
   334  000736  0E00               	movlw	0
   335  000738  6E8D               	movwf	141,c	;volatile
   336                           
   337                           ;mcc_generated_files/pin_manager.c: 61:     LATD = 0x00;
   338  00073A  0E00               	movlw	0
   339  00073C  6E8C               	movwf	140,c	;volatile
   340                           
   341                           ;mcc_generated_files/pin_manager.c: 62:     LATA = 0x00;
   342  00073E  0E00               	movlw	0
   343  000740  6E89               	movwf	137,c	;volatile
   344                           
   345                           ;mcc_generated_files/pin_manager.c: 63:     LATB = 0x00;
   346  000742  0E00               	movlw	0
   347  000744  6E8A               	movwf	138,c	;volatile
   348                           
   349                           ;mcc_generated_files/pin_manager.c: 64:     LATC = 0x00;
   350  000746  0E00               	movlw	0
   351  000748  6E8B               	movwf	139,c	;volatile
   352                           
   353                           ;mcc_generated_files/pin_manager.c: 69:     TRISE = 0x07;
   354  00074A  0E07               	movlw	7
   355  00074C  6E96               	movwf	150,c	;volatile
   356  00074E                     
   357                           ;mcc_generated_files/pin_manager.c: 70:     TRISA = 0xFF;
   358  00074E  6892               	setf	146,c	;volatile
   359  000750                     
   360                           ;mcc_generated_files/pin_manager.c: 71:     TRISB = 0xFF;
   361  000750  6893               	setf	147,c	;volatile
   362  000752                     
   363                           ;mcc_generated_files/pin_manager.c: 72:     TRISC = 0xFF;
   364  000752  6894               	setf	148,c	;volatile
   365  000754                     
   366                           ;mcc_generated_files/pin_manager.c: 73:     TRISD = 0xFF;
   367  000754  6895               	setf	149,c	;volatile
   368  000756                     
   369                           ;mcc_generated_files/pin_manager.c: 78:     ANSEL = 0xFF;
   370  000756  687E               	setf	126,c	;volatile
   371                           
   372                           ;mcc_generated_files/pin_manager.c: 79:     ANSELH = 0x1F;
   373  000758  0E1F               	movlw	31
   374  00075A  6E7F               	movwf	127,c	;volatile
   375                           
   376                           ;mcc_generated_files/pin_manager.c: 84:     WPUB = 0x00;
   377  00075C  0E00               	movlw	0
   378  00075E  6E7C               	movwf	124,c	;volatile
   379  000760                     
   380                           ;mcc_generated_files/pin_manager.c: 85:     INTCON2bits.nRBPU = 1;
   381  000760  8EF1               	bsf	241,7,c	;volatile
   382  000762  0012               	return		;funcret
   383  000764                     __end_of_PIN_MANAGER_Initialize:
   384                           	callstack 0
   385                           
   386 ;; *************** function _OSCILLATOR_Initialize *****************
   387 ;; Defined at:
   388 ;;		line 57 in file "mcc_generated_files/mcc.c"
   389 ;; Parameters:    Size  Location     Type
   390 ;;		None
   391 ;; Auto vars:     Size  Location     Type
   392 ;;		None
   393 ;; Return value:  Size  Location     Type
   394 ;;                  1    wreg      void 
   395 ;; Registers used:
   396 ;;		wreg, status,2
   397 ;; Tracked objects:
   398 ;;		On entry : 0/0
   399 ;;		On exit  : 0/0
   400 ;;		Unchanged: 0/0
   401 ;; Data sizes:     COMRAM   BANK0   BANK1   BANK2   BANK3   BANK4   BANK5
   402 ;;      Params:         0       0       0       0       0       0       0
   403 ;;      Locals:         0       0       0       0       0       0       0
   404 ;;      Temps:          0       0       0       0       0       0       0
   405 ;;      Totals:         0       0       0       0       0       0       0
   406 ;;Total ram usage:        0 bytes
   407 ;; Hardware stack levels used: 1
   408 ;; This function calls:
   409 ;;		Nothing
   410 ;; This function is called by:
   411 ;;		_SYSTEM_Initialize
   412 ;; This function uses a non-reentrant model
   413 ;;
   414                           
   415                           	psect	text3
   416  0007B6                     __ptext3:
   417                           	callstack 0
   418  0007B6                     _OSCILLATOR_Initialize:
   419                           	callstack 29
   420  0007B6                     
   421                           ;mcc_generated_files/mcc.c: 60:     OSCCON = 0x30;
   422  0007B6  0E30               	movlw	48
   423  0007B8  6ED3               	movwf	211,c	;volatile
   424                           
   425                           ;mcc_generated_files/mcc.c: 62:     OSCTUNE = 0x00;
   426  0007BA  0E00               	movlw	0
   427  0007BC  6E9B               	movwf	155,c	;volatile
   428  0007BE  0012               	return		;funcret
   429  0007C0                     __end_of_OSCILLATOR_Initialize:
   430                           	callstack 0
   431                           
   432 ;; *************** function _LCD_Write_Message *****************
   433 ;; Defined at:
   434 ;;		line 41 in file "LCD.c"
   435 ;; Parameters:    Size  Location     Type
   436 ;;  row             1    wreg     unsigned char 
   437 ;;  pos             1    2[COMRAM] unsigned char 
   438 ;;  msg             2    3[COMRAM] PTR const unsigned char 
   439 ;;		 -> STR_3(12), STR_2(8), STR_1(6), 
   440 ;; Auto vars:     Size  Location     Type
   441 ;;  row             1    7[COMRAM] unsigned char 
   442 ;;  location        1    8[COMRAM] unsigned char 
   443 ;; Return value:  Size  Location     Type
   444 ;;                  1    wreg      void 
   445 ;; Registers used:
   446 ;;		wreg, status,2, status,0, tblptrl, tblptrh, tblptru, cstack
   447 ;; Tracked objects:
   448 ;;		On entry : 0/0
   449 ;;		On exit  : 0/0
   450 ;;		Unchanged: 0/0
   451 ;; Data sizes:     COMRAM   BANK0   BANK1   BANK2   BANK3   BANK4   BANK5
   452 ;;      Params:         3       0       0       0       0       0       0
   453 ;;      Locals:         2       0       0       0       0       0       0
   454 ;;      Temps:          2       0       0       0       0       0       0
   455 ;;      Totals:         7       0       0       0       0       0       0
   456 ;;Total ram usage:        7 bytes
   457 ;; Hardware stack levels used: 1
   458 ;; Hardware stack levels required when called: 1
   459 ;; This function calls:
   460 ;;		_LCD_Command
   461 ;;		_LCD_Write_Data
   462 ;; This function is called by:
   463 ;;		_main
   464 ;; This function uses a non-reentrant model
   465 ;;
   466                           
   467                           	psect	text4
   468  00061C                     __ptext4:
   469                           	callstack 0
   470  00061C                     _LCD_Write_Message:
   471                           	callstack 29
   472                           
   473                           ;incstack = 0
   474                           ;LCD_Write_Message@row stored from wreg
   475  00061C  6E08               	movwf	LCD_Write_Message@row^0,c
   476  00061E                     
   477                           ;LCD.c: 41: void LCD_Write_Message(char row,char pos,const char *msg);LCD.c: 42: {;LCD.c
      +                          : 43:     char location=0;
   478  00061E  0E00               	movlw	0
   479  000620  6E09               	movwf	LCD_Write_Message@location^0,c
   480                           
   481                           ;LCD.c: 45:     switch(row)
   482  000622  EF23  F003         	goto	l885
   483  000626                     l875:
   484  000626  0E80               	movlw	128
   485  000628  6E09               	movwf	LCD_Write_Message@location^0,c
   486                           
   487                           ;LCD.c: 48:         break;
   488  00062A  EF40  F003         	goto	l887
   489  00062E                     l877:
   490  00062E  0EC0               	movlw	192
   491  000630  6E09               	movwf	LCD_Write_Message@location^0,c
   492                           
   493                           ;LCD.c: 51:         break;
   494  000632  EF40  F003         	goto	l887
   495  000636                     l879:
   496  000636  0E90               	movlw	144
   497  000638  6E09               	movwf	LCD_Write_Message@location^0,c
   498                           
   499                           ;LCD.c: 54:         break;
   500  00063A  EF40  F003         	goto	l887
   501  00063E                     l881:
   502  00063E  0ED0               	movlw	208
   503  000640  6E09               	movwf	LCD_Write_Message@location^0,c
   504                           
   505                           ;LCD.c: 57:         break;
   506  000642  EF40  F003         	goto	l887
   507  000646                     l885:
   508  000646  5008               	movf	LCD_Write_Message@row^0,w,c
   509  000648  6E06               	movwf	??_LCD_Write_Message^0,c
   510  00064A  6A07               	clrf	(??_LCD_Write_Message+1)^0,c
   511                           
   512                           ; Switch on 2 bytes has been partitioned into a top level switch of size 1, and 1 sub-sw
      +                          itches
   513                           ; Switch size 1, requested type "simple"
   514                           ; Number of cases is 1, Range of values is 0 to 0
   515                           ; switch strategies available:
   516                           ; Name         Instructions Cycles
   517                           ; simple_byte            4     3 (average)
   518                           ;	Chosen strategy is simple_byte
   519  00064C  5007               	movf	(??_LCD_Write_Message+1)^0,w,c
   520  00064E  0A00               	xorlw	0	; case 0
   521  000650  B4D8               	btfsc	status,2,c
   522  000652  EF2D  F003         	goto	l911
   523  000656  EF40  F003         	goto	l887
   524  00065A                     l911:
   525                           
   526                           ; Switch size 1, requested type "simple"
   527                           ; Number of cases is 4, Range of values is 1 to 4
   528                           ; switch strategies available:
   529                           ; Name         Instructions Cycles
   530                           ; simple_byte           13     7 (average)
   531                           ;	Chosen strategy is simple_byte
   532  00065A  5006               	movf	??_LCD_Write_Message^0,w,c
   533  00065C  0A01               	xorlw	1	; case 1
   534  00065E  B4D8               	btfsc	status,2,c
   535  000660  EF13  F003         	goto	l875
   536  000664  0A03               	xorlw	3	; case 2
   537  000666  B4D8               	btfsc	status,2,c
   538  000668  EF17  F003         	goto	l877
   539  00066C  0A01               	xorlw	1	; case 3
   540  00066E  B4D8               	btfsc	status,2,c
   541  000670  EF1B  F003         	goto	l879
   542  000674  0A07               	xorlw	7	; case 4
   543  000676  B4D8               	btfsc	status,2,c
   544  000678  EF1F  F003         	goto	l881
   545  00067C  EF40  F003         	goto	l887
   546  000680                     l887:
   547                           
   548                           ;LCD.c: 61:     LCD_Command((location) | ((pos) & 0x0f));
   549  000680  5003               	movf	LCD_Write_Message@pos^0,w,c
   550  000682  0B0F               	andlw	15
   551  000684  1009               	iorwf	LCD_Write_Message@location^0,w,c
   552  000686  ECC2  F003         	call	_LCD_Command
   553                           
   554                           ;LCD.c: 63:     while((*msg)!=0)
   555  00068A  EF51  F003         	goto	l893
   556  00068E                     l889:
   557                           
   558                           ;LCD.c: 64:     {;LCD.c: 65:         LCD_Write_Data(*msg);
   559  00068E  C004  FFF6         	movff	LCD_Write_Message@msg,tblptrl
   560  000692  C005  FFF7         	movff	LCD_Write_Message@msg+1,tblptrh
   561  000696                     	if	0	;tblptru may be non-zero
   562  000696                     	endif
   563  000696                     	if	0	;tblptru may be non-zero
   564  000696                     	endif
   565  000696  0008               	tblrd		*
   566  000698  50F5               	movf	tablat,w,c
   567  00069A  ECB2  F003         	call	_LCD_Write_Data
   568  00069E                     
   569                           ;LCD.c: 66:         msg++;
   570  00069E  4A04               	infsnz	LCD_Write_Message@msg^0,f,c
   571  0006A0  2A05               	incf	(LCD_Write_Message@msg+1)^0,f,c
   572  0006A2                     l893:
   573                           
   574                           ;LCD.c: 63:     while((*msg)!=0)
   575  0006A2  C004  FFF6         	movff	LCD_Write_Message@msg,tblptrl
   576  0006A6  C005  FFF7         	movff	LCD_Write_Message@msg+1,tblptrh
   577  0006AA                     	if	0	;tblptru may be non-zero
   578  0006AA                     	endif
   579  0006AA                     	if	0	;tblptru may be non-zero
   580  0006AA                     	endif
   581  0006AA  0008               	tblrd		*
   582  0006AC  50F5               	movf	tablat,w,c
   583  0006AE  0900               	iorlw	0
   584  0006B0  A4D8               	btfss	status,2,c
   585  0006B2  EF5D  F003         	goto	u21
   586  0006B6  EF5F  F003         	goto	u20
   587  0006BA                     u21:
   588  0006BA  EF47  F003         	goto	l889
   589  0006BE                     u20:
   590  0006BE  0012               	return		;funcret
   591  0006C0                     __end_of_LCD_Write_Message:
   592                           	callstack 0
   593                           
   594 ;; *************** function _LCD_Write_Data *****************
   595 ;; Defined at:
   596 ;;		line 30 in file "LCD.c"
   597 ;; Parameters:    Size  Location     Type
   598 ;;  dat             1    wreg     unsigned char 
   599 ;; Auto vars:     Size  Location     Type
   600 ;;  dat             1    1[COMRAM] unsigned char 
   601 ;; Return value:  Size  Location     Type
   602 ;;                  1    wreg      void 
   603 ;; Registers used:
   604 ;;		wreg, status,2, cstack
   605 ;; Tracked objects:
   606 ;;		On entry : 0/0
   607 ;;		On exit  : 0/0
   608 ;;		Unchanged: 0/0
   609 ;; Data sizes:     COMRAM   BANK0   BANK1   BANK2   BANK3   BANK4   BANK5
   610 ;;      Params:         0       0       0       0       0       0       0
   611 ;;      Locals:         1       0       0       0       0       0       0
   612 ;;      Temps:          1       0       0       0       0       0       0
   613 ;;      Totals:         2       0       0       0       0       0       0
   614 ;;Total ram usage:        2 bytes
   615 ;; Hardware stack levels used: 1
   616 ;; This function calls:
   617 ;;		Nothing
   618 ;; This function is called by:
   619 ;;		_LCD_Write_Message
   620 ;; This function uses a non-reentrant model
   621 ;;
   622                           
   623                           	psect	text5
   624  000764                     __ptext5:
   625                           	callstack 0
   626  000764                     _LCD_Write_Data:
   627                           	callstack 29
   628                           
   629                           ;incstack = 0
   630                           ;LCD_Write_Data@dat stored from wreg
   631  000764  6E02               	movwf	LCD_Write_Data@dat^0,c
   632  000766                     
   633                           ;LCD.c: 30: void LCD_Write_Data(unsigned char dat);LCD.c: 31: {;LCD.c: 32:     LATB= dat
      +                          ;
   634  000766  C002  FF8A         	movff	LCD_Write_Data@dat,3978	;volatile
   635  00076A                     
   636                           ;LCD.c: 33:  LATD0 = 1;
   637  00076A  808C               	bsf	3980,0,c	;volatile
   638  00076C                     
   639                           ;LCD.c: 34:  LATD1 = 1;
   640  00076C  828C               	bsf	3980,1,c	;volatile
   641  00076E                     
   642                           ;LCD.c: 35:  __nop();
   643  00076E  F000               	nop	
   644  000770                     
   645                           ;LCD.c: 36:  LATD1 = 0;
   646  000770  928C               	bcf	3980,1,c	;volatile
   647  000772                     
   648                           ;LCD.c: 37:  _delay((unsigned long)((1)*(20000000/4000.0)));
   649  000772  0E07               	movlw	7
   650  000774  6E01               	movwf	??_LCD_Write_Data^0,c
   651  000776  0E7D               	movlw	125
   652  000778                     u37:
   653  000778  2EE8               	decfsz	wreg,f,c
   654  00077A  D7FE               	bra	u37
   655  00077C  2E01               	decfsz	??_LCD_Write_Data^0,f,c
   656  00077E  D7FC               	bra	u37
   657  000780  F000               	nop	
   658  000782  0012               	return		;funcret
   659  000784                     __end_of_LCD_Write_Data:
   660                           	callstack 0
   661                           
   662 ;; *************** function _Configure_LCD *****************
   663 ;; Defined at:
   664 ;;		line 7 in file "LCD.c"
   665 ;; Parameters:    Size  Location     Type
   666 ;;		None
   667 ;; Auto vars:     Size  Location     Type
   668 ;;		None
   669 ;; Return value:  Size  Location     Type
   670 ;;                  1    wreg      void 
   671 ;; Registers used:
   672 ;;		wreg, status,2, cstack
   673 ;; Tracked objects:
   674 ;;		On entry : 0/0
   675 ;;		On exit  : 0/0
   676 ;;		Unchanged: 0/0
   677 ;; Data sizes:     COMRAM   BANK0   BANK1   BANK2   BANK3   BANK4   BANK5
   678 ;;      Params:         0       0       0       0       0       0       0
   679 ;;      Locals:         0       0       0       0       0       0       0
   680 ;;      Temps:          1       0       0       0       0       0       0
   681 ;;      Totals:         1       0       0       0       0       0       0
   682 ;;Total ram usage:        1 bytes
   683 ;; Hardware stack levels used: 1
   684 ;; Hardware stack levels required when called: 1
   685 ;; This function calls:
   686 ;;		_LCD_Command
   687 ;; This function is called by:
   688 ;;		_main
   689 ;; This function uses a non-reentrant model
   690 ;;
   691                           
   692                           	psect	text6
   693  000706                     __ptext6:
   694                           	callstack 0
   695  000706                     _Configure_LCD:
   696                           	callstack 29
   697  000706                     
   698                           ;LCD.c: 9:     _delay((unsigned long)((15)*(20000000/4000.0)));
   699  000706  0E62               	movlw	98
   700  000708  6E03               	movwf	??_Configure_LCD^0,c
   701  00070A  0E66               	movlw	102
   702  00070C                     u47:
   703  00070C  2EE8               	decfsz	wreg,f,c
   704  00070E  D7FE               	bra	u47
   705  000710  2E03               	decfsz	??_Configure_LCD^0,f,c
   706  000712  D7FC               	bra	u47
   707  000714                     
   708                           ;LCD.c: 10:     TRISB = 0x00;
   709  000714  0E00               	movlw	0
   710  000716  6E93               	movwf	147,c	;volatile
   711  000718                     
   712                           ;LCD.c: 11:     TRISD = 0x00;
   713  000718  0E00               	movlw	0
   714  00071A  6E95               	movwf	149,c	;volatile
   715  00071C                     
   716                           ;LCD.c: 13:     LCD_Command(0x38);
   717  00071C  0E38               	movlw	56
   718  00071E  ECC2  F003         	call	_LCD_Command
   719  000722                     
   720                           ;LCD.c: 14:     LCD_Command(0x01);
   721  000722  0E01               	movlw	1
   722  000724  ECC2  F003         	call	_LCD_Command
   723  000728                     
   724                           ;LCD.c: 15:     LCD_Command(0x0C);
   725  000728  0E0C               	movlw	12
   726  00072A  ECC2  F003         	call	_LCD_Command
   727  00072E                     
   728                           ;LCD.c: 16:     LCD_Command(0x06);
   729  00072E  0E06               	movlw	6
   730  000730  ECC2  F003         	call	_LCD_Command
   731  000734  0012               	return		;funcret
   732  000736                     __end_of_Configure_LCD:
   733                           	callstack 0
   734                           
   735 ;; *************** function _LCD_Command *****************
   736 ;; Defined at:
   737 ;;		line 20 in file "LCD.c"
   738 ;; Parameters:    Size  Location     Type
   739 ;;  cmd             1    wreg     unsigned char 
   740 ;; Auto vars:     Size  Location     Type
   741 ;;  cmd             1    1[COMRAM] unsigned char 
   742 ;; Return value:  Size  Location     Type
   743 ;;                  1    wreg      void 
   744 ;; Registers used:
   745 ;;		wreg, status,2, cstack
   746 ;; Tracked objects:
   747 ;;		On entry : 0/0
   748 ;;		On exit  : 0/0
   749 ;;		Unchanged: 0/0
   750 ;; Data sizes:     COMRAM   BANK0   BANK1   BANK2   BANK3   BANK4   BANK5
   751 ;;      Params:         0       0       0       0       0       0       0
   752 ;;      Locals:         1       0       0       0       0       0       0
   753 ;;      Temps:          1       0       0       0       0       0       0
   754 ;;      Totals:         2       0       0       0       0       0       0
   755 ;;Total ram usage:        2 bytes
   756 ;; Hardware stack levels used: 1
   757 ;; This function calls:
   758 ;;		Nothing
   759 ;; This function is called by:
   760 ;;		_Configure_LCD
   761 ;;		_LCD_Write_Message
   762 ;; This function uses a non-reentrant model
   763 ;;
   764                           
   765                           	psect	text7
   766  000784                     __ptext7:
   767                           	callstack 0
   768  000784                     _LCD_Command:
   769                           	callstack 29
   770                           
   771                           ;incstack = 0
   772                           ;LCD_Command@cmd stored from wreg
   773  000784  6E02               	movwf	LCD_Command@cmd^0,c
   774  000786                     
   775                           ;LCD.c: 20: void LCD_Command(unsigned char cmd );LCD.c: 21: {;LCD.c: 22:  LATB= cmd;
   776  000786  C002  FF8A         	movff	LCD_Command@cmd,3978	;volatile
   777  00078A                     
   778                           ;LCD.c: 23:  LATD0 = 0;
   779  00078A  908C               	bcf	3980,0,c	;volatile
   780  00078C                     
   781                           ;LCD.c: 24:  LATD1 = 1;
   782  00078C  828C               	bsf	3980,1,c	;volatile
   783  00078E                     
   784                           ;LCD.c: 25:  __nop();
   785  00078E  F000               	nop	
   786  000790                     
   787                           ;LCD.c: 26:  LATD1 = 0;
   788  000790  928C               	bcf	3980,1,c	;volatile
   789  000792                     
   790                           ;LCD.c: 27:     _delay((unsigned long)((3)*(20000000/4000.0)));
   791  000792  0E14               	movlw	20
   792  000794  6E01               	movwf	??_LCD_Command^0,c
   793  000796  0E7A               	movlw	122
   794  000798                     u57:
   795  000798  2EE8               	decfsz	wreg,f,c
   796  00079A  D7FE               	bra	u57
   797  00079C  2E01               	decfsz	??_LCD_Command^0,f,c
   798  00079E  D7FC               	bra	u57
   799  0007A0  0012               	return		;funcret
   800  0007A2                     __end_of_LCD_Command:
   801                           	callstack 0
   802                           
   803                           	psect	rparam
   804  0000                     
   805                           	psect	idloc
   806                           
   807                           ;Config register IDLOC0 @ 0x200000
   808                           ;	unspecified, using default values
   809  200000                     	org	2097152
   810  200000  FF                 	db	255
   811                           
   812                           ;Config register IDLOC1 @ 0x200001
   813                           ;	unspecified, using default values
   814  200001                     	org	2097153
   815  200001  FF                 	db	255
   816                           
   817                           ;Config register IDLOC2 @ 0x200002
   818                           ;	unspecified, using default values
   819  200002                     	org	2097154
   820  200002  FF                 	db	255
   821                           
   822                           ;Config register IDLOC3 @ 0x200003
   823                           ;	unspecified, using default values
   824  200003                     	org	2097155
   825  200003  FF                 	db	255
   826                           
   827                           ;Config register IDLOC4 @ 0x200004
   828                           ;	unspecified, using default values
   829  200004                     	org	2097156
   830  200004  FF                 	db	255
   831                           
   832                           ;Config register IDLOC5 @ 0x200005
   833                           ;	unspecified, using default values
   834  200005                     	org	2097157
   835  200005  FF                 	db	255
   836                           
   837                           ;Config register IDLOC6 @ 0x200006
   838                           ;	unspecified, using default values
   839  200006                     	org	2097158
   840  200006  FF                 	db	255
   841                           
   842                           ;Config register IDLOC7 @ 0x200007
   843                           ;	unspecified, using default values
   844  200007                     	org	2097159
   845  200007  FF                 	db	255
   846                           
   847                           	psect	config
   848                           
   849                           ; Padding undefined space
   850  300000                     	org	3145728
   851  300000  FF                 	db	255
   852                           
   853                           ;Config register CONFIG1H @ 0x300001
   854                           ;	Oscillator Selection bits
   855                           ;	FOSC = HS, HS oscillator
   856                           ;	Fail-Safe Clock Monitor Enable bit
   857                           ;	FCMEN = OFF, Fail-Safe Clock Monitor disabled
   858                           ;	Internal/External Oscillator Switchover bit
   859                           ;	IESO = OFF, Oscillator Switchover mode disabled
   860  300001                     	org	3145729
   861  300001  02                 	db	2
   862                           
   863                           ;Config register CONFIG2L @ 0x300002
   864                           ;	Power-up Timer Enable bit
   865                           ;	PWRT = OFF, PWRT disabled
   866                           ;	Brown-out Reset Enable bits
   867                           ;	BOREN = SBORDIS, Brown-out Reset enabled in hardware only (SBOREN is disabled)
   868                           ;	Brown Out Reset Voltage bits
   869                           ;	BORV = 18, VBOR set to 1.8 V nominal
   870  300002                     	org	3145730
   871  300002  1F                 	db	31
   872                           
   873                           ;Config register CONFIG2H @ 0x300003
   874                           ;	Watchdog Timer Enable bit
   875                           ;	WDTEN = OFF, WDT is controlled by SWDTEN bit of the WDTCON register
   876                           ;	Watchdog Timer Postscale Select bits
   877                           ;	WDTPS = 32768, 1:32768
   878  300003                     	org	3145731
   879  300003  1E                 	db	30
   880                           
   881                           ; Padding undefined space
   882  300004                     	org	3145732
   883  300004  FF                 	db	255
   884                           
   885                           ;Config register CONFIG3H @ 0x300005
   886                           ;	CCP2 MUX bit
   887                           ;	CCP2MX = PORTC, CCP2 input/output is multiplexed with RC1
   888                           ;	PORTB A/D Enable bit
   889                           ;	PBADEN = ON, PORTB<4:0> pins are configured as analog input channels on Reset
   890                           ;	Low-Power Timer1 Oscillator Enable bit
   891                           ;	LPT1OSC = OFF, Timer1 configured for higher power operation
   892                           ;	HFINTOSC Fast Start-up
   893                           ;	HFOFST = ON, HFINTOSC starts clocking the CPU without waiting for the oscillator to st
      +                          ablize.
   894                           ;	MCLR Pin Enable bit
   895                           ;	MCLRE = ON, MCLR pin enabled; RE3 input pin disabled
   896  300005                     	org	3145733
   897  300005  8B                 	db	139
   898                           
   899                           ;Config register CONFIG4L @ 0x300006
   900                           ;	Stack Full/Underflow Reset Enable bit
   901                           ;	STVREN = ON, Stack full/underflow will cause Reset
   902                           ;	Single-Supply ICSP Enable bit
   903                           ;	LVP = OFF, Single-Supply ICSP disabled
   904                           ;	Extended Instruction Set Enable bit
   905                           ;	XINST = OFF, Instruction set extension and Indexed Addressing mode disabled (Legacy mo
      +                          de)
   906                           ;	Background Debugger Enable bit
   907                           ;	DEBUG = OFF, Background debugger disabled, RB6 and RB7 configured as general purpose I
      +                          /O pins
   908  300006                     	org	3145734
   909  300006  81                 	db	129
   910                           
   911                           ; Padding undefined space
   912  300007                     	org	3145735
   913  300007  FF                 	db	255
   914                           
   915                           ;Config register CONFIG5L @ 0x300008
   916                           ;	Code Protection Block 0
   917                           ;	CP0 = OFF, Block 0 (000800-001FFFh) not code-protected
   918                           ;	Code Protection Block 1
   919                           ;	CP1 = OFF, Block 1 (002000-003FFFh) not code-protected
   920                           ;	Code Protection Block 2
   921                           ;	CP2 = OFF, Block 2 (004000-005FFFh) not code-protected
   922                           ;	Code Protection Block 3
   923                           ;	CP3 = OFF, Block 3 (006000-007FFFh) not code-protected
   924  300008                     	org	3145736
   925  300008  0F                 	db	15
   926                           
   927                           ;Config register CONFIG5H @ 0x300009
   928                           ;	Boot Block Code Protection bit
   929                           ;	CPB = OFF, Boot block (000000-0007FFh) not code-protected
   930                           ;	Data EEPROM Code Protection bit
   931                           ;	CPD = OFF, Data EEPROM not code-protected
   932  300009                     	org	3145737
   933  300009  C0                 	db	192
   934                           
   935                           ;Config register CONFIG6L @ 0x30000A
   936                           ;	Write Protection Block 0
   937                           ;	WRT0 = OFF, Block 0 (000800-001FFFh) not write-protected
   938                           ;	Write Protection Block 1
   939                           ;	WRT1 = OFF, Block 1 (002000-003FFFh) not write-protected
   940                           ;	Write Protection Block 2
   941                           ;	WRT2 = OFF, Block 2 (004000-005FFFh) not write-protected
   942                           ;	Write Protection Block 3
   943                           ;	WRT3 = OFF, Block 3 (006000-007FFFh) not write-protected
   944  30000A                     	org	3145738
   945  30000A  0F                 	db	15
   946                           
   947                           ;Config register CONFIG6H @ 0x30000B
   948                           ;	Configuration Register Write Protection bit
   949                           ;	WRTC = OFF, Configuration registers (300000-3000FFh) not write-protected
   950                           ;	Boot Block Write Protection bit
   951                           ;	WRTB = OFF, Boot Block (000000-0007FFh) not write-protected
   952                           ;	Data EEPROM Write Protection bit
   953                           ;	WRTD = OFF, Data EEPROM not write-protected
   954  30000B                     	org	3145739
   955  30000B  E0                 	db	224
   956                           
   957                           ;Config register CONFIG7L @ 0x30000C
   958                           ;	Table Read Protection Block 0
   959                           ;	EBTR0 = OFF, Block 0 (000800-001FFFh) not protected from table reads executed in other
      +                           blocks
   960                           ;	Table Read Protection Block 1
   961                           ;	EBTR1 = OFF, Block 1 (002000-003FFFh) not protected from table reads executed in other
      +                           blocks
   962                           ;	Table Read Protection Block 2
   963                           ;	EBTR2 = OFF, Block 2 (004000-005FFFh) not protected from table reads executed in other
      +                           blocks
   964                           ;	Table Read Protection Block 3
   965                           ;	EBTR3 = OFF, Block 3 (006000-007FFFh) not protected from table reads executed in other
      +                           blocks
   966  30000C                     	org	3145740
   967  30000C  0F                 	db	15
   968                           
   969                           ;Config register CONFIG7H @ 0x30000D
   970                           ;	Boot Block Table Read Protection bit
   971                           ;	EBTRB = OFF, Boot Block (000000-0007FFh) not protected from table reads executed in ot
      +                          her blocks
   972  30000D                     	org	3145741
   973  30000D  40                 	db	64
   974                           tosu	equ	0xFFF
   975                           tosh	equ	0xFFE
   976                           tosl	equ	0xFFD
   977                           stkptr	equ	0xFFC
   978                           pclatu	equ	0xFFB
   979                           pclath	equ	0xFFA
   980                           pcl	equ	0xFF9
   981                           tblptru	equ	0xFF8
   982                           tblptrh	equ	0xFF7
   983                           tblptrl	equ	0xFF6
   984                           tablat	equ	0xFF5
   985                           prodh	equ	0xFF4
   986                           prodl	equ	0xFF3
   987                           indf0	equ	0xFEF
   988                           postinc0	equ	0xFEE
   989                           postdec0	equ	0xFED
   990                           preinc0	equ	0xFEC
   991                           plusw0	equ	0xFEB
   992                           fsr0h	equ	0xFEA
   993                           fsr0l	equ	0xFE9
   994                           wreg	equ	0xFE8
   995                           indf1	equ	0xFE7
   996                           postinc1	equ	0xFE6
   997                           postdec1	equ	0xFE5
   998                           preinc1	equ	0xFE4
   999                           plusw1	equ	0xFE3
  1000                           fsr1h	equ	0xFE2
  1001                           fsr1l	equ	0xFE1
  1002                           bsr	equ	0xFE0
  1003                           indf2	equ	0xFDF
  1004                           postinc2	equ	0xFDE
  1005                           postdec2	equ	0xFDD
  1006                           preinc2	equ	0xFDC
  1007                           plusw2	equ	0xFDB
  1008                           fsr2h	equ	0xFDA
  1009                           fsr2l	equ	0xFD9
  1010                           status	equ	0xFD8

Data Sizes:
    Strings     26
    Constant    0
    Data        0
    BSS         0
    Persistent  0
    Stack       0

Auto Spaces:
    Space          Size  Autos    Used
    COMRAM           95      9       9
    BANK0           160      0       0
    BANK1           256      0       0
    BANK2           256      0       0
    BANK3           256      0       0
    BANK4           256      0       0
    BANK5           256      0       0

Pointer List with Targets:

    LCD_Write_Message@msg	PTR const unsigned char  size(2) Largest target is 12
		 -> STR_3(CODE[12]), STR_2(CODE[8]), STR_1(CODE[6]), 


Critical Paths under _main in COMRAM

    _main->_LCD_Write_Message
    _LCD_Write_Message->_LCD_Command
    _LCD_Write_Message->_LCD_Write_Data
    _Configure_LCD->_LCD_Command

Critical Paths under _main in BANK0

    None.

Critical Paths under _main in BANK1

    None.

Critical Paths under _main in BANK2

    None.

Critical Paths under _main in BANK3

    None.

Critical Paths under _main in BANK4

    None.

Critical Paths under _main in BANK5

    None.

Call Graph Tables:

 ---------------------------------------------------------------------------------
 (Depth) Function   	        Calls       Base Space   Used Autos Params    Refs
 ---------------------------------------------------------------------------------
 (0) _main                                                 0     0      0     617
                      _Configure_LCD
                  _LCD_Write_Message
                  _SYSTEM_Initialize
 ---------------------------------------------------------------------------------
 (1) _SYSTEM_Initialize                                    0     0      0       0
              _OSCILLATOR_Initialize
             _PIN_MANAGER_Initialize
 ---------------------------------------------------------------------------------
 (2) _PIN_MANAGER_Initialize                               0     0      0       0
 ---------------------------------------------------------------------------------
 (2) _OSCILLATOR_Initialize                                0     0      0       0
 ---------------------------------------------------------------------------------
 (1) _LCD_Write_Message                                    7     4      3     602
                                              2 COMRAM     7     4      3
                        _LCD_Command
                     _LCD_Write_Data
 ---------------------------------------------------------------------------------
 (2) _LCD_Write_Data                                       2     2      0      15
                                              0 COMRAM     2     2      0
 ---------------------------------------------------------------------------------
 (1) _Configure_LCD                                        1     1      0      15
                                              2 COMRAM     1     1      0
                        _LCD_Command
 ---------------------------------------------------------------------------------
 (2) _LCD_Command                                          2     2      0      15
                                              0 COMRAM     2     2      0
 ---------------------------------------------------------------------------------
 Estimated maximum stack depth 2
 ---------------------------------------------------------------------------------

 Call Graph Graphs:

 _main (ROOT)
   _Configure_LCD
     _LCD_Command
   _LCD_Write_Message
     _LCD_Command
     _LCD_Write_Data
   _SYSTEM_Initialize
     _OSCILLATOR_Initialize
     _PIN_MANAGER_Initialize

 Address spaces:
Name               Size   Autos  Total    Cost      Usage
BITCOMRAM           5F      0       0       0        0.0%
EEDATA             100      0       0       0        0.0%
NULL                 0      0       0       0        0.0%
CODE                 0      0       0       0        0.0%
COMRAM              5F      9       9       1        9.5%
STACK                0      0       0       2        0.0%
DATA                 0      0       0       3        0.0%
BITBANK0            A0      0       0       4        0.0%
BANK0               A0      0       0       5        0.0%
BITBANK1           100      0       0       6        0.0%
BANK1              100      0       0       7        0.0%
BITBANK2           100      0       0       8        0.0%
BANK2              100      0       0       9        0.0%
BITBANK3           100      0       0      10        0.0%
BANK3              100      0       0      11        0.0%
BITBANK4           100      0       0      12        0.0%
BANK4              100      0       0      13        0.0%
BITBANK5           100      0       0      14        0.0%
BANK5              100      0       0      15        0.0%
BITBIGSFRhh          D      0       0      16        0.0%
BITBIGSFRhl         1D      0       0      17        0.0%
BITBIGSFRlh         37      0       0      18        0.0%
BITBIGSFRllhh        4      0       0      19        0.0%
BITBIGSFRllhll       4      0       0      20        0.0%
BITBIGSFRllllh       9      0       0      21        0.0%
BITBIGSFRlllllh      1      0       0      22        0.0%
BITBIGSFRllllll     1C      0       0      23        0.0%
ABS                  0      0       0      24        0.0%
BIGRAM             5FF      0       0      25        0.0%
BIGSFR               0      0       0     200        0.0%
BITSFR               0      0       0     200        0.0%
SFR                  0      0       0     200        0.0%


Microchip Technology PIC18 Macro Assembler V2.36 build 20220127204148 
Symbol Table                                                                                   Sun Jan 01 21:29:02 2023

                  ?_LCD_Command 0001                              l11 07B4                              l14 07BE  
                            l61 06FE                              l62 06FE                              l47 0762  
                            l83 0734                              l86 07A0                              l89 0782  
                            u20 06BE                              u21 06BA                              u37 0778  
                            u47 070C                              u57 0798                             l101 06BE  
                           l801 0790                             l803 0792                             l811 076E  
                           l821 0714                             l813 0770                             l805 0766  
                           l901 06C8                             l831 072E                             l823 0718  
                           l815 0772                             l807 076A                             l911 065A  
                           l903 06DA                             l825 071C                             l809 076C  
                           l817 07AC                             l905 06EC                             l827 0722  
                           l819 0706                             l829 0728                             l781 0750  
                           l791 07B6                             l783 0752                             l793 0786  
                           l881 063E                             l873 061E                             l785 0754  
                           l777 0736                             l795 078A                             l891 069E  
                           l875 0626                             l787 0756                             l779 074E  
                           l797 078C                             l893 06A2                             l877 062E  
                           l885 0646                             l789 0760                             l799 078E  
                           l879 0636                             l887 0680                             l889 068E  
                           l899 06C0                             wreg 000FE8                            STR_1 0615  
                          STR_2 060D                            STR_3 0601                            _LATA 000F89  
                          _LATB 000F8A                            _LATC 000F8B                            _LATD 000F8C  
                          _LATE 000F8D                            _WPUB 000F7C                            _main 06C0  
                          start 0000                    ___param_bank 000000               _LCD_Write_Message 061C  
 __end_of_OSCILLATOR_Initialize 07C0                           ?_main 0001                           _ANSEL 000F7E  
                         _LATD0 007C60                           _LATD1 007C61              ?_LCD_Write_Message 0003  
                         _TRISA 000F92                           _TRISB 000F93                           _TRISC 000F94  
                         _TRISD 000F95                           _TRISE 000F96             ??_LCD_Write_Message 0006  
                         tablat 000FF5                           status 000FD8                  _LCD_Write_Data 0764  
               __initialization 07A2                    __end_of_main 0706       __end_of_LCD_Write_Message 06C0  
                        ??_main 000A                   __activetblptr 000002                          _ANSELH 000F7F  
                        _OSCCON 000FD3          __end_of_LCD_Write_Data 0784                          isa$std 000001  
                  __mediumconst 0000                          tblptrh 000FF7                          tblptrl 000FF6  
                        tblptru 000FF8               _SYSTEM_Initialize 07AC                      __accesstop 0060  
       __end_of__initialization 07A2              ?_SYSTEM_Initialize 0001                   ___rparam_used 000001  
               ?_LCD_Write_Data 0001                  __pcstackCOMRAM 0001             ??_SYSTEM_Initialize 0001  
     __end_of_SYSTEM_Initialize 07B6           __end_of_Configure_LCD 0736                         _OSCTUNE 000F9B  
                       __Hparam 0000                         __Lparam 0000                    __psmallconst 0600  
                       __pcinit 07A2                         __ramtop 0600                         __ptext0 06C0  
                       __ptext1 07AC                         __ptext2 0736                         __ptext3 07B6  
                       __ptext4 061C                         __ptext5 0764                         __ptext6 0706  
                       __ptext7 0784           _OSCILLATOR_Initialize 07B6        ??_PIN_MANAGER_Initialize 0001  
          end_of_initialization 07A2                  LCD_Command@cmd 0002               LCD_Write_Data@dat 0002  
                 __Lmediumconst 0000       LCD_Write_Message@location 0009                ??_LCD_Write_Data 0001  
                 ??_LCD_Command 0001          ?_OSCILLATOR_Initialize 0001             start_initialization 07A2  
           __end_of_LCD_Command 07A2          _PIN_MANAGER_Initialize 0736                     __smallconst 0600  
                   _LCD_Command 0784                     _INTCON2bits 000FF1                   _Configure_LCD 0706  
                      __Hrparam 0000                        __Lrparam 0000         ??_OSCILLATOR_Initialize 0001  
                ?_Configure_LCD 0001                        isa$xinst 000000            LCD_Write_Message@msg 0004  
          LCD_Write_Message@pos 0003            LCD_Write_Message@row 0008                      _INTCONbits 000FF2  
       ?_PIN_MANAGER_Initialize 0001                 ??_Configure_LCD 0003  __end_of_PIN_MANAGER_Initialize 0764  
