

Microchip MPLAB XC8 Assembler V2.41 build 20230208172133 
                                                                                               Fri May 05 21:13:01 2023

Microchip MPLAB XC8 C Compiler v2.41 (Free license) build 20230208172133 Og1 
     1                           	processor	18F45K20
     2                           	fnconf	rparam,??,?,0
     3                           	pagewidth 120
     4                           	opt	flic
     5                           	psect	cinit,global,reloc=2,class=CODE,delta=1
     6                           	psect	cstackCOMRAM,global,class=COMRAM,space=1,delta=1,lowdata,noexec
     7                           	psect	text0,global,reloc=2,class=CODE,delta=1
     8                           	psect	text1,global,reloc=2,class=CODE,delta=1
     9                           	psect	text2,global,reloc=2,class=CODE,delta=1
    10                           	psect	text3,global,reloc=2,class=CODE,delta=1
    11                           	psect	intsave_regs,global,class=BIGRAM,space=1,delta=1,noexec
    12                           	psect	rparam,global,class=COMRAM,space=1,delta=1,noexec
    13                           	psect	idloc,global,abs,ovrld,class=IDLOC,space=5,delta=1,noexec
    14                           	psect	config,global,abs,ovrld,class=CONFIG,space=4,delta=1,noexec
    15   000000                     
    16                           ; Generated 06/04/2022 GMT
    17                           ; 
    18                           ; Copyright © 2022, Microchip Technology Inc. and its subsidiaries ("Microchip")
    19                           ; All rights reserved.
    20                           ; 
    21                           ; This software is developed by Microchip Technology Inc. and its subsidiaries ("Microch
      +                          ip").
    22                           ; 
    23                           ; Redistribution and use in source and binary forms, with or without modification, are
    24                           ; permitted provided that the following conditions are met:
    25                           ; 
    26                           ;     1. Redistributions of source code must retain the above copyright notice, this lis
      +                          t of
    27                           ;        conditions and the following disclaimer.
    28                           ; 
    29                           ;     2. Redistributions in binary form must reproduce the above copyright notice, this 
      +                          list
    30                           ;        of conditions and the following disclaimer in the documentation and/or other
    31                           ;        materials provided with the distribution. Publication is not required when
    32                           ;        this file is used in an embedded application.
    33                           ; 
    34                           ;     3. Microchip's name may not be used to endorse or promote products derived from th
      +                          is
    35                           ;        software without specific prior written permission.
    36                           ; 
    37                           ; THIS SOFTWARE IS PROVIDED BY MICROCHIP "AS IS" AND ANY EXPRESS OR IMPLIED WARRANTIES,
    38                           ; INCLUDING, BUT NOT LIMITED TO, THE IMPLIED WARRANTIES OF MERCHANTABILITY AND FITNESS F
      +                          OR
    39                           ; PURPOSE ARE DISCLAIMED.  IN NO EVENT SHALL MICROCHIP BE LIABLE FOR ANY DIRECT, INDIREC
      +                          T,
    40                           ; INCIDENTAL, SPECIAL, EXEMPLARY, OR CONSEQUENTIAL DAMAGES (INCLUDING BUT NOT LIMITED TO
    41                           ; PROCUREMENT OF SUBSTITUTE GOODS OR SERVICES; LOSS OF USE, DATA OR PROFITS; OR BUSINESS
    42                           ; INTERRUPTION) HOWSOEVER CAUSED AND ON ANY THEORY OF LIABILITY, WHETHER IN CONTRACT, ST
      +                          RICT
    43                           ; LIABILITY, OR TORT (INCLUDING NEGLIGENCE OR OTHERWISE) ARISING IN ANY WAY OUT OF THE U
      +                          SE OF
    44                           ; THIS SOFTWARE, EVEN IF ADVISED OF THE POSSIBILITY OF SUCH DAMAGE.
    45                           ; 
    46                           ; 
    47                           ; Code-generator required, PIC18F45K20 Definitions
    48                           ; 
    49                           ; SFR Addresses
    50   000000                     _TRISD	set	3989
    51   000000                     _TRISC	set	3988
    52   000000                     _TRISB	set	3987
    53   000000                     _LATC	set	3979
    54   000000                     _LATB	set	3978
    55   000000                     _WPUB	set	3964
    56   000000                     _ANSEL	set	3966
    57   000000                     _LATA	set	3977
    58   000000                     _LATD	set	3980
    59   000000                     _LATE	set	3981
    60   000000                     _OSCTUNE	set	3995
    61   000000                     _OSCCON	set	4051
    62   000000                     _INTCON2bits	set	4081
    63   000000                     _TRISA	set	3986
    64   000000                     _TRISE	set	3990
    65   000000                     _ANSELH	set	3967
    66   000000                     _INTCONbits	set	4082
    67                           
    68                           ; #config settings
    69                           
    70                           	psect	cinit
    71   007F62                     __pcinit:
    72                           	callstack 0
    73   007F62                     start_initialization:
    74                           	callstack 0
    75   007F62                     __initialization:
    76                           	callstack 0
    77   007F62                     end_of_initialization:
    78                           	callstack 0
    79   007F62                     __end_of__initialization:
    80                           	callstack 0
    81   007F62  0100               	movlb	0
    82   007F64  EFD7  F03F         	goto	_main	;jump to C main() function
    83                           
    84                           	psect	cstackCOMRAM
    85   000001                     __pcstackCOMRAM:
    86                           	callstack 0
    87   000001                     ??_main:
    88                           
    89                           ; 1 bytes @ 0x0
    90   000001                     	ds	2
    91                           
    92 ;;
    93 ;;Main: autosize = 0, tempsize = 2, incstack = 0, save=0
    94 ;;
    95 ;; *************** function _main *****************
    96 ;; Defined at:
    97 ;;		line 12 in file "main.c"
    98 ;; Parameters:    Size  Location     Type
    99 ;;		None
   100 ;; Auto vars:     Size  Location     Type
   101 ;;		None
   102 ;; Return value:  Size  Location     Type
   103 ;;                  1    wreg      void 
   104 ;; Registers used:
   105 ;;		wreg, status,2, status,0, cstack
   106 ;; Tracked objects:
   107 ;;		On entry : 0/0
   108 ;;		On exit  : 0/0
   109 ;;		Unchanged: 0/0
   110 ;; Data sizes:     COMRAM   BANK0   BANK1   BANK2   BANK3   BANK4   BANK5
   111 ;;      Params:         0       0       0       0       0       0       0
   112 ;;      Locals:         0       0       0       0       0       0       0
   113 ;;      Temps:          2       0       0       0       0       0       0
   114 ;;      Totals:         2       0       0       0       0       0       0
   115 ;;Total ram usage:        2 bytes
   116 ;; Hardware stack levels required when called: 2
   117 ;; This function calls:
   118 ;;		_SYSTEM_Initialize
   119 ;; This function is called by:
   120 ;;		Startup code after reset
   121 ;; This function uses a non-reentrant model
   122 ;;
   123                           
   124                           	psect	text0
   125   007FAE                     __ptext0:
   126                           	callstack 0
   127   007FAE                     _main:
   128                           	callstack 29
   129   007FAE                     
   130                           ;main.c: 15: SYSTEM_Initialize();
   131   007FAE  ECB9  F03F         	call	_SYSTEM_Initialize	;wreg free
   132   007FB2                     l831:
   133                           
   134                           ;main.c: 17: LATC = 0x80;
   135   007FB2  0E80               	movlw	128
   136   007FB4  6E8B               	movwf	139,c	;volatile
   137   007FB6                     
   138                           ;main.c: 18: _delay((unsigned long)((100)*(20000000/4000.0)));
   139   007FB6  0E03               	movlw	3
   140   007FB8  6E02               	movwf	(??_main+1)^0,c
   141   007FBA  0E8A               	movlw	138
   142   007FBC  6E01               	movwf	??_main^0,c
   143   007FBE  0E56               	movlw	86
   144   007FC0                     u27:
   145   007FC0  2EE8               	decfsz	wreg,f,c
   146   007FC2  D7FE               	bra	u27
   147   007FC4  2E01               	decfsz	??_main^0,f,c
   148   007FC6  D7FC               	bra	u27
   149   007FC8  2E02               	decfsz	(??_main+1)^0,f,c
   150   007FCA  D7FA               	bra	u27
   151   007FCC                     l835:
   152                           
   153                           ;main.c: 20: {;main.c: 21: LATC = LATC >> 1;
   154   007FCC  90D8               	bcf	status,0,c
   155   007FCE  308B               	rrcf	139,w,c	;volatile
   156   007FD0  6E8B               	movwf	139,c	;volatile
   157   007FD2                     
   158                           ;main.c: 22: _delay((unsigned long)((100)*(20000000/4000.0)));
   159   007FD2  0E03               	movlw	3
   160   007FD4  6E02               	movwf	(??_main+1)^0,c
   161   007FD6  0E8A               	movlw	138
   162   007FD8  6E01               	movwf	??_main^0,c
   163   007FDA  0E56               	movlw	86
   164   007FDC                     u37:
   165   007FDC  2EE8               	decfsz	wreg,f,c
   166   007FDE  D7FE               	bra	u37
   167   007FE0  2E01               	decfsz	??_main^0,f,c
   168   007FE2  D7FC               	bra	u37
   169   007FE4  2E02               	decfsz	(??_main+1)^0,f,c
   170   007FE6  D7FA               	bra	u37
   171   007FE8                     
   172                           ;main.c: 24: if(LATC == 0x01)
   173   007FE8  048B               	decf	139,w,c	;volatile
   174   007FEA  A4D8               	btfss	status,2,c
   175   007FEC  EFFA  F03F         	goto	u11
   176   007FF0  EFFC  F03F         	goto	u10
   177   007FF4                     u11:
   178   007FF4  EFE6  F03F         	goto	l835
   179   007FF8                     u10:
   180   007FF8  EFD9  F03F         	goto	l831
   181   007FFC  EF00  F000         	goto	start
   182   008000                     __end_of_main:
   183                           	callstack 0
   184                           
   185 ;; *************** function _SYSTEM_Initialize *****************
   186 ;; Defined at:
   187 ;;		line 50 in file "mcc_generated_files/mcc.c"
   188 ;; Parameters:    Size  Location     Type
   189 ;;		None
   190 ;; Auto vars:     Size  Location     Type
   191 ;;		None
   192 ;; Return value:  Size  Location     Type
   193 ;;                  1    wreg      void 
   194 ;; Registers used:
   195 ;;		wreg, status,2, cstack
   196 ;; Tracked objects:
   197 ;;		On entry : 0/0
   198 ;;		On exit  : 0/0
   199 ;;		Unchanged: 0/0
   200 ;; Data sizes:     COMRAM   BANK0   BANK1   BANK2   BANK3   BANK4   BANK5
   201 ;;      Params:         0       0       0       0       0       0       0
   202 ;;      Locals:         0       0       0       0       0       0       0
   203 ;;      Temps:          0       0       0       0       0       0       0
   204 ;;      Totals:         0       0       0       0       0       0       0
   205 ;;Total ram usage:        0 bytes
   206 ;; Hardware stack levels used: 1
   207 ;; Hardware stack levels required when called: 1
   208 ;; This function calls:
   209 ;;		_OSCILLATOR_Initialize
   210 ;;		_PIN_MANAGER_Initialize
   211 ;; This function is called by:
   212 ;;		_main
   213 ;; This function uses a non-reentrant model
   214 ;;
   215                           
   216                           	psect	text1
   217   007F72                     __ptext1:
   218                           	callstack 0
   219   007F72                     _SYSTEM_Initialize:
   220                           	callstack 29
   221   007F72                     
   222                           ;mcc.c: 53: PIN_MANAGER_Initialize();
   223   007F72  ECBE  F03F         	call	_PIN_MANAGER_Initialize	;wreg free
   224                           
   225                           ;mcc.c: 54: OSCILLATOR_Initialize();
   226   007F76  ECB4  F03F         	call	_OSCILLATOR_Initialize	;wreg free
   227   007F7A  0012               	return		;funcret
   228   007F7C                     __end_of_SYSTEM_Initialize:
   229                           	callstack 0
   230                           
   231 ;; *************** function _PIN_MANAGER_Initialize *****************
   232 ;; Defined at:
   233 ;;		line 55 in file "mcc_generated_files/pin_manager.c"
   234 ;; Parameters:    Size  Location     Type
   235 ;;		None
   236 ;; Auto vars:     Size  Location     Type
   237 ;;		None
   238 ;; Return value:  Size  Location     Type
   239 ;;                  1    wreg      void 
   240 ;; Registers used:
   241 ;;		wreg, status,2
   242 ;; Tracked objects:
   243 ;;		On entry : 0/0
   244 ;;		On exit  : 0/0
   245 ;;		Unchanged: 0/0
   246 ;; Data sizes:     COMRAM   BANK0   BANK1   BANK2   BANK3   BANK4   BANK5
   247 ;;      Params:         0       0       0       0       0       0       0
   248 ;;      Locals:         0       0       0       0       0       0       0
   249 ;;      Temps:          0       0       0       0       0       0       0
   250 ;;      Totals:         0       0       0       0       0       0       0
   251 ;;Total ram usage:        0 bytes
   252 ;; Hardware stack levels used: 1
   253 ;; This function calls:
   254 ;;		Nothing
   255 ;; This function is called by:
   256 ;;		_SYSTEM_Initialize
   257 ;; This function uses a non-reentrant model
   258 ;;
   259                           
   260                           	psect	text2
   261   007F7C                     __ptext2:
   262                           	callstack 0
   263   007F7C                     _PIN_MANAGER_Initialize:
   264                           	callstack 29
   265   007F7C                     
   266                           ;pin_manager.c: 60: LATE = 0x00;
   267   007F7C  0E00               	movlw	0
   268   007F7E  6E8D               	movwf	141,c	;volatile
   269                           
   270                           ;pin_manager.c: 61: LATD = 0x00;
   271   007F80  0E00               	movlw	0
   272   007F82  6E8C               	movwf	140,c	;volatile
   273                           
   274                           ;pin_manager.c: 62: LATA = 0x00;
   275   007F84  0E00               	movlw	0
   276   007F86  6E89               	movwf	137,c	;volatile
   277                           
   278                           ;pin_manager.c: 63: LATB = 0x00;
   279   007F88  0E00               	movlw	0
   280   007F8A  6E8A               	movwf	138,c	;volatile
   281                           
   282                           ;pin_manager.c: 64: LATC = 0x00;
   283   007F8C  0E00               	movlw	0
   284   007F8E  6E8B               	movwf	139,c	;volatile
   285                           
   286                           ;pin_manager.c: 69: TRISE = 0x07;
   287   007F90  0E07               	movlw	7
   288   007F92  6E96               	movwf	150,c	;volatile
   289   007F94                     
   290                           ;pin_manager.c: 70: TRISA = 0xFF;
   291   007F94  6892               	setf	146,c	;volatile
   292                           
   293                           ;pin_manager.c: 71: TRISB = 0x00;
   294   007F96  0E00               	movlw	0
   295   007F98  6E93               	movwf	147,c	;volatile
   296                           
   297                           ;pin_manager.c: 72: TRISC = 0x00;
   298   007F9A  0E00               	movlw	0
   299   007F9C  6E94               	movwf	148,c	;volatile
   300   007F9E                     
   301                           ;pin_manager.c: 73: TRISD = 0xFF;
   302   007F9E  6895               	setf	149,c	;volatile
   303   007FA0                     
   304                           ;pin_manager.c: 78: ANSEL = 0xFF;
   305   007FA0  687E               	setf	126,c	;volatile
   306                           
   307                           ;pin_manager.c: 79: ANSELH = 0x1F;
   308   007FA2  0E1F               	movlw	31
   309   007FA4  6E7F               	movwf	127,c	;volatile
   310                           
   311                           ;pin_manager.c: 84: WPUB = 0x00;
   312   007FA6  0E00               	movlw	0
   313   007FA8  6E7C               	movwf	124,c	;volatile
   314   007FAA                     
   315                           ;pin_manager.c: 85: INTCON2bits.nRBPU = 1;
   316   007FAA  8EF1               	bsf	241,7,c	;volatile
   317   007FAC  0012               	return		;funcret
   318   007FAE                     __end_of_PIN_MANAGER_Initialize:
   319                           	callstack 0
   320                           
   321 ;; *************** function _OSCILLATOR_Initialize *****************
   322 ;; Defined at:
   323 ;;		line 57 in file "mcc_generated_files/mcc.c"
   324 ;; Parameters:    Size  Location     Type
   325 ;;		None
   326 ;; Auto vars:     Size  Location     Type
   327 ;;		None
   328 ;; Return value:  Size  Location     Type
   329 ;;                  1    wreg      void 
   330 ;; Registers used:
   331 ;;		wreg, status,2
   332 ;; Tracked objects:
   333 ;;		On entry : 0/0
   334 ;;		On exit  : 0/0
   335 ;;		Unchanged: 0/0
   336 ;; Data sizes:     COMRAM   BANK0   BANK1   BANK2   BANK3   BANK4   BANK5
   337 ;;      Params:         0       0       0       0       0       0       0
   338 ;;      Locals:         0       0       0       0       0       0       0
   339 ;;      Temps:          0       0       0       0       0       0       0
   340 ;;      Totals:         0       0       0       0       0       0       0
   341 ;;Total ram usage:        0 bytes
   342 ;; Hardware stack levels used: 1
   343 ;; This function calls:
   344 ;;		Nothing
   345 ;; This function is called by:
   346 ;;		_SYSTEM_Initialize
   347 ;; This function uses a non-reentrant model
   348 ;;
   349                           
   350                           	psect	text3
   351   007F68                     __ptext3:
   352                           	callstack 0
   353   007F68                     _OSCILLATOR_Initialize:
   354                           	callstack 29
   355   007F68                     
   356                           ;mcc.c: 60: OSCCON = 0x60;
   357   007F68  0E60               	movlw	96
   358   007F6A  6ED3               	movwf	211,c	;volatile
   359                           
   360                           ;mcc.c: 62: OSCTUNE = 0x00;
   361   007F6C  0E00               	movlw	0
   362   007F6E  6E9B               	movwf	155,c	;volatile
   363   007F70  0012               	return		;funcret
   364   007F72                     __end_of_OSCILLATOR_Initialize:
   365                           	callstack 0
   366   000000                     
   367                           	psect	rparam
   368   000000                     
   369                           	psect	idloc
   370                           
   371                           ;Config register IDLOC0 @ 0x200000
   372                           ;	unspecified, using default values
   373   200000                     	org	2097152
   374   200000  FF                 	db	255
   375                           
   376                           ;Config register IDLOC1 @ 0x200001
   377                           ;	unspecified, using default values
   378   200001                     	org	2097153
   379   200001  FF                 	db	255
   380                           
   381                           ;Config register IDLOC2 @ 0x200002
   382                           ;	unspecified, using default values
   383   200002                     	org	2097154
   384   200002  FF                 	db	255
   385                           
   386                           ;Config register IDLOC3 @ 0x200003
   387                           ;	unspecified, using default values
   388   200003                     	org	2097155
   389   200003  FF                 	db	255
   390                           
   391                           ;Config register IDLOC4 @ 0x200004
   392                           ;	unspecified, using default values
   393   200004                     	org	2097156
   394   200004  FF                 	db	255
   395                           
   396                           ;Config register IDLOC5 @ 0x200005
   397                           ;	unspecified, using default values
   398   200005                     	org	2097157
   399   200005  FF                 	db	255
   400                           
   401                           ;Config register IDLOC6 @ 0x200006
   402                           ;	unspecified, using default values
   403   200006                     	org	2097158
   404   200006  FF                 	db	255
   405                           
   406                           ;Config register IDLOC7 @ 0x200007
   407                           ;	unspecified, using default values
   408   200007                     	org	2097159
   409   200007  FF                 	db	255
   410                           
   411                           	psect	config
   412                           
   413                           ; Padding undefined space
   414   300000                     	org	3145728
   415   300000  FF                 	db	255
   416                           
   417                           ;Config register CONFIG1H @ 0x300001
   418                           ;	Oscillator Selection bits
   419                           ;	FOSC = HS, HS oscillator
   420                           ;	Fail-Safe Clock Monitor Enable bit
   421                           ;	FCMEN = OFF, Fail-Safe Clock Monitor disabled
   422                           ;	Internal/External Oscillator Switchover bit
   423                           ;	IESO = OFF, Oscillator Switchover mode disabled
   424   300001                     	org	3145729
   425   300001  02                 	db	2
   426                           
   427                           ;Config register CONFIG2L @ 0x300002
   428                           ;	Power-up Timer Enable bit
   429                           ;	PWRT = OFF, PWRT disabled
   430                           ;	Brown-out Reset Enable bits
   431                           ;	BOREN = SBORDIS, Brown-out Reset enabled in hardware only (SBOREN is disabled)
   432                           ;	Brown Out Reset Voltage bits
   433                           ;	BORV = 18, VBOR set to 1.8 V nominal
   434   300002                     	org	3145730
   435   300002  1F                 	db	31
   436                           
   437                           ;Config register CONFIG2H @ 0x300003
   438                           ;	Watchdog Timer Enable bit
   439                           ;	WDTEN = OFF, WDT is controlled by SWDTEN bit of the WDTCON register
   440                           ;	Watchdog Timer Postscale Select bits
   441                           ;	WDTPS = 32768, 1:32768
   442   300003                     	org	3145731
   443   300003  1E                 	db	30
   444                           
   445                           ; Padding undefined space
   446   300004                     	org	3145732
   447   300004  FF                 	db	255
   448                           
   449                           ;Config register CONFIG3H @ 0x300005
   450                           ;	CCP2 MUX bit
   451                           ;	CCP2MX = PORTC, CCP2 input/output is multiplexed with RC1
   452                           ;	PORTB A/D Enable bit
   453                           ;	PBADEN = ON, PORTB<4:0> pins are configured as analog input channels on Reset
   454                           ;	Low-Power Timer1 Oscillator Enable bit
   455                           ;	LPT1OSC = OFF, Timer1 configured for higher power operation
   456                           ;	HFINTOSC Fast Start-up
   457                           ;	HFOFST = ON, HFINTOSC starts clocking the CPU without waiting for the oscillator to st
      +                          ablize.
   458                           ;	MCLR Pin Enable bit
   459                           ;	MCLRE = ON, MCLR pin enabled; RE3 input pin disabled
   460   300005                     	org	3145733
   461   300005  8B                 	db	139
   462                           
   463                           ;Config register CONFIG4L @ 0x300006
   464                           ;	Stack Full/Underflow Reset Enable bit
   465                           ;	STVREN = ON, Stack full/underflow will cause Reset
   466                           ;	Single-Supply ICSP Enable bit
   467                           ;	LVP = OFF, Single-Supply ICSP disabled
   468                           ;	Extended Instruction Set Enable bit
   469                           ;	XINST = OFF, Instruction set extension and Indexed Addressing mode disabled (Legacy mo
      +                          de)
   470                           ;	Background Debugger Enable bit
   471                           ;	DEBUG = OFF, Background debugger disabled, RB6 and RB7 configured as general purpose I
      +                          /O pins
   472   300006                     	org	3145734
   473   300006  81                 	db	129
   474                           
   475                           ; Padding undefined space
   476   300007                     	org	3145735
   477   300007  FF                 	db	255
   478                           
   479                           ;Config register CONFIG5L @ 0x300008
   480                           ;	Code Protection Block 0
   481                           ;	CP0 = OFF, Block 0 (000800-001FFFh) not code-protected
   482                           ;	Code Protection Block 1
   483                           ;	CP1 = OFF, Block 1 (002000-003FFFh) not code-protected
   484                           ;	Code Protection Block 2
   485                           ;	CP2 = OFF, Block 2 (004000-005FFFh) not code-protected
   486                           ;	Code Protection Block 3
   487                           ;	CP3 = OFF, Block 3 (006000-007FFFh) not code-protected
   488   300008                     	org	3145736
   489   300008  0F                 	db	15
   490                           
   491                           ;Config register CONFIG5H @ 0x300009
   492                           ;	Boot Block Code Protection bit
   493                           ;	CPB = OFF, Boot block (000000-0007FFh) not code-protected
   494                           ;	Data EEPROM Code Protection bit
   495                           ;	CPD = OFF, Data EEPROM not code-protected
   496   300009                     	org	3145737
   497   300009  C0                 	db	192
   498                           
   499                           ;Config register CONFIG6L @ 0x30000A
   500                           ;	Write Protection Block 0
   501                           ;	WRT0 = OFF, Block 0 (000800-001FFFh) not write-protected
   502                           ;	Write Protection Block 1
   503                           ;	WRT1 = OFF, Block 1 (002000-003FFFh) not write-protected
   504                           ;	Write Protection Block 2
   505                           ;	WRT2 = OFF, Block 2 (004000-005FFFh) not write-protected
   506                           ;	Write Protection Block 3
   507                           ;	WRT3 = OFF, Block 3 (006000-007FFFh) not write-protected
   508   30000A                     	org	3145738
   509   30000A  0F                 	db	15
   510                           
   511                           ;Config register CONFIG6H @ 0x30000B
   512                           ;	Configuration Register Write Protection bit
   513                           ;	WRTC = OFF, Configuration registers (300000-3000FFh) not write-protected
   514                           ;	Boot Block Write Protection bit
   515                           ;	WRTB = OFF, Boot Block (000000-0007FFh) not write-protected
   516                           ;	Data EEPROM Write Protection bit
   517                           ;	WRTD = OFF, Data EEPROM not write-protected
   518   30000B                     	org	3145739
   519   30000B  E0                 	db	224
   520                           
   521                           ;Config register CONFIG7L @ 0x30000C
   522                           ;	Table Read Protection Block 0
   523                           ;	EBTR0 = OFF, Block 0 (000800-001FFFh) not protected from table reads executed in other
      +                           blocks
   524                           ;	Table Read Protection Block 1
   525                           ;	EBTR1 = OFF, Block 1 (002000-003FFFh) not protected from table reads executed in other
      +                           blocks
   526                           ;	Table Read Protection Block 2
   527                           ;	EBTR2 = OFF, Block 2 (004000-005FFFh) not protected from table reads executed in other
      +                           blocks
   528                           ;	Table Read Protection Block 3
   529                           ;	EBTR3 = OFF, Block 3 (006000-007FFFh) not protected from table reads executed in other
      +                           blocks
   530   30000C                     	org	3145740
   531   30000C  0F                 	db	15
   532                           
   533                           ;Config register CONFIG7H @ 0x30000D
   534                           ;	Boot Block Table Read Protection bit
   535                           ;	EBTRB = OFF, Boot Block (000000-0007FFh) not protected from table reads executed in ot
      +                          her blocks
   536   30000D                     	org	3145741
   537   30000D  40                 	db	64
   538                           tosu	equ	0xFFF
   539                           tosh	equ	0xFFE
   540                           tosl	equ	0xFFD
   541                           stkptr	equ	0xFFC
   542                           pclatu	equ	0xFFB
   543                           pclath	equ	0xFFA
   544                           pcl	equ	0xFF9
   545                           tblptru	equ	0xFF8
   546                           tblptrh	equ	0xFF7
   547                           tblptrl	equ	0xFF6
   548                           tablat	equ	0xFF5
   549                           prodh	equ	0xFF4
   550                           prodl	equ	0xFF3
   551                           indf0	equ	0xFEF
   552                           postinc0	equ	0xFEE
   553                           postdec0	equ	0xFED
   554                           preinc0	equ	0xFEC
   555                           plusw0	equ	0xFEB
   556                           fsr0h	equ	0xFEA
   557                           fsr0l	equ	0xFE9
   558                           wreg	equ	0xFE8
   559                           indf1	equ	0xFE7
   560                           postinc1	equ	0xFE6
   561                           postdec1	equ	0xFE5
   562                           preinc1	equ	0xFE4
   563                           plusw1	equ	0xFE3
   564                           fsr1h	equ	0xFE2
   565                           fsr1l	equ	0xFE1
   566                           bsr	equ	0xFE0
   567                           indf2	equ	0xFDF
   568                           postinc2	equ	0xFDE
   569                           postdec2	equ	0xFDD
   570                           preinc2	equ	0xFDC
   571                           plusw2	equ	0xFDB
   572                           fsr2h	equ	0xFDA
   573                           fsr2l	equ	0xFD9
   574                           status	equ	0xFD8

Data Sizes:
    Strings     0
    Constant    0
    Data        0
    BSS         0
    Persistent  0
    Stack       0

Auto Spaces:
    Space          Size  Autos    Used
    COMRAM           95      2       2
    BANK0           160      0       0
    BANK1           256      0       0
    BANK2           256      0       0
    BANK3           256      0       0
    BANK4           256      0       0
    BANK5           256      0       0

Pointer List with Targets:

    None.

Critical Paths under _main in COMRAM

    None.

Critical Paths under _main in BANK0

    None.

Critical Paths under _main in BANK1

    None.

Critical Paths under _main in BANK2

    None.

Critical Paths under _main in BANK3

    None.

Critical Paths under _main in BANK4

    None.

Critical Paths under _main in BANK5

    None.

Call Graph Tables:

 ---------------------------------------------------------------------------------
 (Depth) Function   	        Calls       Base Space   Used Autos Params    Refs
 ---------------------------------------------------------------------------------
 (0) _main                                                 2     2      0       0
                                              0 COMRAM     2     2      0
                  _SYSTEM_Initialize
 ---------------------------------------------------------------------------------
 (1) _SYSTEM_Initialize                                    0     0      0       0
              _OSCILLATOR_Initialize
             _PIN_MANAGER_Initialize
 ---------------------------------------------------------------------------------
 (2) _PIN_MANAGER_Initialize                               0     0      0       0
 ---------------------------------------------------------------------------------
 (2) _OSCILLATOR_Initialize                                0     0      0       0
 ---------------------------------------------------------------------------------
 Estimated maximum stack depth 2
 ---------------------------------------------------------------------------------

 Call Graph Graphs:

 _main (ROOT)
   _SYSTEM_Initialize
     _OSCILLATOR_Initialize
     _PIN_MANAGER_Initialize

 Address spaces:
Name               Size   Autos  Total    Cost      Usage
BITCOMRAM           5F      0       0       0        0.0%
EEDATA             100      0       0       0        0.0%
NULL                 0      0       0       0        0.0%
CODE                 0      0       0       0        0.0%
COMRAM              5F      2       2       1        2.1%
STACK                0      0       0       2        0.0%
DATA                 0      0       0       3        0.0%
BITBANK0            A0      0       0       4        0.0%
BANK0               A0      0       0       5        0.0%
BITBANK1           100      0       0       6        0.0%
BANK1              100      0       0       7        0.0%
BITBANK2           100      0       0       8        0.0%
BANK2              100      0       0       9        0.0%
BITBANK3           100      0       0      10        0.0%
BANK3              100      0       0      11        0.0%
BITBANK4           100      0       0      12        0.0%
BANK4              100      0       0      13        0.0%
BITBANK5           100      0       0      14        0.0%
BANK5              100      0       0      15        0.0%
BITBIGSFRhh          D      0       0      16        0.0%
BITBIGSFRhl         1D      0       0      17        0.0%
BITBIGSFRlh         37      0       0      18        0.0%
BITBIGSFRllhh        4      0       0      19        0.0%
BITBIGSFRllhll       4      0       0      20        0.0%
BITBIGSFRllllh       9      0       0      21        0.0%
BITBIGSFRlllllh      1      0       0      22        0.0%
BITBIGSFRllllll     1C      0       0      23        0.0%
ABS                  0      0       0      24        0.0%
BIGRAM             5FF      0       0      25        0.0%
BIGSFR               0      0       0     200        0.0%
BITSFR               0      0       0     200        0.0%
SFR                  0      0       0     200        0.0%


Microchip Technology PIC18 Macro Assembler V2.41 build 20230208172133 
Symbol Table                                                                                   Fri May 05 21:13:01 2023

                            l11 7F7A                              l14 7F70                              l47 7FAC  
                            u10 7FF8                              u11 7FF4                              u27 7FC0  
                            u37 7FDC                             l821 7FAA                             l813 7F7C  
                           l823 7F68                             l815 7F94                             l831 7FB2  
                           l817 7F9E                             l825 7F72                             l833 7FB6  
                           l819 7FA0                             l835 7FCC                             l837 7FD2  
                           l829 7FAE                             l839 7FE8                             wreg 0FE8  
                          _LATA 0F89                            _LATB 0F8A                            _LATC 0F8B  
                          _LATD 0F8C                            _LATE 0F8D                            _WPUB 0F7C  
                          _main 7FAE                            start 0000                    ___param_bank 0000  
 __end_of_OSCILLATOR_Initialize 7F72                           ?_main 0001                           _ANSEL 0F7E  
                         _TRISA 0F92                           _TRISB 0F93                           _TRISC 0F94  
                         _TRISD 0F95                           _TRISE 0F96                           status 0FD8  
               __initialization 7F62                    __end_of_main 8000                          ??_main 0001  
                 __activetblptr 0000                          _ANSELH 0F7F                          _OSCCON 0FD3  
                        isa$std 0001               _SYSTEM_Initialize 7F72                      __accesstop 0060  
       __end_of__initialization 7F62              ?_SYSTEM_Initialize 0001                   ___rparam_used 0001  
                __pcstackCOMRAM 0001             ??_SYSTEM_Initialize 0001       __end_of_SYSTEM_Initialize 7F7C  
                       _OSCTUNE 0F9B                         __Hparam 0000                         __Lparam 0000  
                       __pcinit 7F62                         __ramtop 0600                         __ptext0 7FAE  
                       __ptext1 7F72                         __ptext2 7F7C                         __ptext3 7F68  
         _OSCILLATOR_Initialize 7F68        ??_PIN_MANAGER_Initialize 0001            end_of_initialization 7F62  
        ?_OSCILLATOR_Initialize 0001             start_initialization 7F62          _PIN_MANAGER_Initialize 7F7C  
                   _INTCON2bits 0FF1                        __Hrparam 0000                        __Lrparam 0000  
       ??_OSCILLATOR_Initialize 0001                        isa$xinst 0000                      _INTCONbits 0FF2  
       ?_PIN_MANAGER_Initialize 0001  __end_of_PIN_MANAGER_Initialize 7FAE  
