

Microchip MPLAB XC8 Assembler V2.36 build 20220127204148 
                                                                                               Sun Jan 01 14:16:02 2023

Microchip MPLAB XC8 C Compiler v2.36 (Free license) build 20220127204148 Og1 
     1                           	processor	18F45K20
     2                           	fnconf	rparam,??,?,0
     3                           	pagewidth 120
     4                           	opt	flic
     5                           	psect	cinit,global,reloc=2,class=CODE,delta=1
     6                           	psect	bssCOMRAM,global,class=COMRAM,space=1,delta=1,lowdata,noexec
     7                           	psect	cstackCOMRAM,global,class=COMRAM,space=1,delta=1,lowdata,noexec
     8                           	psect	text0,global,reloc=2,class=CODE,delta=1
     9                           	psect	text1,global,reloc=2,class=CODE,delta=1
    10                           	psect	text2,global,reloc=2,class=CODE,delta=1
    11                           	psect	text3,global,reloc=2,class=CODE,delta=1
    12                           	psect	text4,global,reloc=2,class=CODE,delta=1
    13                           	psect	text5,global,reloc=2,class=CODE,delta=1
    14                           	psect	intsave_regs,global,class=BIGRAM,space=1,delta=1,noexec
    15                           	psect	rparam,global,class=COMRAM,space=1,delta=1,noexec
    16                           	psect	idloc,global,abs,ovrld,class=IDLOC,space=5,delta=1,noexec
    17                           	psect	config,global,abs,ovrld,class=CONFIG,space=4,delta=1,noexec
    18  0000                     
    19                           ; Version 2.40
    20                           ; Generated 17/11/2021 GMT
    21                           ; 
    22                           ; Copyright © 2021, Microchip Technology Inc. and its subsidiaries ("Microchip")
    23                           ; All rights reserved.
    24                           ; 
    25                           ; This software is developed by Microchip Technology Inc. and its subsidiaries ("Microch
      +                          ip").
    26                           ; 
    27                           ; Redistribution and use in source and binary forms, with or without modification, are
    28                           ; permitted provided that the following conditions are met:
    29                           ; 
    30                           ;     1. Redistributions of source code must retain the above copyright notice, this lis
      +                          t of
    31                           ;        conditions and the following disclaimer.
    32                           ; 
    33                           ;     2. Redistributions in binary form must reproduce the above copyright notice, this 
      +                          list
    34                           ;        of conditions and the following disclaimer in the documentation and/or other
    35                           ;        materials provided with the distribution. Publication is not required when
    36                           ;        this file is used in an embedded application.
    37                           ; 
    38                           ;     3. Microchip's name may not be used to endorse or promote products derived from th
      +                          is
    39                           ;        software without specific prior written permission.
    40                           ; 
    41                           ; THIS SOFTWARE IS PROVIDED BY MICROCHIP "AS IS" AND ANY EXPRESS OR IMPLIED WARRANTIES,
    42                           ; INCLUDING, BUT NOT LIMITED TO, THE IMPLIED WARRANTIES OF MERCHANTABILITY AND FITNESS F
      +                          OR
    43                           ; PURPOSE ARE DISCLAIMED.  IN NO EVENT SHALL MICROCHIP BE LIABLE FOR ANY DIRECT, INDIREC
      +                          T,
    44                           ; INCIDENTAL, SPECIAL, EXEMPLARY, OR CONSEQUENTIAL DAMAGES (INCLUDING BUT NOT LIMITED TO
    45                           ; PROCUREMENT OF SUBSTITUTE GOODS OR SERVICES; LOSS OF USE, DATA OR PROFITS; OR BUSINESS
    46                           ; INTERRUPTION) HOWSOEVER CAUSED AND ON ANY THEORY OF LIABILITY, WHETHER IN CONTRACT, ST
      +                          RICT
    47                           ; LIABILITY, OR TORT (INCLUDING NEGLIGENCE OR OTHERWISE) ARISING IN ANY WAY OUT OF THE U
      +                          SE OF
    48                           ; THIS SOFTWARE, EVEN IF ADVISED OF THE POSSIBILITY OF SUCH DAMAGE.
    49                           ; 
    50                           ; 
    51                           ; Code-generator required, PIC18F45K20 Definitions
    52                           ; 
    53                           ; SFR Addresses
    54  0000                     _TRISD	set	3989
    55  0000                     _TRISC	set	3988
    56  0000                     _TRISB	set	3987
    57  0000                     _LATC	set	3979
    58  0000                     _LATB	set	3978
    59  0000                     _ADCON0	set	4034
    60  0000                     _ADRESL	set	4035
    61  0000                     _LATCbits	set	3979
    62  0000                     _ADCON0bits	set	4034
    63  0000                     _WPUB	set	3964
    64  0000                     _ANSEL	set	3966
    65  0000                     _LATA	set	3977
    66  0000                     _LATD	set	3980
    67  0000                     _LATE	set	3981
    68  0000                     _OSCTUNE	set	3995
    69  0000                     _ADCON2	set	4032
    70  0000                     _ADCON1	set	4033
    71  0000                     _OSCCON	set	4051
    72  0000                     _ADRESH	set	4036
    73  0000                     _INTCON2bits	set	4081
    74  0000                     _TRISA	set	3986
    75  0000                     _TRISE	set	3990
    76  0000                     _ANSELH	set	3967
    77  0000                     _INTCONbits	set	4082
    78                           
    79                           ; #config settings
    80                           
    81                           	psect	cinit
    82  007F24                     __pcinit:
    83                           	callstack 0
    84  007F24                     start_initialization:
    85                           	callstack 0
    86  007F24                     __initialization:
    87                           	callstack 0
    88                           
    89                           ; Clear objects allocated to COMRAM (2 bytes)
    90  007F24  6A09               	clrf	(__pbssCOMRAM+1)& (0+255),c
    91  007F26  6A08               	clrf	__pbssCOMRAM& (0+255),c
    92  007F28                     end_of_initialization:
    93                           	callstack 0
    94  007F28                     __end_of__initialization:
    95                           	callstack 0
    96  007F28  0E00               	movlw	low (__Lmediumconst shr (0+16))
    97  007F2A  6EF8               	movwf	tblptru,c
    98  007F2C  0100               	movlb	0
    99  007F2E  EFD9  F03F         	goto	_main	;jump to C main() function
   100                           
   101                           	psect	bssCOMRAM
   102  000008                     __pbssCOMRAM:
   103                           	callstack 0
   104  000008                     _ADC_InterruptHandler:
   105                           	callstack 0
   106  000008                     	ds	2
   107                           
   108                           	psect	cstackCOMRAM
   109  000001                     __pcstackCOMRAM:
   110                           	callstack 0
   111  000001                     ?_ADC_GetConversion:
   112                           	callstack 0
   113                           
   114                           ; 2 bytes @ 0x0
   115  000001                     	ds	2
   116  000003                     ??_ADC_GetConversion:
   117                           
   118                           ; 1 bytes @ 0x2
   119  000003                     	ds	2
   120  000005                     ADC_GetConversion@channel:
   121                           	callstack 0
   122                           
   123                           ; 1 bytes @ 0x4
   124  000005                     	ds	1
   125  000006                     main@result:
   126                           	callstack 0
   127                           
   128                           ; 2 bytes @ 0x5
   129  000006                     	ds	2
   130                           
   131 ;;
   132 ;;Main: autosize = 0, tempsize = 0, incstack = 0, save=0
   133 ;;
   134 ;; *************** function _main *****************
   135 ;; Defined at:
   136 ;;		line 13 in file "main.c"
   137 ;; Parameters:    Size  Location     Type
   138 ;;		None
   139 ;; Auto vars:     Size  Location     Type
   140 ;;  result          2    5[COMRAM] unsigned int 
   141 ;; Return value:  Size  Location     Type
   142 ;;                  1    wreg      void 
   143 ;; Registers used:
   144 ;;		wreg, status,2, status,0, cstack
   145 ;; Tracked objects:
   146 ;;		On entry : 0/0
   147 ;;		On exit  : 0/0
   148 ;;		Unchanged: 0/0
   149 ;; Data sizes:     COMRAM   BANK0   BANK1   BANK2   BANK3   BANK4   BANK5
   150 ;;      Params:         0       0       0       0       0       0       0
   151 ;;      Locals:         2       0       0       0       0       0       0
   152 ;;      Temps:          0       0       0       0       0       0       0
   153 ;;      Totals:         2       0       0       0       0       0       0
   154 ;;Total ram usage:        2 bytes
   155 ;; Hardware stack levels required when called: 2
   156 ;; This function calls:
   157 ;;		_ADC_GetConversion
   158 ;;		_SYSTEM_Initialize
   159 ;; This function is called by:
   160 ;;		Startup code after reset
   161 ;; This function uses a non-reentrant model
   162 ;;
   163                           
   164                           	psect	text0
   165  007FB2                     __ptext0:
   166                           	callstack 0
   167  007FB2                     _main:
   168                           	callstack 29
   169  007FB2                     
   170                           ;main.c: 16:     SYSTEM_Initialize();
   171  007FB2  EC8B  F03F         	call	_SYSTEM_Initialize	;wreg free
   172  007FB6                     l855:
   173                           
   174                           ;main.c: 19:     {;main.c: 20:         unsigned int result = ADC_GetConversion(0);
   175  007FB6  0E00               	movlw	0
   176  007FB8  ECBC  F03F         	call	_ADC_GetConversion
   177  007FBC  C001  F006         	movff	?_ADC_GetConversion,main@result
   178  007FC0  C002  F007         	movff	?_ADC_GetConversion+1,main@result+1
   179  007FC4                     
   180                           ;main.c: 21:         if ( result <=300) {
   181  007FC4  0E2D               	movlw	45
   182  007FC6  5C06               	subwf	main@result^0,w,c
   183  007FC8  0E01               	movlw	1
   184  007FCA  5807               	subwfb	(main@result+1)^0,w,c
   185  007FCC  B0D8               	btfsc	status,0,c
   186  007FCE  EFEB  F03F         	goto	u51
   187  007FD2  EFED  F03F         	goto	u50
   188  007FD6                     u51:
   189  007FD6  EFF0  F03F         	goto	l861
   190  007FDA                     u50:
   191  007FDA                     
   192                           ;main.c: 22:             LATCbits.LATC0= 1;
   193  007FDA  808B               	bsf	139,0,c	;volatile
   194                           
   195                           ;main.c: 23:         }
   196  007FDC  EFDB  F03F         	goto	l855
   197  007FE0                     l861:
   198  007FE0  0E2D               	movlw	45
   199  007FE2  5C06               	subwf	main@result^0,w,c
   200  007FE4  0E01               	movlw	1
   201  007FE6  5807               	subwfb	(main@result+1)^0,w,c
   202  007FE8  A0D8               	btfss	status,0,c
   203  007FEA  EFF9  F03F         	goto	u61
   204  007FEE  EFFB  F03F         	goto	u60
   205  007FF2                     u61:
   206  007FF2  EFDB  F03F         	goto	l855
   207  007FF6                     u60:
   208  007FF6                     
   209                           ;main.c: 25:             LATCbits.LATC0= 0;
   210  007FF6  908B               	bcf	139,0,c	;volatile
   211  007FF8  EFDB  F03F         	goto	l855
   212  007FFC  EF00  F000         	goto	start
   213  008000                     __end_of_main:
   214                           	callstack 0
   215                           
   216 ;; *************** function _SYSTEM_Initialize *****************
   217 ;; Defined at:
   218 ;;		line 50 in file "mcc_generated_files/mcc.c"
   219 ;; Parameters:    Size  Location     Type
   220 ;;		None
   221 ;; Auto vars:     Size  Location     Type
   222 ;;		None
   223 ;; Return value:  Size  Location     Type
   224 ;;                  1    wreg      void 
   225 ;; Registers used:
   226 ;;		wreg, status,2, cstack
   227 ;; Tracked objects:
   228 ;;		On entry : 0/0
   229 ;;		On exit  : 0/0
   230 ;;		Unchanged: 0/0
   231 ;; Data sizes:     COMRAM   BANK0   BANK1   BANK2   BANK3   BANK4   BANK5
   232 ;;      Params:         0       0       0       0       0       0       0
   233 ;;      Locals:         0       0       0       0       0       0       0
   234 ;;      Temps:          0       0       0       0       0       0       0
   235 ;;      Totals:         0       0       0       0       0       0       0
   236 ;;Total ram usage:        0 bytes
   237 ;; Hardware stack levels used: 1
   238 ;; Hardware stack levels required when called: 1
   239 ;; This function calls:
   240 ;;		_ADC_Initialize
   241 ;;		_OSCILLATOR_Initialize
   242 ;;		_PIN_MANAGER_Initialize
   243 ;; This function is called by:
   244 ;;		_main
   245 ;; This function uses a non-reentrant model
   246 ;;
   247                           
   248                           	psect	text1
   249  007F16                     __ptext1:
   250                           	callstack 0
   251  007F16                     _SYSTEM_Initialize:
   252                           	callstack 29
   253  007F16                     
   254                           ;mcc_generated_files/mcc.c: 53:     PIN_MANAGER_Initialize();
   255  007F16  ECA4  F03F         	call	_PIN_MANAGER_Initialize	;wreg free
   256                           
   257                           ;mcc_generated_files/mcc.c: 54:     OSCILLATOR_Initialize();
   258  007F1A  EC86  F03F         	call	_OSCILLATOR_Initialize	;wreg free
   259                           
   260                           ;mcc_generated_files/mcc.c: 55:     ADC_Initialize();
   261  007F1E  EC99  F03F         	call	_ADC_Initialize	;wreg free
   262  007F22  0012               	return		;funcret
   263  007F24                     __end_of_SYSTEM_Initialize:
   264                           	callstack 0
   265                           
   266 ;; *************** function _PIN_MANAGER_Initialize *****************
   267 ;; Defined at:
   268 ;;		line 55 in file "mcc_generated_files/pin_manager.c"
   269 ;; Parameters:    Size  Location     Type
   270 ;;		None
   271 ;; Auto vars:     Size  Location     Type
   272 ;;		None
   273 ;; Return value:  Size  Location     Type
   274 ;;                  1    wreg      void 
   275 ;; Registers used:
   276 ;;		wreg, status,2
   277 ;; Tracked objects:
   278 ;;		On entry : 0/0
   279 ;;		On exit  : 0/0
   280 ;;		Unchanged: 0/0
   281 ;; Data sizes:     COMRAM   BANK0   BANK1   BANK2   BANK3   BANK4   BANK5
   282 ;;      Params:         0       0       0       0       0       0       0
   283 ;;      Locals:         0       0       0       0       0       0       0
   284 ;;      Temps:          0       0       0       0       0       0       0
   285 ;;      Totals:         0       0       0       0       0       0       0
   286 ;;Total ram usage:        0 bytes
   287 ;; Hardware stack levels used: 1
   288 ;; This function calls:
   289 ;;		Nothing
   290 ;; This function is called by:
   291 ;;		_SYSTEM_Initialize
   292 ;; This function uses a non-reentrant model
   293 ;;
   294                           
   295                           	psect	text2
   296  007F48                     __ptext2:
   297                           	callstack 0
   298  007F48                     _PIN_MANAGER_Initialize:
   299                           	callstack 29
   300  007F48                     
   301                           ;mcc_generated_files/pin_manager.c: 60:     LATE = 0x00;
   302  007F48  0E00               	movlw	0
   303  007F4A  6E8D               	movwf	141,c	;volatile
   304                           
   305                           ;mcc_generated_files/pin_manager.c: 61:     LATD = 0x00;
   306  007F4C  0E00               	movlw	0
   307  007F4E  6E8C               	movwf	140,c	;volatile
   308                           
   309                           ;mcc_generated_files/pin_manager.c: 62:     LATA = 0x00;
   310  007F50  0E00               	movlw	0
   311  007F52  6E89               	movwf	137,c	;volatile
   312                           
   313                           ;mcc_generated_files/pin_manager.c: 63:     LATB = 0x00;
   314  007F54  0E00               	movlw	0
   315  007F56  6E8A               	movwf	138,c	;volatile
   316                           
   317                           ;mcc_generated_files/pin_manager.c: 64:     LATC = 0x00;
   318  007F58  0E00               	movlw	0
   319  007F5A  6E8B               	movwf	139,c	;volatile
   320                           
   321                           ;mcc_generated_files/pin_manager.c: 69:     TRISE = 0x07;
   322  007F5C  0E07               	movlw	7
   323  007F5E  6E96               	movwf	150,c	;volatile
   324  007F60                     
   325                           ;mcc_generated_files/pin_manager.c: 70:     TRISA = 0xFF;
   326  007F60  6892               	setf	146,c	;volatile
   327  007F62                     
   328                           ;mcc_generated_files/pin_manager.c: 71:     TRISB = 0xFF;
   329  007F62  6893               	setf	147,c	;volatile
   330                           
   331                           ;mcc_generated_files/pin_manager.c: 72:     TRISC = 0xFE;
   332  007F64  0EFE               	movlw	254
   333  007F66  6E94               	movwf	148,c	;volatile
   334  007F68                     
   335                           ;mcc_generated_files/pin_manager.c: 73:     TRISD = 0xFF;
   336  007F68  6895               	setf	149,c	;volatile
   337  007F6A                     
   338                           ;mcc_generated_files/pin_manager.c: 78:     ANSEL = 0xFF;
   339  007F6A  687E               	setf	126,c	;volatile
   340                           
   341                           ;mcc_generated_files/pin_manager.c: 79:     ANSELH = 0x1F;
   342  007F6C  0E1F               	movlw	31
   343  007F6E  6E7F               	movwf	127,c	;volatile
   344                           
   345                           ;mcc_generated_files/pin_manager.c: 84:     WPUB = 0x00;
   346  007F70  0E00               	movlw	0
   347  007F72  6E7C               	movwf	124,c	;volatile
   348  007F74                     
   349                           ;mcc_generated_files/pin_manager.c: 85:     INTCON2bits.nRBPU = 1;
   350  007F74  8EF1               	bsf	241,7,c	;volatile
   351  007F76  0012               	return		;funcret
   352  007F78                     __end_of_PIN_MANAGER_Initialize:
   353                           	callstack 0
   354                           
   355 ;; *************** function _OSCILLATOR_Initialize *****************
   356 ;; Defined at:
   357 ;;		line 58 in file "mcc_generated_files/mcc.c"
   358 ;; Parameters:    Size  Location     Type
   359 ;;		None
   360 ;; Auto vars:     Size  Location     Type
   361 ;;		None
   362 ;; Return value:  Size  Location     Type
   363 ;;                  1    wreg      void 
   364 ;; Registers used:
   365 ;;		wreg, status,2
   366 ;; Tracked objects:
   367 ;;		On entry : 0/0
   368 ;;		On exit  : 0/0
   369 ;;		Unchanged: 0/0
   370 ;; Data sizes:     COMRAM   BANK0   BANK1   BANK2   BANK3   BANK4   BANK5
   371 ;;      Params:         0       0       0       0       0       0       0
   372 ;;      Locals:         0       0       0       0       0       0       0
   373 ;;      Temps:          0       0       0       0       0       0       0
   374 ;;      Totals:         0       0       0       0       0       0       0
   375 ;;Total ram usage:        0 bytes
   376 ;; Hardware stack levels used: 1
   377 ;; This function calls:
   378 ;;		Nothing
   379 ;; This function is called by:
   380 ;;		_SYSTEM_Initialize
   381 ;; This function uses a non-reentrant model
   382 ;;
   383                           
   384                           	psect	text3
   385  007F0C                     __ptext3:
   386                           	callstack 0
   387  007F0C                     _OSCILLATOR_Initialize:
   388                           	callstack 29
   389  007F0C                     
   390                           ;mcc_generated_files/mcc.c: 61:     OSCCON = 0x60;
   391  007F0C  0E60               	movlw	96
   392  007F0E  6ED3               	movwf	211,c	;volatile
   393                           
   394                           ;mcc_generated_files/mcc.c: 63:     OSCTUNE = 0x00;
   395  007F10  0E00               	movlw	0
   396  007F12  6E9B               	movwf	155,c	;volatile
   397  007F14  0012               	return		;funcret
   398  007F16                     __end_of_OSCILLATOR_Initialize:
   399                           	callstack 0
   400                           
   401 ;; *************** function _ADC_Initialize *****************
   402 ;; Defined at:
   403 ;;		line 62 in file "mcc_generated_files/adc.c"
   404 ;; Parameters:    Size  Location     Type
   405 ;;		None
   406 ;; Auto vars:     Size  Location     Type
   407 ;;		None
   408 ;; Return value:  Size  Location     Type
   409 ;;                  1    wreg      void 
   410 ;; Registers used:
   411 ;;		wreg, status,2
   412 ;; Tracked objects:
   413 ;;		On entry : 0/0
   414 ;;		On exit  : 0/0
   415 ;;		Unchanged: 0/0
   416 ;; Data sizes:     COMRAM   BANK0   BANK1   BANK2   BANK3   BANK4   BANK5
   417 ;;      Params:         0       0       0       0       0       0       0
   418 ;;      Locals:         0       0       0       0       0       0       0
   419 ;;      Temps:          0       0       0       0       0       0       0
   420 ;;      Totals:         0       0       0       0       0       0       0
   421 ;;Total ram usage:        0 bytes
   422 ;; Hardware stack levels used: 1
   423 ;; This function calls:
   424 ;;		Nothing
   425 ;; This function is called by:
   426 ;;		_SYSTEM_Initialize
   427 ;; This function uses a non-reentrant model
   428 ;;
   429                           
   430                           	psect	text4
   431  007F32                     __ptext4:
   432                           	callstack 0
   433  007F32                     _ADC_Initialize:
   434                           	callstack 29
   435  007F32                     
   436                           ;mcc_generated_files/adc.c: 67:     ADCON1 = 0x00;
   437  007F32  0E00               	movlw	0
   438  007F34  6EC1               	movwf	193,c	;volatile
   439                           
   440                           ;mcc_generated_files/adc.c: 70:     ADCON2 = 0xBA;
   441  007F36  0EBA               	movlw	186
   442  007F38  6EC0               	movwf	192,c	;volatile
   443                           
   444                           ;mcc_generated_files/adc.c: 73:     ADRESL = 0x00;
   445  007F3A  0E00               	movlw	0
   446  007F3C  6EC3               	movwf	195,c	;volatile
   447                           
   448                           ;mcc_generated_files/adc.c: 76:     ADRESH = 0x00;
   449  007F3E  0E00               	movlw	0
   450  007F40  6EC4               	movwf	196,c	;volatile
   451                           
   452                           ;mcc_generated_files/adc.c: 79:     ADCON0 = 0x01;
   453  007F42  0E01               	movlw	1
   454  007F44  6EC2               	movwf	194,c	;volatile
   455  007F46  0012               	return		;funcret
   456  007F48                     __end_of_ADC_Initialize:
   457                           	callstack 0
   458                           
   459 ;; *************** function _ADC_GetConversion *****************
   460 ;; Defined at:
   461 ;;		line 110 in file "mcc_generated_files/adc.c"
   462 ;; Parameters:    Size  Location     Type
   463 ;;  channel         1    wreg     enum E2717
   464 ;; Auto vars:     Size  Location     Type
   465 ;;  channel         1    4[COMRAM] enum E2717
   466 ;; Return value:  Size  Location     Type
   467 ;;                  2    0[COMRAM] unsigned short 
   468 ;; Registers used:
   469 ;;		wreg, status,2, status,0
   470 ;; Tracked objects:
   471 ;;		On entry : 0/0
   472 ;;		On exit  : 0/0
   473 ;;		Unchanged: 0/0
   474 ;; Data sizes:     COMRAM   BANK0   BANK1   BANK2   BANK3   BANK4   BANK5
   475 ;;      Params:         2       0       0       0       0       0       0
   476 ;;      Locals:         1       0       0       0       0       0       0
   477 ;;      Temps:          2       0       0       0       0       0       0
   478 ;;      Totals:         5       0       0       0       0       0       0
   479 ;;Total ram usage:        5 bytes
   480 ;; Hardware stack levels used: 1
   481 ;; This function calls:
   482 ;;		Nothing
   483 ;; This function is called by:
   484 ;;		_main
   485 ;; This function uses a non-reentrant model
   486 ;;
   487                           
   488                           	psect	text5
   489  007F78                     __ptext5:
   490                           	callstack 0
   491  007F78                     _ADC_GetConversion:
   492                           	callstack 30
   493                           
   494                           ;incstack = 0
   495                           ;ADC_GetConversion@channel stored from wreg
   496  007F78  6E05               	movwf	ADC_GetConversion@channel^0,c
   497  007F7A                     
   498                           ;mcc_generated_files/adc.c: 110: adc_result_t ADC_GetConversion(adc_channel_t channel);m
      +                          cc_generated_files/adc.c: 111: {;mcc_generated_files/adc.c: 113:     ADCON0bits.CHS = ch
      +                          annel;
   499  007F7A  C005  F003         	movff	ADC_GetConversion@channel,??_ADC_GetConversion
   500  007F7E  4603               	rlncf	??_ADC_GetConversion^0,f,c
   501  007F80  4603               	rlncf	??_ADC_GetConversion^0,f,c
   502  007F82  50C2               	movf	194,w,c	;volatile
   503  007F84  1803               	xorwf	??_ADC_GetConversion^0,w,c
   504  007F86  0BC3               	andlw	-61
   505  007F88  1803               	xorwf	??_ADC_GetConversion^0,w,c
   506  007F8A  6EC2               	movwf	194,c	;volatile
   507  007F8C                     
   508                           ;mcc_generated_files/adc.c: 116:     ADCON0bits.ADON = 1;
   509  007F8C  80C2               	bsf	194,0,c	;volatile
   510  007F8E                     
   511                           ;mcc_generated_files/adc.c: 119:     ADCON0bits.GO_nDONE = 1;
   512  007F8E  82C2               	bsf	194,1,c	;volatile
   513  007F90                     l34:
   514                           
   515                           ;mcc_generated_files/adc.c: 122:     while (ADCON0bits.GO_nDONE)
   516  007F90  B2C2               	btfsc	194,1,c	;volatile
   517  007F92  EFCD  F03F         	goto	u41
   518  007F96  EFCF  F03F         	goto	u40
   519  007F9A                     u41:
   520  007F9A  EFC8  F03F         	goto	l34
   521  007F9E                     u40:
   522  007F9E                     
   523                           ;mcc_generated_files/adc.c: 127:     return ((adc_result_t)((ADRESH << 8) + ADRESL));
   524  007F9E  50C4               	movf	196,w,c	;volatile
   525  007FA0  6E04               	movwf	(??_ADC_GetConversion+1)^0,c
   526  007FA2  6A03               	clrf	??_ADC_GetConversion^0,c
   527  007FA4  50C3               	movf	195,w,c	;volatile
   528  007FA6  2403               	addwf	??_ADC_GetConversion^0,w,c
   529  007FA8  6E01               	movwf	?_ADC_GetConversion^0,c
   530  007FAA  0E00               	movlw	0
   531  007FAC  2004               	addwfc	(??_ADC_GetConversion+1)^0,w,c
   532  007FAE  6E02               	movwf	(?_ADC_GetConversion+1)^0,c
   533  007FB0  0012               	return		;funcret
   534  007FB2                     __end_of_ADC_GetConversion:
   535                           	callstack 0
   536  0000                     
   537                           	psect	rparam
   538  0000                     
   539                           	psect	idloc
   540                           
   541                           ;Config register IDLOC0 @ 0x200000
   542                           ;	unspecified, using default values
   543  200000                     	org	2097152
   544  200000  FF                 	db	255
   545                           
   546                           ;Config register IDLOC1 @ 0x200001
   547                           ;	unspecified, using default values
   548  200001                     	org	2097153
   549  200001  FF                 	db	255
   550                           
   551                           ;Config register IDLOC2 @ 0x200002
   552                           ;	unspecified, using default values
   553  200002                     	org	2097154
   554  200002  FF                 	db	255
   555                           
   556                           ;Config register IDLOC3 @ 0x200003
   557                           ;	unspecified, using default values
   558  200003                     	org	2097155
   559  200003  FF                 	db	255
   560                           
   561                           ;Config register IDLOC4 @ 0x200004
   562                           ;	unspecified, using default values
   563  200004                     	org	2097156
   564  200004  FF                 	db	255
   565                           
   566                           ;Config register IDLOC5 @ 0x200005
   567                           ;	unspecified, using default values
   568  200005                     	org	2097157
   569  200005  FF                 	db	255
   570                           
   571                           ;Config register IDLOC6 @ 0x200006
   572                           ;	unspecified, using default values
   573  200006                     	org	2097158
   574  200006  FF                 	db	255
   575                           
   576                           ;Config register IDLOC7 @ 0x200007
   577                           ;	unspecified, using default values
   578  200007                     	org	2097159
   579  200007  FF                 	db	255
   580                           
   581                           	psect	config
   582                           
   583                           ; Padding undefined space
   584  300000                     	org	3145728
   585  300000  FF                 	db	255
   586                           
   587                           ;Config register CONFIG1H @ 0x300001
   588                           ;	Oscillator Selection bits
   589                           ;	FOSC = HS, HS oscillator
   590                           ;	Fail-Safe Clock Monitor Enable bit
   591                           ;	FCMEN = OFF, Fail-Safe Clock Monitor disabled
   592                           ;	Internal/External Oscillator Switchover bit
   593                           ;	IESO = OFF, Oscillator Switchover mode disabled
   594  300001                     	org	3145729
   595  300001  02                 	db	2
   596                           
   597                           ;Config register CONFIG2L @ 0x300002
   598                           ;	Power-up Timer Enable bit
   599                           ;	PWRT = OFF, PWRT disabled
   600                           ;	Brown-out Reset Enable bits
   601                           ;	BOREN = SBORDIS, Brown-out Reset enabled in hardware only (SBOREN is disabled)
   602                           ;	Brown Out Reset Voltage bits
   603                           ;	BORV = 18, VBOR set to 1.8 V nominal
   604  300002                     	org	3145730
   605  300002  1F                 	db	31
   606                           
   607                           ;Config register CONFIG2H @ 0x300003
   608                           ;	Watchdog Timer Enable bit
   609                           ;	WDTEN = OFF, WDT is controlled by SWDTEN bit of the WDTCON register
   610                           ;	Watchdog Timer Postscale Select bits
   611                           ;	WDTPS = 32768, 1:32768
   612  300003                     	org	3145731
   613  300003  1E                 	db	30
   614                           
   615                           ; Padding undefined space
   616  300004                     	org	3145732
   617  300004  FF                 	db	255
   618                           
   619                           ;Config register CONFIG3H @ 0x300005
   620                           ;	CCP2 MUX bit
   621                           ;	CCP2MX = PORTC, CCP2 input/output is multiplexed with RC1
   622                           ;	PORTB A/D Enable bit
   623                           ;	PBADEN = ON, PORTB<4:0> pins are configured as analog input channels on Reset
   624                           ;	Low-Power Timer1 Oscillator Enable bit
   625                           ;	LPT1OSC = OFF, Timer1 configured for higher power operation
   626                           ;	HFINTOSC Fast Start-up
   627                           ;	HFOFST = ON, HFINTOSC starts clocking the CPU without waiting for the oscillator to st
      +                          ablize.
   628                           ;	MCLR Pin Enable bit
   629                           ;	MCLRE = ON, MCLR pin enabled; RE3 input pin disabled
   630  300005                     	org	3145733
   631  300005  8B                 	db	139
   632                           
   633                           ;Config register CONFIG4L @ 0x300006
   634                           ;	Stack Full/Underflow Reset Enable bit
   635                           ;	STVREN = ON, Stack full/underflow will cause Reset
   636                           ;	Single-Supply ICSP Enable bit
   637                           ;	LVP = OFF, Single-Supply ICSP disabled
   638                           ;	Extended Instruction Set Enable bit
   639                           ;	XINST = OFF, Instruction set extension and Indexed Addressing mode disabled (Legacy mo
      +                          de)
   640                           ;	Background Debugger Enable bit
   641                           ;	DEBUG = OFF, Background debugger disabled, RB6 and RB7 configured as general purpose I
      +                          /O pins
   642  300006                     	org	3145734
   643  300006  81                 	db	129
   644                           
   645                           ; Padding undefined space
   646  300007                     	org	3145735
   647  300007  FF                 	db	255
   648                           
   649                           ;Config register CONFIG5L @ 0x300008
   650                           ;	Code Protection Block 0
   651                           ;	CP0 = OFF, Block 0 (000800-001FFFh) not code-protected
   652                           ;	Code Protection Block 1
   653                           ;	CP1 = OFF, Block 1 (002000-003FFFh) not code-protected
   654                           ;	Code Protection Block 2
   655                           ;	CP2 = OFF, Block 2 (004000-005FFFh) not code-protected
   656                           ;	Code Protection Block 3
   657                           ;	CP3 = OFF, Block 3 (006000-007FFFh) not code-protected
   658  300008                     	org	3145736
   659  300008  0F                 	db	15
   660                           
   661                           ;Config register CONFIG5H @ 0x300009
   662                           ;	Boot Block Code Protection bit
   663                           ;	CPB = OFF, Boot block (000000-0007FFh) not code-protected
   664                           ;	Data EEPROM Code Protection bit
   665                           ;	CPD = OFF, Data EEPROM not code-protected
   666  300009                     	org	3145737
   667  300009  C0                 	db	192
   668                           
   669                           ;Config register CONFIG6L @ 0x30000A
   670                           ;	Write Protection Block 0
   671                           ;	WRT0 = OFF, Block 0 (000800-001FFFh) not write-protected
   672                           ;	Write Protection Block 1
   673                           ;	WRT1 = OFF, Block 1 (002000-003FFFh) not write-protected
   674                           ;	Write Protection Block 2
   675                           ;	WRT2 = OFF, Block 2 (004000-005FFFh) not write-protected
   676                           ;	Write Protection Block 3
   677                           ;	WRT3 = OFF, Block 3 (006000-007FFFh) not write-protected
   678  30000A                     	org	3145738
   679  30000A  0F                 	db	15
   680                           
   681                           ;Config register CONFIG6H @ 0x30000B
   682                           ;	Configuration Register Write Protection bit
   683                           ;	WRTC = OFF, Configuration registers (300000-3000FFh) not write-protected
   684                           ;	Boot Block Write Protection bit
   685                           ;	WRTB = OFF, Boot Block (000000-0007FFh) not write-protected
   686                           ;	Data EEPROM Write Protection bit
   687                           ;	WRTD = OFF, Data EEPROM not write-protected
   688  30000B                     	org	3145739
   689  30000B  E0                 	db	224
   690                           
   691                           ;Config register CONFIG7L @ 0x30000C
   692                           ;	Table Read Protection Block 0
   693                           ;	EBTR0 = OFF, Block 0 (000800-001FFFh) not protected from table reads executed in other
      +                           blocks
   694                           ;	Table Read Protection Block 1
   695                           ;	EBTR1 = OFF, Block 1 (002000-003FFFh) not protected from table reads executed in other
      +                           blocks
   696                           ;	Table Read Protection Block 2
   697                           ;	EBTR2 = OFF, Block 2 (004000-005FFFh) not protected from table reads executed in other
      +                           blocks
   698                           ;	Table Read Protection Block 3
   699                           ;	EBTR3 = OFF, Block 3 (006000-007FFFh) not protected from table reads executed in other
      +                           blocks
   700  30000C                     	org	3145740
   701  30000C  0F                 	db	15
   702                           
   703                           ;Config register CONFIG7H @ 0x30000D
   704                           ;	Boot Block Table Read Protection bit
   705                           ;	EBTRB = OFF, Boot Block (000000-0007FFh) not protected from table reads executed in ot
      +                          her blocks
   706  30000D                     	org	3145741
   707  30000D  40                 	db	64
   708                           tosu	equ	0xFFF
   709                           tosh	equ	0xFFE
   710                           tosl	equ	0xFFD
   711                           stkptr	equ	0xFFC
   712                           pclatu	equ	0xFFB
   713                           pclath	equ	0xFFA
   714                           pcl	equ	0xFF9
   715                           tblptru	equ	0xFF8
   716                           tblptrh	equ	0xFF7
   717                           tblptrl	equ	0xFF6
   718                           tablat	equ	0xFF5
   719                           prodh	equ	0xFF4
   720                           prodl	equ	0xFF3
   721                           indf0	equ	0xFEF
   722                           postinc0	equ	0xFEE
   723                           postdec0	equ	0xFED
   724                           preinc0	equ	0xFEC
   725                           plusw0	equ	0xFEB
   726                           fsr0h	equ	0xFEA
   727                           fsr0l	equ	0xFE9
   728                           wreg	equ	0xFE8
   729                           indf1	equ	0xFE7
   730                           postinc1	equ	0xFE6
   731                           postdec1	equ	0xFE5
   732                           preinc1	equ	0xFE4
   733                           plusw1	equ	0xFE3
   734                           fsr1h	equ	0xFE2
   735                           fsr1l	equ	0xFE1
   736                           bsr	equ	0xFE0
   737                           indf2	equ	0xFDF
   738                           postinc2	equ	0xFDE
   739                           postdec2	equ	0xFDD
   740                           preinc2	equ	0xFDC
   741                           plusw2	equ	0xFDB
   742                           fsr2h	equ	0xFDA
   743                           fsr2l	equ	0xFD9
   744                           status	equ	0xFD8

Data Sizes:
    Strings     0
    Constant    0
    Data        0
    BSS         2
    Persistent  0
    Stack       0

Auto Spaces:
    Space          Size  Autos    Used
    COMRAM           95      7       9
    BANK0           160      0       0
    BANK1           256      0       0
    BANK2           256      0       0
    BANK3           256      0       0
    BANK4           256      0       0
    BANK5           256      0       0

Pointer List with Targets:

    ADC_InterruptHandler	PTR FTN()void  size(2) Largest target is 1
		 -> Absolute function(), 


Critical Paths under _main in COMRAM

    _main->_ADC_GetConversion

Critical Paths under _main in BANK0

    None.

Critical Paths under _main in BANK1

    None.

Critical Paths under _main in BANK2

    None.

Critical Paths under _main in BANK3

    None.

Critical Paths under _main in BANK4

    None.

Critical Paths under _main in BANK5

    None.

Call Graph Tables:

 ---------------------------------------------------------------------------------
 (Depth) Function   	        Calls       Base Space   Used Autos Params    Refs
 ---------------------------------------------------------------------------------
 (0) _main                                                 2     2      0      67
                                              5 COMRAM     2     2      0
                  _ADC_GetConversion
                  _SYSTEM_Initialize
 ---------------------------------------------------------------------------------
 (1) _SYSTEM_Initialize                                    0     0      0       0
                     _ADC_Initialize
              _OSCILLATOR_Initialize
             _PIN_MANAGER_Initialize
 ---------------------------------------------------------------------------------
 (2) _PIN_MANAGER_Initialize                               0     0      0       0
 ---------------------------------------------------------------------------------
 (2) _OSCILLATOR_Initialize                                0     0      0       0
 ---------------------------------------------------------------------------------
 (2) _ADC_Initialize                                       0     0      0       0
 ---------------------------------------------------------------------------------
 (1) _ADC_GetConversion                                    5     3      2      22
                                              0 COMRAM     5     3      2
 ---------------------------------------------------------------------------------
 Estimated maximum stack depth 2
 ---------------------------------------------------------------------------------

 Call Graph Graphs:

 _main (ROOT)
   _ADC_GetConversion
   _SYSTEM_Initialize
     _ADC_Initialize
     _OSCILLATOR_Initialize
     _PIN_MANAGER_Initialize

 Address spaces:
Name               Size   Autos  Total    Cost      Usage
BIGRAM             5FF      0       0      26        0.0%
EEDATA             100      0       0       0        0.0%
BITBANK5           100      0       0      14        0.0%
BANK5              100      0       0      15        0.0%
BITBANK4           100      0       0      12        0.0%
BANK4              100      0       0      13        0.0%
BITBANK3           100      0       0      10        0.0%
BANK3              100      0       0      11        0.0%
BITBANK2           100      0       0       8        0.0%
BANK2              100      0       0       9        0.0%
BITBANK1           100      0       0       6        0.0%
BANK1              100      0       0       7        0.0%
BITBANK0            A0      0       0       4        0.0%
BANK0               A0      0       0       5        0.0%
BITCOMRAM           5F      0       0       0        0.0%
COMRAM              5F      7       9       1        9.5%
BITBIGSFRlh         24      0       0      19        0.0%
BITBIGSFRhhhl       1D      0       0      17        0.0%
BITBIGSFRllllll     1C      0       0      24        0.0%
BITBIGSFRhhl         E      0       0      18        0.0%
BITBIGSFRhhhh        D      0       0      16        0.0%
BITBIGSFRllllh       9      0       0      22        0.0%
BITBIGSFRllhh        4      0       0      20        0.0%
BITBIGSFRllhll       4      0       0      21        0.0%
BITBIGSFRlllllh      1      0       0      23        0.0%
BIGSFR               0      0       0     200        0.0%
BITSFR               0      0       0     200        0.0%
SFR                  0      0       0     200        0.0%
STACK                0      0       0       2        0.0%
NULL                 0      0       0       0        0.0%
ABS                  0      0       9      25        0.0%
DATA                 0      0       9       3        0.0%
CODE                 0      0       0       0        0.0%


Microchip Technology PIC18 Macro Assembler V2.36 build 20220127204148 
Symbol Table                                                                                   Sun Jan 01 14:16:02 2023

                            l34 7F90                              l19 7F46                              l37 7FB0  
                            l53 7F22                              l56 7F14                              l89 7F76  
                            u40 7F9E                              u41 7F9A                              u50 7FDA  
                            u51 7FD6                              u60 7FF6                              u61 7FF2  
                           l811 7F16                             l843 7F7A                             l845 7F8C  
                           l861 7FE0                             l853 7FB2                             l847 7F8E  
                           l791 7F62                             l863 7FF6                             l855 7FB6  
                           l849 7F9E                             l785 7F32                             l793 7F68  
                           l857 7FC4                             l795 7F6A                             l787 7F48  
                           l859 7FDA                             l797 7F74                             l789 7F60  
                           l799 7F0C                            _LATA 000F89                            _LATB 000F8A  
                          _LATC 000F8B                            _LATD 000F8C                            _LATE 000F8D  
                          _WPUB 000F7C                            _main 7FB2                            start 0000  
                  ___param_bank 000000   __end_of_OSCILLATOR_Initialize 7F16                           ?_main 0001  
                         _ANSEL 000F7E                           _TRISA 000F92                           _TRISB 000F93  
                         _TRISC 000F94                           _TRISD 000F95                           _TRISE 000F96  
                         status 000FD8                 __initialization 7F24                    __end_of_main 8000  
                        ??_main 0006                   __activetblptr 000002                          _ADCON0 000FC2  
                        _ADCON1 000FC1                          _ADCON2 000FC0                          _ADRESH 000FC4  
                        _ADRESL 000FC3                          _ANSELH 000F7F                          _OSCCON 000FD3  
                        isa$std 000001                          tblptru 000FF8        ADC_GetConversion@channel 0005  
             _SYSTEM_Initialize 7F16                      __accesstop 0060         __end_of__initialization 7F28  
            ?_SYSTEM_Initialize 0001                   ___rparam_used 000001                  __pcstackCOMRAM 0001  
           ??_SYSTEM_Initialize 0001       __end_of_SYSTEM_Initialize 7F24                         _OSCTUNE 000F9B  
          _ADC_InterruptHandler 0008                         __Hparam 0000                         __Lparam 0000  
                       __pcinit 7F24                         __ramtop 0600                         __ptext0 7FB2  
                       __ptext1 7F16                         __ptext2 7F48                         __ptext3 7F0C  
                       __ptext4 7F32                         __ptext5 7F78           _OSCILLATOR_Initialize 7F0C  
      ??_PIN_MANAGER_Initialize 0001            end_of_initialization 7F28                   __Lmediumconst 0000  
                    main@result 0006                  _ADC_Initialize 7F32          ?_OSCILLATOR_Initialize 0001  
           start_initialization 7F24          __end_of_ADC_Initialize 7F48                     __pbssCOMRAM 0008  
        _PIN_MANAGER_Initialize 7F48                 ?_ADC_Initialize 0001                        _LATCbits 000F8B  
                    _ADCON0bits 000FC2                     _INTCON2bits 000FF1                        __Hrparam 0000  
                      __Lrparam 0000               _ADC_GetConversion 7F78         ??_OSCILLATOR_Initialize 0001  
            ?_ADC_GetConversion 0001             ??_ADC_GetConversion 0003       __end_of_ADC_GetConversion 7FB2  
                      isa$xinst 000000                      _INTCONbits 000FF2         ?_PIN_MANAGER_Initialize 0001  
              ??_ADC_Initialize 0001  __end_of_PIN_MANAGER_Initialize 7F78  
