

Microchip MPLAB XC8 Assembler V2.20 build 20200408173844 
                                                                                               Thu Jan 28 14:44:02 2021

Microchip MPLAB XC8 C Compiler v2.20 (Free license) build 20200408173844 Og1 
     1                           	processor	18F45K20
     2                           	fnconf	rparam,??,?,0
     3                           	pagewidth 120
     4                           	opt	flic
     5                           	psect	nvCOMRAM,global,class=COMRAM,space=1,delta=1,lowdata,noexec
     6                           	psect	smallconst,global,reloc=2,class=SMALLCONST,delta=1,noexec
     7                           	psect	cinit,global,reloc=2,class=CODE,delta=1
     8                           	psect	bssCOMRAM,global,class=COMRAM,space=1,delta=1,lowdata,noexec
     9                           	psect	cstackCOMRAM,global,class=COMRAM,space=1,delta=1,lowdata,noexec
    10                           	psect	text0,global,reloc=2,class=CODE,delta=1
    11                           	psect	text1,global,reloc=2,class=CODE,delta=1
    12                           	psect	text2,global,reloc=2,class=CODE,delta=1
    13                           	psect	text3,global,reloc=2,class=CODE,delta=1
    14                           	psect	text4,global,reloc=2,class=CODE,delta=1
    15                           	psect	text5,global,reloc=2,class=CODE,delta=1
    16                           	psect	text6,global,reloc=2,class=CODE,delta=1
    17                           	psect	text7,global,reloc=2,class=CODE,delta=1
    18                           	psect	text8,global,reloc=2,class=CODE,delta=1
    19                           	psect	text9,global,reloc=2,class=CODE,delta=1
    20                           	psect	text10,global,reloc=2,class=CODE,delta=1
    21                           	psect	text11,global,reloc=2,class=CODE,delta=1
    22                           	psect	intsave_regs,global,class=BIGRAM,space=1,delta=1,noexec
    23                           	psect	rparam,global,class=COMRAM,space=1,delta=1,noexec
    24                           	psect	idloc,global,abs,ovrld,class=IDLOC,space=5,delta=1,noexec
    25                           	psect	config,global,abs,ovrld,class=CONFIG,space=4,delta=1,noexec
    26  0000                     
    27                           ; Version 2.20
    28                           ; Generated 12/02/2020 GMT
    29                           ; 
    30                           ; Copyright © 2020, Microchip Technology Inc. and its subsidiaries ("Microchip")
    31                           ; All rights reserved.
    32                           ; 
    33                           ; This software is developed by Microchip Technology Inc. and its subsidiaries ("Microch
      +                          ip").
    34                           ; 
    35                           ; Redistribution and use in source and binary forms, with or without modification, are
    36                           ; permitted provided that the following conditions are met:
    37                           ; 
    38                           ;     1. Redistributions of source code must retain the above copyright notice, this lis
      +                          t of
    39                           ;        conditions and the following disclaimer.
    40                           ; 
    41                           ;     2. Redistributions in binary form must reproduce the above copyright notice, this 
      +                          list
    42                           ;        of conditions and the following disclaimer in the documentation and/or other
    43                           ;        materials provided with the distribution.
    44                           ; 
    45                           ;     3. Microchip's name may not be used to endorse or promote products derived from th
      +                          is
    46                           ;        software without specific prior written permission.
    47                           ; 
    48                           ; THIS SOFTWARE IS PROVIDED BY MICROCHIP "AS IS" AND ANY EXPRESS OR IMPLIED WARRANTIES,
    49                           ; INCLUDING, BUT NOT LIMITED TO, THE IMPLIED WARRANTIES OF MERCHANTABILITY AND FITNESS F
      +                          OR
    50                           ; PURPOSE ARE DISCLAIMED.  IN NO EVENT SHALL MICROCHIP BE LIABLE FOR ANY DIRECT, INDIREC
      +                          T,
    51                           ; INCIDENTAL, SPECIAL, EXEMPLARY, OR CONSEQUENTIAL DAMAGES (INCLUDING BUT NOT LIMITED TO
    52                           ; PROCUREMENT OF SUBSTITUTE GOODS OR SERVICES; LOSS OF USE, DATA OR PROFITS; OR BUSINESS
    53                           ; INTERRUPTION) HOWSOEVER CAUSED AND ON ANY THEORY OF LIABILITY, WHETHER IN CONTRACT, ST
      +                          RICT
    54                           ; LIABILITY, OR TORT (INCLUDING NEGLIGENCE OR OTHERWISE) ARISING IN ANY WAY OUT OF THE U
      +                          SE OF
    55                           ; THIS SOFTWARE, EVEN IF ADVISED OF THE POSSIBILITY OF SUCH DAMAGE.
    56                           ; 
    57                           ; 
    58                           ; Code-generator required, PIC18F45K20 Definitions
    59                           ; 
    60                           ; SFR Addresses
    61  0000                     
    62 ;; Function _EUSART_DefaultFramingErrorHandler is unused but had its address taken
    63  0000                     
    64 ;; Function _EUSART_DefaultOverrunErrorHandler is unused but had its address taken
    65  0000                     
    66 ;; Function _EUSART_DefaultErrorHandler is unused but had its address taken
    67  0000                     
    68                           	psect	nvCOMRAM
    69  000001                     __pnvCOMRAM:
    70                           	callstack 0
    71  000001                     _EUSART_ErrorHandler:
    72                           	callstack 0
    73  000001                     	ds	2
    74  000003                     _EUSART_OverrunErrorHandler:
    75                           	callstack 0
    76  000003                     	ds	2
    77  000005                     _EUSART_FramingErrorHandler:
    78                           	callstack 0
    79  000005                     	ds	2
    80  0000                     _INTCONbits	set	4082
    81  0000                     _INTCON2bits	set	4081
    82  0000                     _WPUB	set	3964
    83  0000                     _ANSELH	set	3967
    84  0000                     _ANSEL	set	3966
    85  0000                     _TRISD	set	3989
    86  0000                     _TRISC	set	3988
    87  0000                     _TRISB	set	3987
    88  0000                     _TRISA	set	3986
    89  0000                     _TRISE	set	3990
    90  0000                     _LATC	set	3979
    91  0000                     _LATB	set	3978
    92  0000                     _LATA	set	3977
    93  0000                     _LATD	set	3980
    94  0000                     _LATE	set	3981
    95  0000                     _TXREG	set	4013
    96  0000                     _RCREG	set	4014
    97  0000                     _RCSTAbits	set	4011
    98  0000                     _TXSTAbits	set	4012
    99  0000                     _PIR1bits	set	3998
   100  0000                     _SPBRGH	set	4016
   101  0000                     _SPBRG	set	4015
   102  0000                     _TXSTA	set	4012
   103  0000                     _RCSTA	set	4011
   104  0000                     _BAUDCON	set	4024
   105  0000                     _OSCTUNE	set	3995
   106  0000                     _OSCCON	set	4051
   107                           
   108                           	psect	smallconst
   109  000600                     __psmallconst:
   110                           	callstack 0
   111  000600  00                 	db	0
   112  000601                     STR_2:
   113  000601  49                 	db	73	;'I'
   114  000602  6D                 	db	109	;'m'
   115  000603  20                 	db	32
   116  000604  55                 	db	85	;'U'
   117  000605  73                 	db	115	;'s'
   118  000606  69                 	db	105	;'i'
   119  000607  6E                 	db	110	;'n'
   120  000608  67                 	db	103	;'g'
   121  000609  20                 	db	32
   122  00060A  54                 	db	84	;'T'
   123  00060B  68                 	db	104	;'h'
   124  00060C  65                 	db	101	;'e'
   125  00060D  20                 	db	32
   126  00060E  55                 	db	85	;'U'
   127  00060F  53                 	db	83	;'S'
   128  000610  41                 	db	65	;'A'
   129  000611  52                 	db	82	;'R'
   130  000612  54                 	db	84	;'T'
   131  000613  20                 	db	32
   132  000614  49                 	db	73	;'I'
   133  000615  6E                 	db	110	;'n'
   134  000616  74                 	db	116	;'t'
   135  000617  65                 	db	101	;'e'
   136  000618  72                 	db	114	;'r'
   137  000619  66                 	db	102	;'f'
   138  00061A  61                 	db	97	;'a'
   139  00061B  63                 	db	99	;'c'
   140  00061C  65                 	db	101	;'e'
   141  00061D  00                 	db	0
   142  00061E                     STR_1:
   143  00061E  0D                 	db	13
   144  00061F  0A                 	db	10
   145  000620  48                 	db	72	;'H'
   146  000621  65                 	db	101	;'e'
   147  000622  6C                 	db	108	;'l'
   148  000623  6C                 	db	108	;'l'
   149  000624  6F                 	db	111	;'o'
   150  000625  20                 	db	32
   151  000626  57                 	db	87	;'W'
   152  000627  6F                 	db	111	;'o'
   153  000628  72                 	db	114	;'r'
   154  000629  6C                 	db	108	;'l'
   155  00062A  64                 	db	100	;'d'
   156  00062B  0D                 	db	13
   157  00062C  0A                 	db	10
   158  00062D  00                 	db	0
   159  00062E  00                 	db	0	; dummy byte at the end
   160  0000                     
   161                           ; #config settings
   162                           
   163                           	psect	cinit
   164  000780                     __pcinit:
   165                           	callstack 0
   166  000780                     start_initialization:
   167                           	callstack 0
   168  000780                     __initialization:
   169                           	callstack 0
   170                           
   171                           ; Clear objects allocated to COMRAM (1 bytes)
   172  000780  6A0A               	clrf	__pbssCOMRAM& (0+255),c
   173  000782                     end_of_initialization:
   174                           	callstack 0
   175  000782                     __end_of__initialization:
   176                           	callstack 0
   177  000782  0E00               	movlw	low (__Lmediumconst shr (0+16))
   178  000784  6EF8               	movwf	tblptru,c
   179  000786  0100               	movlb	0
   180  000788  EF92  F003         	goto	_main	;jump to C main() function
   181                           
   182                           	psect	bssCOMRAM
   183  00000A                     __pbssCOMRAM:
   184                           	callstack 0
   185  00000A                     _eusartRxLastError:
   186                           	callstack 0
   187  00000A                     	ds	1
   188                           
   189                           	psect	cstackCOMRAM
   190  000007                     __pcstackCOMRAM:
   191                           	callstack 0
   192  000007                     _EUSART_is_tx_ready$253:
   193                           	callstack 0
   194  000007                     EUSART_Write@txData:
   195                           	callstack 0
   196  000007                     EUSART_SetFramingErrorHandler@interruptHandler:
   197                           	callstack 0
   198  000007                     EUSART_SetOverrunErrorHandler@interruptHandler:
   199                           	callstack 0
   200  000007                     EUSART_SetErrorHandler@interruptHandler:
   201                           	callstack 0
   202                           
   203                           ; 2 bytes @ 0x0
   204  000007                     	ds	1
   205  000008                     USART_String_Transmit@string:
   206                           	callstack 0
   207                           
   208                           ; 2 bytes @ 0x1
   209  000008                     	ds	1
   210  000009                     
   211                           ; 1 bytes @ 0x2
   212  000009                     	ds	1
   213  00000A                     
   214                           ; 1 bytes @ 0x3
   215 ;;
   216 ;;Main: autosize = 0, tempsize = 0, incstack = 0, save=0
   217 ;;
   218 ;; *************** function _main *****************
   219 ;; Defined at:
   220 ;;		line 16 in file "main.c"
   221 ;; Parameters:    Size  Location     Type
   222 ;;		None
   223 ;; Auto vars:     Size  Location     Type
   224 ;;		None
   225 ;; Return value:  Size  Location     Type
   226 ;;                  1    wreg      void 
   227 ;; Registers used:
   228 ;;		wreg, status,2, status,0, tblptrl, tblptrh, tblptru, cstack
   229 ;; Tracked objects:
   230 ;;		On entry : 0/0
   231 ;;		On exit  : 0/0
   232 ;;		Unchanged: 0/0
   233 ;; Data sizes:     COMRAM   BANK0   BANK1   BANK2   BANK3   BANK4   BANK5
   234 ;;      Params:         0       0       0       0       0       0       0
   235 ;;      Locals:         0       0       0       0       0       0       0
   236 ;;      Temps:          0       0       0       0       0       0       0
   237 ;;      Totals:         0       0       0       0       0       0       0
   238 ;;Total ram usage:        0 bytes
   239 ;; Hardware stack levels required when called:    3
   240 ;; This function calls:
   241 ;;		_SYSTEM_Initialize
   242 ;;		_USART_String_Transmit
   243 ;; This function is called by:
   244 ;;		Startup code after reset
   245 ;; This function uses a non-reentrant model
   246 ;;
   247                           
   248                           	psect	text0
   249  000724                     __ptext0:
   250                           	callstack 0
   251  000724                     _main:
   252                           	callstack 28
   253  000724                     
   254                           ;main.c: 18:     SYSTEM_Initialize();
   255  000724  ECB9  F003         	call	_SYSTEM_Initialize	;wreg free
   256  000728                     
   257                           ;main.c: 20:     USART_String_Transmit("\r\nHello World\r\n");
   258  000728  0E1E               	movlw	low STR_1
   259  00072A  6E08               	movwf	USART_String_Transmit@string^0,c
   260  00072C  0E06               	movlw	high STR_1
   261  00072E  6E09               	movwf	(USART_String_Transmit@string+1)^0,c
   262  000730  EC18  F003         	call	_USART_String_Transmit	;wreg free
   263  000734                     
   264                           ;main.c: 21:     USART_String_Transmit("Im Using The USART Interface");
   265  000734  0E01               	movlw	low STR_2
   266  000736  6E08               	movwf	USART_String_Transmit@string^0,c
   267  000738  0E06               	movlw	high STR_2
   268  00073A  6E09               	movwf	(USART_String_Transmit@string+1)^0,c
   269  00073C  EC18  F003         	call	_USART_String_Transmit	;wreg free
   270  000740                     l155:
   271  000740  EFA0  F003         	goto	l155
   272  000744  EF00  F000         	goto	start
   273  000748                     __end_of_main:
   274                           	callstack 0
   275                           
   276 ;; *************** function _USART_String_Transmit *****************
   277 ;; Defined at:
   278 ;;		line 26 in file "main.c"
   279 ;; Parameters:    Size  Location     Type
   280 ;;  string          2    1[COMRAM] PTR unsigned char 
   281 ;;		 -> STR_2(29), STR_1(16), 
   282 ;; Auto vars:     Size  Location     Type
   283 ;;		None
   284 ;; Return value:  Size  Location     Type
   285 ;;                  1    wreg      void 
   286 ;; Registers used:
   287 ;;		wreg, status,2, status,0, tblptrl, tblptrh, tblptru, cstack
   288 ;; Tracked objects:
   289 ;;		On entry : 0/0
   290 ;;		On exit  : 0/0
   291 ;;		Unchanged: 0/0
   292 ;; Data sizes:     COMRAM   BANK0   BANK1   BANK2   BANK3   BANK4   BANK5
   293 ;;      Params:         2       0       0       0       0       0       0
   294 ;;      Locals:         0       0       0       0       0       0       0
   295 ;;      Temps:          0       0       0       0       0       0       0
   296 ;;      Totals:         2       0       0       0       0       0       0
   297 ;;Total ram usage:        2 bytes
   298 ;; Hardware stack levels used:    1
   299 ;; Hardware stack levels required when called:    1
   300 ;; This function calls:
   301 ;;		_EUSART_Write
   302 ;;		_EUSART_is_tx_done
   303 ;;		_EUSART_is_tx_ready
   304 ;; This function is called by:
   305 ;;		_main
   306 ;; This function uses a non-reentrant model
   307 ;;
   308                           
   309                           	psect	text1
   310  000630                     __ptext1:
   311                           	callstack 0
   312  000630                     _USART_String_Transmit:
   313                           	callstack 29
   314  000630                     l970:
   315  000630  EC7E  F003         	call	_EUSART_is_tx_ready	;wreg free
   316  000634  0900               	iorlw	0
   317  000636  B4D8               	btfsc	status,2,c
   318  000638  EF20  F003         	goto	u121
   319  00063C  EF22  F003         	goto	u120
   320  000640                     u121:
   321  000640  EF18  F003         	goto	l970
   322  000644                     u120:
   323  000644  EF2E  F003         	goto	l976
   324  000648                     l972:
   325                           
   326                           ;main.c: 30:     EUSART_Write(*string++);
   327  000648  C008  FFF6         	movff	USART_String_Transmit@string,tblptrl
   328  00064C  C009  FFF7         	movff	USART_String_Transmit@string+1,tblptrh
   329  000650                     	if	0	;tblptru may be non-zero
   330  000650                     	endif
   331  000650                     	if	0	;tblptru may be non-zero
   332  000650                     	endif
   333  000650  0008               	tblrd		*
   334  000652  50F5               	movf	tablat,w,c
   335  000654  ECA4  F003         	call	_EUSART_Write
   336  000658  4A08               	infsnz	USART_String_Transmit@string^0,f,c
   337  00065A  2A09               	incf	(USART_String_Transmit@string+1)^0,f,c
   338  00065C                     l976:
   339                           
   340                           ;main.c: 29:     while (*string)
   341  00065C  C008  FFF6         	movff	USART_String_Transmit@string,tblptrl
   342  000660  C009  FFF7         	movff	USART_String_Transmit@string+1,tblptrh
   343  000664                     	if	0	;tblptru may be non-zero
   344  000664                     	endif
   345  000664                     	if	0	;tblptru may be non-zero
   346  000664                     	endif
   347  000664  0008               	tblrd		*
   348  000666  50F5               	movf	tablat,w,c
   349  000668  0900               	iorlw	0
   350  00066A  A4D8               	btfss	status,2,c
   351  00066C  EF3A  F003         	goto	u131
   352  000670  EF3C  F003         	goto	u130
   353  000674                     u131:
   354  000674  EF24  F003         	goto	l972
   355  000678                     u130:
   356  000678                     l978:
   357  000678  ECAF  F003         	call	_EUSART_is_tx_done	;wreg free
   358  00067C  0900               	iorlw	0
   359  00067E  B4D8               	btfsc	status,2,c
   360  000680  EF44  F003         	goto	u141
   361  000684  EF46  F003         	goto	u140
   362  000688                     u141:
   363  000688  EF3C  F003         	goto	l978
   364  00068C                     u140:
   365  00068C  0012               	return		;funcret
   366  00068E                     __end_of_USART_String_Transmit:
   367                           	callstack 0
   368                           
   369 ;; *************** function _EUSART_is_tx_ready *****************
   370 ;; Defined at:
   371 ;;		line 94 in file "mcc_generated_files/eusart.c"
   372 ;; Parameters:    Size  Location     Type
   373 ;;		None
   374 ;; Auto vars:     Size  Location     Type
   375 ;;		None
   376 ;; Return value:  Size  Location     Type
   377 ;;                  1    wreg      _Bool 
   378 ;; Registers used:
   379 ;;		wreg, status,2
   380 ;; Tracked objects:
   381 ;;		On entry : 0/0
   382 ;;		On exit  : 0/0
   383 ;;		Unchanged: 0/0
   384 ;; Data sizes:     COMRAM   BANK0   BANK1   BANK2   BANK3   BANK4   BANK5
   385 ;;      Params:         0       0       0       0       0       0       0
   386 ;;      Locals:         1       0       0       0       0       0       0
   387 ;;      Temps:          0       0       0       0       0       0       0
   388 ;;      Totals:         1       0       0       0       0       0       0
   389 ;;Total ram usage:        1 bytes
   390 ;; Hardware stack levels used:    1
   391 ;; This function calls:
   392 ;;		Nothing
   393 ;; This function is called by:
   394 ;;		_USART_String_Transmit
   395 ;; This function uses a non-reentrant model
   396 ;;
   397                           
   398                           	psect	text2
   399  0006FC                     __ptext2:
   400                           	callstack 0
   401  0006FC                     _EUSART_is_tx_ready:
   402                           	callstack 29
   403  0006FC                     
   404                           ;mcc_generated_files/eusart.c: 96:     return (_Bool)(PIR1bits.TX1IF && TXSTAbits.TXEN);
   405  0006FC  0E00               	movlw	0
   406  0006FE  6E07               	movwf	_EUSART_is_tx_ready$253^0,c
   407  000700  A89E               	btfss	158,4,c	;volatile
   408  000702  EF85  F003         	goto	u101
   409  000706  EF87  F003         	goto	u100
   410  00070A                     u101:
   411  00070A  EF90  F003         	goto	l63
   412  00070E                     u100:
   413  00070E  AAAC               	btfss	172,5,c	;volatile
   414  000710  EF8C  F003         	goto	u111
   415  000714  EF8E  F003         	goto	u110
   416  000718                     u111:
   417  000718  EF90  F003         	goto	l63
   418  00071C                     u110:
   419  00071C  0E01               	movlw	1
   420  00071E  6E07               	movwf	_EUSART_is_tx_ready$253^0,c
   421  000720                     l63:
   422  000720  5007               	movf	_EUSART_is_tx_ready$253^0,w,c
   423  000722  0012               	return		;funcret
   424  000724                     __end_of_EUSART_is_tx_ready:
   425                           	callstack 0
   426                           
   427 ;; *************** function _EUSART_is_tx_done *****************
   428 ;; Defined at:
   429 ;;		line 104 in file "mcc_generated_files/eusart.c"
   430 ;; Parameters:    Size  Location     Type
   431 ;;		None
   432 ;; Auto vars:     Size  Location     Type
   433 ;;		None
   434 ;; Return value:  Size  Location     Type
   435 ;;                  1    wreg      _Bool 
   436 ;; Registers used:
   437 ;;		wreg
   438 ;; Tracked objects:
   439 ;;		On entry : 0/0
   440 ;;		On exit  : 0/0
   441 ;;		Unchanged: 0/0
   442 ;; Data sizes:     COMRAM   BANK0   BANK1   BANK2   BANK3   BANK4   BANK5
   443 ;;      Params:         0       0       0       0       0       0       0
   444 ;;      Locals:         0       0       0       0       0       0       0
   445 ;;      Temps:          0       0       0       0       0       0       0
   446 ;;      Totals:         0       0       0       0       0       0       0
   447 ;;Total ram usage:        0 bytes
   448 ;; Hardware stack levels used:    1
   449 ;; This function calls:
   450 ;;		Nothing
   451 ;; This function is called by:
   452 ;;		_USART_String_Transmit
   453 ;; This function uses a non-reentrant model
   454 ;;
   455                           
   456                           	psect	text3
   457  00075E                     __ptext3:
   458                           	callstack 0
   459  00075E                     _EUSART_is_tx_done:
   460                           	callstack 29
   461  00075E                     
   462                           ;mcc_generated_files/eusart.c: 106:     return TXSTAbits.TRMT;
   463  00075E  B2AC               	btfsc	172,1,c	;volatile
   464  000760  EFB4  F003         	goto	u31
   465  000764  EFB7  F003         	goto	u30
   466  000768                     u31:
   467  000768  0E01               	movlw	1
   468  00076A  EFB8  F003         	goto	u36
   469  00076E                     u30:
   470  00076E  0E00               	movlw	0
   471  000770                     u36:
   472  000770  0012               	return		;funcret
   473  000772                     __end_of_EUSART_is_tx_done:
   474                           	callstack 0
   475                           
   476 ;; *************** function _EUSART_Write *****************
   477 ;; Defined at:
   478 ;;		line 132 in file "mcc_generated_files/eusart.c"
   479 ;; Parameters:    Size  Location     Type
   480 ;;  txData          1    wreg     unsigned char 
   481 ;; Auto vars:     Size  Location     Type
   482 ;;  txData          1    0[COMRAM] unsigned char 
   483 ;; Return value:  Size  Location     Type
   484 ;;                  1    wreg      void 
   485 ;; Registers used:
   486 ;;		wreg
   487 ;; Tracked objects:
   488 ;;		On entry : 0/0
   489 ;;		On exit  : 0/0
   490 ;;		Unchanged: 0/0
   491 ;; Data sizes:     COMRAM   BANK0   BANK1   BANK2   BANK3   BANK4   BANK5
   492 ;;      Params:         0       0       0       0       0       0       0
   493 ;;      Locals:         1       0       0       0       0       0       0
   494 ;;      Temps:          0       0       0       0       0       0       0
   495 ;;      Totals:         1       0       0       0       0       0       0
   496 ;;Total ram usage:        1 bytes
   497 ;; Hardware stack levels used:    1
   498 ;; This function calls:
   499 ;;		Nothing
   500 ;; This function is called by:
   501 ;;		_USART_String_Transmit
   502 ;; This function uses a non-reentrant model
   503 ;;
   504                           
   505                           	psect	text4
   506  000748                     __ptext4:
   507                           	callstack 0
   508  000748                     _EUSART_Write:
   509                           	callstack 29
   510                           
   511                           ;incstack = 0
   512                           ;EUSART_Write@txData stored from wreg
   513  000748  6E07               	movwf	EUSART_Write@txData^0,c
   514  00074A                     l83:
   515                           
   516                           ;mcc_generated_files/eusart.c: 134:     while(0 == PIR1bits.TX1IF)
   517  00074A  A89E               	btfss	158,4,c	;volatile
   518  00074C  EFAA  F003         	goto	u41
   519  000750  EFAC  F003         	goto	u40
   520  000754                     u41:
   521  000754  EFA5  F003         	goto	l83
   522  000758                     u40:
   523  000758                     
   524                           ;mcc_generated_files/eusart.c: 138:     TXREG = txData;
   525  000758  C007  FFAD         	movff	EUSART_Write@txData,4013	;volatile
   526  00075C  0012               	return		;funcret
   527  00075E                     __end_of_EUSART_Write:
   528                           	callstack 0
   529                           
   530 ;; *************** function _SYSTEM_Initialize *****************
   531 ;; Defined at:
   532 ;;		line 50 in file "mcc_generated_files/mcc.c"
   533 ;; Parameters:    Size  Location     Type
   534 ;;		None
   535 ;; Auto vars:     Size  Location     Type
   536 ;;		None
   537 ;; Return value:  Size  Location     Type
   538 ;;                  1    wreg      void 
   539 ;; Registers used:
   540 ;;		wreg, status,2, status,0, cstack
   541 ;; Tracked objects:
   542 ;;		On entry : 0/0
   543 ;;		On exit  : 0/0
   544 ;;		Unchanged: 0/0
   545 ;; Data sizes:     COMRAM   BANK0   BANK1   BANK2   BANK3   BANK4   BANK5
   546 ;;      Params:         0       0       0       0       0       0       0
   547 ;;      Locals:         0       0       0       0       0       0       0
   548 ;;      Temps:          0       0       0       0       0       0       0
   549 ;;      Totals:         0       0       0       0       0       0       0
   550 ;;Total ram usage:        0 bytes
   551 ;; Hardware stack levels used:    1
   552 ;; Hardware stack levels required when called:    2
   553 ;; This function calls:
   554 ;;		_EUSART_Initialize
   555 ;;		_OSCILLATOR_Initialize
   556 ;;		_PIN_MANAGER_Initialize
   557 ;; This function is called by:
   558 ;;		_main
   559 ;; This function uses a non-reentrant model
   560 ;;
   561                           
   562                           	psect	text5
   563  000772                     __ptext5:
   564                           	callstack 0
   565  000772                     _SYSTEM_Initialize:
   566                           	callstack 28
   567  000772                     
   568                           ;mcc_generated_files/mcc.c: 53:     PIN_MANAGER_Initialize();
   569  000772  EC66  F003         	call	_PIN_MANAGER_Initialize	;wreg free
   570                           
   571                           ;mcc_generated_files/mcc.c: 54:     OSCILLATOR_Initialize();
   572  000776  ECC6  F003         	call	_OSCILLATOR_Initialize	;wreg free
   573  00077A                     
   574                           ;mcc_generated_files/mcc.c: 55:     EUSART_Initialize();
   575  00077A  EC47  F003         	call	_EUSART_Initialize	;wreg free
   576  00077E  0012               	return		;funcret
   577  000780                     __end_of_SYSTEM_Initialize:
   578                           	callstack 0
   579                           
   580 ;; *************** function _PIN_MANAGER_Initialize *****************
   581 ;; Defined at:
   582 ;;		line 55 in file "mcc_generated_files/pin_manager.c"
   583 ;; Parameters:    Size  Location     Type
   584 ;;		None
   585 ;; Auto vars:     Size  Location     Type
   586 ;;		None
   587 ;; Return value:  Size  Location     Type
   588 ;;                  1    wreg      void 
   589 ;; Registers used:
   590 ;;		wreg, status,2
   591 ;; Tracked objects:
   592 ;;		On entry : 0/0
   593 ;;		On exit  : 0/0
   594 ;;		Unchanged: 0/0
   595 ;; Data sizes:     COMRAM   BANK0   BANK1   BANK2   BANK3   BANK4   BANK5
   596 ;;      Params:         0       0       0       0       0       0       0
   597 ;;      Locals:         0       0       0       0       0       0       0
   598 ;;      Temps:          0       0       0       0       0       0       0
   599 ;;      Totals:         0       0       0       0       0       0       0
   600 ;;Total ram usage:        0 bytes
   601 ;; Hardware stack levels used:    1
   602 ;; This function calls:
   603 ;;		Nothing
   604 ;; This function is called by:
   605 ;;		_SYSTEM_Initialize
   606 ;; This function uses a non-reentrant model
   607 ;;
   608                           
   609                           	psect	text6
   610  0006CC                     __ptext6:
   611                           	callstack 0
   612  0006CC                     _PIN_MANAGER_Initialize:
   613                           	callstack 29
   614  0006CC                     
   615                           ;mcc_generated_files/pin_manager.c: 60:     LATE = 0x00;
   616  0006CC  0E00               	movlw	0
   617  0006CE  6E8D               	movwf	141,c	;volatile
   618                           
   619                           ;mcc_generated_files/pin_manager.c: 61:     LATD = 0x00;
   620  0006D0  0E00               	movlw	0
   621  0006D2  6E8C               	movwf	140,c	;volatile
   622                           
   623                           ;mcc_generated_files/pin_manager.c: 62:     LATA = 0x00;
   624  0006D4  0E00               	movlw	0
   625  0006D6  6E89               	movwf	137,c	;volatile
   626                           
   627                           ;mcc_generated_files/pin_manager.c: 63:     LATB = 0x00;
   628  0006D8  0E00               	movlw	0
   629  0006DA  6E8A               	movwf	138,c	;volatile
   630                           
   631                           ;mcc_generated_files/pin_manager.c: 64:     LATC = 0x00;
   632  0006DC  0E00               	movlw	0
   633  0006DE  6E8B               	movwf	139,c	;volatile
   634                           
   635                           ;mcc_generated_files/pin_manager.c: 69:     TRISE = 0x07;
   636  0006E0  0E07               	movlw	7
   637  0006E2  6E96               	movwf	150,c	;volatile
   638  0006E4                     
   639                           ;mcc_generated_files/pin_manager.c: 70:     TRISA = 0xFF;
   640  0006E4  6892               	setf	146,c	;volatile
   641  0006E6                     
   642                           ;mcc_generated_files/pin_manager.c: 71:     TRISB = 0xFF;
   643  0006E6  6893               	setf	147,c	;volatile
   644                           
   645                           ;mcc_generated_files/pin_manager.c: 72:     TRISC = 0xBF;
   646  0006E8  0EBF               	movlw	191
   647  0006EA  6E94               	movwf	148,c	;volatile
   648  0006EC                     
   649                           ;mcc_generated_files/pin_manager.c: 73:     TRISD = 0xFF;
   650  0006EC  6895               	setf	149,c	;volatile
   651  0006EE                     
   652                           ;mcc_generated_files/pin_manager.c: 78:     ANSEL = 0xFF;
   653  0006EE  687E               	setf	126,c	;volatile
   654                           
   655                           ;mcc_generated_files/pin_manager.c: 79:     ANSELH = 0x1F;
   656  0006F0  0E1F               	movlw	31
   657  0006F2  6E7F               	movwf	127,c	;volatile
   658                           
   659                           ;mcc_generated_files/pin_manager.c: 84:     WPUB = 0x00;
   660  0006F4  0E00               	movlw	0
   661  0006F6  6E7C               	movwf	124,c	;volatile
   662  0006F8                     
   663                           ;mcc_generated_files/pin_manager.c: 85:     INTCON2bits.nRBPU = 1;
   664  0006F8  8EF1               	bsf	241,7,c	;volatile
   665  0006FA  0012               	return		;funcret
   666  0006FC                     __end_of_PIN_MANAGER_Initialize:
   667                           	callstack 0
   668                           
   669 ;; *************** function _OSCILLATOR_Initialize *****************
   670 ;; Defined at:
   671 ;;		line 58 in file "mcc_generated_files/mcc.c"
   672 ;; Parameters:    Size  Location     Type
   673 ;;		None
   674 ;; Auto vars:     Size  Location     Type
   675 ;;		None
   676 ;; Return value:  Size  Location     Type
   677 ;;                  1    wreg      void 
   678 ;; Registers used:
   679 ;;		wreg, status,2
   680 ;; Tracked objects:
   681 ;;		On entry : 0/0
   682 ;;		On exit  : 0/0
   683 ;;		Unchanged: 0/0
   684 ;; Data sizes:     COMRAM   BANK0   BANK1   BANK2   BANK3   BANK4   BANK5
   685 ;;      Params:         0       0       0       0       0       0       0
   686 ;;      Locals:         0       0       0       0       0       0       0
   687 ;;      Temps:          0       0       0       0       0       0       0
   688 ;;      Totals:         0       0       0       0       0       0       0
   689 ;;Total ram usage:        0 bytes
   690 ;; Hardware stack levels used:    1
   691 ;; This function calls:
   692 ;;		Nothing
   693 ;; This function is called by:
   694 ;;		_SYSTEM_Initialize
   695 ;; This function uses a non-reentrant model
   696 ;;
   697                           
   698                           	psect	text7
   699  00078C                     __ptext7:
   700                           	callstack 0
   701  00078C                     _OSCILLATOR_Initialize:
   702                           	callstack 29
   703  00078C                     
   704                           ;mcc_generated_files/mcc.c: 61:     OSCCON = 0x62;
   705  00078C  0E62               	movlw	98
   706  00078E  6ED3               	movwf	211,c	;volatile
   707                           
   708                           ;mcc_generated_files/mcc.c: 63:     OSCTUNE = 0x00;
   709  000790  0E00               	movlw	0
   710  000792  6E9B               	movwf	155,c	;volatile
   711  000794  0012               	return		;funcret
   712  000796                     __end_of_OSCILLATOR_Initialize:
   713                           	callstack 0
   714                           
   715 ;; *************** function _EUSART_Initialize *****************
   716 ;; Defined at:
   717 ;;		line 66 in file "mcc_generated_files/eusart.c"
   718 ;; Parameters:    Size  Location     Type
   719 ;;		None
   720 ;; Auto vars:     Size  Location     Type
   721 ;;		None
   722 ;; Return value:  Size  Location     Type
   723 ;;                  1    wreg      void 
   724 ;; Registers used:
   725 ;;		wreg, status,2, status,0, cstack
   726 ;; Tracked objects:
   727 ;;		On entry : 0/0
   728 ;;		On exit  : 0/0
   729 ;;		Unchanged: 0/0
   730 ;; Data sizes:     COMRAM   BANK0   BANK1   BANK2   BANK3   BANK4   BANK5
   731 ;;      Params:         0       0       0       0       0       0       0
   732 ;;      Locals:         0       0       0       0       0       0       0
   733 ;;      Temps:          0       0       0       0       0       0       0
   734 ;;      Totals:         0       0       0       0       0       0       0
   735 ;;Total ram usage:        0 bytes
   736 ;; Hardware stack levels used:    1
   737 ;; Hardware stack levels required when called:    1
   738 ;; This function calls:
   739 ;;		_EUSART_SetErrorHandler
   740 ;;		_EUSART_SetFramingErrorHandler
   741 ;;		_EUSART_SetOverrunErrorHandler
   742 ;; This function is called by:
   743 ;;		_SYSTEM_Initialize
   744 ;; This function uses a non-reentrant model
   745 ;;
   746                           
   747                           	psect	text8
   748  00068E                     __ptext8:
   749                           	callstack 0
   750  00068E                     _EUSART_Initialize:
   751                           	callstack 28
   752  00068E                     
   753                           ;mcc_generated_files/eusart.c: 71:     BAUDCON = 0x08;
   754  00068E  0E08               	movlw	8
   755  000690  6EB8               	movwf	184,c	;volatile
   756                           
   757                           ;mcc_generated_files/eusart.c: 74:     RCSTA = 0x90;
   758  000692  0E90               	movlw	144
   759  000694  6EAB               	movwf	171,c	;volatile
   760                           
   761                           ;mcc_generated_files/eusart.c: 77:     TXSTA = 0x24;
   762  000696  0E24               	movlw	36
   763  000698  6EAC               	movwf	172,c	;volatile
   764                           
   765                           ;mcc_generated_files/eusart.c: 80:     SPBRG = 0xCF;
   766  00069A  0ECF               	movlw	207
   767  00069C  6EAF               	movwf	175,c	;volatile
   768                           
   769                           ;mcc_generated_files/eusart.c: 83:     SPBRGH = 0x00;
   770  00069E  0E00               	movlw	0
   771  0006A0  6EB0               	movwf	176,c	;volatile
   772  0006A2                     
   773                           ;mcc_generated_files/eusart.c: 86:     EUSART_SetFramingErrorHandler(EUSART_DefaultFrami
      +                          ngErrorHandler);
   774  0006A2  0E00               	movlw	0
   775  0006A4  6E07               	movwf	EUSART_SetFramingErrorHandler@interruptHandler^0,c
   776  0006A6  0E00               	movlw	0
   777  0006A8  6E08               	movwf	(EUSART_SetFramingErrorHandler@interruptHandler+1)^0,c
   778  0006AA  ECD0  F003         	call	_EUSART_SetFramingErrorHandler	;wreg free
   779  0006AE                     
   780                           ;mcc_generated_files/eusart.c: 87:     EUSART_SetOverrunErrorHandler(EUSART_DefaultOverr
      +                          unErrorHandler);
   781  0006AE  0E00               	movlw	0
   782  0006B0  6E07               	movwf	EUSART_SetOverrunErrorHandler@interruptHandler^0,c
   783  0006B2  0E00               	movlw	0
   784  0006B4  6E08               	movwf	(EUSART_SetOverrunErrorHandler@interruptHandler+1)^0,c
   785  0006B6  ECCB  F003         	call	_EUSART_SetOverrunErrorHandler	;wreg free
   786  0006BA                     
   787                           ;mcc_generated_files/eusart.c: 88:     EUSART_SetErrorHandler(EUSART_DefaultErrorHandler
      +                          );
   788  0006BA  0E00               	movlw	0
   789  0006BC  6E07               	movwf	EUSART_SetErrorHandler@interruptHandler^0,c
   790  0006BE  0E00               	movlw	0
   791  0006C0  6E08               	movwf	(EUSART_SetErrorHandler@interruptHandler+1)^0,c
   792  0006C2  ECD5  F003         	call	_EUSART_SetErrorHandler	;wreg free
   793  0006C6                     
   794                           ;mcc_generated_files/eusart.c: 90:     eusartRxLastError.status = 0;
   795  0006C6  0E00               	movlw	0
   796  0006C8  6E0A               	movwf	_eusartRxLastError^0,c	;volatile
   797  0006CA  0012               	return		;funcret
   798  0006CC                     __end_of_EUSART_Initialize:
   799                           	callstack 0
   800                           
   801 ;; *************** function _EUSART_SetOverrunErrorHandler *****************
   802 ;; Defined at:
   803 ;;		line 161 in file "mcc_generated_files/eusart.c"
   804 ;; Parameters:    Size  Location     Type
   805 ;;  interruptHan    2    0[COMRAM] PTR FTN()void 
   806 ;;		 -> EUSART_DefaultOverrunErrorHandler(1), 
   807 ;; Auto vars:     Size  Location     Type
   808 ;;		None
   809 ;; Return value:  Size  Location     Type
   810 ;;                  1    wreg      void 
   811 ;; Registers used:
   812 ;;		wreg, status,2, status,0
   813 ;; Tracked objects:
   814 ;;		On entry : 0/0
   815 ;;		On exit  : 0/0
   816 ;;		Unchanged: 0/0
   817 ;; Data sizes:     COMRAM   BANK0   BANK1   BANK2   BANK3   BANK4   BANK5
   818 ;;      Params:         2       0       0       0       0       0       0
   819 ;;      Locals:         0       0       0       0       0       0       0
   820 ;;      Temps:          0       0       0       0       0       0       0
   821 ;;      Totals:         2       0       0       0       0       0       0
   822 ;;Total ram usage:        2 bytes
   823 ;; Hardware stack levels used:    1
   824 ;; This function calls:
   825 ;;		Nothing
   826 ;; This function is called by:
   827 ;;		_EUSART_Initialize
   828 ;; This function uses a non-reentrant model
   829 ;;
   830                           
   831                           	psect	text9
   832  000796                     __ptext9:
   833                           	callstack 0
   834  000796                     _EUSART_SetOverrunErrorHandler:
   835                           	callstack 28
   836  000796                     
   837                           ;mcc_generated_files/eusart.c: 162:     EUSART_OverrunErrorHandler = interruptHandler;
   838  000796  C007  F003         	movff	EUSART_SetOverrunErrorHandler@interruptHandler,_EUSART_OverrunErrorHandler
   839  00079A  C008  F004         	movff	EUSART_SetOverrunErrorHandler@interruptHandler+1,_EUSART_OverrunErrorHandler+1
   840  00079E  0012               	return		;funcret
   841  0007A0                     __end_of_EUSART_SetOverrunErrorHandler:
   842                           	callstack 0
   843                           
   844 ;; *************** function _EUSART_SetFramingErrorHandler *****************
   845 ;; Defined at:
   846 ;;		line 157 in file "mcc_generated_files/eusart.c"
   847 ;; Parameters:    Size  Location     Type
   848 ;;  interruptHan    2    0[COMRAM] PTR FTN()void 
   849 ;;		 -> EUSART_DefaultFramingErrorHandler(1), 
   850 ;; Auto vars:     Size  Location     Type
   851 ;;		None
   852 ;; Return value:  Size  Location     Type
   853 ;;                  1    wreg      void 
   854 ;; Registers used:
   855 ;;		wreg, status,2, status,0
   856 ;; Tracked objects:
   857 ;;		On entry : 0/0
   858 ;;		On exit  : 0/0
   859 ;;		Unchanged: 0/0
   860 ;; Data sizes:     COMRAM   BANK0   BANK1   BANK2   BANK3   BANK4   BANK5
   861 ;;      Params:         2       0       0       0       0       0       0
   862 ;;      Locals:         0       0       0       0       0       0       0
   863 ;;      Temps:          0       0       0       0       0       0       0
   864 ;;      Totals:         2       0       0       0       0       0       0
   865 ;;Total ram usage:        2 bytes
   866 ;; Hardware stack levels used:    1
   867 ;; This function calls:
   868 ;;		Nothing
   869 ;; This function is called by:
   870 ;;		_EUSART_Initialize
   871 ;; This function uses a non-reentrant model
   872 ;;
   873                           
   874                           	psect	text10
   875  0007A0                     __ptext10:
   876                           	callstack 0
   877  0007A0                     _EUSART_SetFramingErrorHandler:
   878                           	callstack 28
   879  0007A0                     
   880                           ;mcc_generated_files/eusart.c: 158:     EUSART_FramingErrorHandler = interruptHandler;
   881  0007A0  C007  F005         	movff	EUSART_SetFramingErrorHandler@interruptHandler,_EUSART_FramingErrorHandler
   882  0007A4  C008  F006         	movff	EUSART_SetFramingErrorHandler@interruptHandler+1,_EUSART_FramingErrorHandler+1
   883  0007A8  0012               	return		;funcret
   884  0007AA                     __end_of_EUSART_SetFramingErrorHandler:
   885                           	callstack 0
   886                           
   887 ;; *************** function _EUSART_SetErrorHandler *****************
   888 ;; Defined at:
   889 ;;		line 165 in file "mcc_generated_files/eusart.c"
   890 ;; Parameters:    Size  Location     Type
   891 ;;  interruptHan    2    0[COMRAM] PTR FTN()void 
   892 ;;		 -> EUSART_DefaultErrorHandler(1), 
   893 ;; Auto vars:     Size  Location     Type
   894 ;;		None
   895 ;; Return value:  Size  Location     Type
   896 ;;                  1    wreg      void 
   897 ;; Registers used:
   898 ;;		wreg, status,2, status,0
   899 ;; Tracked objects:
   900 ;;		On entry : 0/0
   901 ;;		On exit  : 0/0
   902 ;;		Unchanged: 0/0
   903 ;; Data sizes:     COMRAM   BANK0   BANK1   BANK2   BANK3   BANK4   BANK5
   904 ;;      Params:         2       0       0       0       0       0       0
   905 ;;      Locals:         0       0       0       0       0       0       0
   906 ;;      Temps:          0       0       0       0       0       0       0
   907 ;;      Totals:         2       0       0       0       0       0       0
   908 ;;Total ram usage:        2 bytes
   909 ;; Hardware stack levels used:    1
   910 ;; This function calls:
   911 ;;		Nothing
   912 ;; This function is called by:
   913 ;;		_EUSART_Initialize
   914 ;; This function uses a non-reentrant model
   915 ;;
   916                           
   917                           	psect	text11
   918  0007AA                     __ptext11:
   919                           	callstack 0
   920  0007AA                     _EUSART_SetErrorHandler:
   921                           	callstack 28
   922  0007AA                     
   923                           ;mcc_generated_files/eusart.c: 166:     EUSART_ErrorHandler = interruptHandler;
   924  0007AA  C007  F001         	movff	EUSART_SetErrorHandler@interruptHandler,_EUSART_ErrorHandler
   925  0007AE  C008  F002         	movff	EUSART_SetErrorHandler@interruptHandler+1,_EUSART_ErrorHandler+1
   926  0007B2  0012               	return		;funcret
   927  0007B4                     __end_of_EUSART_SetErrorHandler:
   928                           	callstack 0
   929                           
   930                           	psect	rparam
   931  0000                     
   932                           	psect	idloc
   933                           
   934                           ;Config register IDLOC0 @ 0x200000
   935                           ;	unspecified, using default values
   936  200000                     	org	2097152
   937  200000  FF                 	db	255
   938                           
   939                           ;Config register IDLOC1 @ 0x200001
   940                           ;	unspecified, using default values
   941  200001                     	org	2097153
   942  200001  FF                 	db	255
   943                           
   944                           ;Config register IDLOC2 @ 0x200002
   945                           ;	unspecified, using default values
   946  200002                     	org	2097154
   947  200002  FF                 	db	255
   948                           
   949                           ;Config register IDLOC3 @ 0x200003
   950                           ;	unspecified, using default values
   951  200003                     	org	2097155
   952  200003  FF                 	db	255
   953                           
   954                           ;Config register IDLOC4 @ 0x200004
   955                           ;	unspecified, using default values
   956  200004                     	org	2097156
   957  200004  FF                 	db	255
   958                           
   959                           ;Config register IDLOC5 @ 0x200005
   960                           ;	unspecified, using default values
   961  200005                     	org	2097157
   962  200005  FF                 	db	255
   963                           
   964                           ;Config register IDLOC6 @ 0x200006
   965                           ;	unspecified, using default values
   966  200006                     	org	2097158
   967  200006  FF                 	db	255
   968                           
   969                           ;Config register IDLOC7 @ 0x200007
   970                           ;	unspecified, using default values
   971  200007                     	org	2097159
   972  200007  FF                 	db	255
   973                           
   974                           	psect	config
   975                           
   976                           ; Padding undefined space
   977  300000                     	org	3145728
   978  300000  FF                 	db	255
   979                           
   980                           ;Config register CONFIG1H @ 0x300001
   981                           ;	Oscillator Selection bits
   982                           ;	FOSC = INTIO67, Internal oscillator block, port function on RA6 and RA7
   983                           ;	Fail-Safe Clock Monitor Enable bit
   984                           ;	FCMEN = OFF, Fail-Safe Clock Monitor disabled
   985                           ;	Internal/External Oscillator Switchover bit
   986                           ;	IESO = OFF, Oscillator Switchover mode disabled
   987  300001                     	org	3145729
   988  300001  08                 	db	8
   989                           
   990                           ;Config register CONFIG2L @ 0x300002
   991                           ;	Power-up Timer Enable bit
   992                           ;	PWRT = OFF, PWRT disabled
   993                           ;	Brown-out Reset Enable bits
   994                           ;	BOREN = SBORDIS, Brown-out Reset enabled in hardware only (SBOREN is disabled)
   995                           ;	Brown Out Reset Voltage bits
   996                           ;	BORV = 18, VBOR set to 1.8 V nominal
   997  300002                     	org	3145730
   998  300002  1F                 	db	31
   999                           
  1000                           ;Config register CONFIG2H @ 0x300003
  1001                           ;	Watchdog Timer Enable bit
  1002                           ;	WDTEN = OFF, WDT is controlled by SWDTEN bit of the WDTCON register
  1003                           ;	Watchdog Timer Postscale Select bits
  1004                           ;	WDTPS = 32768, 1:32768
  1005  300003                     	org	3145731
  1006  300003  1E                 	db	30
  1007                           
  1008                           ; Padding undefined space
  1009  300004                     	org	3145732
  1010  300004  FF                 	db	255
  1011                           
  1012                           ;Config register CONFIG3H @ 0x300005
  1013                           ;	CCP2 MUX bit
  1014                           ;	CCP2MX = PORTC, CCP2 input/output is multiplexed with RC1
  1015                           ;	PORTB A/D Enable bit
  1016                           ;	PBADEN = ON, PORTB<4:0> pins are configured as analog input channels on Reset
  1017                           ;	Low-Power Timer1 Oscillator Enable bit
  1018                           ;	LPT1OSC = OFF, Timer1 configured for higher power operation
  1019                           ;	HFINTOSC Fast Start-up
  1020                           ;	HFOFST = ON, HFINTOSC starts clocking the CPU without waiting for the oscillator to st
      +                          ablize.
  1021                           ;	MCLR Pin Enable bit
  1022                           ;	MCLRE = ON, MCLR pin enabled; RE3 input pin disabled
  1023  300005                     	org	3145733
  1024  300005  8B                 	db	139
  1025                           
  1026                           ;Config register CONFIG4L @ 0x300006
  1027                           ;	Stack Full/Underflow Reset Enable bit
  1028                           ;	STVREN = ON, Stack full/underflow will cause Reset
  1029                           ;	Single-Supply ICSP Enable bit
  1030                           ;	LVP = OFF, Single-Supply ICSP disabled
  1031                           ;	Extended Instruction Set Enable bit
  1032                           ;	XINST = OFF, Instruction set extension and Indexed Addressing mode disabled (Legacy mo
      +                          de)
  1033                           ;	Background Debugger Enable bit
  1034                           ;	DEBUG = OFF, Background debugger disabled, RB6 and RB7 configured as general purpose I
      +                          /O pins
  1035  300006                     	org	3145734
  1036  300006  81                 	db	129
  1037                           
  1038                           ; Padding undefined space
  1039  300007                     	org	3145735
  1040  300007  FF                 	db	255
  1041                           
  1042                           ;Config register CONFIG5L @ 0x300008
  1043                           ;	Code Protection Block 0
  1044                           ;	CP0 = OFF, Block 0 (000800-001FFFh) not code-protected
  1045                           ;	Code Protection Block 1
  1046                           ;	CP1 = OFF, Block 1 (002000-003FFFh) not code-protected
  1047                           ;	Code Protection Block 2
  1048                           ;	CP2 = OFF, Block 2 (004000-005FFFh) not code-protected
  1049                           ;	Code Protection Block 3
  1050                           ;	CP3 = OFF, Block 3 (006000-007FFFh) not code-protected
  1051  300008                     	org	3145736
  1052  300008  0F                 	db	15
  1053                           
  1054                           ;Config register CONFIG5H @ 0x300009
  1055                           ;	Boot Block Code Protection bit
  1056                           ;	CPB = OFF, Boot block (000000-0007FFh) not code-protected
  1057                           ;	Data EEPROM Code Protection bit
  1058                           ;	CPD = OFF, Data EEPROM not code-protected
  1059  300009                     	org	3145737
  1060  300009  C0                 	db	192
  1061                           
  1062                           ;Config register CONFIG6L @ 0x30000A
  1063                           ;	Write Protection Block 0
  1064                           ;	WRT0 = OFF, Block 0 (000800-001FFFh) not write-protected
  1065                           ;	Write Protection Block 1
  1066                           ;	WRT1 = OFF, Block 1 (002000-003FFFh) not write-protected
  1067                           ;	Write Protection Block 2
  1068                           ;	WRT2 = OFF, Block 2 (004000-005FFFh) not write-protected
  1069                           ;	Write Protection Block 3
  1070                           ;	WRT3 = OFF, Block 3 (006000-007FFFh) not write-protected
  1071  30000A                     	org	3145738
  1072  30000A  0F                 	db	15
  1073                           
  1074                           ;Config register CONFIG6H @ 0x30000B
  1075                           ;	Configuration Register Write Protection bit
  1076                           ;	WRTC = OFF, Configuration registers (300000-3000FFh) not write-protected
  1077                           ;	Boot Block Write Protection bit
  1078                           ;	WRTB = OFF, Boot Block (000000-0007FFh) not write-protected
  1079                           ;	Data EEPROM Write Protection bit
  1080                           ;	WRTD = OFF, Data EEPROM not write-protected
  1081  30000B                     	org	3145739
  1082  30000B  E0                 	db	224
  1083                           
  1084                           ;Config register CONFIG7L @ 0x30000C
  1085                           ;	Table Read Protection Block 0
  1086                           ;	EBTR0 = OFF, Block 0 (000800-001FFFh) not protected from table reads executed in other
      +                           blocks
  1087                           ;	Table Read Protection Block 1
  1088                           ;	EBTR1 = OFF, Block 1 (002000-003FFFh) not protected from table reads executed in other
      +                           blocks
  1089                           ;	Table Read Protection Block 2
  1090                           ;	EBTR2 = OFF, Block 2 (004000-005FFFh) not protected from table reads executed in other
      +                           blocks
  1091                           ;	Table Read Protection Block 3
  1092                           ;	EBTR3 = OFF, Block 3 (006000-007FFFh) not protected from table reads executed in other
      +                           blocks
  1093  30000C                     	org	3145740
  1094  30000C  0F                 	db	15
  1095                           
  1096                           ;Config register CONFIG7H @ 0x30000D
  1097                           ;	Boot Block Table Read Protection bit
  1098                           ;	EBTRB = OFF, Boot Block (000000-0007FFh) not protected from table reads executed in ot
      +                          her blocks
  1099  30000D                     	org	3145741
  1100  30000D  40                 	db	64
  1101                           tosu	equ	0xFFF
  1102                           tosh	equ	0xFFE
  1103                           tosl	equ	0xFFD
  1104                           stkptr	equ	0xFFC
  1105                           pclatu	equ	0xFFB
  1106                           pclath	equ	0xFFA
  1107                           pcl	equ	0xFF9
  1108                           tblptru	equ	0xFF8
  1109                           tblptrh	equ	0xFF7
  1110                           tblptrl	equ	0xFF6
  1111                           tablat	equ	0xFF5
  1112                           prodh	equ	0xFF4
  1113                           prodl	equ	0xFF3
  1114                           indf0	equ	0xFEF
  1115                           postinc0	equ	0xFEE
  1116                           postdec0	equ	0xFED
  1117                           preinc0	equ	0xFEC
  1118                           plusw0	equ	0xFEB
  1119                           fsr0h	equ	0xFEA
  1120                           fsr0l	equ	0xFE9
  1121                           wreg	equ	0xFE8
  1122                           indf1	equ	0xFE7
  1123                           postinc1	equ	0xFE6
  1124                           postdec1	equ	0xFE5
  1125                           preinc1	equ	0xFE4
  1126                           plusw1	equ	0xFE3
  1127                           fsr1h	equ	0xFE2
  1128                           fsr1l	equ	0xFE1
  1129                           bsr	equ	0xFE0
  1130                           indf2	equ	0xFDF
  1131                           postinc2	equ	0xFDE
  1132                           postdec2	equ	0xFDD
  1133                           preinc2	equ	0xFDC
  1134                           plusw2	equ	0xFDB
  1135                           fsr2h	equ	0xFDA
  1136                           fsr2l	equ	0xFD9
  1137                           status	equ	0xFD8

Data Sizes:
    Strings     45
    Constant    0
    Data        0
    BSS         1
    Persistent  6
    Stack       0

Auto Spaces:
    Space          Size  Autos    Used
    COMRAM           95      3      10
    BANK0           160      0       0
    BANK1           256      0       0
    BANK2           256      0       0
    BANK3           256      0       0
    BANK4           256      0       0
    BANK5           256      0       0

Pointer List with Targets:

    USART_String_Transmit@string	PTR unsigned char  size(2) Largest target is 29
		 -> STR_2(CODE[29]), STR_1(CODE[16]), 

    EUSART_SetErrorHandler@interruptHandler	PTR FTN()void  size(2) Largest target is 1
		 -> EUSART_DefaultErrorHandler(), 

    EUSART_ErrorHandler	PTR FTN()void  size(2) Largest target is 1
		 -> Absolute function(), EUSART_DefaultErrorHandler(), 

    EUSART_SetOverrunErrorHandler@interruptHandler	PTR FTN()void  size(2) Largest target is 1
		 -> EUSART_DefaultOverrunErrorHandler(), 

    EUSART_OverrunErrorHandler	PTR FTN()void  size(2) Largest target is 1
		 -> Absolute function(), EUSART_DefaultOverrunErrorHandler(), 

    EUSART_SetFramingErrorHandler@interruptHandler	PTR FTN()void  size(2) Largest target is 1
		 -> EUSART_DefaultFramingErrorHandler(), 

    EUSART_FramingErrorHandler	PTR FTN()void  size(2) Largest target is 1
		 -> Absolute function(), EUSART_DefaultFramingErrorHandler(), 


Critical Paths under _main in COMRAM

    _main->_USART_String_Transmit
    _USART_String_Transmit->_EUSART_Write
    _USART_String_Transmit->_EUSART_is_tx_ready
    _EUSART_Initialize->_EUSART_SetErrorHandler
    _EUSART_Initialize->_EUSART_SetFramingErrorHandler
    _EUSART_Initialize->_EUSART_SetOverrunErrorHandler

Critical Paths under _main in BANK0

    None.

Critical Paths under _main in BANK1

    None.

Critical Paths under _main in BANK2

    None.

Critical Paths under _main in BANK3

    None.

Critical Paths under _main in BANK4

    None.

Critical Paths under _main in BANK5

    None.

Call Graph Tables:

 ---------------------------------------------------------------------------------
 (Depth) Function   	        Calls       Base Space   Used Autos Params    Refs
 ---------------------------------------------------------------------------------
 (0) _main                                                 0     0      0     530
                  _SYSTEM_Initialize
              _USART_String_Transmit
 ---------------------------------------------------------------------------------
 (1) _USART_String_Transmit                                2     0      2     236
                                              1 COMRAM     2     0      2
                       _EUSART_Write
                  _EUSART_is_tx_done
                 _EUSART_is_tx_ready
 ---------------------------------------------------------------------------------
 (2) _EUSART_is_tx_ready                                   1     1      0      24
                                              0 COMRAM     1     1      0
 ---------------------------------------------------------------------------------
 (2) _EUSART_is_tx_done                                    0     0      0       0
 ---------------------------------------------------------------------------------
 (2) _EUSART_Write                                         1     1      0      15
                                              0 COMRAM     1     1      0
 ---------------------------------------------------------------------------------
 (1) _SYSTEM_Initialize                                    0     0      0     294
                  _EUSART_Initialize
              _OSCILLATOR_Initialize
             _PIN_MANAGER_Initialize
 ---------------------------------------------------------------------------------
 (2) _PIN_MANAGER_Initialize                               0     0      0       0
 ---------------------------------------------------------------------------------
 (2) _OSCILLATOR_Initialize                                0     0      0       0
 ---------------------------------------------------------------------------------
 (2) _EUSART_Initialize                                    0     0      0     294
             _EUSART_SetErrorHandler
      _EUSART_SetFramingErrorHandler
      _EUSART_SetOverrunErrorHandler
 ---------------------------------------------------------------------------------
 (3) _EUSART_SetOverrunErrorHandler                        2     0      2      98
                                              0 COMRAM     2     0      2
 ---------------------------------------------------------------------------------
 (3) _EUSART_SetFramingErrorHandler                        2     0      2      98
                                              0 COMRAM     2     0      2
 ---------------------------------------------------------------------------------
 (3) _EUSART_SetErrorHandler                               2     0      2      98
                                              0 COMRAM     2     0      2
 ---------------------------------------------------------------------------------
 Estimated maximum stack depth 3
 ---------------------------------------------------------------------------------

 Call Graph Graphs:

 _main (ROOT)
   _SYSTEM_Initialize
     _EUSART_Initialize
       _EUSART_SetErrorHandler
       _EUSART_SetFramingErrorHandler
       _EUSART_SetOverrunErrorHandler
     _OSCILLATOR_Initialize
     _PIN_MANAGER_Initialize
   _USART_String_Transmit
     _EUSART_Write
     _EUSART_is_tx_done
     _EUSART_is_tx_ready

 Address spaces:
Name               Size   Autos  Total    Cost      Usage
BIGRAM             5FF      0       0      17        0.0%
EEDATA             100      0       0       0        0.0%
BITBANK5           100      0       0      16        0.0%
BANK5              100      0       0      14        0.0%
BITBANK4           100      0       0      12        0.0%
BANK4              100      0       0      13        0.0%
BITBANK3           100      0       0      10        0.0%
BANK3              100      0       0      11        0.0%
BITBANK2           100      0       0       8        0.0%
BANK2              100      0       0       9        0.0%
BITBANK1           100      0       0       6        0.0%
BANK1              100      0       0       7        0.0%
BITBANK0            A0      0       0       4        0.0%
BANK0               A0      0       0       5        0.0%
BITCOMRAM           5F      0       0       0        0.0%
COMRAM              5F      3       A       1       10.5%
BITSFR               0      0       0     200        0.0%
SFR                  0      0       0     200        0.0%
STACK                0      0       0       2        0.0%
NULL                 0      0       0       0        0.0%
ABS                  0      0       A      15        0.0%
DATA                 0      0       A       3        0.0%
CODE                 0      0       0       0        0.0%


Microchip Technology PIC18 Macro Assembler V2.20 build 20200408173844 
Symbol Table                                                                                   Thu Jan 28 14:44:02 2021

                                           l13 077E                                             l16 0794  
                                           l70 0770                                             l63 0720  
                                           l64 0722                                             l59 06CA  
                                           l83 074A                                             l86 075C  
                                           l98 07A8                                             u30 076E  
                                           u31 0768                                             u40 0758  
                                           u41 0754                                             u36 0770  
                                          l101 079E                                            l104 07B2  
                                          l137 06FA                                            l170 068C  
                                          l155 0740                                            l156 0740  
                                          l940 0796                                            l860 06EE  
                                          l852 06CC                                            l942 07AA  
                                          l950 06BA                                            l862 06F8  
                                          l854 06E4                                            l952 06C6  
                                          l944 068E                                            l864 078C  
                                          l856 06E6                                            l960 071C  
                                          l938 07A0                                            l946 06A2  
                                          l858 06EC                                            l890 074A  
                                          l954 06FC                                            l970 0630  
                                          l948 06AE                                            l964 0772  
                                          l892 0758                                            l956 0700  
                                          l972 0648                                            l980 0724  
                                          l966 077A                                            l886 075E  
                                          l958 070E                                            l974 0658  
                                          l982 0728                                            l976 065C  
                                          l968 0630                                            l984 0734  
                                          l978 0678                                            u100 070E  
                                          u101 070A                                            u110 071C  
                                          u111 0718                                            u120 0644  
                                          u121 0640                                            u130 0678  
                                          u131 0674                                            u140 068C  
                                          u141 0688                 ?_EUSART_SetFramingErrorHandler 0007  
                                         STR_1 061E                                           STR_2 0601  
                                         _LATA 000F89                                           _LATB 000F8A  
                                         _LATC 000F8B                                           _LATD 000F8C  
                                         _LATE 000F8D                                           _WPUB 000F7C  
                                         _main 0724                                           start 0000  
                                 ___param_bank 000000                                  ?_EUSART_Write 0007  
               __size_of_OSCILLATOR_Initialize 000A                  __end_of_OSCILLATOR_Initialize 0796  
                                        ?_main 0007                                          _ANSEL 000F7E  
                                        _RCREG 000FAE                                          _RCSTA 000FAB  
                                        _SPBRG 000FAF                                          _TRISA 000F92  
                                        _TRISB 000F93                                          _TRISC 000F94  
                                        _TRISD 000F95                                          _TRISE 000F96  
                                        _TXREG 000FAD                                          _TXSTA 000FAC  
                       ?_USART_String_Transmit 0008                                          tablat 000FF5  
                                        status 000FD8                                __initialization 0780  
                                 __end_of_main 0748                                 ??_EUSART_Write 0007  
                                       ??_main 000A                                  __activetblptr 000002  
            _EUSART_DefaultFramingErrorHandler 000000                     _EUSART_OverrunErrorHandler 0003  
                                       _ANSELH 000F7F                     __end_of_EUSART_is_tx_ready 0724  
                                       _OSCCON 000FD3                                         _SPBRGH 000FB0  
                                 __mediumconst 0000                                         tblptrh 000FF7  
                                       tblptrl 000FF6                                         tblptru 000FF8  
                            _SYSTEM_Initialize 0772                                     __accesstop 0060  
                      __end_of__initialization 0782                             ?_SYSTEM_Initialize 0007  
                                ___rparam_used 000001                                 __pcstackCOMRAM 0007  
                          ??_SYSTEM_Initialize 0009                ??_EUSART_SetOverrunErrorHandler 0009  
                    __end_of_SYSTEM_Initialize 0780                           __end_of_EUSART_Write 075E  
                                   __pnvCOMRAM 0001                                        _BAUDCON 000FB8  
                      ??_USART_String_Transmit 000A                                        _OSCTUNE 000F9B  
                     ??_EUSART_SetErrorHandler 0009                                        __Hparam 0000  
                                      __Lparam 0000                                   __psmallconst 0600  
                                      __pcinit 0780                                        __ramtop 0600  
                                      __ptext0 0724                                        __ptext1 0630  
                                      __ptext2 06FC                                        __ptext3 075E  
                                      __ptext4 0748                                        __ptext5 0772  
                                      __ptext6 06CC                                        __ptext7 078C  
                                      __ptext8 068E                                        __ptext9 0796  
                        _OSCILLATOR_Initialize 078C                       ??_PIN_MANAGER_Initialize 0007  
                   __size_of_SYSTEM_Initialize 000E                           end_of_initialization 0782  
        __end_of_EUSART_SetOverrunErrorHandler 07A0         __size_of_EUSART_SetOverrunErrorHandler 000A  
                _EUSART_SetOverrunErrorHandler 0796                                  __Lmediumconst 0000  
                            _EUSART_Initialize 068E                             ?_EUSART_Initialize 0007  
                                    _RCSTAbits 000FAB                             _EUSART_is_tx_ready 06FC  
                          ??_EUSART_Initialize 0009                            ?_EUSART_is_tx_ready 0007  
                        __size_of_EUSART_Write 0016                __size_of_EUSART_SetErrorHandler 000A  
                    __end_of_EUSART_Initialize 06CC                           ??_EUSART_is_tx_ready 0007  
                                    _TXSTAbits 000FAC                     _EUSART_DefaultErrorHandler 000000  
                                 _EUSART_Write 0748                         ?_OSCILLATOR_Initialize 0007  
                          start_initialization 0780                __size_of_PIN_MANAGER_Initialize 0030  
                       _EUSART_is_tx_ready$253 0007                 ?_EUSART_SetOverrunErrorHandler 0007  
                   _EUSART_FramingErrorHandler 0005                         _EUSART_SetErrorHandler 07AA  
                                  __pbssCOMRAM 000A                 __size_of_USART_String_Transmit 005E  
                __end_of_USART_String_Transmit 068E                     __size_of_EUSART_Initialize 003E  
                       _PIN_MANAGER_Initialize 06CC                                    __smallconst 0600  
       EUSART_SetErrorHandler@interruptHandler 0007                              _eusartRxLastError 000A  
                                     _PIR1bits 000F9E                ??_EUSART_SetFramingErrorHandler 0009  
                            _EUSART_is_tx_done 075E              _EUSART_DefaultOverrunErrorHandler 000000  
                           ?_EUSART_is_tx_done 0007                            ??_EUSART_is_tx_done 0007  
                                  _INTCON2bits 000FF1                      __end_of_EUSART_is_tx_done 0772  
                                     __Hrparam 0000                                       __Lrparam 0000  
                      ??_OSCILLATOR_Initialize 0007                            _EUSART_ErrorHandler 0001  
                                     __ptext10 07A0                                       __ptext11 07AA  
                                __size_of_main 0024                    __size_of_EUSART_is_tx_ready 0028  
                      ?_EUSART_SetErrorHandler 0007  EUSART_SetOverrunErrorHandler@interruptHandler 0007  
                  USART_String_Transmit@string 0008          __end_of_EUSART_SetFramingErrorHandler 07AA  
       __size_of_EUSART_SetFramingErrorHandler 000A                  _EUSART_SetFramingErrorHandler 07A0  
                                   _INTCONbits 000FF2                        ?_PIN_MANAGER_Initialize 0007  
               __end_of_EUSART_SetErrorHandler 07B4                     __size_of_EUSART_is_tx_done 0014  
EUSART_SetFramingErrorHandler@interruptHandler 0007                          _USART_String_Transmit 0630  
                           EUSART_Write@txData 0007                 __end_of_PIN_MANAGER_Initialize 06FC  
