

Microchip MPLAB XC8 Assembler V2.41 build 20230208172133 
                                                                                               Fri May 05 21:28:54 2023

Microchip MPLAB XC8 C Compiler v2.41 (Free license) build 20230208172133 Og1 
     1                           	processor	18F45K20
     2                           	fnconf	rparam,??,?,0
     3                           	pagewidth 120
     4                           	opt	flic
     5                           	psect	cinit,global,reloc=2,class=CODE,delta=1
     6                           	psect	cstackCOMRAM,global,class=COMRAM,space=1,delta=1,lowdata,noexec
     7                           	psect	text0,global,reloc=2,class=CODE,delta=1
     8                           	psect	text1,global,reloc=2,class=CODE,delta=1
     9                           	psect	text2,global,reloc=2,class=CODE,delta=1
    10                           	psect	text3,global,reloc=2,class=CODE,delta=1
    11                           	psect	intsave_regs,global,class=BIGRAM,space=1,delta=1,noexec
    12                           	psect	rparam,global,class=COMRAM,space=1,delta=1,noexec
    13                           	psect	idloc,global,abs,ovrld,class=IDLOC,space=5,delta=1,noexec
    14                           	psect	config,global,abs,ovrld,class=CONFIG,space=4,delta=1,noexec
    15   000000                     
    16                           ; Generated 06/04/2022 GMT
    17                           ; 
    18                           ; Copyright © 2022, Microchip Technology Inc. and its subsidiaries ("Microchip")
    19                           ; All rights reserved.
    20                           ; 
    21                           ; This software is developed by Microchip Technology Inc. and its subsidiaries ("Microch
      +                          ip").
    22                           ; 
    23                           ; Redistribution and use in source and binary forms, with or without modification, are
    24                           ; permitted provided that the following conditions are met:
    25                           ; 
    26                           ;     1. Redistributions of source code must retain the above copyright notice, this lis
      +                          t of
    27                           ;        conditions and the following disclaimer.
    28                           ; 
    29                           ;     2. Redistributions in binary form must reproduce the above copyright notice, this 
      +                          list
    30                           ;        of conditions and the following disclaimer in the documentation and/or other
    31                           ;        materials provided with the distribution. Publication is not required when
    32                           ;        this file is used in an embedded application.
    33                           ; 
    34                           ;     3. Microchip's name may not be used to endorse or promote products derived from th
      +                          is
    35                           ;        software without specific prior written permission.
    36                           ; 
    37                           ; THIS SOFTWARE IS PROVIDED BY MICROCHIP "AS IS" AND ANY EXPRESS OR IMPLIED WARRANTIES,
    38                           ; INCLUDING, BUT NOT LIMITED TO, THE IMPLIED WARRANTIES OF MERCHANTABILITY AND FITNESS F
      +                          OR
    39                           ; PURPOSE ARE DISCLAIMED.  IN NO EVENT SHALL MICROCHIP BE LIABLE FOR ANY DIRECT, INDIREC
      +                          T,
    40                           ; INCIDENTAL, SPECIAL, EXEMPLARY, OR CONSEQUENTIAL DAMAGES (INCLUDING BUT NOT LIMITED TO
    41                           ; PROCUREMENT OF SUBSTITUTE GOODS OR SERVICES; LOSS OF USE, DATA OR PROFITS; OR BUSINESS
    42                           ; INTERRUPTION) HOWSOEVER CAUSED AND ON ANY THEORY OF LIABILITY, WHETHER IN CONTRACT, ST
      +                          RICT
    43                           ; LIABILITY, OR TORT (INCLUDING NEGLIGENCE OR OTHERWISE) ARISING IN ANY WAY OUT OF THE U
      +                          SE OF
    44                           ; THIS SOFTWARE, EVEN IF ADVISED OF THE POSSIBILITY OF SUCH DAMAGE.
    45                           ; 
    46                           ; 
    47                           ; Code-generator required, PIC18F45K20 Definitions
    48                           ; 
    49                           ; SFR Addresses
    50   000000                     _TRISD	set	3989
    51   000000                     _TRISC	set	3988
    52   000000                     _TRISB	set	3987
    53   000000                     _LATC	set	3979
    54   000000                     _LATB	set	3978
    55   000000                     _LATCbits	set	3979
    56   000000                     _WPUB	set	3964
    57   000000                     _ANSEL	set	3966
    58   000000                     _LATA	set	3977
    59   000000                     _LATD	set	3980
    60   000000                     _LATE	set	3981
    61   000000                     _OSCTUNE	set	3995
    62   000000                     _OSCCON	set	4051
    63   000000                     _INTCON2bits	set	4081
    64   000000                     _TRISA	set	3986
    65   000000                     _TRISE	set	3990
    66   000000                     _PORTAbits	set	3968
    67   000000                     _ANSELH	set	3967
    68   000000                     _INTCONbits	set	4082
    69                           
    70                           ; #config settings
    71                           
    72                           	psect	cinit
    73   007F9C                     __pcinit:
    74                           	callstack 0
    75   007F9C                     start_initialization:
    76                           	callstack 0
    77   007F9C                     __initialization:
    78                           	callstack 0
    79   007F9C                     end_of_initialization:
    80                           	callstack 0
    81   007F9C                     __end_of__initialization:
    82                           	callstack 0
    83   007F9C  0100               	movlb	0
    84   007F9E  EFDB  F03F         	goto	_main	;jump to C main() function
    85                           
    86                           	psect	cstackCOMRAM
    87   000000                     __pcstackCOMRAM:
    88                           	callstack 0
    89   000000                     
    90                           ; 1 bytes @ 0x0
    91 ;;
    92 ;;Main: autosize = 0, tempsize = 0, incstack = 0, save=0
    93 ;;
    94 ;; *************** function _main *****************
    95 ;; Defined at:
    96 ;;		line 14 in file "main.c"
    97 ;; Parameters:    Size  Location     Type
    98 ;;		None
    99 ;; Auto vars:     Size  Location     Type
   100 ;;		None
   101 ;; Return value:  Size  Location     Type
   102 ;;                  1    wreg      void 
   103 ;; Registers used:
   104 ;;		wreg, status,2, cstack
   105 ;; Tracked objects:
   106 ;;		On entry : 0/0
   107 ;;		On exit  : 0/0
   108 ;;		Unchanged: 0/0
   109 ;; Data sizes:     COMRAM   BANK0   BANK1   BANK2   BANK3   BANK4   BANK5
   110 ;;      Params:         0       0       0       0       0       0       0
   111 ;;      Locals:         0       0       0       0       0       0       0
   112 ;;      Temps:          0       0       0       0       0       0       0
   113 ;;      Totals:         0       0       0       0       0       0       0
   114 ;;Total ram usage:        0 bytes
   115 ;; Hardware stack levels required when called: 2
   116 ;; This function calls:
   117 ;;		_SYSTEM_Initialize
   118 ;; This function is called by:
   119 ;;		Startup code after reset
   120 ;; This function uses a non-reentrant model
   121 ;;
   122                           
   123                           	psect	text0
   124   007FB6                     __ptext0:
   125                           	callstack 0
   126   007FB6                     _main:
   127                           	callstack 29
   128   007FB6                     
   129                           ;main.c: 17: SYSTEM_Initialize();
   130   007FB6  ECD6  F03F         	call	_SYSTEM_Initialize	;wreg free
   131   007FBA                     l828:
   132                           
   133                           ;main.c: 20: {;main.c: 21: LATCbits.LATC0=PORTAbits.RA0;
   134   007FBA  A080               	btfss	128,0,c	;volatile
   135   007FBC  D002               	bra	u15
   136   007FBE  808B               	bsf	139,0,c	;volatile
   137   007FC0  D001               	bra	u17
   138   007FC2                     u15:
   139   007FC2  908B               	bcf	139,0,c	;volatile
   140   007FC4                     u17:
   141   007FC4  EFDD  F03F         	goto	l828
   142   007FC8  EF00  F000         	goto	start
   143   007FCC                     __end_of_main:
   144                           	callstack 0
   145                           
   146 ;; *************** function _SYSTEM_Initialize *****************
   147 ;; Defined at:
   148 ;;		line 50 in file "mcc_generated_files/mcc.c"
   149 ;; Parameters:    Size  Location     Type
   150 ;;		None
   151 ;; Auto vars:     Size  Location     Type
   152 ;;		None
   153 ;; Return value:  Size  Location     Type
   154 ;;                  1    wreg      void 
   155 ;; Registers used:
   156 ;;		wreg, status,2, cstack
   157 ;; Tracked objects:
   158 ;;		On entry : 0/0
   159 ;;		On exit  : 0/0
   160 ;;		Unchanged: 0/0
   161 ;; Data sizes:     COMRAM   BANK0   BANK1   BANK2   BANK3   BANK4   BANK5
   162 ;;      Params:         0       0       0       0       0       0       0
   163 ;;      Locals:         0       0       0       0       0       0       0
   164 ;;      Temps:          0       0       0       0       0       0       0
   165 ;;      Totals:         0       0       0       0       0       0       0
   166 ;;Total ram usage:        0 bytes
   167 ;; Hardware stack levels used: 1
   168 ;; Hardware stack levels required when called: 1
   169 ;; This function calls:
   170 ;;		_OSCILLATOR_Initialize
   171 ;;		_PIN_MANAGER_Initialize
   172 ;; This function is called by:
   173 ;;		_main
   174 ;; This function uses a non-reentrant model
   175 ;;
   176                           
   177                           	psect	text1
   178   007FAC                     __ptext1:
   179                           	callstack 0
   180   007FAC                     _SYSTEM_Initialize:
   181                           	callstack 29
   182   007FAC                     
   183                           ;mcc.c: 53: PIN_MANAGER_Initialize();
   184   007FAC  ECE6  F03F         	call	_PIN_MANAGER_Initialize	;wreg free
   185                           
   186                           ;mcc.c: 54: OSCILLATOR_Initialize();
   187   007FB0  ECD1  F03F         	call	_OSCILLATOR_Initialize	;wreg free
   188   007FB4  0012               	return		;funcret
   189   007FB6                     __end_of_SYSTEM_Initialize:
   190                           	callstack 0
   191                           
   192 ;; *************** function _PIN_MANAGER_Initialize *****************
   193 ;; Defined at:
   194 ;;		line 55 in file "mcc_generated_files/pin_manager.c"
   195 ;; Parameters:    Size  Location     Type
   196 ;;		None
   197 ;; Auto vars:     Size  Location     Type
   198 ;;		None
   199 ;; Return value:  Size  Location     Type
   200 ;;                  1    wreg      void 
   201 ;; Registers used:
   202 ;;		wreg, status,2
   203 ;; Tracked objects:
   204 ;;		On entry : 0/0
   205 ;;		On exit  : 0/0
   206 ;;		Unchanged: 0/0
   207 ;; Data sizes:     COMRAM   BANK0   BANK1   BANK2   BANK3   BANK4   BANK5
   208 ;;      Params:         0       0       0       0       0       0       0
   209 ;;      Locals:         0       0       0       0       0       0       0
   210 ;;      Temps:          0       0       0       0       0       0       0
   211 ;;      Totals:         0       0       0       0       0       0       0
   212 ;;Total ram usage:        0 bytes
   213 ;; Hardware stack levels used: 1
   214 ;; This function calls:
   215 ;;		Nothing
   216 ;; This function is called by:
   217 ;;		_SYSTEM_Initialize
   218 ;; This function uses a non-reentrant model
   219 ;;
   220                           
   221                           	psect	text2
   222   007FCC                     __ptext2:
   223                           	callstack 0
   224   007FCC                     _PIN_MANAGER_Initialize:
   225                           	callstack 29
   226   007FCC                     
   227                           ;pin_manager.c: 60: LATE = 0x00;
   228   007FCC  0E00               	movlw	0
   229   007FCE  6E8D               	movwf	141,c	;volatile
   230                           
   231                           ;pin_manager.c: 61: LATD = 0x00;
   232   007FD0  0E00               	movlw	0
   233   007FD2  6E8C               	movwf	140,c	;volatile
   234                           
   235                           ;pin_manager.c: 62: LATA = 0x00;
   236   007FD4  0E00               	movlw	0
   237   007FD6  6E89               	movwf	137,c	;volatile
   238                           
   239                           ;pin_manager.c: 63: LATB = 0x00;
   240   007FD8  0E00               	movlw	0
   241   007FDA  6E8A               	movwf	138,c	;volatile
   242                           
   243                           ;pin_manager.c: 64: LATC = 0x00;
   244   007FDC  0E00               	movlw	0
   245   007FDE  6E8B               	movwf	139,c	;volatile
   246                           
   247                           ;pin_manager.c: 69: TRISE = 0x07;
   248   007FE0  0E07               	movlw	7
   249   007FE2  6E96               	movwf	150,c	;volatile
   250   007FE4                     
   251                           ;pin_manager.c: 70: TRISA = 0xFF;
   252   007FE4  6892               	setf	146,c	;volatile
   253   007FE6                     
   254                           ;pin_manager.c: 71: TRISB = 0xFF;
   255   007FE6  6893               	setf	147,c	;volatile
   256                           
   257                           ;pin_manager.c: 72: TRISC = 0xFE;
   258   007FE8  0EFE               	movlw	254
   259   007FEA  6E94               	movwf	148,c	;volatile
   260                           
   261                           ;pin_manager.c: 73: TRISD = 0x0F;
   262   007FEC  0E0F               	movlw	15
   263   007FEE  6E95               	movwf	149,c	;volatile
   264                           
   265                           ;pin_manager.c: 78: ANSEL = 0xFE;
   266   007FF0  0EFE               	movlw	254
   267   007FF2  6E7E               	movwf	126,c	;volatile
   268                           
   269                           ;pin_manager.c: 79: ANSELH = 0x1F;
   270   007FF4  0E1F               	movlw	31
   271   007FF6  6E7F               	movwf	127,c	;volatile
   272                           
   273                           ;pin_manager.c: 84: WPUB = 0x00;
   274   007FF8  0E00               	movlw	0
   275   007FFA  6E7C               	movwf	124,c	;volatile
   276   007FFC                     
   277                           ;pin_manager.c: 85: INTCON2bits.nRBPU = 1;
   278   007FFC  8EF1               	bsf	241,7,c	;volatile
   279   007FFE  0012               	return		;funcret
   280   008000                     __end_of_PIN_MANAGER_Initialize:
   281                           	callstack 0
   282                           
   283 ;; *************** function _OSCILLATOR_Initialize *****************
   284 ;; Defined at:
   285 ;;		line 57 in file "mcc_generated_files/mcc.c"
   286 ;; Parameters:    Size  Location     Type
   287 ;;		None
   288 ;; Auto vars:     Size  Location     Type
   289 ;;		None
   290 ;; Return value:  Size  Location     Type
   291 ;;                  1    wreg      void 
   292 ;; Registers used:
   293 ;;		wreg, status,2
   294 ;; Tracked objects:
   295 ;;		On entry : 0/0
   296 ;;		On exit  : 0/0
   297 ;;		Unchanged: 0/0
   298 ;; Data sizes:     COMRAM   BANK0   BANK1   BANK2   BANK3   BANK4   BANK5
   299 ;;      Params:         0       0       0       0       0       0       0
   300 ;;      Locals:         0       0       0       0       0       0       0
   301 ;;      Temps:          0       0       0       0       0       0       0
   302 ;;      Totals:         0       0       0       0       0       0       0
   303 ;;Total ram usage:        0 bytes
   304 ;; Hardware stack levels used: 1
   305 ;; This function calls:
   306 ;;		Nothing
   307 ;; This function is called by:
   308 ;;		_SYSTEM_Initialize
   309 ;; This function uses a non-reentrant model
   310 ;;
   311                           
   312                           	psect	text3
   313   007FA2                     __ptext3:
   314                           	callstack 0
   315   007FA2                     _OSCILLATOR_Initialize:
   316                           	callstack 29
   317   007FA2                     
   318                           ;mcc.c: 60: OSCCON = 0x60;
   319   007FA2  0E60               	movlw	96
   320   007FA4  6ED3               	movwf	211,c	;volatile
   321                           
   322                           ;mcc.c: 62: OSCTUNE = 0x00;
   323   007FA6  0E00               	movlw	0
   324   007FA8  6E9B               	movwf	155,c	;volatile
   325   007FAA  0012               	return		;funcret
   326   007FAC                     __end_of_OSCILLATOR_Initialize:
   327                           	callstack 0
   328   000000                     
   329                           	psect	rparam
   330   000000                     
   331                           	psect	idloc
   332                           
   333                           ;Config register IDLOC0 @ 0x200000
   334                           ;	unspecified, using default values
   335   200000                     	org	2097152
   336   200000  FF                 	db	255
   337                           
   338                           ;Config register IDLOC1 @ 0x200001
   339                           ;	unspecified, using default values
   340   200001                     	org	2097153
   341   200001  FF                 	db	255
   342                           
   343                           ;Config register IDLOC2 @ 0x200002
   344                           ;	unspecified, using default values
   345   200002                     	org	2097154
   346   200002  FF                 	db	255
   347                           
   348                           ;Config register IDLOC3 @ 0x200003
   349                           ;	unspecified, using default values
   350   200003                     	org	2097155
   351   200003  FF                 	db	255
   352                           
   353                           ;Config register IDLOC4 @ 0x200004
   354                           ;	unspecified, using default values
   355   200004                     	org	2097156
   356   200004  FF                 	db	255
   357                           
   358                           ;Config register IDLOC5 @ 0x200005
   359                           ;	unspecified, using default values
   360   200005                     	org	2097157
   361   200005  FF                 	db	255
   362                           
   363                           ;Config register IDLOC6 @ 0x200006
   364                           ;	unspecified, using default values
   365   200006                     	org	2097158
   366   200006  FF                 	db	255
   367                           
   368                           ;Config register IDLOC7 @ 0x200007
   369                           ;	unspecified, using default values
   370   200007                     	org	2097159
   371   200007  FF                 	db	255
   372                           
   373                           	psect	config
   374                           
   375                           ; Padding undefined space
   376   300000                     	org	3145728
   377   300000  FF                 	db	255
   378                           
   379                           ;Config register CONFIG1H @ 0x300001
   380                           ;	Oscillator Selection bits
   381                           ;	FOSC = HS, HS oscillator
   382                           ;	Fail-Safe Clock Monitor Enable bit
   383                           ;	FCMEN = OFF, Fail-Safe Clock Monitor disabled
   384                           ;	Internal/External Oscillator Switchover bit
   385                           ;	IESO = OFF, Oscillator Switchover mode disabled
   386   300001                     	org	3145729
   387   300001  02                 	db	2
   388                           
   389                           ;Config register CONFIG2L @ 0x300002
   390                           ;	Power-up Timer Enable bit
   391                           ;	PWRT = OFF, PWRT disabled
   392                           ;	Brown-out Reset Enable bits
   393                           ;	BOREN = SBORDIS, Brown-out Reset enabled in hardware only (SBOREN is disabled)
   394                           ;	Brown Out Reset Voltage bits
   395                           ;	BORV = 18, VBOR set to 1.8 V nominal
   396   300002                     	org	3145730
   397   300002  1F                 	db	31
   398                           
   399                           ;Config register CONFIG2H @ 0x300003
   400                           ;	Watchdog Timer Enable bit
   401                           ;	WDTEN = OFF, WDT is controlled by SWDTEN bit of the WDTCON register
   402                           ;	Watchdog Timer Postscale Select bits
   403                           ;	WDTPS = 32768, 1:32768
   404   300003                     	org	3145731
   405   300003  1E                 	db	30
   406                           
   407                           ; Padding undefined space
   408   300004                     	org	3145732
   409   300004  FF                 	db	255
   410                           
   411                           ;Config register CONFIG3H @ 0x300005
   412                           ;	CCP2 MUX bit
   413                           ;	CCP2MX = PORTC, CCP2 input/output is multiplexed with RC1
   414                           ;	PORTB A/D Enable bit
   415                           ;	PBADEN = ON, PORTB<4:0> pins are configured as analog input channels on Reset
   416                           ;	Low-Power Timer1 Oscillator Enable bit
   417                           ;	LPT1OSC = OFF, Timer1 configured for higher power operation
   418                           ;	HFINTOSC Fast Start-up
   419                           ;	HFOFST = ON, HFINTOSC starts clocking the CPU without waiting for the oscillator to st
      +                          ablize.
   420                           ;	MCLR Pin Enable bit
   421                           ;	MCLRE = ON, MCLR pin enabled; RE3 input pin disabled
   422   300005                     	org	3145733
   423   300005  8B                 	db	139
   424                           
   425                           ;Config register CONFIG4L @ 0x300006
   426                           ;	Stack Full/Underflow Reset Enable bit
   427                           ;	STVREN = ON, Stack full/underflow will cause Reset
   428                           ;	Single-Supply ICSP Enable bit
   429                           ;	LVP = OFF, Single-Supply ICSP disabled
   430                           ;	Extended Instruction Set Enable bit
   431                           ;	XINST = OFF, Instruction set extension and Indexed Addressing mode disabled (Legacy mo
      +                          de)
   432                           ;	Background Debugger Enable bit
   433                           ;	DEBUG = OFF, Background debugger disabled, RB6 and RB7 configured as general purpose I
      +                          /O pins
   434   300006                     	org	3145734
   435   300006  81                 	db	129
   436                           
   437                           ; Padding undefined space
   438   300007                     	org	3145735
   439   300007  FF                 	db	255
   440                           
   441                           ;Config register CONFIG5L @ 0x300008
   442                           ;	Code Protection Block 0
   443                           ;	CP0 = OFF, Block 0 (000800-001FFFh) not code-protected
   444                           ;	Code Protection Block 1
   445                           ;	CP1 = OFF, Block 1 (002000-003FFFh) not code-protected
   446                           ;	Code Protection Block 2
   447                           ;	CP2 = OFF, Block 2 (004000-005FFFh) not code-protected
   448                           ;	Code Protection Block 3
   449                           ;	CP3 = OFF, Block 3 (006000-007FFFh) not code-protected
   450   300008                     	org	3145736
   451   300008  0F                 	db	15
   452                           
   453                           ;Config register CONFIG5H @ 0x300009
   454                           ;	Boot Block Code Protection bit
   455                           ;	CPB = OFF, Boot block (000000-0007FFh) not code-protected
   456                           ;	Data EEPROM Code Protection bit
   457                           ;	CPD = OFF, Data EEPROM not code-protected
   458   300009                     	org	3145737
   459   300009  C0                 	db	192
   460                           
   461                           ;Config register CONFIG6L @ 0x30000A
   462                           ;	Write Protection Block 0
   463                           ;	WRT0 = OFF, Block 0 (000800-001FFFh) not write-protected
   464                           ;	Write Protection Block 1
   465                           ;	WRT1 = OFF, Block 1 (002000-003FFFh) not write-protected
   466                           ;	Write Protection Block 2
   467                           ;	WRT2 = OFF, Block 2 (004000-005FFFh) not write-protected
   468                           ;	Write Protection Block 3
   469                           ;	WRT3 = OFF, Block 3 (006000-007FFFh) not write-protected
   470   30000A                     	org	3145738
   471   30000A  0F                 	db	15
   472                           
   473                           ;Config register CONFIG6H @ 0x30000B
   474                           ;	Configuration Register Write Protection bit
   475                           ;	WRTC = OFF, Configuration registers (300000-3000FFh) not write-protected
   476                           ;	Boot Block Write Protection bit
   477                           ;	WRTB = OFF, Boot Block (000000-0007FFh) not write-protected
   478                           ;	Data EEPROM Write Protection bit
   479                           ;	WRTD = OFF, Data EEPROM not write-protected
   480   30000B                     	org	3145739
   481   30000B  E0                 	db	224
   482                           
   483                           ;Config register CONFIG7L @ 0x30000C
   484                           ;	Table Read Protection Block 0
   485                           ;	EBTR0 = OFF, Block 0 (000800-001FFFh) not protected from table reads executed in other
      +                           blocks
   486                           ;	Table Read Protection Block 1
   487                           ;	EBTR1 = OFF, Block 1 (002000-003FFFh) not protected from table reads executed in other
      +                           blocks
   488                           ;	Table Read Protection Block 2
   489                           ;	EBTR2 = OFF, Block 2 (004000-005FFFh) not protected from table reads executed in other
      +                           blocks
   490                           ;	Table Read Protection Block 3
   491                           ;	EBTR3 = OFF, Block 3 (006000-007FFFh) not protected from table reads executed in other
      +                           blocks
   492   30000C                     	org	3145740
   493   30000C  0F                 	db	15
   494                           
   495                           ;Config register CONFIG7H @ 0x30000D
   496                           ;	Boot Block Table Read Protection bit
   497                           ;	EBTRB = OFF, Boot Block (000000-0007FFh) not protected from table reads executed in ot
      +                          her blocks
   498   30000D                     	org	3145741
   499   30000D  40                 	db	64
   500                           tosu	equ	0xFFF
   501                           tosh	equ	0xFFE
   502                           tosl	equ	0xFFD
   503                           stkptr	equ	0xFFC
   504                           pclatu	equ	0xFFB
   505                           pclath	equ	0xFFA
   506                           pcl	equ	0xFF9
   507                           tblptru	equ	0xFF8
   508                           tblptrh	equ	0xFF7
   509                           tblptrl	equ	0xFF6
   510                           tablat	equ	0xFF5
   511                           prodh	equ	0xFF4
   512                           prodl	equ	0xFF3
   513                           indf0	equ	0xFEF
   514                           postinc0	equ	0xFEE
   515                           postdec0	equ	0xFED
   516                           preinc0	equ	0xFEC
   517                           plusw0	equ	0xFEB
   518                           fsr0h	equ	0xFEA
   519                           fsr0l	equ	0xFE9
   520                           wreg	equ	0xFE8
   521                           indf1	equ	0xFE7
   522                           postinc1	equ	0xFE6
   523                           postdec1	equ	0xFE5
   524                           preinc1	equ	0xFE4
   525                           plusw1	equ	0xFE3
   526                           fsr1h	equ	0xFE2
   527                           fsr1l	equ	0xFE1
   528                           bsr	equ	0xFE0
   529                           indf2	equ	0xFDF
   530                           postinc2	equ	0xFDE
   531                           postdec2	equ	0xFDD
   532                           preinc2	equ	0xFDC
   533                           plusw2	equ	0xFDB
   534                           fsr2h	equ	0xFDA
   535                           fsr2l	equ	0xFD9
   536                           status	equ	0xFD8

Data Sizes:
    Strings     0
    Constant    0
    Data        0
    BSS         0
    Persistent  0
    Stack       0

Auto Spaces:
    Space          Size  Autos    Used
    COMRAM           95      0       0
    BANK0           160      0       0
    BANK1           256      0       0
    BANK2           256      0       0
    BANK3           256      0       0
    BANK4           256      0       0
    BANK5           256      0       0

Pointer List with Targets:

    None.

Critical Paths under _main in COMRAM

    None.

Critical Paths under _main in BANK0

    None.

Critical Paths under _main in BANK1

    None.

Critical Paths under _main in BANK2

    None.

Critical Paths under _main in BANK3

    None.

Critical Paths under _main in BANK4

    None.

Critical Paths under _main in BANK5

    None.

Call Graph Tables:

 ---------------------------------------------------------------------------------
 (Depth) Function   	        Calls       Base Space   Used Autos Params    Refs
 ---------------------------------------------------------------------------------
 (0) _main                                                 0     0      0       0
                  _SYSTEM_Initialize
 ---------------------------------------------------------------------------------
 (1) _SYSTEM_Initialize                                    0     0      0       0
              _OSCILLATOR_Initialize
             _PIN_MANAGER_Initialize
 ---------------------------------------------------------------------------------
 (2) _PIN_MANAGER_Initialize                               0     0      0       0
 ---------------------------------------------------------------------------------
 (2) _OSCILLATOR_Initialize                                0     0      0       0
 ---------------------------------------------------------------------------------
 Estimated maximum stack depth 2
 ---------------------------------------------------------------------------------

 Call Graph Graphs:

 _main (ROOT)
   _SYSTEM_Initialize
     _OSCILLATOR_Initialize
     _PIN_MANAGER_Initialize

 Address spaces:
Name               Size   Autos  Total    Cost      Usage
BITCOMRAM           5F      0       0       0        0.0%
EEDATA             100      0       0       0        0.0%
NULL                 0      0       0       0        0.0%
CODE                 0      0       0       0        0.0%
COMRAM              5F      0       0       1        0.0%
STACK                0      0       0       2        0.0%
DATA                 0      0       0       3        0.0%
BITBANK0            A0      0       0       4        0.0%
BANK0               A0      0       0       5        0.0%
BITBANK1           100      0       0       6        0.0%
BANK1              100      0       0       7        0.0%
BITBANK2           100      0       0       8        0.0%
BANK2              100      0       0       9        0.0%
BITBANK3           100      0       0      10        0.0%
BANK3              100      0       0      11        0.0%
BITBANK4           100      0       0      12        0.0%
BANK4              100      0       0      13        0.0%
BITBANK5           100      0       0      14        0.0%
BANK5              100      0       0      15        0.0%
BITBIGSFRhh          D      0       0      16        0.0%
BITBIGSFRhl         1D      0       0      17        0.0%
BITBIGSFRlh         37      0       0      18        0.0%
BITBIGSFRllhh        4      0       0      19        0.0%
BITBIGSFRllhll       4      0       0      20        0.0%
BITBIGSFRllllh       8      0       0      21        0.0%
BITBIGSFRlllllh      1      0       0      22        0.0%
BITBIGSFRllllll     1C      0       0      23        0.0%
ABS                  0      0       0      24        0.0%
BIGRAM             5FF      0       0      25        0.0%
BIGSFR               0      0       0     200        0.0%
BITSFR               0      0       0     200        0.0%
SFR                  0      0       0     200        0.0%


Microchip Technology PIC18 Macro Assembler V2.41 build 20230208172133 
Symbol Table                                                                                   Fri May 05 21:28:54 2023

                            l11 7FB4                              l14 7FAA                              l47 7FFE  
                            u15 7FC2                              u17 7FC4                             l820 7FA2  
                           l812 7FCC                             l814 7FE4                             l822 7FAC  
                           l816 7FE6                             l818 7FFC                             l826 7FB6  
                           l828 7FBA                            _LATA 0F89                            _LATB 0F8A  
                          _LATC 0F8B                            _LATD 0F8C                            _LATE 0F8D  
                          _WPUB 0F7C                            _main 7FB6                            start 0000  
                  ___param_bank 0000   __end_of_OSCILLATOR_Initialize 7FAC                           ?_main 0000  
                         _ANSEL 0F7E                           _TRISA 0F92                           _TRISB 0F93  
                         _TRISC 0F94                           _TRISD 0F95                           _TRISE 0F96  
               __initialization 7F9C                    __end_of_main 7FCC                          ??_main 0000  
                 __activetblptr 0000                          _ANSELH 0F7F                          _OSCCON 0FD3  
                        isa$std 0001               _SYSTEM_Initialize 7FAC                      __accesstop 0060  
       __end_of__initialization 7F9C              ?_SYSTEM_Initialize 0000                   ___rparam_used 0001  
                __pcstackCOMRAM 0000             ??_SYSTEM_Initialize 0000       __end_of_SYSTEM_Initialize 7FB6  
                       _OSCTUNE 0F9B                         __Hparam 0000                         __Lparam 0000  
                       __pcinit 7F9C                         __ramtop 0600                         __ptext0 7FB6  
                       __ptext1 7FAC                         __ptext2 7FCC                         __ptext3 7FA2  
         _OSCILLATOR_Initialize 7FA2        ??_PIN_MANAGER_Initialize 0000            end_of_initialization 7F9C  
                     _PORTAbits 0F80          ?_OSCILLATOR_Initialize 0000             start_initialization 7F9C  
        _PIN_MANAGER_Initialize 7FCC                        _LATCbits 0F8B                     _INTCON2bits 0FF1  
                      __Hrparam 0000                        __Lrparam 0000         ??_OSCILLATOR_Initialize 0000  
                      isa$xinst 0000                      _INTCONbits 0FF2         ?_PIN_MANAGER_Initialize 0000  
__end_of_PIN_MANAGER_Initialize 8000  
