

Microchip MPLAB XC8 Assembler V2.36 build 20220127204148 
                                                                                               Sun Jan 01 21:28:14 2023

Microchip MPLAB XC8 C Compiler v2.36 (Free license) build 20220127204148 Og1 
     1                           	processor	18F45K20
     2                           	fnconf	rparam,??,?,0
     3                           	pagewidth 120
     4                           	opt	flic
     5                           	psect	smallconst,global,reloc=2,class=SMALLCONST,delta=1,noexec
     6                           	psect	cinit,global,reloc=2,class=CODE,delta=1
     7                           	psect	cstackCOMRAM,global,class=COMRAM,space=1,delta=1,lowdata,noexec
     8                           	psect	text0,global,reloc=2,class=CODE,delta=1
     9                           	psect	text1,global,reloc=2,class=CODE,delta=1
    10                           	psect	text2,global,reloc=2,class=CODE,delta=1
    11                           	psect	text3,global,reloc=2,class=CODE,delta=1
    12                           	psect	text4,global,reloc=2,class=CODE,delta=1
    13                           	psect	text5,global,reloc=2,class=CODE,delta=1
    14                           	psect	text6,global,reloc=2,class=CODE,delta=1
    15                           	psect	text7,global,reloc=2,class=CODE,delta=1
    16                           	psect	intsave_regs,global,class=BIGRAM,space=1,delta=1,noexec
    17                           	psect	rparam,global,class=COMRAM,space=1,delta=1,noexec
    18                           	psect	idloc,global,abs,ovrld,class=IDLOC,space=5,delta=1,noexec
    19                           	psect	config,global,abs,ovrld,class=CONFIG,space=4,delta=1,noexec
    20  0000                     
    21                           ; Version 2.40
    22                           ; Generated 17/11/2021 GMT
    23                           ; 
    24                           ; Copyright © 2021, Microchip Technology Inc. and its subsidiaries ("Microchip")
    25                           ; All rights reserved.
    26                           ; 
    27                           ; This software is developed by Microchip Technology Inc. and its subsidiaries ("Microch
      +                          ip").
    28                           ; 
    29                           ; Redistribution and use in source and binary forms, with or without modification, are
    30                           ; permitted provided that the following conditions are met:
    31                           ; 
    32                           ;     1. Redistributions of source code must retain the above copyright notice, this lis
      +                          t of
    33                           ;        conditions and the following disclaimer.
    34                           ; 
    35                           ;     2. Redistributions in binary form must reproduce the above copyright notice, this 
      +                          list
    36                           ;        of conditions and the following disclaimer in the documentation and/or other
    37                           ;        materials provided with the distribution. Publication is not required when
    38                           ;        this file is used in an embedded application.
    39                           ; 
    40                           ;     3. Microchip's name may not be used to endorse or promote products derived from th
      +                          is
    41                           ;        software without specific prior written permission.
    42                           ; 
    43                           ; THIS SOFTWARE IS PROVIDED BY MICROCHIP "AS IS" AND ANY EXPRESS OR IMPLIED WARRANTIES,
    44                           ; INCLUDING, BUT NOT LIMITED TO, THE IMPLIED WARRANTIES OF MERCHANTABILITY AND FITNESS F
      +                          OR
    45                           ; PURPOSE ARE DISCLAIMED.  IN NO EVENT SHALL MICROCHIP BE LIABLE FOR ANY DIRECT, INDIREC
      +                          T,
    46                           ; INCIDENTAL, SPECIAL, EXEMPLARY, OR CONSEQUENTIAL DAMAGES (INCLUDING BUT NOT LIMITED TO
    47                           ; PROCUREMENT OF SUBSTITUTE GOODS OR SERVICES; LOSS OF USE, DATA OR PROFITS; OR BUSINESS
    48                           ; INTERRUPTION) HOWSOEVER CAUSED AND ON ANY THEORY OF LIABILITY, WHETHER IN CONTRACT, ST
      +                          RICT
    49                           ; LIABILITY, OR TORT (INCLUDING NEGLIGENCE OR OTHERWISE) ARISING IN ANY WAY OUT OF THE U
      +                          SE OF
    50                           ; THIS SOFTWARE, EVEN IF ADVISED OF THE POSSIBILITY OF SUCH DAMAGE.
    51                           ; 
    52                           ; 
    53                           ; Code-generator required, PIC18F45K20 Definitions
    54                           ; 
    55                           ; SFR Addresses
    56  0000                     _TRISD	set	3989
    57  0000                     _TRISC	set	3988
    58  0000                     _TRISB	set	3987
    59  0000                     _LATC	set	3979
    60  0000                     _LATB	set	3978
    61  0000                     _LATB1	set	31825
    62  0000                     _LATB0	set	31824
    63  0000                     _WPUB	set	3964
    64  0000                     _ANSEL	set	3966
    65  0000                     _LATA	set	3977
    66  0000                     _LATD	set	3980
    67  0000                     _LATE	set	3981
    68  0000                     _OSCTUNE	set	3995
    69  0000                     _OSCCON	set	4051
    70  0000                     _INTCON2bits	set	4081
    71  0000                     _TRISA	set	3986
    72  0000                     _TRISE	set	3990
    73  0000                     _ANSELH	set	3967
    74  0000                     _INTCONbits	set	4082
    75                           
    76                           	psect	smallconst
    77  000600                     __psmallconst:
    78                           	callstack 0
    79  000600  00                 	db	0
    80  000601                     STR_3:
    81  000601  34                 	db	52	;'4'
    82  000602  2D                 	db	45
    83  000603  42                 	db	66	;'B'
    84  000604  49                 	db	73	;'I'
    85  000605  54                 	db	84	;'T'
    86  000606  20                 	db	32
    87  000607  4D                 	db	77	;'M'
    88  000608  6F                 	db	111	;'o'
    89  000609  64                 	db	100	;'d'
    90  00060A  65                 	db	101	;'e'
    91  00060B  20                 	db	32
    92  00060C  00                 	db	0
    93  00060D                     STR_2:
    94  00060D  49                 	db	73	;'I'
    95  00060E  27                 	db	39
    96  00060F  6D                 	db	109	;'m'
    97  000610  20                 	db	32
    98  000611  69                 	db	105	;'i'
    99  000612  6E                 	db	110	;'n'
   100  000613  20                 	db	32
   101  000614  00                 	db	0
   102  000615                     STR_1:
   103  000615  48                 	db	72	;'H'
   104  000616  65                 	db	101	;'e'
   105  000617  6C                 	db	108	;'l'
   106  000618  6C                 	db	108	;'l'
   107  000619  6F                 	db	111	;'o'
   108  00061A  00                 	db	0
   109  00061B  00                 	db	0	; dummy byte at the end
   110  0000                     
   111                           ; #config settings
   112                           
   113                           	psect	cinit
   114  00080A                     __pcinit:
   115                           	callstack 0
   116  00080A                     start_initialization:
   117                           	callstack 0
   118  00080A                     __initialization:
   119                           	callstack 0
   120  00080A                     end_of_initialization:
   121                           	callstack 0
   122  00080A                     __end_of__initialization:
   123                           	callstack 0
   124  00080A  0E00               	movlw	low (__Lmediumconst shr (0+16))
   125  00080C  6EF8               	movwf	tblptru,c
   126  00080E  0100               	movlb	0
   127  000810  EFB2  F003         	goto	_main	;jump to C main() function
   128                           
   129                           	psect	cstackCOMRAM
   130  000001                     __pcstackCOMRAM:
   131                           	callstack 0
   132  000001                     ??_LCD_Command:
   133  000001                     ??_LCD_Write_Data:
   134                           
   135                           ; 1 bytes @ 0x0
   136  000001                     	ds	1
   137  000002                     LCD_Command@cmd:
   138                           	callstack 0
   139  000002                     LCD_Write_Data@dat:
   140                           	callstack 0
   141                           
   142                           ; 1 bytes @ 0x1
   143  000002                     	ds	1
   144  000003                     ??_Configure_LCD:
   145  000003                     LCD_Write_Message@pos:
   146                           	callstack 0
   147                           
   148                           ; 1 bytes @ 0x2
   149  000003                     	ds	1
   150  000004                     LCD_Write_Message@msg:
   151                           	callstack 0
   152                           
   153                           ; 2 bytes @ 0x3
   154  000004                     	ds	2
   155  000006                     ??_LCD_Write_Message:
   156                           
   157                           ; 1 bytes @ 0x5
   158  000006                     	ds	2
   159  000008                     LCD_Write_Message@row:
   160                           	callstack 0
   161                           
   162                           ; 1 bytes @ 0x7
   163  000008                     	ds	1
   164  000009                     LCD_Write_Message@location:
   165                           	callstack 0
   166                           
   167                           ; 1 bytes @ 0x8
   168  000009                     	ds	1
   169  00000A                     
   170                           ; 1 bytes @ 0x9
   171 ;;
   172 ;;Main: autosize = 0, tempsize = 0, incstack = 0, save=0
   173 ;;
   174 ;; *************** function _main *****************
   175 ;; Defined at:
   176 ;;		line 14 in file "main.c"
   177 ;; Parameters:    Size  Location     Type
   178 ;;		None
   179 ;; Auto vars:     Size  Location     Type
   180 ;;		None
   181 ;; Return value:  Size  Location     Type
   182 ;;                  1    wreg      void 
   183 ;; Registers used:
   184 ;;		wreg, status,2, status,0, tblptrl, tblptrh, tblptru, cstack
   185 ;; Tracked objects:
   186 ;;		On entry : 0/0
   187 ;;		On exit  : 0/0
   188 ;;		Unchanged: 0/0
   189 ;; Data sizes:     COMRAM   BANK0   BANK1   BANK2   BANK3   BANK4   BANK5
   190 ;;      Params:         0       0       0       0       0       0       0
   191 ;;      Locals:         0       0       0       0       0       0       0
   192 ;;      Temps:          0       0       0       0       0       0       0
   193 ;;      Totals:         0       0       0       0       0       0       0
   194 ;;Total ram usage:        0 bytes
   195 ;; Hardware stack levels required when called: 2
   196 ;; This function calls:
   197 ;;		_Configure_LCD
   198 ;;		_LCD_Write_Message
   199 ;;		_SYSTEM_Initialize
   200 ;; This function is called by:
   201 ;;		Startup code after reset
   202 ;; This function uses a non-reentrant model
   203 ;;
   204                           
   205                           	psect	text0
   206  000764                     __ptext0:
   207                           	callstack 0
   208  000764                     _main:
   209                           	callstack 29
   210  000764                     
   211                           ;main.c: 17:     SYSTEM_Initialize();
   212  000764  EC0A  F004         	call	_SYSTEM_Initialize	;wreg free
   213  000768                     
   214                           ;main.c: 19:     Configure_LCD();
   215  000768  ECD5  F003         	call	_Configure_LCD	;wreg free
   216  00076C                     
   217                           ;main.c: 20:     LCD_Write_Message(1,6,"Hello");
   218  00076C  0E06               	movlw	6
   219  00076E  6E03               	movwf	LCD_Write_Message@pos^0,c
   220  000770  0E15               	movlw	low STR_1
   221  000772  6E04               	movwf	LCD_Write_Message@msg^0,c
   222  000774  0E06               	movlw	high STR_1
   223  000776  6E05               	movwf	(LCD_Write_Message@msg+1)^0,c
   224  000778  0E01               	movlw	1
   225  00077A  EC0E  F003         	call	_LCD_Write_Message
   226  00077E                     
   227                           ;main.c: 21:     LCD_Write_Message(2,5,"I'm in ");
   228  00077E  0E05               	movlw	5
   229  000780  6E03               	movwf	LCD_Write_Message@pos^0,c
   230  000782  0E0D               	movlw	low STR_2
   231  000784  6E04               	movwf	LCD_Write_Message@msg^0,c
   232  000786  0E06               	movlw	high STR_2
   233  000788  6E05               	movwf	(LCD_Write_Message@msg+1)^0,c
   234  00078A  0E02               	movlw	2
   235  00078C  EC0E  F003         	call	_LCD_Write_Message
   236  000790                     
   237                           ;main.c: 22:     LCD_Write_Message(3,3,"4-BIT Mode ");
   238  000790  0E03               	movlw	3
   239  000792  6E03               	movwf	LCD_Write_Message@pos^0,c
   240  000794  0E01               	movlw	low STR_3
   241  000796  6E04               	movwf	LCD_Write_Message@msg^0,c
   242  000798  0E06               	movlw	high STR_3
   243  00079A  6E05               	movwf	(LCD_Write_Message@msg+1)^0,c
   244  00079C  0E03               	movlw	3
   245  00079E  EC0E  F003         	call	_LCD_Write_Message
   246  0007A2                     l61:
   247  0007A2  EFD1  F003         	goto	l61
   248  0007A6  EF00  F000         	goto	start
   249  0007AA                     __end_of_main:
   250                           	callstack 0
   251                           
   252 ;; *************** function _SYSTEM_Initialize *****************
   253 ;; Defined at:
   254 ;;		line 50 in file "mcc_generated_files/mcc.c"
   255 ;; Parameters:    Size  Location     Type
   256 ;;		None
   257 ;; Auto vars:     Size  Location     Type
   258 ;;		None
   259 ;; Return value:  Size  Location     Type
   260 ;;                  1    wreg      void 
   261 ;; Registers used:
   262 ;;		wreg, status,2, cstack
   263 ;; Tracked objects:
   264 ;;		On entry : 0/0
   265 ;;		On exit  : 0/0
   266 ;;		Unchanged: 0/0
   267 ;; Data sizes:     COMRAM   BANK0   BANK1   BANK2   BANK3   BANK4   BANK5
   268 ;;      Params:         0       0       0       0       0       0       0
   269 ;;      Locals:         0       0       0       0       0       0       0
   270 ;;      Temps:          0       0       0       0       0       0       0
   271 ;;      Totals:         0       0       0       0       0       0       0
   272 ;;Total ram usage:        0 bytes
   273 ;; Hardware stack levels used: 1
   274 ;; Hardware stack levels required when called: 1
   275 ;; This function calls:
   276 ;;		_OSCILLATOR_Initialize
   277 ;;		_PIN_MANAGER_Initialize
   278 ;; This function is called by:
   279 ;;		_main
   280 ;; This function uses a non-reentrant model
   281 ;;
   282                           
   283                           	psect	text1
   284  000814                     __ptext1:
   285                           	callstack 0
   286  000814                     _SYSTEM_Initialize:
   287                           	callstack 29
   288  000814                     
   289                           ;mcc_generated_files/mcc.c: 53:     PIN_MANAGER_Initialize();
   290  000814  ECEE  F003         	call	_PIN_MANAGER_Initialize	;wreg free
   291                           
   292                           ;mcc_generated_files/mcc.c: 54:     OSCILLATOR_Initialize();
   293  000818  EC0F  F004         	call	_OSCILLATOR_Initialize	;wreg free
   294  00081C  0012               	return		;funcret
   295  00081E                     __end_of_SYSTEM_Initialize:
   296                           	callstack 0
   297                           
   298 ;; *************** function _PIN_MANAGER_Initialize *****************
   299 ;; Defined at:
   300 ;;		line 55 in file "mcc_generated_files/pin_manager.c"
   301 ;; Parameters:    Size  Location     Type
   302 ;;		None
   303 ;; Auto vars:     Size  Location     Type
   304 ;;		None
   305 ;; Return value:  Size  Location     Type
   306 ;;                  1    wreg      void 
   307 ;; Registers used:
   308 ;;		wreg, status,2
   309 ;; Tracked objects:
   310 ;;		On entry : 0/0
   311 ;;		On exit  : 0/0
   312 ;;		Unchanged: 0/0
   313 ;; Data sizes:     COMRAM   BANK0   BANK1   BANK2   BANK3   BANK4   BANK5
   314 ;;      Params:         0       0       0       0       0       0       0
   315 ;;      Locals:         0       0       0       0       0       0       0
   316 ;;      Temps:          0       0       0       0       0       0       0
   317 ;;      Totals:         0       0       0       0       0       0       0
   318 ;;Total ram usage:        0 bytes
   319 ;; Hardware stack levels used: 1
   320 ;; This function calls:
   321 ;;		Nothing
   322 ;; This function is called by:
   323 ;;		_SYSTEM_Initialize
   324 ;; This function uses a non-reentrant model
   325 ;;
   326                           
   327                           	psect	text2
   328  0007DC                     __ptext2:
   329                           	callstack 0
   330  0007DC                     _PIN_MANAGER_Initialize:
   331                           	callstack 29
   332  0007DC                     
   333                           ;mcc_generated_files/pin_manager.c: 60:     LATE = 0x00;
   334  0007DC  0E00               	movlw	0
   335  0007DE  6E8D               	movwf	141,c	;volatile
   336                           
   337                           ;mcc_generated_files/pin_manager.c: 61:     LATD = 0x00;
   338  0007E0  0E00               	movlw	0
   339  0007E2  6E8C               	movwf	140,c	;volatile
   340                           
   341                           ;mcc_generated_files/pin_manager.c: 62:     LATA = 0x00;
   342  0007E4  0E00               	movlw	0
   343  0007E6  6E89               	movwf	137,c	;volatile
   344                           
   345                           ;mcc_generated_files/pin_manager.c: 63:     LATB = 0x00;
   346  0007E8  0E00               	movlw	0
   347  0007EA  6E8A               	movwf	138,c	;volatile
   348                           
   349                           ;mcc_generated_files/pin_manager.c: 64:     LATC = 0x00;
   350  0007EC  0E00               	movlw	0
   351  0007EE  6E8B               	movwf	139,c	;volatile
   352                           
   353                           ;mcc_generated_files/pin_manager.c: 69:     TRISE = 0x07;
   354  0007F0  0E07               	movlw	7
   355  0007F2  6E96               	movwf	150,c	;volatile
   356  0007F4                     
   357                           ;mcc_generated_files/pin_manager.c: 70:     TRISA = 0xFF;
   358  0007F4  6892               	setf	146,c	;volatile
   359  0007F6                     
   360                           ;mcc_generated_files/pin_manager.c: 71:     TRISB = 0xFF;
   361  0007F6  6893               	setf	147,c	;volatile
   362  0007F8                     
   363                           ;mcc_generated_files/pin_manager.c: 72:     TRISC = 0xFF;
   364  0007F8  6894               	setf	148,c	;volatile
   365  0007FA                     
   366                           ;mcc_generated_files/pin_manager.c: 73:     TRISD = 0xFF;
   367  0007FA  6895               	setf	149,c	;volatile
   368  0007FC                     
   369                           ;mcc_generated_files/pin_manager.c: 78:     ANSEL = 0xFF;
   370  0007FC  687E               	setf	126,c	;volatile
   371                           
   372                           ;mcc_generated_files/pin_manager.c: 79:     ANSELH = 0x1F;
   373  0007FE  0E1F               	movlw	31
   374  000800  6E7F               	movwf	127,c	;volatile
   375                           
   376                           ;mcc_generated_files/pin_manager.c: 84:     WPUB = 0x00;
   377  000802  0E00               	movlw	0
   378  000804  6E7C               	movwf	124,c	;volatile
   379  000806                     
   380                           ;mcc_generated_files/pin_manager.c: 85:     INTCON2bits.nRBPU = 1;
   381  000806  8EF1               	bsf	241,7,c	;volatile
   382  000808  0012               	return		;funcret
   383  00080A                     __end_of_PIN_MANAGER_Initialize:
   384                           	callstack 0
   385                           
   386 ;; *************** function _OSCILLATOR_Initialize *****************
   387 ;; Defined at:
   388 ;;		line 57 in file "mcc_generated_files/mcc.c"
   389 ;; Parameters:    Size  Location     Type
   390 ;;		None
   391 ;; Auto vars:     Size  Location     Type
   392 ;;		None
   393 ;; Return value:  Size  Location     Type
   394 ;;                  1    wreg      void 
   395 ;; Registers used:
   396 ;;		wreg, status,2
   397 ;; Tracked objects:
   398 ;;		On entry : 0/0
   399 ;;		On exit  : 0/0
   400 ;;		Unchanged: 0/0
   401 ;; Data sizes:     COMRAM   BANK0   BANK1   BANK2   BANK3   BANK4   BANK5
   402 ;;      Params:         0       0       0       0       0       0       0
   403 ;;      Locals:         0       0       0       0       0       0       0
   404 ;;      Temps:          0       0       0       0       0       0       0
   405 ;;      Totals:         0       0       0       0       0       0       0
   406 ;;Total ram usage:        0 bytes
   407 ;; Hardware stack levels used: 1
   408 ;; This function calls:
   409 ;;		Nothing
   410 ;; This function is called by:
   411 ;;		_SYSTEM_Initialize
   412 ;; This function uses a non-reentrant model
   413 ;;
   414                           
   415                           	psect	text3
   416  00081E                     __ptext3:
   417                           	callstack 0
   418  00081E                     _OSCILLATOR_Initialize:
   419                           	callstack 29
   420  00081E                     
   421                           ;mcc_generated_files/mcc.c: 60:     OSCCON = 0x30;
   422  00081E  0E30               	movlw	48
   423  000820  6ED3               	movwf	211,c	;volatile
   424                           
   425                           ;mcc_generated_files/mcc.c: 62:     OSCTUNE = 0x00;
   426  000822  0E00               	movlw	0
   427  000824  6E9B               	movwf	155,c	;volatile
   428  000826  0012               	return		;funcret
   429  000828                     __end_of_OSCILLATOR_Initialize:
   430                           	callstack 0
   431                           
   432 ;; *************** function _LCD_Write_Message *****************
   433 ;; Defined at:
   434 ;;		line 53 in file "LCD.c"
   435 ;; Parameters:    Size  Location     Type
   436 ;;  row             1    wreg     unsigned char 
   437 ;;  pos             1    2[COMRAM] unsigned char 
   438 ;;  msg             2    3[COMRAM] PTR const unsigned char 
   439 ;;		 -> STR_3(12), STR_2(8), STR_1(6), 
   440 ;; Auto vars:     Size  Location     Type
   441 ;;  row             1    7[COMRAM] unsigned char 
   442 ;;  location        1    8[COMRAM] unsigned char 
   443 ;; Return value:  Size  Location     Type
   444 ;;                  1    wreg      void 
   445 ;; Registers used:
   446 ;;		wreg, status,2, status,0, tblptrl, tblptrh, tblptru, cstack
   447 ;; Tracked objects:
   448 ;;		On entry : 0/0
   449 ;;		On exit  : 0/0
   450 ;;		Unchanged: 0/0
   451 ;; Data sizes:     COMRAM   BANK0   BANK1   BANK2   BANK3   BANK4   BANK5
   452 ;;      Params:         3       0       0       0       0       0       0
   453 ;;      Locals:         2       0       0       0       0       0       0
   454 ;;      Temps:          2       0       0       0       0       0       0
   455 ;;      Totals:         7       0       0       0       0       0       0
   456 ;;Total ram usage:        7 bytes
   457 ;; Hardware stack levels used: 1
   458 ;; Hardware stack levels required when called: 1
   459 ;; This function calls:
   460 ;;		_LCD_Command
   461 ;;		_LCD_Write_Data
   462 ;; This function is called by:
   463 ;;		_main
   464 ;; This function uses a non-reentrant model
   465 ;;
   466                           
   467                           	psect	text4
   468  00061C                     __ptext4:
   469                           	callstack 0
   470  00061C                     _LCD_Write_Message:
   471                           	callstack 29
   472                           
   473                           ;incstack = 0
   474                           ;LCD_Write_Message@row stored from wreg
   475  00061C  6E08               	movwf	LCD_Write_Message@row^0,c
   476  00061E                     
   477                           ;LCD.c: 53: void LCD_Write_Message(char row,char pos,const char *msg);LCD.c: 54: {;LCD.c
      +                          : 55:     char location=0;
   478  00061E  0E00               	movlw	0
   479  000620  6E09               	movwf	LCD_Write_Message@location^0,c
   480                           
   481                           ;LCD.c: 57:     switch(row)
   482  000622  EF23  F003         	goto	l901
   483  000626                     l891:
   484  000626  0E80               	movlw	128
   485  000628  6E09               	movwf	LCD_Write_Message@location^0,c
   486                           
   487                           ;LCD.c: 60:         break;
   488  00062A  EF40  F003         	goto	l903
   489  00062E                     l893:
   490  00062E  0EC0               	movlw	192
   491  000630  6E09               	movwf	LCD_Write_Message@location^0,c
   492                           
   493                           ;LCD.c: 63:         break;
   494  000632  EF40  F003         	goto	l903
   495  000636                     l895:
   496  000636  0E90               	movlw	144
   497  000638  6E09               	movwf	LCD_Write_Message@location^0,c
   498                           
   499                           ;LCD.c: 66:         break;
   500  00063A  EF40  F003         	goto	l903
   501  00063E                     l897:
   502  00063E  0ED0               	movlw	208
   503  000640  6E09               	movwf	LCD_Write_Message@location^0,c
   504                           
   505                           ;LCD.c: 69:         break;
   506  000642  EF40  F003         	goto	l903
   507  000646                     l901:
   508  000646  5008               	movf	LCD_Write_Message@row^0,w,c
   509  000648  6E06               	movwf	??_LCD_Write_Message^0,c
   510  00064A  6A07               	clrf	(??_LCD_Write_Message+1)^0,c
   511                           
   512                           ; Switch on 2 bytes has been partitioned into a top level switch of size 1, and 1 sub-sw
      +                          itches
   513                           ; Switch size 1, requested type "simple"
   514                           ; Number of cases is 1, Range of values is 0 to 0
   515                           ; switch strategies available:
   516                           ; Name         Instructions Cycles
   517                           ; simple_byte            4     3 (average)
   518                           ;	Chosen strategy is simple_byte
   519  00064C  5007               	movf	(??_LCD_Write_Message+1)^0,w,c
   520  00064E  0A00               	xorlw	0	; case 0
   521  000650  B4D8               	btfsc	status,2,c
   522  000652  EF2D  F003         	goto	l929
   523  000656  EF40  F003         	goto	l903
   524  00065A                     l929:
   525                           
   526                           ; Switch size 1, requested type "simple"
   527                           ; Number of cases is 4, Range of values is 1 to 4
   528                           ; switch strategies available:
   529                           ; Name         Instructions Cycles
   530                           ; simple_byte           13     7 (average)
   531                           ;	Chosen strategy is simple_byte
   532  00065A  5006               	movf	??_LCD_Write_Message^0,w,c
   533  00065C  0A01               	xorlw	1	; case 1
   534  00065E  B4D8               	btfsc	status,2,c
   535  000660  EF13  F003         	goto	l891
   536  000664  0A03               	xorlw	3	; case 2
   537  000666  B4D8               	btfsc	status,2,c
   538  000668  EF17  F003         	goto	l893
   539  00066C  0A01               	xorlw	1	; case 3
   540  00066E  B4D8               	btfsc	status,2,c
   541  000670  EF1B  F003         	goto	l895
   542  000674  0A07               	xorlw	7	; case 4
   543  000676  B4D8               	btfsc	status,2,c
   544  000678  EF1F  F003         	goto	l897
   545  00067C  EF40  F003         	goto	l903
   546  000680                     l903:
   547                           
   548                           ;LCD.c: 73:     LCD_Command((location) | ((pos) & 0x0f));
   549  000680  5003               	movf	LCD_Write_Message@pos^0,w,c
   550  000682  0B0F               	andlw	15
   551  000684  1009               	iorwf	LCD_Write_Message@location^0,w,c
   552  000686  EC89  F003         	call	_LCD_Command
   553                           
   554                           ;LCD.c: 75:     while((*msg)!=0)
   555  00068A  EF51  F003         	goto	l909
   556  00068E                     l905:
   557                           
   558                           ;LCD.c: 76:     {;LCD.c: 77:         LCD_Write_Data(*msg);
   559  00068E  C004  FFF6         	movff	LCD_Write_Message@msg,tblptrl
   560  000692  C005  FFF7         	movff	LCD_Write_Message@msg+1,tblptrh
   561  000696                     	if	0	;tblptru may be non-zero
   562  000696                     	endif
   563  000696                     	if	0	;tblptru may be non-zero
   564  000696                     	endif
   565  000696  0008               	tblrd		*
   566  000698  50F5               	movf	tablat,w,c
   567  00069A  EC60  F003         	call	_LCD_Write_Data
   568  00069E                     
   569                           ;LCD.c: 78:         msg++;
   570  00069E  4A04               	infsnz	LCD_Write_Message@msg^0,f,c
   571  0006A0  2A05               	incf	(LCD_Write_Message@msg+1)^0,f,c
   572  0006A2                     l909:
   573                           
   574                           ;LCD.c: 75:     while((*msg)!=0)
   575  0006A2  C004  FFF6         	movff	LCD_Write_Message@msg,tblptrl
   576  0006A6  C005  FFF7         	movff	LCD_Write_Message@msg+1,tblptrh
   577  0006AA                     	if	0	;tblptru may be non-zero
   578  0006AA                     	endif
   579  0006AA                     	if	0	;tblptru may be non-zero
   580  0006AA                     	endif
   581  0006AA  0008               	tblrd		*
   582  0006AC  50F5               	movf	tablat,w,c
   583  0006AE  0900               	iorlw	0
   584  0006B0  A4D8               	btfss	status,2,c
   585  0006B2  EF5D  F003         	goto	u21
   586  0006B6  EF5F  F003         	goto	u20
   587  0006BA                     u21:
   588  0006BA  EF47  F003         	goto	l905
   589  0006BE                     u20:
   590  0006BE  0012               	return		;funcret
   591  0006C0                     __end_of_LCD_Write_Message:
   592                           	callstack 0
   593                           
   594 ;; *************** function _LCD_Write_Data *****************
   595 ;; Defined at:
   596 ;;		line 36 in file "LCD.c"
   597 ;; Parameters:    Size  Location     Type
   598 ;;  dat             1    wreg     unsigned char 
   599 ;; Auto vars:     Size  Location     Type
   600 ;;  dat             1    1[COMRAM] unsigned char 
   601 ;; Return value:  Size  Location     Type
   602 ;;                  1    wreg      void 
   603 ;; Registers used:
   604 ;;		wreg, status,2, status,0
   605 ;; Tracked objects:
   606 ;;		On entry : 0/0
   607 ;;		On exit  : 0/0
   608 ;;		Unchanged: 0/0
   609 ;; Data sizes:     COMRAM   BANK0   BANK1   BANK2   BANK3   BANK4   BANK5
   610 ;;      Params:         0       0       0       0       0       0       0
   611 ;;      Locals:         1       0       0       0       0       0       0
   612 ;;      Temps:          1       0       0       0       0       0       0
   613 ;;      Totals:         2       0       0       0       0       0       0
   614 ;;Total ram usage:        2 bytes
   615 ;; Hardware stack levels used: 1
   616 ;; This function calls:
   617 ;;		Nothing
   618 ;; This function is called by:
   619 ;;		_LCD_Write_Message
   620 ;; This function uses a non-reentrant model
   621 ;;
   622                           
   623                           	psect	text5
   624  0006C0                     __ptext5:
   625                           	callstack 0
   626  0006C0                     _LCD_Write_Data:
   627                           	callstack 29
   628                           
   629                           ;incstack = 0
   630                           ;LCD_Write_Data@dat stored from wreg
   631  0006C0  6E02               	movwf	LCD_Write_Data@dat^0,c
   632  0006C2                     
   633                           ;LCD.c: 36: void LCD_Write_Data(unsigned char dat);LCD.c: 37: {;LCD.c: 38:     LATB = (L
      +                          ATB & 0x0f) | (0xF0 & dat);
   634  0006C2  C002  F001         	movff	LCD_Write_Data@dat,??_LCD_Write_Data
   635  0006C6  0EF0               	movlw	240
   636  0006C8  1601               	andwf	??_LCD_Write_Data^0,f,c
   637  0006CA  508A               	movf	138,w,c	;volatile
   638  0006CC  0B0F               	andlw	15
   639  0006CE  1001               	iorwf	??_LCD_Write_Data^0,w,c
   640  0006D0  6E8A               	movwf	138,c	;volatile
   641  0006D2                     
   642                           ;LCD.c: 39:  LATB0 = 1;
   643  0006D2  808A               	bsf	3978,0,c	;volatile
   644  0006D4                     
   645                           ;LCD.c: 41:  LATB1 = 1;
   646  0006D4  828A               	bsf	3978,1,c	;volatile
   647  0006D6                     
   648                           ;LCD.c: 42:  __nop();
   649  0006D6  F000               	nop	
   650  0006D8                     
   651                           ;LCD.c: 43:  LATB1 = 0;
   652  0006D8  928A               	bcf	3978,1,c	;volatile
   653  0006DA                     
   654                           ;LCD.c: 44:  _delay((unsigned long)((1)*(20000000/4000.0)));
   655  0006DA  0E07               	movlw	7
   656  0006DC  6E01               	movwf	??_LCD_Write_Data^0,c
   657  0006DE  0E7D               	movlw	125
   658  0006E0                     u37:
   659  0006E0  2EE8               	decfsz	wreg,f,c
   660  0006E2  D7FE               	bra	u37
   661  0006E4  2E01               	decfsz	??_LCD_Write_Data^0,f,c
   662  0006E6  D7FC               	bra	u37
   663  0006E8  F000               	nop	
   664  0006EA                     
   665                           ;LCD.c: 45:     LATB = (LATB & 0x0f) | (dat<<4);
   666  0006EA  C002  F001         	movff	LCD_Write_Data@dat,??_LCD_Write_Data
   667  0006EE  3A01               	swapf	??_LCD_Write_Data^0,f,c
   668  0006F0  0EF0               	movlw	240
   669  0006F2  1601               	andwf	??_LCD_Write_Data^0,f,c
   670  0006F4  508A               	movf	138,w,c	;volatile
   671  0006F6  0B0F               	andlw	15
   672  0006F8  1001               	iorwf	??_LCD_Write_Data^0,w,c
   673  0006FA  6E8A               	movwf	138,c	;volatile
   674  0006FC                     
   675                           ;LCD.c: 46:  LATB1 = 1;
   676  0006FC  828A               	bsf	3978,1,c	;volatile
   677  0006FE                     
   678                           ;LCD.c: 47:  __nop();
   679  0006FE  F000               	nop	
   680  000700                     
   681                           ;LCD.c: 48:  LATB1 = 0;
   682  000700  928A               	bcf	3978,1,c	;volatile
   683                           
   684                           ;LCD.c: 49:  _delay((unsigned long)((3)*(20000000/4000.0)));
   685  000702  0E14               	movlw	20
   686  000704  6E01               	movwf	??_LCD_Write_Data^0,c
   687  000706  0E7A               	movlw	122
   688  000708                     u47:
   689  000708  2EE8               	decfsz	wreg,f,c
   690  00070A  D7FE               	bra	u47
   691  00070C  2E01               	decfsz	??_LCD_Write_Data^0,f,c
   692  00070E  D7FC               	bra	u47
   693  000710  0012               	return		;funcret
   694  000712                     __end_of_LCD_Write_Data:
   695                           	callstack 0
   696                           
   697 ;; *************** function _Configure_LCD *****************
   698 ;; Defined at:
   699 ;;		line 7 in file "LCD.c"
   700 ;; Parameters:    Size  Location     Type
   701 ;;		None
   702 ;; Auto vars:     Size  Location     Type
   703 ;;		None
   704 ;; Return value:  Size  Location     Type
   705 ;;                  1    wreg      void 
   706 ;; Registers used:
   707 ;;		wreg, status,2, status,0, cstack
   708 ;; Tracked objects:
   709 ;;		On entry : 0/0
   710 ;;		On exit  : 0/0
   711 ;;		Unchanged: 0/0
   712 ;; Data sizes:     COMRAM   BANK0   BANK1   BANK2   BANK3   BANK4   BANK5
   713 ;;      Params:         0       0       0       0       0       0       0
   714 ;;      Locals:         0       0       0       0       0       0       0
   715 ;;      Temps:          1       0       0       0       0       0       0
   716 ;;      Totals:         1       0       0       0       0       0       0
   717 ;;Total ram usage:        1 bytes
   718 ;; Hardware stack levels used: 1
   719 ;; Hardware stack levels required when called: 1
   720 ;; This function calls:
   721 ;;		_LCD_Command
   722 ;; This function is called by:
   723 ;;		_main
   724 ;; This function uses a non-reentrant model
   725 ;;
   726                           
   727                           	psect	text6
   728  0007AA                     __ptext6:
   729                           	callstack 0
   730  0007AA                     _Configure_LCD:
   731                           	callstack 29
   732  0007AA                     
   733                           ;LCD.c: 9:     _delay((unsigned long)((15)*(20000000/4000.0)));
   734  0007AA  0E62               	movlw	98
   735  0007AC  6E03               	movwf	??_Configure_LCD^0,c
   736  0007AE  0E66               	movlw	102
   737  0007B0                     u57:
   738  0007B0  2EE8               	decfsz	wreg,f,c
   739  0007B2  D7FE               	bra	u57
   740  0007B4  2E03               	decfsz	??_Configure_LCD^0,f,c
   741  0007B6  D7FC               	bra	u57
   742  0007B8                     
   743                           ;LCD.c: 10:     TRISB = 0x00;
   744  0007B8  0E00               	movlw	0
   745  0007BA  6E93               	movwf	147,c	;volatile
   746  0007BC                     
   747                           ;LCD.c: 11:     LCD_Command(0x02);
   748  0007BC  0E02               	movlw	2
   749  0007BE  EC89  F003         	call	_LCD_Command
   750  0007C2                     
   751                           ;LCD.c: 12:     LCD_Command(0x28);
   752  0007C2  0E28               	movlw	40
   753  0007C4  EC89  F003         	call	_LCD_Command
   754  0007C8                     
   755                           ;LCD.c: 13:     LCD_Command(0x01);
   756  0007C8  0E01               	movlw	1
   757  0007CA  EC89  F003         	call	_LCD_Command
   758  0007CE                     
   759                           ;LCD.c: 14:     LCD_Command(0x0C);
   760  0007CE  0E0C               	movlw	12
   761  0007D0  EC89  F003         	call	_LCD_Command
   762  0007D4                     
   763                           ;LCD.c: 15:     LCD_Command(0x06);
   764  0007D4  0E06               	movlw	6
   765  0007D6  EC89  F003         	call	_LCD_Command
   766  0007DA  0012               	return		;funcret
   767  0007DC                     __end_of_Configure_LCD:
   768                           	callstack 0
   769                           
   770 ;; *************** function _LCD_Command *****************
   771 ;; Defined at:
   772 ;;		line 19 in file "LCD.c"
   773 ;; Parameters:    Size  Location     Type
   774 ;;  cmd             1    wreg     unsigned char 
   775 ;; Auto vars:     Size  Location     Type
   776 ;;  cmd             1    1[COMRAM] unsigned char 
   777 ;; Return value:  Size  Location     Type
   778 ;;                  1    wreg      void 
   779 ;; Registers used:
   780 ;;		wreg, status,2, status,0
   781 ;; Tracked objects:
   782 ;;		On entry : 0/0
   783 ;;		On exit  : 0/0
   784 ;;		Unchanged: 0/0
   785 ;; Data sizes:     COMRAM   BANK0   BANK1   BANK2   BANK3   BANK4   BANK5
   786 ;;      Params:         0       0       0       0       0       0       0
   787 ;;      Locals:         1       0       0       0       0       0       0
   788 ;;      Temps:          1       0       0       0       0       0       0
   789 ;;      Totals:         2       0       0       0       0       0       0
   790 ;;Total ram usage:        2 bytes
   791 ;; Hardware stack levels used: 1
   792 ;; This function calls:
   793 ;;		Nothing
   794 ;; This function is called by:
   795 ;;		_Configure_LCD
   796 ;;		_LCD_Write_Message
   797 ;; This function uses a non-reentrant model
   798 ;;
   799                           
   800                           	psect	text7
   801  000712                     __ptext7:
   802                           	callstack 0
   803  000712                     _LCD_Command:
   804                           	callstack 29
   805                           
   806                           ;incstack = 0
   807                           ;LCD_Command@cmd stored from wreg
   808  000712  6E02               	movwf	LCD_Command@cmd^0,c
   809  000714                     
   810                           ;LCD.c: 19: void LCD_Command(unsigned char cmd );LCD.c: 20: {;LCD.c: 21:     LATB = (LAT
      +                          B & 0x0f) |(0xF0 & cmd);
   811  000714  C002  F001         	movff	LCD_Command@cmd,??_LCD_Command
   812  000718  0EF0               	movlw	240
   813  00071A  1601               	andwf	??_LCD_Command^0,f,c
   814  00071C  508A               	movf	138,w,c	;volatile
   815  00071E  0B0F               	andlw	15
   816  000720  1001               	iorwf	??_LCD_Command^0,w,c
   817  000722  6E8A               	movwf	138,c	;volatile
   818  000724                     
   819                           ;LCD.c: 22:  LATB0 = 0;
   820  000724  908A               	bcf	3978,0,c	;volatile
   821  000726                     
   822                           ;LCD.c: 24:  LATB1 = 1;
   823  000726  828A               	bsf	3978,1,c	;volatile
   824  000728                     
   825                           ;LCD.c: 25:  __nop();
   826  000728  F000               	nop	
   827  00072A                     
   828                           ;LCD.c: 26:  LATB1 = 0;
   829  00072A  928A               	bcf	3978,1,c	;volatile
   830  00072C                     
   831                           ;LCD.c: 27:  _delay((unsigned long)((1)*(20000000/4000.0)));
   832  00072C  0E07               	movlw	7
   833  00072E  6E01               	movwf	??_LCD_Command^0,c
   834  000730  0E7D               	movlw	125
   835  000732                     u67:
   836  000732  2EE8               	decfsz	wreg,f,c
   837  000734  D7FE               	bra	u67
   838  000736  2E01               	decfsz	??_LCD_Command^0,f,c
   839  000738  D7FC               	bra	u67
   840  00073A  F000               	nop	
   841  00073C                     
   842                           ;LCD.c: 28:     LATB = (LATB & 0x0f) | (cmd<<4);
   843  00073C  C002  F001         	movff	LCD_Command@cmd,??_LCD_Command
   844  000740  3A01               	swapf	??_LCD_Command^0,f,c
   845  000742  0EF0               	movlw	240
   846  000744  1601               	andwf	??_LCD_Command^0,f,c
   847  000746  508A               	movf	138,w,c	;volatile
   848  000748  0B0F               	andlw	15
   849  00074A  1001               	iorwf	??_LCD_Command^0,w,c
   850  00074C  6E8A               	movwf	138,c	;volatile
   851  00074E                     
   852                           ;LCD.c: 30:  LATB1 = 1;
   853  00074E  828A               	bsf	3978,1,c	;volatile
   854  000750                     
   855                           ;LCD.c: 31:  __nop();
   856  000750  F000               	nop	
   857  000752                     
   858                           ;LCD.c: 32:  LATB1 = 0;
   859  000752  928A               	bcf	3978,1,c	;volatile
   860                           
   861                           ;LCD.c: 33:  _delay((unsigned long)((3)*(20000000/4000.0)));
   862  000754  0E14               	movlw	20
   863  000756  6E01               	movwf	??_LCD_Command^0,c
   864  000758  0E7A               	movlw	122
   865  00075A                     u77:
   866  00075A  2EE8               	decfsz	wreg,f,c
   867  00075C  D7FE               	bra	u77
   868  00075E  2E01               	decfsz	??_LCD_Command^0,f,c
   869  000760  D7FC               	bra	u77
   870  000762  0012               	return		;funcret
   871  000764                     __end_of_LCD_Command:
   872                           	callstack 0
   873                           
   874                           	psect	rparam
   875  0000                     
   876                           	psect	idloc
   877                           
   878                           ;Config register IDLOC0 @ 0x200000
   879                           ;	unspecified, using default values
   880  200000                     	org	2097152
   881  200000  FF                 	db	255
   882                           
   883                           ;Config register IDLOC1 @ 0x200001
   884                           ;	unspecified, using default values
   885  200001                     	org	2097153
   886  200001  FF                 	db	255
   887                           
   888                           ;Config register IDLOC2 @ 0x200002
   889                           ;	unspecified, using default values
   890  200002                     	org	2097154
   891  200002  FF                 	db	255
   892                           
   893                           ;Config register IDLOC3 @ 0x200003
   894                           ;	unspecified, using default values
   895  200003                     	org	2097155
   896  200003  FF                 	db	255
   897                           
   898                           ;Config register IDLOC4 @ 0x200004
   899                           ;	unspecified, using default values
   900  200004                     	org	2097156
   901  200004  FF                 	db	255
   902                           
   903                           ;Config register IDLOC5 @ 0x200005
   904                           ;	unspecified, using default values
   905  200005                     	org	2097157
   906  200005  FF                 	db	255
   907                           
   908                           ;Config register IDLOC6 @ 0x200006
   909                           ;	unspecified, using default values
   910  200006                     	org	2097158
   911  200006  FF                 	db	255
   912                           
   913                           ;Config register IDLOC7 @ 0x200007
   914                           ;	unspecified, using default values
   915  200007                     	org	2097159
   916  200007  FF                 	db	255
   917                           
   918                           	psect	config
   919                           
   920                           ; Padding undefined space
   921  300000                     	org	3145728
   922  300000  FF                 	db	255
   923                           
   924                           ;Config register CONFIG1H @ 0x300001
   925                           ;	Oscillator Selection bits
   926                           ;	FOSC = HS, HS oscillator
   927                           ;	Fail-Safe Clock Monitor Enable bit
   928                           ;	FCMEN = OFF, Fail-Safe Clock Monitor disabled
   929                           ;	Internal/External Oscillator Switchover bit
   930                           ;	IESO = OFF, Oscillator Switchover mode disabled
   931  300001                     	org	3145729
   932  300001  02                 	db	2
   933                           
   934                           ;Config register CONFIG2L @ 0x300002
   935                           ;	Power-up Timer Enable bit
   936                           ;	PWRT = OFF, PWRT disabled
   937                           ;	Brown-out Reset Enable bits
   938                           ;	BOREN = SBORDIS, Brown-out Reset enabled in hardware only (SBOREN is disabled)
   939                           ;	Brown Out Reset Voltage bits
   940                           ;	BORV = 18, VBOR set to 1.8 V nominal
   941  300002                     	org	3145730
   942  300002  1F                 	db	31
   943                           
   944                           ;Config register CONFIG2H @ 0x300003
   945                           ;	Watchdog Timer Enable bit
   946                           ;	WDTEN = OFF, WDT is controlled by SWDTEN bit of the WDTCON register
   947                           ;	Watchdog Timer Postscale Select bits
   948                           ;	WDTPS = 32768, 1:32768
   949  300003                     	org	3145731
   950  300003  1E                 	db	30
   951                           
   952                           ; Padding undefined space
   953  300004                     	org	3145732
   954  300004  FF                 	db	255
   955                           
   956                           ;Config register CONFIG3H @ 0x300005
   957                           ;	CCP2 MUX bit
   958                           ;	CCP2MX = PORTC, CCP2 input/output is multiplexed with RC1
   959                           ;	PORTB A/D Enable bit
   960                           ;	PBADEN = ON, PORTB<4:0> pins are configured as analog input channels on Reset
   961                           ;	Low-Power Timer1 Oscillator Enable bit
   962                           ;	LPT1OSC = OFF, Timer1 configured for higher power operation
   963                           ;	HFINTOSC Fast Start-up
   964                           ;	HFOFST = ON, HFINTOSC starts clocking the CPU without waiting for the oscillator to st
      +                          ablize.
   965                           ;	MCLR Pin Enable bit
   966                           ;	MCLRE = ON, MCLR pin enabled; RE3 input pin disabled
   967  300005                     	org	3145733
   968  300005  8B                 	db	139
   969                           
   970                           ;Config register CONFIG4L @ 0x300006
   971                           ;	Stack Full/Underflow Reset Enable bit
   972                           ;	STVREN = ON, Stack full/underflow will cause Reset
   973                           ;	Single-Supply ICSP Enable bit
   974                           ;	LVP = OFF, Single-Supply ICSP disabled
   975                           ;	Extended Instruction Set Enable bit
   976                           ;	XINST = OFF, Instruction set extension and Indexed Addressing mode disabled (Legacy mo
      +                          de)
   977                           ;	Background Debugger Enable bit
   978                           ;	DEBUG = OFF, Background debugger disabled, RB6 and RB7 configured as general purpose I
      +                          /O pins
   979  300006                     	org	3145734
   980  300006  81                 	db	129
   981                           
   982                           ; Padding undefined space
   983  300007                     	org	3145735
   984  300007  FF                 	db	255
   985                           
   986                           ;Config register CONFIG5L @ 0x300008
   987                           ;	Code Protection Block 0
   988                           ;	CP0 = OFF, Block 0 (000800-001FFFh) not code-protected
   989                           ;	Code Protection Block 1
   990                           ;	CP1 = OFF, Block 1 (002000-003FFFh) not code-protected
   991                           ;	Code Protection Block 2
   992                           ;	CP2 = OFF, Block 2 (004000-005FFFh) not code-protected
   993                           ;	Code Protection Block 3
   994                           ;	CP3 = OFF, Block 3 (006000-007FFFh) not code-protected
   995  300008                     	org	3145736
   996  300008  0F                 	db	15
   997                           
   998                           ;Config register CONFIG5H @ 0x300009
   999                           ;	Boot Block Code Protection bit
  1000                           ;	CPB = OFF, Boot block (000000-0007FFh) not code-protected
  1001                           ;	Data EEPROM Code Protection bit
  1002                           ;	CPD = OFF, Data EEPROM not code-protected
  1003  300009                     	org	3145737
  1004  300009  C0                 	db	192
  1005                           
  1006                           ;Config register CONFIG6L @ 0x30000A
  1007                           ;	Write Protection Block 0
  1008                           ;	WRT0 = OFF, Block 0 (000800-001FFFh) not write-protected
  1009                           ;	Write Protection Block 1
  1010                           ;	WRT1 = OFF, Block 1 (002000-003FFFh) not write-protected
  1011                           ;	Write Protection Block 2
  1012                           ;	WRT2 = OFF, Block 2 (004000-005FFFh) not write-protected
  1013                           ;	Write Protection Block 3
  1014                           ;	WRT3 = OFF, Block 3 (006000-007FFFh) not write-protected
  1015  30000A                     	org	3145738
  1016  30000A  0F                 	db	15
  1017                           
  1018                           ;Config register CONFIG6H @ 0x30000B
  1019                           ;	Configuration Register Write Protection bit
  1020                           ;	WRTC = OFF, Configuration registers (300000-3000FFh) not write-protected
  1021                           ;	Boot Block Write Protection bit
  1022                           ;	WRTB = OFF, Boot Block (000000-0007FFh) not write-protected
  1023                           ;	Data EEPROM Write Protection bit
  1024                           ;	WRTD = OFF, Data EEPROM not write-protected
  1025  30000B                     	org	3145739
  1026  30000B  E0                 	db	224
  1027                           
  1028                           ;Config register CONFIG7L @ 0x30000C
  1029                           ;	Table Read Protection Block 0
  1030                           ;	EBTR0 = OFF, Block 0 (000800-001FFFh) not protected from table reads executed in other
      +                           blocks
  1031                           ;	Table Read Protection Block 1
  1032                           ;	EBTR1 = OFF, Block 1 (002000-003FFFh) not protected from table reads executed in other
      +                           blocks
  1033                           ;	Table Read Protection Block 2
  1034                           ;	EBTR2 = OFF, Block 2 (004000-005FFFh) not protected from table reads executed in other
      +                           blocks
  1035                           ;	Table Read Protection Block 3
  1036                           ;	EBTR3 = OFF, Block 3 (006000-007FFFh) not protected from table reads executed in other
      +                           blocks
  1037  30000C                     	org	3145740
  1038  30000C  0F                 	db	15
  1039                           
  1040                           ;Config register CONFIG7H @ 0x30000D
  1041                           ;	Boot Block Table Read Protection bit
  1042                           ;	EBTRB = OFF, Boot Block (000000-0007FFh) not protected from table reads executed in ot
      +                          her blocks
  1043  30000D                     	org	3145741
  1044  30000D  40                 	db	64
  1045                           tosu	equ	0xFFF
  1046                           tosh	equ	0xFFE
  1047                           tosl	equ	0xFFD
  1048                           stkptr	equ	0xFFC
  1049                           pclatu	equ	0xFFB
  1050                           pclath	equ	0xFFA
  1051                           pcl	equ	0xFF9
  1052                           tblptru	equ	0xFF8
  1053                           tblptrh	equ	0xFF7
  1054                           tblptrl	equ	0xFF6
  1055                           tablat	equ	0xFF5
  1056                           prodh	equ	0xFF4
  1057                           prodl	equ	0xFF3
  1058                           indf0	equ	0xFEF
  1059                           postinc0	equ	0xFEE
  1060                           postdec0	equ	0xFED
  1061                           preinc0	equ	0xFEC
  1062                           plusw0	equ	0xFEB
  1063                           fsr0h	equ	0xFEA
  1064                           fsr0l	equ	0xFE9
  1065                           wreg	equ	0xFE8
  1066                           indf1	equ	0xFE7
  1067                           postinc1	equ	0xFE6
  1068                           postdec1	equ	0xFE5
  1069                           preinc1	equ	0xFE4
  1070                           plusw1	equ	0xFE3
  1071                           fsr1h	equ	0xFE2
  1072                           fsr1l	equ	0xFE1
  1073                           bsr	equ	0xFE0
  1074                           indf2	equ	0xFDF
  1075                           postinc2	equ	0xFDE
  1076                           postdec2	equ	0xFDD
  1077                           preinc2	equ	0xFDC
  1078                           plusw2	equ	0xFDB
  1079                           fsr2h	equ	0xFDA
  1080                           fsr2l	equ	0xFD9
  1081                           status	equ	0xFD8

Data Sizes:
    Strings     26
    Constant    0
    Data        0
    BSS         0
    Persistent  0
    Stack       0

Auto Spaces:
    Space          Size  Autos    Used
    COMRAM           95      9       9
    BANK0           160      0       0
    BANK1           256      0       0
    BANK2           256      0       0
    BANK3           256      0       0
    BANK4           256      0       0
    BANK5           256      0       0

Pointer List with Targets:

    LCD_Write_Message@msg	PTR const unsigned char  size(2) Largest target is 12
		 -> STR_3(CODE[12]), STR_2(CODE[8]), STR_1(CODE[6]), 


Critical Paths under _main in COMRAM

    _main->_LCD_Write_Message
    _LCD_Write_Message->_LCD_Command
    _LCD_Write_Message->_LCD_Write_Data
    _Configure_LCD->_LCD_Command

Critical Paths under _main in BANK0

    None.

Critical Paths under _main in BANK1

    None.

Critical Paths under _main in BANK2

    None.

Critical Paths under _main in BANK3

    None.

Critical Paths under _main in BANK4

    None.

Critical Paths under _main in BANK5

    None.

Call Graph Tables:

 ---------------------------------------------------------------------------------
 (Depth) Function   	        Calls       Base Space   Used Autos Params    Refs
 ---------------------------------------------------------------------------------
 (0) _main                                                 0     0      0     662
                      _Configure_LCD
                  _LCD_Write_Message
                  _SYSTEM_Initialize
 ---------------------------------------------------------------------------------
 (1) _SYSTEM_Initialize                                    0     0      0       0
              _OSCILLATOR_Initialize
             _PIN_MANAGER_Initialize
 ---------------------------------------------------------------------------------
 (2) _PIN_MANAGER_Initialize                               0     0      0       0
 ---------------------------------------------------------------------------------
 (2) _OSCILLATOR_Initialize                                0     0      0       0
 ---------------------------------------------------------------------------------
 (1) _LCD_Write_Message                                    7     4      3     632
                                              2 COMRAM     7     4      3
                        _LCD_Command
                     _LCD_Write_Data
 ---------------------------------------------------------------------------------
 (2) _LCD_Write_Data                                       2     2      0      30
                                              0 COMRAM     2     2      0
 ---------------------------------------------------------------------------------
 (1) _Configure_LCD                                        1     1      0      30
                                              2 COMRAM     1     1      0
                        _LCD_Command
 ---------------------------------------------------------------------------------
 (2) _LCD_Command                                          2     2      0      30
                                              0 COMRAM     2     2      0
 ---------------------------------------------------------------------------------
 Estimated maximum stack depth 2
 ---------------------------------------------------------------------------------

 Call Graph Graphs:

 _main (ROOT)
   _Configure_LCD
     _LCD_Command
   _LCD_Write_Message
     _LCD_Command
     _LCD_Write_Data
   _SYSTEM_Initialize
     _OSCILLATOR_Initialize
     _PIN_MANAGER_Initialize

 Address spaces:
Name               Size   Autos  Total    Cost      Usage
BITCOMRAM           5F      0       0       0        0.0%
EEDATA             100      0       0       0        0.0%
NULL                 0      0       0       0        0.0%
CODE                 0      0       0       0        0.0%
COMRAM              5F      9       9       1        9.5%
STACK                0      0       0       2        0.0%
DATA                 0      0       0       3        0.0%
BITBANK0            A0      0       0       4        0.0%
BANK0               A0      0       0       5        0.0%
BITBANK1           100      0       0       6        0.0%
BANK1              100      0       0       7        0.0%
BITBANK2           100      0       0       8        0.0%
BANK2              100      0       0       9        0.0%
BITBANK3           100      0       0      10        0.0%
BANK3              100      0       0      11        0.0%
BITBANK4           100      0       0      12        0.0%
BANK4              100      0       0      13        0.0%
BITBANK5           100      0       0      14        0.0%
BANK5              100      0       0      15        0.0%
BITBIGSFRhh          D      0       0      16        0.0%
BITBIGSFRhl         1D      0       0      17        0.0%
BITBIGSFRlh         37      0       0      18        0.0%
BITBIGSFRllhh        4      0       0      19        0.0%
BITBIGSFRllhll       4      0       0      20        0.0%
BITBIGSFRllllh       9      0       0      21        0.0%
BITBIGSFRlllllh      1      0       0      22        0.0%
BITBIGSFRllllll     1C      0       0      23        0.0%
ABS                  0      0       0      24        0.0%
BIGRAM             5FF      0       0      25        0.0%
BIGSFR               0      0       0     200        0.0%
BITSFR               0      0       0     200        0.0%
SFR                  0      0       0     200        0.0%


Microchip Technology PIC18 Macro Assembler V2.36 build 20220127204148 
Symbol Table                                                                                   Sun Jan 01 21:28:14 2023

                  ?_LCD_Command 0001                              l11 081C                              l14 0826  
                            l61 07A2                              l62 07A2                              l47 0808  
                            l81 07DA                              l84 0762                              l87 0710  
                            l99 06BE                              u20 06BE                              u21 06BA  
                            u37 06E0                              u47 0708                              u57 07B0  
                            u67 0732                              u77 075A                             l801 072C  
                           l803 073C                             l811 06C2                             l805 074E  
                           l821 06DA                             l813 06D2                             l901 0646  
                           l807 0750                             l823 06EA                             l815 06D4  
                           l903 0680                             l831 0814                             l809 0752  
                           l841 07C8                             l833 07AA                             l825 06FC  
                           l817 06D6                             l905 068E                             l921 077E  
                           l843 07CE                             l835 07B8                             l827 06FE  
                           l819 06D8                             l907 069E                             l923 0790  
                           l915 0764                             l845 07D4                             l837 07BC  
                           l829 0700                             l909 06A2                             l781 07F8  
                           l917 0768                             l791 0714                             l839 07C2  
                           l783 07FA                             l775 07DC                             l919 076C  
                           l793 0724                             l929 065A                             l785 07FC  
                           l777 07F4                             l795 0726                             l891 0626  
                           l787 0806                             l779 07F6                             l797 0728  
                           l893 062E                             l789 081E                             l799 072A  
                           l895 0636                             l897 063E                             l889 061E  
                           wreg 000FE8                            STR_1 0615                            STR_2 060D  
                          STR_3 0601                            _LATA 000F89                            _LATB 000F8A  
                          _LATC 000F8B                            _LATD 000F8C                            _LATE 000F8D  
                          _WPUB 000F7C                            _main 0764                            start 0000  
                  ___param_bank 000000               _LCD_Write_Message 061C   __end_of_OSCILLATOR_Initialize 0828  
                         ?_main 0001                           _ANSEL 000F7E                           _LATB0 007C50  
                         _LATB1 007C51              ?_LCD_Write_Message 0003                           _TRISA 000F92  
                         _TRISB 000F93                           _TRISC 000F94                           _TRISD 000F95  
                         _TRISE 000F96             ??_LCD_Write_Message 0006                           tablat 000FF5  
                         status 000FD8                  _LCD_Write_Data 06C0                 __initialization 080A  
                  __end_of_main 07AA       __end_of_LCD_Write_Message 06C0                          ??_main 000A  
                 __activetblptr 000002                          _ANSELH 000F7F                          _OSCCON 000FD3  
        __end_of_LCD_Write_Data 0712                          isa$std 000001                    __mediumconst 0000  
                        tblptrh 000FF7                          tblptrl 000FF6                          tblptru 000FF8  
             _SYSTEM_Initialize 0814                      __accesstop 0060         __end_of__initialization 080A  
            ?_SYSTEM_Initialize 0001                   ___rparam_used 000001                 ?_LCD_Write_Data 0001  
                __pcstackCOMRAM 0001             ??_SYSTEM_Initialize 0001       __end_of_SYSTEM_Initialize 081E  
         __end_of_Configure_LCD 07DC                         _OSCTUNE 000F9B                         __Hparam 0000  
                       __Lparam 0000                    __psmallconst 0600                         __pcinit 080A  
                       __ramtop 0600                         __ptext0 0764                         __ptext1 0814  
                       __ptext2 07DC                         __ptext3 081E                         __ptext4 061C  
                       __ptext5 06C0                         __ptext6 07AA                         __ptext7 0712  
         _OSCILLATOR_Initialize 081E        ??_PIN_MANAGER_Initialize 0001            end_of_initialization 080A  
                LCD_Command@cmd 0002               LCD_Write_Data@dat 0002                   __Lmediumconst 0000  
     LCD_Write_Message@location 0009                ??_LCD_Write_Data 0001                   ??_LCD_Command 0001  
        ?_OSCILLATOR_Initialize 0001             start_initialization 080A             __end_of_LCD_Command 0764  
        _PIN_MANAGER_Initialize 07DC                     __smallconst 0600                     _LCD_Command 0712  
                   _INTCON2bits 000FF1                   _Configure_LCD 07AA                        __Hrparam 0000  
                      __Lrparam 0000         ??_OSCILLATOR_Initialize 0001                  ?_Configure_LCD 0001  
                      isa$xinst 000000            LCD_Write_Message@msg 0004            LCD_Write_Message@pos 0003  
          LCD_Write_Message@row 0008                      _INTCONbits 000FF2         ?_PIN_MANAGER_Initialize 0001  
               ??_Configure_LCD 0003  __end_of_PIN_MANAGER_Initialize 080A  
