

Microchip MPLAB XC8 Assembler V2.41 build 20230208172133 
                                                                                               Sun Jul 09 17:17:33 2023

Microchip MPLAB XC8 C Compiler v2.41 (Free license) build 20230208172133 Og1 
     1                           	processor	18F45K20
     2                           	fnconf	rparam,??,?,0
     3                           	pagewidth 120
     4                           	opt	flic
     5                           	psect	cinit,global,reloc=2,class=CODE,delta=1
     6                           	psect	bssCOMRAM,global,class=COMRAM,space=1,delta=1,lowdata,noexec
     7                           	psect	cstackCOMRAM,global,class=COMRAM,space=1,delta=1,lowdata,noexec
     8                           	psect	text0,global,reloc=2,class=CODE,delta=1
     9                           	psect	text1,global,reloc=2,class=CODE,delta=1,group=1
    10                           	psect	text2,global,reloc=2,class=CODE,delta=1,group=1
    11                           	psect	text3,global,reloc=2,class=CODE,delta=1
    12                           	psect	text4,global,reloc=2,class=CODE,delta=1
    13                           	psect	text5,global,reloc=2,class=CODE,delta=1
    14                           	psect	text6,global,reloc=2,class=CODE,delta=1
    15                           	psect	intsave_regs,global,class=BIGRAM,space=1,delta=1,noexec
    16                           	psect	rparam,global,class=COMRAM,space=1,delta=1,noexec
    17                           	psect	idloc,global,abs,ovrld,class=IDLOC,space=5,delta=1,noexec
    18                           	psect	config,global,abs,ovrld,class=CONFIG,space=4,delta=1,noexec
    19   000000                     
    20                           ; Version 2.40
    21                           ; Generated 17/11/2021 GMT
    22                           ; 
    23                           ; Copyright © 2021, Microchip Technology Inc. and its subsidiaries ("Microchip")
    24                           ; All rights reserved.
    25                           ; 
    26                           ; This software is developed by Microchip Technology Inc. and its subsidiaries ("Microch
      +                          ip").
    27                           ; 
    28                           ; Redistribution and use in source and binary forms, with or without modification, are
    29                           ; permitted provided that the following conditions are met:
    30                           ; 
    31                           ;     1. Redistributions of source code must retain the above copyright notice, this lis
      +                          t of
    32                           ;        conditions and the following disclaimer.
    33                           ; 
    34                           ;     2. Redistributions in binary form must reproduce the above copyright notice, this 
      +                          list
    35                           ;        of conditions and the following disclaimer in the documentation and/or other
    36                           ;        materials provided with the distribution. Publication is not required when
    37                           ;        this file is used in an embedded application.
    38                           ; 
    39                           ;     3. Microchip's name may not be used to endorse or promote products derived from th
      +                          is
    40                           ;        software without specific prior written permission.
    41                           ; 
    42                           ; THIS SOFTWARE IS PROVIDED BY MICROCHIP "AS IS" AND ANY EXPRESS OR IMPLIED WARRANTIES,
    43                           ; INCLUDING, BUT NOT LIMITED TO, THE IMPLIED WARRANTIES OF MERCHANTABILITY AND FITNESS F
      +                          OR
    44                           ; PURPOSE ARE DISCLAIMED.  IN NO EVENT SHALL MICROCHIP BE LIABLE FOR ANY DIRECT, INDIREC
      +                          T,
    45                           ; INCIDENTAL, SPECIAL, EXEMPLARY, OR CONSEQUENTIAL DAMAGES (INCLUDING BUT NOT LIMITED TO
    46                           ; PROCUREMENT OF SUBSTITUTE GOODS OR SERVICES; LOSS OF USE, DATA OR PROFITS; OR BUSINESS
    47                           ; INTERRUPTION) HOWSOEVER CAUSED AND ON ANY THEORY OF LIABILITY, WHETHER IN CONTRACT, ST
      +                          RICT
    48                           ; LIABILITY, OR TORT (INCLUDING NEGLIGENCE OR OTHERWISE) ARISING IN ANY WAY OUT OF THE U
      +                          SE OF
    49                           ; THIS SOFTWARE, EVEN IF ADVISED OF THE POSSIBILITY OF SUCH DAMAGE.
    50                           ; 
    51                           ; 
    52                           ; Code-generator required, PIC18F45K20 Definitions
    53                           ; 
    54                           ; SFR Addresses
    55   000000                     _TRISD	set	3989
    56   000000                     _TRISC	set	3988
    57   000000                     _TRISB	set	3987
    58   000000                     _LATC	set	3979
    59   000000                     _LATB	set	3978
    60   000000                     _LATAbits	set	3977
    61   000000                     _WPUB	set	3964
    62   000000                     _ANSEL	set	3966
    63   000000                     _LATA	set	3977
    64   000000                     _LATD	set	3980
    65   000000                     _LATE	set	3981
    66   000000                     _OSCTUNE	set	3995
    67   000000                     _OSCCON	set	4051
    68   000000                     _INTCON2bits	set	4081
    69   000000                     _TRISA	set	3986
    70   000000                     _TRISE	set	3990
    71   000000                     _PORTDbits	set	3971
    72   000000                     _ANSELH	set	3967
    73   000000                     _INTCONbits	set	4082
    74                           
    75                           ; #config settings
    76                           
    77                           	psect	cinit
    78   007CE2                     __pcinit:
    79                           	callstack 0
    80   007CE2                     start_initialization:
    81                           	callstack 0
    82   007CE2                     __initialization:
    83                           	callstack 0
    84                           
    85                           ; Clear objects allocated to COMRAM (7 bytes)
    86   007CE2  EE00  F011         	lfsr	0,__pbssCOMRAM
    87   007CE6  0E07               	movlw	7
    88   007CE8                     clear_0:
    89   007CE8  6AEE               	clrf	postinc0,c
    90   007CEA  06E8               	decf	wreg,f,c
    91   007CEC  E1FD               	bnz	clear_0
    92   007CEE                     end_of_initialization:
    93                           	callstack 0
    94   007CEE                     __end_of__initialization:
    95                           	callstack 0
    96   007CEE  0100               	movlb	0
    97   007CF0  EFFF  F03E         	goto	_main	;jump to C main() function
    98                           
    99                           	psect	bssCOMRAM
   100   000011                     __pbssCOMRAM:
   101                           	callstack 0
   102   000011                     _Counter:
   103                           	callstack 0
   104   000011                     	ds	2
   105   000013                     _RAM:
   106                           	callstack 0
   107   000013                     	ds	1
   108   000014                     _Fourth_Digit:
   109                           	callstack 0
   110   000014                     	ds	1
   111   000015                     _Third_Digit:
   112                           	callstack 0
   113   000015                     	ds	1
   114   000016                     _Second_Digit:
   115                           	callstack 0
   116   000016                     	ds	1
   117   000017                     _First_Digit:
   118                           	callstack 0
   119   000017                     	ds	1
   120                           
   121                           	psect	cstackCOMRAM
   122   000001                     __pcstackCOMRAM:
   123                           	callstack 0
   124   000001                     ?___lwmod:
   125                           	callstack 0
   126   000001                     ___lwmod@dividend:
   127                           	callstack 0
   128                           
   129                           ; 2 bytes @ 0x0
   130   000001                     	ds	2
   131   000003                     ___lwmod@divisor:
   132                           	callstack 0
   133                           
   134                           ; 2 bytes @ 0x2
   135   000003                     	ds	2
   136   000005                     ___lwmod@counter:
   137                           	callstack 0
   138                           
   139                           ; 1 bytes @ 0x4
   140   000005                     	ds	1
   141   000006                     ?___lwdiv:
   142                           	callstack 0
   143   000006                     ___lwdiv@dividend:
   144                           	callstack 0
   145                           
   146                           ; 2 bytes @ 0x5
   147   000006                     	ds	2
   148   000008                     ___lwdiv@divisor:
   149                           	callstack 0
   150                           
   151                           ; 2 bytes @ 0x7
   152   000008                     	ds	2
   153   00000A                     ___lwdiv@quotient:
   154                           	callstack 0
   155                           
   156                           ; 2 bytes @ 0x9
   157   00000A                     	ds	2
   158   00000C                     ___lwdiv@counter:
   159                           	callstack 0
   160                           
   161                           ; 1 bytes @ 0xB
   162   00000C                     	ds	1
   163   00000D                     ??_main:
   164                           
   165                           ; 1 bytes @ 0xC
   166   00000D                     	ds	2
   167   00000F                     _main$897:
   168                           	callstack 0
   169                           
   170                           ; 2 bytes @ 0xE
   171   00000F                     	ds	2
   172                           
   173 ;;
   174 ;;Main: autosize = 0, tempsize = 2, incstack = 0, save=0
   175 ;;
   176 ;; *************** function _main *****************
   177 ;; Defined at:
   178 ;;		line 36 in file "main.c"
   179 ;; Parameters:    Size  Location     Type
   180 ;;		None
   181 ;; Auto vars:     Size  Location     Type
   182 ;;		None
   183 ;; Return value:  Size  Location     Type
   184 ;;                  1    wreg      void 
   185 ;; Registers used:
   186 ;;		wreg, status,2, status,0, cstack
   187 ;; Tracked objects:
   188 ;;		On entry : 0/0
   189 ;;		On exit  : 0/0
   190 ;;		Unchanged: 0/0
   191 ;; Data sizes:     COMRAM   BANK0   BANK1   BANK2   BANK3   BANK4   BANK5
   192 ;;      Params:         0       0       0       0       0       0       0
   193 ;;      Locals:         2       0       0       0       0       0       0
   194 ;;      Temps:          2       0       0       0       0       0       0
   195 ;;      Totals:         4       0       0       0       0       0       0
   196 ;;Total ram usage:        4 bytes
   197 ;; Hardware stack levels required when called: 2
   198 ;; This function calls:
   199 ;;		_PIN_MANAGER_IOC
   200 ;;		_SYSTEM_Initialize
   201 ;;		___lwdiv
   202 ;;		___lwmod
   203 ;; This function is called by:
   204 ;;		Startup code after reset
   205 ;; This function uses a non-reentrant model
   206 ;;
   207                           
   208                           	psect	text0
   209   007DFE                     __ptext0:
   210                           	callstack 0
   211   007DFE                     _main:
   212                           	callstack 29
   213   007DFE                     
   214                           ;main.c: 39:     SYSTEM_Initialize();
   215   007DFE  EC6C  F03E         	call	_SYSTEM_Initialize	;wreg free
   216   007E02                     
   217                           ;main.c: 40:     PIN_MANAGER_IOC();
   218   007E02  EC65  F03E         	call	_PIN_MANAGER_IOC	;wreg free
   219   007E06  EFED  F03F         	goto	l1034
   220   007E0A                     l81:
   221                           
   222                           ;main.c: 45:         {;main.c: 46:             if(PORTDbits.RD0 == 0){
   223   007E0A  B083               	btfsc	131,0,c	;volatile
   224   007E0C  EF0A  F03F         	goto	u181
   225   007E10  EF0C  F03F         	goto	u180
   226   007E14                     u181:
   227   007E14  EF24  F03F         	goto	l82
   228   007E18                     u180:
   229   007E18                     
   230                           ;main.c: 47:                 _delay((unsigned long)((500)*(20000000/4000.0)));
   231   007E18  0E0D               	movlw	13
   232   007E1A  6E0E               	movwf	(??_main+1)^0,c
   233   007E1C  0EAF               	movlw	175
   234   007E1E  6E0D               	movwf	??_main^0,c
   235   007E20  0EB6               	movlw	182
   236   007E22                     u237:
   237   007E22  2EE8               	decfsz	wreg,f,c
   238   007E24  D7FE               	bra	u237
   239   007E26  2E0D               	decfsz	??_main^0,f,c
   240   007E28  D7FC               	bra	u237
   241   007E2A  2E0E               	decfsz	(??_main+1)^0,f,c
   242   007E2C  D7FA               	bra	u237
   243   007E2E  F000 F000          	nop2	
   244   007E32                     l83:
   245   007E32  A083               	btfss	131,0,c	;volatile
   246   007E34  EF1E  F03F         	goto	u191
   247   007E38  EF20  F03F         	goto	u190
   248   007E3C                     u191:
   249   007E3C  EF19  F03F         	goto	l83
   250   007E40                     u190:
   251   007E40                     
   252                           ;main.c: 49:                 Counter++;
   253   007E40  4A11               	infsnz	_Counter^0,f,c
   254   007E42  2A12               	incf	(_Counter+1)^0,f,c
   255                           
   256                           ;main.c: 50:             }
   257   007E44  EF42  F03F         	goto	l970
   258   007E48                     l82:
   259   007E48  B283               	btfsc	131,1,c	;volatile
   260   007E4A  EF29  F03F         	goto	u201
   261   007E4E  EF2B  F03F         	goto	u200
   262   007E52                     u201:
   263   007E52  EF42  F03F         	goto	l970
   264   007E56                     u200:
   265   007E56                     
   266                           ;main.c: 53:                 _delay((unsigned long)((500)*(20000000/4000.0)));
   267   007E56  0E0D               	movlw	13
   268   007E58  6E0E               	movwf	(??_main+1)^0,c
   269   007E5A  0EAF               	movlw	175
   270   007E5C  6E0D               	movwf	??_main^0,c
   271   007E5E  0EB6               	movlw	182
   272   007E60                     u247:
   273   007E60  2EE8               	decfsz	wreg,f,c
   274   007E62  D7FE               	bra	u247
   275   007E64  2E0D               	decfsz	??_main^0,f,c
   276   007E66  D7FC               	bra	u247
   277   007E68  2E0E               	decfsz	(??_main+1)^0,f,c
   278   007E6A  D7FA               	bra	u247
   279   007E6C  F000 F000          	nop2	
   280   007E70                     l88:
   281   007E70  A283               	btfss	131,1,c	;volatile
   282   007E72  EF3D  F03F         	goto	u211
   283   007E76  EF3F  F03F         	goto	u210
   284   007E7A                     u211:
   285   007E7A  EF38  F03F         	goto	l88
   286   007E7E                     u210:
   287   007E7E                     
   288                           ;main.c: 55:                 Counter--;
   289   007E7E  0611               	decf	_Counter^0,f,c
   290   007E80  A0D8               	btfss	status,0,c
   291   007E82  0612               	decf	(_Counter+1)^0,f,c
   292   007E84                     l970:
   293                           
   294                           ;main.c: 57:             LATAbits.LATA5 = 1;
   295   007E84  8A89               	bsf	137,5,c	;volatile
   296   007E86                     
   297                           ;main.c: 59:             First_Digit = (Counter % 100)%10;
   298   007E86  0E00               	movlw	0
   299   007E88  6E04               	movwf	(___lwmod@divisor+1)^0,c
   300   007E8A  0E64               	movlw	100
   301   007E8C  6E03               	movwf	___lwmod@divisor^0,c
   302   007E8E  C011  F001         	movff	_Counter,___lwmod@dividend
   303   007E92  C012  F002         	movff	_Counter+1,___lwmod@dividend+1
   304   007E96  EC93  F03E         	call	___lwmod	;wreg free
   305   007E9A  C001  F00F         	movff	?___lwmod,_main$897
   306   007E9E  C002  F010         	movff	?___lwmod+1,_main$897+1
   307   007EA2                     
   308                           ;main.c: 59:             First_Digit = (Counter % 100)%10;
   309   007EA2  C00F  F001         	movff	_main$897,___lwmod@dividend
   310   007EA6  C010  F002         	movff	_main$897+1,___lwmod@dividend+1
   311   007EAA  0E00               	movlw	0
   312   007EAC  6E04               	movwf	(___lwmod@divisor+1)^0,c
   313   007EAE  0E0A               	movlw	10
   314   007EB0  6E03               	movwf	___lwmod@divisor^0,c
   315   007EB2  EC93  F03E         	call	___lwmod	;wreg free
   316   007EB6  5001               	movf	?___lwmod^0,w,c
   317   007EB8  6E17               	movwf	_First_Digit^0,c
   318   007EBA                     
   319                           ;main.c: 60:             RAM = LATB;
   320   007EBA  CF8A F013          	movff	3978,_RAM	;volatile
   321   007EBE                     
   322                           ;main.c: 61:             LATB = First_Digit | (RAM&=0xF0) ;
   323   007EBE  0EF0               	movlw	240
   324   007EC0  1613               	andwf	_RAM^0,f,c
   325   007EC2  5013               	movf	_RAM^0,w,c
   326   007EC4  1017               	iorwf	_First_Digit^0,w,c
   327   007EC6  6E8A               	movwf	138,c	;volatile
   328   007EC8                     
   329                           ;main.c: 62:             LATAbits.LATA0 = 1;
   330   007EC8  8089               	bsf	137,0,c	;volatile
   331   007ECA                     
   332                           ;main.c: 63:             LATAbits.LATA1 = !1;
   333   007ECA  9289               	bcf	137,1,c	;volatile
   334   007ECC                     
   335                           ;main.c: 64:             LATAbits.LATA2 = !1;
   336   007ECC  9489               	bcf	137,2,c	;volatile
   337   007ECE                     
   338                           ;main.c: 65:             LATAbits.LATA3 = !1;
   339   007ECE  9689               	bcf	137,3,c	;volatile
   340                           
   341                           ;main.c: 66:             _delay((unsigned long)((100)*(20000000/4000.0)));
   342   007ED0  0E03               	movlw	3
   343   007ED2  6E0E               	movwf	(??_main+1)^0,c
   344   007ED4  0E8A               	movlw	138
   345   007ED6  6E0D               	movwf	??_main^0,c
   346   007ED8  0E56               	movlw	86
   347   007EDA                     u257:
   348   007EDA  2EE8               	decfsz	wreg,f,c
   349   007EDC  D7FE               	bra	u257
   350   007EDE  2E0D               	decfsz	??_main^0,f,c
   351   007EE0  D7FC               	bra	u257
   352   007EE2  2E0E               	decfsz	(??_main+1)^0,f,c
   353   007EE4  D7FA               	bra	u257
   354   007EE6                     
   355                           ;main.c: 69:             Second_Digit = (Counter % 100)/10;
   356   007EE6  0E00               	movlw	0
   357   007EE8  6E04               	movwf	(___lwmod@divisor+1)^0,c
   358   007EEA  0E64               	movlw	100
   359   007EEC  6E03               	movwf	___lwmod@divisor^0,c
   360   007EEE  C011  F001         	movff	_Counter,___lwmod@dividend
   361   007EF2  C012  F002         	movff	_Counter+1,___lwmod@dividend+1
   362   007EF6  EC93  F03E         	call	___lwmod	;wreg free
   363   007EFA  C001  F006         	movff	?___lwmod,___lwdiv@dividend
   364   007EFE  C002  F007         	movff	?___lwmod+1,___lwdiv@dividend+1
   365   007F02  0E00               	movlw	0
   366   007F04  6E09               	movwf	(___lwdiv@divisor+1)^0,c
   367   007F06  0E0A               	movlw	10
   368   007F08  6E08               	movwf	___lwdiv@divisor^0,c
   369   007F0A  ECC5  F03E         	call	___lwdiv	;wreg free
   370   007F0E  5006               	movf	?___lwdiv^0,w,c
   371   007F10  6E16               	movwf	_Second_Digit^0,c
   372   007F12                     
   373                           ;main.c: 70:             RAM = LATB;
   374   007F12  CF8A F013          	movff	3978,_RAM	;volatile
   375   007F16                     
   376                           ;main.c: 71:             LATB = Second_Digit | (RAM&=0xF0) ;
   377   007F16  0EF0               	movlw	240
   378   007F18  1613               	andwf	_RAM^0,f,c
   379   007F1A  5013               	movf	_RAM^0,w,c
   380   007F1C  1016               	iorwf	_Second_Digit^0,w,c
   381   007F1E  6E8A               	movwf	138,c	;volatile
   382   007F20                     
   383                           ;main.c: 72:             LATAbits.LATA0 = !1;
   384   007F20  9089               	bcf	137,0,c	;volatile
   385   007F22                     
   386                           ;main.c: 73:             LATAbits.LATA1 = 1;
   387   007F22  8289               	bsf	137,1,c	;volatile
   388   007F24                     
   389                           ;main.c: 74:             LATAbits.LATA2 = !1;
   390   007F24  9489               	bcf	137,2,c	;volatile
   391   007F26                     
   392                           ;main.c: 75:             LATAbits.LATA3 = !1;
   393   007F26  9689               	bcf	137,3,c	;volatile
   394   007F28                     
   395                           ;main.c: 76:             _delay((unsigned long)((100)*(20000000/4000.0)));
   396   007F28  0E03               	movlw	3
   397   007F2A  6E0E               	movwf	(??_main+1)^0,c
   398   007F2C  0E8A               	movlw	138
   399   007F2E  6E0D               	movwf	??_main^0,c
   400   007F30  0E56               	movlw	86
   401   007F32                     u267:
   402   007F32  2EE8               	decfsz	wreg,f,c
   403   007F34  D7FE               	bra	u267
   404   007F36  2E0D               	decfsz	??_main^0,f,c
   405   007F38  D7FC               	bra	u267
   406   007F3A  2E0E               	decfsz	(??_main+1)^0,f,c
   407   007F3C  D7FA               	bra	u267
   408   007F3E                     
   409                           ;main.c: 79:             Third_Digit = (Counter % 1000)/100;
   410   007F3E  0E03               	movlw	3
   411   007F40  6E04               	movwf	(___lwmod@divisor+1)^0,c
   412   007F42  0EE8               	movlw	232
   413   007F44  6E03               	movwf	___lwmod@divisor^0,c
   414   007F46  C011  F001         	movff	_Counter,___lwmod@dividend
   415   007F4A  C012  F002         	movff	_Counter+1,___lwmod@dividend+1
   416   007F4E  EC93  F03E         	call	___lwmod	;wreg free
   417   007F52  C001  F006         	movff	?___lwmod,___lwdiv@dividend
   418   007F56  C002  F007         	movff	?___lwmod+1,___lwdiv@dividend+1
   419   007F5A  0E00               	movlw	0
   420   007F5C  6E09               	movwf	(___lwdiv@divisor+1)^0,c
   421   007F5E  0E64               	movlw	100
   422   007F60  6E08               	movwf	___lwdiv@divisor^0,c
   423   007F62  ECC5  F03E         	call	___lwdiv	;wreg free
   424   007F66  5006               	movf	?___lwdiv^0,w,c
   425   007F68  6E15               	movwf	_Third_Digit^0,c
   426   007F6A                     
   427                           ;main.c: 80:             RAM = LATB;
   428   007F6A  CF8A F013          	movff	3978,_RAM	;volatile
   429                           
   430                           ;main.c: 81:             LATB = Third_Digit | (RAM&=0xF0);
   431   007F6E  0EF0               	movlw	240
   432   007F70  1613               	andwf	_RAM^0,f,c
   433   007F72  5013               	movf	_RAM^0,w,c
   434   007F74  1015               	iorwf	_Third_Digit^0,w,c
   435   007F76  6E8A               	movwf	138,c	;volatile
   436   007F78                     
   437                           ;main.c: 82:             LATAbits.LATA0 = !1;
   438   007F78  9089               	bcf	137,0,c	;volatile
   439   007F7A                     
   440                           ;main.c: 83:             LATAbits.LATA1 = !1;
   441   007F7A  9289               	bcf	137,1,c	;volatile
   442   007F7C                     
   443                           ;main.c: 84:             LATAbits.LATA2 = 1;
   444   007F7C  8489               	bsf	137,2,c	;volatile
   445   007F7E                     
   446                           ;main.c: 85:             LATAbits.LATA3 = !1;
   447   007F7E  9689               	bcf	137,3,c	;volatile
   448   007F80                     
   449                           ;main.c: 86:             _delay((unsigned long)((100)*(20000000/4000.0)));
   450   007F80  0E03               	movlw	3
   451   007F82  6E0E               	movwf	(??_main+1)^0,c
   452   007F84  0E8A               	movlw	138
   453   007F86  6E0D               	movwf	??_main^0,c
   454   007F88  0E56               	movlw	86
   455   007F8A                     u277:
   456   007F8A  2EE8               	decfsz	wreg,f,c
   457   007F8C  D7FE               	bra	u277
   458   007F8E  2E0D               	decfsz	??_main^0,f,c
   459   007F90  D7FC               	bra	u277
   460   007F92  2E0E               	decfsz	(??_main+1)^0,f,c
   461   007F94  D7FA               	bra	u277
   462   007F96                     
   463                           ;main.c: 89:             Fourth_Digit = Counter / 1000;
   464   007F96  C011  F006         	movff	_Counter,___lwdiv@dividend
   465   007F9A  C012  F007         	movff	_Counter+1,___lwdiv@dividend+1
   466   007F9E  0E03               	movlw	3
   467   007FA0  6E09               	movwf	(___lwdiv@divisor+1)^0,c
   468   007FA2  0EE8               	movlw	232
   469   007FA4  6E08               	movwf	___lwdiv@divisor^0,c
   470   007FA6  ECC5  F03E         	call	___lwdiv	;wreg free
   471   007FAA  5006               	movf	?___lwdiv^0,w,c
   472   007FAC  6E14               	movwf	_Fourth_Digit^0,c
   473   007FAE                     
   474                           ;main.c: 90:             RAM = LATB;
   475   007FAE  CF8A F013          	movff	3978,_RAM	;volatile
   476   007FB2                     
   477                           ;main.c: 91:             LATB = Fourth_Digit | (RAM&=0xF0);
   478   007FB2  0EF0               	movlw	240
   479   007FB4  1613               	andwf	_RAM^0,f,c
   480   007FB6  5013               	movf	_RAM^0,w,c
   481   007FB8  1014               	iorwf	_Fourth_Digit^0,w,c
   482   007FBA  6E8A               	movwf	138,c	;volatile
   483   007FBC                     
   484                           ;main.c: 92:             LATAbits.LATA0 = !1;
   485   007FBC  9089               	bcf	137,0,c	;volatile
   486   007FBE                     
   487                           ;main.c: 93:             LATAbits.LATA1 = !1;
   488   007FBE  9289               	bcf	137,1,c	;volatile
   489   007FC0                     
   490                           ;main.c: 94:             LATAbits.LATA2 = !1;
   491   007FC0  9489               	bcf	137,2,c	;volatile
   492   007FC2                     
   493                           ;main.c: 95:             LATAbits.LATA3 = 1;
   494   007FC2  8689               	bsf	137,3,c	;volatile
   495   007FC4                     
   496                           ;main.c: 96:             _delay((unsigned long)((100)*(20000000/4000.0)));
   497   007FC4  0E03               	movlw	3
   498   007FC6  6E0E               	movwf	(??_main+1)^0,c
   499   007FC8  0E8A               	movlw	138
   500   007FCA  6E0D               	movwf	??_main^0,c
   501   007FCC  0E56               	movlw	86
   502   007FCE                     u287:
   503   007FCE  2EE8               	decfsz	wreg,f,c
   504   007FD0  D7FE               	bra	u287
   505   007FD2  2E0D               	decfsz	??_main^0,f,c
   506   007FD4  D7FC               	bra	u287
   507   007FD6  2E0E               	decfsz	(??_main+1)^0,f,c
   508   007FD8  D7FA               	bra	u287
   509   007FDA                     l1034:
   510                           
   511                           ;main.c: 44:         while(Counter<=9999)
   512   007FDA  0E10               	movlw	16
   513   007FDC  5C11               	subwf	_Counter^0,w,c
   514   007FDE  0E27               	movlw	39
   515   007FE0  5812               	subwfb	(_Counter+1)^0,w,c
   516   007FE2  A0D8               	btfss	status,0,c
   517   007FE4  EFF6  F03F         	goto	u221
   518   007FE8  EFF8  F03F         	goto	u220
   519   007FEC                     u221:
   520   007FEC  EF05  F03F         	goto	l81
   521   007FF0                     u220:
   522   007FF0                     
   523                           ;main.c: 98:         Counter=0;
   524   007FF0  0E00               	movlw	0
   525   007FF2  6E12               	movwf	(_Counter+1)^0,c
   526   007FF4  0E00               	movlw	0
   527   007FF6  6E11               	movwf	_Counter^0,c
   528   007FF8  EFED  F03F         	goto	l1034
   529   007FFC  EF00  F000         	goto	start
   530   008000                     __end_of_main:
   531                           	callstack 0
   532                           
   533 ;; *************** function ___lwmod *****************
   534 ;; Defined at:
   535 ;;		line 7 in file "C:\Program Files\Microchip\xc8\v2.41\pic\sources\c99\common\lwmod.c"
   536 ;; Parameters:    Size  Location     Type
   537 ;;  dividend        2    0[COMRAM] unsigned int 
   538 ;;  divisor         2    2[COMRAM] unsigned int 
   539 ;; Auto vars:     Size  Location     Type
   540 ;;  counter         1    4[COMRAM] unsigned char 
   541 ;; Return value:  Size  Location     Type
   542 ;;                  2    0[COMRAM] unsigned int 
   543 ;; Registers used:
   544 ;;		wreg, status,2, status,0
   545 ;; Tracked objects:
   546 ;;		On entry : 0/0
   547 ;;		On exit  : 0/0
   548 ;;		Unchanged: 0/0
   549 ;; Data sizes:     COMRAM   BANK0   BANK1   BANK2   BANK3   BANK4   BANK5
   550 ;;      Params:         4       0       0       0       0       0       0
   551 ;;      Locals:         1       0       0       0       0       0       0
   552 ;;      Temps:          0       0       0       0       0       0       0
   553 ;;      Totals:         5       0       0       0       0       0       0
   554 ;;Total ram usage:        5 bytes
   555 ;; Hardware stack levels used: 1
   556 ;; This function calls:
   557 ;;		Nothing
   558 ;; This function is called by:
   559 ;;		_main
   560 ;; This function uses a non-reentrant model
   561 ;;
   562                           
   563                           	psect	text1
   564   007D26                     __ptext1:
   565                           	callstack 0
   566   007D26                     ___lwmod:
   567                           	callstack 30
   568   007D26  5003               	movf	___lwmod@divisor^0,w,c
   569   007D28  1004               	iorwf	(___lwmod@divisor+1)^0,w,c
   570   007D2A  B4D8               	btfsc	status,2,c
   571   007D2C  EF9A  F03E         	goto	u151
   572   007D30  EF9C  F03E         	goto	u150
   573   007D34                     u151:
   574   007D34  EFC0  F03E         	goto	l598
   575   007D38                     u150:
   576   007D38  0E01               	movlw	1
   577   007D3A  6E05               	movwf	___lwmod@counter^0,c
   578   007D3C  EFA4  F03E         	goto	l948
   579   007D40                     l946:
   580   007D40  90D8               	bcf	status,0,c
   581   007D42  3603               	rlcf	___lwmod@divisor^0,f,c
   582   007D44  3604               	rlcf	(___lwmod@divisor+1)^0,f,c
   583   007D46  2A05               	incf	___lwmod@counter^0,f,c
   584   007D48                     l948:
   585   007D48  AE04               	btfss	(___lwmod@divisor+1)^0,7,c
   586   007D4A  EFA9  F03E         	goto	u161
   587   007D4E  EFAB  F03E         	goto	u160
   588   007D52                     u161:
   589   007D52  EFA0  F03E         	goto	l946
   590   007D56                     u160:
   591   007D56                     l950:
   592   007D56  5003               	movf	___lwmod@divisor^0,w,c
   593   007D58  5C01               	subwf	___lwmod@dividend^0,w,c
   594   007D5A  5004               	movf	(___lwmod@divisor+1)^0,w,c
   595   007D5C  5802               	subwfb	(___lwmod@dividend+1)^0,w,c
   596   007D5E  A0D8               	btfss	status,0,c
   597   007D60  EFB4  F03E         	goto	u171
   598   007D64  EFB6  F03E         	goto	u170
   599   007D68                     u171:
   600   007D68  EFBA  F03E         	goto	l954
   601   007D6C                     u170:
   602   007D6C  5003               	movf	___lwmod@divisor^0,w,c
   603   007D6E  5E01               	subwf	___lwmod@dividend^0,f,c
   604   007D70  5004               	movf	(___lwmod@divisor+1)^0,w,c
   605   007D72  5A02               	subwfb	(___lwmod@dividend+1)^0,f,c
   606   007D74                     l954:
   607   007D74  90D8               	bcf	status,0,c
   608   007D76  3204               	rrcf	(___lwmod@divisor+1)^0,f,c
   609   007D78  3203               	rrcf	___lwmod@divisor^0,f,c
   610   007D7A  2E05               	decfsz	___lwmod@counter^0,f,c
   611   007D7C  EFAB  F03E         	goto	l950
   612   007D80                     l598:
   613   007D80  C001  F001         	movff	___lwmod@dividend,?___lwmod
   614   007D84  C002  F002         	movff	___lwmod@dividend+1,?___lwmod+1
   615   007D88  0012               	return		;funcret
   616   007D8A                     __end_of___lwmod:
   617                           	callstack 0
   618                           
   619 ;; *************** function ___lwdiv *****************
   620 ;; Defined at:
   621 ;;		line 7 in file "C:\Program Files\Microchip\xc8\v2.41\pic\sources\c99\common\lwdiv.c"
   622 ;; Parameters:    Size  Location     Type
   623 ;;  dividend        2    5[COMRAM] unsigned int 
   624 ;;  divisor         2    7[COMRAM] unsigned int 
   625 ;; Auto vars:     Size  Location     Type
   626 ;;  quotient        2    9[COMRAM] unsigned int 
   627 ;;  counter         1   11[COMRAM] unsigned char 
   628 ;; Return value:  Size  Location     Type
   629 ;;                  2    5[COMRAM] unsigned int 
   630 ;; Registers used:
   631 ;;		wreg, status,2, status,0
   632 ;; Tracked objects:
   633 ;;		On entry : 0/0
   634 ;;		On exit  : 0/0
   635 ;;		Unchanged: 0/0
   636 ;; Data sizes:     COMRAM   BANK0   BANK1   BANK2   BANK3   BANK4   BANK5
   637 ;;      Params:         4       0       0       0       0       0       0
   638 ;;      Locals:         3       0       0       0       0       0       0
   639 ;;      Temps:          0       0       0       0       0       0       0
   640 ;;      Totals:         7       0       0       0       0       0       0
   641 ;;Total ram usage:        7 bytes
   642 ;; Hardware stack levels used: 1
   643 ;; This function calls:
   644 ;;		Nothing
   645 ;; This function is called by:
   646 ;;		_main
   647 ;; This function uses a non-reentrant model
   648 ;;
   649                           
   650                           	psect	text2
   651   007D8A                     __ptext2:
   652                           	callstack 0
   653   007D8A                     ___lwdiv:
   654                           	callstack 30
   655   007D8A  0E00               	movlw	0
   656   007D8C  6E0B               	movwf	(___lwdiv@quotient+1)^0,c
   657   007D8E  0E00               	movlw	0
   658   007D90  6E0A               	movwf	___lwdiv@quotient^0,c
   659   007D92  5008               	movf	___lwdiv@divisor^0,w,c
   660   007D94  1009               	iorwf	(___lwdiv@divisor+1)^0,w,c
   661   007D96  B4D8               	btfsc	status,2,c
   662   007D98  EFD0  F03E         	goto	u121
   663   007D9C  EFD2  F03E         	goto	u120
   664   007DA0                     u121:
   665   007DA0  EFFA  F03E         	goto	l588
   666   007DA4                     u120:
   667   007DA4  0E01               	movlw	1
   668   007DA6  6E0C               	movwf	___lwdiv@counter^0,c
   669   007DA8  EFDA  F03E         	goto	l928
   670   007DAC                     l926:
   671   007DAC  90D8               	bcf	status,0,c
   672   007DAE  3608               	rlcf	___lwdiv@divisor^0,f,c
   673   007DB0  3609               	rlcf	(___lwdiv@divisor+1)^0,f,c
   674   007DB2  2A0C               	incf	___lwdiv@counter^0,f,c
   675   007DB4                     l928:
   676   007DB4  AE09               	btfss	(___lwdiv@divisor+1)^0,7,c
   677   007DB6  EFDF  F03E         	goto	u131
   678   007DBA  EFE1  F03E         	goto	u130
   679   007DBE                     u131:
   680   007DBE  EFD6  F03E         	goto	l926
   681   007DC2                     u130:
   682   007DC2                     l930:
   683   007DC2  90D8               	bcf	status,0,c
   684   007DC4  360A               	rlcf	___lwdiv@quotient^0,f,c
   685   007DC6  360B               	rlcf	(___lwdiv@quotient+1)^0,f,c
   686   007DC8  5008               	movf	___lwdiv@divisor^0,w,c
   687   007DCA  5C06               	subwf	___lwdiv@dividend^0,w,c
   688   007DCC  5009               	movf	(___lwdiv@divisor+1)^0,w,c
   689   007DCE  5807               	subwfb	(___lwdiv@dividend+1)^0,w,c
   690   007DD0  A0D8               	btfss	status,0,c
   691   007DD2  EFED  F03E         	goto	u141
   692   007DD6  EFEF  F03E         	goto	u140
   693   007DDA                     u141:
   694   007DDA  EFF4  F03E         	goto	l938
   695   007DDE                     u140:
   696   007DDE  5008               	movf	___lwdiv@divisor^0,w,c
   697   007DE0  5E06               	subwf	___lwdiv@dividend^0,f,c
   698   007DE2  5009               	movf	(___lwdiv@divisor+1)^0,w,c
   699   007DE4  5A07               	subwfb	(___lwdiv@dividend+1)^0,f,c
   700   007DE6  800A               	bsf	___lwdiv@quotient^0,0,c
   701   007DE8                     l938:
   702   007DE8  90D8               	bcf	status,0,c
   703   007DEA  3209               	rrcf	(___lwdiv@divisor+1)^0,f,c
   704   007DEC  3208               	rrcf	___lwdiv@divisor^0,f,c
   705   007DEE  2E0C               	decfsz	___lwdiv@counter^0,f,c
   706   007DF0  EFE1  F03E         	goto	l930
   707   007DF4                     l588:
   708   007DF4  C00A  F006         	movff	___lwdiv@quotient,?___lwdiv
   709   007DF8  C00B  F007         	movff	___lwdiv@quotient+1,?___lwdiv+1
   710   007DFC  0012               	return		;funcret
   711   007DFE                     __end_of___lwdiv:
   712                           	callstack 0
   713                           
   714 ;; *************** function _SYSTEM_Initialize *****************
   715 ;; Defined at:
   716 ;;		line 50 in file "mcc_generated_files/mcc.c"
   717 ;; Parameters:    Size  Location     Type
   718 ;;		None
   719 ;; Auto vars:     Size  Location     Type
   720 ;;		None
   721 ;; Return value:  Size  Location     Type
   722 ;;                  1    wreg      void 
   723 ;; Registers used:
   724 ;;		wreg, status,2, cstack
   725 ;; Tracked objects:
   726 ;;		On entry : 0/0
   727 ;;		On exit  : 0/0
   728 ;;		Unchanged: 0/0
   729 ;; Data sizes:     COMRAM   BANK0   BANK1   BANK2   BANK3   BANK4   BANK5
   730 ;;      Params:         0       0       0       0       0       0       0
   731 ;;      Locals:         0       0       0       0       0       0       0
   732 ;;      Temps:          0       0       0       0       0       0       0
   733 ;;      Totals:         0       0       0       0       0       0       0
   734 ;;Total ram usage:        0 bytes
   735 ;; Hardware stack levels used: 1
   736 ;; Hardware stack levels required when called: 1
   737 ;; This function calls:
   738 ;;		_OSCILLATOR_Initialize
   739 ;;		_PIN_MANAGER_Initialize
   740 ;; This function is called by:
   741 ;;		_main
   742 ;; This function uses a non-reentrant model
   743 ;;
   744                           
   745                           	psect	text3
   746   007CD8                     __ptext3:
   747                           	callstack 0
   748   007CD8                     _SYSTEM_Initialize:
   749                           	callstack 29
   750   007CD8                     
   751                           ;mcc_generated_files/mcc.c: 53:     PIN_MANAGER_Initialize();
   752   007CD8  EC7A  F03E         	call	_PIN_MANAGER_Initialize	;wreg free
   753                           
   754                           ;mcc_generated_files/mcc.c: 54:     OSCILLATOR_Initialize();
   755   007CDC  EC67  F03E         	call	_OSCILLATOR_Initialize	;wreg free
   756   007CE0  0012               	return		;funcret
   757   007CE2                     __end_of_SYSTEM_Initialize:
   758                           	callstack 0
   759                           
   760 ;; *************** function _PIN_MANAGER_Initialize *****************
   761 ;; Defined at:
   762 ;;		line 55 in file "mcc_generated_files/pin_manager.c"
   763 ;; Parameters:    Size  Location     Type
   764 ;;		None
   765 ;; Auto vars:     Size  Location     Type
   766 ;;		None
   767 ;; Return value:  Size  Location     Type
   768 ;;                  1    wreg      void 
   769 ;; Registers used:
   770 ;;		wreg, status,2
   771 ;; Tracked objects:
   772 ;;		On entry : 0/0
   773 ;;		On exit  : 0/0
   774 ;;		Unchanged: 0/0
   775 ;; Data sizes:     COMRAM   BANK0   BANK1   BANK2   BANK3   BANK4   BANK5
   776 ;;      Params:         0       0       0       0       0       0       0
   777 ;;      Locals:         0       0       0       0       0       0       0
   778 ;;      Temps:          0       0       0       0       0       0       0
   779 ;;      Totals:         0       0       0       0       0       0       0
   780 ;;Total ram usage:        0 bytes
   781 ;; Hardware stack levels used: 1
   782 ;; This function calls:
   783 ;;		Nothing
   784 ;; This function is called by:
   785 ;;		_SYSTEM_Initialize
   786 ;; This function uses a non-reentrant model
   787 ;;
   788                           
   789                           	psect	text4
   790   007CF4                     __ptext4:
   791                           	callstack 0
   792   007CF4                     _PIN_MANAGER_Initialize:
   793                           	callstack 29
   794   007CF4                     
   795                           ;mcc_generated_files/pin_manager.c: 60:     LATE = 0x00;
   796   007CF4  0E00               	movlw	0
   797   007CF6  6E8D               	movwf	141,c	;volatile
   798                           
   799                           ;mcc_generated_files/pin_manager.c: 61:     LATD = 0x00;
   800   007CF8  0E00               	movlw	0
   801   007CFA  6E8C               	movwf	140,c	;volatile
   802                           
   803                           ;mcc_generated_files/pin_manager.c: 62:     LATA = 0x00;
   804   007CFC  0E00               	movlw	0
   805   007CFE  6E89               	movwf	137,c	;volatile
   806                           
   807                           ;mcc_generated_files/pin_manager.c: 63:     LATB = 0x80;
   808   007D00  0E80               	movlw	128
   809   007D02  6E8A               	movwf	138,c	;volatile
   810                           
   811                           ;mcc_generated_files/pin_manager.c: 64:     LATC = 0x00;
   812   007D04  0E00               	movlw	0
   813   007D06  6E8B               	movwf	139,c	;volatile
   814                           
   815                           ;mcc_generated_files/pin_manager.c: 69:     TRISE = 0x07;
   816   007D08  0E07               	movlw	7
   817   007D0A  6E96               	movwf	150,c	;volatile
   818                           
   819                           ;mcc_generated_files/pin_manager.c: 70:     TRISA = 0xD0;
   820   007D0C  0ED0               	movlw	208
   821   007D0E  6E92               	movwf	146,c	;volatile
   822                           
   823                           ;mcc_generated_files/pin_manager.c: 71:     TRISB = 0x00;
   824   007D10  0E00               	movlw	0
   825   007D12  6E93               	movwf	147,c	;volatile
   826   007D14                     
   827                           ;mcc_generated_files/pin_manager.c: 72:     TRISC = 0xFF;
   828   007D14  6894               	setf	148,c	;volatile
   829   007D16                     
   830                           ;mcc_generated_files/pin_manager.c: 73:     TRISD = 0xFF;
   831   007D16  6895               	setf	149,c	;volatile
   832   007D18                     
   833                           ;mcc_generated_files/pin_manager.c: 78:     ANSEL = 0xFF;
   834   007D18  687E               	setf	126,c	;volatile
   835                           
   836                           ;mcc_generated_files/pin_manager.c: 79:     ANSELH = 0x1F;
   837   007D1A  0E1F               	movlw	31
   838   007D1C  6E7F               	movwf	127,c	;volatile
   839                           
   840                           ;mcc_generated_files/pin_manager.c: 84:     WPUB = 0x00;
   841   007D1E  0E00               	movlw	0
   842   007D20  6E7C               	movwf	124,c	;volatile
   843   007D22                     
   844                           ;mcc_generated_files/pin_manager.c: 85:     INTCON2bits.nRBPU = 1;
   845   007D22  8EF1               	bsf	241,7,c	;volatile
   846   007D24  0012               	return		;funcret
   847   007D26                     __end_of_PIN_MANAGER_Initialize:
   848                           	callstack 0
   849                           
   850 ;; *************** function _OSCILLATOR_Initialize *****************
   851 ;; Defined at:
   852 ;;		line 57 in file "mcc_generated_files/mcc.c"
   853 ;; Parameters:    Size  Location     Type
   854 ;;		None
   855 ;; Auto vars:     Size  Location     Type
   856 ;;		None
   857 ;; Return value:  Size  Location     Type
   858 ;;                  1    wreg      void 
   859 ;; Registers used:
   860 ;;		wreg, status,2
   861 ;; Tracked objects:
   862 ;;		On entry : 0/0
   863 ;;		On exit  : 0/0
   864 ;;		Unchanged: 0/0
   865 ;; Data sizes:     COMRAM   BANK0   BANK1   BANK2   BANK3   BANK4   BANK5
   866 ;;      Params:         0       0       0       0       0       0       0
   867 ;;      Locals:         0       0       0       0       0       0       0
   868 ;;      Temps:          0       0       0       0       0       0       0
   869 ;;      Totals:         0       0       0       0       0       0       0
   870 ;;Total ram usage:        0 bytes
   871 ;; Hardware stack levels used: 1
   872 ;; This function calls:
   873 ;;		Nothing
   874 ;; This function is called by:
   875 ;;		_SYSTEM_Initialize
   876 ;; This function uses a non-reentrant model
   877 ;;
   878                           
   879                           	psect	text5
   880   007CCE                     __ptext5:
   881                           	callstack 0
   882   007CCE                     _OSCILLATOR_Initialize:
   883                           	callstack 29
   884   007CCE                     
   885                           ;mcc_generated_files/mcc.c: 60:     OSCCON = 0x30;
   886   007CCE  0E30               	movlw	48
   887   007CD0  6ED3               	movwf	211,c	;volatile
   888                           
   889                           ;mcc_generated_files/mcc.c: 62:     OSCTUNE = 0x00;
   890   007CD2  0E00               	movlw	0
   891   007CD4  6E9B               	movwf	155,c	;volatile
   892   007CD6  0012               	return		;funcret
   893   007CD8                     __end_of_OSCILLATOR_Initialize:
   894                           	callstack 0
   895                           
   896 ;; *************** function _PIN_MANAGER_IOC *****************
   897 ;; Defined at:
   898 ;;		line 96 in file "mcc_generated_files/pin_manager.c"
   899 ;; Parameters:    Size  Location     Type
   900 ;;		None
   901 ;; Auto vars:     Size  Location     Type
   902 ;;		None
   903 ;; Return value:  Size  Location     Type
   904 ;;                  1    wreg      void 
   905 ;; Registers used:
   906 ;;		None
   907 ;; Tracked objects:
   908 ;;		On entry : 0/0
   909 ;;		On exit  : 0/0
   910 ;;		Unchanged: 0/0
   911 ;; Data sizes:     COMRAM   BANK0   BANK1   BANK2   BANK3   BANK4   BANK5
   912 ;;      Params:         0       0       0       0       0       0       0
   913 ;;      Locals:         0       0       0       0       0       0       0
   914 ;;      Temps:          0       0       0       0       0       0       0
   915 ;;      Totals:         0       0       0       0       0       0       0
   916 ;;Total ram usage:        0 bytes
   917 ;; Hardware stack levels used: 1
   918 ;; This function calls:
   919 ;;		Nothing
   920 ;; This function is called by:
   921 ;;		_main
   922 ;; This function uses a non-reentrant model
   923 ;;
   924                           
   925                           	psect	text6
   926   007CCA                     __ptext6:
   927                           	callstack 0
   928   007CCA                     _PIN_MANAGER_IOC:
   929                           	callstack 30
   930   007CCA                     
   931                           ;mcc_generated_files/pin_manager.c: 99:     INTCONbits.RBIF = 0;
   932   007CCA  90F2               	bcf	242,0,c	;volatile
   933   007CCC  0012               	return		;funcret
   934   007CCE                     __end_of_PIN_MANAGER_IOC:
   935                           	callstack 0
   936   000000                     
   937                           	psect	rparam
   938   000000                     
   939                           	psect	idloc
   940                           
   941                           ;Config register IDLOC0 @ 0x200000
   942                           ;	unspecified, using default values
   943   200000                     	org	2097152
   944   200000  FF                 	db	255
   945                           
   946                           ;Config register IDLOC1 @ 0x200001
   947                           ;	unspecified, using default values
   948   200001                     	org	2097153
   949   200001  FF                 	db	255
   950                           
   951                           ;Config register IDLOC2 @ 0x200002
   952                           ;	unspecified, using default values
   953   200002                     	org	2097154
   954   200002  FF                 	db	255
   955                           
   956                           ;Config register IDLOC3 @ 0x200003
   957                           ;	unspecified, using default values
   958   200003                     	org	2097155
   959   200003  FF                 	db	255
   960                           
   961                           ;Config register IDLOC4 @ 0x200004
   962                           ;	unspecified, using default values
   963   200004                     	org	2097156
   964   200004  FF                 	db	255
   965                           
   966                           ;Config register IDLOC5 @ 0x200005
   967                           ;	unspecified, using default values
   968   200005                     	org	2097157
   969   200005  FF                 	db	255
   970                           
   971                           ;Config register IDLOC6 @ 0x200006
   972                           ;	unspecified, using default values
   973   200006                     	org	2097158
   974   200006  FF                 	db	255
   975                           
   976                           ;Config register IDLOC7 @ 0x200007
   977                           ;	unspecified, using default values
   978   200007                     	org	2097159
   979   200007  FF                 	db	255
   980                           
   981                           	psect	config
   982                           
   983                           ; Padding undefined space
   984   300000                     	org	3145728
   985   300000  FF                 	db	255
   986                           
   987                           ;Config register CONFIG1H @ 0x300001
   988                           ;	Oscillator Selection bits
   989                           ;	FOSC = HS, HS oscillator
   990                           ;	Fail-Safe Clock Monitor Enable bit
   991                           ;	FCMEN = OFF, Fail-Safe Clock Monitor disabled
   992                           ;	Internal/External Oscillator Switchover bit
   993                           ;	IESO = OFF, Oscillator Switchover mode disabled
   994   300001                     	org	3145729
   995   300001  02                 	db	2
   996                           
   997                           ;Config register CONFIG2L @ 0x300002
   998                           ;	Power-up Timer Enable bit
   999                           ;	PWRT = OFF, PWRT disabled
  1000                           ;	Brown-out Reset Enable bits
  1001                           ;	BOREN = SBORDIS, Brown-out Reset enabled in hardware only (SBOREN is disabled)
  1002                           ;	Brown Out Reset Voltage bits
  1003                           ;	BORV = 18, VBOR set to 1.8 V nominal
  1004   300002                     	org	3145730
  1005   300002  1F                 	db	31
  1006                           
  1007                           ;Config register CONFIG2H @ 0x300003
  1008                           ;	Watchdog Timer Enable bit
  1009                           ;	WDTEN = OFF, WDT is controlled by SWDTEN bit of the WDTCON register
  1010                           ;	Watchdog Timer Postscale Select bits
  1011                           ;	WDTPS = 32768, 1:32768
  1012   300003                     	org	3145731
  1013   300003  1E                 	db	30
  1014                           
  1015                           ; Padding undefined space
  1016   300004                     	org	3145732
  1017   300004  FF                 	db	255
  1018                           
  1019                           ;Config register CONFIG3H @ 0x300005
  1020                           ;	CCP2 MUX bit
  1021                           ;	CCP2MX = PORTC, CCP2 input/output is multiplexed with RC1
  1022                           ;	PORTB A/D Enable bit
  1023                           ;	PBADEN = ON, PORTB<4:0> pins are configured as analog input channels on Reset
  1024                           ;	Low-Power Timer1 Oscillator Enable bit
  1025                           ;	LPT1OSC = OFF, Timer1 configured for higher power operation
  1026                           ;	HFINTOSC Fast Start-up
  1027                           ;	HFOFST = ON, HFINTOSC starts clocking the CPU without waiting for the oscillator to st
      +                          ablize.
  1028                           ;	MCLR Pin Enable bit
  1029                           ;	MCLRE = ON, MCLR pin enabled; RE3 input pin disabled
  1030   300005                     	org	3145733
  1031   300005  8B                 	db	139
  1032                           
  1033                           ;Config register CONFIG4L @ 0x300006
  1034                           ;	Stack Full/Underflow Reset Enable bit
  1035                           ;	STVREN = ON, Stack full/underflow will cause Reset
  1036                           ;	Single-Supply ICSP Enable bit
  1037                           ;	LVP = OFF, Single-Supply ICSP disabled
  1038                           ;	Extended Instruction Set Enable bit
  1039                           ;	XINST = OFF, Instruction set extension and Indexed Addressing mode disabled (Legacy mo
      +                          de)
  1040                           ;	Background Debugger Enable bit
  1041                           ;	DEBUG = OFF, Background debugger disabled, RB6 and RB7 configured as general purpose I
      +                          /O pins
  1042   300006                     	org	3145734
  1043   300006  81                 	db	129
  1044                           
  1045                           ; Padding undefined space
  1046   300007                     	org	3145735
  1047   300007  FF                 	db	255
  1048                           
  1049                           ;Config register CONFIG5L @ 0x300008
  1050                           ;	Code Protection Block 0
  1051                           ;	CP0 = OFF, Block 0 (000800-001FFFh) not code-protected
  1052                           ;	Code Protection Block 1
  1053                           ;	CP1 = OFF, Block 1 (002000-003FFFh) not code-protected
  1054                           ;	Code Protection Block 2
  1055                           ;	CP2 = OFF, Block 2 (004000-005FFFh) not code-protected
  1056                           ;	Code Protection Block 3
  1057                           ;	CP3 = OFF, Block 3 (006000-007FFFh) not code-protected
  1058   300008                     	org	3145736
  1059   300008  0F                 	db	15
  1060                           
  1061                           ;Config register CONFIG5H @ 0x300009
  1062                           ;	Boot Block Code Protection bit
  1063                           ;	CPB = OFF, Boot block (000000-0007FFh) not code-protected
  1064                           ;	Data EEPROM Code Protection bit
  1065                           ;	CPD = OFF, Data EEPROM not code-protected
  1066   300009                     	org	3145737
  1067   300009  C0                 	db	192
  1068                           
  1069                           ;Config register CONFIG6L @ 0x30000A
  1070                           ;	Write Protection Block 0
  1071                           ;	WRT0 = OFF, Block 0 (000800-001FFFh) not write-protected
  1072                           ;	Write Protection Block 1
  1073                           ;	WRT1 = OFF, Block 1 (002000-003FFFh) not write-protected
  1074                           ;	Write Protection Block 2
  1075                           ;	WRT2 = OFF, Block 2 (004000-005FFFh) not write-protected
  1076                           ;	Write Protection Block 3
  1077                           ;	WRT3 = OFF, Block 3 (006000-007FFFh) not write-protected
  1078   30000A                     	org	3145738
  1079   30000A  0F                 	db	15
  1080                           
  1081                           ;Config register CONFIG6H @ 0x30000B
  1082                           ;	Configuration Register Write Protection bit
  1083                           ;	WRTC = OFF, Configuration registers (300000-3000FFh) not write-protected
  1084                           ;	Boot Block Write Protection bit
  1085                           ;	WRTB = OFF, Boot Block (000000-0007FFh) not write-protected
  1086                           ;	Data EEPROM Write Protection bit
  1087                           ;	WRTD = OFF, Data EEPROM not write-protected
  1088   30000B                     	org	3145739
  1089   30000B  E0                 	db	224
  1090                           
  1091                           ;Config register CONFIG7L @ 0x30000C
  1092                           ;	Table Read Protection Block 0
  1093                           ;	EBTR0 = OFF, Block 0 (000800-001FFFh) not protected from table reads executed in other
      +                           blocks
  1094                           ;	Table Read Protection Block 1
  1095                           ;	EBTR1 = OFF, Block 1 (002000-003FFFh) not protected from table reads executed in other
      +                           blocks
  1096                           ;	Table Read Protection Block 2
  1097                           ;	EBTR2 = OFF, Block 2 (004000-005FFFh) not protected from table reads executed in other
      +                           blocks
  1098                           ;	Table Read Protection Block 3
  1099                           ;	EBTR3 = OFF, Block 3 (006000-007FFFh) not protected from table reads executed in other
      +                           blocks
  1100   30000C                     	org	3145740
  1101   30000C  0F                 	db	15
  1102                           
  1103                           ;Config register CONFIG7H @ 0x30000D
  1104                           ;	Boot Block Table Read Protection bit
  1105                           ;	EBTRB = OFF, Boot Block (000000-0007FFh) not protected from table reads executed in ot
      +                          her blocks
  1106   30000D                     	org	3145741
  1107   30000D  40                 	db	64
  1108                           tosu	equ	0xFFF
  1109                           tosh	equ	0xFFE
  1110                           tosl	equ	0xFFD
  1111                           stkptr	equ	0xFFC
  1112                           pclatu	equ	0xFFB
  1113                           pclath	equ	0xFFA
  1114                           pcl	equ	0xFF9
  1115                           tblptru	equ	0xFF8
  1116                           tblptrh	equ	0xFF7
  1117                           tblptrl	equ	0xFF6
  1118                           tablat	equ	0xFF5
  1119                           prodh	equ	0xFF4
  1120                           prodl	equ	0xFF3
  1121                           indf0	equ	0xFEF
  1122                           postinc0	equ	0xFEE
  1123                           postdec0	equ	0xFED
  1124                           preinc0	equ	0xFEC
  1125                           plusw0	equ	0xFEB
  1126                           fsr0h	equ	0xFEA
  1127                           fsr0l	equ	0xFE9
  1128                           wreg	equ	0xFE8
  1129                           indf1	equ	0xFE7
  1130                           postinc1	equ	0xFE6
  1131                           postdec1	equ	0xFE5
  1132                           preinc1	equ	0xFE4
  1133                           plusw1	equ	0xFE3
  1134                           fsr1h	equ	0xFE2
  1135                           fsr1l	equ	0xFE1
  1136                           bsr	equ	0xFE0
  1137                           indf2	equ	0xFDF
  1138                           postinc2	equ	0xFDE
  1139                           postdec2	equ	0xFDD
  1140                           preinc2	equ	0xFDC
  1141                           plusw2	equ	0xFDB
  1142                           fsr2h	equ	0xFDA
  1143                           fsr2l	equ	0xFD9
  1144                           status	equ	0xFD8

Data Sizes:
    Strings     0
    Constant    0
    Data        0
    BSS         7
    Persistent  0
    Stack       0

Auto Spaces:
    Space          Size  Autos    Used
    COMRAM           95     16      23
    BANK0           160      0       0
    BANK1           256      0       0
    BANK2           256      0       0
    BANK3           256      0       0
    BANK4           256      0       0
    BANK5           256      0       0

Pointer List with Targets:

    None.

Critical Paths under _main in COMRAM

    _main->___lwdiv
    ___lwdiv->___lwmod

Critical Paths under _main in BANK0

    None.

Critical Paths under _main in BANK1

    None.

Critical Paths under _main in BANK2

    None.

Critical Paths under _main in BANK3

    None.

Critical Paths under _main in BANK4

    None.

Critical Paths under _main in BANK5

    None.

Call Graph Tables:

 ---------------------------------------------------------------------------------
 (Depth) Function   	        Calls       Base Space   Used Autos Params    Refs
 ---------------------------------------------------------------------------------
 (0) _main                                                 4     4      0    1408
                                             12 COMRAM     4     4      0
                    _PIN_MANAGER_IOC
                  _SYSTEM_Initialize
                            ___lwdiv
                            ___lwmod
 ---------------------------------------------------------------------------------
 (1) ___lwmod                                              5     1      4     767
                                              0 COMRAM     5     1      4
 ---------------------------------------------------------------------------------
 (1) ___lwdiv                                              7     3      4     618
                                              5 COMRAM     7     3      4
                            ___lwmod (ARG)
 ---------------------------------------------------------------------------------
 (1) _SYSTEM_Initialize                                    0     0      0       0
              _OSCILLATOR_Initialize
             _PIN_MANAGER_Initialize
 ---------------------------------------------------------------------------------
 (2) _PIN_MANAGER_Initialize                               0     0      0       0
 ---------------------------------------------------------------------------------
 (2) _OSCILLATOR_Initialize                                0     0      0       0
 ---------------------------------------------------------------------------------
 (1) _PIN_MANAGER_IOC                                      0     0      0       0
 ---------------------------------------------------------------------------------
 Estimated maximum stack depth 2
 ---------------------------------------------------------------------------------

 Call Graph Graphs:

 _main (ROOT)
   _PIN_MANAGER_IOC
   _SYSTEM_Initialize
     _OSCILLATOR_Initialize
     _PIN_MANAGER_Initialize
   ___lwdiv
     ___lwmod (ARG)
   ___lwmod

 Address spaces:
Name               Size   Autos  Total    Cost      Usage
BIGRAM             5FF      0       0      26        0.0%
EEDATA             100      0       0       0        0.0%
BITBANK5           100      0       0      14        0.0%
BANK5              100      0       0      15        0.0%
BITBANK4           100      0       0      12        0.0%
BANK4              100      0       0      13        0.0%
BITBANK3           100      0       0      10        0.0%
BANK3              100      0       0      11        0.0%
BITBANK2           100      0       0       8        0.0%
BANK2              100      0       0       9        0.0%
BITBANK1           100      0       0       6        0.0%
BANK1              100      0       0       7        0.0%
BITBANK0            A0      0       0       4        0.0%
BANK0               A0      0       0       5        0.0%
BITCOMRAM           5F      0       0       0        0.0%
COMRAM              5F     10      17       1       24.2%
BITBIGSFRlh         37      0       0      18        0.0%
BITBIGSFRhl         1D      0       0      17        0.0%
BITBIGSFRllllll     1C      0       0      24        0.0%
BITBIGSFRhh          D      0       0      16        0.0%
BITBIGSFRllllhh      5      0       0      21        0.0%
BITBIGSFRllhh        4      0       0      19        0.0%
BITBIGSFRllhll       4      0       0      20        0.0%
BITBIGSFRllllhl      3      0       0      22        0.0%
BITBIGSFRlllllh      1      0       0      23        0.0%
BIGSFR               0      0       0     200        0.0%
BITSFR               0      0       0     200        0.0%
SFR                  0      0       0     200        0.0%
STACK                0      0       0       2        0.0%
NULL                 0      0       0       0        0.0%
ABS                  0      0      17      25        0.0%
DATA                 0      0      17       3        0.0%
CODE                 0      0       0       0        0.0%


Microchip Technology PIC18 Macro Assembler V2.41 build 20230208172133 
Symbol Table                                                                                   Sun Jul 09 17:17:33 2023

                            l11 7CE0                              l14 7CD6                              l50 7CCC  
                            l47 7D24                              l81 7E0A                              l82 7E48  
                            l83 7E32                              l88 7E70                             l605 7D88  
                           l910 7D18                             l912 7D22                             l904 7CF4  
                           l920 7D8A                             l914 7CCE                             l906 7D14  
                           l930 7DC2                             l922 7D92                             l595 7DFC  
                           l908 7D16                             l916 7CD8                             l940 7DEE  
                           l932 7DC8                             l924 7DA4                             l588 7DF4  
                           l918 7CCA                             l934 7DDE                             l926 7DAC  
                           l950 7D56                             l598 7D80                             l942 7D26  
                           l936 7DE6                             l928 7DB4                             l952 7D6C  
                           l944 7D38                             l960 7E02                             l938 7DE8  
                           l954 7D74                             l946 7D40                             l970 7E84  
                           l962 7E18                             l956 7D7A                             l948 7D48  
                           l980 7EC8                             l972 7E86                             l964 7E40  
                           l990 7F12                             l982 7ECA                             l974 7EA2  
                           l966 7E56                             l958 7DFE                             l992 7F16  
                           l984 7ECC                             l976 7EBA                             l968 7E7E  
                           l994 7F20                             l986 7ECE                             l978 7EBE  
                           l996 7F22                             l988 7EE6                             l998 7F24  
                           u120 7DA4                             u200 7E56                             u121 7DA0  
                           u201 7E52                             u130 7DC2                             u210 7E7E  
                           u131 7DBE                             u211 7E7A                             u140 7DDE  
                           u220 7FF0                             u141 7DDA                             u221 7FEC  
                           u150 7D38                             u151 7D34                             u160 7D56  
                           u161 7D52                             u170 7D6C                             u171 7D68  
                           u180 7E18                             u237 7E22                             u181 7E14  
                           u190 7E40                             u247 7E60                             u191 7E3C  
                           _RAM 0013                             u257 7EDA                             u267 7F32  
                           u277 7F8A                             u287 7FCE                             wreg 0FE8  
                          l1000 7F26                            l1010 7F7A                            l1002 7F28  
                          l1020 7FAE                            l1012 7F7C                            l1004 7F3E  
                          l1030 7FC2                            l1022 7FB2                            l1014 7F7E  
                          l1006 7F6A                            l1032 7FC4                            l1024 7FBC  
                          l1016 7F80                            l1008 7F78                            l1026 7FBE  
                          l1018 7F96                            l1034 7FDA                            l1036 7FF0  
                          l1028 7FC0                            _LATA 0F89                            _LATB 0F8A  
                          _LATC 0F8B                            _LATD 0F8C                            _LATE 0F8D  
                          _WPUB 0F7C                            _main 7DFE                            start 0000  
                  ___param_bank 0000   __end_of_OSCILLATOR_Initialize 7CD8                           ?_main 0001  
                         _ANSEL 0F7E                 __end_of___lwdiv 7DFE                 __end_of___lwmod 7D8A  
                         _TRISA 0F92                           _TRISB 0F93                           _TRISC 0F94  
                         _TRISD 0F95                           _TRISE 0F96         __end_of_PIN_MANAGER_IOC 7CCE  
                         status 0FD8                 __initialization 7CE2                    __end_of_main 8000  
                        ??_main 000D                   __activetblptr 0000                          _ANSELH 0F7F  
                        _OSCCON 0FD3                       ??___lwdiv 000A                       ??___lwmod 0005  
                        clear_0 7CE8                          isa$std 0001                     _First_Digit 0017  
              ?_PIN_MANAGER_IOC 0001               _SYSTEM_Initialize 7CD8                      __accesstop 0060  
       __end_of__initialization 7CEE              ?_SYSTEM_Initialize 0001                   ___rparam_used 0001  
                __pcstackCOMRAM 0001             ??_SYSTEM_Initialize 0001       __end_of_SYSTEM_Initialize 7CE2  
                       _OSCTUNE 0F9B                         _Counter 0011                         __Hparam 0000  
                       __Lparam 0000                     _Third_Digit 0015                         ___lwdiv 7D8A  
                       ___lwmod 7D26                         __pcinit 7CE2                         __ramtop 0600  
                       __ptext0 7DFE                         __ptext1 7D26                         __ptext2 7D8A  
                       __ptext3 7CD8                         __ptext4 7CF4                         __ptext5 7CCE  
                       __ptext6 7CCA           _OSCILLATOR_Initialize 7CCE        ??_PIN_MANAGER_Initialize 0001  
          end_of_initialization 7CEE                         postinc0 0FEE                       _PORTDbits 0F83  
        ?_OSCILLATOR_Initialize 0001             start_initialization 7CE2                    _Fourth_Digit 0014  
                   __pbssCOMRAM 0011                ___lwdiv@dividend 0006          _PIN_MANAGER_Initialize 7CF4  
                      ?___lwdiv 0006                        ?___lwmod 0001                    _Second_Digit 0016  
              ___lwdiv@quotient 000A                        _LATAbits 0F89               ??_PIN_MANAGER_IOC 0001  
                   _INTCON2bits 0FF1                        __Hrparam 0000                        __Lrparam 0000  
       ??_OSCILLATOR_Initialize 0001                        _main$897 000F                 ___lwdiv@divisor 0008  
               ___lwdiv@counter 000C                        isa$xinst 0000                      _INTCONbits 0FF2  
              ___lwmod@dividend 0001         ?_PIN_MANAGER_Initialize 0001                 ___lwmod@divisor 0003  
               ___lwmod@counter 0005  __end_of_PIN_MANAGER_Initialize 7D26                 _PIN_MANAGER_IOC 7CCA  
