

Microchip MPLAB XC8 Assembler V2.36 build 20220127204148 
                                                                                               Thu Dec 22 11:13:42 2022

Microchip MPLAB XC8 C Compiler v2.36 (Free license) build 20220127204148 Og1 
     1                           	processor	18F45K20
     2                           	fnconf	rparam,??,?,0
     3                           	pagewidth 120
     4                           	opt	flic
     5                           	psect	cinit,global,reloc=2,class=CODE,delta=1
     6                           	psect	cstackCOMRAM,global,class=COMRAM,space=1,delta=1,lowdata,noexec
     7                           	psect	text0,global,reloc=2,class=CODE,delta=1
     8                           	psect	text1,global,reloc=2,class=CODE,delta=1
     9                           	psect	text2,global,reloc=2,class=CODE,delta=1
    10                           	psect	text3,global,reloc=2,class=CODE,delta=1
    11                           	psect	text4,global,reloc=2,class=CODE,delta=1
    12                           	psect	text5,global,reloc=2,class=CODE,delta=1
    13                           	psect	text6,global,reloc=2,class=CODE,delta=1
    14                           	psect	intsave_regs,global,class=BIGRAM,space=1,delta=1,noexec
    15                           	psect	rparam,global,class=COMRAM,space=1,delta=1,noexec
    16                           	psect	idloc,global,abs,ovrld,class=IDLOC,space=5,delta=1,noexec
    17                           	psect	config,global,abs,ovrld,class=CONFIG,space=4,delta=1,noexec
    18  0000                     
    19                           ; Version 2.36
    20                           ; Generated 28/01/2022 GMT
    21                           ; 
    22                           ; Copyright © 2022, Microchip Technology Inc. and its subsidiaries ("Microchip")
    23                           ; All rights reserved.
    24                           ; 
    25                           ; This software is developed by Microchip Technology Inc. and its subsidiaries ("Microch
      +                          ip").
    26                           ; 
    27                           ; Redistribution and use in source and binary forms, with or without modification, are
    28                           ; permitted provided that the following conditions are met:
    29                           ; 
    30                           ;     1. Redistributions of source code must retain the above copyright notice, this lis
      +                          t of
    31                           ;        conditions and the following disclaimer.
    32                           ; 
    33                           ;     2. Redistributions in binary form must reproduce the above copyright notice, this 
      +                          list
    34                           ;        of conditions and the following disclaimer in the documentation and/or other
    35                           ;        materials provided with the distribution. Publication is not required when
    36                           ;        this file is used in an embedded application.
    37                           ; 
    38                           ;     3. Microchip's name may not be used to endorse or promote products derived from th
      +                          is
    39                           ;        software without specific prior written permission.
    40                           ; 
    41                           ; THIS SOFTWARE IS PROVIDED BY MICROCHIP "AS IS" AND ANY EXPRESS OR IMPLIED WARRANTIES,
    42                           ; INCLUDING, BUT NOT LIMITED TO, THE IMPLIED WARRANTIES OF MERCHANTABILITY AND FITNESS F
      +                          OR
    43                           ; PURPOSE ARE DISCLAIMED.  IN NO EVENT SHALL MICROCHIP BE LIABLE FOR ANY DIRECT, INDIREC
      +                          T,
    44                           ; INCIDENTAL, SPECIAL, EXEMPLARY, OR CONSEQUENTIAL DAMAGES (INCLUDING BUT NOT LIMITED TO
    45                           ; PROCUREMENT OF SUBSTITUTE GOODS OR SERVICES; LOSS OF USE, DATA OR PROFITS; OR BUSINESS
    46                           ; INTERRUPTION) HOWSOEVER CAUSED AND ON ANY THEORY OF LIABILITY, WHETHER IN CONTRACT, ST
      +                          RICT
    47                           ; LIABILITY, OR TORT (INCLUDING NEGLIGENCE OR OTHERWISE) ARISING IN ANY WAY OUT OF THE U
      +                          SE OF
    48                           ; THIS SOFTWARE, EVEN IF ADVISED OF THE POSSIBILITY OF SUCH DAMAGE.
    49                           ; 
    50                           ; 
    51                           ; Code-generator required, PIC18F45K20 Definitions
    52                           ; 
    53                           ; SFR Addresses
    54  0000                     _TRISD	set	3989
    55  0000                     _TRISC	set	3988
    56  0000                     _TRISB	set	3987
    57  0000                     _LATC	set	3979
    58  0000                     _LATB	set	3978
    59  0000                     _LATBbits	set	3978
    60  0000                     _WPUB	set	3964
    61  0000                     _ANSEL	set	3966
    62  0000                     _LATA	set	3977
    63  0000                     _LATD	set	3980
    64  0000                     _LATE	set	3981
    65  0000                     _OSCTUNE	set	3995
    66  0000                     _OSCCON	set	4051
    67  0000                     _INTCON2bits	set	4081
    68  0000                     _TRISA	set	3986
    69  0000                     _TRISE	set	3990
    70  0000                     _ANSELH	set	3967
    71  0000                     _INTCONbits	set	4082
    72                           
    73                           ; #config settings
    74                           
    75                           	psect	cinit
    76  007EAE                     __pcinit:
    77                           	callstack 0
    78  007EAE                     start_initialization:
    79                           	callstack 0
    80  007EAE                     __initialization:
    81                           	callstack 0
    82  007EAE                     end_of_initialization:
    83                           	callstack 0
    84  007EAE                     __end_of__initialization:
    85                           	callstack 0
    86  007EAE  0100               	movlb	0
    87  007EB0  EFDC  F03F         	goto	_main	;jump to C main() function
    88                           
    89                           	psect	cstackCOMRAM
    90  000001                     __pcstackCOMRAM:
    91                           	callstack 0
    92  000001                     ??_servoRotate0:
    93  000001                     ??_servoRotate90:
    94  000001                     ??_servoRotate180:
    95  000001                     
    96                           ; 1 bytes @ 0x0
    97  000001                     	ds	1
    98  000002                     servoRotate0@i:
    99                           	callstack 0
   100  000002                     servoRotate90@i:
   101                           	callstack 0
   102  000002                     servoRotate180@i:
   103                           	callstack 0
   104                           
   105                           ; 2 bytes @ 0x1
   106  000002                     	ds	2
   107  000004                     ??_main:
   108                           
   109                           ; 1 bytes @ 0x3
   110  000004                     	ds	1
   111                           
   112 ;;
   113 ;;Main: autosize = 0, tempsize = 1, incstack = 0, save=0
   114 ;;
   115 ;; *************** function _main *****************
   116 ;; Defined at:
   117 ;;		line 50 in file "main.c"
   118 ;; Parameters:    Size  Location     Type
   119 ;;		None
   120 ;; Auto vars:     Size  Location     Type
   121 ;;		None
   122 ;; Return value:  Size  Location     Type
   123 ;;                  1    wreg      void 
   124 ;; Registers used:
   125 ;;		wreg, status,2, status,0, cstack
   126 ;; Tracked objects:
   127 ;;		On entry : 0/0
   128 ;;		On exit  : 0/0
   129 ;;		Unchanged: 0/0
   130 ;; Data sizes:     COMRAM   BANK0   BANK1   BANK2   BANK3   BANK4   BANK5
   131 ;;      Params:         0       0       0       0       0       0       0
   132 ;;      Locals:         0       0       0       0       0       0       0
   133 ;;      Temps:          1       0       0       0       0       0       0
   134 ;;      Totals:         1       0       0       0       0       0       0
   135 ;;Total ram usage:        1 bytes
   136 ;; Hardware stack levels required when called: 2
   137 ;; This function calls:
   138 ;;		_SYSTEM_Initialize
   139 ;;		_servoRotate0
   140 ;;		_servoRotate180
   141 ;;		_servoRotate90
   142 ;; This function is called by:
   143 ;;		Startup code after reset
   144 ;; This function uses a non-reentrant model
   145 ;;
   146                           
   147                           	psect	text0
   148  007FB8                     __ptext0:
   149                           	callstack 0
   150  007FB8                     _main:
   151                           	callstack 29
   152  007FB8                     
   153                           ;main.c: 53:     SYSTEM_Initialize();
   154  007FB8  EC5F  F03F         	call	_SYSTEM_Initialize	;wreg free
   155  007FBC                     l810:
   156                           
   157                           ;main.c: 56:   {;main.c: 57:     servoRotate0();
   158  007FBC  ECBB  F03F         	call	_servoRotate0	;wreg free
   159  007FC0                     
   160                           ;main.c: 58:     _delay((unsigned long)((1000)*(500000/4000.0)));
   161  007FC0  0EA3               	movlw	163
   162  007FC2  6E04               	movwf	??_main^0,c
   163  007FC4  0E55               	movlw	85
   164  007FC6                     u47:
   165  007FC6  2EE8               	decfsz	wreg,f,c
   166  007FC8  D7FE               	bra	u47
   167  007FCA  2E04               	decfsz	??_main^0,f,c
   168  007FCC  D7FC               	bra	u47
   169  007FCE  F000               	nop	
   170  007FD0                     
   171                           ;main.c: 59:     servoRotate90();
   172  007FD0  EC7C  F03F         	call	_servoRotate90	;wreg free
   173  007FD4                     
   174                           ;main.c: 60:     _delay((unsigned long)((1000)*(500000/4000.0)));
   175  007FD4  0EA3               	movlw	163
   176  007FD6  6E04               	movwf	??_main^0,c
   177  007FD8  0E55               	movlw	85
   178  007FDA                     u57:
   179  007FDA  2EE8               	decfsz	wreg,f,c
   180  007FDC  D7FE               	bra	u57
   181  007FDE  2E04               	decfsz	??_main^0,f,c
   182  007FE0  D7FC               	bra	u57
   183  007FE2  F000               	nop	
   184  007FE4                     
   185                           ;main.c: 61:     servoRotate180();
   186  007FE4  EC9B  F03F         	call	_servoRotate180	;wreg free
   187  007FE8                     
   188                           ;main.c: 62:     _delay((unsigned long)((1000)*(500000/4000.0)));
   189  007FE8  0EA3               	movlw	163
   190  007FEA  6E04               	movwf	??_main^0,c
   191  007FEC  0E55               	movlw	85
   192  007FEE                     u67:
   193  007FEE  2EE8               	decfsz	wreg,f,c
   194  007FF0  D7FE               	bra	u67
   195  007FF2  2E04               	decfsz	??_main^0,f,c
   196  007FF4  D7FC               	bra	u67
   197  007FF6  F000               	nop	
   198                           
   199                           ;main.c: 63:   }
   200  007FF8  EFDE  F03F         	goto	l810
   201  007FFC  EF00  F000         	goto	start
   202  008000                     __end_of_main:
   203                           	callstack 0
   204                           
   205 ;; *************** function _servoRotate90 *****************
   206 ;; Defined at:
   207 ;;		line 22 in file "main.c"
   208 ;; Parameters:    Size  Location     Type
   209 ;;		None
   210 ;; Auto vars:     Size  Location     Type
   211 ;;  i               2    1[COMRAM] unsigned int 
   212 ;; Return value:  Size  Location     Type
   213 ;;                  1    wreg      void 
   214 ;; Registers used:
   215 ;;		wreg, status,2, status,0
   216 ;; Tracked objects:
   217 ;;		On entry : 0/0
   218 ;;		On exit  : 0/0
   219 ;;		Unchanged: 0/0
   220 ;; Data sizes:     COMRAM   BANK0   BANK1   BANK2   BANK3   BANK4   BANK5
   221 ;;      Params:         0       0       0       0       0       0       0
   222 ;;      Locals:         2       0       0       0       0       0       0
   223 ;;      Temps:          1       0       0       0       0       0       0
   224 ;;      Totals:         3       0       0       0       0       0       0
   225 ;;Total ram usage:        3 bytes
   226 ;; Hardware stack levels used: 1
   227 ;; This function calls:
   228 ;;		Nothing
   229 ;; This function is called by:
   230 ;;		_main
   231 ;; This function uses a non-reentrant model
   232 ;;
   233                           
   234                           	psect	text1
   235  007EF8                     __ptext1:
   236                           	callstack 0
   237  007EF8                     _servoRotate90:
   238                           	callstack 30
   239  007EF8                     
   240                           ;main.c: 24:   unsigned int i;;main.c: 25:   for(i=0;i<50;i++)
   241  007EF8  0E00               	movlw	0
   242  007EFA  6E03               	movwf	(servoRotate90@i+1)^0,c
   243  007EFC  0E00               	movlw	0
   244  007EFE  6E02               	movwf	servoRotate90@i^0,c
   245  007F00                     l64:
   246                           
   247                           ;main.c: 26:   {;main.c: 27:     LATBbits.LATB0 = 1;
   248  007F00  808A               	bsf	138,0,c	;volatile
   249  007F02                     
   250                           ;main.c: 28:     _delay((unsigned long)((1500)*(500000/4000000.0)));
   251  007F02  0E3E               	movlw	62
   252  007F04                     u77:
   253  007F04  2EE8               	decfsz	wreg,f,c
   254  007F06  D7FE               	bra	u77
   255  007F08  F000               	nop	
   256  007F0A                     
   257                           ;main.c: 29:     LATBbits.LATB0 = 0;
   258  007F0A  908A               	bcf	138,0,c	;volatile
   259                           
   260                           ;main.c: 30:     _delay((unsigned long)((18500)*(500000/4000000.0)));
   261  007F0C  0E03               	movlw	3
   262  007F0E  6E01               	movwf	??_servoRotate90^0,c
   263  007F10  0E00               	movlw	0
   264  007F12                     u87:
   265  007F12  2EE8               	decfsz	wreg,f,c
   266  007F14  D7FE               	bra	u87
   267  007F16  2E01               	decfsz	??_servoRotate90^0,f,c
   268  007F18  D7FC               	bra	u87
   269  007F1A                     
   270                           ;main.c: 31:   }
   271  007F1A  4A02               	infsnz	servoRotate90@i^0,f,c
   272  007F1C  2A03               	incf	(servoRotate90@i+1)^0,f,c
   273  007F1E  5003               	movf	(servoRotate90@i+1)^0,w,c
   274  007F20  E109               	bnz	u20
   275  007F22  0E32               	movlw	50
   276  007F24  5C02               	subwf	servoRotate90@i^0,w,c
   277  007F26  A0D8               	btfss	status,0,c
   278  007F28  EF98  F03F         	goto	u21
   279  007F2C  EF9A  F03F         	goto	u20
   280  007F30                     u21:
   281  007F30  EF80  F03F         	goto	l64
   282  007F34                     u20:
   283  007F34  0012               	return		;funcret
   284  007F36                     __end_of_servoRotate90:
   285                           	callstack 0
   286                           
   287 ;; *************** function _servoRotate180 *****************
   288 ;; Defined at:
   289 ;;		line 34 in file "main.c"
   290 ;; Parameters:    Size  Location     Type
   291 ;;		None
   292 ;; Auto vars:     Size  Location     Type
   293 ;;  i               2    1[COMRAM] unsigned int 
   294 ;; Return value:  Size  Location     Type
   295 ;;                  1    wreg      void 
   296 ;; Registers used:
   297 ;;		wreg, status,2, status,0
   298 ;; Tracked objects:
   299 ;;		On entry : 0/0
   300 ;;		On exit  : 0/0
   301 ;;		Unchanged: 0/0
   302 ;; Data sizes:     COMRAM   BANK0   BANK1   BANK2   BANK3   BANK4   BANK5
   303 ;;      Params:         0       0       0       0       0       0       0
   304 ;;      Locals:         2       0       0       0       0       0       0
   305 ;;      Temps:          1       0       0       0       0       0       0
   306 ;;      Totals:         3       0       0       0       0       0       0
   307 ;;Total ram usage:        3 bytes
   308 ;; Hardware stack levels used: 1
   309 ;; This function calls:
   310 ;;		Nothing
   311 ;; This function is called by:
   312 ;;		_main
   313 ;; This function uses a non-reentrant model
   314 ;;
   315                           
   316                           	psect	text2
   317  007F36                     __ptext2:
   318                           	callstack 0
   319  007F36                     _servoRotate180:
   320                           	callstack 30
   321  007F36                     
   322                           ;main.c: 36:   unsigned int i;;main.c: 37:   for(i=0;i<50;i++)
   323  007F36  0E00               	movlw	0
   324  007F38  6E03               	movwf	(servoRotate180@i+1)^0,c
   325  007F3A  0E00               	movlw	0
   326  007F3C  6E02               	movwf	servoRotate180@i^0,c
   327  007F3E                     l69:
   328                           
   329                           ;main.c: 38:   {;main.c: 39:     LATBbits.LATB0 = 1;
   330  007F3E  808A               	bsf	138,0,c	;volatile
   331  007F40                     
   332                           ;main.c: 40:     _delay((unsigned long)((2200)*(500000/4000000.0)));
   333  007F40  0E5B               	movlw	91
   334  007F42                     u97:
   335  007F42  2EE8               	decfsz	wreg,f,c
   336  007F44  D7FE               	bra	u97
   337  007F46  F000 F000          	nop2	
   338  007F4A                     
   339                           ;main.c: 41:     LATBbits.LATB0 = 0;
   340  007F4A  908A               	bcf	138,0,c	;volatile
   341                           
   342                           ;main.c: 42:     _delay((unsigned long)((17800)*(500000/4000000.0)));
   343  007F4C  0E03               	movlw	3
   344  007F4E  6E01               	movwf	??_servoRotate180^0,c
   345  007F50  0EE3               	movlw	227
   346  007F52                     u107:
   347  007F52  2EE8               	decfsz	wreg,f,c
   348  007F54  D7FE               	bra	u107
   349  007F56  2E01               	decfsz	??_servoRotate180^0,f,c
   350  007F58  D7FC               	bra	u107
   351  007F5A                     
   352                           ;main.c: 43:   }
   353  007F5A  4A02               	infsnz	servoRotate180@i^0,f,c
   354  007F5C  2A03               	incf	(servoRotate180@i+1)^0,f,c
   355  007F5E  5003               	movf	(servoRotate180@i+1)^0,w,c
   356  007F60  E109               	bnz	u30
   357  007F62  0E32               	movlw	50
   358  007F64  5C02               	subwf	servoRotate180@i^0,w,c
   359  007F66  A0D8               	btfss	status,0,c
   360  007F68  EFB8  F03F         	goto	u31
   361  007F6C  EFBA  F03F         	goto	u30
   362  007F70                     u31:
   363  007F70  EF9F  F03F         	goto	l69
   364  007F74                     u30:
   365  007F74  0012               	return		;funcret
   366  007F76                     __end_of_servoRotate180:
   367                           	callstack 0
   368                           
   369 ;; *************** function _servoRotate0 *****************
   370 ;; Defined at:
   371 ;;		line 10 in file "main.c"
   372 ;; Parameters:    Size  Location     Type
   373 ;;		None
   374 ;; Auto vars:     Size  Location     Type
   375 ;;  i               2    1[COMRAM] unsigned int 
   376 ;; Return value:  Size  Location     Type
   377 ;;                  1    wreg      void 
   378 ;; Registers used:
   379 ;;		wreg, status,2, status,0
   380 ;; Tracked objects:
   381 ;;		On entry : 0/0
   382 ;;		On exit  : 0/0
   383 ;;		Unchanged: 0/0
   384 ;; Data sizes:     COMRAM   BANK0   BANK1   BANK2   BANK3   BANK4   BANK5
   385 ;;      Params:         0       0       0       0       0       0       0
   386 ;;      Locals:         2       0       0       0       0       0       0
   387 ;;      Temps:          1       0       0       0       0       0       0
   388 ;;      Totals:         3       0       0       0       0       0       0
   389 ;;Total ram usage:        3 bytes
   390 ;; Hardware stack levels used: 1
   391 ;; This function calls:
   392 ;;		Nothing
   393 ;; This function is called by:
   394 ;;		_main
   395 ;; This function uses a non-reentrant model
   396 ;;
   397                           
   398                           	psect	text3
   399  007F76                     __ptext3:
   400                           	callstack 0
   401  007F76                     _servoRotate0:
   402                           	callstack 30
   403  007F76                     
   404                           ;main.c: 12:   unsigned int i;;main.c: 13:   for(i=0;i<50;i++)
   405  007F76  0E00               	movlw	0
   406  007F78  6E03               	movwf	(servoRotate0@i+1)^0,c
   407  007F7A  0E00               	movlw	0
   408  007F7C  6E02               	movwf	servoRotate0@i^0,c
   409  007F7E                     l59:
   410                           
   411                           ;main.c: 14:   {;main.c: 15:     LATBbits.LATB0 = 1;
   412  007F7E  808A               	bsf	138,0,c	;volatile
   413  007F80                     
   414                           ;main.c: 16:     _delay((unsigned long)((800)*(500000/4000000.0)));
   415  007F80  0E21               	movlw	33
   416  007F82                     u117:
   417  007F82  2EE8               	decfsz	wreg,f,c
   418  007F84  D7FE               	bra	u117
   419  007F86  F000               	nop	
   420  007F88                     
   421                           ;main.c: 17:     LATBbits.LATB0 = 0;
   422  007F88  908A               	bcf	138,0,c	;volatile
   423                           
   424                           ;main.c: 18:     _delay((unsigned long)((19200)*(500000/4000000.0)));
   425  007F8A  0E04               	movlw	4
   426  007F8C  6E01               	movwf	??_servoRotate0^0,c
   427  007F8E  0E1C               	movlw	28
   428  007F90                     u127:
   429  007F90  2EE8               	decfsz	wreg,f,c
   430  007F92  D7FE               	bra	u127
   431  007F94  2E01               	decfsz	??_servoRotate0^0,f,c
   432  007F96  D7FC               	bra	u127
   433  007F98  F000 F000          	nop2	
   434  007F9C                     
   435                           ;main.c: 19:   }
   436  007F9C  4A02               	infsnz	servoRotate0@i^0,f,c
   437  007F9E  2A03               	incf	(servoRotate0@i+1)^0,f,c
   438  007FA0  5003               	movf	(servoRotate0@i+1)^0,w,c
   439  007FA2  E109               	bnz	u10
   440  007FA4  0E32               	movlw	50
   441  007FA6  5C02               	subwf	servoRotate0@i^0,w,c
   442  007FA8  A0D8               	btfss	status,0,c
   443  007FAA  EFD9  F03F         	goto	u11
   444  007FAE  EFDB  F03F         	goto	u10
   445  007FB2                     u11:
   446  007FB2  EFBF  F03F         	goto	l59
   447  007FB6                     u10:
   448  007FB6  0012               	return		;funcret
   449  007FB8                     __end_of_servoRotate0:
   450                           	callstack 0
   451                           
   452 ;; *************** function _SYSTEM_Initialize *****************
   453 ;; Defined at:
   454 ;;		line 50 in file "mcc_generated_files/mcc.c"
   455 ;; Parameters:    Size  Location     Type
   456 ;;		None
   457 ;; Auto vars:     Size  Location     Type
   458 ;;		None
   459 ;; Return value:  Size  Location     Type
   460 ;;                  1    wreg      void 
   461 ;; Registers used:
   462 ;;		wreg, status,2, cstack
   463 ;; Tracked objects:
   464 ;;		On entry : 0/0
   465 ;;		On exit  : 0/0
   466 ;;		Unchanged: 0/0
   467 ;; Data sizes:     COMRAM   BANK0   BANK1   BANK2   BANK3   BANK4   BANK5
   468 ;;      Params:         0       0       0       0       0       0       0
   469 ;;      Locals:         0       0       0       0       0       0       0
   470 ;;      Temps:          0       0       0       0       0       0       0
   471 ;;      Totals:         0       0       0       0       0       0       0
   472 ;;Total ram usage:        0 bytes
   473 ;; Hardware stack levels used: 1
   474 ;; Hardware stack levels required when called: 1
   475 ;; This function calls:
   476 ;;		_OSCILLATOR_Initialize
   477 ;;		_PIN_MANAGER_Initialize
   478 ;; This function is called by:
   479 ;;		_main
   480 ;; This function uses a non-reentrant model
   481 ;;
   482                           
   483                           	psect	text4
   484  007EBE                     __ptext4:
   485                           	callstack 0
   486  007EBE                     _SYSTEM_Initialize:
   487                           	callstack 29
   488  007EBE                     
   489                           ;mcc_generated_files/mcc.c: 53:     PIN_MANAGER_Initialize();
   490  007EBE  EC64  F03F         	call	_PIN_MANAGER_Initialize	;wreg free
   491                           
   492                           ;mcc_generated_files/mcc.c: 54:     OSCILLATOR_Initialize();
   493  007EC2  EC5A  F03F         	call	_OSCILLATOR_Initialize	;wreg free
   494  007EC6  0012               	return		;funcret
   495  007EC8                     __end_of_SYSTEM_Initialize:
   496                           	callstack 0
   497                           
   498 ;; *************** function _PIN_MANAGER_Initialize *****************
   499 ;; Defined at:
   500 ;;		line 55 in file "mcc_generated_files/pin_manager.c"
   501 ;; Parameters:    Size  Location     Type
   502 ;;		None
   503 ;; Auto vars:     Size  Location     Type
   504 ;;		None
   505 ;; Return value:  Size  Location     Type
   506 ;;                  1    wreg      void 
   507 ;; Registers used:
   508 ;;		wreg, status,2
   509 ;; Tracked objects:
   510 ;;		On entry : 0/0
   511 ;;		On exit  : 0/0
   512 ;;		Unchanged: 0/0
   513 ;; Data sizes:     COMRAM   BANK0   BANK1   BANK2   BANK3   BANK4   BANK5
   514 ;;      Params:         0       0       0       0       0       0       0
   515 ;;      Locals:         0       0       0       0       0       0       0
   516 ;;      Temps:          0       0       0       0       0       0       0
   517 ;;      Totals:         0       0       0       0       0       0       0
   518 ;;Total ram usage:        0 bytes
   519 ;; Hardware stack levels used: 1
   520 ;; This function calls:
   521 ;;		Nothing
   522 ;; This function is called by:
   523 ;;		_SYSTEM_Initialize
   524 ;; This function uses a non-reentrant model
   525 ;;
   526                           
   527                           	psect	text5
   528  007EC8                     __ptext5:
   529                           	callstack 0
   530  007EC8                     _PIN_MANAGER_Initialize:
   531                           	callstack 29
   532  007EC8                     
   533                           ;mcc_generated_files/pin_manager.c: 60:     LATE = 0x00;
   534  007EC8  0E00               	movlw	0
   535  007ECA  6E8D               	movwf	141,c	;volatile
   536                           
   537                           ;mcc_generated_files/pin_manager.c: 61:     LATD = 0x00;
   538  007ECC  0E00               	movlw	0
   539  007ECE  6E8C               	movwf	140,c	;volatile
   540                           
   541                           ;mcc_generated_files/pin_manager.c: 62:     LATA = 0x00;
   542  007ED0  0E00               	movlw	0
   543  007ED2  6E89               	movwf	137,c	;volatile
   544                           
   545                           ;mcc_generated_files/pin_manager.c: 63:     LATB = 0x00;
   546  007ED4  0E00               	movlw	0
   547  007ED6  6E8A               	movwf	138,c	;volatile
   548                           
   549                           ;mcc_generated_files/pin_manager.c: 64:     LATC = 0x00;
   550  007ED8  0E00               	movlw	0
   551  007EDA  6E8B               	movwf	139,c	;volatile
   552                           
   553                           ;mcc_generated_files/pin_manager.c: 69:     TRISE = 0x07;
   554  007EDC  0E07               	movlw	7
   555  007EDE  6E96               	movwf	150,c	;volatile
   556  007EE0                     
   557                           ;mcc_generated_files/pin_manager.c: 70:     TRISA = 0xFF;
   558  007EE0  6892               	setf	146,c	;volatile
   559                           
   560                           ;mcc_generated_files/pin_manager.c: 71:     TRISB = 0xFE;
   561  007EE2  0EFE               	movlw	254
   562  007EE4  6E93               	movwf	147,c	;volatile
   563  007EE6                     
   564                           ;mcc_generated_files/pin_manager.c: 72:     TRISC = 0xFF;
   565  007EE6  6894               	setf	148,c	;volatile
   566  007EE8                     
   567                           ;mcc_generated_files/pin_manager.c: 73:     TRISD = 0xFF;
   568  007EE8  6895               	setf	149,c	;volatile
   569  007EEA                     
   570                           ;mcc_generated_files/pin_manager.c: 78:     ANSEL = 0xFF;
   571  007EEA  687E               	setf	126,c	;volatile
   572                           
   573                           ;mcc_generated_files/pin_manager.c: 79:     ANSELH = 0x1F;
   574  007EEC  0E1F               	movlw	31
   575  007EEE  6E7F               	movwf	127,c	;volatile
   576                           
   577                           ;mcc_generated_files/pin_manager.c: 84:     WPUB = 0x00;
   578  007EF0  0E00               	movlw	0
   579  007EF2  6E7C               	movwf	124,c	;volatile
   580  007EF4                     
   581                           ;mcc_generated_files/pin_manager.c: 85:     INTCON2bits.nRBPU = 1;
   582  007EF4  8EF1               	bsf	241,7,c	;volatile
   583  007EF6  0012               	return		;funcret
   584  007EF8                     __end_of_PIN_MANAGER_Initialize:
   585                           	callstack 0
   586                           
   587 ;; *************** function _OSCILLATOR_Initialize *****************
   588 ;; Defined at:
   589 ;;		line 57 in file "mcc_generated_files/mcc.c"
   590 ;; Parameters:    Size  Location     Type
   591 ;;		None
   592 ;; Auto vars:     Size  Location     Type
   593 ;;		None
   594 ;; Return value:  Size  Location     Type
   595 ;;                  1    wreg      void 
   596 ;; Registers used:
   597 ;;		wreg, status,2
   598 ;; Tracked objects:
   599 ;;		On entry : 0/0
   600 ;;		On exit  : 0/0
   601 ;;		Unchanged: 0/0
   602 ;; Data sizes:     COMRAM   BANK0   BANK1   BANK2   BANK3   BANK4   BANK5
   603 ;;      Params:         0       0       0       0       0       0       0
   604 ;;      Locals:         0       0       0       0       0       0       0
   605 ;;      Temps:          0       0       0       0       0       0       0
   606 ;;      Totals:         0       0       0       0       0       0       0
   607 ;;Total ram usage:        0 bytes
   608 ;; Hardware stack levels used: 1
   609 ;; This function calls:
   610 ;;		Nothing
   611 ;; This function is called by:
   612 ;;		_SYSTEM_Initialize
   613 ;; This function uses a non-reentrant model
   614 ;;
   615                           
   616                           	psect	text6
   617  007EB4                     __ptext6:
   618                           	callstack 0
   619  007EB4                     _OSCILLATOR_Initialize:
   620                           	callstack 29
   621  007EB4                     
   622                           ;mcc_generated_files/mcc.c: 60:     OSCCON = 0x22;
   623  007EB4  0E22               	movlw	34
   624  007EB6  6ED3               	movwf	211,c	;volatile
   625                           
   626                           ;mcc_generated_files/mcc.c: 62:     OSCTUNE = 0x00;
   627  007EB8  0E00               	movlw	0
   628  007EBA  6E9B               	movwf	155,c	;volatile
   629  007EBC  0012               	return		;funcret
   630  007EBE                     __end_of_OSCILLATOR_Initialize:
   631                           	callstack 0
   632  0000                     
   633                           	psect	rparam
   634  0000                     
   635                           	psect	idloc
   636                           
   637                           ;Config register IDLOC0 @ 0x200000
   638                           ;	unspecified, using default values
   639  200000                     	org	2097152
   640  200000  FF                 	db	255
   641                           
   642                           ;Config register IDLOC1 @ 0x200001
   643                           ;	unspecified, using default values
   644  200001                     	org	2097153
   645  200001  FF                 	db	255
   646                           
   647                           ;Config register IDLOC2 @ 0x200002
   648                           ;	unspecified, using default values
   649  200002                     	org	2097154
   650  200002  FF                 	db	255
   651                           
   652                           ;Config register IDLOC3 @ 0x200003
   653                           ;	unspecified, using default values
   654  200003                     	org	2097155
   655  200003  FF                 	db	255
   656                           
   657                           ;Config register IDLOC4 @ 0x200004
   658                           ;	unspecified, using default values
   659  200004                     	org	2097156
   660  200004  FF                 	db	255
   661                           
   662                           ;Config register IDLOC5 @ 0x200005
   663                           ;	unspecified, using default values
   664  200005                     	org	2097157
   665  200005  FF                 	db	255
   666                           
   667                           ;Config register IDLOC6 @ 0x200006
   668                           ;	unspecified, using default values
   669  200006                     	org	2097158
   670  200006  FF                 	db	255
   671                           
   672                           ;Config register IDLOC7 @ 0x200007
   673                           ;	unspecified, using default values
   674  200007                     	org	2097159
   675  200007  FF                 	db	255
   676                           
   677                           	psect	config
   678                           
   679                           ; Padding undefined space
   680  300000                     	org	3145728
   681  300000  FF                 	db	255
   682                           
   683                           ;Config register CONFIG1H @ 0x300001
   684                           ;	Oscillator Selection bits
   685                           ;	FOSC = INTIO67, Internal oscillator block, port function on RA6 and RA7
   686                           ;	Fail-Safe Clock Monitor Enable bit
   687                           ;	FCMEN = OFF, Fail-Safe Clock Monitor disabled
   688                           ;	Internal/External Oscillator Switchover bit
   689                           ;	IESO = OFF, Oscillator Switchover mode disabled
   690  300001                     	org	3145729
   691  300001  08                 	db	8
   692                           
   693                           ;Config register CONFIG2L @ 0x300002
   694                           ;	Power-up Timer Enable bit
   695                           ;	PWRT = OFF, PWRT disabled
   696                           ;	Brown-out Reset Enable bits
   697                           ;	BOREN = SBORDIS, Brown-out Reset enabled in hardware only (SBOREN is disabled)
   698                           ;	Brown Out Reset Voltage bits
   699                           ;	BORV = 18, VBOR set to 1.8 V nominal
   700  300002                     	org	3145730
   701  300002  1F                 	db	31
   702                           
   703                           ;Config register CONFIG2H @ 0x300003
   704                           ;	Watchdog Timer Enable bit
   705                           ;	WDTEN = OFF, WDT is controlled by SWDTEN bit of the WDTCON register
   706                           ;	Watchdog Timer Postscale Select bits
   707                           ;	WDTPS = 32768, 1:32768
   708  300003                     	org	3145731
   709  300003  1E                 	db	30
   710                           
   711                           ; Padding undefined space
   712  300004                     	org	3145732
   713  300004  FF                 	db	255
   714                           
   715                           ;Config register CONFIG3H @ 0x300005
   716                           ;	CCP2 MUX bit
   717                           ;	CCP2MX = PORTC, CCP2 input/output is multiplexed with RC1
   718                           ;	PORTB A/D Enable bit
   719                           ;	PBADEN = ON, PORTB<4:0> pins are configured as analog input channels on Reset
   720                           ;	Low-Power Timer1 Oscillator Enable bit
   721                           ;	LPT1OSC = OFF, Timer1 configured for higher power operation
   722                           ;	HFINTOSC Fast Start-up
   723                           ;	HFOFST = ON, HFINTOSC starts clocking the CPU without waiting for the oscillator to st
      +                          ablize.
   724                           ;	MCLR Pin Enable bit
   725                           ;	MCLRE = ON, MCLR pin enabled; RE3 input pin disabled
   726  300005                     	org	3145733
   727  300005  8B                 	db	139
   728                           
   729                           ;Config register CONFIG4L @ 0x300006
   730                           ;	Stack Full/Underflow Reset Enable bit
   731                           ;	STVREN = ON, Stack full/underflow will cause Reset
   732                           ;	Single-Supply ICSP Enable bit
   733                           ;	LVP = OFF, Single-Supply ICSP disabled
   734                           ;	Extended Instruction Set Enable bit
   735                           ;	XINST = OFF, Instruction set extension and Indexed Addressing mode disabled (Legacy mo
      +                          de)
   736                           ;	Background Debugger Enable bit
   737                           ;	DEBUG = OFF, Background debugger disabled, RB6 and RB7 configured as general purpose I
      +                          /O pins
   738  300006                     	org	3145734
   739  300006  81                 	db	129
   740                           
   741                           ; Padding undefined space
   742  300007                     	org	3145735
   743  300007  FF                 	db	255
   744                           
   745                           ;Config register CONFIG5L @ 0x300008
   746                           ;	Code Protection Block 0
   747                           ;	CP0 = OFF, Block 0 (000800-001FFFh) not code-protected
   748                           ;	Code Protection Block 1
   749                           ;	CP1 = OFF, Block 1 (002000-003FFFh) not code-protected
   750                           ;	Code Protection Block 2
   751                           ;	CP2 = OFF, Block 2 (004000-005FFFh) not code-protected
   752                           ;	Code Protection Block 3
   753                           ;	CP3 = OFF, Block 3 (006000-007FFFh) not code-protected
   754  300008                     	org	3145736
   755  300008  0F                 	db	15
   756                           
   757                           ;Config register CONFIG5H @ 0x300009
   758                           ;	Boot Block Code Protection bit
   759                           ;	CPB = OFF, Boot block (000000-0007FFh) not code-protected
   760                           ;	Data EEPROM Code Protection bit
   761                           ;	CPD = OFF, Data EEPROM not code-protected
   762  300009                     	org	3145737
   763  300009  C0                 	db	192
   764                           
   765                           ;Config register CONFIG6L @ 0x30000A
   766                           ;	Write Protection Block 0
   767                           ;	WRT0 = OFF, Block 0 (000800-001FFFh) not write-protected
   768                           ;	Write Protection Block 1
   769                           ;	WRT1 = OFF, Block 1 (002000-003FFFh) not write-protected
   770                           ;	Write Protection Block 2
   771                           ;	WRT2 = OFF, Block 2 (004000-005FFFh) not write-protected
   772                           ;	Write Protection Block 3
   773                           ;	WRT3 = OFF, Block 3 (006000-007FFFh) not write-protected
   774  30000A                     	org	3145738
   775  30000A  0F                 	db	15
   776                           
   777                           ;Config register CONFIG6H @ 0x30000B
   778                           ;	Configuration Register Write Protection bit
   779                           ;	WRTC = OFF, Configuration registers (300000-3000FFh) not write-protected
   780                           ;	Boot Block Write Protection bit
   781                           ;	WRTB = OFF, Boot Block (000000-0007FFh) not write-protected
   782                           ;	Data EEPROM Write Protection bit
   783                           ;	WRTD = OFF, Data EEPROM not write-protected
   784  30000B                     	org	3145739
   785  30000B  E0                 	db	224
   786                           
   787                           ;Config register CONFIG7L @ 0x30000C
   788                           ;	Table Read Protection Block 0
   789                           ;	EBTR0 = OFF, Block 0 (000800-001FFFh) not protected from table reads executed in other
      +                           blocks
   790                           ;	Table Read Protection Block 1
   791                           ;	EBTR1 = OFF, Block 1 (002000-003FFFh) not protected from table reads executed in other
      +                           blocks
   792                           ;	Table Read Protection Block 2
   793                           ;	EBTR2 = OFF, Block 2 (004000-005FFFh) not protected from table reads executed in other
      +                           blocks
   794                           ;	Table Read Protection Block 3
   795                           ;	EBTR3 = OFF, Block 3 (006000-007FFFh) not protected from table reads executed in other
      +                           blocks
   796  30000C                     	org	3145740
   797  30000C  0F                 	db	15
   798                           
   799                           ;Config register CONFIG7H @ 0x30000D
   800                           ;	Boot Block Table Read Protection bit
   801                           ;	EBTRB = OFF, Boot Block (000000-0007FFh) not protected from table reads executed in ot
      +                          her blocks
   802  30000D                     	org	3145741
   803  30000D  40                 	db	64
   804                           tosu	equ	0xFFF
   805                           tosh	equ	0xFFE
   806                           tosl	equ	0xFFD
   807                           stkptr	equ	0xFFC
   808                           pclatu	equ	0xFFB
   809                           pclath	equ	0xFFA
   810                           pcl	equ	0xFF9
   811                           tblptru	equ	0xFF8
   812                           tblptrh	equ	0xFF7
   813                           tblptrl	equ	0xFF6
   814                           tablat	equ	0xFF5
   815                           prodh	equ	0xFF4
   816                           prodl	equ	0xFF3
   817                           indf0	equ	0xFEF
   818                           postinc0	equ	0xFEE
   819                           postdec0	equ	0xFED
   820                           preinc0	equ	0xFEC
   821                           plusw0	equ	0xFEB
   822                           fsr0h	equ	0xFEA
   823                           fsr0l	equ	0xFE9
   824                           wreg	equ	0xFE8
   825                           indf1	equ	0xFE7
   826                           postinc1	equ	0xFE6
   827                           postdec1	equ	0xFE5
   828                           preinc1	equ	0xFE4
   829                           plusw1	equ	0xFE3
   830                           fsr1h	equ	0xFE2
   831                           fsr1l	equ	0xFE1
   832                           bsr	equ	0xFE0
   833                           indf2	equ	0xFDF
   834                           postinc2	equ	0xFDE
   835                           postdec2	equ	0xFDD
   836                           preinc2	equ	0xFDC
   837                           plusw2	equ	0xFDB
   838                           fsr2h	equ	0xFDA
   839                           fsr2l	equ	0xFD9
   840                           status	equ	0xFD8

Data Sizes:
    Strings     0
    Constant    0
    Data        0
    BSS         0
    Persistent  0
    Stack       0

Auto Spaces:
    Space          Size  Autos    Used
    COMRAM           95      4       4
    BANK0           160      0       0
    BANK1           256      0       0
    BANK2           256      0       0
    BANK3           256      0       0
    BANK4           256      0       0
    BANK5           256      0       0

Pointer List with Targets:

    None.

Critical Paths under _main in COMRAM

    _main->_servoRotate0
    _main->_servoRotate180
    _main->_servoRotate90

Critical Paths under _main in BANK0

    None.

Critical Paths under _main in BANK1

    None.

Critical Paths under _main in BANK2

    None.

Critical Paths under _main in BANK3

    None.

Critical Paths under _main in BANK4

    None.

Critical Paths under _main in BANK5

    None.

Call Graph Tables:

 ---------------------------------------------------------------------------------
 (Depth) Function   	        Calls       Base Space   Used Autos Params    Refs
 ---------------------------------------------------------------------------------
 (0) _main                                                 1     1      0      90
                                              3 COMRAM     1     1      0
                  _SYSTEM_Initialize
                       _servoRotate0
                     _servoRotate180
                      _servoRotate90
 ---------------------------------------------------------------------------------
 (1) _servoRotate90                                        3     3      0      30
                                              0 COMRAM     3     3      0
 ---------------------------------------------------------------------------------
 (1) _servoRotate180                                       3     3      0      30
                                              0 COMRAM     3     3      0
 ---------------------------------------------------------------------------------
 (1) _servoRotate0                                         3     3      0      30
                                              0 COMRAM     3     3      0
 ---------------------------------------------------------------------------------
 (1) _SYSTEM_Initialize                                    0     0      0       0
              _OSCILLATOR_Initialize
             _PIN_MANAGER_Initialize
 ---------------------------------------------------------------------------------
 (2) _PIN_MANAGER_Initialize                               0     0      0       0
 ---------------------------------------------------------------------------------
 (2) _OSCILLATOR_Initialize                                0     0      0       0
 ---------------------------------------------------------------------------------
 Estimated maximum stack depth 2
 ---------------------------------------------------------------------------------

 Call Graph Graphs:

 _main (ROOT)
   _SYSTEM_Initialize
     _OSCILLATOR_Initialize
     _PIN_MANAGER_Initialize
   _servoRotate0
   _servoRotate180
   _servoRotate90

 Address spaces:
Name               Size   Autos  Total    Cost      Usage
BITCOMRAM           5F      0       0       0        0.0%
EEDATA             100      0       0       0        0.0%
NULL                 0      0       0       0        0.0%
CODE                 0      0       0       0        0.0%
COMRAM              5F      4       4       1        4.2%
STACK                0      0       0       2        0.0%
DATA                 0      0       0       3        0.0%
BITBANK0            A0      0       0       4        0.0%
BANK0               A0      0       0       5        0.0%
BITBANK1           100      0       0       6        0.0%
BANK1              100      0       0       7        0.0%
BITBANK2           100      0       0       8        0.0%
BANK2              100      0       0       9        0.0%
BITBANK3           100      0       0      10        0.0%
BANK3              100      0       0      11        0.0%
BITBANK4           100      0       0      12        0.0%
BANK4              100      0       0      13        0.0%
BITBANK5           100      0       0      14        0.0%
BANK5              100      0       0      15        0.0%
BITBIGSFRhh          D      0       0      16        0.0%
BITBIGSFRhl         1D      0       0      17        0.0%
BITBIGSFRlh         37      0       0      18        0.0%
BITBIGSFRllhh        4      0       0      19        0.0%
BITBIGSFRllhll       4      0       0      20        0.0%
BITBIGSFRllllh       9      0       0      21        0.0%
BITBIGSFRlllllh      1      0       0      22        0.0%
BITBIGSFRllllll     1C      0       0      23        0.0%
ABS                  0      0       0      24        0.0%
BIGRAM             5FF      0       0      25        0.0%
BIGSFR               0      0       0     200        0.0%
BITSFR               0      0       0     200        0.0%
SFR                  0      0       0     200        0.0%


Microchip Technology PIC18 Macro Assembler V2.36 build 20220127204148 
Symbol Table                                                                                   Thu Dec 22 11:13:42 2022

                            l11 7EC6                              l14 7EBC                              l61 7FB6  
                            l47 7EF6                              l71 7F74                              l64 7F00  
                            l66 7F34                              l59 7F7E                              l69 7F3E  
                            u10 7FB6                              u11 7FB2                              u20 7F34  
                            u21 7F30                              u30 7F74                              u31 7F70  
                            u47 7FC6                              u57 7FDA                              u67 7FEE  
                            u77 7F04                              u87 7F12                              u97 7F42  
                 servoRotate0@i 0002                             l800 7F40                             l802 7F4A  
                           l810 7FBC                             l804 7F5A                             l820 7FE8  
                           l812 7FC0                             l814 7FD0                             l760 7EE8  
                           l816 7FD4                             l808 7FB8                             l762 7EEA  
                           l754 7EC8                             l770 7F76                             l818 7FE4  
                           l764 7EF4                             l756 7EE0                             l780 7F9C  
                           l766 7EB4                             l758 7EE6                             l790 7F0A  
                           l782 7EF8                             l768 7EBE                             l776 7F80  
                           l792 7F1A                             l778 7F88                             l794 7F36  
                           l788 7F02                             u107 7F52                             u117 7F82  
                           u127 7F90                             wreg 000FE8                  servoRotate90@i 0002  
                          _LATA 000F89                            _LATB 000F8A                            _LATC 000F8B  
                          _LATD 000F8C                            _LATE 000F8D                            _WPUB 000F7C  
                          _main 7FB8                            start 0000                 ??_servoRotate90 0001  
               servoRotate180@i 0002                    ___param_bank 000000   __end_of_OSCILLATOR_Initialize 7EBE  
                         ?_main 0001                           _ANSEL 000F7E                           _TRISA 000F92  
                         _TRISB 000F93                           _TRISC 000F94                           _TRISD 000F95  
                         _TRISE 000F96                           status 000FD8                ??_servoRotate180 0001  
               __initialization 7EAE                    __end_of_main 8000                          ??_main 0004  
                 __activetblptr 000000                          _ANSELH 000F7F                          _OSCCON 000FD3  
                        isa$std 000001               _SYSTEM_Initialize 7EBE                      __accesstop 0060  
       __end_of__initialization 7EAE              ?_SYSTEM_Initialize 0001                   ___rparam_used 000001  
                __pcstackCOMRAM 0001             ??_SYSTEM_Initialize 0001       __end_of_SYSTEM_Initialize 7EC8  
                       _OSCTUNE 000F9B                         __Hparam 0000                         __Lparam 0000  
         __end_of_servoRotate90 7F36                         __pcinit 7EAE                         __ramtop 0600  
                       __ptext0 7FB8                         __ptext1 7EF8                         __ptext2 7F36  
                       __ptext3 7F76                         __ptext4 7EBE                         __ptext5 7EC8  
                       __ptext6 7EB4           _OSCILLATOR_Initialize 7EB4        ??_PIN_MANAGER_Initialize 0001  
          end_of_initialization 7EAE                   ?_servoRotate0 0001                  ??_servoRotate0 0001  
        ?_OSCILLATOR_Initialize 0001             start_initialization 7EAE          _PIN_MANAGER_Initialize 7EC8  
          __end_of_servoRotate0 7FB8                        _LATBbits 000F8A                  _servoRotate180 7F36  
                   _INTCON2bits 000FF1                        __Hrparam 0000                        __Lrparam 0000  
        __end_of_servoRotate180 7F76         ??_OSCILLATOR_Initialize 0001                        isa$xinst 000000  
               ?_servoRotate180 0001                   _servoRotate90 7EF8                      _INTCONbits 000FF2  
       ?_PIN_MANAGER_Initialize 0001                  ?_servoRotate90 0001                    _servoRotate0 7F76  
__end_of_PIN_MANAGER_Initialize 7EF8  
