

Microchip MPLAB XC8 Assembler V2.41 build 20230208172133 
                                                                                               Fri May 05 21:11:44 2023

Microchip MPLAB XC8 C Compiler v2.41 (Free license) build 20230208172133 Og1 
     1                           	processor	18F45K20
     2                           	fnconf	rparam,??,?,0
     3                           	pagewidth 120
     4                           	opt	flic
     5                           	psect	cinit,global,reloc=2,class=CODE,delta=1
     6                           	psect	cstackCOMRAM,global,class=COMRAM,space=1,delta=1,lowdata,noexec
     7                           	psect	text0,global,reloc=2,class=CODE,delta=1
     8                           	psect	text1,global,reloc=2,class=CODE,delta=1
     9                           	psect	text2,global,reloc=2,class=CODE,delta=1
    10                           	psect	text3,global,reloc=2,class=CODE,delta=1
    11                           	psect	intsave_regs,global,class=BIGRAM,space=1,delta=1,noexec
    12                           	psect	rparam,global,class=COMRAM,space=1,delta=1,noexec
    13                           	psect	idloc,global,abs,ovrld,class=IDLOC,space=5,delta=1,noexec
    14                           	psect	config,global,abs,ovrld,class=CONFIG,space=4,delta=1,noexec
    15   000000                     
    16                           ; Generated 06/04/2022 GMT
    17                           ; 
    18                           ; Copyright © 2022, Microchip Technology Inc. and its subsidiaries ("Microchip")
    19                           ; All rights reserved.
    20                           ; 
    21                           ; This software is developed by Microchip Technology Inc. and its subsidiaries ("Microch
      +                          ip").
    22                           ; 
    23                           ; Redistribution and use in source and binary forms, with or without modification, are
    24                           ; permitted provided that the following conditions are met:
    25                           ; 
    26                           ;     1. Redistributions of source code must retain the above copyright notice, this lis
      +                          t of
    27                           ;        conditions and the following disclaimer.
    28                           ; 
    29                           ;     2. Redistributions in binary form must reproduce the above copyright notice, this 
      +                          list
    30                           ;        of conditions and the following disclaimer in the documentation and/or other
    31                           ;        materials provided with the distribution. Publication is not required when
    32                           ;        this file is used in an embedded application.
    33                           ; 
    34                           ;     3. Microchip's name may not be used to endorse or promote products derived from th
      +                          is
    35                           ;        software without specific prior written permission.
    36                           ; 
    37                           ; THIS SOFTWARE IS PROVIDED BY MICROCHIP "AS IS" AND ANY EXPRESS OR IMPLIED WARRANTIES,
    38                           ; INCLUDING, BUT NOT LIMITED TO, THE IMPLIED WARRANTIES OF MERCHANTABILITY AND FITNESS F
      +                          OR
    39                           ; PURPOSE ARE DISCLAIMED.  IN NO EVENT SHALL MICROCHIP BE LIABLE FOR ANY DIRECT, INDIREC
      +                          T,
    40                           ; INCIDENTAL, SPECIAL, EXEMPLARY, OR CONSEQUENTIAL DAMAGES (INCLUDING BUT NOT LIMITED TO
    41                           ; PROCUREMENT OF SUBSTITUTE GOODS OR SERVICES; LOSS OF USE, DATA OR PROFITS; OR BUSINESS
    42                           ; INTERRUPTION) HOWSOEVER CAUSED AND ON ANY THEORY OF LIABILITY, WHETHER IN CONTRACT, ST
      +                          RICT
    43                           ; LIABILITY, OR TORT (INCLUDING NEGLIGENCE OR OTHERWISE) ARISING IN ANY WAY OUT OF THE U
      +                          SE OF
    44                           ; THIS SOFTWARE, EVEN IF ADVISED OF THE POSSIBILITY OF SUCH DAMAGE.
    45                           ; 
    46                           ; 
    47                           ; Code-generator required, PIC18F45K20 Definitions
    48                           ; 
    49                           ; SFR Addresses
    50   000000                     _TRISD	set	3989
    51   000000                     _TRISC	set	3988
    52   000000                     _TRISB	set	3987
    53   000000                     _LATC	set	3979
    54   000000                     _LATB	set	3978
    55   000000                     _WPUB	set	3964
    56   000000                     _ANSEL	set	3966
    57   000000                     _LATA	set	3977
    58   000000                     _LATD	set	3980
    59   000000                     _LATE	set	3981
    60   000000                     _OSCTUNE	set	3995
    61   000000                     _OSCCON	set	4051
    62   000000                     _INTCON2bits	set	4081
    63   000000                     _TRISA	set	3986
    64   000000                     _TRISE	set	3990
    65   000000                     _PORTBbits	set	3969
    66   000000                     _ANSELH	set	3967
    67   000000                     _INTCONbits	set	4082
    68                           
    69                           ; #config settings
    70                           
    71                           	psect	cinit
    72   007F6A                     __pcinit:
    73                           	callstack 0
    74   007F6A                     start_initialization:
    75                           	callstack 0
    76   007F6A                     __initialization:
    77                           	callstack 0
    78   007F6A                     end_of_initialization:
    79                           	callstack 0
    80   007F6A                     __end_of__initialization:
    81                           	callstack 0
    82   007F6A  0100               	movlb	0
    83   007F6C  EFDB  F03F         	goto	_main	;jump to C main() function
    84                           
    85                           	psect	cstackCOMRAM
    86   000001                     __pcstackCOMRAM:
    87                           	callstack 0
    88   000001                     ??_main:
    89                           
    90                           ; 1 bytes @ 0x0
    91   000001                     	ds	2
    92                           
    93 ;;
    94 ;;Main: autosize = 0, tempsize = 2, incstack = 0, save=0
    95 ;;
    96 ;; *************** function _main *****************
    97 ;; Defined at:
    98 ;;		line 12 in file "main.c"
    99 ;; Parameters:    Size  Location     Type
   100 ;;		None
   101 ;; Auto vars:     Size  Location     Type
   102 ;;		None
   103 ;; Return value:  Size  Location     Type
   104 ;;                  1    wreg      void 
   105 ;; Registers used:
   106 ;;		wreg, status,2, status,0, cstack
   107 ;; Tracked objects:
   108 ;;		On entry : 0/0
   109 ;;		On exit  : 0/0
   110 ;;		Unchanged: 0/0
   111 ;; Data sizes:     COMRAM   BANK0   BANK1   BANK2   BANK3   BANK4   BANK5
   112 ;;      Params:         0       0       0       0       0       0       0
   113 ;;      Locals:         0       0       0       0       0       0       0
   114 ;;      Temps:          2       0       0       0       0       0       0
   115 ;;      Totals:         2       0       0       0       0       0       0
   116 ;;Total ram usage:        2 bytes
   117 ;; Hardware stack levels required when called: 2
   118 ;; This function calls:
   119 ;;		_SYSTEM_Initialize
   120 ;; This function is called by:
   121 ;;		Startup code after reset
   122 ;; This function uses a non-reentrant model
   123 ;;
   124                           
   125                           	psect	text0
   126   007FB6                     __ptext0:
   127                           	callstack 0
   128   007FB6                     _main:
   129                           	callstack 29
   130   007FB6                     
   131                           ;main.c: 14: SYSTEM_Initialize();
   132   007FB6  ECBD  F03F         	call	_SYSTEM_Initialize	;wreg free
   133   007FBA                     
   134                           ;main.c: 16: LATC=0x00;
   135   007FBA  0E00               	movlw	0
   136   007FBC  6E8B               	movwf	139,c	;volatile
   137   007FBE                     l839:
   138                           
   139                           ;main.c: 18: {;main.c: 19: if(PORTBbits.RB0 == 0)
   140   007FBE  B081               	btfsc	129,0,c	;volatile
   141   007FC0  EFE4  F03F         	goto	u11
   142   007FC4  EFE6  F03F         	goto	u10
   143   007FC8                     u11:
   144   007FC8  EFF4  F03F         	goto	l66
   145   007FCC                     u10:
   146   007FCC                     
   147                           ;main.c: 20: {;main.c: 21: LATC++;
   148   007FCC  2A8B               	incf	139,f,c	;volatile
   149   007FCE                     
   150                           ;main.c: 22: _delay((unsigned long)((250)*(20000000/4000.0)));
   151   007FCE  0E07               	movlw	7
   152   007FD0  6E02               	movwf	(??_main+1)^0,c
   153   007FD2  0E58               	movlw	88
   154   007FD4  6E01               	movwf	??_main^0,c
   155   007FD6  0E5A               	movlw	90
   156   007FD8                     u37:
   157   007FD8  2EE8               	decfsz	wreg,f,c
   158   007FDA  D7FE               	bra	u37
   159   007FDC  2E01               	decfsz	??_main^0,f,c
   160   007FDE  D7FC               	bra	u37
   161   007FE0  2E02               	decfsz	(??_main+1)^0,f,c
   162   007FE2  D7FA               	bra	u37
   163                           
   164                           ;main.c: 23: }
   165   007FE4  EFDF  F03F         	goto	l839
   166   007FE8                     l66:
   167                           
   168                           ;main.c: 24: else if (PORTBbits.RB0 == 1)
   169   007FE8  A081               	btfss	129,0,c	;volatile
   170   007FEA  EFF9  F03F         	goto	u21
   171   007FEE  EFFB  F03F         	goto	u20
   172   007FF2                     u21:
   173   007FF2  EFDF  F03F         	goto	l839
   174   007FF6                     u20:
   175   007FF6                     
   176                           ;main.c: 25: {;main.c: 26: __nop();
   177   007FF6  F000               	nop	
   178   007FF8  EFDF  F03F         	goto	l839
   179   007FFC  EF00  F000         	goto	start
   180   008000                     __end_of_main:
   181                           	callstack 0
   182                           
   183 ;; *************** function _SYSTEM_Initialize *****************
   184 ;; Defined at:
   185 ;;		line 50 in file "mcc_generated_files/mcc.c"
   186 ;; Parameters:    Size  Location     Type
   187 ;;		None
   188 ;; Auto vars:     Size  Location     Type
   189 ;;		None
   190 ;; Return value:  Size  Location     Type
   191 ;;                  1    wreg      void 
   192 ;; Registers used:
   193 ;;		wreg, status,2, cstack
   194 ;; Tracked objects:
   195 ;;		On entry : 0/0
   196 ;;		On exit  : 0/0
   197 ;;		Unchanged: 0/0
   198 ;; Data sizes:     COMRAM   BANK0   BANK1   BANK2   BANK3   BANK4   BANK5
   199 ;;      Params:         0       0       0       0       0       0       0
   200 ;;      Locals:         0       0       0       0       0       0       0
   201 ;;      Temps:          0       0       0       0       0       0       0
   202 ;;      Totals:         0       0       0       0       0       0       0
   203 ;;Total ram usage:        0 bytes
   204 ;; Hardware stack levels used: 1
   205 ;; Hardware stack levels required when called: 1
   206 ;; This function calls:
   207 ;;		_OSCILLATOR_Initialize
   208 ;;		_PIN_MANAGER_Initialize
   209 ;; This function is called by:
   210 ;;		_main
   211 ;; This function uses a non-reentrant model
   212 ;;
   213                           
   214                           	psect	text1
   215   007F7A                     __ptext1:
   216                           	callstack 0
   217   007F7A                     _SYSTEM_Initialize:
   218                           	callstack 29
   219   007F7A                     
   220                           ;mcc.c: 53: PIN_MANAGER_Initialize();
   221   007F7A  ECC2  F03F         	call	_PIN_MANAGER_Initialize	;wreg free
   222                           
   223                           ;mcc.c: 54: OSCILLATOR_Initialize();
   224   007F7E  ECB8  F03F         	call	_OSCILLATOR_Initialize	;wreg free
   225   007F82  0012               	return		;funcret
   226   007F84                     __end_of_SYSTEM_Initialize:
   227                           	callstack 0
   228                           
   229 ;; *************** function _PIN_MANAGER_Initialize *****************
   230 ;; Defined at:
   231 ;;		line 55 in file "mcc_generated_files/pin_manager.c"
   232 ;; Parameters:    Size  Location     Type
   233 ;;		None
   234 ;; Auto vars:     Size  Location     Type
   235 ;;		None
   236 ;; Return value:  Size  Location     Type
   237 ;;                  1    wreg      void 
   238 ;; Registers used:
   239 ;;		wreg, status,2
   240 ;; Tracked objects:
   241 ;;		On entry : 0/0
   242 ;;		On exit  : 0/0
   243 ;;		Unchanged: 0/0
   244 ;; Data sizes:     COMRAM   BANK0   BANK1   BANK2   BANK3   BANK4   BANK5
   245 ;;      Params:         0       0       0       0       0       0       0
   246 ;;      Locals:         0       0       0       0       0       0       0
   247 ;;      Temps:          0       0       0       0       0       0       0
   248 ;;      Totals:         0       0       0       0       0       0       0
   249 ;;Total ram usage:        0 bytes
   250 ;; Hardware stack levels used: 1
   251 ;; This function calls:
   252 ;;		Nothing
   253 ;; This function is called by:
   254 ;;		_SYSTEM_Initialize
   255 ;; This function uses a non-reentrant model
   256 ;;
   257                           
   258                           	psect	text2
   259   007F84                     __ptext2:
   260                           	callstack 0
   261   007F84                     _PIN_MANAGER_Initialize:
   262                           	callstack 29
   263   007F84                     
   264                           ;pin_manager.c: 60: LATE = 0x00;
   265   007F84  0E00               	movlw	0
   266   007F86  6E8D               	movwf	141,c	;volatile
   267                           
   268                           ;pin_manager.c: 61: LATD = 0x00;
   269   007F88  0E00               	movlw	0
   270   007F8A  6E8C               	movwf	140,c	;volatile
   271                           
   272                           ;pin_manager.c: 62: LATA = 0x00;
   273   007F8C  0E00               	movlw	0
   274   007F8E  6E89               	movwf	137,c	;volatile
   275                           
   276                           ;pin_manager.c: 63: LATB = 0x00;
   277   007F90  0E00               	movlw	0
   278   007F92  6E8A               	movwf	138,c	;volatile
   279                           
   280                           ;pin_manager.c: 64: LATC = 0x00;
   281   007F94  0E00               	movlw	0
   282   007F96  6E8B               	movwf	139,c	;volatile
   283                           
   284                           ;pin_manager.c: 69: TRISE = 0x07;
   285   007F98  0E07               	movlw	7
   286   007F9A  6E96               	movwf	150,c	;volatile
   287   007F9C                     
   288                           ;pin_manager.c: 70: TRISA = 0xFF;
   289   007F9C  6892               	setf	146,c	;volatile
   290   007F9E                     
   291                           ;pin_manager.c: 71: TRISB = 0xFF;
   292   007F9E  6893               	setf	147,c	;volatile
   293                           
   294                           ;pin_manager.c: 72: TRISC = 0x00;
   295   007FA0  0E00               	movlw	0
   296   007FA2  6E94               	movwf	148,c	;volatile
   297                           
   298                           ;pin_manager.c: 73: TRISD = 0x00;
   299   007FA4  0E00               	movlw	0
   300   007FA6  6E95               	movwf	149,c	;volatile
   301   007FA8                     
   302                           ;pin_manager.c: 78: ANSEL = 0xFF;
   303   007FA8  687E               	setf	126,c	;volatile
   304                           
   305                           ;pin_manager.c: 79: ANSELH = 0x0F;
   306   007FAA  0E0F               	movlw	15
   307   007FAC  6E7F               	movwf	127,c	;volatile
   308                           
   309                           ;pin_manager.c: 84: WPUB = 0x80;
   310   007FAE  0E80               	movlw	128
   311   007FB0  6E7C               	movwf	124,c	;volatile
   312   007FB2                     
   313                           ;pin_manager.c: 85: INTCON2bits.nRBPU = 0;
   314   007FB2  9EF1               	bcf	241,7,c	;volatile
   315   007FB4  0012               	return		;funcret
   316   007FB6                     __end_of_PIN_MANAGER_Initialize:
   317                           	callstack 0
   318                           
   319 ;; *************** function _OSCILLATOR_Initialize *****************
   320 ;; Defined at:
   321 ;;		line 57 in file "mcc_generated_files/mcc.c"
   322 ;; Parameters:    Size  Location     Type
   323 ;;		None
   324 ;; Auto vars:     Size  Location     Type
   325 ;;		None
   326 ;; Return value:  Size  Location     Type
   327 ;;                  1    wreg      void 
   328 ;; Registers used:
   329 ;;		wreg, status,2
   330 ;; Tracked objects:
   331 ;;		On entry : 0/0
   332 ;;		On exit  : 0/0
   333 ;;		Unchanged: 0/0
   334 ;; Data sizes:     COMRAM   BANK0   BANK1   BANK2   BANK3   BANK4   BANK5
   335 ;;      Params:         0       0       0       0       0       0       0
   336 ;;      Locals:         0       0       0       0       0       0       0
   337 ;;      Temps:          0       0       0       0       0       0       0
   338 ;;      Totals:         0       0       0       0       0       0       0
   339 ;;Total ram usage:        0 bytes
   340 ;; Hardware stack levels used: 1
   341 ;; This function calls:
   342 ;;		Nothing
   343 ;; This function is called by:
   344 ;;		_SYSTEM_Initialize
   345 ;; This function uses a non-reentrant model
   346 ;;
   347                           
   348                           	psect	text3
   349   007F70                     __ptext3:
   350                           	callstack 0
   351   007F70                     _OSCILLATOR_Initialize:
   352                           	callstack 29
   353   007F70                     
   354                           ;mcc.c: 60: OSCCON = 0x60;
   355   007F70  0E60               	movlw	96
   356   007F72  6ED3               	movwf	211,c	;volatile
   357                           
   358                           ;mcc.c: 62: OSCTUNE = 0x00;
   359   007F74  0E00               	movlw	0
   360   007F76  6E9B               	movwf	155,c	;volatile
   361   007F78  0012               	return		;funcret
   362   007F7A                     __end_of_OSCILLATOR_Initialize:
   363                           	callstack 0
   364   000000                     
   365                           	psect	rparam
   366   000000                     
   367                           	psect	idloc
   368                           
   369                           ;Config register IDLOC0 @ 0x200000
   370                           ;	unspecified, using default values
   371   200000                     	org	2097152
   372   200000  FF                 	db	255
   373                           
   374                           ;Config register IDLOC1 @ 0x200001
   375                           ;	unspecified, using default values
   376   200001                     	org	2097153
   377   200001  FF                 	db	255
   378                           
   379                           ;Config register IDLOC2 @ 0x200002
   380                           ;	unspecified, using default values
   381   200002                     	org	2097154
   382   200002  FF                 	db	255
   383                           
   384                           ;Config register IDLOC3 @ 0x200003
   385                           ;	unspecified, using default values
   386   200003                     	org	2097155
   387   200003  FF                 	db	255
   388                           
   389                           ;Config register IDLOC4 @ 0x200004
   390                           ;	unspecified, using default values
   391   200004                     	org	2097156
   392   200004  FF                 	db	255
   393                           
   394                           ;Config register IDLOC5 @ 0x200005
   395                           ;	unspecified, using default values
   396   200005                     	org	2097157
   397   200005  FF                 	db	255
   398                           
   399                           ;Config register IDLOC6 @ 0x200006
   400                           ;	unspecified, using default values
   401   200006                     	org	2097158
   402   200006  FF                 	db	255
   403                           
   404                           ;Config register IDLOC7 @ 0x200007
   405                           ;	unspecified, using default values
   406   200007                     	org	2097159
   407   200007  FF                 	db	255
   408                           
   409                           	psect	config
   410                           
   411                           ; Padding undefined space
   412   300000                     	org	3145728
   413   300000  FF                 	db	255
   414                           
   415                           ;Config register CONFIG1H @ 0x300001
   416                           ;	Oscillator Selection bits
   417                           ;	FOSC = HS, HS oscillator
   418                           ;	Fail-Safe Clock Monitor Enable bit
   419                           ;	FCMEN = OFF, Fail-Safe Clock Monitor disabled
   420                           ;	Internal/External Oscillator Switchover bit
   421                           ;	IESO = OFF, Oscillator Switchover mode disabled
   422   300001                     	org	3145729
   423   300001  02                 	db	2
   424                           
   425                           ;Config register CONFIG2L @ 0x300002
   426                           ;	Power-up Timer Enable bit
   427                           ;	PWRT = OFF, PWRT disabled
   428                           ;	Brown-out Reset Enable bits
   429                           ;	BOREN = SBORDIS, Brown-out Reset enabled in hardware only (SBOREN is disabled)
   430                           ;	Brown Out Reset Voltage bits
   431                           ;	BORV = 18, VBOR set to 1.8 V nominal
   432   300002                     	org	3145730
   433   300002  1F                 	db	31
   434                           
   435                           ;Config register CONFIG2H @ 0x300003
   436                           ;	Watchdog Timer Enable bit
   437                           ;	WDTEN = OFF, WDT is controlled by SWDTEN bit of the WDTCON register
   438                           ;	Watchdog Timer Postscale Select bits
   439                           ;	WDTPS = 32768, 1:32768
   440   300003                     	org	3145731
   441   300003  1E                 	db	30
   442                           
   443                           ; Padding undefined space
   444   300004                     	org	3145732
   445   300004  FF                 	db	255
   446                           
   447                           ;Config register CONFIG3H @ 0x300005
   448                           ;	CCP2 MUX bit
   449                           ;	CCP2MX = PORTC, CCP2 input/output is multiplexed with RC1
   450                           ;	PORTB A/D Enable bit
   451                           ;	PBADEN = ON, PORTB<4:0> pins are configured as analog input channels on Reset
   452                           ;	Low-Power Timer1 Oscillator Enable bit
   453                           ;	LPT1OSC = OFF, Timer1 configured for higher power operation
   454                           ;	HFINTOSC Fast Start-up
   455                           ;	HFOFST = ON, HFINTOSC starts clocking the CPU without waiting for the oscillator to st
      +                          ablize.
   456                           ;	MCLR Pin Enable bit
   457                           ;	MCLRE = ON, MCLR pin enabled; RE3 input pin disabled
   458   300005                     	org	3145733
   459   300005  8B                 	db	139
   460                           
   461                           ;Config register CONFIG4L @ 0x300006
   462                           ;	Stack Full/Underflow Reset Enable bit
   463                           ;	STVREN = ON, Stack full/underflow will cause Reset
   464                           ;	Single-Supply ICSP Enable bit
   465                           ;	LVP = OFF, Single-Supply ICSP disabled
   466                           ;	Extended Instruction Set Enable bit
   467                           ;	XINST = OFF, Instruction set extension and Indexed Addressing mode disabled (Legacy mo
      +                          de)
   468                           ;	Background Debugger Enable bit
   469                           ;	DEBUG = OFF, Background debugger disabled, RB6 and RB7 configured as general purpose I
      +                          /O pins
   470   300006                     	org	3145734
   471   300006  81                 	db	129
   472                           
   473                           ; Padding undefined space
   474   300007                     	org	3145735
   475   300007  FF                 	db	255
   476                           
   477                           ;Config register CONFIG5L @ 0x300008
   478                           ;	Code Protection Block 0
   479                           ;	CP0 = OFF, Block 0 (000800-001FFFh) not code-protected
   480                           ;	Code Protection Block 1
   481                           ;	CP1 = OFF, Block 1 (002000-003FFFh) not code-protected
   482                           ;	Code Protection Block 2
   483                           ;	CP2 = OFF, Block 2 (004000-005FFFh) not code-protected
   484                           ;	Code Protection Block 3
   485                           ;	CP3 = OFF, Block 3 (006000-007FFFh) not code-protected
   486   300008                     	org	3145736
   487   300008  0F                 	db	15
   488                           
   489                           ;Config register CONFIG5H @ 0x300009
   490                           ;	Boot Block Code Protection bit
   491                           ;	CPB = OFF, Boot block (000000-0007FFh) not code-protected
   492                           ;	Data EEPROM Code Protection bit
   493                           ;	CPD = OFF, Data EEPROM not code-protected
   494   300009                     	org	3145737
   495   300009  C0                 	db	192
   496                           
   497                           ;Config register CONFIG6L @ 0x30000A
   498                           ;	Write Protection Block 0
   499                           ;	WRT0 = OFF, Block 0 (000800-001FFFh) not write-protected
   500                           ;	Write Protection Block 1
   501                           ;	WRT1 = OFF, Block 1 (002000-003FFFh) not write-protected
   502                           ;	Write Protection Block 2
   503                           ;	WRT2 = OFF, Block 2 (004000-005FFFh) not write-protected
   504                           ;	Write Protection Block 3
   505                           ;	WRT3 = OFF, Block 3 (006000-007FFFh) not write-protected
   506   30000A                     	org	3145738
   507   30000A  0F                 	db	15
   508                           
   509                           ;Config register CONFIG6H @ 0x30000B
   510                           ;	Configuration Register Write Protection bit
   511                           ;	WRTC = OFF, Configuration registers (300000-3000FFh) not write-protected
   512                           ;	Boot Block Write Protection bit
   513                           ;	WRTB = OFF, Boot Block (000000-0007FFh) not write-protected
   514                           ;	Data EEPROM Write Protection bit
   515                           ;	WRTD = OFF, Data EEPROM not write-protected
   516   30000B                     	org	3145739
   517   30000B  E0                 	db	224
   518                           
   519                           ;Config register CONFIG7L @ 0x30000C
   520                           ;	Table Read Protection Block 0
   521                           ;	EBTR0 = OFF, Block 0 (000800-001FFFh) not protected from table reads executed in other
      +                           blocks
   522                           ;	Table Read Protection Block 1
   523                           ;	EBTR1 = OFF, Block 1 (002000-003FFFh) not protected from table reads executed in other
      +                           blocks
   524                           ;	Table Read Protection Block 2
   525                           ;	EBTR2 = OFF, Block 2 (004000-005FFFh) not protected from table reads executed in other
      +                           blocks
   526                           ;	Table Read Protection Block 3
   527                           ;	EBTR3 = OFF, Block 3 (006000-007FFFh) not protected from table reads executed in other
      +                           blocks
   528   30000C                     	org	3145740
   529   30000C  0F                 	db	15
   530                           
   531                           ;Config register CONFIG7H @ 0x30000D
   532                           ;	Boot Block Table Read Protection bit
   533                           ;	EBTRB = OFF, Boot Block (000000-0007FFh) not protected from table reads executed in ot
      +                          her blocks
   534   30000D                     	org	3145741
   535   30000D  40                 	db	64
   536                           tosu	equ	0xFFF
   537                           tosh	equ	0xFFE
   538                           tosl	equ	0xFFD
   539                           stkptr	equ	0xFFC
   540                           pclatu	equ	0xFFB
   541                           pclath	equ	0xFFA
   542                           pcl	equ	0xFF9
   543                           tblptru	equ	0xFF8
   544                           tblptrh	equ	0xFF7
   545                           tblptrl	equ	0xFF6
   546                           tablat	equ	0xFF5
   547                           prodh	equ	0xFF4
   548                           prodl	equ	0xFF3
   549                           indf0	equ	0xFEF
   550                           postinc0	equ	0xFEE
   551                           postdec0	equ	0xFED
   552                           preinc0	equ	0xFEC
   553                           plusw0	equ	0xFEB
   554                           fsr0h	equ	0xFEA
   555                           fsr0l	equ	0xFE9
   556                           wreg	equ	0xFE8
   557                           indf1	equ	0xFE7
   558                           postinc1	equ	0xFE6
   559                           postdec1	equ	0xFE5
   560                           preinc1	equ	0xFE4
   561                           plusw1	equ	0xFE3
   562                           fsr1h	equ	0xFE2
   563                           fsr1l	equ	0xFE1
   564                           bsr	equ	0xFE0
   565                           indf2	equ	0xFDF
   566                           postinc2	equ	0xFDE
   567                           postdec2	equ	0xFDD
   568                           preinc2	equ	0xFDC
   569                           plusw2	equ	0xFDB
   570                           fsr2h	equ	0xFDA
   571                           fsr2l	equ	0xFD9
   572                           status	equ	0xFD8

Data Sizes:
    Strings     0
    Constant    0
    Data        0
    BSS         0
    Persistent  0
    Stack       0

Auto Spaces:
    Space          Size  Autos    Used
    COMRAM           95      2       2
    BANK0           160      0       0
    BANK1           256      0       0
    BANK2           256      0       0
    BANK3           256      0       0
    BANK4           256      0       0
    BANK5           256      0       0

Pointer List with Targets:

    None.

Critical Paths under _main in COMRAM

    None.

Critical Paths under _main in BANK0

    None.

Critical Paths under _main in BANK1

    None.

Critical Paths under _main in BANK2

    None.

Critical Paths under _main in BANK3

    None.

Critical Paths under _main in BANK4

    None.

Critical Paths under _main in BANK5

    None.

Call Graph Tables:

 ---------------------------------------------------------------------------------
 (Depth) Function   	        Calls       Base Space   Used Autos Params    Refs
 ---------------------------------------------------------------------------------
 (0) _main                                                 2     2      0       0
                                              0 COMRAM     2     2      0
                  _SYSTEM_Initialize
 ---------------------------------------------------------------------------------
 (1) _SYSTEM_Initialize                                    0     0      0       0
              _OSCILLATOR_Initialize
             _PIN_MANAGER_Initialize
 ---------------------------------------------------------------------------------
 (2) _PIN_MANAGER_Initialize                               0     0      0       0
 ---------------------------------------------------------------------------------
 (2) _OSCILLATOR_Initialize                                0     0      0       0
 ---------------------------------------------------------------------------------
 Estimated maximum stack depth 2
 ---------------------------------------------------------------------------------

 Call Graph Graphs:

 _main (ROOT)
   _SYSTEM_Initialize
     _OSCILLATOR_Initialize
     _PIN_MANAGER_Initialize

 Address spaces:
Name               Size   Autos  Total    Cost      Usage
BITCOMRAM           5F      0       0       0        0.0%
EEDATA             100      0       0       0        0.0%
NULL                 0      0       0       0        0.0%
CODE                 0      0       0       0        0.0%
COMRAM              5F      2       2       1        2.1%
STACK                0      0       0       2        0.0%
DATA                 0      0       0       3        0.0%
BITBANK0            A0      0       0       4        0.0%
BANK0               A0      0       0       5        0.0%
BITBANK1           100      0       0       6        0.0%
BANK1              100      0       0       7        0.0%
BITBANK2           100      0       0       8        0.0%
BANK2              100      0       0       9        0.0%
BITBANK3           100      0       0      10        0.0%
BANK3              100      0       0      11        0.0%
BITBANK4           100      0       0      12        0.0%
BANK4              100      0       0      13        0.0%
BITBANK5           100      0       0      14        0.0%
BANK5              100      0       0      15        0.0%
BITBIGSFRhh          D      0       0      16        0.0%
BITBIGSFRhl         1D      0       0      17        0.0%
BITBIGSFRlh         37      0       0      18        0.0%
BITBIGSFRllhh        4      0       0      19        0.0%
BITBIGSFRllhll       4      0       0      20        0.0%
BITBIGSFRllllhh      7      0       0      21        0.0%
BITBIGSFRllllhl      1      0       0      22        0.0%
BITBIGSFRlllllh      1      0       0      23        0.0%
BITBIGSFRllllll     1C      0       0      24        0.0%
ABS                  0      0       0      25        0.0%
BIGRAM             5FF      0       0      26        0.0%
BIGSFR               0      0       0     200        0.0%
BITSFR               0      0       0     200        0.0%
SFR                  0      0       0     200        0.0%


Microchip Technology PIC18 Macro Assembler V2.41 build 20230208172133 
Symbol Table                                                                                   Fri May 05 21:11:44 2023

                            l11 7F82                              l14 7F78                              l47 7FB4  
                            l66 7FE8                              u10 7FCC                              u11 7FC8  
                            u20 7FF6                              u21 7FF2                              u37 7FD8  
                           l821 7F9C                             l823 7F9E                             l831 7F7A  
                           l825 7FA8                             l841 7FCC                             l827 7FB2  
                           l819 7F84                             l843 7FCE                             l835 7FB6  
                           l829 7F70                             l845 7FF6                             l837 7FBA  
                           l839 7FBE                             wreg 0FE8                            _LATA 0F89  
                          _LATB 0F8A                            _LATC 0F8B                            _LATD 0F8C  
                          _LATE 0F8D                            _WPUB 0F7C                            _main 7FB6  
                          start 0000                    ___param_bank 0000   __end_of_OSCILLATOR_Initialize 7F7A  
                         ?_main 0001                           _ANSEL 0F7E                           _TRISA 0F92  
                         _TRISB 0F93                           _TRISC 0F94                           _TRISD 0F95  
                         _TRISE 0F96                 __initialization 7F6A                    __end_of_main 8000  
                        ??_main 0001                   __activetblptr 0000                          _ANSELH 0F7F  
                        _OSCCON 0FD3                          isa$std 0001               _SYSTEM_Initialize 7F7A  
                    __accesstop 0060         __end_of__initialization 7F6A              ?_SYSTEM_Initialize 0001  
                 ___rparam_used 0001                  __pcstackCOMRAM 0001             ??_SYSTEM_Initialize 0001  
     __end_of_SYSTEM_Initialize 7F84                         _OSCTUNE 0F9B                         __Hparam 0000  
                       __Lparam 0000                         __pcinit 7F6A                         __ramtop 0600  
                       __ptext0 7FB6                         __ptext1 7F7A                         __ptext2 7F84  
                       __ptext3 7F70           _OSCILLATOR_Initialize 7F70        ??_PIN_MANAGER_Initialize 0001  
          end_of_initialization 7F6A                       _PORTBbits 0F81          ?_OSCILLATOR_Initialize 0001  
           start_initialization 7F6A          _PIN_MANAGER_Initialize 7F84                     _INTCON2bits 0FF1  
                      __Hrparam 0000                        __Lrparam 0000         ??_OSCILLATOR_Initialize 0001  
                      isa$xinst 0000                      _INTCONbits 0FF2         ?_PIN_MANAGER_Initialize 0001  
__end_of_PIN_MANAGER_Initialize 7FB6  
