

Microchip MPLAB XC8 Assembler V2.41 build 20230208172133 
                                                                                               Sun Jul 09 19:51:23 2023

Microchip MPLAB XC8 C Compiler v2.41 (Free license) build 20230208172133 Og1 
     1                           	processor	18F45K20
     2                           	fnconf	rparam,??,?,0
     3                           	pagewidth 120
     4                           	opt	flic
     5                           	psect	nvCOMRAM,global,class=COMRAM,space=1,delta=1,lowdata,noexec
     6                           	psect	cinit,global,reloc=2,class=CODE,delta=1
     7                           	psect	bssCOMRAM,global,class=COMRAM,space=1,delta=1,lowdata,noexec
     8                           	psect	cstackCOMRAM,global,class=COMRAM,space=1,delta=1,lowdata,noexec
     9                           	psect	text0,global,reloc=2,class=CODE,delta=1
    10                           	psect	text1,global,reloc=2,class=CODE,delta=1
    11                           	psect	text2,global,reloc=2,class=CODE,delta=1
    12                           	psect	text3,global,reloc=2,class=CODE,delta=1
    13                           	psect	text4,global,reloc=2,class=CODE,delta=1
    14                           	psect	text5,global,reloc=2,class=CODE,delta=1
    15                           	psect	text6,global,reloc=2,class=CODE,delta=1
    16                           	psect	text7,global,reloc=2,class=CODE,delta=1
    17                           	psect	text8,global,reloc=2,class=CODE,delta=1
    18                           	psect	text9,global,reloc=2,class=CODE,delta=1
    19                           	psect	intsave_regs,global,class=BIGRAM,space=1,delta=1,noexec
    20                           	psect	rparam,global,class=COMRAM,space=1,delta=1,noexec
    21                           	psect	idloc,global,abs,ovrld,class=IDLOC,space=5,delta=1,noexec
    22                           	psect	config,global,abs,ovrld,class=CONFIG,space=4,delta=1,noexec
    23   000000                     
    24                           ; Version 2.40
    25                           ; Generated 17/11/2021 GMT
    26                           ; 
    27                           ; Copyright © 2021, Microchip Technology Inc. and its subsidiaries ("Microchip")
    28                           ; All rights reserved.
    29                           ; 
    30                           ; This software is developed by Microchip Technology Inc. and its subsidiaries ("Microch
      +                          ip").
    31                           ; 
    32                           ; Redistribution and use in source and binary forms, with or without modification, are
    33                           ; permitted provided that the following conditions are met:
    34                           ; 
    35                           ;     1. Redistributions of source code must retain the above copyright notice, this lis
      +                          t of
    36                           ;        conditions and the following disclaimer.
    37                           ; 
    38                           ;     2. Redistributions in binary form must reproduce the above copyright notice, this 
      +                          list
    39                           ;        of conditions and the following disclaimer in the documentation and/or other
    40                           ;        materials provided with the distribution. Publication is not required when
    41                           ;        this file is used in an embedded application.
    42                           ; 
    43                           ;     3. Microchip's name may not be used to endorse or promote products derived from th
      +                          is
    44                           ;        software without specific prior written permission.
    45                           ; 
    46                           ; THIS SOFTWARE IS PROVIDED BY MICROCHIP "AS IS" AND ANY EXPRESS OR IMPLIED WARRANTIES,
    47                           ; INCLUDING, BUT NOT LIMITED TO, THE IMPLIED WARRANTIES OF MERCHANTABILITY AND FITNESS F
      +                          OR
    48                           ; PURPOSE ARE DISCLAIMED.  IN NO EVENT SHALL MICROCHIP BE LIABLE FOR ANY DIRECT, INDIREC
      +                          T,
    49                           ; INCIDENTAL, SPECIAL, EXEMPLARY, OR CONSEQUENTIAL DAMAGES (INCLUDING BUT NOT LIMITED TO
    50                           ; PROCUREMENT OF SUBSTITUTE GOODS OR SERVICES; LOSS OF USE, DATA OR PROFITS; OR BUSINESS
    51                           ; INTERRUPTION) HOWSOEVER CAUSED AND ON ANY THEORY OF LIABILITY, WHETHER IN CONTRACT, ST
      +                          RICT
    52                           ; LIABILITY, OR TORT (INCLUDING NEGLIGENCE OR OTHERWISE) ARISING IN ANY WAY OUT OF THE U
      +                          SE OF
    53                           ; THIS SOFTWARE, EVEN IF ADVISED OF THE POSSIBILITY OF SUCH DAMAGE.
    54                           ; 
    55                           ; 
    56                           ; Code-generator required, PIC18F45K20 Definitions
    57                           ; 
    58                           ; SFR Addresses
    59   000000                     
    60 ;; Function _EUSART_DefaultFramingErrorHandler is unused but had its address taken
    61   000000                     
    62 ;; Function _EUSART_DefaultOverrunErrorHandler is unused but had its address taken
    63   000000                     
    64 ;; Function _EUSART_DefaultErrorHandler is unused but had its address taken
    65   000000                     _TRISD	set	3989
    66   000000                     _TRISC	set	3988
    67   000000                     _TRISB	set	3987
    68   000000                     _LATC	set	3979
    69   000000                     _LATB	set	3978
    70   000000                     _TXREG	set	4013
    71   000000                     _RCREG	set	4014
    72   000000                     _SPBRG	set	4015
    73   000000                     _TXSTA	set	4012
    74                           
    75                           	psect	nvCOMRAM
    76   000001                     __pnvCOMRAM:
    77                           	callstack 0
    78   000001                     _EUSART_ErrorHandler:
    79                           	callstack 0
    80   000001                     	ds	2
    81   000003                     _EUSART_OverrunErrorHandler:
    82                           	callstack 0
    83   000003                     	ds	2
    84   000005                     _EUSART_FramingErrorHandler:
    85                           	callstack 0
    86   000005                     	ds	2
    87   000000                     _RCSTAbits	set	4011
    88   000000                     _TXSTAbits	set	4012
    89   000000                     _WPUB	set	3964
    90   000000                     _ANSEL	set	3966
    91   000000                     _LATA	set	3977
    92   000000                     _LATD	set	3980
    93   000000                     _LATE	set	3981
    94   000000                     _OSCTUNE	set	3995
    95   000000                     _OSCCON	set	4051
    96   000000                     _INTCON2bits	set	4081
    97   000000                     _PIR1bits	set	3998
    98   000000                     _RCSTA	set	4011
    99   000000                     _BAUDCON	set	4024
   100   000000                     _SPBRGH	set	4016
   101   000000                     _TRISA	set	3986
   102   000000                     _TRISE	set	3990
   103   000000                     _ANSELH	set	3967
   104   000000                     _INTCONbits	set	4082
   105                           
   106                           ; #config settings
   107                           
   108                           	psect	cinit
   109   007EFE                     __pcinit:
   110                           	callstack 0
   111   007EFE                     start_initialization:
   112                           	callstack 0
   113   007EFE                     __initialization:
   114                           	callstack 0
   115                           
   116                           ; Clear objects allocated to COMRAM (1 bytes)
   117   007EFE  6A0B               	clrf	__pbssCOMRAM& (0+255),c
   118   007F00                     end_of_initialization:
   119                           	callstack 0
   120   007F00                     __end_of__initialization:
   121                           	callstack 0
   122   007F00  0E00               	movlw	low (__Lmediumconst shr (0+16))
   123   007F02  6EF8               	movwf	tblptru,c
   124   007F04  0100               	movlb	0
   125   007F06  EFC3  F03F         	goto	_main	;jump to C main() function
   126                           
   127                           	psect	bssCOMRAM
   128   00000B                     __pbssCOMRAM:
   129                           	callstack 0
   130   00000B                     _eusartRxLastError:
   131                           	callstack 0
   132   00000B                     	ds	1
   133                           
   134                           	psect	cstackCOMRAM
   135   000007                     __pcstackCOMRAM:
   136                           	callstack 0
   137   000007                     EUSART_SetFramingErrorHandler@interruptHandler:
   138                           	callstack 0
   139   000007                     EUSART_SetOverrunErrorHandler@interruptHandler:
   140                           	callstack 0
   141   000007                     EUSART_SetErrorHandler@interruptHandler:
   142                           	callstack 0
   143                           
   144                           ; 2 bytes @ 0x0
   145   000007                     	ds	2
   146   000009                     ??_main:
   147                           
   148                           ; 1 bytes @ 0x2
   149   000009                     	ds	2
   150                           
   151 ;;
   152 ;;Main: autosize = 0, tempsize = 2, incstack = 0, save=0
   153 ;;
   154 ;; *************** function _main *****************
   155 ;; Defined at:
   156 ;;		line 12 in file "main.c"
   157 ;; Parameters:    Size  Location     Type
   158 ;;		None
   159 ;; Auto vars:     Size  Location     Type
   160 ;;		None
   161 ;; Return value:  Size  Location     Type
   162 ;;                  1    wreg      void 
   163 ;; Registers used:
   164 ;;		wreg, status,2, status,0, cstack
   165 ;; Tracked objects:
   166 ;;		On entry : 0/0
   167 ;;		On exit  : 0/0
   168 ;;		Unchanged: 0/0
   169 ;; Data sizes:     COMRAM   BANK0   BANK1   BANK2   BANK3   BANK4   BANK5
   170 ;;      Params:         0       0       0       0       0       0       0
   171 ;;      Locals:         0       0       0       0       0       0       0
   172 ;;      Temps:          2       0       0       0       0       0       0
   173 ;;      Totals:         2       0       0       0       0       0       0
   174 ;;Total ram usage:        2 bytes
   175 ;; Hardware stack levels required when called: 3
   176 ;; This function calls:
   177 ;;		_EUSART_Read
   178 ;;		_EUSART_is_rx_ready
   179 ;;		_SYSTEM_Initialize
   180 ;; This function is called by:
   181 ;;		Startup code after reset
   182 ;; This function uses a non-reentrant model
   183 ;;
   184                           
   185                           	psect	text0
   186   007F86                     __ptext0:
   187                           	callstack 0
   188   007F86                     _main:
   189                           	callstack 28
   190   007F86                     
   191                           ;main.c: 15: SYSTEM_Initialize();
   192   007F86  EC85  F03F         	call	_SYSTEM_Initialize	;wreg free
   193   007F8A                     l1007:
   194   007F8A  EC8C  F03F         	call	_EUSART_is_rx_ready	;wreg free
   195   007F8E  0900               	iorlw	0
   196   007F90  A4D8               	btfss	status,2,c
   197   007F92  EFCD  F03F         	goto	u81
   198   007F96  EFCF  F03F         	goto	u80
   199   007F9A                     u81:
   200   007F9A  EFC5  F03F         	goto	l1007
   201   007F9E                     u80:
   202   007F9E                     
   203                           ;main.c: 19: LATB = EUSART_Read();
   204   007F9E  EC96  F03F         	call	_EUSART_Read	;wreg free
   205   007FA2  6E8A               	movwf	138,c	;volatile
   206   007FA4                     
   207                           ;main.c: 20: _delay((unsigned long)((50)*(20000000/4000.0)));
   208   007FA4  0E02               	movlw	2
   209   007FA6  6E0A               	movwf	(??_main+1)^0,c
   210   007FA8  0E45               	movlw	69
   211   007FAA  6E09               	movwf	??_main^0,c
   212   007FAC  0EAA               	movlw	170
   213   007FAE                     u97:
   214   007FAE  2EE8               	decfsz	wreg,f,c
   215   007FB0  D7FE               	bra	u97
   216   007FB2  2E09               	decfsz	??_main^0,f,c
   217   007FB4  D7FC               	bra	u97
   218   007FB6  2E0A               	decfsz	(??_main+1)^0,f,c
   219   007FB8  D7FA               	bra	u97
   220   007FBA  EFC5  F03F         	goto	l1007
   221   007FBE  EF00  F000         	goto	start
   222   007FC2                     __end_of_main:
   223                           	callstack 0
   224                           
   225 ;; *************** function _SYSTEM_Initialize *****************
   226 ;; Defined at:
   227 ;;		line 50 in file "mcc_generated_files/mcc.c"
   228 ;; Parameters:    Size  Location     Type
   229 ;;		None
   230 ;; Auto vars:     Size  Location     Type
   231 ;;		None
   232 ;; Return value:  Size  Location     Type
   233 ;;                  1    wreg      void 
   234 ;; Registers used:
   235 ;;		wreg, status,2, status,0, cstack
   236 ;; Tracked objects:
   237 ;;		On entry : 0/0
   238 ;;		On exit  : 0/0
   239 ;;		Unchanged: 0/0
   240 ;; Data sizes:     COMRAM   BANK0   BANK1   BANK2   BANK3   BANK4   BANK5
   241 ;;      Params:         0       0       0       0       0       0       0
   242 ;;      Locals:         0       0       0       0       0       0       0
   243 ;;      Temps:          0       0       0       0       0       0       0
   244 ;;      Totals:         0       0       0       0       0       0       0
   245 ;;Total ram usage:        0 bytes
   246 ;; Hardware stack levels used: 1
   247 ;; Hardware stack levels required when called: 2
   248 ;; This function calls:
   249 ;;		_EUSART_Initialize
   250 ;;		_OSCILLATOR_Initialize
   251 ;;		_PIN_MANAGER_Initialize
   252 ;; This function is called by:
   253 ;;		_main
   254 ;; This function uses a non-reentrant model
   255 ;;
   256                           
   257                           	psect	text1
   258   007F0A                     __ptext1:
   259                           	callstack 0
   260   007F0A                     _SYSTEM_Initialize:
   261                           	callstack 28
   262   007F0A                     
   263                           ;mcc.c: 53: PIN_MANAGER_Initialize();
   264   007F0A  ECAA  F03F         	call	_PIN_MANAGER_Initialize	;wreg free
   265                           
   266                           ;mcc.c: 54: OSCILLATOR_Initialize();
   267   007F0E  EC7A  F03F         	call	_OSCILLATOR_Initialize	;wreg free
   268   007F12                     
   269                           ;mcc.c: 55: EUSART_Initialize();
   270   007F12  ECE1  F03F         	call	_EUSART_Initialize	;wreg free
   271   007F16  0012               	return		;funcret
   272   007F18                     __end_of_SYSTEM_Initialize:
   273                           	callstack 0
   274                           
   275 ;; *************** function _PIN_MANAGER_Initialize *****************
   276 ;; Defined at:
   277 ;;		line 55 in file "mcc_generated_files/pin_manager.c"
   278 ;; Parameters:    Size  Location     Type
   279 ;;		None
   280 ;; Auto vars:     Size  Location     Type
   281 ;;		None
   282 ;; Return value:  Size  Location     Type
   283 ;;                  1    wreg      void 
   284 ;; Registers used:
   285 ;;		wreg, status,2
   286 ;; Tracked objects:
   287 ;;		On entry : 0/0
   288 ;;		On exit  : 0/0
   289 ;;		Unchanged: 0/0
   290 ;; Data sizes:     COMRAM   BANK0   BANK1   BANK2   BANK3   BANK4   BANK5
   291 ;;      Params:         0       0       0       0       0       0       0
   292 ;;      Locals:         0       0       0       0       0       0       0
   293 ;;      Temps:          0       0       0       0       0       0       0
   294 ;;      Totals:         0       0       0       0       0       0       0
   295 ;;Total ram usage:        0 bytes
   296 ;; Hardware stack levels used: 1
   297 ;; This function calls:
   298 ;;		Nothing
   299 ;; This function is called by:
   300 ;;		_SYSTEM_Initialize
   301 ;; This function uses a non-reentrant model
   302 ;;
   303                           
   304                           	psect	text2
   305   007F54                     __ptext2:
   306                           	callstack 0
   307   007F54                     _PIN_MANAGER_Initialize:
   308                           	callstack 29
   309   007F54                     
   310                           ;pin_manager.c: 60: LATE = 0x00;
   311   007F54  0E00               	movlw	0
   312   007F56  6E8D               	movwf	141,c	;volatile
   313                           
   314                           ;pin_manager.c: 61: LATD = 0x00;
   315   007F58  0E00               	movlw	0
   316   007F5A  6E8C               	movwf	140,c	;volatile
   317                           
   318                           ;pin_manager.c: 62: LATA = 0x00;
   319   007F5C  0E00               	movlw	0
   320   007F5E  6E89               	movwf	137,c	;volatile
   321                           
   322                           ;pin_manager.c: 63: LATB = 0x00;
   323   007F60  0E00               	movlw	0
   324   007F62  6E8A               	movwf	138,c	;volatile
   325                           
   326                           ;pin_manager.c: 64: LATC = 0x00;
   327   007F64  0E00               	movlw	0
   328   007F66  6E8B               	movwf	139,c	;volatile
   329                           
   330                           ;pin_manager.c: 69: TRISE = 0x07;
   331   007F68  0E07               	movlw	7
   332   007F6A  6E96               	movwf	150,c	;volatile
   333   007F6C                     
   334                           ;pin_manager.c: 70: TRISA = 0xFF;
   335   007F6C  6892               	setf	146,c	;volatile
   336                           
   337                           ;pin_manager.c: 71: TRISB = 0x00;
   338   007F6E  0E00               	movlw	0
   339   007F70  6E93               	movwf	147,c	;volatile
   340                           
   341                           ;pin_manager.c: 72: TRISC = 0xBF;
   342   007F72  0EBF               	movlw	191
   343   007F74  6E94               	movwf	148,c	;volatile
   344   007F76                     
   345                           ;pin_manager.c: 73: TRISD = 0xFF;
   346   007F76  6895               	setf	149,c	;volatile
   347   007F78                     
   348                           ;pin_manager.c: 78: ANSEL = 0xFF;
   349   007F78  687E               	setf	126,c	;volatile
   350                           
   351                           ;pin_manager.c: 79: ANSELH = 0x00;
   352   007F7A  0E00               	movlw	0
   353   007F7C  6E7F               	movwf	127,c	;volatile
   354                           
   355                           ;pin_manager.c: 84: WPUB = 0x00;
   356   007F7E  0E00               	movlw	0
   357   007F80  6E7C               	movwf	124,c	;volatile
   358   007F82                     
   359                           ;pin_manager.c: 85: INTCON2bits.nRBPU = 1;
   360   007F82  8EF1               	bsf	241,7,c	;volatile
   361   007F84  0012               	return		;funcret
   362   007F86                     __end_of_PIN_MANAGER_Initialize:
   363                           	callstack 0
   364                           
   365 ;; *************** function _OSCILLATOR_Initialize *****************
   366 ;; Defined at:
   367 ;;		line 58 in file "mcc_generated_files/mcc.c"
   368 ;; Parameters:    Size  Location     Type
   369 ;;		None
   370 ;; Auto vars:     Size  Location     Type
   371 ;;		None
   372 ;; Return value:  Size  Location     Type
   373 ;;                  1    wreg      void 
   374 ;; Registers used:
   375 ;;		wreg, status,2
   376 ;; Tracked objects:
   377 ;;		On entry : 0/0
   378 ;;		On exit  : 0/0
   379 ;;		Unchanged: 0/0
   380 ;; Data sizes:     COMRAM   BANK0   BANK1   BANK2   BANK3   BANK4   BANK5
   381 ;;      Params:         0       0       0       0       0       0       0
   382 ;;      Locals:         0       0       0       0       0       0       0
   383 ;;      Temps:          0       0       0       0       0       0       0
   384 ;;      Totals:         0       0       0       0       0       0       0
   385 ;;Total ram usage:        0 bytes
   386 ;; Hardware stack levels used: 1
   387 ;; This function calls:
   388 ;;		Nothing
   389 ;; This function is called by:
   390 ;;		_SYSTEM_Initialize
   391 ;; This function uses a non-reentrant model
   392 ;;
   393                           
   394                           	psect	text3
   395   007EF4                     __ptext3:
   396                           	callstack 0
   397   007EF4                     _OSCILLATOR_Initialize:
   398                           	callstack 29
   399   007EF4                     
   400                           ;mcc.c: 61: OSCCON = 0x60;
   401   007EF4  0E60               	movlw	96
   402   007EF6  6ED3               	movwf	211,c	;volatile
   403                           
   404                           ;mcc.c: 63: OSCTUNE = 0x00;
   405   007EF8  0E00               	movlw	0
   406   007EFA  6E9B               	movwf	155,c	;volatile
   407   007EFC  0012               	return		;funcret
   408   007EFE                     __end_of_OSCILLATOR_Initialize:
   409                           	callstack 0
   410                           
   411 ;; *************** function _EUSART_Initialize *****************
   412 ;; Defined at:
   413 ;;		line 66 in file "mcc_generated_files/eusart.c"
   414 ;; Parameters:    Size  Location     Type
   415 ;;		None
   416 ;; Auto vars:     Size  Location     Type
   417 ;;		None
   418 ;; Return value:  Size  Location     Type
   419 ;;                  1    wreg      void 
   420 ;; Registers used:
   421 ;;		wreg, status,2, status,0, cstack
   422 ;; Tracked objects:
   423 ;;		On entry : 0/0
   424 ;;		On exit  : 0/0
   425 ;;		Unchanged: 0/0
   426 ;; Data sizes:     COMRAM   BANK0   BANK1   BANK2   BANK3   BANK4   BANK5
   427 ;;      Params:         0       0       0       0       0       0       0
   428 ;;      Locals:         0       0       0       0       0       0       0
   429 ;;      Temps:          0       0       0       0       0       0       0
   430 ;;      Totals:         0       0       0       0       0       0       0
   431 ;;Total ram usage:        0 bytes
   432 ;; Hardware stack levels used: 1
   433 ;; Hardware stack levels required when called: 1
   434 ;; This function calls:
   435 ;;		_EUSART_SetErrorHandler
   436 ;;		_EUSART_SetFramingErrorHandler
   437 ;;		_EUSART_SetOverrunErrorHandler
   438 ;; This function is called by:
   439 ;;		_SYSTEM_Initialize
   440 ;; This function uses a non-reentrant model
   441 ;;
   442                           
   443                           	psect	text4
   444   007FC2                     __ptext4:
   445                           	callstack 0
   446   007FC2                     _EUSART_Initialize:
   447                           	callstack 28
   448   007FC2                     
   449                           ;eusart.c: 71: BAUDCON = 0x08;
   450   007FC2  0E08               	movlw	8
   451   007FC4  6EB8               	movwf	184,c	;volatile
   452                           
   453                           ;eusart.c: 74: RCSTA = 0x90;
   454   007FC6  0E90               	movlw	144
   455   007FC8  6EAB               	movwf	171,c	;volatile
   456                           
   457                           ;eusart.c: 77: TXSTA = 0x24;
   458   007FCA  0E24               	movlw	36
   459   007FCC  6EAC               	movwf	172,c	;volatile
   460                           
   461                           ;eusart.c: 80: SPBRG = 0x08;
   462   007FCE  0E08               	movlw	8
   463   007FD0  6EAF               	movwf	175,c	;volatile
   464                           
   465                           ;eusart.c: 83: SPBRGH = 0x02;
   466   007FD2  0E02               	movlw	2
   467   007FD4  6EB0               	movwf	176,c	;volatile
   468   007FD6                     
   469                           ;eusart.c: 86: EUSART_SetFramingErrorHandler(EUSART_DefaultFramingErrorHandler);
   470   007FD6  0E00               	movlw	0
   471   007FD8  6E07               	movwf	EUSART_SetFramingErrorHandler@interruptHandler^0,c
   472   007FDA  0E00               	movlw	0
   473   007FDC  6E08               	movwf	(EUSART_SetFramingErrorHandler@interruptHandler+1)^0,c
   474   007FDE  EC70  F03F         	call	_EUSART_SetFramingErrorHandler	;wreg free
   475   007FE2                     
   476                           ;eusart.c: 87: EUSART_SetOverrunErrorHandler(EUSART_DefaultOverrunErrorHandler);
   477   007FE2  0E00               	movlw	0
   478   007FE4  6E07               	movwf	EUSART_SetOverrunErrorHandler@interruptHandler^0,c
   479   007FE6  0E00               	movlw	0
   480   007FE8  6E08               	movwf	(EUSART_SetOverrunErrorHandler@interruptHandler+1)^0,c
   481   007FEA  EC75  F03F         	call	_EUSART_SetOverrunErrorHandler	;wreg free
   482   007FEE                     
   483                           ;eusart.c: 88: EUSART_SetErrorHandler(EUSART_DefaultErrorHandler);
   484   007FEE  0E00               	movlw	0
   485   007FF0  6E07               	movwf	EUSART_SetErrorHandler@interruptHandler^0,c
   486   007FF2  0E00               	movlw	0
   487   007FF4  6E08               	movwf	(EUSART_SetErrorHandler@interruptHandler+1)^0,c
   488   007FF6  EC6B  F03F         	call	_EUSART_SetErrorHandler	;wreg free
   489   007FFA                     
   490                           ;eusart.c: 90: eusartRxLastError.status = 0;
   491   007FFA  0E00               	movlw	0
   492   007FFC  6E0B               	movwf	_eusartRxLastError^0,c	;volatile
   493   007FFE  0012               	return		;funcret
   494   008000                     __end_of_EUSART_Initialize:
   495                           	callstack 0
   496                           
   497 ;; *************** function _EUSART_SetOverrunErrorHandler *****************
   498 ;; Defined at:
   499 ;;		line 161 in file "mcc_generated_files/eusart.c"
   500 ;; Parameters:    Size  Location     Type
   501 ;;  interruptHan    2    0[COMRAM] PTR FTN()void 
   502 ;;		 -> EUSART_DefaultOverrunErrorHandler(1), 
   503 ;; Auto vars:     Size  Location     Type
   504 ;;		None
   505 ;; Return value:  Size  Location     Type
   506 ;;                  1    wreg      void 
   507 ;; Registers used:
   508 ;;		wreg, status,2, status,0
   509 ;; Tracked objects:
   510 ;;		On entry : 0/0
   511 ;;		On exit  : 0/0
   512 ;;		Unchanged: 0/0
   513 ;; Data sizes:     COMRAM   BANK0   BANK1   BANK2   BANK3   BANK4   BANK5
   514 ;;      Params:         2       0       0       0       0       0       0
   515 ;;      Locals:         0       0       0       0       0       0       0
   516 ;;      Temps:          0       0       0       0       0       0       0
   517 ;;      Totals:         2       0       0       0       0       0       0
   518 ;;Total ram usage:        2 bytes
   519 ;; Hardware stack levels used: 1
   520 ;; This function calls:
   521 ;;		Nothing
   522 ;; This function is called by:
   523 ;;		_EUSART_Initialize
   524 ;; This function uses a non-reentrant model
   525 ;;
   526                           
   527                           	psect	text5
   528   007EEA                     __ptext5:
   529                           	callstack 0
   530   007EEA                     _EUSART_SetOverrunErrorHandler:
   531                           	callstack 28
   532   007EEA                     
   533                           ;eusart.c: 162: EUSART_OverrunErrorHandler = interruptHandler;
   534   007EEA  C007  F003         	movff	EUSART_SetOverrunErrorHandler@interruptHandler,_EUSART_OverrunErrorHandler
   535   007EEE  C008  F004         	movff	EUSART_SetOverrunErrorHandler@interruptHandler+1,_EUSART_OverrunErrorHandler+1
   536   007EF2  0012               	return		;funcret
   537   007EF4                     __end_of_EUSART_SetOverrunErrorHandler:
   538                           	callstack 0
   539                           
   540 ;; *************** function _EUSART_SetFramingErrorHandler *****************
   541 ;; Defined at:
   542 ;;		line 157 in file "mcc_generated_files/eusart.c"
   543 ;; Parameters:    Size  Location     Type
   544 ;;  interruptHan    2    0[COMRAM] PTR FTN()void 
   545 ;;		 -> EUSART_DefaultFramingErrorHandler(1), 
   546 ;; Auto vars:     Size  Location     Type
   547 ;;		None
   548 ;; Return value:  Size  Location     Type
   549 ;;                  1    wreg      void 
   550 ;; Registers used:
   551 ;;		wreg, status,2, status,0
   552 ;; Tracked objects:
   553 ;;		On entry : 0/0
   554 ;;		On exit  : 0/0
   555 ;;		Unchanged: 0/0
   556 ;; Data sizes:     COMRAM   BANK0   BANK1   BANK2   BANK3   BANK4   BANK5
   557 ;;      Params:         2       0       0       0       0       0       0
   558 ;;      Locals:         0       0       0       0       0       0       0
   559 ;;      Temps:          0       0       0       0       0       0       0
   560 ;;      Totals:         2       0       0       0       0       0       0
   561 ;;Total ram usage:        2 bytes
   562 ;; Hardware stack levels used: 1
   563 ;; This function calls:
   564 ;;		Nothing
   565 ;; This function is called by:
   566 ;;		_EUSART_Initialize
   567 ;; This function uses a non-reentrant model
   568 ;;
   569                           
   570                           	psect	text6
   571   007EE0                     __ptext6:
   572                           	callstack 0
   573   007EE0                     _EUSART_SetFramingErrorHandler:
   574                           	callstack 28
   575   007EE0                     
   576                           ;eusart.c: 158: EUSART_FramingErrorHandler = interruptHandler;
   577   007EE0  C007  F005         	movff	EUSART_SetFramingErrorHandler@interruptHandler,_EUSART_FramingErrorHandler
   578   007EE4  C008  F006         	movff	EUSART_SetFramingErrorHandler@interruptHandler+1,_EUSART_FramingErrorHandler+1
   579   007EE8  0012               	return		;funcret
   580   007EEA                     __end_of_EUSART_SetFramingErrorHandler:
   581                           	callstack 0
   582                           
   583 ;; *************** function _EUSART_SetErrorHandler *****************
   584 ;; Defined at:
   585 ;;		line 165 in file "mcc_generated_files/eusart.c"
   586 ;; Parameters:    Size  Location     Type
   587 ;;  interruptHan    2    0[COMRAM] PTR FTN()void 
   588 ;;		 -> EUSART_DefaultErrorHandler(1), 
   589 ;; Auto vars:     Size  Location     Type
   590 ;;		None
   591 ;; Return value:  Size  Location     Type
   592 ;;                  1    wreg      void 
   593 ;; Registers used:
   594 ;;		wreg, status,2, status,0
   595 ;; Tracked objects:
   596 ;;		On entry : 0/0
   597 ;;		On exit  : 0/0
   598 ;;		Unchanged: 0/0
   599 ;; Data sizes:     COMRAM   BANK0   BANK1   BANK2   BANK3   BANK4   BANK5
   600 ;;      Params:         2       0       0       0       0       0       0
   601 ;;      Locals:         0       0       0       0       0       0       0
   602 ;;      Temps:          0       0       0       0       0       0       0
   603 ;;      Totals:         2       0       0       0       0       0       0
   604 ;;Total ram usage:        2 bytes
   605 ;; Hardware stack levels used: 1
   606 ;; This function calls:
   607 ;;		Nothing
   608 ;; This function is called by:
   609 ;;		_EUSART_Initialize
   610 ;; This function uses a non-reentrant model
   611 ;;
   612                           
   613                           	psect	text7
   614   007ED6                     __ptext7:
   615                           	callstack 0
   616   007ED6                     _EUSART_SetErrorHandler:
   617                           	callstack 28
   618   007ED6                     
   619                           ;eusart.c: 166: EUSART_ErrorHandler = interruptHandler;
   620   007ED6  C007  F001         	movff	EUSART_SetErrorHandler@interruptHandler,_EUSART_ErrorHandler
   621   007EDA  C008  F002         	movff	EUSART_SetErrorHandler@interruptHandler+1,_EUSART_ErrorHandler+1
   622   007EDE  0012               	return		;funcret
   623   007EE0                     __end_of_EUSART_SetErrorHandler:
   624                           	callstack 0
   625                           
   626 ;; *************** function _EUSART_is_rx_ready *****************
   627 ;; Defined at:
   628 ;;		line 99 in file "mcc_generated_files/eusart.c"
   629 ;; Parameters:    Size  Location     Type
   630 ;;		None
   631 ;; Auto vars:     Size  Location     Type
   632 ;;		None
   633 ;; Return value:  Size  Location     Type
   634 ;;                  1    wreg      unsigned char 
   635 ;; Registers used:
   636 ;;		wreg
   637 ;; Tracked objects:
   638 ;;		On entry : 0/0
   639 ;;		On exit  : 0/0
   640 ;;		Unchanged: 0/0
   641 ;; Data sizes:     COMRAM   BANK0   BANK1   BANK2   BANK3   BANK4   BANK5
   642 ;;      Params:         0       0       0       0       0       0       0
   643 ;;      Locals:         0       0       0       0       0       0       0
   644 ;;      Temps:          0       0       0       0       0       0       0
   645 ;;      Totals:         0       0       0       0       0       0       0
   646 ;;Total ram usage:        0 bytes
   647 ;; Hardware stack levels used: 1
   648 ;; This function calls:
   649 ;;		Nothing
   650 ;; This function is called by:
   651 ;;		_main
   652 ;; This function uses a non-reentrant model
   653 ;;
   654                           
   655                           	psect	text8
   656   007F18                     __ptext8:
   657                           	callstack 0
   658   007F18                     _EUSART_is_rx_ready:
   659                           	callstack 30
   660   007F18                     
   661                           ;eusart.c: 101: return (bool)(PIR1bits.RC1IF);
   662   007F18  BA9E               	btfsc	158,5,c	;volatile
   663   007F1A  EF91  F03F         	goto	u11
   664   007F1E  EF94  F03F         	goto	u10
   665   007F22                     u11:
   666   007F22  0E01               	movlw	1
   667   007F24  EF95  F03F         	goto	u16
   668   007F28                     u10:
   669   007F28  0E00               	movlw	0
   670   007F2A                     u16:
   671   007F2A  0012               	return		;funcret
   672   007F2C                     __end_of_EUSART_is_rx_ready:
   673                           	callstack 0
   674                           
   675 ;; *************** function _EUSART_Read *****************
   676 ;; Defined at:
   677 ;;		line 113 in file "mcc_generated_files/eusart.c"
   678 ;; Parameters:    Size  Location     Type
   679 ;;		None
   680 ;; Auto vars:     Size  Location     Type
   681 ;;		None
   682 ;; Return value:  Size  Location     Type
   683 ;;                  1    wreg      unsigned char 
   684 ;; Registers used:
   685 ;;		wreg, status,2
   686 ;; Tracked objects:
   687 ;;		On entry : 0/0
   688 ;;		On exit  : 0/0
   689 ;;		Unchanged: 0/0
   690 ;; Data sizes:     COMRAM   BANK0   BANK1   BANK2   BANK3   BANK4   BANK5
   691 ;;      Params:         0       0       0       0       0       0       0
   692 ;;      Locals:         0       0       0       0       0       0       0
   693 ;;      Temps:          0       0       0       0       0       0       0
   694 ;;      Totals:         0       0       0       0       0       0       0
   695 ;;Total ram usage:        0 bytes
   696 ;; Hardware stack levels used: 1
   697 ;; This function calls:
   698 ;;		Nothing
   699 ;; This function is called by:
   700 ;;		_main
   701 ;; This function uses a non-reentrant model
   702 ;;
   703                           
   704                           	psect	text9
   705   007F2C                     __ptext9:
   706                           	callstack 0
   707   007F2C                     _EUSART_Read:
   708                           	callstack 30
   709   007F2C                     l76:
   710   007F2C  AA9E               	btfss	158,5,c	;volatile
   711   007F2E  EF9B  F03F         	goto	u21
   712   007F32  EF9D  F03F         	goto	u20
   713   007F36                     u21:
   714   007F36  EF96  F03F         	goto	l76
   715   007F3A                     u20:
   716   007F3A                     
   717                           ;eusart.c: 117: };eusart.c: 119: eusartRxLastError.status = 0;
   718   007F3A  0E00               	movlw	0
   719   007F3C  6E0B               	movwf	_eusartRxLastError^0,c	;volatile
   720   007F3E                     
   721                           ;eusart.c: 121: if(1 == RCSTAbits.OERR)
   722   007F3E  A2AB               	btfss	171,1,c	;volatile
   723   007F40  EFA4  F03F         	goto	u31
   724   007F44  EFA6  F03F         	goto	u30
   725   007F48                     u31:
   726   007F48  EFA8  F03F         	goto	l953
   727   007F4C                     u30:
   728   007F4C                     
   729                           ;eusart.c: 122: {;eusart.c: 125: RCSTAbits.CREN = 0;
   730   007F4C  98AB               	bcf	171,4,c	;volatile
   731                           
   732                           ;eusart.c: 126: RCSTAbits.CREN = 1;
   733   007F4E  88AB               	bsf	171,4,c	;volatile
   734   007F50                     l953:
   735                           
   736                           ;eusart.c: 127: };eusart.c: 129: return RCREG;
   737   007F50  50AE               	movf	174,w,c	;volatile
   738   007F52  0012               	return		;funcret
   739   007F54                     __end_of_EUSART_Read:
   740                           	callstack 0
   741   000000                     
   742                           	psect	rparam
   743   000000                     
   744                           	psect	idloc
   745                           
   746                           ;Config register IDLOC0 @ 0x200000
   747                           ;	unspecified, using default values
   748   200000                     	org	2097152
   749   200000  FF                 	db	255
   750                           
   751                           ;Config register IDLOC1 @ 0x200001
   752                           ;	unspecified, using default values
   753   200001                     	org	2097153
   754   200001  FF                 	db	255
   755                           
   756                           ;Config register IDLOC2 @ 0x200002
   757                           ;	unspecified, using default values
   758   200002                     	org	2097154
   759   200002  FF                 	db	255
   760                           
   761                           ;Config register IDLOC3 @ 0x200003
   762                           ;	unspecified, using default values
   763   200003                     	org	2097155
   764   200003  FF                 	db	255
   765                           
   766                           ;Config register IDLOC4 @ 0x200004
   767                           ;	unspecified, using default values
   768   200004                     	org	2097156
   769   200004  FF                 	db	255
   770                           
   771                           ;Config register IDLOC5 @ 0x200005
   772                           ;	unspecified, using default values
   773   200005                     	org	2097157
   774   200005  FF                 	db	255
   775                           
   776                           ;Config register IDLOC6 @ 0x200006
   777                           ;	unspecified, using default values
   778   200006                     	org	2097158
   779   200006  FF                 	db	255
   780                           
   781                           ;Config register IDLOC7 @ 0x200007
   782                           ;	unspecified, using default values
   783   200007                     	org	2097159
   784   200007  FF                 	db	255
   785                           
   786                           	psect	config
   787                           
   788                           ; Padding undefined space
   789   300000                     	org	3145728
   790   300000  FF                 	db	255
   791                           
   792                           ;Config register CONFIG1H @ 0x300001
   793                           ;	Oscillator Selection bits
   794                           ;	FOSC = HS, HS oscillator
   795                           ;	Fail-Safe Clock Monitor Enable bit
   796                           ;	FCMEN = OFF, Fail-Safe Clock Monitor disabled
   797                           ;	Internal/External Oscillator Switchover bit
   798                           ;	IESO = OFF, Oscillator Switchover mode disabled
   799   300001                     	org	3145729
   800   300001  02                 	db	2
   801                           
   802                           ;Config register CONFIG2L @ 0x300002
   803                           ;	Power-up Timer Enable bit
   804                           ;	PWRT = OFF, PWRT disabled
   805                           ;	Brown-out Reset Enable bits
   806                           ;	BOREN = SBORDIS, Brown-out Reset enabled in hardware only (SBOREN is disabled)
   807                           ;	Brown Out Reset Voltage bits
   808                           ;	BORV = 18, VBOR set to 1.8 V nominal
   809   300002                     	org	3145730
   810   300002  1F                 	db	31
   811                           
   812                           ;Config register CONFIG2H @ 0x300003
   813                           ;	Watchdog Timer Enable bit
   814                           ;	WDTEN = OFF, WDT is controlled by SWDTEN bit of the WDTCON register
   815                           ;	Watchdog Timer Postscale Select bits
   816                           ;	WDTPS = 32768, 1:32768
   817   300003                     	org	3145731
   818   300003  1E                 	db	30
   819                           
   820                           ; Padding undefined space
   821   300004                     	org	3145732
   822   300004  FF                 	db	255
   823                           
   824                           ;Config register CONFIG3H @ 0x300005
   825                           ;	CCP2 MUX bit
   826                           ;	CCP2MX = PORTC, CCP2 input/output is multiplexed with RC1
   827                           ;	PORTB A/D Enable bit
   828                           ;	PBADEN = OFF, PORTB<4:0> pins are configured as digital I/O on Reset
   829                           ;	Low-Power Timer1 Oscillator Enable bit
   830                           ;	LPT1OSC = OFF, Timer1 configured for higher power operation
   831                           ;	HFINTOSC Fast Start-up
   832                           ;	HFOFST = ON, HFINTOSC starts clocking the CPU without waiting for the oscillator to st
      +                          ablize.
   833                           ;	MCLR Pin Enable bit
   834                           ;	MCLRE = ON, MCLR pin enabled; RE3 input pin disabled
   835   300005                     	org	3145733
   836   300005  89                 	db	137
   837                           
   838                           ;Config register CONFIG4L @ 0x300006
   839                           ;	Stack Full/Underflow Reset Enable bit
   840                           ;	STVREN = ON, Stack full/underflow will cause Reset
   841                           ;	Single-Supply ICSP Enable bit
   842                           ;	LVP = OFF, Single-Supply ICSP disabled
   843                           ;	Extended Instruction Set Enable bit
   844                           ;	XINST = OFF, Instruction set extension and Indexed Addressing mode disabled (Legacy mo
      +                          de)
   845                           ;	Background Debugger Enable bit
   846                           ;	DEBUG = OFF, Background debugger disabled, RB6 and RB7 configured as general purpose I
      +                          /O pins
   847   300006                     	org	3145734
   848   300006  81                 	db	129
   849                           
   850                           ; Padding undefined space
   851   300007                     	org	3145735
   852   300007  FF                 	db	255
   853                           
   854                           ;Config register CONFIG5L @ 0x300008
   855                           ;	Code Protection Block 0
   856                           ;	CP0 = OFF, Block 0 (000800-001FFFh) not code-protected
   857                           ;	Code Protection Block 1
   858                           ;	CP1 = OFF, Block 1 (002000-003FFFh) not code-protected
   859                           ;	Code Protection Block 2
   860                           ;	CP2 = OFF, Block 2 (004000-005FFFh) not code-protected
   861                           ;	Code Protection Block 3
   862                           ;	CP3 = OFF, Block 3 (006000-007FFFh) not code-protected
   863   300008                     	org	3145736
   864   300008  0F                 	db	15
   865                           
   866                           ;Config register CONFIG5H @ 0x300009
   867                           ;	Boot Block Code Protection bit
   868                           ;	CPB = OFF, Boot block (000000-0007FFh) not code-protected
   869                           ;	Data EEPROM Code Protection bit
   870                           ;	CPD = OFF, Data EEPROM not code-protected
   871   300009                     	org	3145737
   872   300009  C0                 	db	192
   873                           
   874                           ;Config register CONFIG6L @ 0x30000A
   875                           ;	Write Protection Block 0
   876                           ;	WRT0 = OFF, Block 0 (000800-001FFFh) not write-protected
   877                           ;	Write Protection Block 1
   878                           ;	WRT1 = OFF, Block 1 (002000-003FFFh) not write-protected
   879                           ;	Write Protection Block 2
   880                           ;	WRT2 = OFF, Block 2 (004000-005FFFh) not write-protected
   881                           ;	Write Protection Block 3
   882                           ;	WRT3 = OFF, Block 3 (006000-007FFFh) not write-protected
   883   30000A                     	org	3145738
   884   30000A  0F                 	db	15
   885                           
   886                           ;Config register CONFIG6H @ 0x30000B
   887                           ;	Configuration Register Write Protection bit
   888                           ;	WRTC = OFF, Configuration registers (300000-3000FFh) not write-protected
   889                           ;	Boot Block Write Protection bit
   890                           ;	WRTB = OFF, Boot Block (000000-0007FFh) not write-protected
   891                           ;	Data EEPROM Write Protection bit
   892                           ;	WRTD = OFF, Data EEPROM not write-protected
   893   30000B                     	org	3145739
   894   30000B  E0                 	db	224
   895                           
   896                           ;Config register CONFIG7L @ 0x30000C
   897                           ;	Table Read Protection Block 0
   898                           ;	EBTR0 = OFF, Block 0 (000800-001FFFh) not protected from table reads executed in other
      +                           blocks
   899                           ;	Table Read Protection Block 1
   900                           ;	EBTR1 = OFF, Block 1 (002000-003FFFh) not protected from table reads executed in other
      +                           blocks
   901                           ;	Table Read Protection Block 2
   902                           ;	EBTR2 = OFF, Block 2 (004000-005FFFh) not protected from table reads executed in other
      +                           blocks
   903                           ;	Table Read Protection Block 3
   904                           ;	EBTR3 = OFF, Block 3 (006000-007FFFh) not protected from table reads executed in other
      +                           blocks
   905   30000C                     	org	3145740
   906   30000C  0F                 	db	15
   907                           
   908                           ;Config register CONFIG7H @ 0x30000D
   909                           ;	Boot Block Table Read Protection bit
   910                           ;	EBTRB = OFF, Boot Block (000000-0007FFh) not protected from table reads executed in ot
      +                          her blocks
   911   30000D                     	org	3145741
   912   30000D  40                 	db	64
   913                           tosu	equ	0xFFF
   914                           tosh	equ	0xFFE
   915                           tosl	equ	0xFFD
   916                           stkptr	equ	0xFFC
   917                           pclatu	equ	0xFFB
   918                           pclath	equ	0xFFA
   919                           pcl	equ	0xFF9
   920                           tblptru	equ	0xFF8
   921                           tblptrh	equ	0xFF7
   922                           tblptrl	equ	0xFF6
   923                           tablat	equ	0xFF5
   924                           prodh	equ	0xFF4
   925                           prodl	equ	0xFF3
   926                           indf0	equ	0xFEF
   927                           postinc0	equ	0xFEE
   928                           postdec0	equ	0xFED
   929                           preinc0	equ	0xFEC
   930                           plusw0	equ	0xFEB
   931                           fsr0h	equ	0xFEA
   932                           fsr0l	equ	0xFE9
   933                           wreg	equ	0xFE8
   934                           indf1	equ	0xFE7
   935                           postinc1	equ	0xFE6
   936                           postdec1	equ	0xFE5
   937                           preinc1	equ	0xFE4
   938                           plusw1	equ	0xFE3
   939                           fsr1h	equ	0xFE2
   940                           fsr1l	equ	0xFE1
   941                           bsr	equ	0xFE0
   942                           indf2	equ	0xFDF
   943                           postinc2	equ	0xFDE
   944                           postdec2	equ	0xFDD
   945                           preinc2	equ	0xFDC
   946                           plusw2	equ	0xFDB
   947                           fsr2h	equ	0xFDA
   948                           fsr2l	equ	0xFD9
   949                           status	equ	0xFD8

Data Sizes:
    Strings     0
    Constant    0
    Data        0
    BSS         1
    Persistent  6
    Stack       0

Auto Spaces:
    Space          Size  Autos    Used
    COMRAM           95      4      11
    BANK0           160      0       0
    BANK1           256      0       0
    BANK2           256      0       0
    BANK3           256      0       0
    BANK4           256      0       0
    BANK5           256      0       0

Pointer List with Targets:

    EUSART_SetErrorHandler@interruptHandler	PTR FTN()void  size(2) Largest target is 1
		 -> EUSART_DefaultErrorHandler(), 

    EUSART_ErrorHandler	PTR FTN()void  size(2) Largest target is 1
		 -> NULL(), EUSART_DefaultErrorHandler(), 

    EUSART_SetOverrunErrorHandler@interruptHandler	PTR FTN()void  size(2) Largest target is 1
		 -> EUSART_DefaultOverrunErrorHandler(), 

    EUSART_OverrunErrorHandler	PTR FTN()void  size(2) Largest target is 1
		 -> NULL(), EUSART_DefaultOverrunErrorHandler(), 

    EUSART_SetFramingErrorHandler@interruptHandler	PTR FTN()void  size(2) Largest target is 1
		 -> EUSART_DefaultFramingErrorHandler(), 

    EUSART_FramingErrorHandler	PTR FTN()void  size(2) Largest target is 1
		 -> NULL(), EUSART_DefaultFramingErrorHandler(), 


Critical Paths under _main in COMRAM

    _EUSART_Initialize->_EUSART_SetErrorHandler
    _EUSART_Initialize->_EUSART_SetFramingErrorHandler
    _EUSART_Initialize->_EUSART_SetOverrunErrorHandler

Critical Paths under _main in BANK0

    None.

Critical Paths under _main in BANK1

    None.

Critical Paths under _main in BANK2

    None.

Critical Paths under _main in BANK3

    None.

Critical Paths under _main in BANK4

    None.

Critical Paths under _main in BANK5

    None.

Call Graph Tables:

 ---------------------------------------------------------------------------------
 (Depth) Function   	        Calls       Base Space   Used Autos Params    Refs
 ---------------------------------------------------------------------------------
 (0) _main                                                 2     2      0     294
                                              2 COMRAM     2     2      0
                        _EUSART_Read
                 _EUSART_is_rx_ready
                  _SYSTEM_Initialize
 ---------------------------------------------------------------------------------
 (1) _SYSTEM_Initialize                                    0     0      0     294
                  _EUSART_Initialize
              _OSCILLATOR_Initialize
             _PIN_MANAGER_Initialize
 ---------------------------------------------------------------------------------
 (2) _PIN_MANAGER_Initialize                               0     0      0       0
 ---------------------------------------------------------------------------------
 (2) _OSCILLATOR_Initialize                                0     0      0       0
 ---------------------------------------------------------------------------------
 (2) _EUSART_Initialize                                    0     0      0     294
             _EUSART_SetErrorHandler
      _EUSART_SetFramingErrorHandler
      _EUSART_SetOverrunErrorHandler
 ---------------------------------------------------------------------------------
 (3) _EUSART_SetOverrunErrorHandler                        2     0      2      98
                                              0 COMRAM     2     0      2
 ---------------------------------------------------------------------------------
 (3) _EUSART_SetFramingErrorHandler                        2     0      2      98
                                              0 COMRAM     2     0      2
 ---------------------------------------------------------------------------------
 (3) _EUSART_SetErrorHandler                               2     0      2      98
                                              0 COMRAM     2     0      2
 ---------------------------------------------------------------------------------
 (1) _EUSART_is_rx_ready                                   0     0      0       0
 ---------------------------------------------------------------------------------
 (1) _EUSART_Read                                          0     0      0       0
 ---------------------------------------------------------------------------------
 Estimated maximum stack depth 3
 ---------------------------------------------------------------------------------

 Call Graph Graphs:

 _main (ROOT)
   _EUSART_Read
   _EUSART_is_rx_ready
   _SYSTEM_Initialize
     _EUSART_Initialize
       _EUSART_SetErrorHandler
       _EUSART_SetFramingErrorHandler
       _EUSART_SetOverrunErrorHandler
     _OSCILLATOR_Initialize
     _PIN_MANAGER_Initialize

 Address spaces:
Name               Size   Autos  Total    Cost      Usage
BIGRAM             5FF      0       0      28        0.0%
EEDATA             100      0       0       0        0.0%
BITBANK5           100      0       0      14        0.0%
BANK5              100      0       0      15        0.0%
BITBANK4           100      0       0      12        0.0%
BANK4              100      0       0      13        0.0%
BITBANK3           100      0       0      10        0.0%
BANK3              100      0       0      11        0.0%
BITBANK2           100      0       0       8        0.0%
BANK2              100      0       0       9        0.0%
BITBANK1           100      0       0       6        0.0%
BANK1              100      0       0       7        0.0%
BITBANK0            A0      0       0       4        0.0%
BANK0               A0      0       0       5        0.0%
BITCOMRAM           5F      0       0       0        0.0%
COMRAM              5F      4       B       1       11.6%
BITBIGSFRhl         1D      0       0      17        0.0%
BITBIGSFRllllll     1C      0       0      26        0.0%
BITBIGSFRlhh        1A      0       0      18        0.0%
BITBIGSFRhh          D      0       0      16        0.0%
BITBIGSFRlhllh       C      0       0      20        0.0%
BITBIGSFRllllh       9      0       0      24        0.0%
BITBIGSFRlhlhh       7      0       0      19        0.0%
BITBIGSFRllhh        4      0       0      22        0.0%
BITBIGSFRllhll       4      0       0      23        0.0%
BITBIGSFRlhlll       2      0       0      21        0.0%
BITBIGSFRlllllh      1      0       0      25        0.0%
BIGSFR               0      0       0     200        0.0%
BITSFR               0      0       0     200        0.0%
SFR                  0      0       0     200        0.0%
STACK                0      0       0       2        0.0%
NULL                 0      0       0       0        0.0%
ABS                  0      0       B      27        0.0%
DATA                 0      0       B       3        0.0%
CODE                 0      0       0       0        0.0%


Microchip Technology PIC18 Macro Assembler V2.41 build 20230208172133 
Symbol Table                                                                                   Sun Jul 09 19:51:23 2023

                                           l13 7F16                                             l16 7EFC  
                                           l80 7F52                                             l67 7F2A  
                                           l59 7FFE                                             l76 7F2C  
                                           l98 7EE8                                             u10 7F28  
                                           u11 7F22                                             u20 7F3A  
                                           u21 7F36                                             u30 7F4C  
                                           u31 7F48                                             u16 7F2A  
                                           u80 7F9E                                             u81 7F9A  
                                           u97 7FAE                                            l101 7EF2  
                                          l104 7EDE                                            l137 7F84  
                                          l921 7F78                                            l923 7F82  
                                          l915 7F54                                            l941 7F18  
                                          l925 7EF4                                            l917 7F6C  
                                          l951 7F4C                                            l919 7F76  
                                          l953 7F50                                            l945 7F2C  
                                          l947 7F3A                                            l949 7F3E  
                                          l991 7FC2                                            l985 7EE0  
                                          l993 7FD6                                            l987 7EEA  
                                          l995 7FE2                                            l989 7ED6  
                                          l997 7FEE                                            l999 7FFA  
               ?_EUSART_SetFramingErrorHandler 0007                                            wreg 0FE8  
                                 ?_EUSART_Read 0007                                           l1001 7F0A  
                                         l1003 7F12                                           l1011 7FA4  
                                         l1005 7F86                                           l1007 7F8A  
                                         l1009 7F9E                                           _LATA 0F89  
                                         _LATB 0F8A                                           _LATC 0F8B  
                                         _LATD 0F8C                                           _LATE 0F8D  
                                         _WPUB 0F7C                                           _main 7F86  
                                         start 0000                                   ___param_bank 0000  
                __end_of_OSCILLATOR_Initialize 7EFE                                          ?_main 0007  
                                        _ANSEL 0F7E                                          _RCREG 0FAE  
                                        _RCSTA 0FAB                                          _SPBRG 0FAF  
                                        _TRISA 0F92                                          _TRISB 0F93  
                                        _TRISC 0F94                                          _TRISD 0F95  
                                        _TRISE 0F96                                          _TXREG 0FAD  
                                        _TXSTA 0FAC                                          status 0FD8  
                              __initialization 7EFE                                   __end_of_main 7FC2  
                                       ??_main 0009                                  __activetblptr 0002  
            _EUSART_DefaultFramingErrorHandler 0000                     _EUSART_OverrunErrorHandler 0003  
                                       _ANSELH 0F7F                     __end_of_EUSART_is_rx_ready 7F2C  
                                       _OSCCON 0FD3                                         _SPBRGH 0FB0  
                                       isa$std 0001                                         tblptru 0FF8  
                            _SYSTEM_Initialize 7F0A                                     __accesstop 0060  
                      __end_of__initialization 7F00                             ?_SYSTEM_Initialize 0007  
                                ___rparam_used 0001                                 __pcstackCOMRAM 0007  
                          ??_SYSTEM_Initialize 0009                ??_EUSART_SetOverrunErrorHandler 0009  
                    __end_of_SYSTEM_Initialize 7F18                                     __pnvCOMRAM 0001  
                                      _BAUDCON 0FB8                                        _OSCTUNE 0F9B  
                     ??_EUSART_SetErrorHandler 0009                                        __Hparam 0000  
                                      __Lparam 0000                                        __pcinit 7EFE  
                                      __ramtop 0600                                        __ptext0 7F86  
                                      __ptext1 7F0A                                        __ptext2 7F54  
                                      __ptext3 7EF4                                        __ptext4 7FC2  
                                      __ptext5 7EEA                                        __ptext6 7EE0  
                                      __ptext7 7ED6                                        __ptext8 7F18  
                                      __ptext9 7F2C                          _OSCILLATOR_Initialize 7EF4  
                     ??_PIN_MANAGER_Initialize 0007                           end_of_initialization 7F00  
        __end_of_EUSART_SetOverrunErrorHandler 7EF4                  _EUSART_SetOverrunErrorHandler 7EEA  
                                __Lmediumconst 0000                              _EUSART_Initialize 7FC2  
                           ?_EUSART_Initialize 0007                                      _RCSTAbits 0FAB  
                           _EUSART_is_rx_ready 7F18                            ??_EUSART_Initialize 0009  
                          ?_EUSART_is_rx_ready 0007                      __end_of_EUSART_Initialize 8000  
                         ??_EUSART_is_rx_ready 0007                                      _TXSTAbits 0FAC  
                   _EUSART_DefaultErrorHandler 0000                         ?_OSCILLATOR_Initialize 0007  
                          start_initialization 7EFE                                  ??_EUSART_Read 0007  
               ?_EUSART_SetOverrunErrorHandler 0007                     _EUSART_FramingErrorHandler 0005  
                       _EUSART_SetErrorHandler 7ED6                                    __pbssCOMRAM 000B  
                          __end_of_EUSART_Read 7F54                         _PIN_MANAGER_Initialize 7F54  
       EUSART_SetErrorHandler@interruptHandler 0007                              _eusartRxLastError 000B  
                                     _PIR1bits 0F9E                ??_EUSART_SetFramingErrorHandler 0009  
            _EUSART_DefaultOverrunErrorHandler 0000                                    _EUSART_Read 7F2C  
                                  _INTCON2bits 0FF1                                       __Hrparam 0000  
                                     __Lrparam 0000                        ??_OSCILLATOR_Initialize 0007  
                          _EUSART_ErrorHandler 0001                        ?_EUSART_SetErrorHandler 0007  
EUSART_SetOverrunErrorHandler@interruptHandler 0007                                       isa$xinst 0000  
        __end_of_EUSART_SetFramingErrorHandler 7EEA                  _EUSART_SetFramingErrorHandler 7EE0  
                                   _INTCONbits 0FF2                        ?_PIN_MANAGER_Initialize 0007  
               __end_of_EUSART_SetErrorHandler 7EE0  EUSART_SetFramingErrorHandler@interruptHandler 0007  
               __end_of_PIN_MANAGER_Initialize 7F86  
