

Microchip MPLAB XC8 Assembler V2.41 build 20230208172133 
                                                                                               Fri May 05 21:44:45 2023

Microchip MPLAB XC8 C Compiler v2.41 (Free license) build 20230208172133 Og1 
     1                           	processor	18F45K20
     2                           	fnconf	rparam,??,?,0
     3                           	pagewidth 120
     4                           	opt	flic
     5                           	psect	cinit,global,reloc=2,class=CODE,delta=1
     6                           	psect	bssCOMRAM,global,class=COMRAM,space=1,delta=1,lowdata,noexec
     7                           	psect	cstackCOMRAM,global,class=COMRAM,space=1,delta=1,lowdata,noexec
     8                           	psect	text0,global,reloc=2,class=CODE,delta=1
     9                           	psect	text1,global,reloc=2,class=CODE,delta=1
    10                           	psect	text2,global,reloc=2,class=CODE,delta=1
    11                           	psect	text3,global,reloc=2,class=CODE,delta=1
    12                           	psect	text4,global,reloc=2,class=CODE,delta=1
    13                           	psect	text5,global,reloc=2,class=CODE,delta=1
    14                           	psect	text6,global,reloc=2,class=CODE,delta=1
    15                           	psect	text7,global,reloc=2,class=CODE,delta=1
    16                           	psect	text8,global,reloc=2,class=CODE,delta=1
    17                           	psect	text9,global,reloc=2,class=CODE,delta=1
    18                           	psect	text10,global,reloc=2,class=CODE,delta=1
    19                           	psect	text11,global,reloc=2,class=CODE,delta=1
    20                           	psect	intsave_regs,global,class=BIGRAM,space=1,delta=1,noexec
    21                           	psect	rparam,global,class=COMRAM,space=1,delta=1,noexec
    22                           	psect	idloc,global,abs,ovrld,class=IDLOC,space=5,delta=1,noexec
    23                           	psect	config,global,abs,ovrld,class=CONFIG,space=4,delta=1,noexec
    24   000000                     
    25                           ; Generated 06/04/2022 GMT
    26                           ; 
    27                           ; Copyright © 2022, Microchip Technology Inc. and its subsidiaries ("Microchip")
    28                           ; All rights reserved.
    29                           ; 
    30                           ; This software is developed by Microchip Technology Inc. and its subsidiaries ("Microch
      +                          ip").
    31                           ; 
    32                           ; Redistribution and use in source and binary forms, with or without modification, are
    33                           ; permitted provided that the following conditions are met:
    34                           ; 
    35                           ;     1. Redistributions of source code must retain the above copyright notice, this lis
      +                          t of
    36                           ;        conditions and the following disclaimer.
    37                           ; 
    38                           ;     2. Redistributions in binary form must reproduce the above copyright notice, this 
      +                          list
    39                           ;        of conditions and the following disclaimer in the documentation and/or other
    40                           ;        materials provided with the distribution. Publication is not required when
    41                           ;        this file is used in an embedded application.
    42                           ; 
    43                           ;     3. Microchip's name may not be used to endorse or promote products derived from th
      +                          is
    44                           ;        software without specific prior written permission.
    45                           ; 
    46                           ; THIS SOFTWARE IS PROVIDED BY MICROCHIP "AS IS" AND ANY EXPRESS OR IMPLIED WARRANTIES,
    47                           ; INCLUDING, BUT NOT LIMITED TO, THE IMPLIED WARRANTIES OF MERCHANTABILITY AND FITNESS F
      +                          OR
    48                           ; PURPOSE ARE DISCLAIMED.  IN NO EVENT SHALL MICROCHIP BE LIABLE FOR ANY DIRECT, INDIREC
      +                          T,
    49                           ; INCIDENTAL, SPECIAL, EXEMPLARY, OR CONSEQUENTIAL DAMAGES (INCLUDING BUT NOT LIMITED TO
    50                           ; PROCUREMENT OF SUBSTITUTE GOODS OR SERVICES; LOSS OF USE, DATA OR PROFITS; OR BUSINESS
    51                           ; INTERRUPTION) HOWSOEVER CAUSED AND ON ANY THEORY OF LIABILITY, WHETHER IN CONTRACT, ST
      +                          RICT
    52                           ; LIABILITY, OR TORT (INCLUDING NEGLIGENCE OR OTHERWISE) ARISING IN ANY WAY OUT OF THE U
      +                          SE OF
    53                           ; THIS SOFTWARE, EVEN IF ADVISED OF THE POSSIBILITY OF SUCH DAMAGE.
    54                           ; 
    55                           ; 
    56                           ; Code-generator required, PIC18F45K20 Definitions
    57                           ; 
    58                           ; SFR Addresses
    59   000000                     _TRISD	set	3989
    60   000000                     _TRISC	set	3988
    61   000000                     _TRISB	set	3987
    62   000000                     _LATC	set	3979
    63   000000                     _LATB	set	3978
    64   000000                     _LATCbits	set	3979
    65   000000                     _WPUB	set	3964
    66   000000                     _ANSEL	set	3966
    67   000000                     _LATA	set	3977
    68   000000                     _LATD	set	3980
    69   000000                     _LATE	set	3981
    70   000000                     _OSCTUNE	set	3995
    71   000000                     _OSCCON	set	4051
    72   000000                     _INTCON2bits	set	4081
    73   000000                     _TRISA	set	3986
    74   000000                     _TRISE	set	3990
    75   000000                     _PORTBbits	set	3969
    76   000000                     _ANSELH	set	3967
    77   000000                     _INTCONbits	set	4082
    78                           
    79                           ; #config settings
    80                           
    81                           	psect	cinit
    82   007EBC                     __pcinit:
    83                           	callstack 0
    84   007EBC                     start_initialization:
    85                           	callstack 0
    86   007EBC                     __initialization:
    87                           	callstack 0
    88                           
    89                           ; Clear objects allocated to COMRAM (1 bytes)
    90   007EBC  6A03               	clrf	__pbssCOMRAM& (0+255),c
    91   007EBE                     end_of_initialization:
    92                           	callstack 0
    93   007EBE                     __end_of__initialization:
    94                           	callstack 0
    95   007EBE  0E00               	movlw	low (__Lmediumconst shr (0+16))
    96   007EC0  6EF8               	movwf	tblptru,c
    97   007EC2  0100               	movlb	0
    98   007EC4  EF7C  F03F         	goto	_main	;jump to C main() function
    99                           
   100                           	psect	bssCOMRAM
   101   000003                     __pbssCOMRAM:
   102                           	callstack 0
   103   000003                     _Counter:
   104                           	callstack 0
   105   000003                     	ds	1
   106                           
   107                           	psect	cstackCOMRAM
   108   000001                     __pcstackCOMRAM:
   109                           	callstack 0
   110   000001                     ??_main:
   111                           
   112                           ; 1 bytes @ 0x0
   113   000001                     	ds	2
   114                           
   115 ;;
   116 ;;Main: autosize = 0, tempsize = 2, incstack = 0, save=0
   117 ;;
   118 ;; *************** function _main *****************
   119 ;; Defined at:
   120 ;;		line 68 in file "main.c"
   121 ;; Parameters:    Size  Location     Type
   122 ;;		None
   123 ;; Auto vars:     Size  Location     Type
   124 ;;		None
   125 ;; Return value:  Size  Location     Type
   126 ;;                  1    wreg      void 
   127 ;; Registers used:
   128 ;;		wreg, status,2, status,0, cstack
   129 ;; Tracked objects:
   130 ;;		On entry : 0/0
   131 ;;		On exit  : 0/0
   132 ;;		Unchanged: 0/0
   133 ;; Data sizes:     COMRAM   BANK0   BANK1   BANK2   BANK3   BANK4   BANK5
   134 ;;      Params:         0       0       0       0       0       0       0
   135 ;;      Locals:         0       0       0       0       0       0       0
   136 ;;      Temps:          2       0       0       0       0       0       0
   137 ;;      Totals:         2       0       0       0       0       0       0
   138 ;;Total ram usage:        2 bytes
   139 ;; Hardware stack levels required when called: 2
   140 ;; This function calls:
   141 ;;		_BLUE
   142 ;;		_CYAN
   143 ;;		_GREEN
   144 ;;		_NONE
   145 ;;		_PURPLE
   146 ;;		_RED
   147 ;;		_SYSTEM_Initialize
   148 ;;		_WHITE
   149 ;;		_YELLOW
   150 ;; This function is called by:
   151 ;;		Startup code after reset
   152 ;; This function uses a non-reentrant model
   153 ;;
   154                           
   155                           	psect	text0
   156   007EF8                     __ptext0:
   157                           	callstack 0
   158   007EF8                     _main:
   159                           	callstack 29
   160   007EF8                     
   161                           ;main.c: 71:     SYSTEM_Initialize();
   162   007EF8  EC59  F03F         	call	_SYSTEM_Initialize	;wreg free
   163   007EFC  EFA3  F03F         	goto	l842
   164   007F00                     l824:
   165                           
   166                           ;main.c: 77:                 RED();
   167   007F00  EC48  F03F         	call	_RED	;wreg free
   168                           
   169                           ;main.c: 78:                 break;
   170   007F04  EFD0  F03F         	goto	l94
   171   007F08                     l826:
   172                           
   173                           ;main.c: 80:                 GREEN();
   174   007F08  EC3C  F03F         	call	_GREEN	;wreg free
   175                           
   176                           ;main.c: 81:                 break;
   177   007F0C  EFD0  F03F         	goto	l94
   178   007F10                     l828:
   179                           
   180                           ;main.c: 83:                 BLUE();
   181   007F10  EC34  F03F         	call	_BLUE	;wreg free
   182                           
   183                           ;main.c: 84:                 break;
   184   007F14  EFD0  F03F         	goto	l94
   185   007F18                     l830:
   186                           
   187                           ;main.c: 86:                 WHITE();
   188   007F18  EC4C  F03F         	call	_WHITE	;wreg free
   189                           
   190                           ;main.c: 87:                 break;
   191   007F1C  EFD0  F03F         	goto	l94
   192   007F20                     l832:
   193                           
   194                           ;main.c: 89:                 YELLOW();
   195   007F20  EC50  F03F         	call	_YELLOW	;wreg free
   196                           
   197                           ;main.c: 90:                 break;
   198   007F24  EFD0  F03F         	goto	l94
   199   007F28                     l834:
   200                           
   201                           ;main.c: 92:                 CYAN();
   202   007F28  EC38  F03F         	call	_CYAN	;wreg free
   203                           
   204                           ;main.c: 93:                 break;
   205   007F2C  EFD0  F03F         	goto	l94
   206   007F30                     l836:
   207                           
   208                           ;main.c: 95:                 PURPLE();
   209   007F30  EC44  F03F         	call	_PURPLE	;wreg free
   210                           
   211                           ;main.c: 96:                 break;
   212   007F34  EFD0  F03F         	goto	l94
   213   007F38                     l838:
   214                           
   215                           ;main.c: 98:                 NONE();
   216   007F38  EC40  F03F         	call	_NONE	;wreg free
   217                           
   218                           ;main.c: 99:                 break;
   219   007F3C  EFD0  F03F         	goto	l94
   220   007F40                     l102:
   221                           
   222                           ;main.c: 101:                 __nop();
   223   007F40  F000               	nop	
   224                           
   225                           ;main.c: 102:                 break;
   226   007F42  EFD0  F03F         	goto	l94
   227   007F46                     l92:
   228   007F46                     l842:
   229   007F46  5003               	movf	_Counter^0,w,c
   230   007F48  6E01               	movwf	??_main^0,c
   231   007F4A  6A02               	clrf	(??_main+1)^0,c
   232                           
   233                           ; Switch on 2 bytes has been partitioned into a top level switch of size 1, and 1 sub-sw
      +                          itches
   234                           ; Switch size 1, requested type "simple"
   235                           ; Number of cases is 1, Range of values is 0 to 0
   236                           ; switch strategies available:
   237                           ; Name         Instructions Cycles
   238                           ; simple_byte            4     3 (average)
   239                           ;	Chosen strategy is simple_byte
   240   007F4C  5002               	movf	(??_main+1)^0,w,c
   241   007F4E  0A00               	xorlw	0	; case 0
   242   007F50  B4D8               	btfsc	status,2,c
   243   007F52  EFAD  F03F         	goto	l862
   244   007F56  EFA0  F03F         	goto	l102
   245   007F5A                     l862:
   246                           
   247                           ; Switch size 1, requested type "simple"
   248                           ; Number of cases is 8, Range of values is 0 to 7
   249                           ; switch strategies available:
   250                           ; Name         Instructions Cycles
   251                           ; simple_byte           25    13 (average)
   252                           ;	Chosen strategy is simple_byte
   253   007F5A  5001               	movf	??_main^0,w,c
   254   007F5C  0A00               	xorlw	0	; case 0
   255   007F5E  B4D8               	btfsc	status,2,c
   256   007F60  EF80  F03F         	goto	l824
   257   007F64  0A01               	xorlw	1	; case 1
   258   007F66  B4D8               	btfsc	status,2,c
   259   007F68  EF84  F03F         	goto	l826
   260   007F6C  0A03               	xorlw	3	; case 2
   261   007F6E  B4D8               	btfsc	status,2,c
   262   007F70  EF88  F03F         	goto	l828
   263   007F74  0A01               	xorlw	1	; case 3
   264   007F76  B4D8               	btfsc	status,2,c
   265   007F78  EF8C  F03F         	goto	l830
   266   007F7C  0A07               	xorlw	7	; case 4
   267   007F7E  B4D8               	btfsc	status,2,c
   268   007F80  EF90  F03F         	goto	l832
   269   007F84  0A01               	xorlw	1	; case 5
   270   007F86  B4D8               	btfsc	status,2,c
   271   007F88  EF94  F03F         	goto	l834
   272   007F8C  0A03               	xorlw	3	; case 6
   273   007F8E  B4D8               	btfsc	status,2,c
   274   007F90  EF98  F03F         	goto	l836
   275   007F94  0A01               	xorlw	1	; case 7
   276   007F96  B4D8               	btfsc	status,2,c
   277   007F98  EF9C  F03F         	goto	l838
   278   007F9C  EFA0  F03F         	goto	l102
   279   007FA0                     l94:
   280                           
   281                           ;main.c: 105:     if(PORTBbits.RB0 == 1){
   282   007FA0  A081               	btfss	129,0,c	;volatile
   283   007FA2  EFD5  F03F         	goto	u11
   284   007FA6  EFD7  F03F         	goto	u10
   285   007FAA                     u11:
   286   007FAA  EFF4  F03F         	goto	l103
   287   007FAE                     u10:
   288   007FAE                     
   289                           ;main.c: 106:         _delay((unsigned long)((500)*(1000000/4000.0)));
   290   007FAE  0EA3               	movlw	163
   291   007FB0  6E01               	movwf	??_main^0,c
   292   007FB2  0E55               	movlw	85
   293   007FB4                     u57:
   294   007FB4  2EE8               	decfsz	wreg,f,c
   295   007FB6  D7FE               	bra	u57
   296   007FB8  2E01               	decfsz	??_main^0,f,c
   297   007FBA  D7FC               	bra	u57
   298   007FBC  F000               	nop	
   299   007FBE                     l104:
   300   007FBE  B081               	btfsc	129,0,c	;volatile
   301   007FC0  EFE4  F03F         	goto	u21
   302   007FC4  EFE6  F03F         	goto	u20
   303   007FC8                     u21:
   304   007FC8  EFDF  F03F         	goto	l104
   305   007FCC                     u20:
   306   007FCC                     
   307                           ;main.c: 108:         Counter++;
   308   007FCC  2A03               	incf	_Counter^0,f,c
   309   007FCE                     
   310                           ;main.c: 109:         if(Counter == 8){
   311   007FCE  0E08               	movlw	8
   312   007FD0  1803               	xorwf	_Counter^0,w,c
   313   007FD2  A4D8               	btfss	status,2,c
   314   007FD4  EFEE  F03F         	goto	u31
   315   007FD8  EFF0  F03F         	goto	u30
   316   007FDC                     u31:
   317   007FDC  EFA3  F03F         	goto	l92
   318   007FE0                     u30:
   319   007FE0                     
   320                           ;main.c: 110:             Counter=0;
   321   007FE0  0E00               	movlw	0
   322   007FE2  6E03               	movwf	_Counter^0,c
   323   007FE4  EFA3  F03F         	goto	l842
   324   007FE8                     l103:
   325   007FE8  B081               	btfsc	129,0,c	;volatile
   326   007FEA  EFF9  F03F         	goto	u41
   327   007FEE  EFFB  F03F         	goto	u40
   328   007FF2                     u41:
   329   007FF2  EFA3  F03F         	goto	l92
   330   007FF6                     u40:
   331   007FF6                     
   332                           ;main.c: 114:         __nop();
   333   007FF6  F000               	nop	
   334   007FF8  EFA3  F03F         	goto	l842
   335   007FFC  EF00  F000         	goto	start
   336   008000                     __end_of_main:
   337                           	callstack 0
   338                           
   339 ;; *************** function _YELLOW *****************
   340 ;; Defined at:
   341 ;;		line 40 in file "main.c"
   342 ;; Parameters:    Size  Location     Type
   343 ;;		None
   344 ;; Auto vars:     Size  Location     Type
   345 ;;		None
   346 ;; Return value:  Size  Location     Type
   347 ;;                  1    wreg      void 
   348 ;; Registers used:
   349 ;;		None
   350 ;; Tracked objects:
   351 ;;		On entry : 0/0
   352 ;;		On exit  : 0/0
   353 ;;		Unchanged: 0/0
   354 ;; Data sizes:     COMRAM   BANK0   BANK1   BANK2   BANK3   BANK4   BANK5
   355 ;;      Params:         0       0       0       0       0       0       0
   356 ;;      Locals:         0       0       0       0       0       0       0
   357 ;;      Temps:          0       0       0       0       0       0       0
   358 ;;      Totals:         0       0       0       0       0       0       0
   359 ;;Total ram usage:        0 bytes
   360 ;; Hardware stack levels used: 1
   361 ;; This function calls:
   362 ;;		Nothing
   363 ;; This function is called by:
   364 ;;		_main
   365 ;; This function uses a non-reentrant model
   366 ;;
   367                           
   368                           	psect	text1
   369   007EA0                     __ptext1:
   370                           	callstack 0
   371   007EA0                     _YELLOW:
   372                           	callstack 30
   373   007EA0                     
   374                           ;main.c: 41:     LATCbits.LATC0 = 1;
   375   007EA0  808B               	bsf	139,0,c	;volatile
   376                           
   377                           ;main.c: 42:     LATCbits.LATC1 = 1;
   378   007EA2  828B               	bsf	139,1,c	;volatile
   379                           
   380                           ;main.c: 43:     LATCbits.LATC2 = 0;
   381   007EA4  948B               	bcf	139,2,c	;volatile
   382   007EA6  0012               	return		;funcret
   383   007EA8                     __end_of_YELLOW:
   384                           	callstack 0
   385                           
   386 ;; *************** function _WHITE *****************
   387 ;; Defined at:
   388 ;;		line 34 in file "main.c"
   389 ;; Parameters:    Size  Location     Type
   390 ;;		None
   391 ;; Auto vars:     Size  Location     Type
   392 ;;		None
   393 ;; Return value:  Size  Location     Type
   394 ;;                  1    wreg      void 
   395 ;; Registers used:
   396 ;;		None
   397 ;; Tracked objects:
   398 ;;		On entry : 0/0
   399 ;;		On exit  : 0/0
   400 ;;		Unchanged: 0/0
   401 ;; Data sizes:     COMRAM   BANK0   BANK1   BANK2   BANK3   BANK4   BANK5
   402 ;;      Params:         0       0       0       0       0       0       0
   403 ;;      Locals:         0       0       0       0       0       0       0
   404 ;;      Temps:          0       0       0       0       0       0       0
   405 ;;      Totals:         0       0       0       0       0       0       0
   406 ;;Total ram usage:        0 bytes
   407 ;; Hardware stack levels used: 1
   408 ;; This function calls:
   409 ;;		Nothing
   410 ;; This function is called by:
   411 ;;		_main
   412 ;; This function uses a non-reentrant model
   413 ;;
   414                           
   415                           	psect	text2
   416   007E98                     __ptext2:
   417                           	callstack 0
   418   007E98                     _WHITE:
   419                           	callstack 30
   420   007E98                     
   421                           ;main.c: 35:     LATCbits.LATC0 = 1;
   422   007E98  808B               	bsf	139,0,c	;volatile
   423                           
   424                           ;main.c: 36:     LATCbits.LATC1 = 1;
   425   007E9A  828B               	bsf	139,1,c	;volatile
   426                           
   427                           ;main.c: 37:     LATCbits.LATC2 = 1;
   428   007E9C  848B               	bsf	139,2,c	;volatile
   429   007E9E  0012               	return		;funcret
   430   007EA0                     __end_of_WHITE:
   431                           	callstack 0
   432                           
   433 ;; *************** function _SYSTEM_Initialize *****************
   434 ;; Defined at:
   435 ;;		line 50 in file "mcc_generated_files/mcc.c"
   436 ;; Parameters:    Size  Location     Type
   437 ;;		None
   438 ;; Auto vars:     Size  Location     Type
   439 ;;		None
   440 ;; Return value:  Size  Location     Type
   441 ;;                  1    wreg      void 
   442 ;; Registers used:
   443 ;;		wreg, status,2, cstack
   444 ;; Tracked objects:
   445 ;;		On entry : 0/0
   446 ;;		On exit  : 0/0
   447 ;;		Unchanged: 0/0
   448 ;; Data sizes:     COMRAM   BANK0   BANK1   BANK2   BANK3   BANK4   BANK5
   449 ;;      Params:         0       0       0       0       0       0       0
   450 ;;      Locals:         0       0       0       0       0       0       0
   451 ;;      Temps:          0       0       0       0       0       0       0
   452 ;;      Totals:         0       0       0       0       0       0       0
   453 ;;Total ram usage:        0 bytes
   454 ;; Hardware stack levels used: 1
   455 ;; Hardware stack levels required when called: 1
   456 ;; This function calls:
   457 ;;		_OSCILLATOR_Initialize
   458 ;;		_PIN_MANAGER_Initialize
   459 ;; This function is called by:
   460 ;;		_main
   461 ;; This function uses a non-reentrant model
   462 ;;
   463                           
   464                           	psect	text3
   465   007EB2                     __ptext3:
   466                           	callstack 0
   467   007EB2                     _SYSTEM_Initialize:
   468                           	callstack 29
   469   007EB2                     
   470                           ;mcc_generated_files/mcc.c: 53:     PIN_MANAGER_Initialize();
   471   007EB2  EC64  F03F         	call	_PIN_MANAGER_Initialize	;wreg free
   472                           
   473                           ;mcc_generated_files/mcc.c: 54:     OSCILLATOR_Initialize();
   474   007EB6  EC54  F03F         	call	_OSCILLATOR_Initialize	;wreg free
   475   007EBA  0012               	return		;funcret
   476   007EBC                     __end_of_SYSTEM_Initialize:
   477                           	callstack 0
   478                           
   479 ;; *************** function _PIN_MANAGER_Initialize *****************
   480 ;; Defined at:
   481 ;;		line 55 in file "mcc_generated_files/pin_manager.c"
   482 ;; Parameters:    Size  Location     Type
   483 ;;		None
   484 ;; Auto vars:     Size  Location     Type
   485 ;;		None
   486 ;; Return value:  Size  Location     Type
   487 ;;                  1    wreg      void 
   488 ;; Registers used:
   489 ;;		wreg, status,2
   490 ;; Tracked objects:
   491 ;;		On entry : 0/0
   492 ;;		On exit  : 0/0
   493 ;;		Unchanged: 0/0
   494 ;; Data sizes:     COMRAM   BANK0   BANK1   BANK2   BANK3   BANK4   BANK5
   495 ;;      Params:         0       0       0       0       0       0       0
   496 ;;      Locals:         0       0       0       0       0       0       0
   497 ;;      Temps:          0       0       0       0       0       0       0
   498 ;;      Totals:         0       0       0       0       0       0       0
   499 ;;Total ram usage:        0 bytes
   500 ;; Hardware stack levels used: 1
   501 ;; This function calls:
   502 ;;		Nothing
   503 ;; This function is called by:
   504 ;;		_SYSTEM_Initialize
   505 ;; This function uses a non-reentrant model
   506 ;;
   507                           
   508                           	psect	text4
   509   007EC8                     __ptext4:
   510                           	callstack 0
   511   007EC8                     _PIN_MANAGER_Initialize:
   512                           	callstack 29
   513   007EC8                     
   514                           ;mcc_generated_files/pin_manager.c: 60:     LATE = 0x00;
   515   007EC8  0E00               	movlw	0
   516   007ECA  6E8D               	movwf	141,c	;volatile
   517                           
   518                           ;mcc_generated_files/pin_manager.c: 61:     LATD = 0x00;
   519   007ECC  0E00               	movlw	0
   520   007ECE  6E8C               	movwf	140,c	;volatile
   521                           
   522                           ;mcc_generated_files/pin_manager.c: 62:     LATA = 0x00;
   523   007ED0  0E00               	movlw	0
   524   007ED2  6E89               	movwf	137,c	;volatile
   525                           
   526                           ;mcc_generated_files/pin_manager.c: 63:     LATB = 0x00;
   527   007ED4  0E00               	movlw	0
   528   007ED6  6E8A               	movwf	138,c	;volatile
   529                           
   530                           ;mcc_generated_files/pin_manager.c: 64:     LATC = 0x00;
   531   007ED8  0E00               	movlw	0
   532   007EDA  6E8B               	movwf	139,c	;volatile
   533                           
   534                           ;mcc_generated_files/pin_manager.c: 69:     TRISE = 0x07;
   535   007EDC  0E07               	movlw	7
   536   007EDE  6E96               	movwf	150,c	;volatile
   537   007EE0                     
   538                           ;mcc_generated_files/pin_manager.c: 70:     TRISA = 0xFF;
   539   007EE0  6892               	setf	146,c	;volatile
   540   007EE2                     
   541                           ;mcc_generated_files/pin_manager.c: 71:     TRISB = 0xFF;
   542   007EE2  6893               	setf	147,c	;volatile
   543                           
   544                           ;mcc_generated_files/pin_manager.c: 72:     TRISC = 0xF8;
   545   007EE4  0EF8               	movlw	248
   546   007EE6  6E94               	movwf	148,c	;volatile
   547   007EE8                     
   548                           ;mcc_generated_files/pin_manager.c: 73:     TRISD = 0xFF;
   549   007EE8  6895               	setf	149,c	;volatile
   550   007EEA                     
   551                           ;mcc_generated_files/pin_manager.c: 78:     ANSEL = 0xFF;
   552   007EEA  687E               	setf	126,c	;volatile
   553                           
   554                           ;mcc_generated_files/pin_manager.c: 79:     ANSELH = 0x0F;
   555   007EEC  0E0F               	movlw	15
   556   007EEE  6E7F               	movwf	127,c	;volatile
   557                           
   558                           ;mcc_generated_files/pin_manager.c: 84:     WPUB = 0x00;
   559   007EF0  0E00               	movlw	0
   560   007EF2  6E7C               	movwf	124,c	;volatile
   561   007EF4                     
   562                           ;mcc_generated_files/pin_manager.c: 85:     INTCON2bits.nRBPU = 1;
   563   007EF4  8EF1               	bsf	241,7,c	;volatile
   564   007EF6  0012               	return		;funcret
   565   007EF8                     __end_of_PIN_MANAGER_Initialize:
   566                           	callstack 0
   567                           
   568 ;; *************** function _OSCILLATOR_Initialize *****************
   569 ;; Defined at:
   570 ;;		line 57 in file "mcc_generated_files/mcc.c"
   571 ;; Parameters:    Size  Location     Type
   572 ;;		None
   573 ;; Auto vars:     Size  Location     Type
   574 ;;		None
   575 ;; Return value:  Size  Location     Type
   576 ;;                  1    wreg      void 
   577 ;; Registers used:
   578 ;;		wreg, status,2
   579 ;; Tracked objects:
   580 ;;		On entry : 0/0
   581 ;;		On exit  : 0/0
   582 ;;		Unchanged: 0/0
   583 ;; Data sizes:     COMRAM   BANK0   BANK1   BANK2   BANK3   BANK4   BANK5
   584 ;;      Params:         0       0       0       0       0       0       0
   585 ;;      Locals:         0       0       0       0       0       0       0
   586 ;;      Temps:          0       0       0       0       0       0       0
   587 ;;      Totals:         0       0       0       0       0       0       0
   588 ;;Total ram usage:        0 bytes
   589 ;; Hardware stack levels used: 1
   590 ;; This function calls:
   591 ;;		Nothing
   592 ;; This function is called by:
   593 ;;		_SYSTEM_Initialize
   594 ;; This function uses a non-reentrant model
   595 ;;
   596                           
   597                           	psect	text5
   598   007EA8                     __ptext5:
   599                           	callstack 0
   600   007EA8                     _OSCILLATOR_Initialize:
   601                           	callstack 29
   602   007EA8                     
   603                           ;mcc_generated_files/mcc.c: 60:     OSCCON = 0x30;
   604   007EA8  0E30               	movlw	48
   605   007EAA  6ED3               	movwf	211,c	;volatile
   606                           
   607                           ;mcc_generated_files/mcc.c: 62:     OSCTUNE = 0x00;
   608   007EAC  0E00               	movlw	0
   609   007EAE  6E9B               	movwf	155,c	;volatile
   610   007EB0  0012               	return		;funcret
   611   007EB2                     __end_of_OSCILLATOR_Initialize:
   612                           	callstack 0
   613                           
   614 ;; *************** function _RED *****************
   615 ;; Defined at:
   616 ;;		line 16 in file "main.c"
   617 ;; Parameters:    Size  Location     Type
   618 ;;		None
   619 ;; Auto vars:     Size  Location     Type
   620 ;;		None
   621 ;; Return value:  Size  Location     Type
   622 ;;                  1    wreg      void 
   623 ;; Registers used:
   624 ;;		None
   625 ;; Tracked objects:
   626 ;;		On entry : 0/0
   627 ;;		On exit  : 0/0
   628 ;;		Unchanged: 0/0
   629 ;; Data sizes:     COMRAM   BANK0   BANK1   BANK2   BANK3   BANK4   BANK5
   630 ;;      Params:         0       0       0       0       0       0       0
   631 ;;      Locals:         0       0       0       0       0       0       0
   632 ;;      Temps:          0       0       0       0       0       0       0
   633 ;;      Totals:         0       0       0       0       0       0       0
   634 ;;Total ram usage:        0 bytes
   635 ;; Hardware stack levels used: 1
   636 ;; This function calls:
   637 ;;		Nothing
   638 ;; This function is called by:
   639 ;;		_main
   640 ;; This function uses a non-reentrant model
   641 ;;
   642                           
   643                           	psect	text6
   644   007E90                     __ptext6:
   645                           	callstack 0
   646   007E90                     _RED:
   647                           	callstack 30
   648   007E90                     
   649                           ;main.c: 17:     LATCbits.LATC0 = 1;
   650   007E90  808B               	bsf	139,0,c	;volatile
   651                           
   652                           ;main.c: 18:     LATCbits.LATC1 = 0;
   653   007E92  928B               	bcf	139,1,c	;volatile
   654                           
   655                           ;main.c: 19:     LATCbits.LATC2 = 0;
   656   007E94  948B               	bcf	139,2,c	;volatile
   657   007E96  0012               	return		;funcret
   658   007E98                     __end_of_RED:
   659                           	callstack 0
   660                           
   661 ;; *************** function _PURPLE *****************
   662 ;; Defined at:
   663 ;;		line 52 in file "main.c"
   664 ;; Parameters:    Size  Location     Type
   665 ;;		None
   666 ;; Auto vars:     Size  Location     Type
   667 ;;		None
   668 ;; Return value:  Size  Location     Type
   669 ;;                  1    wreg      void 
   670 ;; Registers used:
   671 ;;		None
   672 ;; Tracked objects:
   673 ;;		On entry : 0/0
   674 ;;		On exit  : 0/0
   675 ;;		Unchanged: 0/0
   676 ;; Data sizes:     COMRAM   BANK0   BANK1   BANK2   BANK3   BANK4   BANK5
   677 ;;      Params:         0       0       0       0       0       0       0
   678 ;;      Locals:         0       0       0       0       0       0       0
   679 ;;      Temps:          0       0       0       0       0       0       0
   680 ;;      Totals:         0       0       0       0       0       0       0
   681 ;;Total ram usage:        0 bytes
   682 ;; Hardware stack levels used: 1
   683 ;; This function calls:
   684 ;;		Nothing
   685 ;; This function is called by:
   686 ;;		_main
   687 ;; This function uses a non-reentrant model
   688 ;;
   689                           
   690                           	psect	text7
   691   007E88                     __ptext7:
   692                           	callstack 0
   693   007E88                     _PURPLE:
   694                           	callstack 30
   695   007E88                     
   696                           ;main.c: 53:     LATCbits.LATC0 = 1;
   697   007E88  808B               	bsf	139,0,c	;volatile
   698                           
   699                           ;main.c: 54:     LATCbits.LATC1 = 0;
   700   007E8A  928B               	bcf	139,1,c	;volatile
   701                           
   702                           ;main.c: 55:     LATCbits.LATC2 = 1;
   703   007E8C  848B               	bsf	139,2,c	;volatile
   704   007E8E  0012               	return		;funcret
   705   007E90                     __end_of_PURPLE:
   706                           	callstack 0
   707                           
   708 ;; *************** function _NONE *****************
   709 ;; Defined at:
   710 ;;		line 46 in file "main.c"
   711 ;; Parameters:    Size  Location     Type
   712 ;;		None
   713 ;; Auto vars:     Size  Location     Type
   714 ;;		None
   715 ;; Return value:  Size  Location     Type
   716 ;;                  1    wreg      void 
   717 ;; Registers used:
   718 ;;		None
   719 ;; Tracked objects:
   720 ;;		On entry : 0/0
   721 ;;		On exit  : 0/0
   722 ;;		Unchanged: 0/0
   723 ;; Data sizes:     COMRAM   BANK0   BANK1   BANK2   BANK3   BANK4   BANK5
   724 ;;      Params:         0       0       0       0       0       0       0
   725 ;;      Locals:         0       0       0       0       0       0       0
   726 ;;      Temps:          0       0       0       0       0       0       0
   727 ;;      Totals:         0       0       0       0       0       0       0
   728 ;;Total ram usage:        0 bytes
   729 ;; Hardware stack levels used: 1
   730 ;; This function calls:
   731 ;;		Nothing
   732 ;; This function is called by:
   733 ;;		_main
   734 ;; This function uses a non-reentrant model
   735 ;;
   736                           
   737                           	psect	text8
   738   007E80                     __ptext8:
   739                           	callstack 0
   740   007E80                     _NONE:
   741                           	callstack 30
   742   007E80                     
   743                           ;main.c: 47:     LATCbits.LATC0 = 0;
   744   007E80  908B               	bcf	139,0,c	;volatile
   745                           
   746                           ;main.c: 48:     LATCbits.LATC1 = 0;
   747   007E82  928B               	bcf	139,1,c	;volatile
   748                           
   749                           ;main.c: 49:     LATCbits.LATC2 = 0;
   750   007E84  948B               	bcf	139,2,c	;volatile
   751   007E86  0012               	return		;funcret
   752   007E88                     __end_of_NONE:
   753                           	callstack 0
   754                           
   755 ;; *************** function _GREEN *****************
   756 ;; Defined at:
   757 ;;		line 22 in file "main.c"
   758 ;; Parameters:    Size  Location     Type
   759 ;;		None
   760 ;; Auto vars:     Size  Location     Type
   761 ;;		None
   762 ;; Return value:  Size  Location     Type
   763 ;;                  1    wreg      void 
   764 ;; Registers used:
   765 ;;		None
   766 ;; Tracked objects:
   767 ;;		On entry : 0/0
   768 ;;		On exit  : 0/0
   769 ;;		Unchanged: 0/0
   770 ;; Data sizes:     COMRAM   BANK0   BANK1   BANK2   BANK3   BANK4   BANK5
   771 ;;      Params:         0       0       0       0       0       0       0
   772 ;;      Locals:         0       0       0       0       0       0       0
   773 ;;      Temps:          0       0       0       0       0       0       0
   774 ;;      Totals:         0       0       0       0       0       0       0
   775 ;;Total ram usage:        0 bytes
   776 ;; Hardware stack levels used: 1
   777 ;; This function calls:
   778 ;;		Nothing
   779 ;; This function is called by:
   780 ;;		_main
   781 ;; This function uses a non-reentrant model
   782 ;;
   783                           
   784                           	psect	text9
   785   007E78                     __ptext9:
   786                           	callstack 0
   787   007E78                     _GREEN:
   788                           	callstack 30
   789   007E78                     
   790                           ;main.c: 23:     LATCbits.LATC0 = 0;
   791   007E78  908B               	bcf	139,0,c	;volatile
   792                           
   793                           ;main.c: 24:     LATCbits.LATC1 = 1;
   794   007E7A  828B               	bsf	139,1,c	;volatile
   795                           
   796                           ;main.c: 25:     LATCbits.LATC2 = 0;
   797   007E7C  948B               	bcf	139,2,c	;volatile
   798   007E7E  0012               	return		;funcret
   799   007E80                     __end_of_GREEN:
   800                           	callstack 0
   801                           
   802 ;; *************** function _CYAN *****************
   803 ;; Defined at:
   804 ;;		line 58 in file "main.c"
   805 ;; Parameters:    Size  Location     Type
   806 ;;		None
   807 ;; Auto vars:     Size  Location     Type
   808 ;;		None
   809 ;; Return value:  Size  Location     Type
   810 ;;                  1    wreg      void 
   811 ;; Registers used:
   812 ;;		None
   813 ;; Tracked objects:
   814 ;;		On entry : 0/0
   815 ;;		On exit  : 0/0
   816 ;;		Unchanged: 0/0
   817 ;; Data sizes:     COMRAM   BANK0   BANK1   BANK2   BANK3   BANK4   BANK5
   818 ;;      Params:         0       0       0       0       0       0       0
   819 ;;      Locals:         0       0       0       0       0       0       0
   820 ;;      Temps:          0       0       0       0       0       0       0
   821 ;;      Totals:         0       0       0       0       0       0       0
   822 ;;Total ram usage:        0 bytes
   823 ;; Hardware stack levels used: 1
   824 ;; This function calls:
   825 ;;		Nothing
   826 ;; This function is called by:
   827 ;;		_main
   828 ;; This function uses a non-reentrant model
   829 ;;
   830                           
   831                           	psect	text10
   832   007E70                     __ptext10:
   833                           	callstack 0
   834   007E70                     _CYAN:
   835                           	callstack 30
   836   007E70                     
   837                           ;main.c: 59:     LATCbits.LATC0 = 0;
   838   007E70  908B               	bcf	139,0,c	;volatile
   839                           
   840                           ;main.c: 60:     LATCbits.LATC1 = 1;
   841   007E72  828B               	bsf	139,1,c	;volatile
   842                           
   843                           ;main.c: 61:     LATCbits.LATC2 = 1;
   844   007E74  848B               	bsf	139,2,c	;volatile
   845   007E76  0012               	return		;funcret
   846   007E78                     __end_of_CYAN:
   847                           	callstack 0
   848                           
   849 ;; *************** function _BLUE *****************
   850 ;; Defined at:
   851 ;;		line 28 in file "main.c"
   852 ;; Parameters:    Size  Location     Type
   853 ;;		None
   854 ;; Auto vars:     Size  Location     Type
   855 ;;		None
   856 ;; Return value:  Size  Location     Type
   857 ;;                  1    wreg      void 
   858 ;; Registers used:
   859 ;;		None
   860 ;; Tracked objects:
   861 ;;		On entry : 0/0
   862 ;;		On exit  : 0/0
   863 ;;		Unchanged: 0/0
   864 ;; Data sizes:     COMRAM   BANK0   BANK1   BANK2   BANK3   BANK4   BANK5
   865 ;;      Params:         0       0       0       0       0       0       0
   866 ;;      Locals:         0       0       0       0       0       0       0
   867 ;;      Temps:          0       0       0       0       0       0       0
   868 ;;      Totals:         0       0       0       0       0       0       0
   869 ;;Total ram usage:        0 bytes
   870 ;; Hardware stack levels used: 1
   871 ;; This function calls:
   872 ;;		Nothing
   873 ;; This function is called by:
   874 ;;		_main
   875 ;; This function uses a non-reentrant model
   876 ;;
   877                           
   878                           	psect	text11
   879   007E68                     __ptext11:
   880                           	callstack 0
   881   007E68                     _BLUE:
   882                           	callstack 30
   883   007E68                     
   884                           ;main.c: 29:     LATCbits.LATC0 = 0;
   885   007E68  908B               	bcf	139,0,c	;volatile
   886                           
   887                           ;main.c: 30:     LATCbits.LATC1 = 0;
   888   007E6A  928B               	bcf	139,1,c	;volatile
   889                           
   890                           ;main.c: 31:     LATCbits.LATC2 = 1;
   891   007E6C  848B               	bsf	139,2,c	;volatile
   892   007E6E  0012               	return		;funcret
   893   007E70                     __end_of_BLUE:
   894                           	callstack 0
   895   000000                     
   896                           	psect	rparam
   897   000000                     
   898                           	psect	idloc
   899                           
   900                           ;Config register IDLOC0 @ 0x200000
   901                           ;	unspecified, using default values
   902   200000                     	org	2097152
   903   200000  FF                 	db	255
   904                           
   905                           ;Config register IDLOC1 @ 0x200001
   906                           ;	unspecified, using default values
   907   200001                     	org	2097153
   908   200001  FF                 	db	255
   909                           
   910                           ;Config register IDLOC2 @ 0x200002
   911                           ;	unspecified, using default values
   912   200002                     	org	2097154
   913   200002  FF                 	db	255
   914                           
   915                           ;Config register IDLOC3 @ 0x200003
   916                           ;	unspecified, using default values
   917   200003                     	org	2097155
   918   200003  FF                 	db	255
   919                           
   920                           ;Config register IDLOC4 @ 0x200004
   921                           ;	unspecified, using default values
   922   200004                     	org	2097156
   923   200004  FF                 	db	255
   924                           
   925                           ;Config register IDLOC5 @ 0x200005
   926                           ;	unspecified, using default values
   927   200005                     	org	2097157
   928   200005  FF                 	db	255
   929                           
   930                           ;Config register IDLOC6 @ 0x200006
   931                           ;	unspecified, using default values
   932   200006                     	org	2097158
   933   200006  FF                 	db	255
   934                           
   935                           ;Config register IDLOC7 @ 0x200007
   936                           ;	unspecified, using default values
   937   200007                     	org	2097159
   938   200007  FF                 	db	255
   939                           
   940                           	psect	config
   941                           
   942                           ; Padding undefined space
   943   300000                     	org	3145728
   944   300000  FF                 	db	255
   945                           
   946                           ;Config register CONFIG1H @ 0x300001
   947                           ;	Oscillator Selection bits
   948                           ;	FOSC = INTIO67, Internal oscillator block, port function on RA6 and RA7
   949                           ;	Fail-Safe Clock Monitor Enable bit
   950                           ;	FCMEN = OFF, Fail-Safe Clock Monitor disabled
   951                           ;	Internal/External Oscillator Switchover bit
   952                           ;	IESO = OFF, Oscillator Switchover mode disabled
   953   300001                     	org	3145729
   954   300001  08                 	db	8
   955                           
   956                           ;Config register CONFIG2L @ 0x300002
   957                           ;	Power-up Timer Enable bit
   958                           ;	PWRT = OFF, PWRT disabled
   959                           ;	Brown-out Reset Enable bits
   960                           ;	BOREN = SBORDIS, Brown-out Reset enabled in hardware only (SBOREN is disabled)
   961                           ;	Brown Out Reset Voltage bits
   962                           ;	BORV = 18, VBOR set to 1.8 V nominal
   963   300002                     	org	3145730
   964   300002  1F                 	db	31
   965                           
   966                           ;Config register CONFIG2H @ 0x300003
   967                           ;	Watchdog Timer Enable bit
   968                           ;	WDTEN = OFF, WDT is controlled by SWDTEN bit of the WDTCON register
   969                           ;	Watchdog Timer Postscale Select bits
   970                           ;	WDTPS = 32768, 1:32768
   971   300003                     	org	3145731
   972   300003  1E                 	db	30
   973                           
   974                           ; Padding undefined space
   975   300004                     	org	3145732
   976   300004  FF                 	db	255
   977                           
   978                           ;Config register CONFIG3H @ 0x300005
   979                           ;	CCP2 MUX bit
   980                           ;	CCP2MX = PORTC, CCP2 input/output is multiplexed with RC1
   981                           ;	PORTB A/D Enable bit
   982                           ;	PBADEN = ON, PORTB<4:0> pins are configured as analog input channels on Reset
   983                           ;	Low-Power Timer1 Oscillator Enable bit
   984                           ;	LPT1OSC = OFF, Timer1 configured for higher power operation
   985                           ;	HFINTOSC Fast Start-up
   986                           ;	HFOFST = ON, HFINTOSC starts clocking the CPU without waiting for the oscillator to st
      +                          ablize.
   987                           ;	MCLR Pin Enable bit
   988                           ;	MCLRE = ON, MCLR pin enabled; RE3 input pin disabled
   989   300005                     	org	3145733
   990   300005  8B                 	db	139
   991                           
   992                           ;Config register CONFIG4L @ 0x300006
   993                           ;	Stack Full/Underflow Reset Enable bit
   994                           ;	STVREN = ON, Stack full/underflow will cause Reset
   995                           ;	Single-Supply ICSP Enable bit
   996                           ;	LVP = ON, Single-Supply ICSP enabled
   997                           ;	Extended Instruction Set Enable bit
   998                           ;	XINST = OFF, Instruction set extension and Indexed Addressing mode disabled (Legacy mo
      +                          de)
   999                           ;	Background Debugger Enable bit
  1000                           ;	DEBUG = OFF, Background debugger disabled, RB6 and RB7 configured as general purpose I
      +                          /O pins
  1001   300006                     	org	3145734
  1002   300006  85                 	db	133
  1003                           
  1004                           ; Padding undefined space
  1005   300007                     	org	3145735
  1006   300007  FF                 	db	255
  1007                           
  1008                           ;Config register CONFIG5L @ 0x300008
  1009                           ;	Code Protection Block 0
  1010                           ;	CP0 = OFF, Block 0 (000800-001FFFh) not code-protected
  1011                           ;	Code Protection Block 1
  1012                           ;	CP1 = OFF, Block 1 (002000-003FFFh) not code-protected
  1013                           ;	Code Protection Block 2
  1014                           ;	CP2 = OFF, Block 2 (004000-005FFFh) not code-protected
  1015                           ;	Code Protection Block 3
  1016                           ;	CP3 = OFF, Block 3 (006000-007FFFh) not code-protected
  1017   300008                     	org	3145736
  1018   300008  0F                 	db	15
  1019                           
  1020                           ;Config register CONFIG5H @ 0x300009
  1021                           ;	Boot Block Code Protection bit
  1022                           ;	CPB = OFF, Boot block (000000-0007FFh) not code-protected
  1023                           ;	Data EEPROM Code Protection bit
  1024                           ;	CPD = OFF, Data EEPROM not code-protected
  1025   300009                     	org	3145737
  1026   300009  C0                 	db	192
  1027                           
  1028                           ;Config register CONFIG6L @ 0x30000A
  1029                           ;	Write Protection Block 0
  1030                           ;	WRT0 = OFF, Block 0 (000800-001FFFh) not write-protected
  1031                           ;	Write Protection Block 1
  1032                           ;	WRT1 = OFF, Block 1 (002000-003FFFh) not write-protected
  1033                           ;	Write Protection Block 2
  1034                           ;	WRT2 = OFF, Block 2 (004000-005FFFh) not write-protected
  1035                           ;	Write Protection Block 3
  1036                           ;	WRT3 = OFF, Block 3 (006000-007FFFh) not write-protected
  1037   30000A                     	org	3145738
  1038   30000A  0F                 	db	15
  1039                           
  1040                           ;Config register CONFIG6H @ 0x30000B
  1041                           ;	Configuration Register Write Protection bit
  1042                           ;	WRTC = OFF, Configuration registers (300000-3000FFh) not write-protected
  1043                           ;	Boot Block Write Protection bit
  1044                           ;	WRTB = OFF, Boot Block (000000-0007FFh) not write-protected
  1045                           ;	Data EEPROM Write Protection bit
  1046                           ;	WRTD = OFF, Data EEPROM not write-protected
  1047   30000B                     	org	3145739
  1048   30000B  E0                 	db	224
  1049                           
  1050                           ;Config register CONFIG7L @ 0x30000C
  1051                           ;	Table Read Protection Block 0
  1052                           ;	EBTR0 = OFF, Block 0 (000800-001FFFh) not protected from table reads executed in other
      +                           blocks
  1053                           ;	Table Read Protection Block 1
  1054                           ;	EBTR1 = OFF, Block 1 (002000-003FFFh) not protected from table reads executed in other
      +                           blocks
  1055                           ;	Table Read Protection Block 2
  1056                           ;	EBTR2 = OFF, Block 2 (004000-005FFFh) not protected from table reads executed in other
      +                           blocks
  1057                           ;	Table Read Protection Block 3
  1058                           ;	EBTR3 = OFF, Block 3 (006000-007FFFh) not protected from table reads executed in other
      +                           blocks
  1059   30000C                     	org	3145740
  1060   30000C  0F                 	db	15
  1061                           
  1062                           ;Config register CONFIG7H @ 0x30000D
  1063                           ;	Boot Block Table Read Protection bit
  1064                           ;	EBTRB = OFF, Boot Block (000000-0007FFh) not protected from table reads executed in ot
      +                          her blocks
  1065   30000D                     	org	3145741
  1066   30000D  40                 	db	64
  1067                           tosu	equ	0xFFF
  1068                           tosh	equ	0xFFE
  1069                           tosl	equ	0xFFD
  1070                           stkptr	equ	0xFFC
  1071                           pclatu	equ	0xFFB
  1072                           pclath	equ	0xFFA
  1073                           pcl	equ	0xFF9
  1074                           tblptru	equ	0xFF8
  1075                           tblptrh	equ	0xFF7
  1076                           tblptrl	equ	0xFF6
  1077                           tablat	equ	0xFF5
  1078                           prodh	equ	0xFF4
  1079                           prodl	equ	0xFF3
  1080                           indf0	equ	0xFEF
  1081                           postinc0	equ	0xFEE
  1082                           postdec0	equ	0xFED
  1083                           preinc0	equ	0xFEC
  1084                           plusw0	equ	0xFEB
  1085                           fsr0h	equ	0xFEA
  1086                           fsr0l	equ	0xFE9
  1087                           wreg	equ	0xFE8
  1088                           indf1	equ	0xFE7
  1089                           postinc1	equ	0xFE6
  1090                           postdec1	equ	0xFE5
  1091                           preinc1	equ	0xFE4
  1092                           plusw1	equ	0xFE3
  1093                           fsr1h	equ	0xFE2
  1094                           fsr1l	equ	0xFE1
  1095                           bsr	equ	0xFE0
  1096                           indf2	equ	0xFDF
  1097                           postinc2	equ	0xFDE
  1098                           postdec2	equ	0xFDD
  1099                           preinc2	equ	0xFDC
  1100                           plusw2	equ	0xFDB
  1101                           fsr2h	equ	0xFDA
  1102                           fsr2l	equ	0xFD9
  1103                           status	equ	0xFD8

Data Sizes:
    Strings     0
    Constant    0
    Data        0
    BSS         1
    Persistent  0
    Stack       0

Auto Spaces:
    Space          Size  Autos    Used
    COMRAM           95      2       3
    BANK0           160      0       0
    BANK1           256      0       0
    BANK2           256      0       0
    BANK3           256      0       0
    BANK4           256      0       0
    BANK5           256      0       0

Pointer List with Targets:

    None.

Critical Paths under _main in COMRAM

    None.

Critical Paths under _main in BANK0

    None.

Critical Paths under _main in BANK1

    None.

Critical Paths under _main in BANK2

    None.

Critical Paths under _main in BANK3

    None.

Critical Paths under _main in BANK4

    None.

Critical Paths under _main in BANK5

    None.

Call Graph Tables:

 ---------------------------------------------------------------------------------
 (Depth) Function   	        Calls       Base Space   Used Autos Params    Refs
 ---------------------------------------------------------------------------------
 (0) _main                                                 2     2      0       0
                                              0 COMRAM     2     2      0
                               _BLUE
                               _CYAN
                              _GREEN
                               _NONE
                             _PURPLE
                                _RED
                  _SYSTEM_Initialize
                              _WHITE
                             _YELLOW
 ---------------------------------------------------------------------------------
 (1) _YELLOW                                               0     0      0       0
 ---------------------------------------------------------------------------------
 (1) _WHITE                                                0     0      0       0
 ---------------------------------------------------------------------------------
 (1) _SYSTEM_Initialize                                    0     0      0       0
              _OSCILLATOR_Initialize
             _PIN_MANAGER_Initialize
 ---------------------------------------------------------------------------------
 (2) _PIN_MANAGER_Initialize                               0     0      0       0
 ---------------------------------------------------------------------------------
 (2) _OSCILLATOR_Initialize                                0     0      0       0
 ---------------------------------------------------------------------------------
 (1) _RED                                                  0     0      0       0
 ---------------------------------------------------------------------------------
 (1) _PURPLE                                               0     0      0       0
 ---------------------------------------------------------------------------------
 (1) _NONE                                                 0     0      0       0
 ---------------------------------------------------------------------------------
 (1) _GREEN                                                0     0      0       0
 ---------------------------------------------------------------------------------
 (1) _CYAN                                                 0     0      0       0
 ---------------------------------------------------------------------------------
 (1) _BLUE                                                 0     0      0       0
 ---------------------------------------------------------------------------------
 Estimated maximum stack depth 2
 ---------------------------------------------------------------------------------

 Call Graph Graphs:

 _main (ROOT)
   _BLUE
   _CYAN
   _GREEN
   _NONE
   _PURPLE
   _RED
   _SYSTEM_Initialize
     _OSCILLATOR_Initialize
     _PIN_MANAGER_Initialize
   _WHITE
   _YELLOW

 Address spaces:
Name               Size   Autos  Total    Cost      Usage
BIGRAM             5FF      0       0      26        0.0%
EEDATA             100      0       0       0        0.0%
BITBANK5           100      0       0      14        0.0%
BANK5              100      0       0      15        0.0%
BITBANK4           100      0       0      12        0.0%
BANK4              100      0       0      13        0.0%
BITBANK3           100      0       0      10        0.0%
BANK3              100      0       0      11        0.0%
BITBANK2           100      0       0       8        0.0%
BANK2              100      0       0       9        0.0%
BITBANK1           100      0       0       6        0.0%
BANK1              100      0       0       7        0.0%
BITBANK0            A0      0       0       4        0.0%
BANK0               A0      0       0       5        0.0%
BITCOMRAM           5F      0       0       0        0.0%
COMRAM              5F      2       3       1        3.2%
BITBIGSFRlh         37      0       0      18        0.0%
BITBIGSFRhl         1D      0       0      17        0.0%
BITBIGSFRllllll     1C      0       0      24        0.0%
BITBIGSFRhh          D      0       0      16        0.0%
BITBIGSFRllllhh      7      0       0      21        0.0%
BITBIGSFRllhh        4      0       0      19        0.0%
BITBIGSFRllhll       4      0       0      20        0.0%
BITBIGSFRlllllh      1      0       0      23        0.0%
BITBIGSFRllllhl      1      0       0      22        0.0%
BIGSFR               0      0       0     200        0.0%
BITSFR               0      0       0     200        0.0%
SFR                  0      0       0     200        0.0%
STACK                0      0       0       2        0.0%
NULL                 0      0       0       0        0.0%
ABS                  0      0       3      25        0.0%
DATA                 0      0       3       3        0.0%
CODE                 0      0       0       0        0.0%


Microchip Technology PIC18 Macro Assembler V2.41 build 20230208172133 
Symbol Table                                                                                   Fri May 05 21:44:45 2023

                            l11 7EBA                              l14 7EB0                              l71 7E6E  
                            l47 7EF6                              l80 7E86                              l65 7E96  
                            l74 7E9E                              l83 7E8E                              l68 7E7E  
                            l92 7F46                              l77 7EA6                              l86 7E76  
                            l94 7FA0                              u10 7FAE                              u11 7FAA  
                            u20 7FCC                              u21 7FC8                              u30 7FE0  
                            u31 7FDC                              u40 7FF6                              u41 7FF2  
                            u57 7FB4                             l102 7F40                             l103 7FE8  
                           l104 7FBE                             l800 7EA8                             l802 7EB2  
                           l810 7E98                             l804 7E90                             l812 7EA0  
                           l806 7E78                             l814 7E80                             l830 7F18  
                           l822 7EF8                             l808 7E68                             l816 7E88  
                           l832 7F20                             l824 7F00                             l818 7E70  
                           l850 7FE0                             l834 7F28                             l826 7F08  
                           l842 7F46                             l852 7FF6                             l844 7FAE  
                           l836 7F30                             l828 7F10                             l790 7EE0  
                           l846 7FCC                             l862 7F5A                             l838 7F38  
                           l792 7EE2                             l848 7FCE                             l794 7EE8  
                           l796 7EEA                             l788 7EC8                             l798 7EF4  
                           _RED 7E90                             wreg 0FE8                            ?_RED 0001  
                          _BLUE 7E68                            _CYAN 7E70                            _LATA 0F89  
                          _LATB 0F8A                            _LATC 0F8B                            _LATD 0F8C  
                          _LATE 0F8D                            _NONE 7E80                            _WPUB 0F7C  
                          _main 7EF8                            start 0000                    ___param_bank 0000  
                         ??_RED 0001                           ?_BLUE 0001                           ?_CYAN 0001  
                         ?_NONE 0001   __end_of_OSCILLATOR_Initialize 7EB2                           ?_main 0001  
                         _ANSEL 0F7E                           _GREEN 7E78                           _WHITE 7E98  
                         _TRISA 0F92                           _TRISB 0F93                           _TRISC 0F94  
                         _TRISD 0F95                           _TRISE 0F96                           status 0FD8  
                  __end_of_BLUE 7E70                    __end_of_CYAN 7E78                    __end_of_NONE 7E88  
               __initialization 7EBC                    __end_of_main 8000                          ??_BLUE 0001  
                        ??_CYAN 0001                          ??_NONE 0001                          ??_main 0001  
                 __activetblptr 0002                          ?_GREEN 0001                          ?_WHITE 0001  
                        _ANSELH 0F7F                          _OSCCON 0FD3                          _YELLOW 7EA0  
                        _PURPLE 7E88                          isa$std 0001                          tblptru 0FF8  
             _SYSTEM_Initialize 7EB2                      __accesstop 0060         __end_of__initialization 7EBE  
            ?_SYSTEM_Initialize 0001                   ___rparam_used 0001                   __end_of_GREEN 7E80  
                 __end_of_WHITE 7EA0                  __pcstackCOMRAM 0001             ??_SYSTEM_Initialize 0001  
                       ??_GREEN 0001                         ??_WHITE 0001       __end_of_SYSTEM_Initialize 7EBC  
                       ?_YELLOW 0001                         ?_PURPLE 0001                         _OSCTUNE 0F9B  
                       _Counter 0003                         __Hparam 0000                         __Lparam 0000  
                       __pcinit 7EBC                         __ramtop 0600                         __ptext0 7EF8  
                       __ptext1 7EA0                         __ptext2 7E98                         __ptext3 7EB2  
                       __ptext4 7EC8                         __ptext5 7EA8                         __ptext6 7E90  
                       __ptext7 7E88                         __ptext8 7E80                         __ptext9 7E78  
         _OSCILLATOR_Initialize 7EA8        ??_PIN_MANAGER_Initialize 0001            end_of_initialization 7EBE  
                 __Lmediumconst 0000                       _PORTBbits 0F81                  __end_of_YELLOW 7EA8  
                __end_of_PURPLE 7E90          ?_OSCILLATOR_Initialize 0001             start_initialization 7EBC  
                   __end_of_RED 7E98                        ??_YELLOW 0001                        ??_PURPLE 0001  
                   __pbssCOMRAM 0003          _PIN_MANAGER_Initialize 7EC8                        _LATCbits 0F8B  
                   _INTCON2bits 0FF1                        __Hrparam 0000                        __Lrparam 0000  
       ??_OSCILLATOR_Initialize 0001                        __ptext10 7E70                        __ptext11 7E68  
                      isa$xinst 0000                      _INTCONbits 0FF2         ?_PIN_MANAGER_Initialize 0001  
__end_of_PIN_MANAGER_Initialize 7EF8  
