

Microchip MPLAB XC8 Assembler V2.41 build 20230208172133 
                                                                                               Fri May 05 21:38:23 2023

Microchip MPLAB XC8 C Compiler v2.41 (Free license) build 20230208172133 Og1 
     1                           	processor	18F45K20
     2                           	fnconf	rparam,??,?,0
     3                           	pagewidth 120
     4                           	opt	flic
     5                           	psect	cinit,global,reloc=2,class=CODE,delta=1
     6                           	psect	cstackCOMRAM,global,class=COMRAM,space=1,delta=1,lowdata,noexec
     7                           	psect	text0,global,reloc=2,class=CODE,delta=1
     8                           	psect	text1,global,reloc=2,class=CODE,delta=1
     9                           	psect	text2,global,reloc=2,class=CODE,delta=1
    10                           	psect	text3,global,reloc=2,class=CODE,delta=1
    11                           	psect	intsave_regs,global,class=BIGRAM,space=1,delta=1,noexec
    12                           	psect	rparam,global,class=COMRAM,space=1,delta=1,noexec
    13                           	psect	idloc,global,abs,ovrld,class=IDLOC,space=5,delta=1,noexec
    14                           	psect	config,global,abs,ovrld,class=CONFIG,space=4,delta=1,noexec
    15   000000                     
    16                           ; Generated 06/04/2022 GMT
    17                           ; 
    18                           ; Copyright © 2022, Microchip Technology Inc. and its subsidiaries ("Microchip")
    19                           ; All rights reserved.
    20                           ; 
    21                           ; This software is developed by Microchip Technology Inc. and its subsidiaries ("Microch
      +                          ip").
    22                           ; 
    23                           ; Redistribution and use in source and binary forms, with or without modification, are
    24                           ; permitted provided that the following conditions are met:
    25                           ; 
    26                           ;     1. Redistributions of source code must retain the above copyright notice, this lis
      +                          t of
    27                           ;        conditions and the following disclaimer.
    28                           ; 
    29                           ;     2. Redistributions in binary form must reproduce the above copyright notice, this 
      +                          list
    30                           ;        of conditions and the following disclaimer in the documentation and/or other
    31                           ;        materials provided with the distribution. Publication is not required when
    32                           ;        this file is used in an embedded application.
    33                           ; 
    34                           ;     3. Microchip's name may not be used to endorse or promote products derived from th
      +                          is
    35                           ;        software without specific prior written permission.
    36                           ; 
    37                           ; THIS SOFTWARE IS PROVIDED BY MICROCHIP "AS IS" AND ANY EXPRESS OR IMPLIED WARRANTIES,
    38                           ; INCLUDING, BUT NOT LIMITED TO, THE IMPLIED WARRANTIES OF MERCHANTABILITY AND FITNESS F
      +                          OR
    39                           ; PURPOSE ARE DISCLAIMED.  IN NO EVENT SHALL MICROCHIP BE LIABLE FOR ANY DIRECT, INDIREC
      +                          T,
    40                           ; INCIDENTAL, SPECIAL, EXEMPLARY, OR CONSEQUENTIAL DAMAGES (INCLUDING BUT NOT LIMITED TO
    41                           ; PROCUREMENT OF SUBSTITUTE GOODS OR SERVICES; LOSS OF USE, DATA OR PROFITS; OR BUSINESS
    42                           ; INTERRUPTION) HOWSOEVER CAUSED AND ON ANY THEORY OF LIABILITY, WHETHER IN CONTRACT, ST
      +                          RICT
    43                           ; LIABILITY, OR TORT (INCLUDING NEGLIGENCE OR OTHERWISE) ARISING IN ANY WAY OUT OF THE U
      +                          SE OF
    44                           ; THIS SOFTWARE, EVEN IF ADVISED OF THE POSSIBILITY OF SUCH DAMAGE.
    45                           ; 
    46                           ; 
    47                           ; Code-generator required, PIC18F45K20 Definitions
    48                           ; 
    49                           ; SFR Addresses
    50   000000                     _TRISD	set	3989
    51   000000                     _TRISC	set	3988
    52   000000                     _TRISB	set	3987
    53   000000                     _LATC	set	3979
    54   000000                     _LATB	set	3978
    55   000000                     _WPUB	set	3964
    56   000000                     _ANSEL	set	3966
    57   000000                     _LATA	set	3977
    58   000000                     _LATD	set	3980
    59   000000                     _LATE	set	3981
    60   000000                     _OSCTUNE	set	3995
    61   000000                     _OSCCON	set	4051
    62   000000                     _INTCON2bits	set	4081
    63   000000                     _TRISA	set	3986
    64   000000                     _TRISE	set	3990
    65   000000                     _ANSELH	set	3967
    66   000000                     _INTCONbits	set	4082
    67                           
    68                           ; #config settings
    69                           
    70                           	psect	cinit
    71   007F0E                     __pcinit:
    72                           	callstack 0
    73   007F0E                     start_initialization:
    74                           	callstack 0
    75   007F0E                     __initialization:
    76                           	callstack 0
    77   007F0E                     end_of_initialization:
    78                           	callstack 0
    79   007F0E                     __end_of__initialization:
    80                           	callstack 0
    81   007F0E  0100               	movlb	0
    82   007F10  EFAC  F03F         	goto	_main	;jump to C main() function
    83                           
    84                           	psect	cstackCOMRAM
    85   000001                     __pcstackCOMRAM:
    86                           	callstack 0
    87   000001                     ??_main:
    88                           
    89                           ; 1 bytes @ 0x0
    90   000001                     	ds	2
    91                           
    92 ;;
    93 ;;Main: autosize = 0, tempsize = 2, incstack = 0, save=0
    94 ;;
    95 ;; *************** function _main *****************
    96 ;; Defined at:
    97 ;;		line 15 in file "main.c"
    98 ;; Parameters:    Size  Location     Type
    99 ;;		None
   100 ;; Auto vars:     Size  Location     Type
   101 ;;		None
   102 ;; Return value:  Size  Location     Type
   103 ;;                  1    wreg      void 
   104 ;; Registers used:
   105 ;;		wreg, status,2, cstack
   106 ;; Tracked objects:
   107 ;;		On entry : 0/0
   108 ;;		On exit  : 0/0
   109 ;;		Unchanged: 0/0
   110 ;; Data sizes:     COMRAM   BANK0   BANK1   BANK2   BANK3   BANK4   BANK5
   111 ;;      Params:         0       0       0       0       0       0       0
   112 ;;      Locals:         0       0       0       0       0       0       0
   113 ;;      Temps:          2       0       0       0       0       0       0
   114 ;;      Totals:         2       0       0       0       0       0       0
   115 ;;Total ram usage:        2 bytes
   116 ;; Hardware stack levels required when called: 2
   117 ;; This function calls:
   118 ;;		_SYSTEM_Initialize
   119 ;; This function is called by:
   120 ;;		Startup code after reset
   121 ;; This function uses a non-reentrant model
   122 ;;
   123                           
   124                           	psect	text0
   125   007F58                     __ptext0:
   126                           	callstack 0
   127   007F58                     _main:
   128                           	callstack 29
   129   007F58                     
   130                           ;main.c: 17: SYSTEM_Initialize();
   131   007F58  EC8F  F03F         	call	_SYSTEM_Initialize	;wreg free
   132   007F5C                     l832:
   133                           
   134                           ;main.c: 19: { LATC = 0b10000001;
   135   007F5C  0E81               	movlw	129
   136   007F5E  6E8B               	movwf	139,c	;volatile
   137   007F60                     
   138                           ;main.c: 20: _delay((unsigned long)((300)*(20000000/4000.0)));
   139   007F60  0E08               	movlw	8
   140   007F62  6E02               	movwf	(??_main+1)^0,c
   141   007F64  0E9D               	movlw	157
   142   007F66  6E01               	movwf	??_main^0,c
   143   007F68  0E06               	movlw	6
   144   007F6A                     u17:
   145   007F6A  2EE8               	decfsz	wreg,f,c
   146   007F6C  D7FE               	bra	u17
   147   007F6E  2E01               	decfsz	??_main^0,f,c
   148   007F70  D7FC               	bra	u17
   149   007F72  2E02               	decfsz	(??_main+1)^0,f,c
   150   007F74  D7FA               	bra	u17
   151   007F76                     
   152                           ;main.c: 21: LATC = 0b01000010;
   153   007F76  0E42               	movlw	66
   154   007F78  6E8B               	movwf	139,c	;volatile
   155   007F7A                     
   156                           ;main.c: 22: _delay((unsigned long)((300)*(20000000/4000.0)));
   157   007F7A  0E08               	movlw	8
   158   007F7C  6E02               	movwf	(??_main+1)^0,c
   159   007F7E  0E9D               	movlw	157
   160   007F80  6E01               	movwf	??_main^0,c
   161   007F82  0E06               	movlw	6
   162   007F84                     u27:
   163   007F84  2EE8               	decfsz	wreg,f,c
   164   007F86  D7FE               	bra	u27
   165   007F88  2E01               	decfsz	??_main^0,f,c
   166   007F8A  D7FC               	bra	u27
   167   007F8C  2E02               	decfsz	(??_main+1)^0,f,c
   168   007F8E  D7FA               	bra	u27
   169   007F90                     
   170                           ;main.c: 23: LATC = 0b00100100;
   171   007F90  0E24               	movlw	36
   172   007F92  6E8B               	movwf	139,c	;volatile
   173   007F94                     
   174                           ;main.c: 24: _delay((unsigned long)((300)*(20000000/4000.0)));
   175   007F94  0E08               	movlw	8
   176   007F96  6E02               	movwf	(??_main+1)^0,c
   177   007F98  0E9D               	movlw	157
   178   007F9A  6E01               	movwf	??_main^0,c
   179   007F9C  0E06               	movlw	6
   180   007F9E                     u37:
   181   007F9E  2EE8               	decfsz	wreg,f,c
   182   007FA0  D7FE               	bra	u37
   183   007FA2  2E01               	decfsz	??_main^0,f,c
   184   007FA4  D7FC               	bra	u37
   185   007FA6  2E02               	decfsz	(??_main+1)^0,f,c
   186   007FA8  D7FA               	bra	u37
   187   007FAA                     
   188                           ;main.c: 25: LATC = 0b00011000;
   189   007FAA  0E18               	movlw	24
   190   007FAC  6E8B               	movwf	139,c	;volatile
   191   007FAE                     
   192                           ;main.c: 26: _delay((unsigned long)((300)*(20000000/4000.0)));
   193   007FAE  0E08               	movlw	8
   194   007FB0  6E02               	movwf	(??_main+1)^0,c
   195   007FB2  0E9D               	movlw	157
   196   007FB4  6E01               	movwf	??_main^0,c
   197   007FB6  0E06               	movlw	6
   198   007FB8                     u47:
   199   007FB8  2EE8               	decfsz	wreg,f,c
   200   007FBA  D7FE               	bra	u47
   201   007FBC  2E01               	decfsz	??_main^0,f,c
   202   007FBE  D7FC               	bra	u47
   203   007FC0  2E02               	decfsz	(??_main+1)^0,f,c
   204   007FC2  D7FA               	bra	u47
   205   007FC4                     
   206                           ;main.c: 27: LATC = 0b00100100;
   207   007FC4  0E24               	movlw	36
   208   007FC6  6E8B               	movwf	139,c	;volatile
   209   007FC8                     
   210                           ;main.c: 28: _delay((unsigned long)((300)*(20000000/4000.0)));
   211   007FC8  0E08               	movlw	8
   212   007FCA  6E02               	movwf	(??_main+1)^0,c
   213   007FCC  0E9D               	movlw	157
   214   007FCE  6E01               	movwf	??_main^0,c
   215   007FD0  0E06               	movlw	6
   216   007FD2                     u57:
   217   007FD2  2EE8               	decfsz	wreg,f,c
   218   007FD4  D7FE               	bra	u57
   219   007FD6  2E01               	decfsz	??_main^0,f,c
   220   007FD8  D7FC               	bra	u57
   221   007FDA  2E02               	decfsz	(??_main+1)^0,f,c
   222   007FDC  D7FA               	bra	u57
   223   007FDE                     
   224                           ;main.c: 29: LATC = 0b01000010;
   225   007FDE  0E42               	movlw	66
   226   007FE0  6E8B               	movwf	139,c	;volatile
   227   007FE2                     
   228                           ;main.c: 30: _delay((unsigned long)((300)*(20000000/4000.0)));
   229   007FE2  0E08               	movlw	8
   230   007FE4  6E02               	movwf	(??_main+1)^0,c
   231   007FE6  0E9D               	movlw	157
   232   007FE8  6E01               	movwf	??_main^0,c
   233   007FEA  0E06               	movlw	6
   234   007FEC                     u67:
   235   007FEC  2EE8               	decfsz	wreg,f,c
   236   007FEE  D7FE               	bra	u67
   237   007FF0  2E01               	decfsz	??_main^0,f,c
   238   007FF2  D7FC               	bra	u67
   239   007FF4  2E02               	decfsz	(??_main+1)^0,f,c
   240   007FF6  D7FA               	bra	u67
   241   007FF8  EFAE  F03F         	goto	l832
   242   007FFC  EF00  F000         	goto	start
   243   008000                     __end_of_main:
   244                           	callstack 0
   245                           
   246 ;; *************** function _SYSTEM_Initialize *****************
   247 ;; Defined at:
   248 ;;		line 50 in file "mcc_generated_files/mcc.c"
   249 ;; Parameters:    Size  Location     Type
   250 ;;		None
   251 ;; Auto vars:     Size  Location     Type
   252 ;;		None
   253 ;; Return value:  Size  Location     Type
   254 ;;                  1    wreg      void 
   255 ;; Registers used:
   256 ;;		wreg, status,2, cstack
   257 ;; Tracked objects:
   258 ;;		On entry : 0/0
   259 ;;		On exit  : 0/0
   260 ;;		Unchanged: 0/0
   261 ;; Data sizes:     COMRAM   BANK0   BANK1   BANK2   BANK3   BANK4   BANK5
   262 ;;      Params:         0       0       0       0       0       0       0
   263 ;;      Locals:         0       0       0       0       0       0       0
   264 ;;      Temps:          0       0       0       0       0       0       0
   265 ;;      Totals:         0       0       0       0       0       0       0
   266 ;;Total ram usage:        0 bytes
   267 ;; Hardware stack levels used: 1
   268 ;; Hardware stack levels required when called: 1
   269 ;; This function calls:
   270 ;;		_OSCILLATOR_Initialize
   271 ;;		_PIN_MANAGER_Initialize
   272 ;; This function is called by:
   273 ;;		_main
   274 ;; This function uses a non-reentrant model
   275 ;;
   276                           
   277                           	psect	text1
   278   007F1E                     __ptext1:
   279                           	callstack 0
   280   007F1E                     _SYSTEM_Initialize:
   281                           	callstack 29
   282   007F1E                     
   283                           ;mcc.c: 53: PIN_MANAGER_Initialize();
   284   007F1E  EC94  F03F         	call	_PIN_MANAGER_Initialize	;wreg free
   285                           
   286                           ;mcc.c: 54: OSCILLATOR_Initialize();
   287   007F22  EC8A  F03F         	call	_OSCILLATOR_Initialize	;wreg free
   288   007F26  0012               	return		;funcret
   289   007F28                     __end_of_SYSTEM_Initialize:
   290                           	callstack 0
   291                           
   292 ;; *************** function _PIN_MANAGER_Initialize *****************
   293 ;; Defined at:
   294 ;;		line 55 in file "mcc_generated_files/pin_manager.c"
   295 ;; Parameters:    Size  Location     Type
   296 ;;		None
   297 ;; Auto vars:     Size  Location     Type
   298 ;;		None
   299 ;; Return value:  Size  Location     Type
   300 ;;                  1    wreg      void 
   301 ;; Registers used:
   302 ;;		wreg, status,2
   303 ;; Tracked objects:
   304 ;;		On entry : 0/0
   305 ;;		On exit  : 0/0
   306 ;;		Unchanged: 0/0
   307 ;; Data sizes:     COMRAM   BANK0   BANK1   BANK2   BANK3   BANK4   BANK5
   308 ;;      Params:         0       0       0       0       0       0       0
   309 ;;      Locals:         0       0       0       0       0       0       0
   310 ;;      Temps:          0       0       0       0       0       0       0
   311 ;;      Totals:         0       0       0       0       0       0       0
   312 ;;Total ram usage:        0 bytes
   313 ;; Hardware stack levels used: 1
   314 ;; This function calls:
   315 ;;		Nothing
   316 ;; This function is called by:
   317 ;;		_SYSTEM_Initialize
   318 ;; This function uses a non-reentrant model
   319 ;;
   320                           
   321                           	psect	text2
   322   007F28                     __ptext2:
   323                           	callstack 0
   324   007F28                     _PIN_MANAGER_Initialize:
   325                           	callstack 29
   326   007F28                     
   327                           ;pin_manager.c: 60: LATE = 0x00;
   328   007F28  0E00               	movlw	0
   329   007F2A  6E8D               	movwf	141,c	;volatile
   330                           
   331                           ;pin_manager.c: 61: LATD = 0x00;
   332   007F2C  0E00               	movlw	0
   333   007F2E  6E8C               	movwf	140,c	;volatile
   334                           
   335                           ;pin_manager.c: 62: LATA = 0x00;
   336   007F30  0E00               	movlw	0
   337   007F32  6E89               	movwf	137,c	;volatile
   338                           
   339                           ;pin_manager.c: 63: LATB = 0x00;
   340   007F34  0E00               	movlw	0
   341   007F36  6E8A               	movwf	138,c	;volatile
   342                           
   343                           ;pin_manager.c: 64: LATC = 0x00;
   344   007F38  0E00               	movlw	0
   345   007F3A  6E8B               	movwf	139,c	;volatile
   346                           
   347                           ;pin_manager.c: 69: TRISE = 0x07;
   348   007F3C  0E07               	movlw	7
   349   007F3E  6E96               	movwf	150,c	;volatile
   350   007F40                     
   351                           ;pin_manager.c: 70: TRISA = 0xFF;
   352   007F40  6892               	setf	146,c	;volatile
   353   007F42                     
   354                           ;pin_manager.c: 71: TRISB = 0xFF;
   355   007F42  6893               	setf	147,c	;volatile
   356                           
   357                           ;pin_manager.c: 72: TRISC = 0x00;
   358   007F44  0E00               	movlw	0
   359   007F46  6E94               	movwf	148,c	;volatile
   360   007F48                     
   361                           ;pin_manager.c: 73: TRISD = 0xFF;
   362   007F48  6895               	setf	149,c	;volatile
   363   007F4A                     
   364                           ;pin_manager.c: 78: ANSEL = 0xFF;
   365   007F4A  687E               	setf	126,c	;volatile
   366                           
   367                           ;pin_manager.c: 79: ANSELH = 0x1F;
   368   007F4C  0E1F               	movlw	31
   369   007F4E  6E7F               	movwf	127,c	;volatile
   370                           
   371                           ;pin_manager.c: 84: WPUB = 0x00;
   372   007F50  0E00               	movlw	0
   373   007F52  6E7C               	movwf	124,c	;volatile
   374   007F54                     
   375                           ;pin_manager.c: 85: INTCON2bits.nRBPU = 1;
   376   007F54  8EF1               	bsf	241,7,c	;volatile
   377   007F56  0012               	return		;funcret
   378   007F58                     __end_of_PIN_MANAGER_Initialize:
   379                           	callstack 0
   380                           
   381 ;; *************** function _OSCILLATOR_Initialize *****************
   382 ;; Defined at:
   383 ;;		line 57 in file "mcc_generated_files/mcc.c"
   384 ;; Parameters:    Size  Location     Type
   385 ;;		None
   386 ;; Auto vars:     Size  Location     Type
   387 ;;		None
   388 ;; Return value:  Size  Location     Type
   389 ;;                  1    wreg      void 
   390 ;; Registers used:
   391 ;;		wreg, status,2
   392 ;; Tracked objects:
   393 ;;		On entry : 0/0
   394 ;;		On exit  : 0/0
   395 ;;		Unchanged: 0/0
   396 ;; Data sizes:     COMRAM   BANK0   BANK1   BANK2   BANK3   BANK4   BANK5
   397 ;;      Params:         0       0       0       0       0       0       0
   398 ;;      Locals:         0       0       0       0       0       0       0
   399 ;;      Temps:          0       0       0       0       0       0       0
   400 ;;      Totals:         0       0       0       0       0       0       0
   401 ;;Total ram usage:        0 bytes
   402 ;; Hardware stack levels used: 1
   403 ;; This function calls:
   404 ;;		Nothing
   405 ;; This function is called by:
   406 ;;		_SYSTEM_Initialize
   407 ;; This function uses a non-reentrant model
   408 ;;
   409                           
   410                           	psect	text3
   411   007F14                     __ptext3:
   412                           	callstack 0
   413   007F14                     _OSCILLATOR_Initialize:
   414                           	callstack 29
   415   007F14                     
   416                           ;mcc.c: 60: OSCCON = 0x60;
   417   007F14  0E60               	movlw	96
   418   007F16  6ED3               	movwf	211,c	;volatile
   419                           
   420                           ;mcc.c: 62: OSCTUNE = 0x00;
   421   007F18  0E00               	movlw	0
   422   007F1A  6E9B               	movwf	155,c	;volatile
   423   007F1C  0012               	return		;funcret
   424   007F1E                     __end_of_OSCILLATOR_Initialize:
   425                           	callstack 0
   426   000000                     
   427                           	psect	rparam
   428   000000                     
   429                           	psect	idloc
   430                           
   431                           ;Config register IDLOC0 @ 0x200000
   432                           ;	unspecified, using default values
   433   200000                     	org	2097152
   434   200000  FF                 	db	255
   435                           
   436                           ;Config register IDLOC1 @ 0x200001
   437                           ;	unspecified, using default values
   438   200001                     	org	2097153
   439   200001  FF                 	db	255
   440                           
   441                           ;Config register IDLOC2 @ 0x200002
   442                           ;	unspecified, using default values
   443   200002                     	org	2097154
   444   200002  FF                 	db	255
   445                           
   446                           ;Config register IDLOC3 @ 0x200003
   447                           ;	unspecified, using default values
   448   200003                     	org	2097155
   449   200003  FF                 	db	255
   450                           
   451                           ;Config register IDLOC4 @ 0x200004
   452                           ;	unspecified, using default values
   453   200004                     	org	2097156
   454   200004  FF                 	db	255
   455                           
   456                           ;Config register IDLOC5 @ 0x200005
   457                           ;	unspecified, using default values
   458   200005                     	org	2097157
   459   200005  FF                 	db	255
   460                           
   461                           ;Config register IDLOC6 @ 0x200006
   462                           ;	unspecified, using default values
   463   200006                     	org	2097158
   464   200006  FF                 	db	255
   465                           
   466                           ;Config register IDLOC7 @ 0x200007
   467                           ;	unspecified, using default values
   468   200007                     	org	2097159
   469   200007  FF                 	db	255
   470                           
   471                           	psect	config
   472                           
   473                           ; Padding undefined space
   474   300000                     	org	3145728
   475   300000  FF                 	db	255
   476                           
   477                           ;Config register CONFIG1H @ 0x300001
   478                           ;	Oscillator Selection bits
   479                           ;	FOSC = HS, HS oscillator
   480                           ;	Fail-Safe Clock Monitor Enable bit
   481                           ;	FCMEN = OFF, Fail-Safe Clock Monitor disabled
   482                           ;	Internal/External Oscillator Switchover bit
   483                           ;	IESO = OFF, Oscillator Switchover mode disabled
   484   300001                     	org	3145729
   485   300001  02                 	db	2
   486                           
   487                           ;Config register CONFIG2L @ 0x300002
   488                           ;	Power-up Timer Enable bit
   489                           ;	PWRT = OFF, PWRT disabled
   490                           ;	Brown-out Reset Enable bits
   491                           ;	BOREN = SBORDIS, Brown-out Reset enabled in hardware only (SBOREN is disabled)
   492                           ;	Brown Out Reset Voltage bits
   493                           ;	BORV = 18, VBOR set to 1.8 V nominal
   494   300002                     	org	3145730
   495   300002  1F                 	db	31
   496                           
   497                           ;Config register CONFIG2H @ 0x300003
   498                           ;	Watchdog Timer Enable bit
   499                           ;	WDTEN = OFF, WDT is controlled by SWDTEN bit of the WDTCON register
   500                           ;	Watchdog Timer Postscale Select bits
   501                           ;	WDTPS = 32768, 1:32768
   502   300003                     	org	3145731
   503   300003  1E                 	db	30
   504                           
   505                           ; Padding undefined space
   506   300004                     	org	3145732
   507   300004  FF                 	db	255
   508                           
   509                           ;Config register CONFIG3H @ 0x300005
   510                           ;	CCP2 MUX bit
   511                           ;	CCP2MX = PORTC, CCP2 input/output is multiplexed with RC1
   512                           ;	PORTB A/D Enable bit
   513                           ;	PBADEN = ON, PORTB<4:0> pins are configured as analog input channels on Reset
   514                           ;	Low-Power Timer1 Oscillator Enable bit
   515                           ;	LPT1OSC = OFF, Timer1 configured for higher power operation
   516                           ;	HFINTOSC Fast Start-up
   517                           ;	HFOFST = ON, HFINTOSC starts clocking the CPU without waiting for the oscillator to st
      +                          ablize.
   518                           ;	MCLR Pin Enable bit
   519                           ;	MCLRE = ON, MCLR pin enabled; RE3 input pin disabled
   520   300005                     	org	3145733
   521   300005  8B                 	db	139
   522                           
   523                           ;Config register CONFIG4L @ 0x300006
   524                           ;	Stack Full/Underflow Reset Enable bit
   525                           ;	STVREN = ON, Stack full/underflow will cause Reset
   526                           ;	Single-Supply ICSP Enable bit
   527                           ;	LVP = OFF, Single-Supply ICSP disabled
   528                           ;	Extended Instruction Set Enable bit
   529                           ;	XINST = OFF, Instruction set extension and Indexed Addressing mode disabled (Legacy mo
      +                          de)
   530                           ;	Background Debugger Enable bit
   531                           ;	DEBUG = OFF, Background debugger disabled, RB6 and RB7 configured as general purpose I
      +                          /O pins
   532   300006                     	org	3145734
   533   300006  81                 	db	129
   534                           
   535                           ; Padding undefined space
   536   300007                     	org	3145735
   537   300007  FF                 	db	255
   538                           
   539                           ;Config register CONFIG5L @ 0x300008
   540                           ;	Code Protection Block 0
   541                           ;	CP0 = OFF, Block 0 (000800-001FFFh) not code-protected
   542                           ;	Code Protection Block 1
   543                           ;	CP1 = OFF, Block 1 (002000-003FFFh) not code-protected
   544                           ;	Code Protection Block 2
   545                           ;	CP2 = OFF, Block 2 (004000-005FFFh) not code-protected
   546                           ;	Code Protection Block 3
   547                           ;	CP3 = OFF, Block 3 (006000-007FFFh) not code-protected
   548   300008                     	org	3145736
   549   300008  0F                 	db	15
   550                           
   551                           ;Config register CONFIG5H @ 0x300009
   552                           ;	Boot Block Code Protection bit
   553                           ;	CPB = OFF, Boot block (000000-0007FFh) not code-protected
   554                           ;	Data EEPROM Code Protection bit
   555                           ;	CPD = OFF, Data EEPROM not code-protected
   556   300009                     	org	3145737
   557   300009  C0                 	db	192
   558                           
   559                           ;Config register CONFIG6L @ 0x30000A
   560                           ;	Write Protection Block 0
   561                           ;	WRT0 = OFF, Block 0 (000800-001FFFh) not write-protected
   562                           ;	Write Protection Block 1
   563                           ;	WRT1 = OFF, Block 1 (002000-003FFFh) not write-protected
   564                           ;	Write Protection Block 2
   565                           ;	WRT2 = OFF, Block 2 (004000-005FFFh) not write-protected
   566                           ;	Write Protection Block 3
   567                           ;	WRT3 = OFF, Block 3 (006000-007FFFh) not write-protected
   568   30000A                     	org	3145738
   569   30000A  0F                 	db	15
   570                           
   571                           ;Config register CONFIG6H @ 0x30000B
   572                           ;	Configuration Register Write Protection bit
   573                           ;	WRTC = OFF, Configuration registers (300000-3000FFh) not write-protected
   574                           ;	Boot Block Write Protection bit
   575                           ;	WRTB = OFF, Boot Block (000000-0007FFh) not write-protected
   576                           ;	Data EEPROM Write Protection bit
   577                           ;	WRTD = OFF, Data EEPROM not write-protected
   578   30000B                     	org	3145739
   579   30000B  E0                 	db	224
   580                           
   581                           ;Config register CONFIG7L @ 0x30000C
   582                           ;	Table Read Protection Block 0
   583                           ;	EBTR0 = OFF, Block 0 (000800-001FFFh) not protected from table reads executed in other
      +                           blocks
   584                           ;	Table Read Protection Block 1
   585                           ;	EBTR1 = OFF, Block 1 (002000-003FFFh) not protected from table reads executed in other
      +                           blocks
   586                           ;	Table Read Protection Block 2
   587                           ;	EBTR2 = OFF, Block 2 (004000-005FFFh) not protected from table reads executed in other
      +                           blocks
   588                           ;	Table Read Protection Block 3
   589                           ;	EBTR3 = OFF, Block 3 (006000-007FFFh) not protected from table reads executed in other
      +                           blocks
   590   30000C                     	org	3145740
   591   30000C  0F                 	db	15
   592                           
   593                           ;Config register CONFIG7H @ 0x30000D
   594                           ;	Boot Block Table Read Protection bit
   595                           ;	EBTRB = OFF, Boot Block (000000-0007FFh) not protected from table reads executed in ot
      +                          her blocks
   596   30000D                     	org	3145741
   597   30000D  40                 	db	64
   598                           tosu	equ	0xFFF
   599                           tosh	equ	0xFFE
   600                           tosl	equ	0xFFD
   601                           stkptr	equ	0xFFC
   602                           pclatu	equ	0xFFB
   603                           pclath	equ	0xFFA
   604                           pcl	equ	0xFF9
   605                           tblptru	equ	0xFF8
   606                           tblptrh	equ	0xFF7
   607                           tblptrl	equ	0xFF6
   608                           tablat	equ	0xFF5
   609                           prodh	equ	0xFF4
   610                           prodl	equ	0xFF3
   611                           indf0	equ	0xFEF
   612                           postinc0	equ	0xFEE
   613                           postdec0	equ	0xFED
   614                           preinc0	equ	0xFEC
   615                           plusw0	equ	0xFEB
   616                           fsr0h	equ	0xFEA
   617                           fsr0l	equ	0xFE9
   618                           wreg	equ	0xFE8
   619                           indf1	equ	0xFE7
   620                           postinc1	equ	0xFE6
   621                           postdec1	equ	0xFE5
   622                           preinc1	equ	0xFE4
   623                           plusw1	equ	0xFE3
   624                           fsr1h	equ	0xFE2
   625                           fsr1l	equ	0xFE1
   626                           bsr	equ	0xFE0
   627                           indf2	equ	0xFDF
   628                           postinc2	equ	0xFDE
   629                           postdec2	equ	0xFDD
   630                           preinc2	equ	0xFDC
   631                           plusw2	equ	0xFDB
   632                           fsr2h	equ	0xFDA
   633                           fsr2l	equ	0xFD9
   634                           status	equ	0xFD8

Data Sizes:
    Strings     0
    Constant    0
    Data        0
    BSS         0
    Persistent  0
    Stack       0

Auto Spaces:
    Space          Size  Autos    Used
    COMRAM           95      2       2
    BANK0           160      0       0
    BANK1           256      0       0
    BANK2           256      0       0
    BANK3           256      0       0
    BANK4           256      0       0
    BANK5           256      0       0

Pointer List with Targets:

    None.

Critical Paths under _main in COMRAM

    None.

Critical Paths under _main in BANK0

    None.

Critical Paths under _main in BANK1

    None.

Critical Paths under _main in BANK2

    None.

Critical Paths under _main in BANK3

    None.

Critical Paths under _main in BANK4

    None.

Critical Paths under _main in BANK5

    None.

Call Graph Tables:

 ---------------------------------------------------------------------------------
 (Depth) Function   	        Calls       Base Space   Used Autos Params    Refs
 ---------------------------------------------------------------------------------
 (0) _main                                                 2     2      0       0
                                              0 COMRAM     2     2      0
                  _SYSTEM_Initialize
 ---------------------------------------------------------------------------------
 (1) _SYSTEM_Initialize                                    0     0      0       0
              _OSCILLATOR_Initialize
             _PIN_MANAGER_Initialize
 ---------------------------------------------------------------------------------
 (2) _PIN_MANAGER_Initialize                               0     0      0       0
 ---------------------------------------------------------------------------------
 (2) _OSCILLATOR_Initialize                                0     0      0       0
 ---------------------------------------------------------------------------------
 Estimated maximum stack depth 2
 ---------------------------------------------------------------------------------

 Call Graph Graphs:

 _main (ROOT)
   _SYSTEM_Initialize
     _OSCILLATOR_Initialize
     _PIN_MANAGER_Initialize

 Address spaces:
Name               Size   Autos  Total    Cost      Usage
BITCOMRAM           5F      0       0       0        0.0%
EEDATA             100      0       0       0        0.0%
NULL                 0      0       0       0        0.0%
CODE                 0      0       0       0        0.0%
COMRAM              5F      2       2       1        2.1%
STACK                0      0       0       2        0.0%
DATA                 0      0       0       3        0.0%
BITBANK0            A0      0       0       4        0.0%
BANK0               A0      0       0       5        0.0%
BITBANK1           100      0       0       6        0.0%
BANK1              100      0       0       7        0.0%
BITBANK2           100      0       0       8        0.0%
BANK2              100      0       0       9        0.0%
BITBANK3           100      0       0      10        0.0%
BANK3              100      0       0      11        0.0%
BITBANK4           100      0       0      12        0.0%
BANK4              100      0       0      13        0.0%
BITBANK5           100      0       0      14        0.0%
BANK5              100      0       0      15        0.0%
BITBIGSFRhh          D      0       0      16        0.0%
BITBIGSFRhl         1D      0       0      17        0.0%
BITBIGSFRlh         37      0       0      18        0.0%
BITBIGSFRllhh        4      0       0      19        0.0%
BITBIGSFRllhll       4      0       0      20        0.0%
BITBIGSFRllllh       9      0       0      21        0.0%
BITBIGSFRlllllh      1      0       0      22        0.0%
BITBIGSFRllllll     1C      0       0      23        0.0%
ABS                  0      0       0      24        0.0%
BIGRAM             5FF      0       0      25        0.0%
BIGSFR               0      0       0     200        0.0%
BITSFR               0      0       0     200        0.0%
SFR                  0      0       0     200        0.0%


Microchip Technology PIC18 Macro Assembler V2.41 build 20230208172133 
Symbol Table                                                                                   Fri May 05 21:38:23 2023

                            l11 7F26                              l14 7F1C                              l47 7F56  
                            u17 7F6A                              u27 7F84                              u37 7F9E  
                            u47 7FB8                              u57 7FD2                              u67 7FEC  
                           l820 7F4A                             l812 7F28                             l822 7F54  
                           l814 7F40                             l830 7F58                             l824 7F14  
                           l816 7F42                             l840 7F90                             l832 7F5C  
                           l818 7F48                             l826 7F1E                             l850 7FC8  
                           l842 7F94                             l834 7F60                             l852 7FDE  
                           l844 7FAA                             l836 7F76                             l854 7FE2  
                           l846 7FAE                             l838 7F7A                             l848 7FC4  
                           wreg 0FE8                            _LATA 0F89                            _LATB 0F8A  
                          _LATC 0F8B                            _LATD 0F8C                            _LATE 0F8D  
                          _WPUB 0F7C                            _main 7F58                            start 0000  
                  ___param_bank 0000   __end_of_OSCILLATOR_Initialize 7F1E                           ?_main 0001  
                         _ANSEL 0F7E                           _TRISA 0F92                           _TRISB 0F93  
                         _TRISC 0F94                           _TRISD 0F95                           _TRISE 0F96  
               __initialization 7F0E                    __end_of_main 8000                          ??_main 0001  
                 __activetblptr 0000                          _ANSELH 0F7F                          _OSCCON 0FD3  
                        isa$std 0001               _SYSTEM_Initialize 7F1E                      __accesstop 0060  
       __end_of__initialization 7F0E              ?_SYSTEM_Initialize 0001                   ___rparam_used 0001  
                __pcstackCOMRAM 0001             ??_SYSTEM_Initialize 0001       __end_of_SYSTEM_Initialize 7F28  
                       _OSCTUNE 0F9B                         __Hparam 0000                         __Lparam 0000  
                       __pcinit 7F0E                         __ramtop 0600                         __ptext0 7F58  
                       __ptext1 7F1E                         __ptext2 7F28                         __ptext3 7F14  
         _OSCILLATOR_Initialize 7F14        ??_PIN_MANAGER_Initialize 0001            end_of_initialization 7F0E  
        ?_OSCILLATOR_Initialize 0001             start_initialization 7F0E          _PIN_MANAGER_Initialize 7F28  
                   _INTCON2bits 0FF1                        __Hrparam 0000                        __Lrparam 0000  
       ??_OSCILLATOR_Initialize 0001                        isa$xinst 0000                      _INTCONbits 0FF2  
       ?_PIN_MANAGER_Initialize 0001  __end_of_PIN_MANAGER_Initialize 7F58  
