

Microchip MPLAB XC8 Assembler V2.41 build 20230208172133 
                                                                                               Fri May 05 21:16:11 2023

Microchip MPLAB XC8 C Compiler v2.41 (Free license) build 20230208172133 Og1 
     1                           	processor	18F45K20
     2                           	fnconf	rparam,??,?,0
     3                           	pagewidth 120
     4                           	opt	flic
     5                           	psect	cinit,global,reloc=2,class=CODE,delta=1
     6                           	psect	cstackCOMRAM,global,class=COMRAM,space=1,delta=1,lowdata,noexec
     7                           	psect	text0,global,reloc=2,class=CODE,delta=1
     8                           	psect	text1,global,reloc=2,class=CODE,delta=1
     9                           	psect	text2,global,reloc=2,class=CODE,delta=1
    10                           	psect	text3,global,reloc=2,class=CODE,delta=1
    11                           	psect	intsave_regs,global,class=BIGRAM,space=1,delta=1,noexec
    12                           	psect	rparam,global,class=COMRAM,space=1,delta=1,noexec
    13                           	psect	idloc,global,abs,ovrld,class=IDLOC,space=5,delta=1,noexec
    14                           	psect	config,global,abs,ovrld,class=CONFIG,space=4,delta=1,noexec
    15   000000                     
    16                           ; Generated 06/04/2022 GMT
    17                           ; 
    18                           ; Copyright © 2022, Microchip Technology Inc. and its subsidiaries ("Microchip")
    19                           ; All rights reserved.
    20                           ; 
    21                           ; This software is developed by Microchip Technology Inc. and its subsidiaries ("Microch
      +                          ip").
    22                           ; 
    23                           ; Redistribution and use in source and binary forms, with or without modification, are
    24                           ; permitted provided that the following conditions are met:
    25                           ; 
    26                           ;     1. Redistributions of source code must retain the above copyright notice, this lis
      +                          t of
    27                           ;        conditions and the following disclaimer.
    28                           ; 
    29                           ;     2. Redistributions in binary form must reproduce the above copyright notice, this 
      +                          list
    30                           ;        of conditions and the following disclaimer in the documentation and/or other
    31                           ;        materials provided with the distribution. Publication is not required when
    32                           ;        this file is used in an embedded application.
    33                           ; 
    34                           ;     3. Microchip's name may not be used to endorse or promote products derived from th
      +                          is
    35                           ;        software without specific prior written permission.
    36                           ; 
    37                           ; THIS SOFTWARE IS PROVIDED BY MICROCHIP "AS IS" AND ANY EXPRESS OR IMPLIED WARRANTIES,
    38                           ; INCLUDING, BUT NOT LIMITED TO, THE IMPLIED WARRANTIES OF MERCHANTABILITY AND FITNESS F
      +                          OR
    39                           ; PURPOSE ARE DISCLAIMED.  IN NO EVENT SHALL MICROCHIP BE LIABLE FOR ANY DIRECT, INDIREC
      +                          T,
    40                           ; INCIDENTAL, SPECIAL, EXEMPLARY, OR CONSEQUENTIAL DAMAGES (INCLUDING BUT NOT LIMITED TO
    41                           ; PROCUREMENT OF SUBSTITUTE GOODS OR SERVICES; LOSS OF USE, DATA OR PROFITS; OR BUSINESS
    42                           ; INTERRUPTION) HOWSOEVER CAUSED AND ON ANY THEORY OF LIABILITY, WHETHER IN CONTRACT, ST
      +                          RICT
    43                           ; LIABILITY, OR TORT (INCLUDING NEGLIGENCE OR OTHERWISE) ARISING IN ANY WAY OUT OF THE U
      +                          SE OF
    44                           ; THIS SOFTWARE, EVEN IF ADVISED OF THE POSSIBILITY OF SUCH DAMAGE.
    45                           ; 
    46                           ; 
    47                           ; Code-generator required, PIC18F45K20 Definitions
    48                           ; 
    49                           ; SFR Addresses
    50   000000                     _TRISD	set	3989
    51   000000                     _TRISC	set	3988
    52   000000                     _TRISB	set	3987
    53   000000                     _LATC	set	3979
    54   000000                     _LATB	set	3978
    55   000000                     _WPUB	set	3964
    56   000000                     _ANSEL	set	3966
    57   000000                     _LATA	set	3977
    58   000000                     _LATD	set	3980
    59   000000                     _LATE	set	3981
    60   000000                     _OSCTUNE	set	3995
    61   000000                     _OSCCON	set	4051
    62   000000                     _INTCON2bits	set	4081
    63   000000                     _TRISA	set	3986
    64   000000                     _TRISE	set	3990
    65   000000                     _ANSELH	set	3967
    66   000000                     _INTCONbits	set	4082
    67                           
    68                           ; #config settings
    69                           
    70                           	psect	cinit
    71   007F70                     __pcinit:
    72                           	callstack 0
    73   007F70                     start_initialization:
    74                           	callstack 0
    75   007F70                     __initialization:
    76                           	callstack 0
    77   007F70                     end_of_initialization:
    78                           	callstack 0
    79   007F70                     __end_of__initialization:
    80                           	callstack 0
    81   007F70  0100               	movlb	0
    82   007F72  EFDF  F03F         	goto	_main	;jump to C main() function
    83                           
    84                           	psect	cstackCOMRAM
    85   000001                     __pcstackCOMRAM:
    86                           	callstack 0
    87   000001                     ??_main:
    88                           
    89                           ; 1 bytes @ 0x0
    90   000001                     	ds	2
    91                           
    92 ;;
    93 ;;Main: autosize = 0, tempsize = 2, incstack = 0, save=0
    94 ;;
    95 ;; *************** function _main *****************
    96 ;; Defined at:
    97 ;;		line 12 in file "main.c"
    98 ;; Parameters:    Size  Location     Type
    99 ;;		None
   100 ;; Auto vars:     Size  Location     Type
   101 ;;		None
   102 ;; Return value:  Size  Location     Type
   103 ;;                  1    wreg      void 
   104 ;; Registers used:
   105 ;;		wreg, status,2, status,0, cstack
   106 ;; Tracked objects:
   107 ;;		On entry : 0/0
   108 ;;		On exit  : 0/0
   109 ;;		Unchanged: 0/0
   110 ;; Data sizes:     COMRAM   BANK0   BANK1   BANK2   BANK3   BANK4   BANK5
   111 ;;      Params:         0       0       0       0       0       0       0
   112 ;;      Locals:         0       0       0       0       0       0       0
   113 ;;      Temps:          2       0       0       0       0       0       0
   114 ;;      Totals:         2       0       0       0       0       0       0
   115 ;;Total ram usage:        2 bytes
   116 ;; Hardware stack levels required when called: 2
   117 ;; This function calls:
   118 ;;		_SYSTEM_Initialize
   119 ;; This function is called by:
   120 ;;		Startup code after reset
   121 ;; This function uses a non-reentrant model
   122 ;;
   123                           
   124                           	psect	text0
   125   007FBE                     __ptext0:
   126                           	callstack 0
   127   007FBE                     _main:
   128                           	callstack 29
   129   007FBE                     
   130                           ;main.c: 15: SYSTEM_Initialize();
   131   007FBE  ECC0  F03F         	call	_SYSTEM_Initialize	;wreg free
   132   007FC2                     
   133                           ;main.c: 16: LATC = 0x00;
   134   007FC2  0E00               	movlw	0
   135   007FC4  6E8B               	movwf	139,c	;volatile
   136   007FC6                     l832:
   137                           
   138                           ;main.c: 18: {;main.c: 19: _delay((unsigned long)((250)*(20000000/4000.0)));
   139   007FC6  0E07               	movlw	7
   140   007FC8  6E02               	movwf	(??_main+1)^0,c
   141   007FCA  0E58               	movlw	88
   142   007FCC  6E01               	movwf	??_main^0,c
   143   007FCE  0E5A               	movlw	90
   144   007FD0                     u17:
   145   007FD0  2EE8               	decfsz	wreg,f,c
   146   007FD2  D7FE               	bra	u17
   147   007FD4  2E01               	decfsz	??_main^0,f,c
   148   007FD6  D7FC               	bra	u17
   149   007FD8  2E02               	decfsz	(??_main+1)^0,f,c
   150   007FDA  D7FA               	bra	u17
   151   007FDC                     
   152                           ;main.c: 20: LATC++;
   153   007FDC  2A8B               	incf	139,f,c	;volatile
   154   007FDE                     
   155                           ;main.c: 21: _delay((unsigned long)((250)*(20000000/4000.0)));
   156   007FDE  0E07               	movlw	7
   157   007FE0  6E02               	movwf	(??_main+1)^0,c
   158   007FE2  0E58               	movlw	88
   159   007FE4  6E01               	movwf	??_main^0,c
   160   007FE6  0E5A               	movlw	90
   161   007FE8                     u27:
   162   007FE8  2EE8               	decfsz	wreg,f,c
   163   007FEA  D7FE               	bra	u27
   164   007FEC  2E01               	decfsz	??_main^0,f,c
   165   007FEE  D7FC               	bra	u27
   166   007FF0  2E02               	decfsz	(??_main+1)^0,f,c
   167   007FF2  D7FA               	bra	u27
   168   007FF4                     
   169                           ;main.c: 22: LATD = LATC;
   170   007FF4  CF8B FF8C          	movff	3979,3980	;volatile
   171   007FF8  EFE3  F03F         	goto	l832
   172   007FFC  EF00  F000         	goto	start
   173   008000                     __end_of_main:
   174                           	callstack 0
   175                           
   176 ;; *************** function _SYSTEM_Initialize *****************
   177 ;; Defined at:
   178 ;;		line 50 in file "mcc_generated_files/mcc.c"
   179 ;; Parameters:    Size  Location     Type
   180 ;;		None
   181 ;; Auto vars:     Size  Location     Type
   182 ;;		None
   183 ;; Return value:  Size  Location     Type
   184 ;;                  1    wreg      void 
   185 ;; Registers used:
   186 ;;		wreg, status,2, cstack
   187 ;; Tracked objects:
   188 ;;		On entry : 0/0
   189 ;;		On exit  : 0/0
   190 ;;		Unchanged: 0/0
   191 ;; Data sizes:     COMRAM   BANK0   BANK1   BANK2   BANK3   BANK4   BANK5
   192 ;;      Params:         0       0       0       0       0       0       0
   193 ;;      Locals:         0       0       0       0       0       0       0
   194 ;;      Temps:          0       0       0       0       0       0       0
   195 ;;      Totals:         0       0       0       0       0       0       0
   196 ;;Total ram usage:        0 bytes
   197 ;; Hardware stack levels used: 1
   198 ;; Hardware stack levels required when called: 1
   199 ;; This function calls:
   200 ;;		_OSCILLATOR_Initialize
   201 ;;		_PIN_MANAGER_Initialize
   202 ;; This function is called by:
   203 ;;		_main
   204 ;; This function uses a non-reentrant model
   205 ;;
   206                           
   207                           	psect	text1
   208   007F80                     __ptext1:
   209                           	callstack 0
   210   007F80                     _SYSTEM_Initialize:
   211                           	callstack 29
   212   007F80                     
   213                           ;mcc.c: 53: PIN_MANAGER_Initialize();
   214   007F80  ECC5  F03F         	call	_PIN_MANAGER_Initialize	;wreg free
   215                           
   216                           ;mcc.c: 54: OSCILLATOR_Initialize();
   217   007F84  ECBB  F03F         	call	_OSCILLATOR_Initialize	;wreg free
   218   007F88  0012               	return		;funcret
   219   007F8A                     __end_of_SYSTEM_Initialize:
   220                           	callstack 0
   221                           
   222 ;; *************** function _PIN_MANAGER_Initialize *****************
   223 ;; Defined at:
   224 ;;		line 55 in file "mcc_generated_files/pin_manager.c"
   225 ;; Parameters:    Size  Location     Type
   226 ;;		None
   227 ;; Auto vars:     Size  Location     Type
   228 ;;		None
   229 ;; Return value:  Size  Location     Type
   230 ;;                  1    wreg      void 
   231 ;; Registers used:
   232 ;;		wreg, status,2
   233 ;; Tracked objects:
   234 ;;		On entry : 0/0
   235 ;;		On exit  : 0/0
   236 ;;		Unchanged: 0/0
   237 ;; Data sizes:     COMRAM   BANK0   BANK1   BANK2   BANK3   BANK4   BANK5
   238 ;;      Params:         0       0       0       0       0       0       0
   239 ;;      Locals:         0       0       0       0       0       0       0
   240 ;;      Temps:          0       0       0       0       0       0       0
   241 ;;      Totals:         0       0       0       0       0       0       0
   242 ;;Total ram usage:        0 bytes
   243 ;; Hardware stack levels used: 1
   244 ;; This function calls:
   245 ;;		Nothing
   246 ;; This function is called by:
   247 ;;		_SYSTEM_Initialize
   248 ;; This function uses a non-reentrant model
   249 ;;
   250                           
   251                           	psect	text2
   252   007F8A                     __ptext2:
   253                           	callstack 0
   254   007F8A                     _PIN_MANAGER_Initialize:
   255                           	callstack 29
   256   007F8A                     
   257                           ;pin_manager.c: 60: LATE = 0x00;
   258   007F8A  0E00               	movlw	0
   259   007F8C  6E8D               	movwf	141,c	;volatile
   260                           
   261                           ;pin_manager.c: 61: LATD = 0x00;
   262   007F8E  0E00               	movlw	0
   263   007F90  6E8C               	movwf	140,c	;volatile
   264                           
   265                           ;pin_manager.c: 62: LATA = 0x00;
   266   007F92  0E00               	movlw	0
   267   007F94  6E89               	movwf	137,c	;volatile
   268                           
   269                           ;pin_manager.c: 63: LATB = 0x00;
   270   007F96  0E00               	movlw	0
   271   007F98  6E8A               	movwf	138,c	;volatile
   272                           
   273                           ;pin_manager.c: 64: LATC = 0x00;
   274   007F9A  0E00               	movlw	0
   275   007F9C  6E8B               	movwf	139,c	;volatile
   276                           
   277                           ;pin_manager.c: 69: TRISE = 0x07;
   278   007F9E  0E07               	movlw	7
   279   007FA0  6E96               	movwf	150,c	;volatile
   280   007FA2                     
   281                           ;pin_manager.c: 70: TRISA = 0xFF;
   282   007FA2  6892               	setf	146,c	;volatile
   283                           
   284                           ;pin_manager.c: 71: TRISB = 0x00;
   285   007FA4  0E00               	movlw	0
   286   007FA6  6E93               	movwf	147,c	;volatile
   287                           
   288                           ;pin_manager.c: 72: TRISC = 0x00;
   289   007FA8  0E00               	movlw	0
   290   007FAA  6E94               	movwf	148,c	;volatile
   291                           
   292                           ;pin_manager.c: 73: TRISD = 0x00;
   293   007FAC  0E00               	movlw	0
   294   007FAE  6E95               	movwf	149,c	;volatile
   295   007FB0                     
   296                           ;pin_manager.c: 78: ANSEL = 0xFF;
   297   007FB0  687E               	setf	126,c	;volatile
   298                           
   299                           ;pin_manager.c: 79: ANSELH = 0x1F;
   300   007FB2  0E1F               	movlw	31
   301   007FB4  6E7F               	movwf	127,c	;volatile
   302                           
   303                           ;pin_manager.c: 84: WPUB = 0x00;
   304   007FB6  0E00               	movlw	0
   305   007FB8  6E7C               	movwf	124,c	;volatile
   306   007FBA                     
   307                           ;pin_manager.c: 85: INTCON2bits.nRBPU = 1;
   308   007FBA  8EF1               	bsf	241,7,c	;volatile
   309   007FBC  0012               	return		;funcret
   310   007FBE                     __end_of_PIN_MANAGER_Initialize:
   311                           	callstack 0
   312                           
   313 ;; *************** function _OSCILLATOR_Initialize *****************
   314 ;; Defined at:
   315 ;;		line 57 in file "mcc_generated_files/mcc.c"
   316 ;; Parameters:    Size  Location     Type
   317 ;;		None
   318 ;; Auto vars:     Size  Location     Type
   319 ;;		None
   320 ;; Return value:  Size  Location     Type
   321 ;;                  1    wreg      void 
   322 ;; Registers used:
   323 ;;		wreg, status,2
   324 ;; Tracked objects:
   325 ;;		On entry : 0/0
   326 ;;		On exit  : 0/0
   327 ;;		Unchanged: 0/0
   328 ;; Data sizes:     COMRAM   BANK0   BANK1   BANK2   BANK3   BANK4   BANK5
   329 ;;      Params:         0       0       0       0       0       0       0
   330 ;;      Locals:         0       0       0       0       0       0       0
   331 ;;      Temps:          0       0       0       0       0       0       0
   332 ;;      Totals:         0       0       0       0       0       0       0
   333 ;;Total ram usage:        0 bytes
   334 ;; Hardware stack levels used: 1
   335 ;; This function calls:
   336 ;;		Nothing
   337 ;; This function is called by:
   338 ;;		_SYSTEM_Initialize
   339 ;; This function uses a non-reentrant model
   340 ;;
   341                           
   342                           	psect	text3
   343   007F76                     __ptext3:
   344                           	callstack 0
   345   007F76                     _OSCILLATOR_Initialize:
   346                           	callstack 29
   347   007F76                     
   348                           ;mcc.c: 60: OSCCON = 0x60;
   349   007F76  0E60               	movlw	96
   350   007F78  6ED3               	movwf	211,c	;volatile
   351                           
   352                           ;mcc.c: 62: OSCTUNE = 0x00;
   353   007F7A  0E00               	movlw	0
   354   007F7C  6E9B               	movwf	155,c	;volatile
   355   007F7E  0012               	return		;funcret
   356   007F80                     __end_of_OSCILLATOR_Initialize:
   357                           	callstack 0
   358   000000                     
   359                           	psect	rparam
   360   000000                     
   361                           	psect	idloc
   362                           
   363                           ;Config register IDLOC0 @ 0x200000
   364                           ;	unspecified, using default values
   365   200000                     	org	2097152
   366   200000  FF                 	db	255
   367                           
   368                           ;Config register IDLOC1 @ 0x200001
   369                           ;	unspecified, using default values
   370   200001                     	org	2097153
   371   200001  FF                 	db	255
   372                           
   373                           ;Config register IDLOC2 @ 0x200002
   374                           ;	unspecified, using default values
   375   200002                     	org	2097154
   376   200002  FF                 	db	255
   377                           
   378                           ;Config register IDLOC3 @ 0x200003
   379                           ;	unspecified, using default values
   380   200003                     	org	2097155
   381   200003  FF                 	db	255
   382                           
   383                           ;Config register IDLOC4 @ 0x200004
   384                           ;	unspecified, using default values
   385   200004                     	org	2097156
   386   200004  FF                 	db	255
   387                           
   388                           ;Config register IDLOC5 @ 0x200005
   389                           ;	unspecified, using default values
   390   200005                     	org	2097157
   391   200005  FF                 	db	255
   392                           
   393                           ;Config register IDLOC6 @ 0x200006
   394                           ;	unspecified, using default values
   395   200006                     	org	2097158
   396   200006  FF                 	db	255
   397                           
   398                           ;Config register IDLOC7 @ 0x200007
   399                           ;	unspecified, using default values
   400   200007                     	org	2097159
   401   200007  FF                 	db	255
   402                           
   403                           	psect	config
   404                           
   405                           ; Padding undefined space
   406   300000                     	org	3145728
   407   300000  FF                 	db	255
   408                           
   409                           ;Config register CONFIG1H @ 0x300001
   410                           ;	Oscillator Selection bits
   411                           ;	FOSC = HS, HS oscillator
   412                           ;	Fail-Safe Clock Monitor Enable bit
   413                           ;	FCMEN = OFF, Fail-Safe Clock Monitor disabled
   414                           ;	Internal/External Oscillator Switchover bit
   415                           ;	IESO = OFF, Oscillator Switchover mode disabled
   416   300001                     	org	3145729
   417   300001  02                 	db	2
   418                           
   419                           ;Config register CONFIG2L @ 0x300002
   420                           ;	Power-up Timer Enable bit
   421                           ;	PWRT = OFF, PWRT disabled
   422                           ;	Brown-out Reset Enable bits
   423                           ;	BOREN = SBORDIS, Brown-out Reset enabled in hardware only (SBOREN is disabled)
   424                           ;	Brown Out Reset Voltage bits
   425                           ;	BORV = 18, VBOR set to 1.8 V nominal
   426   300002                     	org	3145730
   427   300002  1F                 	db	31
   428                           
   429                           ;Config register CONFIG2H @ 0x300003
   430                           ;	Watchdog Timer Enable bit
   431                           ;	WDTEN = OFF, WDT is controlled by SWDTEN bit of the WDTCON register
   432                           ;	Watchdog Timer Postscale Select bits
   433                           ;	WDTPS = 32768, 1:32768
   434   300003                     	org	3145731
   435   300003  1E                 	db	30
   436                           
   437                           ; Padding undefined space
   438   300004                     	org	3145732
   439   300004  FF                 	db	255
   440                           
   441                           ;Config register CONFIG3H @ 0x300005
   442                           ;	CCP2 MUX bit
   443                           ;	CCP2MX = PORTC, CCP2 input/output is multiplexed with RC1
   444                           ;	PORTB A/D Enable bit
   445                           ;	PBADEN = ON, PORTB<4:0> pins are configured as analog input channels on Reset
   446                           ;	Low-Power Timer1 Oscillator Enable bit
   447                           ;	LPT1OSC = OFF, Timer1 configured for higher power operation
   448                           ;	HFINTOSC Fast Start-up
   449                           ;	HFOFST = ON, HFINTOSC starts clocking the CPU without waiting for the oscillator to st
      +                          ablize.
   450                           ;	MCLR Pin Enable bit
   451                           ;	MCLRE = ON, MCLR pin enabled; RE3 input pin disabled
   452   300005                     	org	3145733
   453   300005  8B                 	db	139
   454                           
   455                           ;Config register CONFIG4L @ 0x300006
   456                           ;	Stack Full/Underflow Reset Enable bit
   457                           ;	STVREN = ON, Stack full/underflow will cause Reset
   458                           ;	Single-Supply ICSP Enable bit
   459                           ;	LVP = OFF, Single-Supply ICSP disabled
   460                           ;	Extended Instruction Set Enable bit
   461                           ;	XINST = OFF, Instruction set extension and Indexed Addressing mode disabled (Legacy mo
      +                          de)
   462                           ;	Background Debugger Enable bit
   463                           ;	DEBUG = OFF, Background debugger disabled, RB6 and RB7 configured as general purpose I
      +                          /O pins
   464   300006                     	org	3145734
   465   300006  81                 	db	129
   466                           
   467                           ; Padding undefined space
   468   300007                     	org	3145735
   469   300007  FF                 	db	255
   470                           
   471                           ;Config register CONFIG5L @ 0x300008
   472                           ;	Code Protection Block 0
   473                           ;	CP0 = OFF, Block 0 (000800-001FFFh) not code-protected
   474                           ;	Code Protection Block 1
   475                           ;	CP1 = OFF, Block 1 (002000-003FFFh) not code-protected
   476                           ;	Code Protection Block 2
   477                           ;	CP2 = OFF, Block 2 (004000-005FFFh) not code-protected
   478                           ;	Code Protection Block 3
   479                           ;	CP3 = OFF, Block 3 (006000-007FFFh) not code-protected
   480   300008                     	org	3145736
   481   300008  0F                 	db	15
   482                           
   483                           ;Config register CONFIG5H @ 0x300009
   484                           ;	Boot Block Code Protection bit
   485                           ;	CPB = OFF, Boot block (000000-0007FFh) not code-protected
   486                           ;	Data EEPROM Code Protection bit
   487                           ;	CPD = OFF, Data EEPROM not code-protected
   488   300009                     	org	3145737
   489   300009  C0                 	db	192
   490                           
   491                           ;Config register CONFIG6L @ 0x30000A
   492                           ;	Write Protection Block 0
   493                           ;	WRT0 = OFF, Block 0 (000800-001FFFh) not write-protected
   494                           ;	Write Protection Block 1
   495                           ;	WRT1 = OFF, Block 1 (002000-003FFFh) not write-protected
   496                           ;	Write Protection Block 2
   497                           ;	WRT2 = OFF, Block 2 (004000-005FFFh) not write-protected
   498                           ;	Write Protection Block 3
   499                           ;	WRT3 = OFF, Block 3 (006000-007FFFh) not write-protected
   500   30000A                     	org	3145738
   501   30000A  0F                 	db	15
   502                           
   503                           ;Config register CONFIG6H @ 0x30000B
   504                           ;	Configuration Register Write Protection bit
   505                           ;	WRTC = OFF, Configuration registers (300000-3000FFh) not write-protected
   506                           ;	Boot Block Write Protection bit
   507                           ;	WRTB = OFF, Boot Block (000000-0007FFh) not write-protected
   508                           ;	Data EEPROM Write Protection bit
   509                           ;	WRTD = OFF, Data EEPROM not write-protected
   510   30000B                     	org	3145739
   511   30000B  E0                 	db	224
   512                           
   513                           ;Config register CONFIG7L @ 0x30000C
   514                           ;	Table Read Protection Block 0
   515                           ;	EBTR0 = OFF, Block 0 (000800-001FFFh) not protected from table reads executed in other
      +                           blocks
   516                           ;	Table Read Protection Block 1
   517                           ;	EBTR1 = OFF, Block 1 (002000-003FFFh) not protected from table reads executed in other
      +                           blocks
   518                           ;	Table Read Protection Block 2
   519                           ;	EBTR2 = OFF, Block 2 (004000-005FFFh) not protected from table reads executed in other
      +                           blocks
   520                           ;	Table Read Protection Block 3
   521                           ;	EBTR3 = OFF, Block 3 (006000-007FFFh) not protected from table reads executed in other
      +                           blocks
   522   30000C                     	org	3145740
   523   30000C  0F                 	db	15
   524                           
   525                           ;Config register CONFIG7H @ 0x30000D
   526                           ;	Boot Block Table Read Protection bit
   527                           ;	EBTRB = OFF, Boot Block (000000-0007FFh) not protected from table reads executed in ot
      +                          her blocks
   528   30000D                     	org	3145741
   529   30000D  40                 	db	64
   530                           tosu	equ	0xFFF
   531                           tosh	equ	0xFFE
   532                           tosl	equ	0xFFD
   533                           stkptr	equ	0xFFC
   534                           pclatu	equ	0xFFB
   535                           pclath	equ	0xFFA
   536                           pcl	equ	0xFF9
   537                           tblptru	equ	0xFF8
   538                           tblptrh	equ	0xFF7
   539                           tblptrl	equ	0xFF6
   540                           tablat	equ	0xFF5
   541                           prodh	equ	0xFF4
   542                           prodl	equ	0xFF3
   543                           indf0	equ	0xFEF
   544                           postinc0	equ	0xFEE
   545                           postdec0	equ	0xFED
   546                           preinc0	equ	0xFEC
   547                           plusw0	equ	0xFEB
   548                           fsr0h	equ	0xFEA
   549                           fsr0l	equ	0xFE9
   550                           wreg	equ	0xFE8
   551                           indf1	equ	0xFE7
   552                           postinc1	equ	0xFE6
   553                           postdec1	equ	0xFE5
   554                           preinc1	equ	0xFE4
   555                           plusw1	equ	0xFE3
   556                           fsr1h	equ	0xFE2
   557                           fsr1l	equ	0xFE1
   558                           bsr	equ	0xFE0
   559                           indf2	equ	0xFDF
   560                           postinc2	equ	0xFDE
   561                           postdec2	equ	0xFDD
   562                           preinc2	equ	0xFDC
   563                           plusw2	equ	0xFDB
   564                           fsr2h	equ	0xFDA
   565                           fsr2l	equ	0xFD9
   566                           status	equ	0xFD8

Data Sizes:
    Strings     0
    Constant    0
    Data        0
    BSS         0
    Persistent  0
    Stack       0

Auto Spaces:
    Space          Size  Autos    Used
    COMRAM           95      2       2
    BANK0           160      0       0
    BANK1           256      0       0
    BANK2           256      0       0
    BANK3           256      0       0
    BANK4           256      0       0
    BANK5           256      0       0

Pointer List with Targets:

    None.

Critical Paths under _main in COMRAM

    None.

Critical Paths under _main in BANK0

    None.

Critical Paths under _main in BANK1

    None.

Critical Paths under _main in BANK2

    None.

Critical Paths under _main in BANK3

    None.

Critical Paths under _main in BANK4

    None.

Critical Paths under _main in BANK5

    None.

Call Graph Tables:

 ---------------------------------------------------------------------------------
 (Depth) Function   	        Calls       Base Space   Used Autos Params    Refs
 ---------------------------------------------------------------------------------
 (0) _main                                                 2     2      0       0
                                              0 COMRAM     2     2      0
                  _SYSTEM_Initialize
 ---------------------------------------------------------------------------------
 (1) _SYSTEM_Initialize                                    0     0      0       0
              _OSCILLATOR_Initialize
             _PIN_MANAGER_Initialize
 ---------------------------------------------------------------------------------
 (2) _PIN_MANAGER_Initialize                               0     0      0       0
 ---------------------------------------------------------------------------------
 (2) _OSCILLATOR_Initialize                                0     0      0       0
 ---------------------------------------------------------------------------------
 Estimated maximum stack depth 2
 ---------------------------------------------------------------------------------

 Call Graph Graphs:

 _main (ROOT)
   _SYSTEM_Initialize
     _OSCILLATOR_Initialize
     _PIN_MANAGER_Initialize

 Address spaces:
Name               Size   Autos  Total    Cost      Usage
BITCOMRAM           5F      0       0       0        0.0%
EEDATA             100      0       0       0        0.0%
NULL                 0      0       0       0        0.0%
CODE                 0      0       0       0        0.0%
COMRAM              5F      2       2       1        2.1%
STACK                0      0       0       2        0.0%
DATA                 0      0       0       3        0.0%
BITBANK0            A0      0       0       4        0.0%
BANK0               A0      0       0       5        0.0%
BITBANK1           100      0       0       6        0.0%
BANK1              100      0       0       7        0.0%
BITBANK2           100      0       0       8        0.0%
BANK2              100      0       0       9        0.0%
BITBANK3           100      0       0      10        0.0%
BANK3              100      0       0      11        0.0%
BITBANK4           100      0       0      12        0.0%
BANK4              100      0       0      13        0.0%
BITBANK5           100      0       0      14        0.0%
BANK5              100      0       0      15        0.0%
BITBIGSFRhh          D      0       0      16        0.0%
BITBIGSFRhl         1D      0       0      17        0.0%
BITBIGSFRlh         37      0       0      18        0.0%
BITBIGSFRllhh        4      0       0      19        0.0%
BITBIGSFRllhll       4      0       0      20        0.0%
BITBIGSFRllllh       9      0       0      21        0.0%
BITBIGSFRlllllh      1      0       0      22        0.0%
BITBIGSFRllllll     1C      0       0      23        0.0%
ABS                  0      0       0      24        0.0%
BIGRAM             5FF      0       0      25        0.0%
BIGSFR               0      0       0     200        0.0%
BITSFR               0      0       0     200        0.0%
SFR                  0      0       0     200        0.0%


Microchip Technology PIC18 Macro Assembler V2.41 build 20230208172133 
Symbol Table                                                                                   Fri May 05 21:16:11 2023

                            l11 7F88                              l14 7F7E                              l47 7FBC  
                            u17 7FD0                              u27 7FE8                             l820 7FBA  
                           l822 7F76                             l814 7F8A                             l830 7FC2  
                           l816 7FA2                             l824 7F80                             l832 7FC6  
                           l818 7FB0                             l834 7FDC                             l836 7FDE  
                           l828 7FBE                             l838 7FF4                             wreg 0FE8  
                          _LATA 0F89                            _LATB 0F8A                            _LATC 0F8B  
                          _LATD 0F8C                            _LATE 0F8D                            _WPUB 0F7C  
                          _main 7FBE                            start 0000                    ___param_bank 0000  
 __end_of_OSCILLATOR_Initialize 7F80                           ?_main 0001                           _ANSEL 0F7E  
                         _TRISA 0F92                           _TRISB 0F93                           _TRISC 0F94  
                         _TRISD 0F95                           _TRISE 0F96                 __initialization 7F70  
                  __end_of_main 8000                          ??_main 0001                   __activetblptr 0000  
                        _ANSELH 0F7F                          _OSCCON 0FD3                          isa$std 0001  
             _SYSTEM_Initialize 7F80                      __accesstop 0060         __end_of__initialization 7F70  
            ?_SYSTEM_Initialize 0001                   ___rparam_used 0001                  __pcstackCOMRAM 0001  
           ??_SYSTEM_Initialize 0001       __end_of_SYSTEM_Initialize 7F8A                         _OSCTUNE 0F9B  
                       __Hparam 0000                         __Lparam 0000                         __pcinit 7F70  
                       __ramtop 0600                         __ptext0 7FBE                         __ptext1 7F80  
                       __ptext2 7F8A                         __ptext3 7F76           _OSCILLATOR_Initialize 7F76  
      ??_PIN_MANAGER_Initialize 0001            end_of_initialization 7F70          ?_OSCILLATOR_Initialize 0001  
           start_initialization 7F70          _PIN_MANAGER_Initialize 7F8A                     _INTCON2bits 0FF1  
                      __Hrparam 0000                        __Lrparam 0000         ??_OSCILLATOR_Initialize 0001  
                      isa$xinst 0000                      _INTCONbits 0FF2         ?_PIN_MANAGER_Initialize 0001  
__end_of_PIN_MANAGER_Initialize 7FBE  
