

Microchip MPLAB XC8 Assembler V2.41 build 20230208172133 
                                                                                               Sun Jul 09 12:41:47 2023

Microchip MPLAB XC8 C Compiler v2.41 (Free license) build 20230208172133 Og1 
     1                           	processor	18F45K20
     2                           	fnconf	rparam,??,?,0
     3                           	pagewidth 120
     4                           	opt	flic
     5                           	psect	idataCOMRAM,global,class=CODE,delta=1,noexec
     6                           	psect	cinit,global,reloc=2,class=CODE,delta=1
     7                           	psect	bssCOMRAM,global,class=COMRAM,space=1,delta=1,lowdata,noexec
     8                           	psect	dataCOMRAM,global,class=COMRAM,space=1,delta=1,lowdata,noexec
     9                           	psect	cstackCOMRAM,global,class=COMRAM,space=1,delta=1,lowdata,noexec
    10                           	psect	text0,global,reloc=2,class=CODE,delta=1
    11                           	psect	text1,global,reloc=2,class=CODE,delta=1,group=1
    12                           	psect	text2,global,reloc=2,class=CODE,delta=1,group=1
    13                           	psect	text3,global,reloc=2,class=CODE,delta=1
    14                           	psect	text4,global,reloc=2,class=CODE,delta=1
    15                           	psect	text5,global,reloc=2,class=CODE,delta=1
    16                           	psect	text6,global,reloc=2,class=CODE,delta=1
    17                           	psect	intsave_regs,global,class=BIGRAM,space=1,delta=1,noexec
    18                           	psect	rparam,global,class=COMRAM,space=1,delta=1,noexec
    19                           	psect	idloc,global,abs,ovrld,class=IDLOC,space=5,delta=1,noexec
    20                           	psect	config,global,abs,ovrld,class=CONFIG,space=4,delta=1,noexec
    21   000000                     
    22                           ; Version 2.40
    23                           ; Generated 17/11/2021 GMT
    24                           ; 
    25                           ; Copyright © 2021, Microchip Technology Inc. and its subsidiaries ("Microchip")
    26                           ; All rights reserved.
    27                           ; 
    28                           ; This software is developed by Microchip Technology Inc. and its subsidiaries ("Microch
      +                          ip").
    29                           ; 
    30                           ; Redistribution and use in source and binary forms, with or without modification, are
    31                           ; permitted provided that the following conditions are met:
    32                           ; 
    33                           ;     1. Redistributions of source code must retain the above copyright notice, this lis
      +                          t of
    34                           ;        conditions and the following disclaimer.
    35                           ; 
    36                           ;     2. Redistributions in binary form must reproduce the above copyright notice, this 
      +                          list
    37                           ;        of conditions and the following disclaimer in the documentation and/or other
    38                           ;        materials provided with the distribution. Publication is not required when
    39                           ;        this file is used in an embedded application.
    40                           ; 
    41                           ;     3. Microchip's name may not be used to endorse or promote products derived from th
      +                          is
    42                           ;        software without specific prior written permission.
    43                           ; 
    44                           ; THIS SOFTWARE IS PROVIDED BY MICROCHIP "AS IS" AND ANY EXPRESS OR IMPLIED WARRANTIES,
    45                           ; INCLUDING, BUT NOT LIMITED TO, THE IMPLIED WARRANTIES OF MERCHANTABILITY AND FITNESS F
      +                          OR
    46                           ; PURPOSE ARE DISCLAIMED.  IN NO EVENT SHALL MICROCHIP BE LIABLE FOR ANY DIRECT, INDIREC
      +                          T,
    47                           ; INCIDENTAL, SPECIAL, EXEMPLARY, OR CONSEQUENTIAL DAMAGES (INCLUDING BUT NOT LIMITED TO
    48                           ; PROCUREMENT OF SUBSTITUTE GOODS OR SERVICES; LOSS OF USE, DATA OR PROFITS; OR BUSINESS
    49                           ; INTERRUPTION) HOWSOEVER CAUSED AND ON ANY THEORY OF LIABILITY, WHETHER IN CONTRACT, ST
      +                          RICT
    50                           ; LIABILITY, OR TORT (INCLUDING NEGLIGENCE OR OTHERWISE) ARISING IN ANY WAY OUT OF THE U
      +                          SE OF
    51                           ; THIS SOFTWARE, EVEN IF ADVISED OF THE POSSIBILITY OF SUCH DAMAGE.
    52                           ; 
    53                           ; 
    54                           ; Code-generator required, PIC18F45K20 Definitions
    55                           ; 
    56                           ; SFR Addresses
    57   000000                     
    58                           	psect	idataCOMRAM
    59   007CB0                     __pidataCOMRAM:
    60                           	callstack 0
    61                           
    62                           ;initializer for _Number_Mapping
    63   007CB0  C0                 	db	192
    64   007CB1  F9                 	db	249
    65   007CB2  A4                 	db	164
    66   007CB3  B0                 	db	176
    67   007CB4  99                 	db	153
    68   007CB5  92                 	db	146
    69   007CB6  82                 	db	130
    70   007CB7  F8                 	db	248
    71   007CB8  80                 	db	128
    72   007CB9  90                 	db	144
    73   000000                     _TRISD	set	3989
    74   000000                     _TRISC	set	3988
    75   000000                     _TRISB	set	3987
    76   000000                     _LATC	set	3979
    77   000000                     _LATB	set	3978
    78   000000                     _LATAbits	set	3977
    79   000000                     _WPUB	set	3964
    80   000000                     _ANSEL	set	3966
    81   000000                     _LATA	set	3977
    82   000000                     _LATD	set	3980
    83   000000                     _LATE	set	3981
    84   000000                     _OSCTUNE	set	3995
    85   000000                     _OSCCON	set	4051
    86   000000                     _INTCON2bits	set	4081
    87   000000                     _TRISA	set	3986
    88   000000                     _TRISE	set	3990
    89   000000                     _PORTDbits	set	3971
    90   000000                     _ANSELH	set	3967
    91   000000                     _INTCONbits	set	4082
    92                           
    93                           ; #config settings
    94                           
    95                           	psect	cinit
    96   007CEC                     __pcinit:
    97                           	callstack 0
    98   007CEC                     start_initialization:
    99                           	callstack 0
   100   007CEC                     __initialization:
   101                           	callstack 0
   102                           
   103                           ; Initialize objects allocated to COMRAM (10 bytes)
   104                           ; load TBLPTR registers with __pidataCOMRAM
   105   007CEC  0EB0               	movlw	low __pidataCOMRAM
   106   007CEE  6EF6               	movwf	tblptrl,c
   107   007CF0  0E7C               	movlw	high __pidataCOMRAM
   108   007CF2  6EF7               	movwf	tblptrh,c
   109   007CF4  0E00               	movlw	low (__pidataCOMRAM shr (0+16))
   110   007CF6  6EF8               	movwf	tblptru,c
   111   007CF8  EE00  F011         	lfsr	0,__pdataCOMRAM
   112   007CFC  EE10 F00A          	lfsr	1,10
   113   007D00                     copy_data0:
   114   007D00  0009               	tblrd		*+
   115   007D02  CFF5 FFEE          	movff	tablat,postinc0
   116   007D06  50E5               	movf	postdec1,w,c
   117   007D08  50E1               	movf	fsr1l,w,c
   118   007D0A  E1FA               	bnz	copy_data0
   119                           
   120                           ; Clear objects allocated to COMRAM (7 bytes)
   121   007D0C  EE00  F01B         	lfsr	0,__pbssCOMRAM
   122   007D10  0E07               	movlw	7
   123   007D12                     clear_0:
   124   007D12  6AEE               	clrf	postinc0,c
   125   007D14  06E8               	decf	wreg,f,c
   126   007D16  E1FD               	bnz	clear_0
   127   007D18                     end_of_initialization:
   128                           	callstack 0
   129   007D18                     __end_of__initialization:
   130                           	callstack 0
   131   007D18  0100               	movlb	0
   132   007D1A  EFFB  F03E         	goto	_main	;jump to C main() function
   133                           
   134                           	psect	bssCOMRAM
   135   00001B                     __pbssCOMRAM:
   136                           	callstack 0
   137   00001B                     _Counter:
   138                           	callstack 0
   139   00001B                     	ds	2
   140   00001D                     _RAM:
   141                           	callstack 0
   142   00001D                     	ds	1
   143   00001E                     _Fourth_Digit:
   144                           	callstack 0
   145   00001E                     	ds	1
   146   00001F                     _Third_Digit:
   147                           	callstack 0
   148   00001F                     	ds	1
   149   000020                     _Second_Digit:
   150                           	callstack 0
   151   000020                     	ds	1
   152   000021                     _First_Digit:
   153                           	callstack 0
   154   000021                     	ds	1
   155                           
   156                           	psect	dataCOMRAM
   157   000011                     __pdataCOMRAM:
   158                           	callstack 0
   159   000011                     _Number_Mapping:
   160                           	callstack 0
   161   000011                     	ds	10
   162                           
   163                           	psect	cstackCOMRAM
   164   000001                     __pcstackCOMRAM:
   165                           	callstack 0
   166   000001                     ?___lwmod:
   167                           	callstack 0
   168   000001                     ___lwmod@dividend:
   169                           	callstack 0
   170                           
   171                           ; 2 bytes @ 0x0
   172   000001                     	ds	2
   173   000003                     ___lwmod@divisor:
   174                           	callstack 0
   175                           
   176                           ; 2 bytes @ 0x2
   177   000003                     	ds	2
   178   000005                     ___lwmod@counter:
   179                           	callstack 0
   180                           
   181                           ; 1 bytes @ 0x4
   182   000005                     	ds	1
   183   000006                     ?___lwdiv:
   184                           	callstack 0
   185   000006                     ___lwdiv@dividend:
   186                           	callstack 0
   187                           
   188                           ; 2 bytes @ 0x5
   189   000006                     	ds	2
   190   000008                     ___lwdiv@divisor:
   191                           	callstack 0
   192                           
   193                           ; 2 bytes @ 0x7
   194   000008                     	ds	2
   195   00000A                     ___lwdiv@quotient:
   196                           	callstack 0
   197                           
   198                           ; 2 bytes @ 0x9
   199   00000A                     	ds	2
   200   00000C                     ___lwdiv@counter:
   201                           	callstack 0
   202                           
   203                           ; 1 bytes @ 0xB
   204   00000C                     	ds	1
   205   00000D                     ??_main:
   206                           
   207                           ; 1 bytes @ 0xC
   208   00000D                     	ds	2
   209   00000F                     _main$898:
   210                           	callstack 0
   211                           
   212                           ; 2 bytes @ 0xE
   213   00000F                     	ds	2
   214                           
   215 ;;
   216 ;;Main: autosize = 0, tempsize = 2, incstack = 0, save=0
   217 ;;
   218 ;; *************** function _main *****************
   219 ;; Defined at:
   220 ;;		line 48 in file "main.c"
   221 ;; Parameters:    Size  Location     Type
   222 ;;		None
   223 ;; Auto vars:     Size  Location     Type
   224 ;;		None
   225 ;; Return value:  Size  Location     Type
   226 ;;                  1    wreg      void 
   227 ;; Registers used:
   228 ;;		wreg, fsr2l, fsr2h, status,2, status,0, cstack
   229 ;; Tracked objects:
   230 ;;		On entry : 0/0
   231 ;;		On exit  : 0/0
   232 ;;		Unchanged: 0/0
   233 ;; Data sizes:     COMRAM   BANK0   BANK1   BANK2   BANK3   BANK4   BANK5
   234 ;;      Params:         0       0       0       0       0       0       0
   235 ;;      Locals:         2       0       0       0       0       0       0
   236 ;;      Temps:          2       0       0       0       0       0       0
   237 ;;      Totals:         4       0       0       0       0       0       0
   238 ;;Total ram usage:        4 bytes
   239 ;; Hardware stack levels required when called: 2
   240 ;; This function calls:
   241 ;;		_PIN_MANAGER_IOC
   242 ;;		_SYSTEM_Initialize
   243 ;;		___lwdiv
   244 ;;		___lwmod
   245 ;; This function is called by:
   246 ;;		Startup code after reset
   247 ;; This function uses a non-reentrant model
   248 ;;
   249                           
   250                           	psect	text0
   251   007DF6                     __ptext0:
   252                           	callstack 0
   253   007DF6                     _main:
   254                           	callstack 29
   255   007DF6                     
   256                           ;main.c: 51:     SYSTEM_Initialize();
   257   007DF6  EC53  F03E         	call	_SYSTEM_Initialize	;wreg free
   258   007DFA                     
   259                           ;main.c: 52:     PIN_MANAGER_IOC();
   260   007DFA  EC4C  F03E         	call	_PIN_MANAGER_IOC	;wreg free
   261   007DFE  EFED  F03F         	goto	l1028
   262   007E02                     l83:
   263                           
   264                           ;main.c: 57:         {;main.c: 58:             if(PORTDbits.RD0 == 0){
   265   007E02  B083               	btfsc	131,0,c	;volatile
   266   007E04  EF06  F03F         	goto	u181
   267   007E08  EF08  F03F         	goto	u180
   268   007E0C                     u181:
   269   007E0C  EF20  F03F         	goto	l84
   270   007E10                     u180:
   271   007E10                     
   272                           ;main.c: 59:                 _delay((unsigned long)((500)*(20000000/4000.0)));
   273   007E10  0E0D               	movlw	13
   274   007E12  6E0E               	movwf	(??_main+1)^0,c
   275   007E14  0EAF               	movlw	175
   276   007E16  6E0D               	movwf	??_main^0,c
   277   007E18  0EB6               	movlw	182
   278   007E1A                     u237:
   279   007E1A  2EE8               	decfsz	wreg,f,c
   280   007E1C  D7FE               	bra	u237
   281   007E1E  2E0D               	decfsz	??_main^0,f,c
   282   007E20  D7FC               	bra	u237
   283   007E22  2E0E               	decfsz	(??_main+1)^0,f,c
   284   007E24  D7FA               	bra	u237
   285   007E26  F000 F000          	nop2	
   286   007E2A                     l85:
   287   007E2A  A083               	btfss	131,0,c	;volatile
   288   007E2C  EF1A  F03F         	goto	u191
   289   007E30  EF1C  F03F         	goto	u190
   290   007E34                     u191:
   291   007E34  EF15  F03F         	goto	l85
   292   007E38                     u190:
   293   007E38                     
   294                           ;main.c: 61:                 Counter++;
   295   007E38  4A1B               	infsnz	_Counter^0,f,c
   296   007E3A  2A1C               	incf	(_Counter+1)^0,f,c
   297                           
   298                           ;main.c: 62:             }
   299   007E3C  EF3E  F03F         	goto	l968
   300   007E40                     l84:
   301   007E40  B283               	btfsc	131,1,c	;volatile
   302   007E42  EF25  F03F         	goto	u201
   303   007E46  EF27  F03F         	goto	u200
   304   007E4A                     u201:
   305   007E4A  EF3E  F03F         	goto	l968
   306   007E4E                     u200:
   307   007E4E                     
   308                           ;main.c: 65:                 _delay((unsigned long)((500)*(20000000/4000.0)));
   309   007E4E  0E0D               	movlw	13
   310   007E50  6E0E               	movwf	(??_main+1)^0,c
   311   007E52  0EAF               	movlw	175
   312   007E54  6E0D               	movwf	??_main^0,c
   313   007E56  0EB6               	movlw	182
   314   007E58                     u247:
   315   007E58  2EE8               	decfsz	wreg,f,c
   316   007E5A  D7FE               	bra	u247
   317   007E5C  2E0D               	decfsz	??_main^0,f,c
   318   007E5E  D7FC               	bra	u247
   319   007E60  2E0E               	decfsz	(??_main+1)^0,f,c
   320   007E62  D7FA               	bra	u247
   321   007E64  F000 F000          	nop2	
   322   007E68                     l90:
   323   007E68  A283               	btfss	131,1,c	;volatile
   324   007E6A  EF39  F03F         	goto	u211
   325   007E6E  EF3B  F03F         	goto	u210
   326   007E72                     u211:
   327   007E72  EF34  F03F         	goto	l90
   328   007E76                     u210:
   329   007E76                     
   330                           ;main.c: 67:                 Counter--;
   331   007E76  061B               	decf	_Counter^0,f,c
   332   007E78  A0D8               	btfss	status,0,c
   333   007E7A  061C               	decf	(_Counter+1)^0,f,c
   334   007E7C                     l968:
   335                           
   336                           ;main.c: 70:             LATAbits.LATA5 = 1;
   337   007E7C  8A89               	bsf	137,5,c	;volatile
   338   007E7E                     
   339                           ;main.c: 72:             First_Digit = (Counter % 100)%10;
   340   007E7E  0E00               	movlw	0
   341   007E80  6E04               	movwf	(___lwmod@divisor+1)^0,c
   342   007E82  0E64               	movlw	100
   343   007E84  6E03               	movwf	___lwmod@divisor^0,c
   344   007E86  C01B  F001         	movff	_Counter,___lwmod@dividend
   345   007E8A  C01C  F002         	movff	_Counter+1,___lwmod@dividend+1
   346   007E8E  EC8F  F03E         	call	___lwmod	;wreg free
   347   007E92  C001  F00F         	movff	?___lwmod,_main$898
   348   007E96  C002  F010         	movff	?___lwmod+1,_main$898+1
   349   007E9A                     
   350                           ;main.c: 72:             First_Digit = (Counter % 100)%10;
   351   007E9A  C00F  F001         	movff	_main$898,___lwmod@dividend
   352   007E9E  C010  F002         	movff	_main$898+1,___lwmod@dividend+1
   353   007EA2  0E00               	movlw	0
   354   007EA4  6E04               	movwf	(___lwmod@divisor+1)^0,c
   355   007EA6  0E0A               	movlw	10
   356   007EA8  6E03               	movwf	___lwmod@divisor^0,c
   357   007EAA  EC8F  F03E         	call	___lwmod	;wreg free
   358   007EAE  5001               	movf	?___lwmod^0,w,c
   359   007EB0  6E21               	movwf	_First_Digit^0,c
   360   007EB2                     
   361                           ;main.c: 73:             LATB = Number_Mapping[First_Digit] ;
   362   007EB2  0E11               	movlw	low _Number_Mapping
   363   007EB4  2421               	addwf	_First_Digit^0,w,c
   364   007EB6  6ED9               	movwf	fsr2l,c
   365   007EB8  6ADA               	clrf	fsr2h,c
   366   007EBA  0E00               	movlw	high _Number_Mapping
   367   007EBC  22DA               	addwfc	fsr2h,f,c
   368   007EBE  50DF               	movf	indf2,w,c
   369   007EC0  6E8A               	movwf	138,c	;volatile
   370   007EC2                     
   371                           ;main.c: 74:             LATAbits.LATA0 = 1;
   372   007EC2  8089               	bsf	137,0,c	;volatile
   373   007EC4                     
   374                           ;main.c: 75:             LATAbits.LATA1 = !1;
   375   007EC4  9289               	bcf	137,1,c	;volatile
   376   007EC6                     
   377                           ;main.c: 76:             LATAbits.LATA2 = !1;
   378   007EC6  9489               	bcf	137,2,c	;volatile
   379   007EC8                     
   380                           ;main.c: 77:             LATAbits.LATA3 = !1;
   381   007EC8  9689               	bcf	137,3,c	;volatile
   382   007ECA                     
   383                           ;main.c: 78:             _delay((unsigned long)((100)*(20000000/4000.0)));
   384   007ECA  0E03               	movlw	3
   385   007ECC  6E0E               	movwf	(??_main+1)^0,c
   386   007ECE  0E8A               	movlw	138
   387   007ED0  6E0D               	movwf	??_main^0,c
   388   007ED2  0E56               	movlw	86
   389   007ED4                     u257:
   390   007ED4  2EE8               	decfsz	wreg,f,c
   391   007ED6  D7FE               	bra	u257
   392   007ED8  2E0D               	decfsz	??_main^0,f,c
   393   007EDA  D7FC               	bra	u257
   394   007EDC  2E0E               	decfsz	(??_main+1)^0,f,c
   395   007EDE  D7FA               	bra	u257
   396   007EE0                     
   397                           ;main.c: 80:             Second_Digit = (Counter % 100)/10;
   398   007EE0  0E00               	movlw	0
   399   007EE2  6E04               	movwf	(___lwmod@divisor+1)^0,c
   400   007EE4  0E64               	movlw	100
   401   007EE6  6E03               	movwf	___lwmod@divisor^0,c
   402   007EE8  C01B  F001         	movff	_Counter,___lwmod@dividend
   403   007EEC  C01C  F002         	movff	_Counter+1,___lwmod@dividend+1
   404   007EF0  EC8F  F03E         	call	___lwmod	;wreg free
   405   007EF4  C001  F006         	movff	?___lwmod,___lwdiv@dividend
   406   007EF8  C002  F007         	movff	?___lwmod+1,___lwdiv@dividend+1
   407   007EFC  0E00               	movlw	0
   408   007EFE  6E09               	movwf	(___lwdiv@divisor+1)^0,c
   409   007F00  0E0A               	movlw	10
   410   007F02  6E08               	movwf	___lwdiv@divisor^0,c
   411   007F04  ECC1  F03E         	call	___lwdiv	;wreg free
   412   007F08  5006               	movf	?___lwdiv^0,w,c
   413   007F0A  6E20               	movwf	_Second_Digit^0,c
   414   007F0C                     
   415                           ;main.c: 81:             LATB = Number_Mapping[Second_Digit] ;
   416   007F0C  0E11               	movlw	low _Number_Mapping
   417   007F0E  2420               	addwf	_Second_Digit^0,w,c
   418   007F10  6ED9               	movwf	fsr2l,c
   419   007F12  6ADA               	clrf	fsr2h,c
   420   007F14  0E00               	movlw	high _Number_Mapping
   421   007F16  22DA               	addwfc	fsr2h,f,c
   422   007F18  50DF               	movf	indf2,w,c
   423   007F1A  6E8A               	movwf	138,c	;volatile
   424   007F1C                     
   425                           ;main.c: 82:             LATAbits.LATA0 = !1;
   426   007F1C  9089               	bcf	137,0,c	;volatile
   427   007F1E                     
   428                           ;main.c: 83:             LATAbits.LATA1 = 1;
   429   007F1E  8289               	bsf	137,1,c	;volatile
   430   007F20                     
   431                           ;main.c: 84:             LATAbits.LATA2 = !1;
   432   007F20  9489               	bcf	137,2,c	;volatile
   433   007F22                     
   434                           ;main.c: 85:             LATAbits.LATA3 = !1;
   435   007F22  9689               	bcf	137,3,c	;volatile
   436   007F24                     
   437                           ;main.c: 86:             _delay((unsigned long)((100)*(20000000/4000.0)));
   438   007F24  0E03               	movlw	3
   439   007F26  6E0E               	movwf	(??_main+1)^0,c
   440   007F28  0E8A               	movlw	138
   441   007F2A  6E0D               	movwf	??_main^0,c
   442   007F2C  0E56               	movlw	86
   443   007F2E                     u267:
   444   007F2E  2EE8               	decfsz	wreg,f,c
   445   007F30  D7FE               	bra	u267
   446   007F32  2E0D               	decfsz	??_main^0,f,c
   447   007F34  D7FC               	bra	u267
   448   007F36  2E0E               	decfsz	(??_main+1)^0,f,c
   449   007F38  D7FA               	bra	u267
   450   007F3A                     
   451                           ;main.c: 88:             Third_Digit = (Counter % 1000)/100;
   452   007F3A  0E03               	movlw	3
   453   007F3C  6E04               	movwf	(___lwmod@divisor+1)^0,c
   454   007F3E  0EE8               	movlw	232
   455   007F40  6E03               	movwf	___lwmod@divisor^0,c
   456   007F42  C01B  F001         	movff	_Counter,___lwmod@dividend
   457   007F46  C01C  F002         	movff	_Counter+1,___lwmod@dividend+1
   458   007F4A  EC8F  F03E         	call	___lwmod	;wreg free
   459   007F4E  C001  F006         	movff	?___lwmod,___lwdiv@dividend
   460   007F52  C002  F007         	movff	?___lwmod+1,___lwdiv@dividend+1
   461   007F56  0E00               	movlw	0
   462   007F58  6E09               	movwf	(___lwdiv@divisor+1)^0,c
   463   007F5A  0E64               	movlw	100
   464   007F5C  6E08               	movwf	___lwdiv@divisor^0,c
   465   007F5E  ECC1  F03E         	call	___lwdiv	;wreg free
   466   007F62  5006               	movf	?___lwdiv^0,w,c
   467   007F64  6E1F               	movwf	_Third_Digit^0,c
   468   007F66                     
   469                           ;main.c: 89:             LATB = Number_Mapping[Third_Digit] ;
   470   007F66  0E11               	movlw	low _Number_Mapping
   471   007F68  241F               	addwf	_Third_Digit^0,w,c
   472   007F6A  6ED9               	movwf	fsr2l,c
   473   007F6C  6ADA               	clrf	fsr2h,c
   474   007F6E  0E00               	movlw	high _Number_Mapping
   475   007F70  22DA               	addwfc	fsr2h,f,c
   476   007F72  50DF               	movf	indf2,w,c
   477   007F74  6E8A               	movwf	138,c	;volatile
   478   007F76                     
   479                           ;main.c: 90:             LATAbits.LATA0 = !1;
   480   007F76  9089               	bcf	137,0,c	;volatile
   481   007F78                     
   482                           ;main.c: 91:             LATAbits.LATA1 = !1;
   483   007F78  9289               	bcf	137,1,c	;volatile
   484   007F7A                     
   485                           ;main.c: 92:             LATAbits.LATA2 = 1;
   486   007F7A  8489               	bsf	137,2,c	;volatile
   487   007F7C                     
   488                           ;main.c: 93:             LATAbits.LATA3 = !1;
   489   007F7C  9689               	bcf	137,3,c	;volatile
   490   007F7E                     
   491                           ;main.c: 94:             _delay((unsigned long)((100)*(20000000/4000.0)));
   492   007F7E  0E03               	movlw	3
   493   007F80  6E0E               	movwf	(??_main+1)^0,c
   494   007F82  0E8A               	movlw	138
   495   007F84  6E0D               	movwf	??_main^0,c
   496   007F86  0E56               	movlw	86
   497   007F88                     u277:
   498   007F88  2EE8               	decfsz	wreg,f,c
   499   007F8A  D7FE               	bra	u277
   500   007F8C  2E0D               	decfsz	??_main^0,f,c
   501   007F8E  D7FC               	bra	u277
   502   007F90  2E0E               	decfsz	(??_main+1)^0,f,c
   503   007F92  D7FA               	bra	u277
   504   007F94                     
   505                           ;main.c: 96:             Fourth_Digit = Counter / 1000;
   506   007F94  C01B  F006         	movff	_Counter,___lwdiv@dividend
   507   007F98  C01C  F007         	movff	_Counter+1,___lwdiv@dividend+1
   508   007F9C  0E03               	movlw	3
   509   007F9E  6E09               	movwf	(___lwdiv@divisor+1)^0,c
   510   007FA0  0EE8               	movlw	232
   511   007FA2  6E08               	movwf	___lwdiv@divisor^0,c
   512   007FA4  ECC1  F03E         	call	___lwdiv	;wreg free
   513   007FA8  5006               	movf	?___lwdiv^0,w,c
   514   007FAA  6E1E               	movwf	_Fourth_Digit^0,c
   515   007FAC                     
   516                           ;main.c: 97:             LATB = Number_Mapping[Fourth_Digit] ;
   517   007FAC  0E11               	movlw	low _Number_Mapping
   518   007FAE  241E               	addwf	_Fourth_Digit^0,w,c
   519   007FB0  6ED9               	movwf	fsr2l,c
   520   007FB2  6ADA               	clrf	fsr2h,c
   521   007FB4  0E00               	movlw	high _Number_Mapping
   522   007FB6  22DA               	addwfc	fsr2h,f,c
   523   007FB8  50DF               	movf	indf2,w,c
   524   007FBA  6E8A               	movwf	138,c	;volatile
   525   007FBC                     
   526                           ;main.c: 98:             LATAbits.LATA0 = !1;
   527   007FBC  9089               	bcf	137,0,c	;volatile
   528   007FBE                     
   529                           ;main.c: 99:             LATAbits.LATA1 = !1;
   530   007FBE  9289               	bcf	137,1,c	;volatile
   531   007FC0                     
   532                           ;main.c: 100:             LATAbits.LATA2 = !1;
   533   007FC0  9489               	bcf	137,2,c	;volatile
   534   007FC2                     
   535                           ;main.c: 101:             LATAbits.LATA3 = 1;
   536   007FC2  8689               	bsf	137,3,c	;volatile
   537   007FC4                     
   538                           ;main.c: 102:             _delay((unsigned long)((100)*(20000000/4000.0)));
   539   007FC4  0E03               	movlw	3
   540   007FC6  6E0E               	movwf	(??_main+1)^0,c
   541   007FC8  0E8A               	movlw	138
   542   007FCA  6E0D               	movwf	??_main^0,c
   543   007FCC  0E56               	movlw	86
   544   007FCE                     u287:
   545   007FCE  2EE8               	decfsz	wreg,f,c
   546   007FD0  D7FE               	bra	u287
   547   007FD2  2E0D               	decfsz	??_main^0,f,c
   548   007FD4  D7FC               	bra	u287
   549   007FD6  2E0E               	decfsz	(??_main+1)^0,f,c
   550   007FD8  D7FA               	bra	u287
   551   007FDA                     l1028:
   552                           
   553                           ;main.c: 56:         while(Counter<=9999)
   554   007FDA  0E10               	movlw	16
   555   007FDC  5C1B               	subwf	_Counter^0,w,c
   556   007FDE  0E27               	movlw	39
   557   007FE0  581C               	subwfb	(_Counter+1)^0,w,c
   558   007FE2  A0D8               	btfss	status,0,c
   559   007FE4  EFF6  F03F         	goto	u221
   560   007FE8  EFF8  F03F         	goto	u220
   561   007FEC                     u221:
   562   007FEC  EF01  F03F         	goto	l83
   563   007FF0                     u220:
   564   007FF0                     
   565                           ;main.c: 104:         Counter=0;
   566   007FF0  0E00               	movlw	0
   567   007FF2  6E1C               	movwf	(_Counter+1)^0,c
   568   007FF4  0E00               	movlw	0
   569   007FF6  6E1B               	movwf	_Counter^0,c
   570   007FF8  EFED  F03F         	goto	l1028
   571   007FFC  EF00  F000         	goto	start
   572   008000                     __end_of_main:
   573                           	callstack 0
   574                           
   575 ;; *************** function ___lwmod *****************
   576 ;; Defined at:
   577 ;;		line 7 in file "C:\Program Files\Microchip\xc8\v2.41\pic\sources\c99\common\lwmod.c"
   578 ;; Parameters:    Size  Location     Type
   579 ;;  dividend        2    0[COMRAM] unsigned int 
   580 ;;  divisor         2    2[COMRAM] unsigned int 
   581 ;; Auto vars:     Size  Location     Type
   582 ;;  counter         1    4[COMRAM] unsigned char 
   583 ;; Return value:  Size  Location     Type
   584 ;;                  2    0[COMRAM] unsigned int 
   585 ;; Registers used:
   586 ;;		wreg, status,2, status,0
   587 ;; Tracked objects:
   588 ;;		On entry : 0/0
   589 ;;		On exit  : 0/0
   590 ;;		Unchanged: 0/0
   591 ;; Data sizes:     COMRAM   BANK0   BANK1   BANK2   BANK3   BANK4   BANK5
   592 ;;      Params:         4       0       0       0       0       0       0
   593 ;;      Locals:         1       0       0       0       0       0       0
   594 ;;      Temps:          0       0       0       0       0       0       0
   595 ;;      Totals:         5       0       0       0       0       0       0
   596 ;;Total ram usage:        5 bytes
   597 ;; Hardware stack levels used: 1
   598 ;; This function calls:
   599 ;;		Nothing
   600 ;; This function is called by:
   601 ;;		_main
   602 ;; This function uses a non-reentrant model
   603 ;;
   604                           
   605                           	psect	text1
   606   007D1E                     __ptext1:
   607                           	callstack 0
   608   007D1E                     ___lwmod:
   609                           	callstack 30
   610   007D1E  5003               	movf	___lwmod@divisor^0,w,c
   611   007D20  1004               	iorwf	(___lwmod@divisor+1)^0,w,c
   612   007D22  B4D8               	btfsc	status,2,c
   613   007D24  EF96  F03E         	goto	u151
   614   007D28  EF98  F03E         	goto	u150
   615   007D2C                     u151:
   616   007D2C  EFBC  F03E         	goto	l600
   617   007D30                     u150:
   618   007D30  0E01               	movlw	1
   619   007D32  6E05               	movwf	___lwmod@counter^0,c
   620   007D34  EFA0  F03E         	goto	l946
   621   007D38                     l944:
   622   007D38  90D8               	bcf	status,0,c
   623   007D3A  3603               	rlcf	___lwmod@divisor^0,f,c
   624   007D3C  3604               	rlcf	(___lwmod@divisor+1)^0,f,c
   625   007D3E  2A05               	incf	___lwmod@counter^0,f,c
   626   007D40                     l946:
   627   007D40  AE04               	btfss	(___lwmod@divisor+1)^0,7,c
   628   007D42  EFA5  F03E         	goto	u161
   629   007D46  EFA7  F03E         	goto	u160
   630   007D4A                     u161:
   631   007D4A  EF9C  F03E         	goto	l944
   632   007D4E                     u160:
   633   007D4E                     l948:
   634   007D4E  5003               	movf	___lwmod@divisor^0,w,c
   635   007D50  5C01               	subwf	___lwmod@dividend^0,w,c
   636   007D52  5004               	movf	(___lwmod@divisor+1)^0,w,c
   637   007D54  5802               	subwfb	(___lwmod@dividend+1)^0,w,c
   638   007D56  A0D8               	btfss	status,0,c
   639   007D58  EFB0  F03E         	goto	u171
   640   007D5C  EFB2  F03E         	goto	u170
   641   007D60                     u171:
   642   007D60  EFB6  F03E         	goto	l952
   643   007D64                     u170:
   644   007D64  5003               	movf	___lwmod@divisor^0,w,c
   645   007D66  5E01               	subwf	___lwmod@dividend^0,f,c
   646   007D68  5004               	movf	(___lwmod@divisor+1)^0,w,c
   647   007D6A  5A02               	subwfb	(___lwmod@dividend+1)^0,f,c
   648   007D6C                     l952:
   649   007D6C  90D8               	bcf	status,0,c
   650   007D6E  3204               	rrcf	(___lwmod@divisor+1)^0,f,c
   651   007D70  3203               	rrcf	___lwmod@divisor^0,f,c
   652   007D72  2E05               	decfsz	___lwmod@counter^0,f,c
   653   007D74  EFA7  F03E         	goto	l948
   654   007D78                     l600:
   655   007D78  C001  F001         	movff	___lwmod@dividend,?___lwmod
   656   007D7C  C002  F002         	movff	___lwmod@dividend+1,?___lwmod+1
   657   007D80  0012               	return		;funcret
   658   007D82                     __end_of___lwmod:
   659                           	callstack 0
   660                           
   661 ;; *************** function ___lwdiv *****************
   662 ;; Defined at:
   663 ;;		line 7 in file "C:\Program Files\Microchip\xc8\v2.41\pic\sources\c99\common\lwdiv.c"
   664 ;; Parameters:    Size  Location     Type
   665 ;;  dividend        2    5[COMRAM] unsigned int 
   666 ;;  divisor         2    7[COMRAM] unsigned int 
   667 ;; Auto vars:     Size  Location     Type
   668 ;;  quotient        2    9[COMRAM] unsigned int 
   669 ;;  counter         1   11[COMRAM] unsigned char 
   670 ;; Return value:  Size  Location     Type
   671 ;;                  2    5[COMRAM] unsigned int 
   672 ;; Registers used:
   673 ;;		wreg, status,2, status,0
   674 ;; Tracked objects:
   675 ;;		On entry : 0/0
   676 ;;		On exit  : 0/0
   677 ;;		Unchanged: 0/0
   678 ;; Data sizes:     COMRAM   BANK0   BANK1   BANK2   BANK3   BANK4   BANK5
   679 ;;      Params:         4       0       0       0       0       0       0
   680 ;;      Locals:         3       0       0       0       0       0       0
   681 ;;      Temps:          0       0       0       0       0       0       0
   682 ;;      Totals:         7       0       0       0       0       0       0
   683 ;;Total ram usage:        7 bytes
   684 ;; Hardware stack levels used: 1
   685 ;; This function calls:
   686 ;;		Nothing
   687 ;; This function is called by:
   688 ;;		_main
   689 ;; This function uses a non-reentrant model
   690 ;;
   691                           
   692                           	psect	text2
   693   007D82                     __ptext2:
   694                           	callstack 0
   695   007D82                     ___lwdiv:
   696                           	callstack 30
   697   007D82  0E00               	movlw	0
   698   007D84  6E0B               	movwf	(___lwdiv@quotient+1)^0,c
   699   007D86  0E00               	movlw	0
   700   007D88  6E0A               	movwf	___lwdiv@quotient^0,c
   701   007D8A  5008               	movf	___lwdiv@divisor^0,w,c
   702   007D8C  1009               	iorwf	(___lwdiv@divisor+1)^0,w,c
   703   007D8E  B4D8               	btfsc	status,2,c
   704   007D90  EFCC  F03E         	goto	u121
   705   007D94  EFCE  F03E         	goto	u120
   706   007D98                     u121:
   707   007D98  EFF6  F03E         	goto	l590
   708   007D9C                     u120:
   709   007D9C  0E01               	movlw	1
   710   007D9E  6E0C               	movwf	___lwdiv@counter^0,c
   711   007DA0  EFD6  F03E         	goto	l926
   712   007DA4                     l924:
   713   007DA4  90D8               	bcf	status,0,c
   714   007DA6  3608               	rlcf	___lwdiv@divisor^0,f,c
   715   007DA8  3609               	rlcf	(___lwdiv@divisor+1)^0,f,c
   716   007DAA  2A0C               	incf	___lwdiv@counter^0,f,c
   717   007DAC                     l926:
   718   007DAC  AE09               	btfss	(___lwdiv@divisor+1)^0,7,c
   719   007DAE  EFDB  F03E         	goto	u131
   720   007DB2  EFDD  F03E         	goto	u130
   721   007DB6                     u131:
   722   007DB6  EFD2  F03E         	goto	l924
   723   007DBA                     u130:
   724   007DBA                     l928:
   725   007DBA  90D8               	bcf	status,0,c
   726   007DBC  360A               	rlcf	___lwdiv@quotient^0,f,c
   727   007DBE  360B               	rlcf	(___lwdiv@quotient+1)^0,f,c
   728   007DC0  5008               	movf	___lwdiv@divisor^0,w,c
   729   007DC2  5C06               	subwf	___lwdiv@dividend^0,w,c
   730   007DC4  5009               	movf	(___lwdiv@divisor+1)^0,w,c
   731   007DC6  5807               	subwfb	(___lwdiv@dividend+1)^0,w,c
   732   007DC8  A0D8               	btfss	status,0,c
   733   007DCA  EFE9  F03E         	goto	u141
   734   007DCE  EFEB  F03E         	goto	u140
   735   007DD2                     u141:
   736   007DD2  EFF0  F03E         	goto	l936
   737   007DD6                     u140:
   738   007DD6  5008               	movf	___lwdiv@divisor^0,w,c
   739   007DD8  5E06               	subwf	___lwdiv@dividend^0,f,c
   740   007DDA  5009               	movf	(___lwdiv@divisor+1)^0,w,c
   741   007DDC  5A07               	subwfb	(___lwdiv@dividend+1)^0,f,c
   742   007DDE  800A               	bsf	___lwdiv@quotient^0,0,c
   743   007DE0                     l936:
   744   007DE0  90D8               	bcf	status,0,c
   745   007DE2  3209               	rrcf	(___lwdiv@divisor+1)^0,f,c
   746   007DE4  3208               	rrcf	___lwdiv@divisor^0,f,c
   747   007DE6  2E0C               	decfsz	___lwdiv@counter^0,f,c
   748   007DE8  EFDD  F03E         	goto	l928
   749   007DEC                     l590:
   750   007DEC  C00A  F006         	movff	___lwdiv@quotient,?___lwdiv
   751   007DF0  C00B  F007         	movff	___lwdiv@quotient+1,?___lwdiv+1
   752   007DF4  0012               	return		;funcret
   753   007DF6                     __end_of___lwdiv:
   754                           	callstack 0
   755                           
   756 ;; *************** function _SYSTEM_Initialize *****************
   757 ;; Defined at:
   758 ;;		line 50 in file "mcc_generated_files/mcc.c"
   759 ;; Parameters:    Size  Location     Type
   760 ;;		None
   761 ;; Auto vars:     Size  Location     Type
   762 ;;		None
   763 ;; Return value:  Size  Location     Type
   764 ;;                  1    wreg      void 
   765 ;; Registers used:
   766 ;;		wreg, status,2, cstack
   767 ;; Tracked objects:
   768 ;;		On entry : 0/0
   769 ;;		On exit  : 0/0
   770 ;;		Unchanged: 0/0
   771 ;; Data sizes:     COMRAM   BANK0   BANK1   BANK2   BANK3   BANK4   BANK5
   772 ;;      Params:         0       0       0       0       0       0       0
   773 ;;      Locals:         0       0       0       0       0       0       0
   774 ;;      Temps:          0       0       0       0       0       0       0
   775 ;;      Totals:         0       0       0       0       0       0       0
   776 ;;Total ram usage:        0 bytes
   777 ;; Hardware stack levels used: 1
   778 ;; Hardware stack levels required when called: 1
   779 ;; This function calls:
   780 ;;		_OSCILLATOR_Initialize
   781 ;;		_PIN_MANAGER_Initialize
   782 ;; This function is called by:
   783 ;;		_main
   784 ;; This function uses a non-reentrant model
   785 ;;
   786                           
   787                           	psect	text3
   788   007CA6                     __ptext3:
   789                           	callstack 0
   790   007CA6                     _SYSTEM_Initialize:
   791                           	callstack 29
   792   007CA6                     
   793                           ;mcc_generated_files/mcc.c: 53:     PIN_MANAGER_Initialize();
   794   007CA6  EC5D  F03E         	call	_PIN_MANAGER_Initialize	;wreg free
   795                           
   796                           ;mcc_generated_files/mcc.c: 54:     OSCILLATOR_Initialize();
   797   007CAA  EC4E  F03E         	call	_OSCILLATOR_Initialize	;wreg free
   798   007CAE  0012               	return		;funcret
   799   007CB0                     __end_of_SYSTEM_Initialize:
   800                           	callstack 0
   801                           
   802 ;; *************** function _PIN_MANAGER_Initialize *****************
   803 ;; Defined at:
   804 ;;		line 55 in file "mcc_generated_files/pin_manager.c"
   805 ;; Parameters:    Size  Location     Type
   806 ;;		None
   807 ;; Auto vars:     Size  Location     Type
   808 ;;		None
   809 ;; Return value:  Size  Location     Type
   810 ;;                  1    wreg      void 
   811 ;; Registers used:
   812 ;;		wreg, status,2
   813 ;; Tracked objects:
   814 ;;		On entry : 0/0
   815 ;;		On exit  : 0/0
   816 ;;		Unchanged: 0/0
   817 ;; Data sizes:     COMRAM   BANK0   BANK1   BANK2   BANK3   BANK4   BANK5
   818 ;;      Params:         0       0       0       0       0       0       0
   819 ;;      Locals:         0       0       0       0       0       0       0
   820 ;;      Temps:          0       0       0       0       0       0       0
   821 ;;      Totals:         0       0       0       0       0       0       0
   822 ;;Total ram usage:        0 bytes
   823 ;; Hardware stack levels used: 1
   824 ;; This function calls:
   825 ;;		Nothing
   826 ;; This function is called by:
   827 ;;		_SYSTEM_Initialize
   828 ;; This function uses a non-reentrant model
   829 ;;
   830                           
   831                           	psect	text4
   832   007CBA                     __ptext4:
   833                           	callstack 0
   834   007CBA                     _PIN_MANAGER_Initialize:
   835                           	callstack 29
   836   007CBA                     
   837                           ;mcc_generated_files/pin_manager.c: 60:     LATE = 0x00;
   838   007CBA  0E00               	movlw	0
   839   007CBC  6E8D               	movwf	141,c	;volatile
   840                           
   841                           ;mcc_generated_files/pin_manager.c: 61:     LATD = 0x00;
   842   007CBE  0E00               	movlw	0
   843   007CC0  6E8C               	movwf	140,c	;volatile
   844                           
   845                           ;mcc_generated_files/pin_manager.c: 62:     LATA = 0x00;
   846   007CC2  0E00               	movlw	0
   847   007CC4  6E89               	movwf	137,c	;volatile
   848                           
   849                           ;mcc_generated_files/pin_manager.c: 63:     LATB = 0x80;
   850   007CC6  0E80               	movlw	128
   851   007CC8  6E8A               	movwf	138,c	;volatile
   852                           
   853                           ;mcc_generated_files/pin_manager.c: 64:     LATC = 0x00;
   854   007CCA  0E00               	movlw	0
   855   007CCC  6E8B               	movwf	139,c	;volatile
   856                           
   857                           ;mcc_generated_files/pin_manager.c: 69:     TRISE = 0x07;
   858   007CCE  0E07               	movlw	7
   859   007CD0  6E96               	movwf	150,c	;volatile
   860                           
   861                           ;mcc_generated_files/pin_manager.c: 70:     TRISA = 0xD0;
   862   007CD2  0ED0               	movlw	208
   863   007CD4  6E92               	movwf	146,c	;volatile
   864                           
   865                           ;mcc_generated_files/pin_manager.c: 71:     TRISB = 0x00;
   866   007CD6  0E00               	movlw	0
   867   007CD8  6E93               	movwf	147,c	;volatile
   868   007CDA                     
   869                           ;mcc_generated_files/pin_manager.c: 72:     TRISC = 0xFF;
   870   007CDA  6894               	setf	148,c	;volatile
   871   007CDC                     
   872                           ;mcc_generated_files/pin_manager.c: 73:     TRISD = 0xFF;
   873   007CDC  6895               	setf	149,c	;volatile
   874   007CDE                     
   875                           ;mcc_generated_files/pin_manager.c: 78:     ANSEL = 0xFF;
   876   007CDE  687E               	setf	126,c	;volatile
   877                           
   878                           ;mcc_generated_files/pin_manager.c: 79:     ANSELH = 0x1F;
   879   007CE0  0E1F               	movlw	31
   880   007CE2  6E7F               	movwf	127,c	;volatile
   881                           
   882                           ;mcc_generated_files/pin_manager.c: 84:     WPUB = 0x00;
   883   007CE4  0E00               	movlw	0
   884   007CE6  6E7C               	movwf	124,c	;volatile
   885   007CE8                     
   886                           ;mcc_generated_files/pin_manager.c: 85:     INTCON2bits.nRBPU = 1;
   887   007CE8  8EF1               	bsf	241,7,c	;volatile
   888   007CEA  0012               	return		;funcret
   889   007CEC                     __end_of_PIN_MANAGER_Initialize:
   890                           	callstack 0
   891                           
   892 ;; *************** function _OSCILLATOR_Initialize *****************
   893 ;; Defined at:
   894 ;;		line 57 in file "mcc_generated_files/mcc.c"
   895 ;; Parameters:    Size  Location     Type
   896 ;;		None
   897 ;; Auto vars:     Size  Location     Type
   898 ;;		None
   899 ;; Return value:  Size  Location     Type
   900 ;;                  1    wreg      void 
   901 ;; Registers used:
   902 ;;		wreg, status,2
   903 ;; Tracked objects:
   904 ;;		On entry : 0/0
   905 ;;		On exit  : 0/0
   906 ;;		Unchanged: 0/0
   907 ;; Data sizes:     COMRAM   BANK0   BANK1   BANK2   BANK3   BANK4   BANK5
   908 ;;      Params:         0       0       0       0       0       0       0
   909 ;;      Locals:         0       0       0       0       0       0       0
   910 ;;      Temps:          0       0       0       0       0       0       0
   911 ;;      Totals:         0       0       0       0       0       0       0
   912 ;;Total ram usage:        0 bytes
   913 ;; Hardware stack levels used: 1
   914 ;; This function calls:
   915 ;;		Nothing
   916 ;; This function is called by:
   917 ;;		_SYSTEM_Initialize
   918 ;; This function uses a non-reentrant model
   919 ;;
   920                           
   921                           	psect	text5
   922   007C9C                     __ptext5:
   923                           	callstack 0
   924   007C9C                     _OSCILLATOR_Initialize:
   925                           	callstack 29
   926   007C9C                     
   927                           ;mcc_generated_files/mcc.c: 60:     OSCCON = 0x30;
   928   007C9C  0E30               	movlw	48
   929   007C9E  6ED3               	movwf	211,c	;volatile
   930                           
   931                           ;mcc_generated_files/mcc.c: 62:     OSCTUNE = 0x00;
   932   007CA0  0E00               	movlw	0
   933   007CA2  6E9B               	movwf	155,c	;volatile
   934   007CA4  0012               	return		;funcret
   935   007CA6                     __end_of_OSCILLATOR_Initialize:
   936                           	callstack 0
   937                           
   938 ;; *************** function _PIN_MANAGER_IOC *****************
   939 ;; Defined at:
   940 ;;		line 96 in file "mcc_generated_files/pin_manager.c"
   941 ;; Parameters:    Size  Location     Type
   942 ;;		None
   943 ;; Auto vars:     Size  Location     Type
   944 ;;		None
   945 ;; Return value:  Size  Location     Type
   946 ;;                  1    wreg      void 
   947 ;; Registers used:
   948 ;;		None
   949 ;; Tracked objects:
   950 ;;		On entry : 0/0
   951 ;;		On exit  : 0/0
   952 ;;		Unchanged: 0/0
   953 ;; Data sizes:     COMRAM   BANK0   BANK1   BANK2   BANK3   BANK4   BANK5
   954 ;;      Params:         0       0       0       0       0       0       0
   955 ;;      Locals:         0       0       0       0       0       0       0
   956 ;;      Temps:          0       0       0       0       0       0       0
   957 ;;      Totals:         0       0       0       0       0       0       0
   958 ;;Total ram usage:        0 bytes
   959 ;; Hardware stack levels used: 1
   960 ;; This function calls:
   961 ;;		Nothing
   962 ;; This function is called by:
   963 ;;		_main
   964 ;; This function uses a non-reentrant model
   965 ;;
   966                           
   967                           	psect	text6
   968   007C98                     __ptext6:
   969                           	callstack 0
   970   007C98                     _PIN_MANAGER_IOC:
   971                           	callstack 30
   972   007C98                     
   973                           ;mcc_generated_files/pin_manager.c: 99:     INTCONbits.RBIF = 0;
   974   007C98  90F2               	bcf	242,0,c	;volatile
   975   007C9A  0012               	return		;funcret
   976   007C9C                     __end_of_PIN_MANAGER_IOC:
   977                           	callstack 0
   978   000000                     
   979                           	psect	rparam
   980   000000                     
   981                           	psect	idloc
   982                           
   983                           ;Config register IDLOC0 @ 0x200000
   984                           ;	unspecified, using default values
   985   200000                     	org	2097152
   986   200000  FF                 	db	255
   987                           
   988                           ;Config register IDLOC1 @ 0x200001
   989                           ;	unspecified, using default values
   990   200001                     	org	2097153
   991   200001  FF                 	db	255
   992                           
   993                           ;Config register IDLOC2 @ 0x200002
   994                           ;	unspecified, using default values
   995   200002                     	org	2097154
   996   200002  FF                 	db	255
   997                           
   998                           ;Config register IDLOC3 @ 0x200003
   999                           ;	unspecified, using default values
  1000   200003                     	org	2097155
  1001   200003  FF                 	db	255
  1002                           
  1003                           ;Config register IDLOC4 @ 0x200004
  1004                           ;	unspecified, using default values
  1005   200004                     	org	2097156
  1006   200004  FF                 	db	255
  1007                           
  1008                           ;Config register IDLOC5 @ 0x200005
  1009                           ;	unspecified, using default values
  1010   200005                     	org	2097157
  1011   200005  FF                 	db	255
  1012                           
  1013                           ;Config register IDLOC6 @ 0x200006
  1014                           ;	unspecified, using default values
  1015   200006                     	org	2097158
  1016   200006  FF                 	db	255
  1017                           
  1018                           ;Config register IDLOC7 @ 0x200007
  1019                           ;	unspecified, using default values
  1020   200007                     	org	2097159
  1021   200007  FF                 	db	255
  1022                           
  1023                           	psect	config
  1024                           
  1025                           ; Padding undefined space
  1026   300000                     	org	3145728
  1027   300000  FF                 	db	255
  1028                           
  1029                           ;Config register CONFIG1H @ 0x300001
  1030                           ;	Oscillator Selection bits
  1031                           ;	FOSC = HS, HS oscillator
  1032                           ;	Fail-Safe Clock Monitor Enable bit
  1033                           ;	FCMEN = OFF, Fail-Safe Clock Monitor disabled
  1034                           ;	Internal/External Oscillator Switchover bit
  1035                           ;	IESO = OFF, Oscillator Switchover mode disabled
  1036   300001                     	org	3145729
  1037   300001  02                 	db	2
  1038                           
  1039                           ;Config register CONFIG2L @ 0x300002
  1040                           ;	Power-up Timer Enable bit
  1041                           ;	PWRT = OFF, PWRT disabled
  1042                           ;	Brown-out Reset Enable bits
  1043                           ;	BOREN = SBORDIS, Brown-out Reset enabled in hardware only (SBOREN is disabled)
  1044                           ;	Brown Out Reset Voltage bits
  1045                           ;	BORV = 18, VBOR set to 1.8 V nominal
  1046   300002                     	org	3145730
  1047   300002  1F                 	db	31
  1048                           
  1049                           ;Config register CONFIG2H @ 0x300003
  1050                           ;	Watchdog Timer Enable bit
  1051                           ;	WDTEN = OFF, WDT is controlled by SWDTEN bit of the WDTCON register
  1052                           ;	Watchdog Timer Postscale Select bits
  1053                           ;	WDTPS = 32768, 1:32768
  1054   300003                     	org	3145731
  1055   300003  1E                 	db	30
  1056                           
  1057                           ; Padding undefined space
  1058   300004                     	org	3145732
  1059   300004  FF                 	db	255
  1060                           
  1061                           ;Config register CONFIG3H @ 0x300005
  1062                           ;	CCP2 MUX bit
  1063                           ;	CCP2MX = PORTC, CCP2 input/output is multiplexed with RC1
  1064                           ;	PORTB A/D Enable bit
  1065                           ;	PBADEN = ON, PORTB<4:0> pins are configured as analog input channels on Reset
  1066                           ;	Low-Power Timer1 Oscillator Enable bit
  1067                           ;	LPT1OSC = OFF, Timer1 configured for higher power operation
  1068                           ;	HFINTOSC Fast Start-up
  1069                           ;	HFOFST = ON, HFINTOSC starts clocking the CPU without waiting for the oscillator to st
      +                          ablize.
  1070                           ;	MCLR Pin Enable bit
  1071                           ;	MCLRE = ON, MCLR pin enabled; RE3 input pin disabled
  1072   300005                     	org	3145733
  1073   300005  8B                 	db	139
  1074                           
  1075                           ;Config register CONFIG4L @ 0x300006
  1076                           ;	Stack Full/Underflow Reset Enable bit
  1077                           ;	STVREN = ON, Stack full/underflow will cause Reset
  1078                           ;	Single-Supply ICSP Enable bit
  1079                           ;	LVP = OFF, Single-Supply ICSP disabled
  1080                           ;	Extended Instruction Set Enable bit
  1081                           ;	XINST = OFF, Instruction set extension and Indexed Addressing mode disabled (Legacy mo
      +                          de)
  1082                           ;	Background Debugger Enable bit
  1083                           ;	DEBUG = OFF, Background debugger disabled, RB6 and RB7 configured as general purpose I
      +                          /O pins
  1084   300006                     	org	3145734
  1085   300006  81                 	db	129
  1086                           
  1087                           ; Padding undefined space
  1088   300007                     	org	3145735
  1089   300007  FF                 	db	255
  1090                           
  1091                           ;Config register CONFIG5L @ 0x300008
  1092                           ;	Code Protection Block 0
  1093                           ;	CP0 = OFF, Block 0 (000800-001FFFh) not code-protected
  1094                           ;	Code Protection Block 1
  1095                           ;	CP1 = OFF, Block 1 (002000-003FFFh) not code-protected
  1096                           ;	Code Protection Block 2
  1097                           ;	CP2 = OFF, Block 2 (004000-005FFFh) not code-protected
  1098                           ;	Code Protection Block 3
  1099                           ;	CP3 = OFF, Block 3 (006000-007FFFh) not code-protected
  1100   300008                     	org	3145736
  1101   300008  0F                 	db	15
  1102                           
  1103                           ;Config register CONFIG5H @ 0x300009
  1104                           ;	Boot Block Code Protection bit
  1105                           ;	CPB = OFF, Boot block (000000-0007FFh) not code-protected
  1106                           ;	Data EEPROM Code Protection bit
  1107                           ;	CPD = OFF, Data EEPROM not code-protected
  1108   300009                     	org	3145737
  1109   300009  C0                 	db	192
  1110                           
  1111                           ;Config register CONFIG6L @ 0x30000A
  1112                           ;	Write Protection Block 0
  1113                           ;	WRT0 = OFF, Block 0 (000800-001FFFh) not write-protected
  1114                           ;	Write Protection Block 1
  1115                           ;	WRT1 = OFF, Block 1 (002000-003FFFh) not write-protected
  1116                           ;	Write Protection Block 2
  1117                           ;	WRT2 = OFF, Block 2 (004000-005FFFh) not write-protected
  1118                           ;	Write Protection Block 3
  1119                           ;	WRT3 = OFF, Block 3 (006000-007FFFh) not write-protected
  1120   30000A                     	org	3145738
  1121   30000A  0F                 	db	15
  1122                           
  1123                           ;Config register CONFIG6H @ 0x30000B
  1124                           ;	Configuration Register Write Protection bit
  1125                           ;	WRTC = OFF, Configuration registers (300000-3000FFh) not write-protected
  1126                           ;	Boot Block Write Protection bit
  1127                           ;	WRTB = OFF, Boot Block (000000-0007FFh) not write-protected
  1128                           ;	Data EEPROM Write Protection bit
  1129                           ;	WRTD = OFF, Data EEPROM not write-protected
  1130   30000B                     	org	3145739
  1131   30000B  E0                 	db	224
  1132                           
  1133                           ;Config register CONFIG7L @ 0x30000C
  1134                           ;	Table Read Protection Block 0
  1135                           ;	EBTR0 = OFF, Block 0 (000800-001FFFh) not protected from table reads executed in other
      +                           blocks
  1136                           ;	Table Read Protection Block 1
  1137                           ;	EBTR1 = OFF, Block 1 (002000-003FFFh) not protected from table reads executed in other
      +                           blocks
  1138                           ;	Table Read Protection Block 2
  1139                           ;	EBTR2 = OFF, Block 2 (004000-005FFFh) not protected from table reads executed in other
      +                           blocks
  1140                           ;	Table Read Protection Block 3
  1141                           ;	EBTR3 = OFF, Block 3 (006000-007FFFh) not protected from table reads executed in other
      +                           blocks
  1142   30000C                     	org	3145740
  1143   30000C  0F                 	db	15
  1144                           
  1145                           ;Config register CONFIG7H @ 0x30000D
  1146                           ;	Boot Block Table Read Protection bit
  1147                           ;	EBTRB = OFF, Boot Block (000000-0007FFh) not protected from table reads executed in ot
      +                          her blocks
  1148   30000D                     	org	3145741
  1149   30000D  40                 	db	64
  1150                           tosu	equ	0xFFF
  1151                           tosh	equ	0xFFE
  1152                           tosl	equ	0xFFD
  1153                           stkptr	equ	0xFFC
  1154                           pclatu	equ	0xFFB
  1155                           pclath	equ	0xFFA
  1156                           pcl	equ	0xFF9
  1157                           tblptru	equ	0xFF8
  1158                           tblptrh	equ	0xFF7
  1159                           tblptrl	equ	0xFF6
  1160                           tablat	equ	0xFF5
  1161                           prodh	equ	0xFF4
  1162                           prodl	equ	0xFF3
  1163                           indf0	equ	0xFEF
  1164                           postinc0	equ	0xFEE
  1165                           postdec0	equ	0xFED
  1166                           preinc0	equ	0xFEC
  1167                           plusw0	equ	0xFEB
  1168                           fsr0h	equ	0xFEA
  1169                           fsr0l	equ	0xFE9
  1170                           wreg	equ	0xFE8
  1171                           indf1	equ	0xFE7
  1172                           postinc1	equ	0xFE6
  1173                           postdec1	equ	0xFE5
  1174                           preinc1	equ	0xFE4
  1175                           plusw1	equ	0xFE3
  1176                           fsr1h	equ	0xFE2
  1177                           fsr1l	equ	0xFE1
  1178                           bsr	equ	0xFE0
  1179                           indf2	equ	0xFDF
  1180                           postinc2	equ	0xFDE
  1181                           postdec2	equ	0xFDD
  1182                           preinc2	equ	0xFDC
  1183                           plusw2	equ	0xFDB
  1184                           fsr2h	equ	0xFDA
  1185                           fsr2l	equ	0xFD9
  1186                           status	equ	0xFD8

Data Sizes:
    Strings     0
    Constant    0
    Data        10
    BSS         7
    Persistent  0
    Stack       0

Auto Spaces:
    Space          Size  Autos    Used
    COMRAM           95     16      33
    BANK0           160      0       0
    BANK1           256      0       0
    BANK2           256      0       0
    BANK3           256      0       0
    BANK4           256      0       0
    BANK5           256      0       0

Pointer List with Targets:

    None.

Critical Paths under _main in COMRAM

    _main->___lwdiv
    ___lwdiv->___lwmod

Critical Paths under _main in BANK0

    None.

Critical Paths under _main in BANK1

    None.

Critical Paths under _main in BANK2

    None.

Critical Paths under _main in BANK3

    None.

Critical Paths under _main in BANK4

    None.

Critical Paths under _main in BANK5

    None.

Call Graph Tables:

 ---------------------------------------------------------------------------------
 (Depth) Function   	        Calls       Base Space   Used Autos Params    Refs
 ---------------------------------------------------------------------------------
 (0) _main                                                 4     4      0    1408
                                             12 COMRAM     4     4      0
                    _PIN_MANAGER_IOC
                  _SYSTEM_Initialize
                            ___lwdiv
                            ___lwmod
 ---------------------------------------------------------------------------------
 (1) ___lwmod                                              5     1      4     767
                                              0 COMRAM     5     1      4
 ---------------------------------------------------------------------------------
 (1) ___lwdiv                                              7     3      4     618
                                              5 COMRAM     7     3      4
                            ___lwmod (ARG)
 ---------------------------------------------------------------------------------
 (1) _SYSTEM_Initialize                                    0     0      0       0
              _OSCILLATOR_Initialize
             _PIN_MANAGER_Initialize
 ---------------------------------------------------------------------------------
 (2) _PIN_MANAGER_Initialize                               0     0      0       0
 ---------------------------------------------------------------------------------
 (2) _OSCILLATOR_Initialize                                0     0      0       0
 ---------------------------------------------------------------------------------
 (1) _PIN_MANAGER_IOC                                      0     0      0       0
 ---------------------------------------------------------------------------------
 Estimated maximum stack depth 2
 ---------------------------------------------------------------------------------

 Call Graph Graphs:

 _main (ROOT)
   _PIN_MANAGER_IOC
   _SYSTEM_Initialize
     _OSCILLATOR_Initialize
     _PIN_MANAGER_Initialize
   ___lwdiv
     ___lwmod (ARG)
   ___lwmod

 Address spaces:
Name               Size   Autos  Total    Cost      Usage
BIGRAM             5FF      0       0      26        0.0%
EEDATA             100      0       0       0        0.0%
BITBANK5           100      0       0      14        0.0%
BANK5              100      0       0      15        0.0%
BITBANK4           100      0       0      12        0.0%
BANK4              100      0       0      13        0.0%
BITBANK3           100      0       0      10        0.0%
BANK3              100      0       0      11        0.0%
BITBANK2           100      0       0       8        0.0%
BANK2              100      0       0       9        0.0%
BITBANK1           100      0       0       6        0.0%
BANK1              100      0       0       7        0.0%
BITBANK0            A0      0       0       4        0.0%
BANK0               A0      0       0       5        0.0%
BITCOMRAM           5F      0       0       0        0.0%
COMRAM              5F     10      21       1       34.7%
BITBIGSFRlh         37      0       0      18        0.0%
BITBIGSFRhl         1D      0       0      17        0.0%
BITBIGSFRllllll     1C      0       0      24        0.0%
BITBIGSFRhh          D      0       0      16        0.0%
BITBIGSFRllllhh      5      0       0      21        0.0%
BITBIGSFRllhh        4      0       0      19        0.0%
BITBIGSFRllhll       4      0       0      20        0.0%
BITBIGSFRllllhl      3      0       0      22        0.0%
BITBIGSFRlllllh      1      0       0      23        0.0%
BIGSFR               0      0       0     200        0.0%
BITSFR               0      0       0     200        0.0%
SFR                  0      0       0     200        0.0%
STACK                0      0       0       2        0.0%
NULL                 0      0       0       0        0.0%
ABS                  0      0      21      25        0.0%
DATA                 0      0      21       3        0.0%
CODE                 0      0       0       0        0.0%


Microchip Technology PIC18 Macro Assembler V2.41 build 20230208172133 
Symbol Table                                                                                   Sun Jul 09 12:41:47 2023

                            l11 7CAE                              l14 7CA4                              l50 7C9A  
                            l47 7CEA                              l90 7E68                              l83 7E02  
                            l84 7E40                              l85 7E2A                             l600 7D78  
                           l607 7D80                             l910 7CE8                             l902 7CBA  
                           l590 7DEC                             l912 7C9C                             l904 7CDA  
                           l920 7D8A                             l906 7CDC                             l914 7CA6  
                           l930 7DC0                             l922 7D9C                             l916 7C98  
                           l908 7CDE                             l932 7DD6                             l924 7DA4  
                           l940 7D1E                             l597 7DF4                             l934 7DDE  
                           l926 7DAC                             l918 7D82                             l950 7D64  
                           l942 7D30                             l936 7DE0                             l928 7DBA  
                           l952 7D6C                             l944 7D38                             l960 7E10  
                           l938 7DE6                             l954 7D72                             l946 7D40  
                           l970 7E7E                             l962 7E38                             l948 7D4E  
                           l980 7EC6                             l972 7E9A                             l964 7E4E  
                           l956 7DF6                             l990 7F1C                             l982 7EC8  
                           l974 7EB2                             l966 7E76                             l958 7DFA  
                           l992 7F1E                             l984 7ECA                             l976 7EC2  
                           l968 7E7C                             l994 7F20                             l986 7EE0  
                           l978 7EC4                             l996 7F22                             l988 7F0C  
                           l998 7F24                             u120 7D9C                             u200 7E4E  
                           u121 7D98                             u201 7E4A                             u130 7DBA  
                           u210 7E76                             u131 7DB6                             u211 7E72  
                           u140 7DD6                             u220 7FF0                             u141 7DD2  
                           u221 7FEC                             u150 7D30                             u151 7D2C  
                           u160 7D4E                             u161 7D4A                             u170 7D64  
                           u171 7D60                             u180 7E10                             u237 7E1A  
                           u181 7E0C                             u190 7E38                             u247 7E58  
                           u191 7E34                             _RAM 001D                             u257 7ED4  
                           u267 7F2E                             u277 7F88                             u287 7FCE  
                           wreg 0FE8                            l1000 7F3A                            l1010 7F7C  
                          l1002 7F66                            l1020 7FBE                            l1012 7F7E  
                          l1004 7F76                            l1030 7FF0                            l1022 7FC0  
                          l1014 7F94                            l1006 7F78                            l1024 7FC2  
                          l1016 7FAC                            l1008 7F7A                            l1026 7FC4  
                          l1018 7FBC                            l1028 7FDA                            _LATA 0F89  
                          _LATB 0F8A                            _LATC 0F8B                            _LATD 0F8C  
                          _LATE 0F8D                            _WPUB 0F7C                            _main 7DF6  
                          indf2 0FDF                            fsr1l 0FE1                            fsr2l 0FD9  
                          start 0000                    ___param_bank 0000   __end_of_OSCILLATOR_Initialize 7CA6  
                         ?_main 0001                           _ANSEL 0F7E                 __end_of___lwdiv 7DF6  
               __end_of___lwmod 7D82                           _TRISA 0F92                           _TRISB 0F93  
                         _TRISC 0F94                           _TRISD 0F95                           _TRISE 0F96  
       __end_of_PIN_MANAGER_IOC 7C9C                           tablat 0FF5                           status 0FD8  
               __initialization 7CEC                    __end_of_main 8000                          ??_main 000D  
                 __activetblptr 0000                          _ANSELH 0F7F                          _OSCCON 0FD3  
                     ??___lwdiv 000A                       ??___lwmod 0005                          clear_0 7D12  
                        isa$std 0001                    __pdataCOMRAM 0011                          tblptrh 0FF7  
                        tblptrl 0FF6                          tblptru 0FF8                     _First_Digit 0021  
              ?_PIN_MANAGER_IOC 0001               _SYSTEM_Initialize 7CA6                      __accesstop 0060  
       __end_of__initialization 7D18              ?_SYSTEM_Initialize 0001                   ___rparam_used 0001  
                __pcstackCOMRAM 0001             ??_SYSTEM_Initialize 0001                  _Number_Mapping 0011  
     __end_of_SYSTEM_Initialize 7CB0                         _OSCTUNE 0F9B                         _Counter 001B  
                       __Hparam 0000                         __Lparam 0000                     _Third_Digit 001F  
                       ___lwdiv 7D82                         ___lwmod 7D1E                         __pcinit 7CEC  
                       __ramtop 0600                         __ptext0 7DF6                         __ptext1 7D1E  
                       __ptext2 7D82                         __ptext3 7CA6                         __ptext4 7CBA  
                       __ptext5 7C9C                         __ptext6 7C98           _OSCILLATOR_Initialize 7C9C  
      ??_PIN_MANAGER_Initialize 0001            end_of_initialization 7D18                         postdec1 0FE5  
                       postinc0 0FEE                       _PORTDbits 0F83                   __pidataCOMRAM 7CB0  
        ?_OSCILLATOR_Initialize 0001             start_initialization 7CEC                    _Fourth_Digit 001E  
                   __pbssCOMRAM 001B                ___lwdiv@dividend 0006          _PIN_MANAGER_Initialize 7CBA  
                      ?___lwdiv 0006                        ?___lwmod 0001                    _Second_Digit 0020  
              ___lwdiv@quotient 000A                        _LATAbits 0F89               ??_PIN_MANAGER_IOC 0001  
                   _INTCON2bits 0FF1                       copy_data0 7D00                        __Hrparam 0000  
                      __Lrparam 0000         ??_OSCILLATOR_Initialize 0001                        _main$898 000F  
               ___lwdiv@divisor 0008                 ___lwdiv@counter 000C                        isa$xinst 0000  
                    _INTCONbits 0FF2                ___lwmod@dividend 0001         ?_PIN_MANAGER_Initialize 0001  
               ___lwmod@divisor 0003                 ___lwmod@counter 0005  __end_of_PIN_MANAGER_Initialize 7CEC  
               _PIN_MANAGER_IOC 7C98  
