

Microchip MPLAB XC8 Assembler V2.41 build 20230208172133 
                                                                                               Thu May 04 21:37:31 2023

Microchip MPLAB XC8 C Compiler v2.41 (Free license) build 20230208172133 Og1 
     1                           	processor	18F45K20
     2                           	fnconf	rparam,??,?,0
     3                           	pagewidth 120
     4                           	opt	flic
     5                           	psect	cinit,global,reloc=2,class=CODE,delta=1
     6                           	psect	cstackCOMRAM,global,class=COMRAM,space=1,delta=1,lowdata,noexec
     7                           	psect	text0,global,reloc=2,class=CODE,delta=1
     8                           	psect	text1,global,reloc=2,class=CODE,delta=1
     9                           	psect	text2,global,reloc=2,class=CODE,delta=1
    10                           	psect	text3,global,reloc=2,class=CODE,delta=1
    11                           	psect	intsave_regs,global,class=BIGRAM,space=1,delta=1,noexec
    12                           	psect	rparam,global,class=COMRAM,space=1,delta=1,noexec
    13                           	psect	idloc,global,abs,ovrld,class=IDLOC,space=5,delta=1,noexec
    14                           	psect	config,global,abs,ovrld,class=CONFIG,space=4,delta=1,noexec
    15   000000                     
    16                           ; Generated 06/04/2022 GMT
    17                           ; 
    18                           ; Copyright © 2022, Microchip Technology Inc. and its subsidiaries ("Microchip")
    19                           ; All rights reserved.
    20                           ; 
    21                           ; This software is developed by Microchip Technology Inc. and its subsidiaries ("Microch
      +                          ip").
    22                           ; 
    23                           ; Redistribution and use in source and binary forms, with or without modification, are
    24                           ; permitted provided that the following conditions are met:
    25                           ; 
    26                           ;     1. Redistributions of source code must retain the above copyright notice, this lis
      +                          t of
    27                           ;        conditions and the following disclaimer.
    28                           ; 
    29                           ;     2. Redistributions in binary form must reproduce the above copyright notice, this 
      +                          list
    30                           ;        of conditions and the following disclaimer in the documentation and/or other
    31                           ;        materials provided with the distribution. Publication is not required when
    32                           ;        this file is used in an embedded application.
    33                           ; 
    34                           ;     3. Microchip's name may not be used to endorse or promote products derived from th
      +                          is
    35                           ;        software without specific prior written permission.
    36                           ; 
    37                           ; THIS SOFTWARE IS PROVIDED BY MICROCHIP "AS IS" AND ANY EXPRESS OR IMPLIED WARRANTIES,
    38                           ; INCLUDING, BUT NOT LIMITED TO, THE IMPLIED WARRANTIES OF MERCHANTABILITY AND FITNESS F
      +                          OR
    39                           ; PURPOSE ARE DISCLAIMED.  IN NO EVENT SHALL MICROCHIP BE LIABLE FOR ANY DIRECT, INDIREC
      +                          T,
    40                           ; INCIDENTAL, SPECIAL, EXEMPLARY, OR CONSEQUENTIAL DAMAGES (INCLUDING BUT NOT LIMITED TO
    41                           ; PROCUREMENT OF SUBSTITUTE GOODS OR SERVICES; LOSS OF USE, DATA OR PROFITS; OR BUSINESS
    42                           ; INTERRUPTION) HOWSOEVER CAUSED AND ON ANY THEORY OF LIABILITY, WHETHER IN CONTRACT, ST
      +                          RICT
    43                           ; LIABILITY, OR TORT (INCLUDING NEGLIGENCE OR OTHERWISE) ARISING IN ANY WAY OUT OF THE U
      +                          SE OF
    44                           ; THIS SOFTWARE, EVEN IF ADVISED OF THE POSSIBILITY OF SUCH DAMAGE.
    45                           ; 
    46                           ; 
    47                           ; Code-generator required, PIC18F45K20 Definitions
    48                           ; 
    49                           ; SFR Addresses
    50   000000                     _TRISD	set	3989
    51   000000                     _TRISC	set	3988
    52   000000                     _TRISB	set	3987
    53   000000                     _LATC	set	3979
    54   000000                     _LATB	set	3978
    55   000000                     _LATCbits	set	3979
    56   000000                     _WPUB	set	3964
    57   000000                     _ANSEL	set	3966
    58   000000                     _LATA	set	3977
    59   000000                     _LATD	set	3980
    60   000000                     _LATE	set	3981
    61   000000                     _OSCTUNE	set	3995
    62   000000                     _OSCCON	set	4051
    63   000000                     _INTCON2bits	set	4081
    64   000000                     _TRISA	set	3986
    65   000000                     _TRISE	set	3990
    66   000000                     _PORTBbits	set	3969
    67   000000                     _ANSELH	set	3967
    68   000000                     _INTCONbits	set	4082
    69                           
    70                           ; #config settings
    71                           
    72                           	psect	cinit
    73   007F9E                     __pcinit:
    74                           	callstack 0
    75   007F9E                     start_initialization:
    76                           	callstack 0
    77   007F9E                     __initialization:
    78                           	callstack 0
    79   007F9E                     end_of_initialization:
    80                           	callstack 0
    81   007F9E                     __end_of__initialization:
    82                           	callstack 0
    83   007F9E  0100               	movlb	0
    84   007FA0  EFDC  F03F         	goto	_main	;jump to C main() function
    85                           
    86                           	psect	cstackCOMRAM
    87   000000                     __pcstackCOMRAM:
    88                           	callstack 0
    89   000000                     
    90                           ; 1 bytes @ 0x0
    91 ;;
    92 ;;Main: autosize = 0, tempsize = 0, incstack = 0, save=0
    93 ;;
    94 ;; *************** function _main *****************
    95 ;; Defined at:
    96 ;;		line 14 in file "main.c"
    97 ;; Parameters:    Size  Location     Type
    98 ;;		None
    99 ;; Auto vars:     Size  Location     Type
   100 ;;		None
   101 ;; Return value:  Size  Location     Type
   102 ;;                  1    wreg      void 
   103 ;; Registers used:
   104 ;;		wreg, status,2, cstack
   105 ;; Tracked objects:
   106 ;;		On entry : 0/0
   107 ;;		On exit  : 0/0
   108 ;;		Unchanged: 0/0
   109 ;; Data sizes:     COMRAM   BANK0   BANK1   BANK2   BANK3   BANK4   BANK5
   110 ;;      Params:         0       0       0       0       0       0       0
   111 ;;      Locals:         0       0       0       0       0       0       0
   112 ;;      Temps:          0       0       0       0       0       0       0
   113 ;;      Totals:         0       0       0       0       0       0       0
   114 ;;Total ram usage:        0 bytes
   115 ;; Hardware stack levels required when called: 2
   116 ;; This function calls:
   117 ;;		_SYSTEM_Initialize
   118 ;; This function is called by:
   119 ;;		Startup code after reset
   120 ;; This function uses a non-reentrant model
   121 ;;
   122                           
   123                           	psect	text0
   124   007FB8                     __ptext0:
   125                           	callstack 0
   126   007FB8                     _main:
   127                           	callstack 29
   128   007FB8                     
   129                           ;main.c: 17: SYSTEM_Initialize();
   130   007FB8  ECD7  F03F         	call	_SYSTEM_Initialize	;wreg free
   131   007FBC                     l830:
   132                           
   133                           ;main.c: 20: {;main.c: 21: LATCbits.LATC0=PORTBbits.RB0;
   134   007FBC  A081               	btfss	129,0,c	;volatile
   135   007FBE  D002               	bra	u15
   136   007FC0  808B               	bsf	139,0,c	;volatile
   137   007FC2  D001               	bra	u17
   138   007FC4                     u15:
   139   007FC4  908B               	bcf	139,0,c	;volatile
   140   007FC6                     u17:
   141   007FC6  EFDE  F03F         	goto	l830
   142   007FCA  EF00  F000         	goto	start
   143   007FCE                     __end_of_main:
   144                           	callstack 0
   145                           
   146 ;; *************** function _SYSTEM_Initialize *****************
   147 ;; Defined at:
   148 ;;		line 50 in file "mcc_generated_files/mcc.c"
   149 ;; Parameters:    Size  Location     Type
   150 ;;		None
   151 ;; Auto vars:     Size  Location     Type
   152 ;;		None
   153 ;; Return value:  Size  Location     Type
   154 ;;                  1    wreg      void 
   155 ;; Registers used:
   156 ;;		wreg, status,2, cstack
   157 ;; Tracked objects:
   158 ;;		On entry : 0/0
   159 ;;		On exit  : 0/0
   160 ;;		Unchanged: 0/0
   161 ;; Data sizes:     COMRAM   BANK0   BANK1   BANK2   BANK3   BANK4   BANK5
   162 ;;      Params:         0       0       0       0       0       0       0
   163 ;;      Locals:         0       0       0       0       0       0       0
   164 ;;      Temps:          0       0       0       0       0       0       0
   165 ;;      Totals:         0       0       0       0       0       0       0
   166 ;;Total ram usage:        0 bytes
   167 ;; Hardware stack levels used: 1
   168 ;; Hardware stack levels required when called: 1
   169 ;; This function calls:
   170 ;;		_OSCILLATOR_Initialize
   171 ;;		_PIN_MANAGER_Initialize
   172 ;; This function is called by:
   173 ;;		_main
   174 ;; This function uses a non-reentrant model
   175 ;;
   176                           
   177                           	psect	text1
   178   007FAE                     __ptext1:
   179                           	callstack 0
   180   007FAE                     _SYSTEM_Initialize:
   181                           	callstack 29
   182   007FAE                     
   183                           ;mcc.c: 53: PIN_MANAGER_Initialize();
   184   007FAE  ECE7  F03F         	call	_PIN_MANAGER_Initialize	;wreg free
   185                           
   186                           ;mcc.c: 54: OSCILLATOR_Initialize();
   187   007FB2  ECD2  F03F         	call	_OSCILLATOR_Initialize	;wreg free
   188   007FB6  0012               	return		;funcret
   189   007FB8                     __end_of_SYSTEM_Initialize:
   190                           	callstack 0
   191                           
   192 ;; *************** function _PIN_MANAGER_Initialize *****************
   193 ;; Defined at:
   194 ;;		line 55 in file "mcc_generated_files/pin_manager.c"
   195 ;; Parameters:    Size  Location     Type
   196 ;;		None
   197 ;; Auto vars:     Size  Location     Type
   198 ;;		None
   199 ;; Return value:  Size  Location     Type
   200 ;;                  1    wreg      void 
   201 ;; Registers used:
   202 ;;		wreg, status,2
   203 ;; Tracked objects:
   204 ;;		On entry : 0/0
   205 ;;		On exit  : 0/0
   206 ;;		Unchanged: 0/0
   207 ;; Data sizes:     COMRAM   BANK0   BANK1   BANK2   BANK3   BANK4   BANK5
   208 ;;      Params:         0       0       0       0       0       0       0
   209 ;;      Locals:         0       0       0       0       0       0       0
   210 ;;      Temps:          0       0       0       0       0       0       0
   211 ;;      Totals:         0       0       0       0       0       0       0
   212 ;;Total ram usage:        0 bytes
   213 ;; Hardware stack levels used: 1
   214 ;; This function calls:
   215 ;;		Nothing
   216 ;; This function is called by:
   217 ;;		_SYSTEM_Initialize
   218 ;; This function uses a non-reentrant model
   219 ;;
   220                           
   221                           	psect	text2
   222   007FCE                     __ptext2:
   223                           	callstack 0
   224   007FCE                     _PIN_MANAGER_Initialize:
   225                           	callstack 29
   226   007FCE                     
   227                           ;pin_manager.c: 60: LATE = 0x00;
   228   007FCE  0E00               	movlw	0
   229   007FD0  6E8D               	movwf	141,c	;volatile
   230                           
   231                           ;pin_manager.c: 61: LATD = 0x00;
   232   007FD2  0E00               	movlw	0
   233   007FD4  6E8C               	movwf	140,c	;volatile
   234                           
   235                           ;pin_manager.c: 62: LATA = 0x00;
   236   007FD6  0E00               	movlw	0
   237   007FD8  6E89               	movwf	137,c	;volatile
   238                           
   239                           ;pin_manager.c: 63: LATB = 0x00;
   240   007FDA  0E00               	movlw	0
   241   007FDC  6E8A               	movwf	138,c	;volatile
   242                           
   243                           ;pin_manager.c: 64: LATC = 0x00;
   244   007FDE  0E00               	movlw	0
   245   007FE0  6E8B               	movwf	139,c	;volatile
   246                           
   247                           ;pin_manager.c: 69: TRISE = 0x07;
   248   007FE2  0E07               	movlw	7
   249   007FE4  6E96               	movwf	150,c	;volatile
   250   007FE6                     
   251                           ;pin_manager.c: 70: TRISA = 0xFF;
   252   007FE6  6892               	setf	146,c	;volatile
   253   007FE8                     
   254                           ;pin_manager.c: 71: TRISB = 0xFF;
   255   007FE8  6893               	setf	147,c	;volatile
   256                           
   257                           ;pin_manager.c: 72: TRISC = 0xFE;
   258   007FEA  0EFE               	movlw	254
   259   007FEC  6E94               	movwf	148,c	;volatile
   260                           
   261                           ;pin_manager.c: 73: TRISD = 0x0F;
   262   007FEE  0E0F               	movlw	15
   263   007FF0  6E95               	movwf	149,c	;volatile
   264   007FF2                     
   265                           ;pin_manager.c: 78: ANSEL = 0xFF;
   266   007FF2  687E               	setf	126,c	;volatile
   267                           
   268                           ;pin_manager.c: 79: ANSELH = 0x0F;
   269   007FF4  0E0F               	movlw	15
   270   007FF6  6E7F               	movwf	127,c	;volatile
   271                           
   272                           ;pin_manager.c: 84: WPUB = 0x00;
   273   007FF8  0E00               	movlw	0
   274   007FFA  6E7C               	movwf	124,c	;volatile
   275   007FFC                     
   276                           ;pin_manager.c: 85: INTCON2bits.nRBPU = 1;
   277   007FFC  8EF1               	bsf	241,7,c	;volatile
   278   007FFE  0012               	return		;funcret
   279   008000                     __end_of_PIN_MANAGER_Initialize:
   280                           	callstack 0
   281                           
   282 ;; *************** function _OSCILLATOR_Initialize *****************
   283 ;; Defined at:
   284 ;;		line 57 in file "mcc_generated_files/mcc.c"
   285 ;; Parameters:    Size  Location     Type
   286 ;;		None
   287 ;; Auto vars:     Size  Location     Type
   288 ;;		None
   289 ;; Return value:  Size  Location     Type
   290 ;;                  1    wreg      void 
   291 ;; Registers used:
   292 ;;		wreg, status,2
   293 ;; Tracked objects:
   294 ;;		On entry : 0/0
   295 ;;		On exit  : 0/0
   296 ;;		Unchanged: 0/0
   297 ;; Data sizes:     COMRAM   BANK0   BANK1   BANK2   BANK3   BANK4   BANK5
   298 ;;      Params:         0       0       0       0       0       0       0
   299 ;;      Locals:         0       0       0       0       0       0       0
   300 ;;      Temps:          0       0       0       0       0       0       0
   301 ;;      Totals:         0       0       0       0       0       0       0
   302 ;;Total ram usage:        0 bytes
   303 ;; Hardware stack levels used: 1
   304 ;; This function calls:
   305 ;;		Nothing
   306 ;; This function is called by:
   307 ;;		_SYSTEM_Initialize
   308 ;; This function uses a non-reentrant model
   309 ;;
   310                           
   311                           	psect	text3
   312   007FA4                     __ptext3:
   313                           	callstack 0
   314   007FA4                     _OSCILLATOR_Initialize:
   315                           	callstack 29
   316   007FA4                     
   317                           ;mcc.c: 60: OSCCON = 0x60;
   318   007FA4  0E60               	movlw	96
   319   007FA6  6ED3               	movwf	211,c	;volatile
   320                           
   321                           ;mcc.c: 62: OSCTUNE = 0x00;
   322   007FA8  0E00               	movlw	0
   323   007FAA  6E9B               	movwf	155,c	;volatile
   324   007FAC  0012               	return		;funcret
   325   007FAE                     __end_of_OSCILLATOR_Initialize:
   326                           	callstack 0
   327   000000                     
   328                           	psect	rparam
   329   000000                     
   330                           	psect	idloc
   331                           
   332                           ;Config register IDLOC0 @ 0x200000
   333                           ;	unspecified, using default values
   334   200000                     	org	2097152
   335   200000  FF                 	db	255
   336                           
   337                           ;Config register IDLOC1 @ 0x200001
   338                           ;	unspecified, using default values
   339   200001                     	org	2097153
   340   200001  FF                 	db	255
   341                           
   342                           ;Config register IDLOC2 @ 0x200002
   343                           ;	unspecified, using default values
   344   200002                     	org	2097154
   345   200002  FF                 	db	255
   346                           
   347                           ;Config register IDLOC3 @ 0x200003
   348                           ;	unspecified, using default values
   349   200003                     	org	2097155
   350   200003  FF                 	db	255
   351                           
   352                           ;Config register IDLOC4 @ 0x200004
   353                           ;	unspecified, using default values
   354   200004                     	org	2097156
   355   200004  FF                 	db	255
   356                           
   357                           ;Config register IDLOC5 @ 0x200005
   358                           ;	unspecified, using default values
   359   200005                     	org	2097157
   360   200005  FF                 	db	255
   361                           
   362                           ;Config register IDLOC6 @ 0x200006
   363                           ;	unspecified, using default values
   364   200006                     	org	2097158
   365   200006  FF                 	db	255
   366                           
   367                           ;Config register IDLOC7 @ 0x200007
   368                           ;	unspecified, using default values
   369   200007                     	org	2097159
   370   200007  FF                 	db	255
   371                           
   372                           	psect	config
   373                           
   374                           ; Padding undefined space
   375   300000                     	org	3145728
   376   300000  FF                 	db	255
   377                           
   378                           ;Config register CONFIG1H @ 0x300001
   379                           ;	Oscillator Selection bits
   380                           ;	FOSC = HS, HS oscillator
   381                           ;	Fail-Safe Clock Monitor Enable bit
   382                           ;	FCMEN = OFF, Fail-Safe Clock Monitor disabled
   383                           ;	Internal/External Oscillator Switchover bit
   384                           ;	IESO = OFF, Oscillator Switchover mode disabled
   385   300001                     	org	3145729
   386   300001  02                 	db	2
   387                           
   388                           ;Config register CONFIG2L @ 0x300002
   389                           ;	Power-up Timer Enable bit
   390                           ;	PWRT = OFF, PWRT disabled
   391                           ;	Brown-out Reset Enable bits
   392                           ;	BOREN = SBORDIS, Brown-out Reset enabled in hardware only (SBOREN is disabled)
   393                           ;	Brown Out Reset Voltage bits
   394                           ;	BORV = 18, VBOR set to 1.8 V nominal
   395   300002                     	org	3145730
   396   300002  1F                 	db	31
   397                           
   398                           ;Config register CONFIG2H @ 0x300003
   399                           ;	Watchdog Timer Enable bit
   400                           ;	WDTEN = OFF, WDT is controlled by SWDTEN bit of the WDTCON register
   401                           ;	Watchdog Timer Postscale Select bits
   402                           ;	WDTPS = 32768, 1:32768
   403   300003                     	org	3145731
   404   300003  1E                 	db	30
   405                           
   406                           ; Padding undefined space
   407   300004                     	org	3145732
   408   300004  FF                 	db	255
   409                           
   410                           ;Config register CONFIG3H @ 0x300005
   411                           ;	CCP2 MUX bit
   412                           ;	CCP2MX = PORTC, CCP2 input/output is multiplexed with RC1
   413                           ;	PORTB A/D Enable bit
   414                           ;	PBADEN = ON, PORTB<4:0> pins are configured as analog input channels on Reset
   415                           ;	Low-Power Timer1 Oscillator Enable bit
   416                           ;	LPT1OSC = OFF, Timer1 configured for higher power operation
   417                           ;	HFINTOSC Fast Start-up
   418                           ;	HFOFST = ON, HFINTOSC starts clocking the CPU without waiting for the oscillator to st
      +                          ablize.
   419                           ;	MCLR Pin Enable bit
   420                           ;	MCLRE = ON, MCLR pin enabled; RE3 input pin disabled
   421   300005                     	org	3145733
   422   300005  8B                 	db	139
   423                           
   424                           ;Config register CONFIG4L @ 0x300006
   425                           ;	Stack Full/Underflow Reset Enable bit
   426                           ;	STVREN = ON, Stack full/underflow will cause Reset
   427                           ;	Single-Supply ICSP Enable bit
   428                           ;	LVP = OFF, Single-Supply ICSP disabled
   429                           ;	Extended Instruction Set Enable bit
   430                           ;	XINST = OFF, Instruction set extension and Indexed Addressing mode disabled (Legacy mo
      +                          de)
   431                           ;	Background Debugger Enable bit
   432                           ;	DEBUG = OFF, Background debugger disabled, RB6 and RB7 configured as general purpose I
      +                          /O pins
   433   300006                     	org	3145734
   434   300006  81                 	db	129
   435                           
   436                           ; Padding undefined space
   437   300007                     	org	3145735
   438   300007  FF                 	db	255
   439                           
   440                           ;Config register CONFIG5L @ 0x300008
   441                           ;	Code Protection Block 0
   442                           ;	CP0 = OFF, Block 0 (000800-001FFFh) not code-protected
   443                           ;	Code Protection Block 1
   444                           ;	CP1 = OFF, Block 1 (002000-003FFFh) not code-protected
   445                           ;	Code Protection Block 2
   446                           ;	CP2 = OFF, Block 2 (004000-005FFFh) not code-protected
   447                           ;	Code Protection Block 3
   448                           ;	CP3 = OFF, Block 3 (006000-007FFFh) not code-protected
   449   300008                     	org	3145736
   450   300008  0F                 	db	15
   451                           
   452                           ;Config register CONFIG5H @ 0x300009
   453                           ;	Boot Block Code Protection bit
   454                           ;	CPB = OFF, Boot block (000000-0007FFh) not code-protected
   455                           ;	Data EEPROM Code Protection bit
   456                           ;	CPD = OFF, Data EEPROM not code-protected
   457   300009                     	org	3145737
   458   300009  C0                 	db	192
   459                           
   460                           ;Config register CONFIG6L @ 0x30000A
   461                           ;	Write Protection Block 0
   462                           ;	WRT0 = OFF, Block 0 (000800-001FFFh) not write-protected
   463                           ;	Write Protection Block 1
   464                           ;	WRT1 = OFF, Block 1 (002000-003FFFh) not write-protected
   465                           ;	Write Protection Block 2
   466                           ;	WRT2 = OFF, Block 2 (004000-005FFFh) not write-protected
   467                           ;	Write Protection Block 3
   468                           ;	WRT3 = OFF, Block 3 (006000-007FFFh) not write-protected
   469   30000A                     	org	3145738
   470   30000A  0F                 	db	15
   471                           
   472                           ;Config register CONFIG6H @ 0x30000B
   473                           ;	Configuration Register Write Protection bit
   474                           ;	WRTC = OFF, Configuration registers (300000-3000FFh) not write-protected
   475                           ;	Boot Block Write Protection bit
   476                           ;	WRTB = OFF, Boot Block (000000-0007FFh) not write-protected
   477                           ;	Data EEPROM Write Protection bit
   478                           ;	WRTD = OFF, Data EEPROM not write-protected
   479   30000B                     	org	3145739
   480   30000B  E0                 	db	224
   481                           
   482                           ;Config register CONFIG7L @ 0x30000C
   483                           ;	Table Read Protection Block 0
   484                           ;	EBTR0 = OFF, Block 0 (000800-001FFFh) not protected from table reads executed in other
      +                           blocks
   485                           ;	Table Read Protection Block 1
   486                           ;	EBTR1 = OFF, Block 1 (002000-003FFFh) not protected from table reads executed in other
      +                           blocks
   487                           ;	Table Read Protection Block 2
   488                           ;	EBTR2 = OFF, Block 2 (004000-005FFFh) not protected from table reads executed in other
      +                           blocks
   489                           ;	Table Read Protection Block 3
   490                           ;	EBTR3 = OFF, Block 3 (006000-007FFFh) not protected from table reads executed in other
      +                           blocks
   491   30000C                     	org	3145740
   492   30000C  0F                 	db	15
   493                           
   494                           ;Config register CONFIG7H @ 0x30000D
   495                           ;	Boot Block Table Read Protection bit
   496                           ;	EBTRB = OFF, Boot Block (000000-0007FFh) not protected from table reads executed in ot
      +                          her blocks
   497   30000D                     	org	3145741
   498   30000D  40                 	db	64
   499                           tosu	equ	0xFFF
   500                           tosh	equ	0xFFE
   501                           tosl	equ	0xFFD
   502                           stkptr	equ	0xFFC
   503                           pclatu	equ	0xFFB
   504                           pclath	equ	0xFFA
   505                           pcl	equ	0xFF9
   506                           tblptru	equ	0xFF8
   507                           tblptrh	equ	0xFF7
   508                           tblptrl	equ	0xFF6
   509                           tablat	equ	0xFF5
   510                           prodh	equ	0xFF4
   511                           prodl	equ	0xFF3
   512                           indf0	equ	0xFEF
   513                           postinc0	equ	0xFEE
   514                           postdec0	equ	0xFED
   515                           preinc0	equ	0xFEC
   516                           plusw0	equ	0xFEB
   517                           fsr0h	equ	0xFEA
   518                           fsr0l	equ	0xFE9
   519                           wreg	equ	0xFE8
   520                           indf1	equ	0xFE7
   521                           postinc1	equ	0xFE6
   522                           postdec1	equ	0xFE5
   523                           preinc1	equ	0xFE4
   524                           plusw1	equ	0xFE3
   525                           fsr1h	equ	0xFE2
   526                           fsr1l	equ	0xFE1
   527                           bsr	equ	0xFE0
   528                           indf2	equ	0xFDF
   529                           postinc2	equ	0xFDE
   530                           postdec2	equ	0xFDD
   531                           preinc2	equ	0xFDC
   532                           plusw2	equ	0xFDB
   533                           fsr2h	equ	0xFDA
   534                           fsr2l	equ	0xFD9
   535                           status	equ	0xFD8

Data Sizes:
    Strings     0
    Constant    0
    Data        0
    BSS         0
    Persistent  0
    Stack       0

Auto Spaces:
    Space          Size  Autos    Used
    COMRAM           95      0       0
    BANK0           160      0       0
    BANK1           256      0       0
    BANK2           256      0       0
    BANK3           256      0       0
    BANK4           256      0       0
    BANK5           256      0       0

Pointer List with Targets:

    None.

Critical Paths under _main in COMRAM

    None.

Critical Paths under _main in BANK0

    None.

Critical Paths under _main in BANK1

    None.

Critical Paths under _main in BANK2

    None.

Critical Paths under _main in BANK3

    None.

Critical Paths under _main in BANK4

    None.

Critical Paths under _main in BANK5

    None.

Call Graph Tables:

 ---------------------------------------------------------------------------------
 (Depth) Function   	        Calls       Base Space   Used Autos Params    Refs
 ---------------------------------------------------------------------------------
 (0) _main                                                 0     0      0       0
                  _SYSTEM_Initialize
 ---------------------------------------------------------------------------------
 (1) _SYSTEM_Initialize                                    0     0      0       0
              _OSCILLATOR_Initialize
             _PIN_MANAGER_Initialize
 ---------------------------------------------------------------------------------
 (2) _PIN_MANAGER_Initialize                               0     0      0       0
 ---------------------------------------------------------------------------------
 (2) _OSCILLATOR_Initialize                                0     0      0       0
 ---------------------------------------------------------------------------------
 Estimated maximum stack depth 2
 ---------------------------------------------------------------------------------

 Call Graph Graphs:

 _main (ROOT)
   _SYSTEM_Initialize
     _OSCILLATOR_Initialize
     _PIN_MANAGER_Initialize

 Address spaces:
Name               Size   Autos  Total    Cost      Usage
BITCOMRAM           5F      0       0       0        0.0%
EEDATA             100      0       0       0        0.0%
NULL                 0      0       0       0        0.0%
CODE                 0      0       0       0        0.0%
COMRAM              5F      0       0       1        0.0%
STACK                0      0       0       2        0.0%
DATA                 0      0       0       3        0.0%
BITBANK0            A0      0       0       4        0.0%
BANK0               A0      0       0       5        0.0%
BITBANK1           100      0       0       6        0.0%
BANK1              100      0       0       7        0.0%
BITBANK2           100      0       0       8        0.0%
BANK2              100      0       0       9        0.0%
BITBANK3           100      0       0      10        0.0%
BANK3              100      0       0      11        0.0%
BITBANK4           100      0       0      12        0.0%
BANK4              100      0       0      13        0.0%
BITBANK5           100      0       0      14        0.0%
BANK5              100      0       0      15        0.0%
BITBIGSFRhh          D      0       0      16        0.0%
BITBIGSFRhl         1D      0       0      17        0.0%
BITBIGSFRlh         37      0       0      18        0.0%
BITBIGSFRllhh        4      0       0      19        0.0%
BITBIGSFRllhll       4      0       0      20        0.0%
BITBIGSFRllllhh      7      0       0      21        0.0%
BITBIGSFRllllhl      1      0       0      22        0.0%
BITBIGSFRlllllh      1      0       0      23        0.0%
BITBIGSFRllllll     1C      0       0      24        0.0%
ABS                  0      0       0      25        0.0%
BIGRAM             5FF      0       0      26        0.0%
BIGSFR               0      0       0     200        0.0%
BITSFR               0      0       0     200        0.0%
SFR                  0      0       0     200        0.0%


Microchip Technology PIC18 Macro Assembler V2.41 build 20230208172133 
Symbol Table                                                                                   Thu May 04 21:37:31 2023

                            l11 7FB6                              l14 7FAC                              l47 7FFE  
                            u15 7FC4                              u17 7FC6                             l820 7FFC  
                           l812 7FCE                             l822 7FA4                             l814 7FE6  
                           l830 7FBC                             l816 7FE8                             l824 7FAE  
                           l818 7FF2                             l828 7FB8                            _LATA 0F89  
                          _LATB 0F8A                            _LATC 0F8B                            _LATD 0F8C  
                          _LATE 0F8D                            _WPUB 0F7C                            _main 7FB8  
                          start 0000                    ___param_bank 0000   __end_of_OSCILLATOR_Initialize 7FAE  
                         ?_main 0000                           _ANSEL 0F7E                           _TRISA 0F92  
                         _TRISB 0F93                           _TRISC 0F94                           _TRISD 0F95  
                         _TRISE 0F96                 __initialization 7F9E                    __end_of_main 7FCE  
                        ??_main 0000                   __activetblptr 0000                          _ANSELH 0F7F  
                        _OSCCON 0FD3                          isa$std 0001               _SYSTEM_Initialize 7FAE  
                    __accesstop 0060         __end_of__initialization 7F9E              ?_SYSTEM_Initialize 0000  
                 ___rparam_used 0001                  __pcstackCOMRAM 0000             ??_SYSTEM_Initialize 0000  
     __end_of_SYSTEM_Initialize 7FB8                         _OSCTUNE 0F9B                         __Hparam 0000  
                       __Lparam 0000                         __pcinit 7F9E                         __ramtop 0600  
                       __ptext0 7FB8                         __ptext1 7FAE                         __ptext2 7FCE  
                       __ptext3 7FA4           _OSCILLATOR_Initialize 7FA4        ??_PIN_MANAGER_Initialize 0000  
          end_of_initialization 7F9E                       _PORTBbits 0F81          ?_OSCILLATOR_Initialize 0000  
           start_initialization 7F9E          _PIN_MANAGER_Initialize 7FCE                        _LATCbits 0F8B  
                   _INTCON2bits 0FF1                        __Hrparam 0000                        __Lrparam 0000  
       ??_OSCILLATOR_Initialize 0000                        isa$xinst 0000                      _INTCONbits 0FF2  
       ?_PIN_MANAGER_Initialize 0000  __end_of_PIN_MANAGER_Initialize 8000  
