

Microchip MPLAB XC8 Assembler V2.41 build 20230208172133 
                                                                                               Fri May 05 21:11:50 2023

Microchip MPLAB XC8 C Compiler v2.41 (Free license) build 20230208172133 Og1 
     1                           	processor	18F45K20
     2                           	fnconf	rparam,??,?,0
     3                           	pagewidth 120
     4                           	opt	flic
     5                           	psect	cinit,global,reloc=2,class=CODE,delta=1
     6                           	psect	cstackCOMRAM,global,class=COMRAM,space=1,delta=1,lowdata,noexec
     7                           	psect	text0,global,reloc=2,class=CODE,delta=1
     8                           	psect	text1,global,reloc=2,class=CODE,delta=1
     9                           	psect	text2,global,reloc=2,class=CODE,delta=1
    10                           	psect	text3,global,reloc=2,class=CODE,delta=1
    11                           	psect	intsave_regs,global,class=BIGRAM,space=1,delta=1,noexec
    12                           	psect	rparam,global,class=COMRAM,space=1,delta=1,noexec
    13                           	psect	idloc,global,abs,ovrld,class=IDLOC,space=5,delta=1,noexec
    14                           	psect	config,global,abs,ovrld,class=CONFIG,space=4,delta=1,noexec
    15   000000                     
    16                           ; Generated 06/04/2022 GMT
    17                           ; 
    18                           ; Copyright © 2022, Microchip Technology Inc. and its subsidiaries ("Microchip")
    19                           ; All rights reserved.
    20                           ; 
    21                           ; This software is developed by Microchip Technology Inc. and its subsidiaries ("Microch
      +                          ip").
    22                           ; 
    23                           ; Redistribution and use in source and binary forms, with or without modification, are
    24                           ; permitted provided that the following conditions are met:
    25                           ; 
    26                           ;     1. Redistributions of source code must retain the above copyright notice, this lis
      +                          t of
    27                           ;        conditions and the following disclaimer.
    28                           ; 
    29                           ;     2. Redistributions in binary form must reproduce the above copyright notice, this 
      +                          list
    30                           ;        of conditions and the following disclaimer in the documentation and/or other
    31                           ;        materials provided with the distribution. Publication is not required when
    32                           ;        this file is used in an embedded application.
    33                           ; 
    34                           ;     3. Microchip's name may not be used to endorse or promote products derived from th
      +                          is
    35                           ;        software without specific prior written permission.
    36                           ; 
    37                           ; THIS SOFTWARE IS PROVIDED BY MICROCHIP "AS IS" AND ANY EXPRESS OR IMPLIED WARRANTIES,
    38                           ; INCLUDING, BUT NOT LIMITED TO, THE IMPLIED WARRANTIES OF MERCHANTABILITY AND FITNESS F
      +                          OR
    39                           ; PURPOSE ARE DISCLAIMED.  IN NO EVENT SHALL MICROCHIP BE LIABLE FOR ANY DIRECT, INDIREC
      +                          T,
    40                           ; INCIDENTAL, SPECIAL, EXEMPLARY, OR CONSEQUENTIAL DAMAGES (INCLUDING BUT NOT LIMITED TO
    41                           ; PROCUREMENT OF SUBSTITUTE GOODS OR SERVICES; LOSS OF USE, DATA OR PROFITS; OR BUSINESS
    42                           ; INTERRUPTION) HOWSOEVER CAUSED AND ON ANY THEORY OF LIABILITY, WHETHER IN CONTRACT, ST
      +                          RICT
    43                           ; LIABILITY, OR TORT (INCLUDING NEGLIGENCE OR OTHERWISE) ARISING IN ANY WAY OUT OF THE U
      +                          SE OF
    44                           ; THIS SOFTWARE, EVEN IF ADVISED OF THE POSSIBILITY OF SUCH DAMAGE.
    45                           ; 
    46                           ; 
    47                           ; Code-generator required, PIC18F45K20 Definitions
    48                           ; 
    49                           ; SFR Addresses
    50   000000                     _TRISD	set	3989
    51   000000                     _TRISC	set	3988
    52   000000                     _TRISB	set	3987
    53   000000                     _LATC	set	3979
    54   000000                     _LATB	set	3978
    55   000000                     _WPUB	set	3964
    56   000000                     _ANSEL	set	3966
    57   000000                     _LATA	set	3977
    58   000000                     _LATD	set	3980
    59   000000                     _LATE	set	3981
    60   000000                     _OSCTUNE	set	3995
    61   000000                     _OSCCON	set	4051
    62   000000                     _INTCON2bits	set	4081
    63   000000                     _TRISA	set	3986
    64   000000                     _TRISE	set	3990
    65   000000                     _ANSELH	set	3967
    66   000000                     _INTCONbits	set	4082
    67                           
    68                           ; #config settings
    69                           
    70                           	psect	cinit
    71   007F46                     __pcinit:
    72                           	callstack 0
    73   007F46                     start_initialization:
    74                           	callstack 0
    75   007F46                     __initialization:
    76                           	callstack 0
    77   007F46                     end_of_initialization:
    78                           	callstack 0
    79   007F46                     __end_of__initialization:
    80                           	callstack 0
    81   007F46  0100               	movlb	0
    82   007F48  EFC9  F03F         	goto	_main	;jump to C main() function
    83                           
    84                           	psect	cstackCOMRAM
    85   000001                     __pcstackCOMRAM:
    86                           	callstack 0
    87   000001                     ??_main:
    88                           
    89                           ; 1 bytes @ 0x0
    90   000001                     	ds	2
    91                           
    92 ;;
    93 ;;Main: autosize = 0, tempsize = 2, incstack = 0, save=0
    94 ;;
    95 ;; *************** function _main *****************
    96 ;; Defined at:
    97 ;;		line 13 in file "main.c"
    98 ;; Parameters:    Size  Location     Type
    99 ;;		None
   100 ;; Auto vars:     Size  Location     Type
   101 ;;		None
   102 ;; Return value:  Size  Location     Type
   103 ;;                  1    wreg      void 
   104 ;; Registers used:
   105 ;;		wreg, status,2, status,0, cstack
   106 ;; Tracked objects:
   107 ;;		On entry : 0/0
   108 ;;		On exit  : 0/0
   109 ;;		Unchanged: 0/0
   110 ;; Data sizes:     COMRAM   BANK0   BANK1   BANK2   BANK3   BANK4   BANK5
   111 ;;      Params:         0       0       0       0       0       0       0
   112 ;;      Locals:         0       0       0       0       0       0       0
   113 ;;      Temps:          2       0       0       0       0       0       0
   114 ;;      Totals:         2       0       0       0       0       0       0
   115 ;;Total ram usage:        2 bytes
   116 ;; Hardware stack levels required when called: 2
   117 ;; This function calls:
   118 ;;		_SYSTEM_Initialize
   119 ;; This function is called by:
   120 ;;		Startup code after reset
   121 ;; This function uses a non-reentrant model
   122 ;;
   123                           
   124                           	psect	text0
   125   007F92                     __ptext0:
   126                           	callstack 0
   127   007F92                     _main:
   128                           	callstack 29
   129   007F92                     
   130                           ;main.c: 16: SYSTEM_Initialize();
   131   007F92  ECAB  F03F         	call	_SYSTEM_Initialize	;wreg free
   132   007F96                     
   133                           ;main.c: 18: LATC = 0x01;
   134   007F96  0E01               	movlw	1
   135   007F98  6E8B               	movwf	139,c	;volatile
   136   007F9A                     
   137                           ;main.c: 19: _delay((unsigned long)((100)*(20000000/4000.0)));
   138   007F9A  0E03               	movlw	3
   139   007F9C  6E02               	movwf	(??_main+1)^0,c
   140   007F9E  0E8A               	movlw	138
   141   007FA0  6E01               	movwf	??_main^0,c
   142   007FA2  0E56               	movlw	86
   143   007FA4                     u27:
   144   007FA4  2EE8               	decfsz	wreg,f,c
   145   007FA6  D7FE               	bra	u27
   146   007FA8  2E01               	decfsz	??_main^0,f,c
   147   007FAA  D7FC               	bra	u27
   148   007FAC  2E02               	decfsz	(??_main+1)^0,f,c
   149   007FAE  D7FA               	bra	u27
   150   007FB0                     l835:
   151                           
   152                           ;main.c: 21: {;main.c: 22: _delay((unsigned long)((100)*(20000000/4000.0)));
   153   007FB0  0E03               	movlw	3
   154   007FB2  6E02               	movwf	(??_main+1)^0,c
   155   007FB4  0E8A               	movlw	138
   156   007FB6  6E01               	movwf	??_main^0,c
   157   007FB8  0E56               	movlw	86
   158   007FBA                     u37:
   159   007FBA  2EE8               	decfsz	wreg,f,c
   160   007FBC  D7FE               	bra	u37
   161   007FBE  2E01               	decfsz	??_main^0,f,c
   162   007FC0  D7FC               	bra	u37
   163   007FC2  2E02               	decfsz	(??_main+1)^0,f,c
   164   007FC4  D7FA               	bra	u37
   165   007FC6                     
   166                           ;main.c: 23: LATC = LATC << 1;
   167   007FC6  508B               	movf	139,w,c	;volatile
   168   007FC8  248B               	addwf	139,w,c	;volatile
   169   007FCA  6E8B               	movwf	139,c	;volatile
   170   007FCC                     
   171                           ;main.c: 24: if(LATC == 0x80)
   172   007FCC  0E80               	movlw	128
   173   007FCE  188B               	xorwf	139,w,c	;volatile
   174   007FD0  A4D8               	btfss	status,2,c
   175   007FD2  EFED  F03F         	goto	u11
   176   007FD6  EFEF  F03F         	goto	u10
   177   007FDA                     u11:
   178   007FDA  EFD8  F03F         	goto	l835
   179   007FDE                     u10:
   180   007FDE                     
   181                           ;main.c: 25: {;main.c: 26: _delay((unsigned long)((100)*(20000000/4000.0)));
   182   007FDE  0E03               	movlw	3
   183   007FE0  6E02               	movwf	(??_main+1)^0,c
   184   007FE2  0E8A               	movlw	138
   185   007FE4  6E01               	movwf	??_main^0,c
   186   007FE6  0E56               	movlw	86
   187   007FE8                     u47:
   188   007FE8  2EE8               	decfsz	wreg,f,c
   189   007FEA  D7FE               	bra	u47
   190   007FEC  2E01               	decfsz	??_main^0,f,c
   191   007FEE  D7FC               	bra	u47
   192   007FF0  2E02               	decfsz	(??_main+1)^0,f,c
   193   007FF2  D7FA               	bra	u47
   194   007FF4                     
   195                           ;main.c: 27: LATC = 0x01;
   196   007FF4  0E01               	movlw	1
   197   007FF6  6E8B               	movwf	139,c	;volatile
   198   007FF8  EFD8  F03F         	goto	l835
   199   007FFC  EF00  F000         	goto	start
   200   008000                     __end_of_main:
   201                           	callstack 0
   202                           
   203 ;; *************** function _SYSTEM_Initialize *****************
   204 ;; Defined at:
   205 ;;		line 50 in file "mcc_generated_files/mcc.c"
   206 ;; Parameters:    Size  Location     Type
   207 ;;		None
   208 ;; Auto vars:     Size  Location     Type
   209 ;;		None
   210 ;; Return value:  Size  Location     Type
   211 ;;                  1    wreg      void 
   212 ;; Registers used:
   213 ;;		wreg, status,2, cstack
   214 ;; Tracked objects:
   215 ;;		On entry : 0/0
   216 ;;		On exit  : 0/0
   217 ;;		Unchanged: 0/0
   218 ;; Data sizes:     COMRAM   BANK0   BANK1   BANK2   BANK3   BANK4   BANK5
   219 ;;      Params:         0       0       0       0       0       0       0
   220 ;;      Locals:         0       0       0       0       0       0       0
   221 ;;      Temps:          0       0       0       0       0       0       0
   222 ;;      Totals:         0       0       0       0       0       0       0
   223 ;;Total ram usage:        0 bytes
   224 ;; Hardware stack levels used: 1
   225 ;; Hardware stack levels required when called: 1
   226 ;; This function calls:
   227 ;;		_OSCILLATOR_Initialize
   228 ;;		_PIN_MANAGER_Initialize
   229 ;; This function is called by:
   230 ;;		_main
   231 ;; This function uses a non-reentrant model
   232 ;;
   233                           
   234                           	psect	text1
   235   007F56                     __ptext1:
   236                           	callstack 0
   237   007F56                     _SYSTEM_Initialize:
   238                           	callstack 29
   239   007F56                     
   240                           ;mcc.c: 53: PIN_MANAGER_Initialize();
   241   007F56  ECB0  F03F         	call	_PIN_MANAGER_Initialize	;wreg free
   242                           
   243                           ;mcc.c: 54: OSCILLATOR_Initialize();
   244   007F5A  ECA6  F03F         	call	_OSCILLATOR_Initialize	;wreg free
   245   007F5E  0012               	return		;funcret
   246   007F60                     __end_of_SYSTEM_Initialize:
   247                           	callstack 0
   248                           
   249 ;; *************** function _PIN_MANAGER_Initialize *****************
   250 ;; Defined at:
   251 ;;		line 55 in file "mcc_generated_files/pin_manager.c"
   252 ;; Parameters:    Size  Location     Type
   253 ;;		None
   254 ;; Auto vars:     Size  Location     Type
   255 ;;		None
   256 ;; Return value:  Size  Location     Type
   257 ;;                  1    wreg      void 
   258 ;; Registers used:
   259 ;;		wreg, status,2
   260 ;; Tracked objects:
   261 ;;		On entry : 0/0
   262 ;;		On exit  : 0/0
   263 ;;		Unchanged: 0/0
   264 ;; Data sizes:     COMRAM   BANK0   BANK1   BANK2   BANK3   BANK4   BANK5
   265 ;;      Params:         0       0       0       0       0       0       0
   266 ;;      Locals:         0       0       0       0       0       0       0
   267 ;;      Temps:          0       0       0       0       0       0       0
   268 ;;      Totals:         0       0       0       0       0       0       0
   269 ;;Total ram usage:        0 bytes
   270 ;; Hardware stack levels used: 1
   271 ;; This function calls:
   272 ;;		Nothing
   273 ;; This function is called by:
   274 ;;		_SYSTEM_Initialize
   275 ;; This function uses a non-reentrant model
   276 ;;
   277                           
   278                           	psect	text2
   279   007F60                     __ptext2:
   280                           	callstack 0
   281   007F60                     _PIN_MANAGER_Initialize:
   282                           	callstack 29
   283   007F60                     
   284                           ;pin_manager.c: 60: LATE = 0x00;
   285   007F60  0E00               	movlw	0
   286   007F62  6E8D               	movwf	141,c	;volatile
   287                           
   288                           ;pin_manager.c: 61: LATD = 0x00;
   289   007F64  0E00               	movlw	0
   290   007F66  6E8C               	movwf	140,c	;volatile
   291                           
   292                           ;pin_manager.c: 62: LATA = 0x00;
   293   007F68  0E00               	movlw	0
   294   007F6A  6E89               	movwf	137,c	;volatile
   295                           
   296                           ;pin_manager.c: 63: LATB = 0x00;
   297   007F6C  0E00               	movlw	0
   298   007F6E  6E8A               	movwf	138,c	;volatile
   299                           
   300                           ;pin_manager.c: 64: LATC = 0x00;
   301   007F70  0E00               	movlw	0
   302   007F72  6E8B               	movwf	139,c	;volatile
   303                           
   304                           ;pin_manager.c: 69: TRISE = 0x07;
   305   007F74  0E07               	movlw	7
   306   007F76  6E96               	movwf	150,c	;volatile
   307   007F78                     
   308                           ;pin_manager.c: 70: TRISA = 0xFF;
   309   007F78  6892               	setf	146,c	;volatile
   310                           
   311                           ;pin_manager.c: 71: TRISB = 0x00;
   312   007F7A  0E00               	movlw	0
   313   007F7C  6E93               	movwf	147,c	;volatile
   314                           
   315                           ;pin_manager.c: 72: TRISC = 0x00;
   316   007F7E  0E00               	movlw	0
   317   007F80  6E94               	movwf	148,c	;volatile
   318   007F82                     
   319                           ;pin_manager.c: 73: TRISD = 0xFF;
   320   007F82  6895               	setf	149,c	;volatile
   321   007F84                     
   322                           ;pin_manager.c: 78: ANSEL = 0xFF;
   323   007F84  687E               	setf	126,c	;volatile
   324                           
   325                           ;pin_manager.c: 79: ANSELH = 0x1F;
   326   007F86  0E1F               	movlw	31
   327   007F88  6E7F               	movwf	127,c	;volatile
   328                           
   329                           ;pin_manager.c: 84: WPUB = 0x00;
   330   007F8A  0E00               	movlw	0
   331   007F8C  6E7C               	movwf	124,c	;volatile
   332   007F8E                     
   333                           ;pin_manager.c: 85: INTCON2bits.nRBPU = 1;
   334   007F8E  8EF1               	bsf	241,7,c	;volatile
   335   007F90  0012               	return		;funcret
   336   007F92                     __end_of_PIN_MANAGER_Initialize:
   337                           	callstack 0
   338                           
   339 ;; *************** function _OSCILLATOR_Initialize *****************
   340 ;; Defined at:
   341 ;;		line 57 in file "mcc_generated_files/mcc.c"
   342 ;; Parameters:    Size  Location     Type
   343 ;;		None
   344 ;; Auto vars:     Size  Location     Type
   345 ;;		None
   346 ;; Return value:  Size  Location     Type
   347 ;;                  1    wreg      void 
   348 ;; Registers used:
   349 ;;		wreg, status,2
   350 ;; Tracked objects:
   351 ;;		On entry : 0/0
   352 ;;		On exit  : 0/0
   353 ;;		Unchanged: 0/0
   354 ;; Data sizes:     COMRAM   BANK0   BANK1   BANK2   BANK3   BANK4   BANK5
   355 ;;      Params:         0       0       0       0       0       0       0
   356 ;;      Locals:         0       0       0       0       0       0       0
   357 ;;      Temps:          0       0       0       0       0       0       0
   358 ;;      Totals:         0       0       0       0       0       0       0
   359 ;;Total ram usage:        0 bytes
   360 ;; Hardware stack levels used: 1
   361 ;; This function calls:
   362 ;;		Nothing
   363 ;; This function is called by:
   364 ;;		_SYSTEM_Initialize
   365 ;; This function uses a non-reentrant model
   366 ;;
   367                           
   368                           	psect	text3
   369   007F4C                     __ptext3:
   370                           	callstack 0
   371   007F4C                     _OSCILLATOR_Initialize:
   372                           	callstack 29
   373   007F4C                     
   374                           ;mcc.c: 60: OSCCON = 0x60;
   375   007F4C  0E60               	movlw	96
   376   007F4E  6ED3               	movwf	211,c	;volatile
   377                           
   378                           ;mcc.c: 62: OSCTUNE = 0x00;
   379   007F50  0E00               	movlw	0
   380   007F52  6E9B               	movwf	155,c	;volatile
   381   007F54  0012               	return		;funcret
   382   007F56                     __end_of_OSCILLATOR_Initialize:
   383                           	callstack 0
   384   000000                     
   385                           	psect	rparam
   386   000000                     
   387                           	psect	idloc
   388                           
   389                           ;Config register IDLOC0 @ 0x200000
   390                           ;	unspecified, using default values
   391   200000                     	org	2097152
   392   200000  FF                 	db	255
   393                           
   394                           ;Config register IDLOC1 @ 0x200001
   395                           ;	unspecified, using default values
   396   200001                     	org	2097153
   397   200001  FF                 	db	255
   398                           
   399                           ;Config register IDLOC2 @ 0x200002
   400                           ;	unspecified, using default values
   401   200002                     	org	2097154
   402   200002  FF                 	db	255
   403                           
   404                           ;Config register IDLOC3 @ 0x200003
   405                           ;	unspecified, using default values
   406   200003                     	org	2097155
   407   200003  FF                 	db	255
   408                           
   409                           ;Config register IDLOC4 @ 0x200004
   410                           ;	unspecified, using default values
   411   200004                     	org	2097156
   412   200004  FF                 	db	255
   413                           
   414                           ;Config register IDLOC5 @ 0x200005
   415                           ;	unspecified, using default values
   416   200005                     	org	2097157
   417   200005  FF                 	db	255
   418                           
   419                           ;Config register IDLOC6 @ 0x200006
   420                           ;	unspecified, using default values
   421   200006                     	org	2097158
   422   200006  FF                 	db	255
   423                           
   424                           ;Config register IDLOC7 @ 0x200007
   425                           ;	unspecified, using default values
   426   200007                     	org	2097159
   427   200007  FF                 	db	255
   428                           
   429                           	psect	config
   430                           
   431                           ; Padding undefined space
   432   300000                     	org	3145728
   433   300000  FF                 	db	255
   434                           
   435                           ;Config register CONFIG1H @ 0x300001
   436                           ;	Oscillator Selection bits
   437                           ;	FOSC = HS, HS oscillator
   438                           ;	Fail-Safe Clock Monitor Enable bit
   439                           ;	FCMEN = OFF, Fail-Safe Clock Monitor disabled
   440                           ;	Internal/External Oscillator Switchover bit
   441                           ;	IESO = OFF, Oscillator Switchover mode disabled
   442   300001                     	org	3145729
   443   300001  02                 	db	2
   444                           
   445                           ;Config register CONFIG2L @ 0x300002
   446                           ;	Power-up Timer Enable bit
   447                           ;	PWRT = OFF, PWRT disabled
   448                           ;	Brown-out Reset Enable bits
   449                           ;	BOREN = SBORDIS, Brown-out Reset enabled in hardware only (SBOREN is disabled)
   450                           ;	Brown Out Reset Voltage bits
   451                           ;	BORV = 18, VBOR set to 1.8 V nominal
   452   300002                     	org	3145730
   453   300002  1F                 	db	31
   454                           
   455                           ;Config register CONFIG2H @ 0x300003
   456                           ;	Watchdog Timer Enable bit
   457                           ;	WDTEN = OFF, WDT is controlled by SWDTEN bit of the WDTCON register
   458                           ;	Watchdog Timer Postscale Select bits
   459                           ;	WDTPS = 32768, 1:32768
   460   300003                     	org	3145731
   461   300003  1E                 	db	30
   462                           
   463                           ; Padding undefined space
   464   300004                     	org	3145732
   465   300004  FF                 	db	255
   466                           
   467                           ;Config register CONFIG3H @ 0x300005
   468                           ;	CCP2 MUX bit
   469                           ;	CCP2MX = PORTC, CCP2 input/output is multiplexed with RC1
   470                           ;	PORTB A/D Enable bit
   471                           ;	PBADEN = ON, PORTB<4:0> pins are configured as analog input channels on Reset
   472                           ;	Low-Power Timer1 Oscillator Enable bit
   473                           ;	LPT1OSC = OFF, Timer1 configured for higher power operation
   474                           ;	HFINTOSC Fast Start-up
   475                           ;	HFOFST = ON, HFINTOSC starts clocking the CPU without waiting for the oscillator to st
      +                          ablize.
   476                           ;	MCLR Pin Enable bit
   477                           ;	MCLRE = ON, MCLR pin enabled; RE3 input pin disabled
   478   300005                     	org	3145733
   479   300005  8B                 	db	139
   480                           
   481                           ;Config register CONFIG4L @ 0x300006
   482                           ;	Stack Full/Underflow Reset Enable bit
   483                           ;	STVREN = ON, Stack full/underflow will cause Reset
   484                           ;	Single-Supply ICSP Enable bit
   485                           ;	LVP = OFF, Single-Supply ICSP disabled
   486                           ;	Extended Instruction Set Enable bit
   487                           ;	XINST = OFF, Instruction set extension and Indexed Addressing mode disabled (Legacy mo
      +                          de)
   488                           ;	Background Debugger Enable bit
   489                           ;	DEBUG = OFF, Background debugger disabled, RB6 and RB7 configured as general purpose I
      +                          /O pins
   490   300006                     	org	3145734
   491   300006  81                 	db	129
   492                           
   493                           ; Padding undefined space
   494   300007                     	org	3145735
   495   300007  FF                 	db	255
   496                           
   497                           ;Config register CONFIG5L @ 0x300008
   498                           ;	Code Protection Block 0
   499                           ;	CP0 = OFF, Block 0 (000800-001FFFh) not code-protected
   500                           ;	Code Protection Block 1
   501                           ;	CP1 = OFF, Block 1 (002000-003FFFh) not code-protected
   502                           ;	Code Protection Block 2
   503                           ;	CP2 = OFF, Block 2 (004000-005FFFh) not code-protected
   504                           ;	Code Protection Block 3
   505                           ;	CP3 = OFF, Block 3 (006000-007FFFh) not code-protected
   506   300008                     	org	3145736
   507   300008  0F                 	db	15
   508                           
   509                           ;Config register CONFIG5H @ 0x300009
   510                           ;	Boot Block Code Protection bit
   511                           ;	CPB = OFF, Boot block (000000-0007FFh) not code-protected
   512                           ;	Data EEPROM Code Protection bit
   513                           ;	CPD = OFF, Data EEPROM not code-protected
   514   300009                     	org	3145737
   515   300009  C0                 	db	192
   516                           
   517                           ;Config register CONFIG6L @ 0x30000A
   518                           ;	Write Protection Block 0
   519                           ;	WRT0 = OFF, Block 0 (000800-001FFFh) not write-protected
   520                           ;	Write Protection Block 1
   521                           ;	WRT1 = OFF, Block 1 (002000-003FFFh) not write-protected
   522                           ;	Write Protection Block 2
   523                           ;	WRT2 = OFF, Block 2 (004000-005FFFh) not write-protected
   524                           ;	Write Protection Block 3
   525                           ;	WRT3 = OFF, Block 3 (006000-007FFFh) not write-protected
   526   30000A                     	org	3145738
   527   30000A  0F                 	db	15
   528                           
   529                           ;Config register CONFIG6H @ 0x30000B
   530                           ;	Configuration Register Write Protection bit
   531                           ;	WRTC = OFF, Configuration registers (300000-3000FFh) not write-protected
   532                           ;	Boot Block Write Protection bit
   533                           ;	WRTB = OFF, Boot Block (000000-0007FFh) not write-protected
   534                           ;	Data EEPROM Write Protection bit
   535                           ;	WRTD = OFF, Data EEPROM not write-protected
   536   30000B                     	org	3145739
   537   30000B  E0                 	db	224
   538                           
   539                           ;Config register CONFIG7L @ 0x30000C
   540                           ;	Table Read Protection Block 0
   541                           ;	EBTR0 = OFF, Block 0 (000800-001FFFh) not protected from table reads executed in other
      +                           blocks
   542                           ;	Table Read Protection Block 1
   543                           ;	EBTR1 = OFF, Block 1 (002000-003FFFh) not protected from table reads executed in other
      +                           blocks
   544                           ;	Table Read Protection Block 2
   545                           ;	EBTR2 = OFF, Block 2 (004000-005FFFh) not protected from table reads executed in other
      +                           blocks
   546                           ;	Table Read Protection Block 3
   547                           ;	EBTR3 = OFF, Block 3 (006000-007FFFh) not protected from table reads executed in other
      +                           blocks
   548   30000C                     	org	3145740
   549   30000C  0F                 	db	15
   550                           
   551                           ;Config register CONFIG7H @ 0x30000D
   552                           ;	Boot Block Table Read Protection bit
   553                           ;	EBTRB = OFF, Boot Block (000000-0007FFh) not protected from table reads executed in ot
      +                          her blocks
   554   30000D                     	org	3145741
   555   30000D  40                 	db	64
   556                           tosu	equ	0xFFF
   557                           tosh	equ	0xFFE
   558                           tosl	equ	0xFFD
   559                           stkptr	equ	0xFFC
   560                           pclatu	equ	0xFFB
   561                           pclath	equ	0xFFA
   562                           pcl	equ	0xFF9
   563                           tblptru	equ	0xFF8
   564                           tblptrh	equ	0xFF7
   565                           tblptrl	equ	0xFF6
   566                           tablat	equ	0xFF5
   567                           prodh	equ	0xFF4
   568                           prodl	equ	0xFF3
   569                           indf0	equ	0xFEF
   570                           postinc0	equ	0xFEE
   571                           postdec0	equ	0xFED
   572                           preinc0	equ	0xFEC
   573                           plusw0	equ	0xFEB
   574                           fsr0h	equ	0xFEA
   575                           fsr0l	equ	0xFE9
   576                           wreg	equ	0xFE8
   577                           indf1	equ	0xFE7
   578                           postinc1	equ	0xFE6
   579                           postdec1	equ	0xFE5
   580                           preinc1	equ	0xFE4
   581                           plusw1	equ	0xFE3
   582                           fsr1h	equ	0xFE2
   583                           fsr1l	equ	0xFE1
   584                           bsr	equ	0xFE0
   585                           indf2	equ	0xFDF
   586                           postinc2	equ	0xFDE
   587                           postdec2	equ	0xFDD
   588                           preinc2	equ	0xFDC
   589                           plusw2	equ	0xFDB
   590                           fsr2h	equ	0xFDA
   591                           fsr2l	equ	0xFD9
   592                           status	equ	0xFD8

Data Sizes:
    Strings     0
    Constant    0
    Data        0
    BSS         0
    Persistent  0
    Stack       0

Auto Spaces:
    Space          Size  Autos    Used
    COMRAM           95      2       2
    BANK0           160      0       0
    BANK1           256      0       0
    BANK2           256      0       0
    BANK3           256      0       0
    BANK4           256      0       0
    BANK5           256      0       0

Pointer List with Targets:

    None.

Critical Paths under _main in COMRAM

    None.

Critical Paths under _main in BANK0

    None.

Critical Paths under _main in BANK1

    None.

Critical Paths under _main in BANK2

    None.

Critical Paths under _main in BANK3

    None.

Critical Paths under _main in BANK4

    None.

Critical Paths under _main in BANK5

    None.

Call Graph Tables:

 ---------------------------------------------------------------------------------
 (Depth) Function   	        Calls       Base Space   Used Autos Params    Refs
 ---------------------------------------------------------------------------------
 (0) _main                                                 2     2      0       0
                                              0 COMRAM     2     2      0
                  _SYSTEM_Initialize
 ---------------------------------------------------------------------------------
 (1) _SYSTEM_Initialize                                    0     0      0       0
              _OSCILLATOR_Initialize
             _PIN_MANAGER_Initialize
 ---------------------------------------------------------------------------------
 (2) _PIN_MANAGER_Initialize                               0     0      0       0
 ---------------------------------------------------------------------------------
 (2) _OSCILLATOR_Initialize                                0     0      0       0
 ---------------------------------------------------------------------------------
 Estimated maximum stack depth 2
 ---------------------------------------------------------------------------------

 Call Graph Graphs:

 _main (ROOT)
   _SYSTEM_Initialize
     _OSCILLATOR_Initialize
     _PIN_MANAGER_Initialize

 Address spaces:
Name               Size   Autos  Total    Cost      Usage
BITCOMRAM           5F      0       0       0        0.0%
EEDATA             100      0       0       0        0.0%
NULL                 0      0       0       0        0.0%
CODE                 0      0       0       0        0.0%
COMRAM              5F      2       2       1        2.1%
STACK                0      0       0       2        0.0%
DATA                 0      0       0       3        0.0%
BITBANK0            A0      0       0       4        0.0%
BANK0               A0      0       0       5        0.0%
BITBANK1           100      0       0       6        0.0%
BANK1              100      0       0       7        0.0%
BITBANK2           100      0       0       8        0.0%
BANK2              100      0       0       9        0.0%
BITBANK3           100      0       0      10        0.0%
BANK3              100      0       0      11        0.0%
BITBANK4           100      0       0      12        0.0%
BANK4              100      0       0      13        0.0%
BITBANK5           100      0       0      14        0.0%
BANK5              100      0       0      15        0.0%
BITBIGSFRhh          D      0       0      16        0.0%
BITBIGSFRhl         1D      0       0      17        0.0%
BITBIGSFRlh         37      0       0      18        0.0%
BITBIGSFRllhh        4      0       0      19        0.0%
BITBIGSFRllhll       4      0       0      20        0.0%
BITBIGSFRllllh       9      0       0      21        0.0%
BITBIGSFRlllllh      1      0       0      22        0.0%
BITBIGSFRllllll     1C      0       0      23        0.0%
ABS                  0      0       0      24        0.0%
BIGRAM             5FF      0       0      25        0.0%
BIGSFR               0      0       0     200        0.0%
BITSFR               0      0       0     200        0.0%
SFR                  0      0       0     200        0.0%


Microchip Technology PIC18 Macro Assembler V2.41 build 20230208172133 
Symbol Table                                                                                   Fri May 05 21:11:50 2023

                            l11 7F5E                              l14 7F54                              l47 7F90  
                            u10 7FDE                              u11 7FDA                              u27 7FA4  
                            u37 7FBA                              u47 7FE8                             l821 7F8E  
                           l813 7F60                             l823 7F4C                             l815 7F78  
                           l831 7F96                             l817 7F82                             l825 7F56  
                           l841 7FDE                             l833 7F9A                             l819 7F84  
                           l843 7FF4                             l835 7FB0                             l837 7FC6  
                           l829 7F92                             l839 7FCC                             wreg 0FE8  
                          _LATA 0F89                            _LATB 0F8A                            _LATC 0F8B  
                          _LATD 0F8C                            _LATE 0F8D                            _WPUB 0F7C  
                          _main 7F92                            start 0000                    ___param_bank 0000  
 __end_of_OSCILLATOR_Initialize 7F56                           ?_main 0001                           _ANSEL 0F7E  
                         _TRISA 0F92                           _TRISB 0F93                           _TRISC 0F94  
                         _TRISD 0F95                           _TRISE 0F96                           status 0FD8  
               __initialization 7F46                    __end_of_main 8000                          ??_main 0001  
                 __activetblptr 0000                          _ANSELH 0F7F                          _OSCCON 0FD3  
                        isa$std 0001               _SYSTEM_Initialize 7F56                      __accesstop 0060  
       __end_of__initialization 7F46              ?_SYSTEM_Initialize 0001                   ___rparam_used 0001  
                __pcstackCOMRAM 0001             ??_SYSTEM_Initialize 0001       __end_of_SYSTEM_Initialize 7F60  
                       _OSCTUNE 0F9B                         __Hparam 0000                         __Lparam 0000  
                       __pcinit 7F46                         __ramtop 0600                         __ptext0 7F92  
                       __ptext1 7F56                         __ptext2 7F60                         __ptext3 7F4C  
         _OSCILLATOR_Initialize 7F4C        ??_PIN_MANAGER_Initialize 0001            end_of_initialization 7F46  
        ?_OSCILLATOR_Initialize 0001             start_initialization 7F46          _PIN_MANAGER_Initialize 7F60  
                   _INTCON2bits 0FF1                        __Hrparam 0000                        __Lrparam 0000  
       ??_OSCILLATOR_Initialize 0001                        isa$xinst 0000                      _INTCONbits 0FF2  
       ?_PIN_MANAGER_Initialize 0001  __end_of_PIN_MANAGER_Initialize 7F92  
