

Microchip Technology PIC18 LITE Macro Assembler V1.34 build -361300703 
                                                                                               Mon May 30 13:16:26 2022

Microchip Technology Omniscient Code Generator (Lite mode) build 201502162209
     1                           	processor	18F45K20
     2                           	fnconf	rparam,??,?,0
     3                           	opt	pw 120
     4                           	opt	lm
     5                           	psect	text0,global,reloc=2,class=CODE,delta=1
     6                           	psect	cinit,global,reloc=2,class=CODE,delta=1
     7                           	psect	cstackCOMRAM,global,class=COMRAM,space=1,delta=1
     8                           	psect	text1,global,reloc=2,class=CODE,delta=1
     9                           	psect	text2,global,reloc=2,class=CODE,delta=1
    10                           	psect	text3,global,reloc=2,class=CODE,delta=1
    11                           	psect	text4,global,reloc=2,class=CODE,delta=1
    12                           	psect	intsave_regs,global,class=BIGRAM,space=1,delta=1
    13                           	psect	rparam,global,class=COMRAM,space=1,delta=1
    14  0000                     _ANSEL	set	3966
    15  0000                     _ANSELH	set	3967
    16  0000                     _EEADR	set	4009
    17  0000                     _EECON1bits	set	4006
    18  0000                     _EECON2	set	4007
    19  0000                     _EEDATA	set	4008
    20  0000                     _INTCON2bits	set	4081
    21  0000                     _INTCONbits	set	4082
    22  0000                     _LATA	set	3977
    23  0000                     _LATB	set	3978
    24  0000                     _LATC	set	3979
    25  0000                     _LATD	set	3980
    26  0000                     _LATE	set	3981
    27  0000                     _OSCCON	set	4051
    28  0000                     _OSCTUNE	set	3995
    29  0000                     _PIR2bits	set	4001
    30  0000                     _TABLAT	set	4085
    31  0000                     _TBLPTRH	set	4087
    32  0000                     _TBLPTRL	set	4086
    33  0000                     _TBLPTRU	set	4088
    34  0000                     _TRISA	set	3986
    35  0000                     _TRISB	set	3987
    36  0000                     _TRISC	set	3988
    37  0000                     _TRISD	set	3989
    38  0000                     _TRISE	set	3990
    39  0000                     _WPUB	set	3964
    40  0000                     _LATB0	set	31824
    41                           
    42 ;;
    43 ;;Main: autosize = 0, tempsize = 0, incstack = 0, save=0
    44 ;;
    45 ;; *************** function _main *****************
    46 ;; Defined at:
    47 ;;		line 16 in file "main.c"
    48 ;; Parameters:    Size  Location     Type
    49 ;;		None
    50 ;; Auto vars:     Size  Location     Type
    51 ;;  Counter         2    3[COMRAM] int 
    52 ;; Return value:  Size  Location     Type
    53 ;;		None               void
    54 ;; Registers used:
    55 ;;		wreg, status,2, status,0, cstack
    56 ;; Tracked objects:
    57 ;;		On entry : 0/0
    58 ;;		On exit  : 0/0
    59 ;;		Unchanged: 0/0
    60 ;; Data sizes:     COMRAM   BANK0   BANK1   BANK2   BANK3   BANK4   BANK5
    61 ;;      Params:         0       0       0       0       0       0       0
    62 ;;      Locals:         2       0       0       0       0       0       0
    63 ;;      Temps:          0       0       0       0       0       0       0
    64 ;;      Totals:         2       0       0       0       0       0       0
    65 ;;Total ram usage:        2 bytes
    66 ;; Hardware stack levels required when called:    2
    67 ;; This function calls:
    68 ;;		_DATAEE_WriteByte
    69 ;;		_SYSTEM_Initialize
    70 ;; This function is called by:
    71 ;;		Startup code after reset
    72 ;; This function uses a non-reentrant model
    73 ;;
    74                           
    75                           	psect	text0
    76  007F96                     __ptext0:
    77                           	opt stack 0
    78  007F96                     _main:
    79                           	opt stack 29
    80                           
    81                           ;main.c: 19: SYSTEM_Initialize();
    82                           
    83                           ;incstack = 0
    84  007F96  ECAE  F03F         	call	_SYSTEM_Initialize	;wreg free
    85                           
    86                           ;main.c: 21: for (int Counter = 0x00 ; Counter <= 0xFF; Counter++)
    87  007F9A  0E00               	movlw	0
    88  007F9C  6E05               	movwf	main@Counter+1,c
    89  007F9E  0E00               	movlw	0
    90  007FA0  6E04               	movwf	main@Counter,c
    91  007FA2                     l925:
    92  007FA2  BE05               	btfsc	main@Counter+1,7,c
    93  007FA4  D005               	goto	l929
    94  007FA6  0405               	decf	main@Counter+1,w,c
    95  007FA8  B0D8               	btfsc	status,0,c
    96  007FAA  D00A               	goto	l123
    97  007FAC  D001               	goto	l929
    98  007FAE  D008               	goto	l123
    99  007FB0                     l929:
   100                           
   101                           ;main.c: 22: {
   102                           ;main.c: 23: DATAEE_WriteByte(Counter,0x00);
   103  007FB0  0E00               	movlw	0
   104  007FB2  6E01               	movwf	DATAEE_WriteByte@bData,c
   105  007FB4  5004               	movf	main@Counter,w,c
   106  007FB6  ECE4  F03F         	call	_DATAEE_WriteByte
   107  007FBA  4A04               	infsnz	main@Counter,f,c
   108  007FBC  2A05               	incf	main@Counter+1,f,c
   109  007FBE  D7F1               	goto	l925
   110  007FC0                     l123:
   111                           
   112                           ;main.c: 24: }
   113                           ;main.c: 26: LATB0 = 1;
   114  007FC0  808A               	bsf	3978,0,c	;volatile
   115  007FC2  D7FF               	goto	l125
   116  007FC4  EF00  F000         	goto	start
   117  007FC8                     __end_of_main:
   118                           	opt stack 0
   119                           status	equ	0xFD8
   120                           
   121                           	psect	cinit
   122  007F4C                     __pcinit:
   123                           	opt stack 0
   124  007F4C                     start_initialization:
   125                           	opt stack 0
   126  007F4C                     __initialization:
   127                           	opt stack 0
   128  007F4C                     end_of_initialization:
   129                           	opt stack 0
   130  007F4C                     __end_of__initialization:
   131                           	opt stack 0
   132  007F4C  0100               	movlb	0
   133  007F4E  EFCB  F03F         	goto	_main	;jump to C main() function
   134                           status	equ	0xFD8
   135                           
   136                           	psect	cstackCOMRAM
   137  000001                     __pcstackCOMRAM:
   138                           	opt stack 0
   139  000001                     DATAEE_WriteByte@bData:
   140                           	opt stack 0
   141                           
   142                           ; 1 bytes @ 0x0
   143  000001                     	ds	1
   144  000002                     DATAEE_WriteByte@bAdd:
   145                           	opt stack 0
   146                           
   147                           ; 1 bytes @ 0x1
   148  000002                     	ds	1
   149  000003                     DATAEE_WriteByte@GIEBitValue:
   150                           	opt stack 0
   151                           
   152                           ; 1 bytes @ 0x2
   153  000003                     	ds	1
   154  000004                     main@Counter:
   155                           	opt stack 0
   156                           
   157                           ; 2 bytes @ 0x3
   158  000004                     	ds	2
   159                           status	equ	0xFD8
   160                           
   161 ;; *************** function _SYSTEM_Initialize *****************
   162 ;; Defined at:
   163 ;;		line 50 in file "mcc_generated_files/mcc.c"
   164 ;; Parameters:    Size  Location     Type
   165 ;;		None
   166 ;; Auto vars:     Size  Location     Type
   167 ;;		None
   168 ;; Return value:  Size  Location     Type
   169 ;;		None               void
   170 ;; Registers used:
   171 ;;		wreg, status,2, cstack
   172 ;; Tracked objects:
   173 ;;		On entry : 0/0
   174 ;;		On exit  : 0/0
   175 ;;		Unchanged: 0/0
   176 ;; Data sizes:     COMRAM   BANK0   BANK1   BANK2   BANK3   BANK4   BANK5
   177 ;;      Params:         0       0       0       0       0       0       0
   178 ;;      Locals:         0       0       0       0       0       0       0
   179 ;;      Temps:          0       0       0       0       0       0       0
   180 ;;      Totals:         0       0       0       0       0       0       0
   181 ;;Total ram usage:        0 bytes
   182 ;; Hardware stack levels used:    1
   183 ;; Hardware stack levels required when called:    1
   184 ;; This function calls:
   185 ;;		_OSCILLATOR_Initialize
   186 ;;		_PIN_MANAGER_Initialize
   187 ;; This function is called by:
   188 ;;		_main
   189 ;; This function uses a non-reentrant model
   190 ;;
   191                           
   192                           	psect	text1
   193  007F5C                     __ptext1:
   194                           	opt stack 0
   195  007F5C                     _SYSTEM_Initialize:
   196                           	opt stack 29
   197                           
   198                           ;mcc.c: 53: PIN_MANAGER_Initialize();
   199                           
   200                           ;incstack = 0
   201  007F5C  ECB3  F03F         	call	_PIN_MANAGER_Initialize	;wreg free
   202                           
   203                           ;mcc.c: 54: OSCILLATOR_Initialize();
   204  007F60  ECA9  F03F         	call	_OSCILLATOR_Initialize	;wreg free
   205  007F64  0012               	return		;funcret
   206  007F66                     __end_of_SYSTEM_Initialize:
   207                           	opt stack 0
   208                           status	equ	0xFD8
   209                           
   210 ;; *************** function _PIN_MANAGER_Initialize *****************
   211 ;; Defined at:
   212 ;;		line 55 in file "mcc_generated_files/pin_manager.c"
   213 ;; Parameters:    Size  Location     Type
   214 ;;		None
   215 ;; Auto vars:     Size  Location     Type
   216 ;;		None
   217 ;; Return value:  Size  Location     Type
   218 ;;		None               void
   219 ;; Registers used:
   220 ;;		wreg, status,2
   221 ;; Tracked objects:
   222 ;;		On entry : 0/0
   223 ;;		On exit  : 0/0
   224 ;;		Unchanged: 0/0
   225 ;; Data sizes:     COMRAM   BANK0   BANK1   BANK2   BANK3   BANK4   BANK5
   226 ;;      Params:         0       0       0       0       0       0       0
   227 ;;      Locals:         0       0       0       0       0       0       0
   228 ;;      Temps:          0       0       0       0       0       0       0
   229 ;;      Totals:         0       0       0       0       0       0       0
   230 ;;Total ram usage:        0 bytes
   231 ;; Hardware stack levels used:    1
   232 ;; This function calls:
   233 ;;		Nothing
   234 ;; This function is called by:
   235 ;;		_SYSTEM_Initialize
   236 ;; This function uses a non-reentrant model
   237 ;;
   238                           
   239                           	psect	text2
   240  007F66                     __ptext2:
   241                           	opt stack 0
   242  007F66                     _PIN_MANAGER_Initialize:
   243                           	opt stack 29
   244                           
   245                           ;pin_manager.c: 60: LATE = 0x00;
   246                           
   247                           ;incstack = 0
   248  007F66  0E00               	movlw	0
   249  007F68  6E8D               	movwf	3981,c	;volatile
   250                           
   251                           ;pin_manager.c: 61: LATD = 0x00;
   252  007F6A  0E00               	movlw	0
   253  007F6C  6E8C               	movwf	3980,c	;volatile
   254                           
   255                           ;pin_manager.c: 62: LATA = 0x00;
   256  007F6E  0E00               	movlw	0
   257  007F70  6E89               	movwf	3977,c	;volatile
   258                           
   259                           ;pin_manager.c: 63: LATB = 0x00;
   260  007F72  0E00               	movlw	0
   261  007F74  6E8A               	movwf	3978,c	;volatile
   262                           
   263                           ;pin_manager.c: 64: LATC = 0x00;
   264  007F76  0E00               	movlw	0
   265  007F78  6E8B               	movwf	3979,c	;volatile
   266                           
   267                           ;pin_manager.c: 69: TRISE = 0x07;
   268  007F7A  0E07               	movlw	7
   269  007F7C  6E96               	movwf	3990,c	;volatile
   270                           
   271                           ;pin_manager.c: 70: TRISA = 0xFF;
   272  007F7E  6892               	setf	3986,c	;volatile
   273                           
   274                           ;pin_manager.c: 71: TRISB = 0xFE;
   275  007F80  0EFE               	movlw	254
   276  007F82  6E93               	movwf	3987,c	;volatile
   277                           
   278                           ;pin_manager.c: 72: TRISC = 0xFF;
   279  007F84  6894               	setf	3988,c	;volatile
   280                           
   281                           ;pin_manager.c: 73: TRISD = 0xFF;
   282  007F86  6895               	setf	3989,c	;volatile
   283                           
   284                           ;pin_manager.c: 78: ANSEL = 0xFF;
   285  007F88  687E               	setf	3966,c	;volatile
   286                           
   287                           ;pin_manager.c: 79: ANSELH = 0x1F;
   288  007F8A  0E1F               	movlw	31
   289  007F8C  6E7F               	movwf	3967,c	;volatile
   290                           
   291                           ;pin_manager.c: 84: WPUB = 0x00;
   292  007F8E  0E00               	movlw	0
   293  007F90  6E7C               	movwf	3964,c	;volatile
   294                           
   295                           ;pin_manager.c: 85: INTCON2bits.nRBPU = 1;
   296  007F92  8EF1               	bsf	intcon2,7,c	;volatile
   297  007F94  0012               	return		;funcret
   298  007F96                     __end_of_PIN_MANAGER_Initialize:
   299                           	opt stack 0
   300                           intcon2	equ	0xFF1
   301                           status	equ	0xFD8
   302                           
   303 ;; *************** function _OSCILLATOR_Initialize *****************
   304 ;; Defined at:
   305 ;;		line 57 in file "mcc_generated_files/mcc.c"
   306 ;; Parameters:    Size  Location     Type
   307 ;;		None
   308 ;; Auto vars:     Size  Location     Type
   309 ;;		None
   310 ;; Return value:  Size  Location     Type
   311 ;;		None               void
   312 ;; Registers used:
   313 ;;		wreg, status,2
   314 ;; Tracked objects:
   315 ;;		On entry : 0/0
   316 ;;		On exit  : 0/0
   317 ;;		Unchanged: 0/0
   318 ;; Data sizes:     COMRAM   BANK0   BANK1   BANK2   BANK3   BANK4   BANK5
   319 ;;      Params:         0       0       0       0       0       0       0
   320 ;;      Locals:         0       0       0       0       0       0       0
   321 ;;      Temps:          0       0       0       0       0       0       0
   322 ;;      Totals:         0       0       0       0       0       0       0
   323 ;;Total ram usage:        0 bytes
   324 ;; Hardware stack levels used:    1
   325 ;; This function calls:
   326 ;;		Nothing
   327 ;; This function is called by:
   328 ;;		_SYSTEM_Initialize
   329 ;; This function uses a non-reentrant model
   330 ;;
   331                           
   332                           	psect	text3
   333  007F52                     __ptext3:
   334                           	opt stack 0
   335  007F52                     _OSCILLATOR_Initialize:
   336                           	opt stack 29
   337                           
   338                           ;mcc.c: 60: OSCCON = 0x60;
   339                           
   340                           ;incstack = 0
   341  007F52  0E60               	movlw	96
   342  007F54  6ED3               	movwf	4051,c	;volatile
   343                           
   344                           ;mcc.c: 62: OSCTUNE = 0x00;
   345  007F56  0E00               	movlw	0
   346  007F58  6E9B               	movwf	3995,c	;volatile
   347  007F5A  0012               	return		;funcret
   348  007F5C                     __end_of_OSCILLATOR_Initialize:
   349                           	opt stack 0
   350                           intcon2	equ	0xFF1
   351                           status	equ	0xFD8
   352                           
   353 ;; *************** function _DATAEE_WriteByte *****************
   354 ;; Defined at:
   355 ;;		line 173 in file "mcc_generated_files/memory.c"
   356 ;; Parameters:    Size  Location     Type
   357 ;;  bAdd            1    wreg     unsigned char 
   358 ;;  bData           1    0[COMRAM] unsigned char 
   359 ;; Auto vars:     Size  Location     Type
   360 ;;  bAdd            1    1[COMRAM] unsigned char 
   361 ;;  GIEBitValue     1    2[COMRAM] unsigned char 
   362 ;; Return value:  Size  Location     Type
   363 ;;		None               void
   364 ;; Registers used:
   365 ;;		wreg, status,2
   366 ;; Tracked objects:
   367 ;;		On entry : 0/0
   368 ;;		On exit  : 0/0
   369 ;;		Unchanged: 0/0
   370 ;; Data sizes:     COMRAM   BANK0   BANK1   BANK2   BANK3   BANK4   BANK5
   371 ;;      Params:         1       0       0       0       0       0       0
   372 ;;      Locals:         2       0       0       0       0       0       0
   373 ;;      Temps:          0       0       0       0       0       0       0
   374 ;;      Totals:         3       0       0       0       0       0       0
   375 ;;Total ram usage:        3 bytes
   376 ;; Hardware stack levels used:    1
   377 ;; This function calls:
   378 ;;		Nothing
   379 ;; This function is called by:
   380 ;;		_main
   381 ;; This function uses a non-reentrant model
   382 ;;
   383                           
   384                           	psect	text4
   385  007FC8                     __ptext4:
   386                           	opt stack 0
   387  007FC8                     _DATAEE_WriteByte:
   388                           	opt stack 30
   389                           
   390                           ;incstack = 0
   391                           ;DATAEE_WriteByte@bAdd stored from wreg
   392  007FC8  6E02               	movwf	DATAEE_WriteByte@bAdd,c
   393                           
   394                           ;memory.c: 175: uint8_t GIEBitValue = INTCONbits.GIE;
   395  007FCA  0E00               	movlw	0
   396  007FCC  BEF2               	btfsc	intcon,7,c	;volatile
   397  007FCE  0E01               	movlw	1
   398  007FD0  6E03               	movwf	DATAEE_WriteByte@GIEBitValue,c
   399                           
   400                           ;memory.c: 177: EEADR = (uint8_t)(bAdd & 0xFF);
   401  007FD2  C002  FFA9         	movff	DATAEE_WriteByte@bAdd,4009	;volatile
   402                           
   403                           ;memory.c: 178: EEDATA = bData;
   404  007FD6  C001  FFA8         	movff	DATAEE_WriteByte@bData,4008	;volatile
   405                           
   406                           ;memory.c: 179: EECON1bits.EEPGD = 0;
   407  007FDA  9EA6               	bcf	4006,7,c	;volatile
   408                           
   409                           ;memory.c: 180: EECON1bits.CFGS = 0;
   410  007FDC  9CA6               	bcf	4006,6,c	;volatile
   411                           
   412                           ;memory.c: 181: EECON1bits.WREN = 1;
   413  007FDE  84A6               	bsf	4006,2,c	;volatile
   414                           
   415                           ;memory.c: 182: INTCONbits.GIE = 0;
   416  007FE0  9EF2               	bcf	intcon,7,c	;volatile
   417                           
   418                           ;memory.c: 183: EECON2 = 0x55;
   419  007FE2  0E55               	movlw	85
   420  007FE4  6EA7               	movwf	4007,c	;volatile
   421                           
   422                           ;memory.c: 184: EECON2 = 0xAA;
   423  007FE6  0EAA               	movlw	170
   424  007FE8  6EA7               	movwf	4007,c	;volatile
   425                           
   426                           ;memory.c: 185: EECON1bits.WR = 1;
   427  007FEA  82A6               	bsf	4006,1,c	;volatile
   428                           
   429                           ;memory.c: 187: while (EECON1bits.WR)
   430  007FEC  D000               	goto	l68
   431  007FEE                     l68:
   432  007FEE  B2A6               	btfsc	4006,1,c	;volatile
   433  007FF0  D7FE               	goto	l68
   434                           
   435                           ;memory.c: 189: }
   436                           ;memory.c: 191: EECON1bits.WREN = 0;
   437  007FF2  94A6               	bcf	4006,2,c	;volatile
   438                           
   439                           ;memory.c: 192: INTCONbits.GIE = GIEBitValue;
   440  007FF4  B003               	btfsc	DATAEE_WriteByte@GIEBitValue,0,c
   441  007FF6  D002               	bra	u165
   442  007FF8  9EF2               	bcf	intcon,7,c	;volatile
   443  007FFA  D001               	bra	u166
   444  007FFC                     u165:
   445  007FFC  8EF2               	bsf	intcon,7,c	;volatile
   446  007FFE                     u166:
   447  007FFE  0012               	return		;funcret
   448  008000                     __end_of_DATAEE_WriteByte:
   449                           	opt stack 0
   450  0000                     intcon	equ	0xFF2
   451                           intcon2	equ	0xFF1
   452                           status	equ	0xFD8
   453                           intcon	equ	0xFF2
   454                           intcon2	equ	0xFF1
   455                           status	equ	0xFD8
   456                           
   457                           	psect	rparam
   458  0000                     intcon	equ	0xFF2
   459                           intcon2	equ	0xFF1
   460                           status	equ	0xFD8


Data Sizes:
    Strings     0
    Constant    0
    Data        0
    BSS         0
    Persistent  0
    Stack       0

Auto Spaces:
    Space          Size  Autos    Used
    COMRAM           95      5       5
    BANK0           160      0       0
    BANK1           256      0       0
    BANK2           256      0       0
    BANK3           256      0       0
    BANK4           256      0       0
    BANK5           256      0       0

Pointer List with Targets:

    None.

Critical Paths under _main in COMRAM

    _main->_DATAEE_WriteByte

Critical Paths under _main in BANK0

    None.

Critical Paths under _main in BANK1

    None.

Critical Paths under _main in BANK2

    None.

Critical Paths under _main in BANK3

    None.

Critical Paths under _main in BANK4

    None.

Critical Paths under _main in BANK5

    None.

Call Graph Tables:

 ---------------------------------------------------------------------------------
 (Depth) Function   	        Calls       Base Space   Used Autos Params    Refs
 ---------------------------------------------------------------------------------
 (0) _main                                                 2     2      0     199
                                              3 COMRAM     2     2      0
                   _DATAEE_WriteByte
                  _SYSTEM_Initialize
 ---------------------------------------------------------------------------------
 (1) _SYSTEM_Initialize                                    0     0      0       0
              _OSCILLATOR_Initialize
             _PIN_MANAGER_Initialize
 ---------------------------------------------------------------------------------
 (2) _PIN_MANAGER_Initialize                               0     0      0       0
 ---------------------------------------------------------------------------------
 (2) _OSCILLATOR_Initialize                                0     0      0       0
 ---------------------------------------------------------------------------------
 (1) _DATAEE_WriteByte                                     3     2      1     131
                                              0 COMRAM     3     2      1
 ---------------------------------------------------------------------------------
 Estimated maximum stack depth 2
 ---------------------------------------------------------------------------------

 Call Graph Graphs:

 _main (ROOT)
   _DATAEE_WriteByte
   _SYSTEM_Initialize
     _OSCILLATOR_Initialize
     _PIN_MANAGER_Initialize

 Address spaces:
Name               Size   Autos  Total    Cost      Usage
BITCOMRAM           5F      0       0       0        0.0%
EEDATA             100      0       0       0        0.0%
NULL                 0      0       0       0        0.0%
CODE                 0      0       0       0        0.0%
COMRAM              5F      5       5       1        5.3%
STACK                0      0       0       2        0.0%
DATA                 0      0       0       3        0.0%
BITBANK0            A0      0       0       4        0.0%
BANK0               A0      0       0       5        0.0%
BITBANK1           100      0       0       6        0.0%
BANK1              100      0       0       7        0.0%
BITBANK2           100      0       0       8        0.0%
BANK2              100      0       0       9        0.0%
BITBANK3           100      0       0      10        0.0%
BANK3              100      0       0      11        0.0%
BITBANK4           100      0       0      12        0.0%
BANK4              100      0       0      13        0.0%
BANK5              100      0       0      14        0.0%
ABS                  0      0       0      15        0.0%
BITBANK5           100      0       0      16        0.0%
BIGRAM             5FF      0       0      17        0.0%
BITSFR               0      0       0      40        0.0%
SFR                  0      0       0      40        0.0%


Microchip Technology PIC18 Macro Assembler V1.34 build -361300703 
Symbol Table                                                                                   Mon May 30 13:16:26 2022

                    main@Counter 0004                               l68 7FEE  
                   __CFG_CP0$OFF 000000                     __CFG_CP1$OFF 000000  
                   __CFG_CP2$OFF 000000                     __CFG_CP3$OFF 000000  
                            l123 7FC0                              l125 7FC2  
                            l925 7FA2                              l929 7FB0  
                   __CFG_CPB$OFF 000000                              u165 7FFC  
                            u166 7FFE                     __CFG_CPD$OFF 000000  
                   __CFG_BORV$18 000000                     __CFG_FOSC$HS 000000  
                   __CFG_LVP$OFF 000000                             _LATA 000F89  
                           _LATB 000F8A                             _LATC 000F8B  
                           _LATD 000F8C                             _LATE 000F8D  
                           _WPUB 000F7C                             _main 7F96  
                           start 0000                    __CFG_IESO$OFF 000000  
                  __CFG_MCLRE$ON 000000                     ___param_bank 000010  
      __size_of_DATAEE_WriteByte 0038   __size_of_OSCILLATOR_Initialize 000A  
  __end_of_OSCILLATOR_Initialize 7F5C                            ?_main 0001  
                          _EEADR 000FA9                            _ANSEL 000F7E  
                          _LATB0 007C50                   __CFG_DEBUG$OFF 000000  
                          _TRISA 000F92                            _TRISB 000F93  
                          _TRISC 000F94                            _TRISD 000F95  
                          _TRISE 000F96                    __CFG_PWRT$OFF 000000  
                  __CFG_WRT0$OFF 000000                    __CFG_WRT1$OFF 000000  
                  __CFG_WRT2$OFF 000000                    __CFG_WRT3$OFF 000000  
                 __CFG_EBTR0$OFF 000000                   __CFG_FCMEN$OFF 000000  
                 __CFG_EBTR1$OFF 000000                   __CFG_EBTR2$OFF 000000  
                 __CFG_EBTR3$OFF 000000                    __CFG_WRTB$OFF 000000  
                  __CFG_WRTC$OFF 000000                    __CFG_WRTD$OFF 000000  
                 __CFG_EBTRB$OFF 000000                            status 000FD8  
                 __CFG_HFOFST$ON 000000                   __CFG_PBADEN$ON 000000  
                __initialization 7F4C                     __end_of_main 7FC8  
                         ??_main 0004                    __activetblptr 000000  
                         _EEDATA 000FA8                           _EECON2 000FA7  
                         _ANSELH 000F7F                   __CFG_WDTEN$OFF 000000  
                         _TABLAT 000FF5                           _OSCCON 000FD3  
                 __CFG_XINST$OFF 000000                   __CFG_STVREN$ON 000000  
              _SYSTEM_Initialize 7F5C                       __accesstop 0060  
        __end_of__initialization 7F4C               ?_SYSTEM_Initialize 0001  
                  ___rparam_used 000001                   __pcstackCOMRAM 0001  
            ??_SYSTEM_Initialize 0001                 _DATAEE_WriteByte 7FC8  
      __end_of_SYSTEM_Initialize 7F66                          _TBLPTRH 000FF7  
                        _TBLPTRL 000FF6                          _TBLPTRU 000FF8  
                        _OSCTUNE 000F9B             DATAEE_WriteByte@bAdd 0002  
                        __Hparam 0000                          __Lparam 0000  
                        __pcinit 7F4C                          __ramtop 0600  
                        __ptext0 7F96                          __ptext1 7F5C  
                        __ptext2 7F66                          __ptext3 7F52  
                        __ptext4 7FC8            _OSCILLATOR_Initialize 7F52  
       ??_PIN_MANAGER_Initialize 0001       __size_of_SYSTEM_Initialize 000A  
           end_of_initialization 7F4C         __end_of_DATAEE_WriteByte 8000  
         ?_OSCILLATOR_Initialize 0001              start_initialization 7F4C  
__size_of_PIN_MANAGER_Initialize 0030                 __CFG_LPT1OSC$OFF 000000  
         _PIN_MANAGER_Initialize 7F66                __CFG_CCP2MX$PORTC 000000  
                       _PIR2bits 000FA1                 __CFG_WDTPS$32768 000000  
          DATAEE_WriteByte@bData 0001                      _INTCON2bits 000FF1  
              ?_DATAEE_WriteByte 0001               ??_DATAEE_WriteByte 0002  
                     _EECON1bits 000FA6                         __Hrparam 0000  
                       __Lrparam 0000               __CFG_BOREN$SBORDIS 000000  
        ??_OSCILLATOR_Initialize 0001      DATAEE_WriteByte@GIEBitValue 0003  
                  __size_of_main 0032                       _INTCONbits 000FF2  
        ?_PIN_MANAGER_Initialize 0001   __end_of_PIN_MANAGER_Initialize 7F96  
