

Microchip MPLAB XC8 Assembler V2.36 build 20220127204148 
                                                                                               Mon Dec 26 15:34:15 2022

Microchip MPLAB XC8 C Compiler v2.36 (Free license) build 20220127204148 Og1 
     1                           	processor	18F45K20
     2                           	fnconf	rparam,??,?,0
     3                           	pagewidth 120
     4                           	opt	flic
     5                           	psect	cinit,global,reloc=2,class=CODE,delta=1
     6                           	psect	cstackCOMRAM,global,class=COMRAM,space=1,delta=1,lowdata,noexec
     7                           	psect	text0,global,reloc=2,class=CODE,delta=1
     8                           	psect	text1,global,reloc=2,class=CODE,delta=1
     9                           	psect	text2,global,reloc=2,class=CODE,delta=1
    10                           	psect	text3,global,reloc=2,class=CODE,delta=1
    11                           	psect	text4,global,reloc=2,class=CODE,delta=1
    12                           	psect	intsave_regs,global,class=BIGRAM,space=1,delta=1,noexec
    13                           	psect	rparam,global,class=COMRAM,space=1,delta=1,noexec
    14                           	psect	idloc,global,abs,ovrld,class=IDLOC,space=5,delta=1,noexec
    15                           	psect	config,global,abs,ovrld,class=CONFIG,space=4,delta=1,noexec
    16  0000                     
    17                           ; Version 2.36
    18                           ; Generated 28/01/2022 GMT
    19                           ; 
    20                           ; Copyright © 2022, Microchip Technology Inc. and its subsidiaries ("Microchip")
    21                           ; All rights reserved.
    22                           ; 
    23                           ; This software is developed by Microchip Technology Inc. and its subsidiaries ("Microch
      +                          ip").
    24                           ; 
    25                           ; Redistribution and use in source and binary forms, with or without modification, are
    26                           ; permitted provided that the following conditions are met:
    27                           ; 
    28                           ;     1. Redistributions of source code must retain the above copyright notice, this lis
      +                          t of
    29                           ;        conditions and the following disclaimer.
    30                           ; 
    31                           ;     2. Redistributions in binary form must reproduce the above copyright notice, this 
      +                          list
    32                           ;        of conditions and the following disclaimer in the documentation and/or other
    33                           ;        materials provided with the distribution. Publication is not required when
    34                           ;        this file is used in an embedded application.
    35                           ; 
    36                           ;     3. Microchip's name may not be used to endorse or promote products derived from th
      +                          is
    37                           ;        software without specific prior written permission.
    38                           ; 
    39                           ; THIS SOFTWARE IS PROVIDED BY MICROCHIP "AS IS" AND ANY EXPRESS OR IMPLIED WARRANTIES,
    40                           ; INCLUDING, BUT NOT LIMITED TO, THE IMPLIED WARRANTIES OF MERCHANTABILITY AND FITNESS F
      +                          OR
    41                           ; PURPOSE ARE DISCLAIMED.  IN NO EVENT SHALL MICROCHIP BE LIABLE FOR ANY DIRECT, INDIREC
      +                          T,
    42                           ; INCIDENTAL, SPECIAL, EXEMPLARY, OR CONSEQUENTIAL DAMAGES (INCLUDING BUT NOT LIMITED TO
    43                           ; PROCUREMENT OF SUBSTITUTE GOODS OR SERVICES; LOSS OF USE, DATA OR PROFITS; OR BUSINESS
    44                           ; INTERRUPTION) HOWSOEVER CAUSED AND ON ANY THEORY OF LIABILITY, WHETHER IN CONTRACT, ST
      +                          RICT
    45                           ; LIABILITY, OR TORT (INCLUDING NEGLIGENCE OR OTHERWISE) ARISING IN ANY WAY OUT OF THE U
      +                          SE OF
    46                           ; THIS SOFTWARE, EVEN IF ADVISED OF THE POSSIBILITY OF SUCH DAMAGE.
    47                           ; 
    48                           ; 
    49                           ; Code-generator required, PIC18F45K20 Definitions
    50                           ; 
    51                           ; SFR Addresses
    52  0000                     _TRISD	set	3989
    53  0000                     _TRISC	set	3988
    54  0000                     _TRISB	set	3987
    55  0000                     _LATC	set	3979
    56  0000                     _LATB	set	3978
    57  0000                     _EEDATA	set	4008
    58  0000                     _EEADR	set	4009
    59  0000                     _EECON2	set	4007
    60  0000                     _LATBbits	set	3978
    61  0000                     _WPUB	set	3964
    62  0000                     _ANSEL	set	3966
    63  0000                     _LATA	set	3977
    64  0000                     _LATD	set	3980
    65  0000                     _LATE	set	3981
    66  0000                     _OSCTUNE	set	3995
    67  0000                     _OSCCON	set	4051
    68  0000                     _INTCON2bits	set	4081
    69  0000                     _INTCONbits	set	4082
    70  0000                     _TABLAT	set	4085
    71  0000                     _TBLPTRL	set	4086
    72  0000                     _TBLPTRH	set	4087
    73  0000                     _TBLPTRU	set	4088
    74  0000                     _PIR2bits	set	4001
    75  0000                     _EECON1bits	set	4006
    76  0000                     _TRISA	set	3986
    77  0000                     _TRISE	set	3990
    78  0000                     _ANSELH	set	3967
    79                           
    80                           ; #config settings
    81                           
    82                           	psect	cinit
    83  007F3C                     __pcinit:
    84                           	callstack 0
    85  007F3C                     start_initialization:
    86                           	callstack 0
    87  007F3C                     __initialization:
    88                           	callstack 0
    89  007F3C                     end_of_initialization:
    90                           	callstack 0
    91  007F3C                     __end_of__initialization:
    92                           	callstack 0
    93  007F3C  0100               	movlb	0
    94  007F3E  EFC3  F03F         	goto	_main	;jump to C main() function
    95                           
    96                           	psect	cstackCOMRAM
    97  000001                     __pcstackCOMRAM:
    98                           	callstack 0
    99  000001                     DATAEE_WriteByte@bData:
   100                           	callstack 0
   101                           
   102                           ; 1 bytes @ 0x0
   103  000001                     	ds	1
   104  000002                     DATAEE_WriteByte@bAdd:
   105                           	callstack 0
   106                           
   107                           ; 1 bytes @ 0x1
   108  000002                     	ds	1
   109  000003                     DATAEE_WriteByte@GIEBitValue:
   110                           	callstack 0
   111                           
   112                           ; 1 bytes @ 0x2
   113  000003                     	ds	1
   114  000004                     main@Counter:
   115                           	callstack 0
   116                           
   117                           ; 2 bytes @ 0x3
   118  000004                     	ds	2
   119                           
   120 ;;
   121 ;;Main: autosize = 0, tempsize = 0, incstack = 0, save=0
   122 ;;
   123 ;; *************** function _main *****************
   124 ;; Defined at:
   125 ;;		line 15 in file "main.c"
   126 ;; Parameters:    Size  Location     Type
   127 ;;		None
   128 ;; Auto vars:     Size  Location     Type
   129 ;;  Counter         2    3[COMRAM] int 
   130 ;; Return value:  Size  Location     Type
   131 ;;                  1    wreg      void 
   132 ;; Registers used:
   133 ;;		wreg, status,2, status,0, cstack
   134 ;; Tracked objects:
   135 ;;		On entry : 0/0
   136 ;;		On exit  : 0/0
   137 ;;		Unchanged: 0/0
   138 ;; Data sizes:     COMRAM   BANK0   BANK1   BANK2   BANK3   BANK4   BANK5
   139 ;;      Params:         0       0       0       0       0       0       0
   140 ;;      Locals:         2       0       0       0       0       0       0
   141 ;;      Temps:          0       0       0       0       0       0       0
   142 ;;      Totals:         2       0       0       0       0       0       0
   143 ;;Total ram usage:        2 bytes
   144 ;; Hardware stack levels required when called: 2
   145 ;; This function calls:
   146 ;;		_DATAEE_WriteByte
   147 ;;		_SYSTEM_Initialize
   148 ;; This function is called by:
   149 ;;		Startup code after reset
   150 ;; This function uses a non-reentrant model
   151 ;;
   152                           
   153                           	psect	text0
   154  007F86                     __ptext0:
   155                           	callstack 0
   156  007F86                     _main:
   157                           	callstack 29
   158  007F86                     
   159                           ;main.c: 18:     SYSTEM_Initialize();
   160  007F86  ECA6  F03F         	call	_SYSTEM_Initialize	;wreg free
   161  007F8A                     
   162                           ;main.c: 20:     for (int Counter = 0x00 ; Counter <= 0xFF; Counter++)
   163  007F8A  0E00               	movlw	0
   164  007F8C  6E05               	movwf	(main@Counter+1)^0,c
   165  007F8E  0E00               	movlw	0
   166  007F90  6E04               	movwf	main@Counter^0,c
   167  007F92                     l1003:
   168                           
   169                           ;main.c: 21:     {;main.c: 22:         DATAEE_WriteByte(Counter,0x00);
   170  007F92  0E00               	movlw	0
   171  007F94  6E01               	movwf	DATAEE_WriteByte@bData^0,c
   172  007F96  5004               	movf	main@Counter^0,w,c
   173  007F98  ECE0  F03F         	call	_DATAEE_WriteByte
   174  007F9C                     
   175                           ;main.c: 23:     }
   176  007F9C  4A04               	infsnz	main@Counter^0,f,c
   177  007F9E  2A05               	incf	(main@Counter+1)^0,f,c
   178  007FA0  BE05               	btfsc	(main@Counter+1)^0,7,c
   179  007FA2  EFD9  F03F         	goto	u151
   180  007FA6  0405               	decf	(main@Counter+1)^0,w,c
   181  007FA8  A0D8               	btfss	status,0,c
   182  007FAA  EFD9  F03F         	goto	u151
   183  007FAE  EFDB  F03F         	goto	u150
   184  007FB2                     u151:
   185  007FB2  EFC9  F03F         	goto	l1003
   186  007FB6                     u150:
   187  007FB6                     
   188                           ;main.c: 25:     LATBbits.LATB0 = 1;
   189  007FB6  808A               	bsf	138,0,c	;volatile
   190  007FB8                     l126:
   191  007FB8  EFDC  F03F         	goto	l126
   192  007FBC  EF00  F000         	goto	start
   193  007FC0                     __end_of_main:
   194                           	callstack 0
   195                           
   196 ;; *************** function _SYSTEM_Initialize *****************
   197 ;; Defined at:
   198 ;;		line 50 in file "mcc_generated_files/mcc.c"
   199 ;; Parameters:    Size  Location     Type
   200 ;;		None
   201 ;; Auto vars:     Size  Location     Type
   202 ;;		None
   203 ;; Return value:  Size  Location     Type
   204 ;;                  1    wreg      void 
   205 ;; Registers used:
   206 ;;		wreg, status,2, cstack
   207 ;; Tracked objects:
   208 ;;		On entry : 0/0
   209 ;;		On exit  : 0/0
   210 ;;		Unchanged: 0/0
   211 ;; Data sizes:     COMRAM   BANK0   BANK1   BANK2   BANK3   BANK4   BANK5
   212 ;;      Params:         0       0       0       0       0       0       0
   213 ;;      Locals:         0       0       0       0       0       0       0
   214 ;;      Temps:          0       0       0       0       0       0       0
   215 ;;      Totals:         0       0       0       0       0       0       0
   216 ;;Total ram usage:        0 bytes
   217 ;; Hardware stack levels used: 1
   218 ;; Hardware stack levels required when called: 1
   219 ;; This function calls:
   220 ;;		_OSCILLATOR_Initialize
   221 ;;		_PIN_MANAGER_Initialize
   222 ;; This function is called by:
   223 ;;		_main
   224 ;; This function uses a non-reentrant model
   225 ;;
   226                           
   227                           	psect	text1
   228  007F4C                     __ptext1:
   229                           	callstack 0
   230  007F4C                     _SYSTEM_Initialize:
   231                           	callstack 29
   232  007F4C                     
   233                           ;mcc_generated_files/mcc.c: 53:     PIN_MANAGER_Initialize();
   234  007F4C  ECAB  F03F         	call	_PIN_MANAGER_Initialize	;wreg free
   235                           
   236                           ;mcc_generated_files/mcc.c: 54:     OSCILLATOR_Initialize();
   237  007F50  ECA1  F03F         	call	_OSCILLATOR_Initialize	;wreg free
   238  007F54  0012               	return		;funcret
   239  007F56                     __end_of_SYSTEM_Initialize:
   240                           	callstack 0
   241                           
   242 ;; *************** function _PIN_MANAGER_Initialize *****************
   243 ;; Defined at:
   244 ;;		line 55 in file "mcc_generated_files/pin_manager.c"
   245 ;; Parameters:    Size  Location     Type
   246 ;;		None
   247 ;; Auto vars:     Size  Location     Type
   248 ;;		None
   249 ;; Return value:  Size  Location     Type
   250 ;;                  1    wreg      void 
   251 ;; Registers used:
   252 ;;		wreg, status,2
   253 ;; Tracked objects:
   254 ;;		On entry : 0/0
   255 ;;		On exit  : 0/0
   256 ;;		Unchanged: 0/0
   257 ;; Data sizes:     COMRAM   BANK0   BANK1   BANK2   BANK3   BANK4   BANK5
   258 ;;      Params:         0       0       0       0       0       0       0
   259 ;;      Locals:         0       0       0       0       0       0       0
   260 ;;      Temps:          0       0       0       0       0       0       0
   261 ;;      Totals:         0       0       0       0       0       0       0
   262 ;;Total ram usage:        0 bytes
   263 ;; Hardware stack levels used: 1
   264 ;; This function calls:
   265 ;;		Nothing
   266 ;; This function is called by:
   267 ;;		_SYSTEM_Initialize
   268 ;; This function uses a non-reentrant model
   269 ;;
   270                           
   271                           	psect	text2
   272  007F56                     __ptext2:
   273                           	callstack 0
   274  007F56                     _PIN_MANAGER_Initialize:
   275                           	callstack 29
   276  007F56                     
   277                           ;mcc_generated_files/pin_manager.c: 60:     LATE = 0x00;
   278  007F56  0E00               	movlw	0
   279  007F58  6E8D               	movwf	141,c	;volatile
   280                           
   281                           ;mcc_generated_files/pin_manager.c: 61:     LATD = 0x00;
   282  007F5A  0E00               	movlw	0
   283  007F5C  6E8C               	movwf	140,c	;volatile
   284                           
   285                           ;mcc_generated_files/pin_manager.c: 62:     LATA = 0x00;
   286  007F5E  0E00               	movlw	0
   287  007F60  6E89               	movwf	137,c	;volatile
   288                           
   289                           ;mcc_generated_files/pin_manager.c: 63:     LATB = 0x00;
   290  007F62  0E00               	movlw	0
   291  007F64  6E8A               	movwf	138,c	;volatile
   292                           
   293                           ;mcc_generated_files/pin_manager.c: 64:     LATC = 0x00;
   294  007F66  0E00               	movlw	0
   295  007F68  6E8B               	movwf	139,c	;volatile
   296                           
   297                           ;mcc_generated_files/pin_manager.c: 69:     TRISE = 0x07;
   298  007F6A  0E07               	movlw	7
   299  007F6C  6E96               	movwf	150,c	;volatile
   300  007F6E                     
   301                           ;mcc_generated_files/pin_manager.c: 70:     TRISA = 0xFF;
   302  007F6E  6892               	setf	146,c	;volatile
   303                           
   304                           ;mcc_generated_files/pin_manager.c: 71:     TRISB = 0xFE;
   305  007F70  0EFE               	movlw	254
   306  007F72  6E93               	movwf	147,c	;volatile
   307  007F74                     
   308                           ;mcc_generated_files/pin_manager.c: 72:     TRISC = 0xFF;
   309  007F74  6894               	setf	148,c	;volatile
   310  007F76                     
   311                           ;mcc_generated_files/pin_manager.c: 73:     TRISD = 0xFF;
   312  007F76  6895               	setf	149,c	;volatile
   313  007F78                     
   314                           ;mcc_generated_files/pin_manager.c: 78:     ANSEL = 0xFF;
   315  007F78  687E               	setf	126,c	;volatile
   316                           
   317                           ;mcc_generated_files/pin_manager.c: 79:     ANSELH = 0x1F;
   318  007F7A  0E1F               	movlw	31
   319  007F7C  6E7F               	movwf	127,c	;volatile
   320                           
   321                           ;mcc_generated_files/pin_manager.c: 84:     WPUB = 0x00;
   322  007F7E  0E00               	movlw	0
   323  007F80  6E7C               	movwf	124,c	;volatile
   324  007F82                     
   325                           ;mcc_generated_files/pin_manager.c: 85:     INTCON2bits.nRBPU = 1;
   326  007F82  8EF1               	bsf	241,7,c	;volatile
   327  007F84  0012               	return		;funcret
   328  007F86                     __end_of_PIN_MANAGER_Initialize:
   329                           	callstack 0
   330                           
   331 ;; *************** function _OSCILLATOR_Initialize *****************
   332 ;; Defined at:
   333 ;;		line 57 in file "mcc_generated_files/mcc.c"
   334 ;; Parameters:    Size  Location     Type
   335 ;;		None
   336 ;; Auto vars:     Size  Location     Type
   337 ;;		None
   338 ;; Return value:  Size  Location     Type
   339 ;;                  1    wreg      void 
   340 ;; Registers used:
   341 ;;		wreg, status,2
   342 ;; Tracked objects:
   343 ;;		On entry : 0/0
   344 ;;		On exit  : 0/0
   345 ;;		Unchanged: 0/0
   346 ;; Data sizes:     COMRAM   BANK0   BANK1   BANK2   BANK3   BANK4   BANK5
   347 ;;      Params:         0       0       0       0       0       0       0
   348 ;;      Locals:         0       0       0       0       0       0       0
   349 ;;      Temps:          0       0       0       0       0       0       0
   350 ;;      Totals:         0       0       0       0       0       0       0
   351 ;;Total ram usage:        0 bytes
   352 ;; Hardware stack levels used: 1
   353 ;; This function calls:
   354 ;;		Nothing
   355 ;; This function is called by:
   356 ;;		_SYSTEM_Initialize
   357 ;; This function uses a non-reentrant model
   358 ;;
   359                           
   360                           	psect	text3
   361  007F42                     __ptext3:
   362                           	callstack 0
   363  007F42                     _OSCILLATOR_Initialize:
   364                           	callstack 29
   365  007F42                     
   366                           ;mcc_generated_files/mcc.c: 60:     OSCCON = 0x60;
   367  007F42  0E60               	movlw	96
   368  007F44  6ED3               	movwf	211,c	;volatile
   369                           
   370                           ;mcc_generated_files/mcc.c: 62:     OSCTUNE = 0x00;
   371  007F46  0E00               	movlw	0
   372  007F48  6E9B               	movwf	155,c	;volatile
   373  007F4A  0012               	return		;funcret
   374  007F4C                     __end_of_OSCILLATOR_Initialize:
   375                           	callstack 0
   376                           
   377 ;; *************** function _DATAEE_WriteByte *****************
   378 ;; Defined at:
   379 ;;		line 173 in file "mcc_generated_files/memory.c"
   380 ;; Parameters:    Size  Location     Type
   381 ;;  bAdd            1    wreg     unsigned char 
   382 ;;  bData           1    0[COMRAM] unsigned char 
   383 ;; Auto vars:     Size  Location     Type
   384 ;;  bAdd            1    1[COMRAM] unsigned char 
   385 ;;  GIEBitValue     1    2[COMRAM] unsigned char 
   386 ;; Return value:  Size  Location     Type
   387 ;;                  1    wreg      void 
   388 ;; Registers used:
   389 ;;		wreg, status,2
   390 ;; Tracked objects:
   391 ;;		On entry : 0/0
   392 ;;		On exit  : 0/0
   393 ;;		Unchanged: 0/0
   394 ;; Data sizes:     COMRAM   BANK0   BANK1   BANK2   BANK3   BANK4   BANK5
   395 ;;      Params:         1       0       0       0       0       0       0
   396 ;;      Locals:         2       0       0       0       0       0       0
   397 ;;      Temps:          0       0       0       0       0       0       0
   398 ;;      Totals:         3       0       0       0       0       0       0
   399 ;;Total ram usage:        3 bytes
   400 ;; Hardware stack levels used: 1
   401 ;; This function calls:
   402 ;;		Nothing
   403 ;; This function is called by:
   404 ;;		_main
   405 ;; This function uses a non-reentrant model
   406 ;;
   407                           
   408                           	psect	text4
   409  007FC0                     __ptext4:
   410                           	callstack 0
   411  007FC0                     _DATAEE_WriteByte:
   412                           	callstack 30
   413                           
   414                           ;incstack = 0
   415                           ;DATAEE_WriteByte@bAdd stored from wreg
   416  007FC0  6E02               	movwf	DATAEE_WriteByte@bAdd^0,c
   417  007FC2                     
   418                           ;mcc_generated_files/memory.c: 173: void DATAEE_WriteByte(uint8_t bAdd, uint8_t bData);m
      +                          cc_generated_files/memory.c: 174: {;mcc_generated_files/memory.c: 175:     uint8_t GIEBi
      +                          tValue = INTCONbits.GIE;
   419  007FC2  0E00               	movlw	0
   420  007FC4  BEF2               	btfsc	242,7,c	;volatile
   421  007FC6  0E01               	movlw	1
   422  007FC8  6E03               	movwf	DATAEE_WriteByte@GIEBitValue^0,c
   423  007FCA                     
   424                           ;mcc_generated_files/memory.c: 177:     EEADR = (uint8_t)(bAdd & 0xFF);
   425  007FCA  C002  FFA9         	movff	DATAEE_WriteByte@bAdd,4009	;volatile
   426  007FCE                     
   427                           ;mcc_generated_files/memory.c: 178:     EEDATA = bData;
   428  007FCE  C001  FFA8         	movff	DATAEE_WriteByte@bData,4008	;volatile
   429  007FD2                     
   430                           ;mcc_generated_files/memory.c: 179:     EECON1bits.EEPGD = 0;
   431  007FD2  9EA6               	bcf	166,7,c	;volsfr
   432  007FD4                     
   433                           ;mcc_generated_files/memory.c: 180:     EECON1bits.CFGS = 0;
   434  007FD4  9CA6               	bcf	166,6,c	;volsfr
   435  007FD6                     
   436                           ;mcc_generated_files/memory.c: 181:     EECON1bits.WREN = 1;
   437  007FD6  84A6               	bsf	166,2,c	;volsfr
   438  007FD8                     
   439                           ;mcc_generated_files/memory.c: 182:     INTCONbits.GIE = 0;
   440  007FD8  9EF2               	bcf	242,7,c	;volatile
   441  007FDA                     
   442                           ;mcc_generated_files/memory.c: 183:     EECON2 = 0x55;
   443  007FDA  0E55               	movlw	85
   444  007FDC  6EA7               	movwf	167,c	;volsfr
   445  007FDE                     
   446                           ;mcc_generated_files/memory.c: 184:     EECON2 = 0xAA;
   447  007FDE  0EAA               	movlw	170
   448  007FE0  6EA7               	movwf	167,c	;volsfr
   449  007FE2                     
   450                           ;mcc_generated_files/memory.c: 185:     EECON1bits.WR = 1;
   451  007FE2  82A6               	bsf	166,1,c	;volsfr
   452  007FE4                     l68:
   453                           
   454                           ;mcc_generated_files/memory.c: 187:     while (EECON1bits.WR)
   455  007FE4  B2A6               	btfsc	166,1,c	;volsfr
   456  007FE6  EFF7  F03F         	goto	u131
   457  007FEA  EFF9  F03F         	goto	u130
   458  007FEE                     u131:
   459  007FEE  EFF2  F03F         	goto	l68
   460  007FF2                     u130:
   461  007FF2                     
   462                           ;mcc_generated_files/memory.c: 191:     EECON1bits.WREN = 0;
   463  007FF2  94A6               	bcf	166,2,c	;volsfr
   464                           
   465                           ;mcc_generated_files/memory.c: 192:     INTCONbits.GIE = GIEBitValue;
   466  007FF4  B003               	btfsc	DATAEE_WriteByte@GIEBitValue^0,0,c
   467  007FF6  D002               	bra	u145
   468  007FF8  9EF2               	bcf	242,7,c	;volatile
   469  007FFA  D001               	bra	u146
   470  007FFC                     u145:
   471  007FFC  8EF2               	bsf	242,7,c	;volatile
   472  007FFE                     u146:
   473  007FFE  0012               	return		;funcret
   474  008000                     __end_of_DATAEE_WriteByte:
   475                           	callstack 0
   476  0000                     
   477                           	psect	rparam
   478  0000                     
   479                           	psect	idloc
   480                           
   481                           ;Config register IDLOC0 @ 0x200000
   482                           ;	unspecified, using default values
   483  200000                     	org	2097152
   484  200000  FF                 	db	255
   485                           
   486                           ;Config register IDLOC1 @ 0x200001
   487                           ;	unspecified, using default values
   488  200001                     	org	2097153
   489  200001  FF                 	db	255
   490                           
   491                           ;Config register IDLOC2 @ 0x200002
   492                           ;	unspecified, using default values
   493  200002                     	org	2097154
   494  200002  FF                 	db	255
   495                           
   496                           ;Config register IDLOC3 @ 0x200003
   497                           ;	unspecified, using default values
   498  200003                     	org	2097155
   499  200003  FF                 	db	255
   500                           
   501                           ;Config register IDLOC4 @ 0x200004
   502                           ;	unspecified, using default values
   503  200004                     	org	2097156
   504  200004  FF                 	db	255
   505                           
   506                           ;Config register IDLOC5 @ 0x200005
   507                           ;	unspecified, using default values
   508  200005                     	org	2097157
   509  200005  FF                 	db	255
   510                           
   511                           ;Config register IDLOC6 @ 0x200006
   512                           ;	unspecified, using default values
   513  200006                     	org	2097158
   514  200006  FF                 	db	255
   515                           
   516                           ;Config register IDLOC7 @ 0x200007
   517                           ;	unspecified, using default values
   518  200007                     	org	2097159
   519  200007  FF                 	db	255
   520                           
   521                           	psect	config
   522                           
   523                           ; Padding undefined space
   524  300000                     	org	3145728
   525  300000  FF                 	db	255
   526                           
   527                           ;Config register CONFIG1H @ 0x300001
   528                           ;	Oscillator Selection bits
   529                           ;	FOSC = HS, HS oscillator
   530                           ;	Fail-Safe Clock Monitor Enable bit
   531                           ;	FCMEN = OFF, Fail-Safe Clock Monitor disabled
   532                           ;	Internal/External Oscillator Switchover bit
   533                           ;	IESO = OFF, Oscillator Switchover mode disabled
   534  300001                     	org	3145729
   535  300001  02                 	db	2
   536                           
   537                           ;Config register CONFIG2L @ 0x300002
   538                           ;	Power-up Timer Enable bit
   539                           ;	PWRT = OFF, PWRT disabled
   540                           ;	Brown-out Reset Enable bits
   541                           ;	BOREN = SBORDIS, Brown-out Reset enabled in hardware only (SBOREN is disabled)
   542                           ;	Brown Out Reset Voltage bits
   543                           ;	BORV = 18, VBOR set to 1.8 V nominal
   544  300002                     	org	3145730
   545  300002  1F                 	db	31
   546                           
   547                           ;Config register CONFIG2H @ 0x300003
   548                           ;	Watchdog Timer Enable bit
   549                           ;	WDTEN = OFF, WDT is controlled by SWDTEN bit of the WDTCON register
   550                           ;	Watchdog Timer Postscale Select bits
   551                           ;	WDTPS = 32768, 1:32768
   552  300003                     	org	3145731
   553  300003  1E                 	db	30
   554                           
   555                           ; Padding undefined space
   556  300004                     	org	3145732
   557  300004  FF                 	db	255
   558                           
   559                           ;Config register CONFIG3H @ 0x300005
   560                           ;	CCP2 MUX bit
   561                           ;	CCP2MX = PORTC, CCP2 input/output is multiplexed with RC1
   562                           ;	PORTB A/D Enable bit
   563                           ;	PBADEN = ON, PORTB<4:0> pins are configured as analog input channels on Reset
   564                           ;	Low-Power Timer1 Oscillator Enable bit
   565                           ;	LPT1OSC = OFF, Timer1 configured for higher power operation
   566                           ;	HFINTOSC Fast Start-up
   567                           ;	HFOFST = ON, HFINTOSC starts clocking the CPU without waiting for the oscillator to st
      +                          ablize.
   568                           ;	MCLR Pin Enable bit
   569                           ;	MCLRE = ON, MCLR pin enabled; RE3 input pin disabled
   570  300005                     	org	3145733
   571  300005  8B                 	db	139
   572                           
   573                           ;Config register CONFIG4L @ 0x300006
   574                           ;	Stack Full/Underflow Reset Enable bit
   575                           ;	STVREN = ON, Stack full/underflow will cause Reset
   576                           ;	Single-Supply ICSP Enable bit
   577                           ;	LVP = OFF, Single-Supply ICSP disabled
   578                           ;	Extended Instruction Set Enable bit
   579                           ;	XINST = OFF, Instruction set extension and Indexed Addressing mode disabled (Legacy mo
      +                          de)
   580                           ;	Background Debugger Enable bit
   581                           ;	DEBUG = OFF, Background debugger disabled, RB6 and RB7 configured as general purpose I
      +                          /O pins
   582  300006                     	org	3145734
   583  300006  81                 	db	129
   584                           
   585                           ; Padding undefined space
   586  300007                     	org	3145735
   587  300007  FF                 	db	255
   588                           
   589                           ;Config register CONFIG5L @ 0x300008
   590                           ;	Code Protection Block 0
   591                           ;	CP0 = OFF, Block 0 (000800-001FFFh) not code-protected
   592                           ;	Code Protection Block 1
   593                           ;	CP1 = OFF, Block 1 (002000-003FFFh) not code-protected
   594                           ;	Code Protection Block 2
   595                           ;	CP2 = OFF, Block 2 (004000-005FFFh) not code-protected
   596                           ;	Code Protection Block 3
   597                           ;	CP3 = OFF, Block 3 (006000-007FFFh) not code-protected
   598  300008                     	org	3145736
   599  300008  0F                 	db	15
   600                           
   601                           ;Config register CONFIG5H @ 0x300009
   602                           ;	Boot Block Code Protection bit
   603                           ;	CPB = OFF, Boot block (000000-0007FFh) not code-protected
   604                           ;	Data EEPROM Code Protection bit
   605                           ;	CPD = OFF, Data EEPROM not code-protected
   606  300009                     	org	3145737
   607  300009  C0                 	db	192
   608                           
   609                           ;Config register CONFIG6L @ 0x30000A
   610                           ;	Write Protection Block 0
   611                           ;	WRT0 = OFF, Block 0 (000800-001FFFh) not write-protected
   612                           ;	Write Protection Block 1
   613                           ;	WRT1 = OFF, Block 1 (002000-003FFFh) not write-protected
   614                           ;	Write Protection Block 2
   615                           ;	WRT2 = OFF, Block 2 (004000-005FFFh) not write-protected
   616                           ;	Write Protection Block 3
   617                           ;	WRT3 = OFF, Block 3 (006000-007FFFh) not write-protected
   618  30000A                     	org	3145738
   619  30000A  0F                 	db	15
   620                           
   621                           ;Config register CONFIG6H @ 0x30000B
   622                           ;	Configuration Register Write Protection bit
   623                           ;	WRTC = OFF, Configuration registers (300000-3000FFh) not write-protected
   624                           ;	Boot Block Write Protection bit
   625                           ;	WRTB = OFF, Boot Block (000000-0007FFh) not write-protected
   626                           ;	Data EEPROM Write Protection bit
   627                           ;	WRTD = OFF, Data EEPROM not write-protected
   628  30000B                     	org	3145739
   629  30000B  E0                 	db	224
   630                           
   631                           ;Config register CONFIG7L @ 0x30000C
   632                           ;	Table Read Protection Block 0
   633                           ;	EBTR0 = OFF, Block 0 (000800-001FFFh) not protected from table reads executed in other
      +                           blocks
   634                           ;	Table Read Protection Block 1
   635                           ;	EBTR1 = OFF, Block 1 (002000-003FFFh) not protected from table reads executed in other
      +                           blocks
   636                           ;	Table Read Protection Block 2
   637                           ;	EBTR2 = OFF, Block 2 (004000-005FFFh) not protected from table reads executed in other
      +                           blocks
   638                           ;	Table Read Protection Block 3
   639                           ;	EBTR3 = OFF, Block 3 (006000-007FFFh) not protected from table reads executed in other
      +                           blocks
   640  30000C                     	org	3145740
   641  30000C  0F                 	db	15
   642                           
   643                           ;Config register CONFIG7H @ 0x30000D
   644                           ;	Boot Block Table Read Protection bit
   645                           ;	EBTRB = OFF, Boot Block (000000-0007FFh) not protected from table reads executed in ot
      +                          her blocks
   646  30000D                     	org	3145741
   647  30000D  40                 	db	64
   648                           tosu	equ	0xFFF
   649                           tosh	equ	0xFFE
   650                           tosl	equ	0xFFD
   651                           stkptr	equ	0xFFC
   652                           pclatu	equ	0xFFB
   653                           pclath	equ	0xFFA
   654                           pcl	equ	0xFF9
   655                           tblptru	equ	0xFF8
   656                           tblptrh	equ	0xFF7
   657                           tblptrl	equ	0xFF6
   658                           tablat	equ	0xFF5
   659                           prodh	equ	0xFF4
   660                           prodl	equ	0xFF3
   661                           indf0	equ	0xFEF
   662                           postinc0	equ	0xFEE
   663                           postdec0	equ	0xFED
   664                           preinc0	equ	0xFEC
   665                           plusw0	equ	0xFEB
   666                           fsr0h	equ	0xFEA
   667                           fsr0l	equ	0xFE9
   668                           wreg	equ	0xFE8
   669                           indf1	equ	0xFE7
   670                           postinc1	equ	0xFE6
   671                           postdec1	equ	0xFE5
   672                           preinc1	equ	0xFE4
   673                           plusw1	equ	0xFE3
   674                           fsr1h	equ	0xFE2
   675                           fsr1l	equ	0xFE1
   676                           bsr	equ	0xFE0
   677                           indf2	equ	0xFDF
   678                           postinc2	equ	0xFDE
   679                           postdec2	equ	0xFDD
   680                           preinc2	equ	0xFDC
   681                           plusw2	equ	0xFDB
   682                           fsr2h	equ	0xFDA
   683                           fsr2l	equ	0xFD9
   684                           status	equ	0xFD8

Data Sizes:
    Strings     0
    Constant    0
    Data        0
    BSS         0
    Persistent  0
    Stack       0

Auto Spaces:
    Space          Size  Autos    Used
    COMRAM           95      5       5
    BANK0           160      0       0
    BANK1           256      0       0
    BANK2           256      0       0
    BANK3           256      0       0
    BANK4           256      0       0
    BANK5           256      0       0

Pointer List with Targets:

    None.

Critical Paths under _main in COMRAM

    _main->_DATAEE_WriteByte

Critical Paths under _main in BANK0

    None.

Critical Paths under _main in BANK1

    None.

Critical Paths under _main in BANK2

    None.

Critical Paths under _main in BANK3

    None.

Critical Paths under _main in BANK4

    None.

Critical Paths under _main in BANK5

    None.

Call Graph Tables:

 ---------------------------------------------------------------------------------
 (Depth) Function   	        Calls       Base Space   Used Autos Params    Refs
 ---------------------------------------------------------------------------------
 (0) _main                                                 2     2      0     211
                                              3 COMRAM     2     2      0
                   _DATAEE_WriteByte
                  _SYSTEM_Initialize
 ---------------------------------------------------------------------------------
 (1) _SYSTEM_Initialize                                    0     0      0       0
              _OSCILLATOR_Initialize
             _PIN_MANAGER_Initialize
 ---------------------------------------------------------------------------------
 (2) _PIN_MANAGER_Initialize                               0     0      0       0
 ---------------------------------------------------------------------------------
 (2) _OSCILLATOR_Initialize                                0     0      0       0
 ---------------------------------------------------------------------------------
 (1) _DATAEE_WriteByte                                     3     2      1     143
                                              0 COMRAM     3     2      1
 ---------------------------------------------------------------------------------
 Estimated maximum stack depth 2
 ---------------------------------------------------------------------------------

 Call Graph Graphs:

 _main (ROOT)
   _DATAEE_WriteByte
   _SYSTEM_Initialize
     _OSCILLATOR_Initialize
     _PIN_MANAGER_Initialize

 Address spaces:
Name               Size   Autos  Total    Cost      Usage
BITCOMRAM           5F      0       0       0        0.0%
EEDATA             100      0       0       0        0.0%
NULL                 0      0       0       0        0.0%
CODE                 0      0       0       0        0.0%
COMRAM              5F      5       5       1        5.3%
STACK                0      0       0       2        0.0%
DATA                 0      0       0       3        0.0%
BITBANK0            A0      0       0       4        0.0%
BANK0               A0      0       0       5        0.0%
BITBANK1           100      0       0       6        0.0%
BANK1              100      0       0       7        0.0%
BITBANK2           100      0       0       8        0.0%
BANK2              100      0       0       9        0.0%
BITBANK3           100      0       0      10        0.0%
BANK3              100      0       0      11        0.0%
BITBANK4           100      0       0      12        0.0%
BANK4              100      0       0      13        0.0%
BITBANK5           100      0       0      14        0.0%
BANK5              100      0       0      15        0.0%
BITBIGSFRhh          7      0       0      16        0.0%
BITBIGSFRhlh         2      0       0      17        0.0%
BITBIGSFRhll        1D      0       0      18        0.0%
BITBIGSFRlhhh       29      0       0      19        0.0%
BITBIGSFRlhlh        4      0       0      20        0.0%
BITBIGSFRlhll        5      0       0      21        0.0%
BITBIGSFRllhh        4      0       0      22        0.0%
BITBIGSFRllhll       4      0       0      23        0.0%
BITBIGSFRllllh       9      0       0      24        0.0%
BITBIGSFRlllllh      1      0       0      25        0.0%
BITBIGSFRllllll     1C      0       0      26        0.0%
ABS                  0      0       0      27        0.0%
BIGRAM             5FF      0       0      28        0.0%
BIGSFR               0      0       0     200        0.0%
BITSFR               0      0       0     200        0.0%
SFR                  0      0       0     200        0.0%


Microchip Technology PIC18 Macro Assembler V2.36 build 20220127204148 
Symbol Table                                                                                   Mon Dec 26 15:34:15 2022

                            l11 7F54                              l14 7F4A                              l70 7FF2  
                            l71 7FFE                     main@Counter 0004                              l68 7FE4  
                           l110 7F84                             l125 7FB6                             l126 7FB8  
                           l127 7FB8                             l811 7F76                             l813 7F78  
                           l805 7F56                             l815 7F82                             l807 7F6E  
                           l817 7F42                             l809 7F74                             l819 7F4C  
                           l981 7FD2                             l991 7FDE                             l983 7FD4  
                           l975 7FC2                             l993 7FE2                             l985 7FD6  
                           l977 7FCA                             l987 7FD8                             l979 7FCE  
                           l995 7F86                             l989 7FDA                             l997 7F8A  
                           u130 7FF2                             u131 7FEE                             u150 7FB6  
                           u151 7FB2                             u145 7FFC                             u146 7FFE  
                          l1003 7F92                            l1005 7F9C                            l1007 7FA0  
                          _LATA 000F89                            _LATB 000F8A                            _LATC 000F8B  
                          _LATD 000F8C                            _LATE 000F8D                            _WPUB 000F7C  
                          _main 7F86                            start 0000                    ___param_bank 000000  
 __end_of_OSCILLATOR_Initialize 7F4C                           ?_main 0001                           _EEADR 000FA9  
                         _ANSEL 000F7E                           _TRISA 000F92                           _TRISB 000F93  
                         _TRISC 000F94                           _TRISD 000F95                           _TRISE 000F96  
                         status 000FD8                 __initialization 7F3C                    __end_of_main 7FC0  
                        ??_main 0004                   __activetblptr 000000                          _EEDATA 000FA8  
                        _EECON2 000FA7                          _ANSELH 000F7F                          _TABLAT 000FF5  
                        _OSCCON 000FD3                          isa$std 000001               _SYSTEM_Initialize 7F4C  
                    __accesstop 0060         __end_of__initialization 7F3C              ?_SYSTEM_Initialize 0001  
                 ___rparam_used 000001                  __pcstackCOMRAM 0001             ??_SYSTEM_Initialize 0001  
              _DATAEE_WriteByte 7FC0       __end_of_SYSTEM_Initialize 7F56                         _TBLPTRH 000FF7  
                       _TBLPTRL 000FF6                         _TBLPTRU 000FF8                         _OSCTUNE 000F9B  
          DATAEE_WriteByte@bAdd 0002                         __Hparam 0000                         __Lparam 0000  
                       __pcinit 7F3C                         __ramtop 0600                         __ptext0 7F86  
                       __ptext1 7F4C                         __ptext2 7F56                         __ptext3 7F42  
                       __ptext4 7FC0           _OSCILLATOR_Initialize 7F42        ??_PIN_MANAGER_Initialize 0001  
          end_of_initialization 7F3C        __end_of_DATAEE_WriteByte 8000          ?_OSCILLATOR_Initialize 0001  
           start_initialization 7F3C          _PIN_MANAGER_Initialize 7F56                        _LATBbits 000F8A  
                      _PIR2bits 000FA1           DATAEE_WriteByte@bData 0001                     _INTCON2bits 000FF1  
             ?_DATAEE_WriteByte 0001              ??_DATAEE_WriteByte 0002                      _EECON1bits 000FA6  
                      __Hrparam 0000                        __Lrparam 0000         ??_OSCILLATOR_Initialize 0001  
   DATAEE_WriteByte@GIEBitValue 0003                        isa$xinst 000000                      _INTCONbits 000FF2  
       ?_PIN_MANAGER_Initialize 0001  __end_of_PIN_MANAGER_Initialize 7F86  
