

Microchip MPLAB XC8 Assembler V2.41 build 20230208172133 
                                                                                               Fri May 05 21:19:17 2023

Microchip MPLAB XC8 C Compiler v2.41 (Free license) build 20230208172133 Og1 
     1                           	processor	18F45K20
     2                           	fnconf	rparam,??,?,0
     3                           	pagewidth 120
     4                           	opt	flic
     5                           	psect	cinit,global,reloc=2,class=CODE,delta=1
     6                           	psect	cstackCOMRAM,global,class=COMRAM,space=1,delta=1,lowdata,noexec
     7                           	psect	text0,global,reloc=2,class=CODE,delta=1
     8                           	psect	text1,global,reloc=2,class=CODE,delta=1
     9                           	psect	text2,global,reloc=2,class=CODE,delta=1
    10                           	psect	text3,global,reloc=2,class=CODE,delta=1
    11                           	psect	intsave_regs,global,class=BIGRAM,space=1,delta=1,noexec
    12                           	psect	rparam,global,class=COMRAM,space=1,delta=1,noexec
    13                           	psect	idloc,global,abs,ovrld,class=IDLOC,space=5,delta=1,noexec
    14                           	psect	config,global,abs,ovrld,class=CONFIG,space=4,delta=1,noexec
    15   000000                     
    16                           ; Generated 06/04/2022 GMT
    17                           ; 
    18                           ; Copyright © 2022, Microchip Technology Inc. and its subsidiaries ("Microchip")
    19                           ; All rights reserved.
    20                           ; 
    21                           ; This software is developed by Microchip Technology Inc. and its subsidiaries ("Microch
      +                          ip").
    22                           ; 
    23                           ; Redistribution and use in source and binary forms, with or without modification, are
    24                           ; permitted provided that the following conditions are met:
    25                           ; 
    26                           ;     1. Redistributions of source code must retain the above copyright notice, this lis
      +                          t of
    27                           ;        conditions and the following disclaimer.
    28                           ; 
    29                           ;     2. Redistributions in binary form must reproduce the above copyright notice, this 
      +                          list
    30                           ;        of conditions and the following disclaimer in the documentation and/or other
    31                           ;        materials provided with the distribution. Publication is not required when
    32                           ;        this file is used in an embedded application.
    33                           ; 
    34                           ;     3. Microchip's name may not be used to endorse or promote products derived from th
      +                          is
    35                           ;        software without specific prior written permission.
    36                           ; 
    37                           ; THIS SOFTWARE IS PROVIDED BY MICROCHIP "AS IS" AND ANY EXPRESS OR IMPLIED WARRANTIES,
    38                           ; INCLUDING, BUT NOT LIMITED TO, THE IMPLIED WARRANTIES OF MERCHANTABILITY AND FITNESS F
      +                          OR
    39                           ; PURPOSE ARE DISCLAIMED.  IN NO EVENT SHALL MICROCHIP BE LIABLE FOR ANY DIRECT, INDIREC
      +                          T,
    40                           ; INCIDENTAL, SPECIAL, EXEMPLARY, OR CONSEQUENTIAL DAMAGES (INCLUDING BUT NOT LIMITED TO
    41                           ; PROCUREMENT OF SUBSTITUTE GOODS OR SERVICES; LOSS OF USE, DATA OR PROFITS; OR BUSINESS
    42                           ; INTERRUPTION) HOWSOEVER CAUSED AND ON ANY THEORY OF LIABILITY, WHETHER IN CONTRACT, ST
      +                          RICT
    43                           ; LIABILITY, OR TORT (INCLUDING NEGLIGENCE OR OTHERWISE) ARISING IN ANY WAY OUT OF THE U
      +                          SE OF
    44                           ; THIS SOFTWARE, EVEN IF ADVISED OF THE POSSIBILITY OF SUCH DAMAGE.
    45                           ; 
    46                           ; 
    47                           ; Code-generator required, PIC18F45K20 Definitions
    48                           ; 
    49                           ; SFR Addresses
    50   000000                     _TRISD	set	3989
    51   000000                     _TRISC	set	3988
    52   000000                     _TRISB	set	3987
    53   000000                     _LATC	set	3979
    54   000000                     _LATB	set	3978
    55   000000                     _WPUB	set	3964
    56   000000                     _ANSEL	set	3966
    57   000000                     _LATA	set	3977
    58   000000                     _LATD	set	3980
    59   000000                     _LATE	set	3981
    60   000000                     _TRISA	set	3986
    61   000000                     _TRISE	set	3990
    62   000000                     _OSCTUNE	set	3995
    63   000000                     _OSCCON	set	4051
    64   000000                     _INTCON2bits	set	4081
    65   000000                     _PORTB	set	3969
    66   000000                     _ANSELH	set	3967
    67   000000                     _INTCONbits	set	4082
    68                           
    69                           ; #config settings
    70                           
    71                           	psect	cinit
    72   007FA6                     __pcinit:
    73                           	callstack 0
    74   007FA6                     start_initialization:
    75                           	callstack 0
    76   007FA6                     __initialization:
    77                           	callstack 0
    78   007FA6                     end_of_initialization:
    79                           	callstack 0
    80   007FA6                     __end_of__initialization:
    81                           	callstack 0
    82   007FA6  0100               	movlb	0
    83   007FA8  EFE0  F03F         	goto	_main	;jump to C main() function
    84                           
    85                           	psect	cstackCOMRAM
    86   000000                     __pcstackCOMRAM:
    87                           	callstack 0
    88   000000                     
    89                           ; 1 bytes @ 0x0
    90 ;;
    91 ;;Main: autosize = 0, tempsize = 0, incstack = 0, save=0
    92 ;;
    93 ;; *************** function _main *****************
    94 ;; Defined at:
    95 ;;		line 13 in file "main.c"
    96 ;; Parameters:    Size  Location     Type
    97 ;;		None
    98 ;; Auto vars:     Size  Location     Type
    99 ;;		None
   100 ;; Return value:  Size  Location     Type
   101 ;;                  1    wreg      void 
   102 ;; Registers used:
   103 ;;		wreg, status,2, cstack
   104 ;; Tracked objects:
   105 ;;		On entry : 0/0
   106 ;;		On exit  : 0/0
   107 ;;		Unchanged: 0/0
   108 ;; Data sizes:     COMRAM   BANK0   BANK1   BANK2   BANK3   BANK4   BANK5
   109 ;;      Params:         0       0       0       0       0       0       0
   110 ;;      Locals:         0       0       0       0       0       0       0
   111 ;;      Temps:          0       0       0       0       0       0       0
   112 ;;      Totals:         0       0       0       0       0       0       0
   113 ;;Total ram usage:        0 bytes
   114 ;; Hardware stack levels required when called: 2
   115 ;; This function calls:
   116 ;;		_SYSTEM_Initialize
   117 ;; This function is called by:
   118 ;;		Startup code after reset
   119 ;; This function uses a non-reentrant model
   120 ;;
   121                           
   122                           	psect	text0
   123   007FC0                     __ptext0:
   124                           	callstack 0
   125   007FC0                     _main:
   126                           	callstack 29
   127   007FC0                     
   128                           ;main.c: 16:     SYSTEM_Initialize();
   129   007FC0  ECDB  F03F         	call	_SYSTEM_Initialize	;wreg free
   130   007FC4                     l760:
   131                           
   132                           ;main.c: 19:     {;main.c: 20:         LATC=PORTB;
   133   007FC4  CF81 FF8B          	movff	3969,3979	;volatile
   134   007FC8  EFE2  F03F         	goto	l760
   135   007FCC  EF00  F000         	goto	start
   136   007FD0                     __end_of_main:
   137                           	callstack 0
   138                           
   139 ;; *************** function _SYSTEM_Initialize *****************
   140 ;; Defined at:
   141 ;;		line 50 in file "mcc_generated_files/mcc.c"
   142 ;; Parameters:    Size  Location     Type
   143 ;;		None
   144 ;; Auto vars:     Size  Location     Type
   145 ;;		None
   146 ;; Return value:  Size  Location     Type
   147 ;;                  1    wreg      void 
   148 ;; Registers used:
   149 ;;		wreg, status,2, cstack
   150 ;; Tracked objects:
   151 ;;		On entry : 0/0
   152 ;;		On exit  : 0/0
   153 ;;		Unchanged: 0/0
   154 ;; Data sizes:     COMRAM   BANK0   BANK1   BANK2   BANK3   BANK4   BANK5
   155 ;;      Params:         0       0       0       0       0       0       0
   156 ;;      Locals:         0       0       0       0       0       0       0
   157 ;;      Temps:          0       0       0       0       0       0       0
   158 ;;      Totals:         0       0       0       0       0       0       0
   159 ;;Total ram usage:        0 bytes
   160 ;; Hardware stack levels used: 1
   161 ;; Hardware stack levels required when called: 1
   162 ;; This function calls:
   163 ;;		_OSCILLATOR_Initialize
   164 ;;		_PIN_MANAGER_Initialize
   165 ;; This function is called by:
   166 ;;		_main
   167 ;; This function uses a non-reentrant model
   168 ;;
   169                           
   170                           	psect	text1
   171   007FB6                     __ptext1:
   172                           	callstack 0
   173   007FB6                     _SYSTEM_Initialize:
   174                           	callstack 29
   175   007FB6                     
   176                           ;mcc_generated_files/mcc.c: 53:     PIN_MANAGER_Initialize();
   177   007FB6  ECE8  F03F         	call	_PIN_MANAGER_Initialize	;wreg free
   178                           
   179                           ;mcc_generated_files/mcc.c: 54:     OSCILLATOR_Initialize();
   180   007FBA  ECD6  F03F         	call	_OSCILLATOR_Initialize	;wreg free
   181   007FBE  0012               	return		;funcret
   182   007FC0                     __end_of_SYSTEM_Initialize:
   183                           	callstack 0
   184                           
   185 ;; *************** function _PIN_MANAGER_Initialize *****************
   186 ;; Defined at:
   187 ;;		line 55 in file "mcc_generated_files/pin_manager.c"
   188 ;; Parameters:    Size  Location     Type
   189 ;;		None
   190 ;; Auto vars:     Size  Location     Type
   191 ;;		None
   192 ;; Return value:  Size  Location     Type
   193 ;;                  1    wreg      void 
   194 ;; Registers used:
   195 ;;		wreg, status,2
   196 ;; Tracked objects:
   197 ;;		On entry : 0/0
   198 ;;		On exit  : 0/0
   199 ;;		Unchanged: 0/0
   200 ;; Data sizes:     COMRAM   BANK0   BANK1   BANK2   BANK3   BANK4   BANK5
   201 ;;      Params:         0       0       0       0       0       0       0
   202 ;;      Locals:         0       0       0       0       0       0       0
   203 ;;      Temps:          0       0       0       0       0       0       0
   204 ;;      Totals:         0       0       0       0       0       0       0
   205 ;;Total ram usage:        0 bytes
   206 ;; Hardware stack levels used: 1
   207 ;; This function calls:
   208 ;;		Nothing
   209 ;; This function is called by:
   210 ;;		_SYSTEM_Initialize
   211 ;; This function uses a non-reentrant model
   212 ;;
   213                           
   214                           	psect	text2
   215   007FD0                     __ptext2:
   216                           	callstack 0
   217   007FD0                     _PIN_MANAGER_Initialize:
   218                           	callstack 29
   219   007FD0                     
   220                           ;mcc_generated_files/pin_manager.c: 60:     LATE = 0x00;
   221   007FD0  0E00               	movlw	0
   222   007FD2  6E8D               	movwf	141,c	;volatile
   223                           
   224                           ;mcc_generated_files/pin_manager.c: 61:     LATD = 0x00;
   225   007FD4  0E00               	movlw	0
   226   007FD6  6E8C               	movwf	140,c	;volatile
   227                           
   228                           ;mcc_generated_files/pin_manager.c: 62:     LATA = 0x00;
   229   007FD8  0E00               	movlw	0
   230   007FDA  6E89               	movwf	137,c	;volatile
   231                           
   232                           ;mcc_generated_files/pin_manager.c: 63:     LATB = 0x00;
   233   007FDC  0E00               	movlw	0
   234   007FDE  6E8A               	movwf	138,c	;volatile
   235                           
   236                           ;mcc_generated_files/pin_manager.c: 64:     LATC = 0x00;
   237   007FE0  0E00               	movlw	0
   238   007FE2  6E8B               	movwf	139,c	;volatile
   239                           
   240                           ;mcc_generated_files/pin_manager.c: 69:     TRISE = 0x07;
   241   007FE4  0E07               	movlw	7
   242   007FE6  6E96               	movwf	150,c	;volatile
   243   007FE8                     
   244                           ;mcc_generated_files/pin_manager.c: 70:     TRISA = 0xFF;
   245   007FE8  6892               	setf	146,c	;volatile
   246   007FEA                     
   247                           ;mcc_generated_files/pin_manager.c: 71:     TRISB = 0xFF;
   248   007FEA  6893               	setf	147,c	;volatile
   249                           
   250                           ;mcc_generated_files/pin_manager.c: 72:     TRISC = 0x00;
   251   007FEC  0E00               	movlw	0
   252   007FEE  6E94               	movwf	148,c	;volatile
   253   007FF0                     
   254                           ;mcc_generated_files/pin_manager.c: 73:     TRISD = 0xFF;
   255   007FF0  6895               	setf	149,c	;volatile
   256   007FF2                     
   257                           ;mcc_generated_files/pin_manager.c: 78:     ANSEL = 0xFF;
   258   007FF2  687E               	setf	126,c	;volatile
   259                           
   260                           ;mcc_generated_files/pin_manager.c: 79:     ANSELH = 0x00;
   261   007FF4  0E00               	movlw	0
   262   007FF6  6E7F               	movwf	127,c	;volatile
   263                           
   264                           ;mcc_generated_files/pin_manager.c: 84:     WPUB = 0x00;
   265   007FF8  0E00               	movlw	0
   266   007FFA  6E7C               	movwf	124,c	;volatile
   267   007FFC                     
   268                           ;mcc_generated_files/pin_manager.c: 85:     INTCON2bits.nRBPU = 1;
   269   007FFC  8EF1               	bsf	241,7,c	;volatile
   270   007FFE  0012               	return		;funcret
   271   008000                     __end_of_PIN_MANAGER_Initialize:
   272                           	callstack 0
   273                           
   274 ;; *************** function _OSCILLATOR_Initialize *****************
   275 ;; Defined at:
   276 ;;		line 57 in file "mcc_generated_files/mcc.c"
   277 ;; Parameters:    Size  Location     Type
   278 ;;		None
   279 ;; Auto vars:     Size  Location     Type
   280 ;;		None
   281 ;; Return value:  Size  Location     Type
   282 ;;                  1    wreg      void 
   283 ;; Registers used:
   284 ;;		wreg, status,2
   285 ;; Tracked objects:
   286 ;;		On entry : 0/0
   287 ;;		On exit  : 0/0
   288 ;;		Unchanged: 0/0
   289 ;; Data sizes:     COMRAM   BANK0   BANK1   BANK2   BANK3   BANK4   BANK5
   290 ;;      Params:         0       0       0       0       0       0       0
   291 ;;      Locals:         0       0       0       0       0       0       0
   292 ;;      Temps:          0       0       0       0       0       0       0
   293 ;;      Totals:         0       0       0       0       0       0       0
   294 ;;Total ram usage:        0 bytes
   295 ;; Hardware stack levels used: 1
   296 ;; This function calls:
   297 ;;		Nothing
   298 ;; This function is called by:
   299 ;;		_SYSTEM_Initialize
   300 ;; This function uses a non-reentrant model
   301 ;;
   302                           
   303                           	psect	text3
   304   007FAC                     __ptext3:
   305                           	callstack 0
   306   007FAC                     _OSCILLATOR_Initialize:
   307                           	callstack 29
   308   007FAC                     
   309                           ;mcc_generated_files/mcc.c: 60:     OSCCON = 0x30;
   310   007FAC  0E30               	movlw	48
   311   007FAE  6ED3               	movwf	211,c	;volatile
   312                           
   313                           ;mcc_generated_files/mcc.c: 62:     OSCTUNE = 0x00;
   314   007FB0  0E00               	movlw	0
   315   007FB2  6E9B               	movwf	155,c	;volatile
   316   007FB4  0012               	return		;funcret
   317   007FB6                     __end_of_OSCILLATOR_Initialize:
   318                           	callstack 0
   319   000000                     
   320                           	psect	rparam
   321   000000                     
   322                           	psect	idloc
   323                           
   324                           ;Config register IDLOC0 @ 0x200000
   325                           ;	unspecified, using default values
   326   200000                     	org	2097152
   327   200000  FF                 	db	255
   328                           
   329                           ;Config register IDLOC1 @ 0x200001
   330                           ;	unspecified, using default values
   331   200001                     	org	2097153
   332   200001  FF                 	db	255
   333                           
   334                           ;Config register IDLOC2 @ 0x200002
   335                           ;	unspecified, using default values
   336   200002                     	org	2097154
   337   200002  FF                 	db	255
   338                           
   339                           ;Config register IDLOC3 @ 0x200003
   340                           ;	unspecified, using default values
   341   200003                     	org	2097155
   342   200003  FF                 	db	255
   343                           
   344                           ;Config register IDLOC4 @ 0x200004
   345                           ;	unspecified, using default values
   346   200004                     	org	2097156
   347   200004  FF                 	db	255
   348                           
   349                           ;Config register IDLOC5 @ 0x200005
   350                           ;	unspecified, using default values
   351   200005                     	org	2097157
   352   200005  FF                 	db	255
   353                           
   354                           ;Config register IDLOC6 @ 0x200006
   355                           ;	unspecified, using default values
   356   200006                     	org	2097158
   357   200006  FF                 	db	255
   358                           
   359                           ;Config register IDLOC7 @ 0x200007
   360                           ;	unspecified, using default values
   361   200007                     	org	2097159
   362   200007  FF                 	db	255
   363                           
   364                           	psect	config
   365                           
   366                           ; Padding undefined space
   367   300000                     	org	3145728
   368   300000  FF                 	db	255
   369                           
   370                           ;Config register CONFIG1H @ 0x300001
   371                           ;	Oscillator Selection bits
   372                           ;	FOSC = HS, HS oscillator
   373                           ;	Fail-Safe Clock Monitor Enable bit
   374                           ;	FCMEN = OFF, Fail-Safe Clock Monitor disabled
   375                           ;	Internal/External Oscillator Switchover bit
   376                           ;	IESO = OFF, Oscillator Switchover mode disabled
   377   300001                     	org	3145729
   378   300001  02                 	db	2
   379                           
   380                           ;Config register CONFIG2L @ 0x300002
   381                           ;	Power-up Timer Enable bit
   382                           ;	PWRT = OFF, PWRT disabled
   383                           ;	Brown-out Reset Enable bits
   384                           ;	BOREN = SBORDIS, Brown-out Reset enabled in hardware only (SBOREN is disabled)
   385                           ;	Brown Out Reset Voltage bits
   386                           ;	BORV = 18, VBOR set to 1.8 V nominal
   387   300002                     	org	3145730
   388   300002  1F                 	db	31
   389                           
   390                           ;Config register CONFIG2H @ 0x300003
   391                           ;	Watchdog Timer Enable bit
   392                           ;	WDTEN = OFF, WDT is controlled by SWDTEN bit of the WDTCON register
   393                           ;	Watchdog Timer Postscale Select bits
   394                           ;	WDTPS = 32768, 1:32768
   395   300003                     	org	3145731
   396   300003  1E                 	db	30
   397                           
   398                           ; Padding undefined space
   399   300004                     	org	3145732
   400   300004  FF                 	db	255
   401                           
   402                           ;Config register CONFIG3H @ 0x300005
   403                           ;	CCP2 MUX bit
   404                           ;	CCP2MX = PORTC, CCP2 input/output is multiplexed with RC1
   405                           ;	PORTB A/D Enable bit
   406                           ;	PBADEN = ON, PORTB<4:0> pins are configured as analog input channels on Reset
   407                           ;	Low-Power Timer1 Oscillator Enable bit
   408                           ;	LPT1OSC = OFF, Timer1 configured for higher power operation
   409                           ;	HFINTOSC Fast Start-up
   410                           ;	HFOFST = ON, HFINTOSC starts clocking the CPU without waiting for the oscillator to st
      +                          ablize.
   411                           ;	MCLR Pin Enable bit
   412                           ;	MCLRE = ON, MCLR pin enabled; RE3 input pin disabled
   413   300005                     	org	3145733
   414   300005  8B                 	db	139
   415                           
   416                           ;Config register CONFIG4L @ 0x300006
   417                           ;	Stack Full/Underflow Reset Enable bit
   418                           ;	STVREN = ON, Stack full/underflow will cause Reset
   419                           ;	Single-Supply ICSP Enable bit
   420                           ;	LVP = OFF, Single-Supply ICSP disabled
   421                           ;	Extended Instruction Set Enable bit
   422                           ;	XINST = OFF, Instruction set extension and Indexed Addressing mode disabled (Legacy mo
      +                          de)
   423                           ;	Background Debugger Enable bit
   424                           ;	DEBUG = OFF, Background debugger disabled, RB6 and RB7 configured as general purpose I
      +                          /O pins
   425   300006                     	org	3145734
   426   300006  81                 	db	129
   427                           
   428                           ; Padding undefined space
   429   300007                     	org	3145735
   430   300007  FF                 	db	255
   431                           
   432                           ;Config register CONFIG5L @ 0x300008
   433                           ;	Code Protection Block 0
   434                           ;	CP0 = OFF, Block 0 (000800-001FFFh) not code-protected
   435                           ;	Code Protection Block 1
   436                           ;	CP1 = OFF, Block 1 (002000-003FFFh) not code-protected
   437                           ;	Code Protection Block 2
   438                           ;	CP2 = OFF, Block 2 (004000-005FFFh) not code-protected
   439                           ;	Code Protection Block 3
   440                           ;	CP3 = OFF, Block 3 (006000-007FFFh) not code-protected
   441   300008                     	org	3145736
   442   300008  0F                 	db	15
   443                           
   444                           ;Config register CONFIG5H @ 0x300009
   445                           ;	Boot Block Code Protection bit
   446                           ;	CPB = OFF, Boot block (000000-0007FFh) not code-protected
   447                           ;	Data EEPROM Code Protection bit
   448                           ;	CPD = OFF, Data EEPROM not code-protected
   449   300009                     	org	3145737
   450   300009  C0                 	db	192
   451                           
   452                           ;Config register CONFIG6L @ 0x30000A
   453                           ;	Write Protection Block 0
   454                           ;	WRT0 = OFF, Block 0 (000800-001FFFh) not write-protected
   455                           ;	Write Protection Block 1
   456                           ;	WRT1 = OFF, Block 1 (002000-003FFFh) not write-protected
   457                           ;	Write Protection Block 2
   458                           ;	WRT2 = OFF, Block 2 (004000-005FFFh) not write-protected
   459                           ;	Write Protection Block 3
   460                           ;	WRT3 = OFF, Block 3 (006000-007FFFh) not write-protected
   461   30000A                     	org	3145738
   462   30000A  0F                 	db	15
   463                           
   464                           ;Config register CONFIG6H @ 0x30000B
   465                           ;	Configuration Register Write Protection bit
   466                           ;	WRTC = OFF, Configuration registers (300000-3000FFh) not write-protected
   467                           ;	Boot Block Write Protection bit
   468                           ;	WRTB = OFF, Boot Block (000000-0007FFh) not write-protected
   469                           ;	Data EEPROM Write Protection bit
   470                           ;	WRTD = OFF, Data EEPROM not write-protected
   471   30000B                     	org	3145739
   472   30000B  E0                 	db	224
   473                           
   474                           ;Config register CONFIG7L @ 0x30000C
   475                           ;	Table Read Protection Block 0
   476                           ;	EBTR0 = OFF, Block 0 (000800-001FFFh) not protected from table reads executed in other
      +                           blocks
   477                           ;	Table Read Protection Block 1
   478                           ;	EBTR1 = OFF, Block 1 (002000-003FFFh) not protected from table reads executed in other
      +                           blocks
   479                           ;	Table Read Protection Block 2
   480                           ;	EBTR2 = OFF, Block 2 (004000-005FFFh) not protected from table reads executed in other
      +                           blocks
   481                           ;	Table Read Protection Block 3
   482                           ;	EBTR3 = OFF, Block 3 (006000-007FFFh) not protected from table reads executed in other
      +                           blocks
   483   30000C                     	org	3145740
   484   30000C  0F                 	db	15
   485                           
   486                           ;Config register CONFIG7H @ 0x30000D
   487                           ;	Boot Block Table Read Protection bit
   488                           ;	EBTRB = OFF, Boot Block (000000-0007FFh) not protected from table reads executed in ot
      +                          her blocks
   489   30000D                     	org	3145741
   490   30000D  40                 	db	64
   491                           tosu	equ	0xFFF
   492                           tosh	equ	0xFFE
   493                           tosl	equ	0xFFD
   494                           stkptr	equ	0xFFC
   495                           pclatu	equ	0xFFB
   496                           pclath	equ	0xFFA
   497                           pcl	equ	0xFF9
   498                           tblptru	equ	0xFF8
   499                           tblptrh	equ	0xFF7
   500                           tblptrl	equ	0xFF6
   501                           tablat	equ	0xFF5
   502                           prodh	equ	0xFF4
   503                           prodl	equ	0xFF3
   504                           indf0	equ	0xFEF
   505                           postinc0	equ	0xFEE
   506                           postdec0	equ	0xFED
   507                           preinc0	equ	0xFEC
   508                           plusw0	equ	0xFEB
   509                           fsr0h	equ	0xFEA
   510                           fsr0l	equ	0xFE9
   511                           wreg	equ	0xFE8
   512                           indf1	equ	0xFE7
   513                           postinc1	equ	0xFE6
   514                           postdec1	equ	0xFE5
   515                           preinc1	equ	0xFE4
   516                           plusw1	equ	0xFE3
   517                           fsr1h	equ	0xFE2
   518                           fsr1l	equ	0xFE1
   519                           bsr	equ	0xFE0
   520                           indf2	equ	0xFDF
   521                           postinc2	equ	0xFDE
   522                           postdec2	equ	0xFDD
   523                           preinc2	equ	0xFDC
   524                           plusw2	equ	0xFDB
   525                           fsr2h	equ	0xFDA
   526                           fsr2l	equ	0xFD9
   527                           status	equ	0xFD8

Data Sizes:
    Strings     0
    Constant    0
    Data        0
    BSS         0
    Persistent  0
    Stack       0

Auto Spaces:
    Space          Size  Autos    Used
    COMRAM           95      0       0
    BANK0           160      0       0
    BANK1           256      0       0
    BANK2           256      0       0
    BANK3           256      0       0
    BANK4           256      0       0
    BANK5           256      0       0

Pointer List with Targets:

    None.

Critical Paths under _main in COMRAM

    None.

Critical Paths under _main in BANK0

    None.

Critical Paths under _main in BANK1

    None.

Critical Paths under _main in BANK2

    None.

Critical Paths under _main in BANK3

    None.

Critical Paths under _main in BANK4

    None.

Critical Paths under _main in BANK5

    None.

Call Graph Tables:

 ---------------------------------------------------------------------------------
 (Depth) Function   	        Calls       Base Space   Used Autos Params    Refs
 ---------------------------------------------------------------------------------
 (0) _main                                                 0     0      0       0
                  _SYSTEM_Initialize
 ---------------------------------------------------------------------------------
 (1) _SYSTEM_Initialize                                    0     0      0       0
              _OSCILLATOR_Initialize
             _PIN_MANAGER_Initialize
 ---------------------------------------------------------------------------------
 (2) _PIN_MANAGER_Initialize                               0     0      0       0
 ---------------------------------------------------------------------------------
 (2) _OSCILLATOR_Initialize                                0     0      0       0
 ---------------------------------------------------------------------------------
 Estimated maximum stack depth 2
 ---------------------------------------------------------------------------------

 Call Graph Graphs:

 _main (ROOT)
   _SYSTEM_Initialize
     _OSCILLATOR_Initialize
     _PIN_MANAGER_Initialize

 Address spaces:
Name               Size   Autos  Total    Cost      Usage
BITCOMRAM           5F      0       0       0        0.0%
EEDATA             100      0       0       0        0.0%
NULL                 0      0       0       0        0.0%
CODE                 0      0       0       0        0.0%
COMRAM              5F      0       0       1        0.0%
STACK                0      0       0       2        0.0%
DATA                 0      0       0       3        0.0%
BITBANK0            A0      0       0       4        0.0%
BANK0               A0      0       0       5        0.0%
BITBANK1           100      0       0       6        0.0%
BANK1              100      0       0       7        0.0%
BITBANK2           100      0       0       8        0.0%
BANK2              100      0       0       9        0.0%
BITBANK3           100      0       0      10        0.0%
BANK3              100      0       0      11        0.0%
BITBANK4           100      0       0      12        0.0%
BANK4              100      0       0      13        0.0%
BITBANK5           100      0       0      14        0.0%
BANK5              100      0       0      15        0.0%
BITBIGSFRhhh         D      0       0      16        0.0%
BITBIGSFRhhlh       1D      0       0      17        0.0%
BITBIGSFRhhllh      37      0       0      18        0.0%
BITBIGSFRhhlll       4      0       0      19        0.0%
BITBIGSFRhll         4      0       0      20        0.0%
BITBIGSFRllhh        7      0       0      21        0.0%
BITBIGSFRllhl        1      0       0      22        0.0%
BITBIGSFRlllh        1      0       0      23        0.0%
BITBIGSFRllll       1C      0       0      24        0.0%
ABS                  0      0       0      25        0.0%
BIGRAM             5FF      0       0      26        0.0%
BIGSFR               0      0       0     200        0.0%
BITSFR               0      0       0     200        0.0%
SFR                  0      0       0     200        0.0%


Microchip Technology PIC18 Macro Assembler V2.41 build 20230208172133 
Symbol Table                                                                                   Fri May 05 21:19:17 2023

                            l33 7FFE                              l50 7FB4                              l47 7FBE  
                           l740 7FD0                             l750 7FFC                             l742 7FE8  
                           l752 7FAC                             l744 7FEA                             l760 7FC4  
                           l746 7FF0                             l754 7FB6                             l748 7FF2  
                           l758 7FC0                            _LATA 0F89                            _LATB 0F8A  
                          _LATC 0F8B                            _LATD 0F8C                            _LATE 0F8D  
                          _WPUB 0F7C                            _main 7FC0                            start 0000  
                  ___param_bank 0000   __end_of_OSCILLATOR_Initialize 7FB6                           ?_main 0000  
                         _ANSEL 0F7E                           _PORTB 0F81                           _TRISA 0F92  
                         _TRISB 0F93                           _TRISC 0F94                           _TRISD 0F95  
                         _TRISE 0F96                 __initialization 7FA6                    __end_of_main 7FD0  
                        ??_main 0000                   __activetblptr 0000                          _ANSELH 0F7F  
                        _OSCCON 0FD3                          isa$std 0001               _SYSTEM_Initialize 7FB6  
                    __accesstop 0060         __end_of__initialization 7FA6              ?_SYSTEM_Initialize 0000  
                 ___rparam_used 0001                  __pcstackCOMRAM 0000             ??_SYSTEM_Initialize 0000  
     __end_of_SYSTEM_Initialize 7FC0                         _OSCTUNE 0F9B                         __Hparam 0000  
                       __Lparam 0000                         __pcinit 7FA6                         __ramtop 0600  
                       __ptext0 7FC0                         __ptext1 7FB6                         __ptext2 7FD0  
                       __ptext3 7FAC           _OSCILLATOR_Initialize 7FAC        ??_PIN_MANAGER_Initialize 0000  
          end_of_initialization 7FA6          ?_OSCILLATOR_Initialize 0000             start_initialization 7FA6  
        _PIN_MANAGER_Initialize 7FD0                     _INTCON2bits 0FF1                        __Hrparam 0000  
                      __Lrparam 0000         ??_OSCILLATOR_Initialize 0000                        isa$xinst 0000  
                    _INTCONbits 0FF2         ?_PIN_MANAGER_Initialize 0000  __end_of_PIN_MANAGER_Initialize 8000  
