

Microchip MPLAB XC8 Assembler V2.36 build 20220127204148 
                                                                                               Wed Dec 21 10:27:49 2022

Microchip MPLAB XC8 C Compiler v2.36 (Free license) build 20220127204148 Og1 
     1                           	processor	18F45K20
     2                           	fnconf	rparam,??,?,0
     3                           	pagewidth 120
     4                           	opt	flic
     5                           	psect	cinit,global,reloc=2,class=CODE,delta=1
     6                           	psect	cstackCOMRAM,global,class=COMRAM,space=1,delta=1,lowdata,noexec
     7                           	psect	text0,global,reloc=2,class=CODE,delta=1
     8                           	psect	text1,global,reloc=2,class=CODE,delta=1
     9                           	psect	text2,global,reloc=2,class=CODE,delta=1
    10                           	psect	text3,global,reloc=2,class=CODE,delta=1
    11                           	psect	intsave_regs,global,class=BIGRAM,space=1,delta=1,noexec
    12                           	psect	rparam,global,class=COMRAM,space=1,delta=1,noexec
    13                           	psect	idloc,global,abs,ovrld,class=IDLOC,space=5,delta=1,noexec
    14                           	psect	config,global,abs,ovrld,class=CONFIG,space=4,delta=1,noexec
    15  0000                     
    16                           ; Version 2.40
    17                           ; Generated 17/11/2021 GMT
    18                           ; 
    19                           ; Copyright © 2021, Microchip Technology Inc. and its subsidiaries ("Microchip")
    20                           ; All rights reserved.
    21                           ; 
    22                           ; This software is developed by Microchip Technology Inc. and its subsidiaries ("Microch
      +                          ip").
    23                           ; 
    24                           ; Redistribution and use in source and binary forms, with or without modification, are
    25                           ; permitted provided that the following conditions are met:
    26                           ; 
    27                           ;     1. Redistributions of source code must retain the above copyright notice, this lis
      +                          t of
    28                           ;        conditions and the following disclaimer.
    29                           ; 
    30                           ;     2. Redistributions in binary form must reproduce the above copyright notice, this 
      +                          list
    31                           ;        of conditions and the following disclaimer in the documentation and/or other
    32                           ;        materials provided with the distribution. Publication is not required when
    33                           ;        this file is used in an embedded application.
    34                           ; 
    35                           ;     3. Microchip's name may not be used to endorse or promote products derived from th
      +                          is
    36                           ;        software without specific prior written permission.
    37                           ; 
    38                           ; THIS SOFTWARE IS PROVIDED BY MICROCHIP "AS IS" AND ANY EXPRESS OR IMPLIED WARRANTIES,
    39                           ; INCLUDING, BUT NOT LIMITED TO, THE IMPLIED WARRANTIES OF MERCHANTABILITY AND FITNESS F
      +                          OR
    40                           ; PURPOSE ARE DISCLAIMED.  IN NO EVENT SHALL MICROCHIP BE LIABLE FOR ANY DIRECT, INDIREC
      +                          T,
    41                           ; INCIDENTAL, SPECIAL, EXEMPLARY, OR CONSEQUENTIAL DAMAGES (INCLUDING BUT NOT LIMITED TO
    42                           ; PROCUREMENT OF SUBSTITUTE GOODS OR SERVICES; LOSS OF USE, DATA OR PROFITS; OR BUSINESS
    43                           ; INTERRUPTION) HOWSOEVER CAUSED AND ON ANY THEORY OF LIABILITY, WHETHER IN CONTRACT, ST
      +                          RICT
    44                           ; LIABILITY, OR TORT (INCLUDING NEGLIGENCE OR OTHERWISE) ARISING IN ANY WAY OUT OF THE U
      +                          SE OF
    45                           ; THIS SOFTWARE, EVEN IF ADVISED OF THE POSSIBILITY OF SUCH DAMAGE.
    46                           ; 
    47                           ; 
    48                           ; Code-generator required, PIC18F45K20 Definitions
    49                           ; 
    50                           ; SFR Addresses
    51  0000                     _TRISD	set	3989
    52  0000                     _TRISC	set	3988
    53  0000                     _TRISB	set	3987
    54  0000                     _LATC	set	3979
    55  0000                     _LATB	set	3978
    56  0000                     _LATBbits	set	3978
    57  0000                     _WPUB	set	3964
    58  0000                     _ANSEL	set	3966
    59  0000                     _LATA	set	3977
    60  0000                     _LATD	set	3980
    61  0000                     _LATE	set	3981
    62  0000                     _TRISA	set	3986
    63  0000                     _TRISE	set	3990
    64  0000                     _OSCTUNE	set	3995
    65  0000                     _OSCCON	set	4051
    66  0000                     _INTCON2bits	set	4081
    67  0000                     _PORTCbits	set	3970
    68  0000                     _ANSELH	set	3967
    69  0000                     _INTCONbits	set	4082
    70                           
    71                           ; #config settings
    72                           
    73                           	psect	cinit
    74  007FA0                     __pcinit:
    75                           	callstack 0
    76  007FA0                     start_initialization:
    77                           	callstack 0
    78  007FA0                     __initialization:
    79                           	callstack 0
    80  007FA0                     end_of_initialization:
    81                           	callstack 0
    82  007FA0                     __end_of__initialization:
    83                           	callstack 0
    84  007FA0  0100               	movlb	0
    85  007FA2  EFDD  F03F         	goto	_main	;jump to C main() function
    86                           
    87                           	psect	cstackCOMRAM
    88  000000                     __pcstackCOMRAM:
    89                           	callstack 0
    90  000000                     
    91                           ; 1 bytes @ 0x0
    92 ;;
    93 ;;Main: autosize = 0, tempsize = 0, incstack = 0, save=0
    94 ;;
    95 ;; *************** function _main *****************
    96 ;; Defined at:
    97 ;;		line 15 in file "main.c"
    98 ;; Parameters:    Size  Location     Type
    99 ;;		None
   100 ;; Auto vars:     Size  Location     Type
   101 ;;		None
   102 ;; Return value:  Size  Location     Type
   103 ;;                  1    wreg      void 
   104 ;; Registers used:
   105 ;;		wreg, status,2, cstack
   106 ;; Tracked objects:
   107 ;;		On entry : 0/0
   108 ;;		On exit  : 0/0
   109 ;;		Unchanged: 0/0
   110 ;; Data sizes:     COMRAM   BANK0   BANK1   BANK2   BANK3   BANK4   BANK5
   111 ;;      Params:         0       0       0       0       0       0       0
   112 ;;      Locals:         0       0       0       0       0       0       0
   113 ;;      Temps:          0       0       0       0       0       0       0
   114 ;;      Totals:         0       0       0       0       0       0       0
   115 ;;Total ram usage:        0 bytes
   116 ;; Hardware stack levels required when called: 2
   117 ;; This function calls:
   118 ;;		_SYSTEM_Initialize
   119 ;; This function is called by:
   120 ;;		Startup code after reset
   121 ;; This function uses a non-reentrant model
   122 ;;
   123                           
   124                           	psect	text0
   125  007FBA                     __ptext0:
   126                           	callstack 0
   127  007FBA                     _main:
   128                           	callstack 29
   129  007FBA                     
   130                           ;main.c: 18:     SYSTEM_Initialize();
   131  007FBA  ECD8  F03F         	call	_SYSTEM_Initialize	;wreg free
   132  007FBE                     l760:
   133                           
   134                           ;main.c: 21:     {;main.c: 22:         LATBbits.LATB0 = PORTCbits.RC0;
   135  007FBE  A082               	btfss	130,0,c	;volatile
   136  007FC0  D002               	bra	u15
   137  007FC2  808A               	bsf	138,0,c	;volatile
   138  007FC4  D001               	bra	u17
   139  007FC6                     u15:
   140  007FC6  908A               	bcf	138,0,c	;volatile
   141  007FC8                     u17:
   142  007FC8  EFDF  F03F         	goto	l760
   143  007FCC  EF00  F000         	goto	start
   144  007FD0                     __end_of_main:
   145                           	callstack 0
   146                           
   147 ;; *************** function _SYSTEM_Initialize *****************
   148 ;; Defined at:
   149 ;;		line 50 in file "mcc_generated_files/mcc.c"
   150 ;; Parameters:    Size  Location     Type
   151 ;;		None
   152 ;; Auto vars:     Size  Location     Type
   153 ;;		None
   154 ;; Return value:  Size  Location     Type
   155 ;;                  1    wreg      void 
   156 ;; Registers used:
   157 ;;		wreg, status,2, cstack
   158 ;; Tracked objects:
   159 ;;		On entry : 0/0
   160 ;;		On exit  : 0/0
   161 ;;		Unchanged: 0/0
   162 ;; Data sizes:     COMRAM   BANK0   BANK1   BANK2   BANK3   BANK4   BANK5
   163 ;;      Params:         0       0       0       0       0       0       0
   164 ;;      Locals:         0       0       0       0       0       0       0
   165 ;;      Temps:          0       0       0       0       0       0       0
   166 ;;      Totals:         0       0       0       0       0       0       0
   167 ;;Total ram usage:        0 bytes
   168 ;; Hardware stack levels used: 1
   169 ;; Hardware stack levels required when called: 1
   170 ;; This function calls:
   171 ;;		_OSCILLATOR_Initialize
   172 ;;		_PIN_MANAGER_Initialize
   173 ;; This function is called by:
   174 ;;		_main
   175 ;; This function uses a non-reentrant model
   176 ;;
   177                           
   178                           	psect	text1
   179  007FB0                     __ptext1:
   180                           	callstack 0
   181  007FB0                     _SYSTEM_Initialize:
   182                           	callstack 29
   183  007FB0                     
   184                           ;mcc_generated_files/mcc.c: 53:     PIN_MANAGER_Initialize();
   185  007FB0  ECE8  F03F         	call	_PIN_MANAGER_Initialize	;wreg free
   186                           
   187                           ;mcc_generated_files/mcc.c: 54:     OSCILLATOR_Initialize();
   188  007FB4  ECD3  F03F         	call	_OSCILLATOR_Initialize	;wreg free
   189  007FB8  0012               	return		;funcret
   190  007FBA                     __end_of_SYSTEM_Initialize:
   191                           	callstack 0
   192                           
   193 ;; *************** function _PIN_MANAGER_Initialize *****************
   194 ;; Defined at:
   195 ;;		line 55 in file "mcc_generated_files/pin_manager.c"
   196 ;; Parameters:    Size  Location     Type
   197 ;;		None
   198 ;; Auto vars:     Size  Location     Type
   199 ;;		None
   200 ;; Return value:  Size  Location     Type
   201 ;;                  1    wreg      void 
   202 ;; Registers used:
   203 ;;		wreg, status,2
   204 ;; Tracked objects:
   205 ;;		On entry : 0/0
   206 ;;		On exit  : 0/0
   207 ;;		Unchanged: 0/0
   208 ;; Data sizes:     COMRAM   BANK0   BANK1   BANK2   BANK3   BANK4   BANK5
   209 ;;      Params:         0       0       0       0       0       0       0
   210 ;;      Locals:         0       0       0       0       0       0       0
   211 ;;      Temps:          0       0       0       0       0       0       0
   212 ;;      Totals:         0       0       0       0       0       0       0
   213 ;;Total ram usage:        0 bytes
   214 ;; Hardware stack levels used: 1
   215 ;; This function calls:
   216 ;;		Nothing
   217 ;; This function is called by:
   218 ;;		_SYSTEM_Initialize
   219 ;; This function uses a non-reentrant model
   220 ;;
   221                           
   222                           	psect	text2
   223  007FD0                     __ptext2:
   224                           	callstack 0
   225  007FD0                     _PIN_MANAGER_Initialize:
   226                           	callstack 29
   227  007FD0                     
   228                           ;mcc_generated_files/pin_manager.c: 60:     LATE = 0x00;
   229  007FD0  0E00               	movlw	0
   230  007FD2  6E8D               	movwf	141,c	;volatile
   231                           
   232                           ;mcc_generated_files/pin_manager.c: 61:     LATD = 0x00;
   233  007FD4  0E00               	movlw	0
   234  007FD6  6E8C               	movwf	140,c	;volatile
   235                           
   236                           ;mcc_generated_files/pin_manager.c: 62:     LATA = 0x00;
   237  007FD8  0E00               	movlw	0
   238  007FDA  6E89               	movwf	137,c	;volatile
   239                           
   240                           ;mcc_generated_files/pin_manager.c: 63:     LATB = 0x00;
   241  007FDC  0E00               	movlw	0
   242  007FDE  6E8A               	movwf	138,c	;volatile
   243                           
   244                           ;mcc_generated_files/pin_manager.c: 64:     LATC = 0x00;
   245  007FE0  0E00               	movlw	0
   246  007FE2  6E8B               	movwf	139,c	;volatile
   247                           
   248                           ;mcc_generated_files/pin_manager.c: 69:     TRISE = 0x07;
   249  007FE4  0E07               	movlw	7
   250  007FE6  6E96               	movwf	150,c	;volatile
   251  007FE8                     
   252                           ;mcc_generated_files/pin_manager.c: 70:     TRISA = 0xFF;
   253  007FE8  6892               	setf	146,c	;volatile
   254                           
   255                           ;mcc_generated_files/pin_manager.c: 71:     TRISB = 0xFE;
   256  007FEA  0EFE               	movlw	254
   257  007FEC  6E93               	movwf	147,c	;volatile
   258  007FEE                     
   259                           ;mcc_generated_files/pin_manager.c: 72:     TRISC = 0xFF;
   260  007FEE  6894               	setf	148,c	;volatile
   261  007FF0                     
   262                           ;mcc_generated_files/pin_manager.c: 73:     TRISD = 0xFF;
   263  007FF0  6895               	setf	149,c	;volatile
   264  007FF2                     
   265                           ;mcc_generated_files/pin_manager.c: 78:     ANSEL = 0xFF;
   266  007FF2  687E               	setf	126,c	;volatile
   267                           
   268                           ;mcc_generated_files/pin_manager.c: 79:     ANSELH = 0x1F;
   269  007FF4  0E1F               	movlw	31
   270  007FF6  6E7F               	movwf	127,c	;volatile
   271                           
   272                           ;mcc_generated_files/pin_manager.c: 84:     WPUB = 0x00;
   273  007FF8  0E00               	movlw	0
   274  007FFA  6E7C               	movwf	124,c	;volatile
   275  007FFC                     
   276                           ;mcc_generated_files/pin_manager.c: 85:     INTCON2bits.nRBPU = 1;
   277  007FFC  8EF1               	bsf	241,7,c	;volatile
   278  007FFE  0012               	return		;funcret
   279  008000                     __end_of_PIN_MANAGER_Initialize:
   280                           	callstack 0
   281                           
   282 ;; *************** function _OSCILLATOR_Initialize *****************
   283 ;; Defined at:
   284 ;;		line 57 in file "mcc_generated_files/mcc.c"
   285 ;; Parameters:    Size  Location     Type
   286 ;;		None
   287 ;; Auto vars:     Size  Location     Type
   288 ;;		None
   289 ;; Return value:  Size  Location     Type
   290 ;;                  1    wreg      void 
   291 ;; Registers used:
   292 ;;		wreg, status,2
   293 ;; Tracked objects:
   294 ;;		On entry : 0/0
   295 ;;		On exit  : 0/0
   296 ;;		Unchanged: 0/0
   297 ;; Data sizes:     COMRAM   BANK0   BANK1   BANK2   BANK3   BANK4   BANK5
   298 ;;      Params:         0       0       0       0       0       0       0
   299 ;;      Locals:         0       0       0       0       0       0       0
   300 ;;      Temps:          0       0       0       0       0       0       0
   301 ;;      Totals:         0       0       0       0       0       0       0
   302 ;;Total ram usage:        0 bytes
   303 ;; Hardware stack levels used: 1
   304 ;; This function calls:
   305 ;;		Nothing
   306 ;; This function is called by:
   307 ;;		_SYSTEM_Initialize
   308 ;; This function uses a non-reentrant model
   309 ;;
   310                           
   311                           	psect	text3
   312  007FA6                     __ptext3:
   313                           	callstack 0
   314  007FA6                     _OSCILLATOR_Initialize:
   315                           	callstack 29
   316  007FA6                     
   317                           ;mcc_generated_files/mcc.c: 60:     OSCCON = 0x30;
   318  007FA6  0E30               	movlw	48
   319  007FA8  6ED3               	movwf	211,c	;volatile
   320                           
   321                           ;mcc_generated_files/mcc.c: 62:     OSCTUNE = 0x00;
   322  007FAA  0E00               	movlw	0
   323  007FAC  6E9B               	movwf	155,c	;volatile
   324  007FAE  0012               	return		;funcret
   325  007FB0                     __end_of_OSCILLATOR_Initialize:
   326                           	callstack 0
   327  0000                     
   328                           	psect	rparam
   329  0000                     
   330                           	psect	idloc
   331                           
   332                           ;Config register IDLOC0 @ 0x200000
   333                           ;	unspecified, using default values
   334  200000                     	org	2097152
   335  200000  FF                 	db	255
   336                           
   337                           ;Config register IDLOC1 @ 0x200001
   338                           ;	unspecified, using default values
   339  200001                     	org	2097153
   340  200001  FF                 	db	255
   341                           
   342                           ;Config register IDLOC2 @ 0x200002
   343                           ;	unspecified, using default values
   344  200002                     	org	2097154
   345  200002  FF                 	db	255
   346                           
   347                           ;Config register IDLOC3 @ 0x200003
   348                           ;	unspecified, using default values
   349  200003                     	org	2097155
   350  200003  FF                 	db	255
   351                           
   352                           ;Config register IDLOC4 @ 0x200004
   353                           ;	unspecified, using default values
   354  200004                     	org	2097156
   355  200004  FF                 	db	255
   356                           
   357                           ;Config register IDLOC5 @ 0x200005
   358                           ;	unspecified, using default values
   359  200005                     	org	2097157
   360  200005  FF                 	db	255
   361                           
   362                           ;Config register IDLOC6 @ 0x200006
   363                           ;	unspecified, using default values
   364  200006                     	org	2097158
   365  200006  FF                 	db	255
   366                           
   367                           ;Config register IDLOC7 @ 0x200007
   368                           ;	unspecified, using default values
   369  200007                     	org	2097159
   370  200007  FF                 	db	255
   371                           
   372                           	psect	config
   373                           
   374                           ; Padding undefined space
   375  300000                     	org	3145728
   376  300000  FF                 	db	255
   377                           
   378                           ;Config register CONFIG1H @ 0x300001
   379                           ;	Oscillator Selection bits
   380                           ;	FOSC = HS, HS oscillator
   381                           ;	Fail-Safe Clock Monitor Enable bit
   382                           ;	FCMEN = OFF, Fail-Safe Clock Monitor disabled
   383                           ;	Internal/External Oscillator Switchover bit
   384                           ;	IESO = OFF, Oscillator Switchover mode disabled
   385  300001                     	org	3145729
   386  300001  02                 	db	2
   387                           
   388                           ;Config register CONFIG2L @ 0x300002
   389                           ;	Power-up Timer Enable bit
   390                           ;	PWRT = OFF, PWRT disabled
   391                           ;	Brown-out Reset Enable bits
   392                           ;	BOREN = SBORDIS, Brown-out Reset enabled in hardware only (SBOREN is disabled)
   393                           ;	Brown Out Reset Voltage bits
   394                           ;	BORV = 18, VBOR set to 1.8 V nominal
   395  300002                     	org	3145730
   396  300002  1F                 	db	31
   397                           
   398                           ;Config register CONFIG2H @ 0x300003
   399                           ;	Watchdog Timer Enable bit
   400                           ;	WDTEN = OFF, WDT is controlled by SWDTEN bit of the WDTCON register
   401                           ;	Watchdog Timer Postscale Select bits
   402                           ;	WDTPS = 32768, 1:32768
   403  300003                     	org	3145731
   404  300003  1E                 	db	30
   405                           
   406                           ; Padding undefined space
   407  300004                     	org	3145732
   408  300004  FF                 	db	255
   409                           
   410                           ;Config register CONFIG3H @ 0x300005
   411                           ;	CCP2 MUX bit
   412                           ;	CCP2MX = PORTC, CCP2 input/output is multiplexed with RC1
   413                           ;	PORTB A/D Enable bit
   414                           ;	PBADEN = ON, PORTB<4:0> pins are configured as analog input channels on Reset
   415                           ;	Low-Power Timer1 Oscillator Enable bit
   416                           ;	LPT1OSC = OFF, Timer1 configured for higher power operation
   417                           ;	HFINTOSC Fast Start-up
   418                           ;	HFOFST = ON, HFINTOSC starts clocking the CPU without waiting for the oscillator to st
      +                          ablize.
   419                           ;	MCLR Pin Enable bit
   420                           ;	MCLRE = ON, MCLR pin enabled; RE3 input pin disabled
   421  300005                     	org	3145733
   422  300005  8B                 	db	139
   423                           
   424                           ;Config register CONFIG4L @ 0x300006
   425                           ;	Stack Full/Underflow Reset Enable bit
   426                           ;	STVREN = ON, Stack full/underflow will cause Reset
   427                           ;	Single-Supply ICSP Enable bit
   428                           ;	LVP = OFF, Single-Supply ICSP disabled
   429                           ;	Extended Instruction Set Enable bit
   430                           ;	XINST = OFF, Instruction set extension and Indexed Addressing mode disabled (Legacy mo
      +                          de)
   431                           ;	Background Debugger Enable bit
   432                           ;	DEBUG = OFF, Background debugger disabled, RB6 and RB7 configured as general purpose I
      +                          /O pins
   433  300006                     	org	3145734
   434  300006  81                 	db	129
   435                           
   436                           ; Padding undefined space
   437  300007                     	org	3145735
   438  300007  FF                 	db	255
   439                           
   440                           ;Config register CONFIG5L @ 0x300008
   441                           ;	Code Protection Block 0
   442                           ;	CP0 = OFF, Block 0 (000800-001FFFh) not code-protected
   443                           ;	Code Protection Block 1
   444                           ;	CP1 = OFF, Block 1 (002000-003FFFh) not code-protected
   445                           ;	Code Protection Block 2
   446                           ;	CP2 = OFF, Block 2 (004000-005FFFh) not code-protected
   447                           ;	Code Protection Block 3
   448                           ;	CP3 = OFF, Block 3 (006000-007FFFh) not code-protected
   449  300008                     	org	3145736
   450  300008  0F                 	db	15
   451                           
   452                           ;Config register CONFIG5H @ 0x300009
   453                           ;	Boot Block Code Protection bit
   454                           ;	CPB = OFF, Boot block (000000-0007FFh) not code-protected
   455                           ;	Data EEPROM Code Protection bit
   456                           ;	CPD = OFF, Data EEPROM not code-protected
   457  300009                     	org	3145737
   458  300009  C0                 	db	192
   459                           
   460                           ;Config register CONFIG6L @ 0x30000A
   461                           ;	Write Protection Block 0
   462                           ;	WRT0 = OFF, Block 0 (000800-001FFFh) not write-protected
   463                           ;	Write Protection Block 1
   464                           ;	WRT1 = OFF, Block 1 (002000-003FFFh) not write-protected
   465                           ;	Write Protection Block 2
   466                           ;	WRT2 = OFF, Block 2 (004000-005FFFh) not write-protected
   467                           ;	Write Protection Block 3
   468                           ;	WRT3 = OFF, Block 3 (006000-007FFFh) not write-protected
   469  30000A                     	org	3145738
   470  30000A  0F                 	db	15
   471                           
   472                           ;Config register CONFIG6H @ 0x30000B
   473                           ;	Configuration Register Write Protection bit
   474                           ;	WRTC = OFF, Configuration registers (300000-3000FFh) not write-protected
   475                           ;	Boot Block Write Protection bit
   476                           ;	WRTB = OFF, Boot Block (000000-0007FFh) not write-protected
   477                           ;	Data EEPROM Write Protection bit
   478                           ;	WRTD = OFF, Data EEPROM not write-protected
   479  30000B                     	org	3145739
   480  30000B  E0                 	db	224
   481                           
   482                           ;Config register CONFIG7L @ 0x30000C
   483                           ;	Table Read Protection Block 0
   484                           ;	EBTR0 = OFF, Block 0 (000800-001FFFh) not protected from table reads executed in other
      +                           blocks
   485                           ;	Table Read Protection Block 1
   486                           ;	EBTR1 = OFF, Block 1 (002000-003FFFh) not protected from table reads executed in other
      +                           blocks
   487                           ;	Table Read Protection Block 2
   488                           ;	EBTR2 = OFF, Block 2 (004000-005FFFh) not protected from table reads executed in other
      +                           blocks
   489                           ;	Table Read Protection Block 3
   490                           ;	EBTR3 = OFF, Block 3 (006000-007FFFh) not protected from table reads executed in other
      +                           blocks
   491  30000C                     	org	3145740
   492  30000C  0F                 	db	15
   493                           
   494                           ;Config register CONFIG7H @ 0x30000D
   495                           ;	Boot Block Table Read Protection bit
   496                           ;	EBTRB = OFF, Boot Block (000000-0007FFh) not protected from table reads executed in ot
      +                          her blocks
   497  30000D                     	org	3145741
   498  30000D  40                 	db	64
   499                           tosu	equ	0xFFF
   500                           tosh	equ	0xFFE
   501                           tosl	equ	0xFFD
   502                           stkptr	equ	0xFFC
   503                           pclatu	equ	0xFFB
   504                           pclath	equ	0xFFA
   505                           pcl	equ	0xFF9
   506                           tblptru	equ	0xFF8
   507                           tblptrh	equ	0xFF7
   508                           tblptrl	equ	0xFF6
   509                           tablat	equ	0xFF5
   510                           prodh	equ	0xFF4
   511                           prodl	equ	0xFF3
   512                           indf0	equ	0xFEF
   513                           postinc0	equ	0xFEE
   514                           postdec0	equ	0xFED
   515                           preinc0	equ	0xFEC
   516                           plusw0	equ	0xFEB
   517                           fsr0h	equ	0xFEA
   518                           fsr0l	equ	0xFE9
   519                           wreg	equ	0xFE8
   520                           indf1	equ	0xFE7
   521                           postinc1	equ	0xFE6
   522                           postdec1	equ	0xFE5
   523                           preinc1	equ	0xFE4
   524                           plusw1	equ	0xFE3
   525                           fsr1h	equ	0xFE2
   526                           fsr1l	equ	0xFE1
   527                           bsr	equ	0xFE0
   528                           indf2	equ	0xFDF
   529                           postinc2	equ	0xFDE
   530                           postdec2	equ	0xFDD
   531                           preinc2	equ	0xFDC
   532                           plusw2	equ	0xFDB
   533                           fsr2h	equ	0xFDA
   534                           fsr2l	equ	0xFD9
   535                           status	equ	0xFD8

Data Sizes:
    Strings     0
    Constant    0
    Data        0
    BSS         0
    Persistent  0
    Stack       0

Auto Spaces:
    Space          Size  Autos    Used
    COMRAM           95      0       0
    BANK0           160      0       0
    BANK1           256      0       0
    BANK2           256      0       0
    BANK3           256      0       0
    BANK4           256      0       0
    BANK5           256      0       0

Pointer List with Targets:

    None.

Critical Paths under _main in COMRAM

    None.

Critical Paths under _main in BANK0

    None.

Critical Paths under _main in BANK1

    None.

Critical Paths under _main in BANK2

    None.

Critical Paths under _main in BANK3

    None.

Critical Paths under _main in BANK4

    None.

Critical Paths under _main in BANK5

    None.

Call Graph Tables:

 ---------------------------------------------------------------------------------
 (Depth) Function   	        Calls       Base Space   Used Autos Params    Refs
 ---------------------------------------------------------------------------------
 (0) _main                                                 0     0      0       0
                  _SYSTEM_Initialize
 ---------------------------------------------------------------------------------
 (1) _SYSTEM_Initialize                                    0     0      0       0
              _OSCILLATOR_Initialize
             _PIN_MANAGER_Initialize
 ---------------------------------------------------------------------------------
 (2) _PIN_MANAGER_Initialize                               0     0      0       0
 ---------------------------------------------------------------------------------
 (2) _OSCILLATOR_Initialize                                0     0      0       0
 ---------------------------------------------------------------------------------
 Estimated maximum stack depth 2
 ---------------------------------------------------------------------------------

 Call Graph Graphs:

 _main (ROOT)
   _SYSTEM_Initialize
     _OSCILLATOR_Initialize
     _PIN_MANAGER_Initialize

 Address spaces:
Name               Size   Autos  Total    Cost      Usage
BITCOMRAM           5F      0       0       0        0.0%
EEDATA             100      0       0       0        0.0%
NULL                 0      0       0       0        0.0%
CODE                 0      0       0       0        0.0%
COMRAM              5F      0       0       1        0.0%
STACK                0      0       0       2        0.0%
DATA                 0      0       0       3        0.0%
BITBANK0            A0      0       0       4        0.0%
BANK0               A0      0       0       5        0.0%
BITBANK1           100      0       0       6        0.0%
BANK1              100      0       0       7        0.0%
BITBANK2           100      0       0       8        0.0%
BANK2              100      0       0       9        0.0%
BITBANK3           100      0       0      10        0.0%
BANK3              100      0       0      11        0.0%
BITBANK4           100      0       0      12        0.0%
BANK4              100      0       0      13        0.0%
BITBANK5           100      0       0      14        0.0%
BANK5              100      0       0      15        0.0%
BITBIGSFRhhh         D      0       0      16        0.0%
BITBIGSFRhhlh       1D      0       0      17        0.0%
BITBIGSFRhhllh      37      0       0      18        0.0%
BITBIGSFRhhlll       4      0       0      19        0.0%
BITBIGSFRhll         4      0       0      20        0.0%
BITBIGSFRllhh        6      0       0      21        0.0%
BITBIGSFRllhl        2      0       0      22        0.0%
BITBIGSFRlllh        1      0       0      23        0.0%
BITBIGSFRllll       1C      0       0      24        0.0%
ABS                  0      0       0      25        0.0%
BIGRAM             5FF      0       0      26        0.0%
BIGSFR               0      0       0     200        0.0%
BITSFR               0      0       0     200        0.0%
SFR                  0      0       0     200        0.0%


Microchip Technology PIC18 Macro Assembler V2.36 build 20220127204148 
Symbol Table                                                                                   Wed Dec 21 10:27:49 2022

                            l33 7FFE                              l50 7FAE                              l47 7FB8  
                            u15 7FC6                              u17 7FC8                             l740 7FD0  
                           l750 7FFC                             l742 7FE8                             l752 7FA6  
                           l744 7FEE                             l760 7FBE                             l746 7FF0  
                           l754 7FB0                             l748 7FF2                             l758 7FBA  
                          _LATA 000F89                            _LATB 000F8A                            _LATC 000F8B  
                          _LATD 000F8C                            _LATE 000F8D                            _WPUB 000F7C  
                          _main 7FBA                            start 0000                    ___param_bank 000000  
 __end_of_OSCILLATOR_Initialize 7FB0                           ?_main 0000                           _ANSEL 000F7E  
                         _TRISA 000F92                           _TRISB 000F93                           _TRISC 000F94  
                         _TRISD 000F95                           _TRISE 000F96                 __initialization 7FA0  
                  __end_of_main 7FD0                          ??_main 0000                   __activetblptr 000000  
                        _ANSELH 000F7F                          _OSCCON 000FD3                          isa$std 000001  
             _SYSTEM_Initialize 7FB0                      __accesstop 0060         __end_of__initialization 7FA0  
            ?_SYSTEM_Initialize 0000                   ___rparam_used 000001                  __pcstackCOMRAM 0000  
           ??_SYSTEM_Initialize 0000       __end_of_SYSTEM_Initialize 7FBA                         _OSCTUNE 000F9B  
                       __Hparam 0000                         __Lparam 0000                         __pcinit 7FA0  
                       __ramtop 0600                         __ptext0 7FBA                         __ptext1 7FB0  
                       __ptext2 7FD0                         __ptext3 7FA6           _OSCILLATOR_Initialize 7FA6  
      ??_PIN_MANAGER_Initialize 0000            end_of_initialization 7FA0                       _PORTCbits 000F82  
        ?_OSCILLATOR_Initialize 0000             start_initialization 7FA0          _PIN_MANAGER_Initialize 7FD0  
                      _LATBbits 000F8A                     _INTCON2bits 000FF1                        __Hrparam 0000  
                      __Lrparam 0000         ??_OSCILLATOR_Initialize 0000                        isa$xinst 000000  
                    _INTCONbits 000FF2         ?_PIN_MANAGER_Initialize 0000  __end_of_PIN_MANAGER_Initialize 8000  
