

Microchip MPLAB XC8 Assembler V2.36 build 20220127204148 
                                                                                               Wed Dec 21 22:26:28 2022

Microchip MPLAB XC8 C Compiler v2.36 (Free license) build 20220127204148 Og1 
     1                           	processor	18F45K20
     2                           	fnconf	rparam,??,?,0
     3                           	pagewidth 120
     4                           	opt	flic
     5                           	psect	idataCOMRAM,global,class=CODE,delta=1,noexec
     6                           	psect	smallconst,global,reloc=2,class=SMALLCONST,delta=1,noexec
     7                           	psect	cinit,global,reloc=2,class=CODE,delta=1
     8                           	psect	bssCOMRAM,global,class=COMRAM,space=1,delta=1,lowdata,noexec
     9                           	psect	dataCOMRAM,global,class=COMRAM,space=1,delta=1,lowdata,noexec
    10                           	psect	cstackCOMRAM,global,class=COMRAM,space=1,delta=1,lowdata,noexec
    11                           	psect	text0,global,reloc=2,class=CODE,delta=1
    12                           	psect	text1,global,reloc=2,class=CODE,delta=1
    13                           	psect	text2,global,reloc=2,class=CODE,delta=1
    14                           	psect	text3,global,reloc=2,class=CODE,delta=1
    15                           	psect	text4,global,reloc=2,class=CODE,delta=1
    16                           	psect	text5,global,reloc=2,class=CODE,delta=1
    17                           	psect	text6,global,reloc=2,class=CODE,delta=1
    18                           	psect	text7,global,reloc=2,class=CODE,delta=1
    19                           	psect	text8,global,reloc=2,class=CODE,delta=1
    20                           	psect	text9,global,reloc=2,class=CODE,delta=1
    21                           	psect	intsave_regs,global,class=BIGRAM,space=1,delta=1,noexec
    22                           	psect	rparam,global,class=COMRAM,space=1,delta=1,noexec
    23                           	psect	idloc,global,abs,ovrld,class=IDLOC,space=5,delta=1,noexec
    24                           	psect	config,global,abs,ovrld,class=CONFIG,space=4,delta=1,noexec
    25  0000                     
    26                           ; Version 2.40
    27                           ; Generated 17/11/2021 GMT
    28                           ; 
    29                           ; Copyright © 2021, Microchip Technology Inc. and its subsidiaries ("Microchip")
    30                           ; All rights reserved.
    31                           ; 
    32                           ; This software is developed by Microchip Technology Inc. and its subsidiaries ("Microch
      +                          ip").
    33                           ; 
    34                           ; Redistribution and use in source and binary forms, with or without modification, are
    35                           ; permitted provided that the following conditions are met:
    36                           ; 
    37                           ;     1. Redistributions of source code must retain the above copyright notice, this lis
      +                          t of
    38                           ;        conditions and the following disclaimer.
    39                           ; 
    40                           ;     2. Redistributions in binary form must reproduce the above copyright notice, this 
      +                          list
    41                           ;        of conditions and the following disclaimer in the documentation and/or other
    42                           ;        materials provided with the distribution. Publication is not required when
    43                           ;        this file is used in an embedded application.
    44                           ; 
    45                           ;     3. Microchip's name may not be used to endorse or promote products derived from th
      +                          is
    46                           ;        software without specific prior written permission.
    47                           ; 
    48                           ; THIS SOFTWARE IS PROVIDED BY MICROCHIP "AS IS" AND ANY EXPRESS OR IMPLIED WARRANTIES,
    49                           ; INCLUDING, BUT NOT LIMITED TO, THE IMPLIED WARRANTIES OF MERCHANTABILITY AND FITNESS F
      +                          OR
    50                           ; PURPOSE ARE DISCLAIMED.  IN NO EVENT SHALL MICROCHIP BE LIABLE FOR ANY DIRECT, INDIREC
      +                          T,
    51                           ; INCIDENTAL, SPECIAL, EXEMPLARY, OR CONSEQUENTIAL DAMAGES (INCLUDING BUT NOT LIMITED TO
    52                           ; PROCUREMENT OF SUBSTITUTE GOODS OR SERVICES; LOSS OF USE, DATA OR PROFITS; OR BUSINESS
    53                           ; INTERRUPTION) HOWSOEVER CAUSED AND ON ANY THEORY OF LIABILITY, WHETHER IN CONTRACT, ST
      +                          RICT
    54                           ; LIABILITY, OR TORT (INCLUDING NEGLIGENCE OR OTHERWISE) ARISING IN ANY WAY OUT OF THE U
      +                          SE OF
    55                           ; THIS SOFTWARE, EVEN IF ADVISED OF THE POSSIBILITY OF SUCH DAMAGE.
    56                           ; 
    57                           ; 
    58                           ; Code-generator required, PIC18F45K20 Definitions
    59                           ; 
    60                           ; SFR Addresses
    61  0000                     
    62                           	psect	idataCOMRAM
    63  0008C0                     __pidataCOMRAM:
    64                           	callstack 0
    65                           
    66                           ;initializer for _Bit_Format
    67  0008C0  0008               	dw	8
    68                           
    69                           ;initializer for _Happyface
    70  0008C2  0E                 	db	14
    71  0008C3  1F                 	db	31
    72  0008C4  00                 	db	0
    73  0008C5  0A                 	db	10
    74  0008C6  04                 	db	4
    75  0008C7  15                 	db	21
    76  0008C8  0A                 	db	10
    77  0008C9  0E                 	db	14
    78  0000                     _TRISD	set	3989
    79  0000                     _TRISC	set	3988
    80  0000                     _TRISB	set	3987
    81  0000                     _LATC	set	3979
    82  0000                     _LATB	set	3978
    83  0000                     _LATD1	set	31841
    84  0000                     _LATD0	set	31840
    85  0000                     _WPUB	set	3964
    86  0000                     _ANSEL	set	3966
    87  0000                     _LATA	set	3977
    88  0000                     _LATD	set	3980
    89  0000                     _LATE	set	3981
    90  0000                     _OSCTUNE	set	3995
    91  0000                     _OSCCON	set	4051
    92  0000                     _INTCON2bits	set	4081
    93  0000                     _TRISA	set	3986
    94  0000                     _TRISE	set	3990
    95  0000                     _ANSELH	set	3967
    96  0000                     _INTCONbits	set	4082
    97                           
    98                           	psect	smallconst
    99  000600                     __psmallconst:
   100                           	callstack 0
   101  000600  00                 	db	0
   102  000601                     STR_1:
   103  000601  43                 	db	67	;'C'
   104  000602  75                 	db	117	;'u'
   105  000603  73                 	db	115	;'s'
   106  000604  74                 	db	116	;'t'
   107  000605  6F                 	db	111	;'o'
   108  000606  6D                 	db	109	;'m'
   109  000607  20                 	db	32
   110  000608  4C                 	db	76	;'L'
   111  000609  43                 	db	67	;'C'
   112  00060A  44                 	db	68	;'D'
   113  00060B  20                 	db	32
   114  00060C  00                 	db	0
   115  00060D                     STR_3:
   116  00060D  57                 	db	87	;'W'
   117  00060E  65                 	db	101	;'e'
   118  00060F  6C                 	db	108	;'l'
   119  000610  63                 	db	99	;'c'
   120  000611  6F                 	db	111	;'o'
   121  000612  6D                 	db	109	;'m'
   122  000613  65                 	db	101	;'e'
   123  000614  20                 	db	32
   124  000615  21                 	db	33
   125  000616  21                 	db	33
   126  000617  21                 	db	33
   127  000618  00                 	db	0
   128  000619                     STR_2:
   129  000619  4C                 	db	76	;'L'
   130  00061A  69                 	db	105	;'i'
   131  00061B  62                 	db	98	;'b'
   132  00061C  72                 	db	114	;'r'
   133  00061D  61                 	db	97	;'a'
   134  00061E  72                 	db	114	;'r'
   135  00061F  79                 	db	121	;'y'
   136  000620  00                 	db	0
   137  000621  00                 	db	0	; dummy byte at the end
   138  0000                     
   139                           ; #config settings
   140                           
   141                           	psect	cinit
   142  000856                     __pcinit:
   143                           	callstack 0
   144  000856                     start_initialization:
   145                           	callstack 0
   146  000856                     __initialization:
   147                           	callstack 0
   148                           
   149                           ; Initialize objects allocated to COMRAM (10 bytes)
   150                           ; load TBLPTR registers with __pidataCOMRAM
   151  000856  0EC0               	movlw	low __pidataCOMRAM
   152  000858  6EF6               	movwf	tblptrl,c
   153  00085A  0E08               	movlw	high __pidataCOMRAM
   154  00085C  6EF7               	movwf	tblptrh,c
   155  00085E  0E00               	movlw	low (__pidataCOMRAM shr (0+16))
   156  000860  6EF8               	movwf	tblptru,c
   157  000862  EE00  F001         	lfsr	0,__pdataCOMRAM
   158  000866  EE10 F00A          	lfsr	1,10
   159  00086A                     copy_data0:
   160  00086A  0009               	tblrd		*+
   161  00086C  CFF5 FFEE          	movff	tablat,postinc0
   162  000870  50E5               	movf	postdec1,w,c
   163  000872  50E1               	movf	fsr1l,w,c
   164  000874  E1FA               	bnz	copy_data0
   165                           
   166                           ; Clear objects allocated to COMRAM (1 bytes)
   167  000876  6A14               	clrf	__pbssCOMRAM& (0+255),c
   168  000878                     end_of_initialization:
   169                           	callstack 0
   170  000878                     __end_of__initialization:
   171                           	callstack 0
   172  000878  0E00               	movlw	low (__Lmediumconst shr (0+16))
   173  00087A  6EF8               	movwf	tblptru,c
   174  00087C  0100               	movlb	0
   175  00087E  EF9E  F003         	goto	_main	;jump to C main() function
   176                           
   177                           	psect	bssCOMRAM
   178  000014                     __pbssCOMRAM:
   179                           	callstack 0
   180  000014                     _DATA_PORT:
   181                           	callstack 0
   182  000014                     	ds	1
   183                           
   184                           	psect	dataCOMRAM
   185  000001                     __pdataCOMRAM:
   186                           	callstack 0
   187  000001                     _Bit_Format:
   188                           	callstack 0
   189  000001                     	ds	2
   190  000003                     _Happyface:
   191                           	callstack 0
   192  000003                     	ds	8
   193                           
   194                           	psect	cstackCOMRAM
   195  00000B                     __pcstackCOMRAM:
   196                           	callstack 0
   197  00000B                     ??_LCD_Command:
   198  00000B                     ??_LCD_Write_Data:
   199                           
   200                           ; 1 bytes @ 0x0
   201  00000B                     	ds	1
   202  00000C                     LCD_Command@cmd:
   203                           	callstack 0
   204  00000C                     LCD_Write_Data@dat:
   205                           	callstack 0
   206                           
   207                           ; 1 bytes @ 0x1
   208  00000C                     	ds	1
   209  00000D                     ??_Configure_LCD:
   210  00000D                     LCD_Write_Message@pos:
   211                           	callstack 0
   212  00000D                     LCD_Read_Custom_Chararacter@row:
   213                           	callstack 0
   214  00000D                     LCD_Write_Custom_Chararacter@Message:
   215                           	callstack 0
   216                           
   217                           ; 2 bytes @ 0x2
   218  00000D                     	ds	1
   219  00000E                     LCD_Read_Custom_Chararacter@pos:
   220                           	callstack 0
   221  00000E                     LCD_Write_Message@msg:
   222                           	callstack 0
   223                           
   224                           ; 2 bytes @ 0x3
   225  00000E                     	ds	1
   226  00000F                     ??_LCD_Read_Custom_Chararacter:
   227  00000F                     LCD_Write_Custom_Chararacter@Location:
   228                           	callstack 0
   229                           
   230                           ; 1 bytes @ 0x4
   231  00000F                     	ds	1
   232  000010                     ??_LCD_Write_Message:
   233  000010                     LCD_Write_Custom_Chararacter@Counter:
   234                           	callstack 0
   235                           
   236                           ; 2 bytes @ 0x5
   237  000010                     	ds	1
   238  000011                     LCD_Read_Custom_Chararacter@Character_Address:
   239                           	callstack 0
   240                           
   241                           ; 1 bytes @ 0x6
   242  000011                     	ds	1
   243  000012                     LCD_Write_Message@row:
   244                           	callstack 0
   245  000012                     LCD_Read_Custom_Chararacter@location:
   246                           	callstack 0
   247                           
   248                           ; 1 bytes @ 0x7
   249  000012                     	ds	1
   250  000013                     LCD_Write_Message@location:
   251                           	callstack 0
   252                           
   253                           ; 1 bytes @ 0x8
   254  000013                     	ds	1
   255  000014                     
   256                           ; 1 bytes @ 0x9
   257 ;;
   258 ;;Main: autosize = 0, tempsize = 0, incstack = 0, save=0
   259 ;;
   260 ;; *************** function _main *****************
   261 ;; Defined at:
   262 ;;		line 19 in file "main.c"
   263 ;; Parameters:    Size  Location     Type
   264 ;;		None
   265 ;; Auto vars:     Size  Location     Type
   266 ;;		None
   267 ;; Return value:  Size  Location     Type
   268 ;;                  1    wreg      void 
   269 ;; Registers used:
   270 ;;		wreg, fsr2l, fsr2h, status,2, status,0, tblptrl, tblptrh, tblptru, prodl, prodh, cstack
   271 ;; Tracked objects:
   272 ;;		On entry : 0/0
   273 ;;		On exit  : 0/0
   274 ;;		Unchanged: 0/0
   275 ;; Data sizes:     COMRAM   BANK0   BANK1   BANK2   BANK3   BANK4   BANK5
   276 ;;      Params:         0       0       0       0       0       0       0
   277 ;;      Locals:         0       0       0       0       0       0       0
   278 ;;      Temps:          0       0       0       0       0       0       0
   279 ;;      Totals:         0       0       0       0       0       0       0
   280 ;;Total ram usage:        0 bytes
   281 ;; Hardware stack levels required when called: 2
   282 ;; This function calls:
   283 ;;		_Configure_LCD
   284 ;;		_LCD_Read_Custom_Chararacter
   285 ;;		_LCD_Write_Custom_Chararacter
   286 ;;		_LCD_Write_Message
   287 ;;		_SYSTEM_Initialize
   288 ;; This function is called by:
   289 ;;		Startup code after reset
   290 ;; This function uses a non-reentrant model
   291 ;;
   292                           
   293                           	psect	text0
   294  00073C                     __ptext0:
   295                           	callstack 0
   296  00073C                     _main:
   297                           	callstack 29
   298  00073C                     
   299                           ;main.c: 22:     SYSTEM_Initialize();
   300  00073C  EC65  F004         	call	_SYSTEM_Initialize	;wreg free
   301                           
   302                           ;main.c: 24:     Configure_LCD();
   303  000740  ECFC  F003         	call	_Configure_LCD	;wreg free
   304  000744                     
   305                           ;main.c: 25:     LCD_Write_Message(1,4,"Custom LCD ");
   306  000744  0E04               	movlw	4
   307  000746  6E0D               	movwf	LCD_Write_Message@pos^0,c
   308  000748  0E01               	movlw	low STR_1
   309  00074A  6E0E               	movwf	LCD_Write_Message@msg^0,c
   310  00074C  0E06               	movlw	high STR_1
   311  00074E  6E0F               	movwf	(LCD_Write_Message@msg+1)^0,c
   312  000750  0E01               	movlw	1
   313  000752  EC11  F003         	call	_LCD_Write_Message
   314  000756                     
   315                           ;main.c: 26:     LCD_Write_Message(2,5,"Library");
   316  000756  0E05               	movlw	5
   317  000758  6E0D               	movwf	LCD_Write_Message@pos^0,c
   318  00075A  0E19               	movlw	low STR_2
   319  00075C  6E0E               	movwf	LCD_Write_Message@msg^0,c
   320  00075E  0E06               	movlw	high STR_2
   321  000760  6E0F               	movwf	(LCD_Write_Message@msg+1)^0,c
   322  000762  0E02               	movlw	2
   323  000764  EC11  F003         	call	_LCD_Write_Message
   324  000768                     
   325                           ;main.c: 27:     LCD_Write_Message(3,3,"Welcome !!!");
   326  000768  0E03               	movlw	3
   327  00076A  6E0D               	movwf	LCD_Write_Message@pos^0,c
   328  00076C  0E0D               	movlw	low STR_3
   329  00076E  6E0E               	movwf	LCD_Write_Message@msg^0,c
   330  000770  0E06               	movlw	high STR_3
   331  000772  6E0F               	movwf	(LCD_Write_Message@msg+1)^0,c
   332  000774  0E03               	movlw	3
   333  000776  EC11  F003         	call	_LCD_Write_Message
   334  00077A                     
   335                           ;main.c: 28:     LCD_Write_Custom_Chararacter(0,Happyface);
   336  00077A  0E03               	movlw	low _Happyface
   337  00077C  6E0D               	movwf	LCD_Write_Custom_Chararacter@Message^0,c
   338  00077E  0E00               	movlw	high _Happyface
   339  000780  6E0E               	movwf	(LCD_Write_Custom_Chararacter@Message+1)^0,c
   340  000782  0E00               	movlw	0
   341  000784  ECCF  F003         	call	_LCD_Write_Custom_Chararacter
   342  000788                     
   343                           ;main.c: 29:     LCD_Read_Custom_Chararacter(0,4, 8);
   344  000788  0E04               	movlw	4
   345  00078A  6E0D               	movwf	LCD_Read_Custom_Chararacter@row^0,c
   346  00078C  0E08               	movlw	8
   347  00078E  6E0E               	movwf	LCD_Read_Custom_Chararacter@pos^0,c
   348  000790  0E00               	movlw	0
   349  000792  EC63  F003         	call	_LCD_Read_Custom_Chararacter
   350  000796                     l71:
   351  000796  EFCB  F003         	goto	l71
   352  00079A  EF00  F000         	goto	start
   353  00079E                     __end_of_main:
   354                           	callstack 0
   355                           
   356 ;; *************** function _SYSTEM_Initialize *****************
   357 ;; Defined at:
   358 ;;		line 50 in file "mcc_generated_files/mcc.c"
   359 ;; Parameters:    Size  Location     Type
   360 ;;		None
   361 ;; Auto vars:     Size  Location     Type
   362 ;;		None
   363 ;; Return value:  Size  Location     Type
   364 ;;                  1    wreg      void 
   365 ;; Registers used:
   366 ;;		wreg, status,2, cstack
   367 ;; Tracked objects:
   368 ;;		On entry : 0/0
   369 ;;		On exit  : 0/0
   370 ;;		Unchanged: 0/0
   371 ;; Data sizes:     COMRAM   BANK0   BANK1   BANK2   BANK3   BANK4   BANK5
   372 ;;      Params:         0       0       0       0       0       0       0
   373 ;;      Locals:         0       0       0       0       0       0       0
   374 ;;      Temps:          0       0       0       0       0       0       0
   375 ;;      Totals:         0       0       0       0       0       0       0
   376 ;;Total ram usage:        0 bytes
   377 ;; Hardware stack levels used: 1
   378 ;; Hardware stack levels required when called: 1
   379 ;; This function calls:
   380 ;;		_OSCILLATOR_Initialize
   381 ;;		_PIN_MANAGER_Initialize
   382 ;; This function is called by:
   383 ;;		_main
   384 ;; This function uses a non-reentrant model
   385 ;;
   386                           
   387                           	psect	text1
   388  0008CA                     __ptext1:
   389                           	callstack 0
   390  0008CA                     _SYSTEM_Initialize:
   391                           	callstack 29
   392  0008CA                     
   393                           ;mcc_generated_files/mcc.c: 53:     PIN_MANAGER_Initialize();
   394  0008CA  EC14  F004         	call	_PIN_MANAGER_Initialize	;wreg free
   395                           
   396                           ;mcc_generated_files/mcc.c: 54:     OSCILLATOR_Initialize();
   397  0008CE  EC6A  F004         	call	_OSCILLATOR_Initialize	;wreg free
   398  0008D2  0012               	return		;funcret
   399  0008D4                     __end_of_SYSTEM_Initialize:
   400                           	callstack 0
   401                           
   402 ;; *************** function _PIN_MANAGER_Initialize *****************
   403 ;; Defined at:
   404 ;;		line 55 in file "mcc_generated_files/pin_manager.c"
   405 ;; Parameters:    Size  Location     Type
   406 ;;		None
   407 ;; Auto vars:     Size  Location     Type
   408 ;;		None
   409 ;; Return value:  Size  Location     Type
   410 ;;                  1    wreg      void 
   411 ;; Registers used:
   412 ;;		wreg, status,2
   413 ;; Tracked objects:
   414 ;;		On entry : 0/0
   415 ;;		On exit  : 0/0
   416 ;;		Unchanged: 0/0
   417 ;; Data sizes:     COMRAM   BANK0   BANK1   BANK2   BANK3   BANK4   BANK5
   418 ;;      Params:         0       0       0       0       0       0       0
   419 ;;      Locals:         0       0       0       0       0       0       0
   420 ;;      Temps:          0       0       0       0       0       0       0
   421 ;;      Totals:         0       0       0       0       0       0       0
   422 ;;Total ram usage:        0 bytes
   423 ;; Hardware stack levels used: 1
   424 ;; This function calls:
   425 ;;		Nothing
   426 ;; This function is called by:
   427 ;;		_SYSTEM_Initialize
   428 ;; This function uses a non-reentrant model
   429 ;;
   430                           
   431                           	psect	text2
   432  000828                     __ptext2:
   433                           	callstack 0
   434  000828                     _PIN_MANAGER_Initialize:
   435                           	callstack 29
   436  000828                     
   437                           ;mcc_generated_files/pin_manager.c: 60:     LATE = 0x00;
   438  000828  0E00               	movlw	0
   439  00082A  6E8D               	movwf	141,c	;volatile
   440                           
   441                           ;mcc_generated_files/pin_manager.c: 61:     LATD = 0x00;
   442  00082C  0E00               	movlw	0
   443  00082E  6E8C               	movwf	140,c	;volatile
   444                           
   445                           ;mcc_generated_files/pin_manager.c: 62:     LATA = 0x00;
   446  000830  0E00               	movlw	0
   447  000832  6E89               	movwf	137,c	;volatile
   448                           
   449                           ;mcc_generated_files/pin_manager.c: 63:     LATB = 0x00;
   450  000834  0E00               	movlw	0
   451  000836  6E8A               	movwf	138,c	;volatile
   452                           
   453                           ;mcc_generated_files/pin_manager.c: 64:     LATC = 0x00;
   454  000838  0E00               	movlw	0
   455  00083A  6E8B               	movwf	139,c	;volatile
   456                           
   457                           ;mcc_generated_files/pin_manager.c: 69:     TRISE = 0x07;
   458  00083C  0E07               	movlw	7
   459  00083E  6E96               	movwf	150,c	;volatile
   460  000840                     
   461                           ;mcc_generated_files/pin_manager.c: 70:     TRISA = 0xFF;
   462  000840  6892               	setf	146,c	;volatile
   463  000842                     
   464                           ;mcc_generated_files/pin_manager.c: 71:     TRISB = 0xFF;
   465  000842  6893               	setf	147,c	;volatile
   466  000844                     
   467                           ;mcc_generated_files/pin_manager.c: 72:     TRISC = 0xFF;
   468  000844  6894               	setf	148,c	;volatile
   469  000846                     
   470                           ;mcc_generated_files/pin_manager.c: 73:     TRISD = 0xFF;
   471  000846  6895               	setf	149,c	;volatile
   472  000848                     
   473                           ;mcc_generated_files/pin_manager.c: 78:     ANSEL = 0xFF;
   474  000848  687E               	setf	126,c	;volatile
   475                           
   476                           ;mcc_generated_files/pin_manager.c: 79:     ANSELH = 0x1F;
   477  00084A  0E1F               	movlw	31
   478  00084C  6E7F               	movwf	127,c	;volatile
   479                           
   480                           ;mcc_generated_files/pin_manager.c: 84:     WPUB = 0x00;
   481  00084E  0E00               	movlw	0
   482  000850  6E7C               	movwf	124,c	;volatile
   483  000852                     
   484                           ;mcc_generated_files/pin_manager.c: 85:     INTCON2bits.nRBPU = 1;
   485  000852  8EF1               	bsf	241,7,c	;volatile
   486  000854  0012               	return		;funcret
   487  000856                     __end_of_PIN_MANAGER_Initialize:
   488                           	callstack 0
   489                           
   490 ;; *************** function _OSCILLATOR_Initialize *****************
   491 ;; Defined at:
   492 ;;		line 57 in file "mcc_generated_files/mcc.c"
   493 ;; Parameters:    Size  Location     Type
   494 ;;		None
   495 ;; Auto vars:     Size  Location     Type
   496 ;;		None
   497 ;; Return value:  Size  Location     Type
   498 ;;                  1    wreg      void 
   499 ;; Registers used:
   500 ;;		wreg, status,2
   501 ;; Tracked objects:
   502 ;;		On entry : 0/0
   503 ;;		On exit  : 0/0
   504 ;;		Unchanged: 0/0
   505 ;; Data sizes:     COMRAM   BANK0   BANK1   BANK2   BANK3   BANK4   BANK5
   506 ;;      Params:         0       0       0       0       0       0       0
   507 ;;      Locals:         0       0       0       0       0       0       0
   508 ;;      Temps:          0       0       0       0       0       0       0
   509 ;;      Totals:         0       0       0       0       0       0       0
   510 ;;Total ram usage:        0 bytes
   511 ;; Hardware stack levels used: 1
   512 ;; This function calls:
   513 ;;		Nothing
   514 ;; This function is called by:
   515 ;;		_SYSTEM_Initialize
   516 ;; This function uses a non-reentrant model
   517 ;;
   518                           
   519                           	psect	text3
   520  0008D4                     __ptext3:
   521                           	callstack 0
   522  0008D4                     _OSCILLATOR_Initialize:
   523                           	callstack 29
   524  0008D4                     
   525                           ;mcc_generated_files/mcc.c: 60:     OSCCON = 0x30;
   526  0008D4  0E30               	movlw	48
   527  0008D6  6ED3               	movwf	211,c	;volatile
   528                           
   529                           ;mcc_generated_files/mcc.c: 62:     OSCTUNE = 0x00;
   530  0008D8  0E00               	movlw	0
   531  0008DA  6E9B               	movwf	155,c	;volatile
   532  0008DC  0012               	return		;funcret
   533  0008DE                     __end_of_OSCILLATOR_Initialize:
   534                           	callstack 0
   535                           
   536 ;; *************** function _LCD_Write_Message *****************
   537 ;; Defined at:
   538 ;;		line 86 in file "LCD.c"
   539 ;; Parameters:    Size  Location     Type
   540 ;;  row             1    wreg     unsigned char 
   541 ;;  pos             1    2[COMRAM] unsigned char 
   542 ;;  msg             2    3[COMRAM] PTR const unsigned char 
   543 ;;		 -> STR_3(12), STR_2(8), STR_1(12), 
   544 ;; Auto vars:     Size  Location     Type
   545 ;;  row             1    7[COMRAM] unsigned char 
   546 ;;  location        1    8[COMRAM] unsigned char 
   547 ;; Return value:  Size  Location     Type
   548 ;;                  1    wreg      void 
   549 ;; Registers used:
   550 ;;		wreg, status,2, status,0, tblptrl, tblptrh, tblptru, cstack
   551 ;; Tracked objects:
   552 ;;		On entry : 0/0
   553 ;;		On exit  : 0/0
   554 ;;		Unchanged: 0/0
   555 ;; Data sizes:     COMRAM   BANK0   BANK1   BANK2   BANK3   BANK4   BANK5
   556 ;;      Params:         3       0       0       0       0       0       0
   557 ;;      Locals:         2       0       0       0       0       0       0
   558 ;;      Temps:          2       0       0       0       0       0       0
   559 ;;      Totals:         7       0       0       0       0       0       0
   560 ;;Total ram usage:        7 bytes
   561 ;; Hardware stack levels used: 1
   562 ;; Hardware stack levels required when called: 1
   563 ;; This function calls:
   564 ;;		_LCD_Command
   565 ;;		_LCD_Write_Data
   566 ;; This function is called by:
   567 ;;		_main
   568 ;; This function uses a non-reentrant model
   569 ;;
   570                           
   571                           	psect	text4
   572  000622                     __ptext4:
   573                           	callstack 0
   574  000622                     _LCD_Write_Message:
   575                           	callstack 29
   576                           
   577                           ;incstack = 0
   578                           ;LCD_Write_Message@row stored from wreg
   579  000622  6E12               	movwf	LCD_Write_Message@row^0,c
   580  000624                     
   581                           ;LCD.c: 86: void LCD_Write_Message(char row,char pos,const char *msg);LCD.c: 87: {;LCD.c
      +                          : 88:     char location=0;
   582  000624  0E00               	movlw	0
   583  000626  6E13               	movwf	LCD_Write_Message@location^0,c
   584                           
   585                           ;LCD.c: 90:     switch(row)
   586  000628  EF26  F003         	goto	l1010
   587  00062C                     l1000:
   588  00062C  0E80               	movlw	128
   589  00062E  6E13               	movwf	LCD_Write_Message@location^0,c
   590                           
   591                           ;LCD.c: 93:         break;
   592  000630  EF43  F003         	goto	l1012
   593  000634                     l1002:
   594  000634  0EC0               	movlw	192
   595  000636  6E13               	movwf	LCD_Write_Message@location^0,c
   596                           
   597                           ;LCD.c: 96:         break;
   598  000638  EF43  F003         	goto	l1012
   599  00063C                     l1004:
   600  00063C  0E90               	movlw	144
   601  00063E  6E13               	movwf	LCD_Write_Message@location^0,c
   602                           
   603                           ;LCD.c: 99:         break;
   604  000640  EF43  F003         	goto	l1012
   605  000644                     l1006:
   606  000644  0ED0               	movlw	208
   607  000646  6E13               	movwf	LCD_Write_Message@location^0,c
   608                           
   609                           ;LCD.c: 102:         break;
   610  000648  EF43  F003         	goto	l1012
   611  00064C                     l1010:
   612  00064C  5012               	movf	LCD_Write_Message@row^0,w,c
   613  00064E  6E10               	movwf	??_LCD_Write_Message^0,c
   614  000650  6A11               	clrf	(??_LCD_Write_Message+1)^0,c
   615                           
   616                           ; Switch on 2 bytes has been partitioned into a top level switch of size 1, and 1 sub-sw
      +                          itches
   617                           ; Switch size 1, requested type "simple"
   618                           ; Number of cases is 1, Range of values is 0 to 0
   619                           ; switch strategies available:
   620                           ; Name         Instructions Cycles
   621                           ; simple_byte            4     3 (average)
   622                           ;	Chosen strategy is simple_byte
   623  000652  5011               	movf	(??_LCD_Write_Message+1)^0,w,c
   624  000654  0A00               	xorlw	0	; case 0
   625  000656  B4D8               	btfsc	status,2,c
   626  000658  EF30  F003         	goto	l1082
   627  00065C  EF43  F003         	goto	l1012
   628  000660                     l1082:
   629                           
   630                           ; Switch size 1, requested type "simple"
   631                           ; Number of cases is 4, Range of values is 1 to 4
   632                           ; switch strategies available:
   633                           ; Name         Instructions Cycles
   634                           ; simple_byte           13     7 (average)
   635                           ;	Chosen strategy is simple_byte
   636  000660  5010               	movf	??_LCD_Write_Message^0,w,c
   637  000662  0A01               	xorlw	1	; case 1
   638  000664  B4D8               	btfsc	status,2,c
   639  000666  EF16  F003         	goto	l1000
   640  00066A  0A03               	xorlw	3	; case 2
   641  00066C  B4D8               	btfsc	status,2,c
   642  00066E  EF1A  F003         	goto	l1002
   643  000672  0A01               	xorlw	1	; case 3
   644  000674  B4D8               	btfsc	status,2,c
   645  000676  EF1E  F003         	goto	l1004
   646  00067A  0A07               	xorlw	7	; case 4
   647  00067C  B4D8               	btfsc	status,2,c
   648  00067E  EF22  F003         	goto	l1006
   649  000682  EF43  F003         	goto	l1012
   650  000686                     l1012:
   651                           
   652                           ;LCD.c: 106:     LCD_Command((location) | ((pos) & 0x0f));
   653  000686  500D               	movf	LCD_Write_Message@pos^0,w,c
   654  000688  0B0F               	andlw	15
   655  00068A  1013               	iorwf	LCD_Write_Message@location^0,w,c
   656  00068C  EC51  F004         	call	_LCD_Command
   657                           
   658                           ;LCD.c: 108:     while((*msg)!=0)
   659  000690  EF54  F003         	goto	l1018
   660  000694                     l1014:
   661                           
   662                           ;LCD.c: 109:     {;LCD.c: 110:         LCD_Write_Data(*msg);
   663  000694  C00E  FFF6         	movff	LCD_Write_Message@msg,tblptrl
   664  000698  C00F  FFF7         	movff	LCD_Write_Message@msg+1,tblptrh
   665  00069C                     	if	0	;tblptru may be non-zero
   666  00069C                     	endif
   667  00069C                     	if	0	;tblptru may be non-zero
   668  00069C                     	endif
   669  00069C  0008               	tblrd		*
   670  00069E  50F5               	movf	tablat,w,c
   671  0006A0  EC41  F004         	call	_LCD_Write_Data
   672  0006A4                     
   673                           ;LCD.c: 111:         msg++;
   674  0006A4  4A0E               	infsnz	LCD_Write_Message@msg^0,f,c
   675  0006A6  2A0F               	incf	(LCD_Write_Message@msg+1)^0,f,c
   676  0006A8                     l1018:
   677                           
   678                           ;LCD.c: 108:     while((*msg)!=0)
   679  0006A8  C00E  FFF6         	movff	LCD_Write_Message@msg,tblptrl
   680  0006AC  C00F  FFF7         	movff	LCD_Write_Message@msg+1,tblptrh
   681  0006B0                     	if	0	;tblptru may be non-zero
   682  0006B0                     	endif
   683  0006B0                     	if	0	;tblptru may be non-zero
   684  0006B0                     	endif
   685  0006B0  0008               	tblrd		*
   686  0006B2  50F5               	movf	tablat,w,c
   687  0006B4  0900               	iorlw	0
   688  0006B6  A4D8               	btfss	status,2,c
   689  0006B8  EF60  F003         	goto	u41
   690  0006BC  EF62  F003         	goto	u40
   691  0006C0                     u41:
   692  0006C0  EF4A  F003         	goto	l1014
   693  0006C4                     u40:
   694  0006C4  0012               	return		;funcret
   695  0006C6                     __end_of_LCD_Write_Message:
   696                           	callstack 0
   697                           
   698 ;; *************** function _LCD_Write_Custom_Chararacter *****************
   699 ;; Defined at:
   700 ;;		line 116 in file "LCD.c"
   701 ;; Parameters:    Size  Location     Type
   702 ;;  Location        1    wreg     unsigned char 
   703 ;;  Message         2    2[COMRAM] PTR unsigned char 
   704 ;;		 -> Happyface(8), 
   705 ;; Auto vars:     Size  Location     Type
   706 ;;  Location        1    4[COMRAM] unsigned char 
   707 ;;  Counter         2    5[COMRAM] int 
   708 ;; Return value:  Size  Location     Type
   709 ;;                  1    wreg      void 
   710 ;; Registers used:
   711 ;;		wreg, fsr2l, fsr2h, status,2, status,0, prodl, prodh, cstack
   712 ;; Tracked objects:
   713 ;;		On entry : 0/0
   714 ;;		On exit  : 0/0
   715 ;;		Unchanged: 0/0
   716 ;; Data sizes:     COMRAM   BANK0   BANK1   BANK2   BANK3   BANK4   BANK5
   717 ;;      Params:         2       0       0       0       0       0       0
   718 ;;      Locals:         3       0       0       0       0       0       0
   719 ;;      Temps:          0       0       0       0       0       0       0
   720 ;;      Totals:         5       0       0       0       0       0       0
   721 ;;Total ram usage:        5 bytes
   722 ;; Hardware stack levels used: 1
   723 ;; Hardware stack levels required when called: 1
   724 ;; This function calls:
   725 ;;		_LCD_Command
   726 ;;		_LCD_Write_Data
   727 ;; This function is called by:
   728 ;;		_main
   729 ;; This function uses a non-reentrant model
   730 ;;
   731                           
   732                           	psect	text5
   733  00079E                     __ptext5:
   734                           	callstack 0
   735  00079E                     _LCD_Write_Custom_Chararacter:
   736                           	callstack 29
   737                           
   738                           ;incstack = 0
   739                           ;LCD_Write_Custom_Chararacter@Location stored from wreg
   740  00079E  6E0F               	movwf	LCD_Write_Custom_Chararacter@Location^0,c
   741  0007A0                     
   742                           ;LCD.c: 116: void LCD_Write_Custom_Chararacter(unsigned char Location,unsigned char *Mes
      +                          sage);LCD.c: 117: {;LCD.c: 118:     if(Location<8)
   743  0007A0  0E08               	movlw	8
   744  0007A2  600F               	cpfslt	LCD_Write_Custom_Chararacter@Location^0,c
   745  0007A4  EFD6  F003         	goto	u51
   746  0007A8  EFD8  F003         	goto	u50
   747  0007AC                     u51:
   748  0007AC  EFFB  F003         	goto	l129
   749  0007B0                     u50:
   750  0007B0                     
   751                           ;LCD.c: 119:     {;LCD.c: 120:      LCD_Command(0x40+(Location*8));
   752  0007B0  500F               	movf	LCD_Write_Custom_Chararacter@Location^0,w,c
   753  0007B2  0D08               	mullw	8
   754  0007B4  50F3               	movf	243,w,c
   755  0007B6  0F40               	addlw	64
   756  0007B8  EC51  F004         	call	_LCD_Command
   757  0007BC                     
   758                           ;LCD.c: 121:        for(int Counter=0;Counter<8;Counter++)
   759  0007BC  0E00               	movlw	0
   760  0007BE  6E11               	movwf	(LCD_Write_Custom_Chararacter@Counter+1)^0,c
   761  0007C0  0E00               	movlw	0
   762  0007C2  6E10               	movwf	LCD_Write_Custom_Chararacter@Counter^0,c
   763  0007C4                     l1034:
   764                           
   765                           ;LCD.c: 122:            LCD_Write_Data(Message[Counter]);
   766  0007C4  5010               	movf	LCD_Write_Custom_Chararacter@Counter^0,w,c
   767  0007C6  240D               	addwf	LCD_Write_Custom_Chararacter@Message^0,w,c
   768  0007C8  6ED9               	movwf	fsr2l,c
   769  0007CA  5011               	movf	(LCD_Write_Custom_Chararacter@Counter+1)^0,w,c
   770  0007CC  200E               	addwfc	(LCD_Write_Custom_Chararacter@Message+1)^0,w,c
   771  0007CE  6EDA               	movwf	fsr2h,c
   772  0007D0  50DF               	movf	indf2,w,c
   773  0007D2  EC41  F004         	call	_LCD_Write_Data
   774  0007D6  4A10               	infsnz	LCD_Write_Custom_Chararacter@Counter^0,f,c
   775  0007D8  2A11               	incf	(LCD_Write_Custom_Chararacter@Counter+1)^0,f,c
   776  0007DA  BE11               	btfsc	(LCD_Write_Custom_Chararacter@Counter+1)^0,7,c
   777  0007DC  EFF9  F003         	goto	u61
   778  0007E0  5011               	movf	(LCD_Write_Custom_Chararacter@Counter+1)^0,w,c
   779  0007E2  E109               	bnz	u60
   780  0007E4  0E08               	movlw	8
   781  0007E6  5C10               	subwf	LCD_Write_Custom_Chararacter@Counter^0,w,c
   782  0007E8  A0D8               	btfss	status,0,c
   783  0007EA  EFF9  F003         	goto	u61
   784  0007EE  EFFB  F003         	goto	u60
   785  0007F2                     u61:
   786  0007F2  EFE2  F003         	goto	l1034
   787  0007F6                     u60:
   788  0007F6                     l129:
   789  0007F6  0012               	return		;funcret
   790  0007F8                     __end_of_LCD_Write_Custom_Chararacter:
   791                           	callstack 0
   792                           
   793 ;; *************** function _LCD_Read_Custom_Chararacter *****************
   794 ;; Defined at:
   795 ;;		line 127 in file "LCD.c"
   796 ;; Parameters:    Size  Location     Type
   797 ;;  Character_Ad    1    wreg     unsigned char 
   798 ;;  row             1    2[COMRAM] unsigned char 
   799 ;;  pos             1    3[COMRAM] unsigned char 
   800 ;; Auto vars:     Size  Location     Type
   801 ;;  Character_Ad    1    6[COMRAM] unsigned char 
   802 ;;  location        1    7[COMRAM] unsigned char 
   803 ;; Return value:  Size  Location     Type
   804 ;;                  1    wreg      void 
   805 ;; Registers used:
   806 ;;		wreg, status,2, status,0, cstack
   807 ;; Tracked objects:
   808 ;;		On entry : 0/0
   809 ;;		On exit  : 0/0
   810 ;;		Unchanged: 0/0
   811 ;; Data sizes:     COMRAM   BANK0   BANK1   BANK2   BANK3   BANK4   BANK5
   812 ;;      Params:         2       0       0       0       0       0       0
   813 ;;      Locals:         2       0       0       0       0       0       0
   814 ;;      Temps:          2       0       0       0       0       0       0
   815 ;;      Totals:         6       0       0       0       0       0       0
   816 ;;Total ram usage:        6 bytes
   817 ;; Hardware stack levels used: 1
   818 ;; Hardware stack levels required when called: 1
   819 ;; This function calls:
   820 ;;		_LCD_Command
   821 ;;		_LCD_Write_Data
   822 ;; This function is called by:
   823 ;;		_main
   824 ;; This function uses a non-reentrant model
   825 ;;
   826                           
   827                           	psect	text6
   828  0006C6                     __ptext6:
   829                           	callstack 0
   830  0006C6                     _LCD_Read_Custom_Chararacter:
   831                           	callstack 29
   832                           
   833                           ;incstack = 0
   834                           ;LCD_Read_Custom_Chararacter@Character_Address stored from wreg
   835  0006C6  6E11               	movwf	LCD_Read_Custom_Chararacter@Character_Address^0,c
   836  0006C8                     
   837                           ;LCD.c: 127: void LCD_Read_Custom_Chararacter(unsigned char Character_Address, unsigned 
      +                          char row , unsigned char pos);LCD.c: 128: {;LCD.c: 129:     char location=0;
   838  0006C8  0E00               	movlw	0
   839  0006CA  6E12               	movwf	LCD_Read_Custom_Chararacter@location^0,c
   840                           
   841                           ;LCD.c: 131:     switch(row)
   842  0006CC  EF78  F003         	goto	l1052
   843  0006D0                     l1042:
   844  0006D0  0E80               	movlw	128
   845  0006D2  6E12               	movwf	LCD_Read_Custom_Chararacter@location^0,c
   846                           
   847                           ;LCD.c: 134:         break;
   848  0006D4  EF95  F003         	goto	l1054
   849  0006D8                     l1044:
   850  0006D8  0EC0               	movlw	192
   851  0006DA  6E12               	movwf	LCD_Read_Custom_Chararacter@location^0,c
   852                           
   853                           ;LCD.c: 137:         break;
   854  0006DC  EF95  F003         	goto	l1054
   855  0006E0                     l1046:
   856  0006E0  0E90               	movlw	144
   857  0006E2  6E12               	movwf	LCD_Read_Custom_Chararacter@location^0,c
   858                           
   859                           ;LCD.c: 140:         break;
   860  0006E4  EF95  F003         	goto	l1054
   861  0006E8                     l1048:
   862  0006E8  0ED0               	movlw	208
   863  0006EA  6E12               	movwf	LCD_Read_Custom_Chararacter@location^0,c
   864                           
   865                           ;LCD.c: 143:         break;
   866  0006EC  EF95  F003         	goto	l1054
   867  0006F0                     l1052:
   868  0006F0  500D               	movf	LCD_Read_Custom_Chararacter@row^0,w,c
   869  0006F2  6E0F               	movwf	??_LCD_Read_Custom_Chararacter^0,c
   870  0006F4  6A10               	clrf	(??_LCD_Read_Custom_Chararacter+1)^0,c
   871                           
   872                           ; Switch on 2 bytes has been partitioned into a top level switch of size 1, and 1 sub-sw
      +                          itches
   873                           ; Switch size 1, requested type "simple"
   874                           ; Number of cases is 1, Range of values is 0 to 0
   875                           ; switch strategies available:
   876                           ; Name         Instructions Cycles
   877                           ; simple_byte            4     3 (average)
   878                           ;	Chosen strategy is simple_byte
   879  0006F6  5010               	movf	(??_LCD_Read_Custom_Chararacter+1)^0,w,c
   880  0006F8  0A00               	xorlw	0	; case 0
   881  0006FA  B4D8               	btfsc	status,2,c
   882  0006FC  EF82  F003         	goto	l1084
   883  000700  EF95  F003         	goto	l1054
   884  000704                     l1084:
   885                           
   886                           ; Switch size 1, requested type "simple"
   887                           ; Number of cases is 4, Range of values is 1 to 4
   888                           ; switch strategies available:
   889                           ; Name         Instructions Cycles
   890                           ; simple_byte           13     7 (average)
   891                           ;	Chosen strategy is simple_byte
   892  000704  500F               	movf	??_LCD_Read_Custom_Chararacter^0,w,c
   893  000706  0A01               	xorlw	1	; case 1
   894  000708  B4D8               	btfsc	status,2,c
   895  00070A  EF68  F003         	goto	l1042
   896  00070E  0A03               	xorlw	3	; case 2
   897  000710  B4D8               	btfsc	status,2,c
   898  000712  EF6C  F003         	goto	l1044
   899  000716  0A01               	xorlw	1	; case 3
   900  000718  B4D8               	btfsc	status,2,c
   901  00071A  EF70  F003         	goto	l1046
   902  00071E  0A07               	xorlw	7	; case 4
   903  000720  B4D8               	btfsc	status,2,c
   904  000722  EF74  F003         	goto	l1048
   905  000726  EF95  F003         	goto	l1054
   906  00072A                     l1054:
   907                           
   908                           ;LCD.c: 147:     LCD_Command((location) | ((pos) & 0x0f));
   909  00072A  500E               	movf	LCD_Read_Custom_Chararacter@pos^0,w,c
   910  00072C  0B0F               	andlw	15
   911  00072E  1012               	iorwf	LCD_Read_Custom_Chararacter@location^0,w,c
   912  000730  EC51  F004         	call	_LCD_Command
   913  000734                     
   914                           ;LCD.c: 149:     LCD_Write_Data(Character_Address);
   915  000734  5011               	movf	LCD_Read_Custom_Chararacter@Character_Address^0,w,c
   916  000736  EC41  F004         	call	_LCD_Write_Data
   917  00073A  0012               	return		;funcret
   918  00073C                     __end_of_LCD_Read_Custom_Chararacter:
   919                           	callstack 0
   920                           
   921 ;; *************** function _LCD_Write_Data *****************
   922 ;; Defined at:
   923 ;;		line 57 in file "LCD.c"
   924 ;; Parameters:    Size  Location     Type
   925 ;;  dat             1    wreg     unsigned char 
   926 ;; Auto vars:     Size  Location     Type
   927 ;;  dat             1    1[COMRAM] unsigned char 
   928 ;; Return value:  Size  Location     Type
   929 ;;                  1    wreg      void 
   930 ;; Registers used:
   931 ;;		wreg
   932 ;; Tracked objects:
   933 ;;		On entry : 0/0
   934 ;;		On exit  : 0/0
   935 ;;		Unchanged: 0/0
   936 ;; Data sizes:     COMRAM   BANK0   BANK1   BANK2   BANK3   BANK4   BANK5
   937 ;;      Params:         0       0       0       0       0       0       0
   938 ;;      Locals:         1       0       0       0       0       0       0
   939 ;;      Temps:          1       0       0       0       0       0       0
   940 ;;      Totals:         2       0       0       0       0       0       0
   941 ;;Total ram usage:        2 bytes
   942 ;; Hardware stack levels used: 1
   943 ;; This function calls:
   944 ;;		Nothing
   945 ;; This function is called by:
   946 ;;		_LCD_Write_Message
   947 ;;		_LCD_Write_Custom_Chararacter
   948 ;;		_LCD_Read_Custom_Chararacter
   949 ;; This function uses a non-reentrant model
   950 ;;
   951                           
   952                           	psect	text7
   953  000882                     __ptext7:
   954                           	callstack 0
   955  000882                     _LCD_Write_Data:
   956                           	callstack 29
   957                           
   958                           ;incstack = 0
   959                           ;LCD_Write_Data@dat stored from wreg
   960  000882  6E0C               	movwf	LCD_Write_Data@dat^0,c
   961  000884                     
   962                           ;LCD.c: 74:     LATB= dat;
   963  000884  C00C  FF8A         	movff	LCD_Write_Data@dat,3978	;volatile
   964  000888                     
   965                           ;LCD.c: 75:  LATD0 = 1;
   966  000888  808C               	bsf	3980,0,c	;volatile
   967  00088A                     
   968                           ;LCD.c: 76:  LATD1 = 1;
   969  00088A  828C               	bsf	3980,1,c	;volatile
   970  00088C                     
   971                           ;LCD.c: 77:  __nop();
   972  00088C  F000               	nop	
   973  00088E                     
   974                           ;LCD.c: 78:  LATD1 = 0;
   975  00088E  928C               	bcf	3980,1,c	;volatile
   976                           
   977                           ;LCD.c: 79:  _delay((unsigned long)((1)*(20000000/4000.0)));
   978  000890  0E07               	movlw	7
   979  000892  6E0B               	movwf	??_LCD_Write_Data^0,c
   980  000894  0E7D               	movlw	125
   981  000896                     u77:
   982  000896  2EE8               	decfsz	wreg,f,c
   983  000898  D7FE               	bra	u77
   984  00089A  2E0B               	decfsz	??_LCD_Write_Data^0,f,c
   985  00089C  D7FC               	bra	u77
   986  00089E  F000               	nop	
   987  0008A0  0012               	return		;funcret
   988  0008A2                     __end_of_LCD_Write_Data:
   989                           	callstack 0
   990                           
   991 ;; *************** function _Configure_LCD *****************
   992 ;; Defined at:
   993 ;;		line 8 in file "LCD.c"
   994 ;; Parameters:    Size  Location     Type
   995 ;;		None
   996 ;; Auto vars:     Size  Location     Type
   997 ;;		None
   998 ;; Return value:  Size  Location     Type
   999 ;;                  1    wreg      void 
  1000 ;; Registers used:
  1001 ;;		wreg, status,2, cstack
  1002 ;; Tracked objects:
  1003 ;;		On entry : 0/0
  1004 ;;		On exit  : 0/0
  1005 ;;		Unchanged: 0/0
  1006 ;; Data sizes:     COMRAM   BANK0   BANK1   BANK2   BANK3   BANK4   BANK5
  1007 ;;      Params:         0       0       0       0       0       0       0
  1008 ;;      Locals:         0       0       0       0       0       0       0
  1009 ;;      Temps:          1       0       0       0       0       0       0
  1010 ;;      Totals:         1       0       0       0       0       0       0
  1011 ;;Total ram usage:        1 bytes
  1012 ;; Hardware stack levels used: 1
  1013 ;; Hardware stack levels required when called: 1
  1014 ;; This function calls:
  1015 ;;		_LCD_Command
  1016 ;; This function is called by:
  1017 ;;		_main
  1018 ;; This function uses a non-reentrant model
  1019 ;;
  1020                           
  1021                           	psect	text8
  1022  0007F8                     __ptext8:
  1023                           	callstack 0
  1024  0007F8                     _Configure_LCD:
  1025                           	callstack 29
  1026  0007F8                     
  1027                           ;LCD.c: 10:     _delay((unsigned long)((15)*(20000000/4000.0)));
  1028  0007F8  0E62               	movlw	98
  1029  0007FA  6E0D               	movwf	??_Configure_LCD^0,c
  1030  0007FC  0E66               	movlw	102
  1031  0007FE                     u87:
  1032  0007FE  2EE8               	decfsz	wreg,f,c
  1033  000800  D7FE               	bra	u87
  1034  000802  2E0D               	decfsz	??_Configure_LCD^0,f,c
  1035  000804  D7FC               	bra	u87
  1036  000806                     
  1037                           ;LCD.c: 17:     TRISB = 0x00;
  1038  000806  0E00               	movlw	0
  1039  000808  6E93               	movwf	147,c	;volatile
  1040                           
  1041                           ;LCD.c: 18:     TRISD = 0x00;
  1042  00080A  0E00               	movlw	0
  1043  00080C  6E95               	movwf	149,c	;volatile
  1044  00080E                     
  1045                           ;LCD.c: 20:     LCD_Command(0x38);
  1046  00080E  0E38               	movlw	56
  1047  000810  EC51  F004         	call	_LCD_Command
  1048  000814                     
  1049                           ;LCD.c: 23:     LCD_Command(0x01);
  1050  000814  0E01               	movlw	1
  1051  000816  EC51  F004         	call	_LCD_Command
  1052  00081A                     
  1053                           ;LCD.c: 24:     LCD_Command(0x0C);
  1054  00081A  0E0C               	movlw	12
  1055  00081C  EC51  F004         	call	_LCD_Command
  1056  000820                     
  1057                           ;LCD.c: 25:     LCD_Command(0x06);
  1058  000820  0E06               	movlw	6
  1059  000822  EC51  F004         	call	_LCD_Command
  1060  000826  0012               	return		;funcret
  1061  000828                     __end_of_Configure_LCD:
  1062                           	callstack 0
  1063                           
  1064 ;; *************** function _LCD_Command *****************
  1065 ;; Defined at:
  1066 ;;		line 29 in file "LCD.c"
  1067 ;; Parameters:    Size  Location     Type
  1068 ;;  cmd             1    wreg     unsigned char 
  1069 ;; Auto vars:     Size  Location     Type
  1070 ;;  cmd             1    1[COMRAM] unsigned char 
  1071 ;; Return value:  Size  Location     Type
  1072 ;;                  1    wreg      void 
  1073 ;; Registers used:
  1074 ;;		wreg
  1075 ;; Tracked objects:
  1076 ;;		On entry : 0/0
  1077 ;;		On exit  : 0/0
  1078 ;;		Unchanged: 0/0
  1079 ;; Data sizes:     COMRAM   BANK0   BANK1   BANK2   BANK3   BANK4   BANK5
  1080 ;;      Params:         0       0       0       0       0       0       0
  1081 ;;      Locals:         1       0       0       0       0       0       0
  1082 ;;      Temps:          1       0       0       0       0       0       0
  1083 ;;      Totals:         2       0       0       0       0       0       0
  1084 ;;Total ram usage:        2 bytes
  1085 ;; Hardware stack levels used: 1
  1086 ;; This function calls:
  1087 ;;		Nothing
  1088 ;; This function is called by:
  1089 ;;		_Configure_LCD
  1090 ;;		_LCD_Write_Message
  1091 ;;		_LCD_Write_Custom_Chararacter
  1092 ;;		_LCD_Read_Custom_Chararacter
  1093 ;; This function uses a non-reentrant model
  1094 ;;
  1095                           
  1096                           	psect	text9
  1097  0008A2                     __ptext9:
  1098                           	callstack 0
  1099  0008A2                     _LCD_Command:
  1100                           	callstack 29
  1101                           
  1102                           ;incstack = 0
  1103                           ;LCD_Command@cmd stored from wreg
  1104  0008A2  6E0C               	movwf	LCD_Command@cmd^0,c
  1105  0008A4                     
  1106                           ;LCD.c: 48:  LATB= cmd;
  1107  0008A4  C00C  FF8A         	movff	LCD_Command@cmd,3978	;volatile
  1108  0008A8                     
  1109                           ;LCD.c: 49:  LATD0 = 0;
  1110  0008A8  908C               	bcf	3980,0,c	;volatile
  1111  0008AA                     
  1112                           ;LCD.c: 50:  LATD1 = 1;
  1113  0008AA  828C               	bsf	3980,1,c	;volatile
  1114  0008AC                     
  1115                           ;LCD.c: 51:  __nop();
  1116  0008AC  F000               	nop	
  1117  0008AE                     
  1118                           ;LCD.c: 52:  LATD1 = 0;
  1119  0008AE  928C               	bcf	3980,1,c	;volatile
  1120                           
  1121                           ;LCD.c: 53:     _delay((unsigned long)((3)*(20000000/4000.0)));
  1122  0008B0  0E14               	movlw	20
  1123  0008B2  6E0B               	movwf	??_LCD_Command^0,c
  1124  0008B4  0E7A               	movlw	122
  1125  0008B6                     u97:
  1126  0008B6  2EE8               	decfsz	wreg,f,c
  1127  0008B8  D7FE               	bra	u97
  1128  0008BA  2E0B               	decfsz	??_LCD_Command^0,f,c
  1129  0008BC  D7FC               	bra	u97
  1130  0008BE  0012               	return		;funcret
  1131  0008C0                     __end_of_LCD_Command:
  1132                           	callstack 0
  1133                           
  1134                           	psect	rparam
  1135  0000                     
  1136                           	psect	idloc
  1137                           
  1138                           ;Config register IDLOC0 @ 0x200000
  1139                           ;	unspecified, using default values
  1140  200000                     	org	2097152
  1141  200000  FF                 	db	255
  1142                           
  1143                           ;Config register IDLOC1 @ 0x200001
  1144                           ;	unspecified, using default values
  1145  200001                     	org	2097153
  1146  200001  FF                 	db	255
  1147                           
  1148                           ;Config register IDLOC2 @ 0x200002
  1149                           ;	unspecified, using default values
  1150  200002                     	org	2097154
  1151  200002  FF                 	db	255
  1152                           
  1153                           ;Config register IDLOC3 @ 0x200003
  1154                           ;	unspecified, using default values
  1155  200003                     	org	2097155
  1156  200003  FF                 	db	255
  1157                           
  1158                           ;Config register IDLOC4 @ 0x200004
  1159                           ;	unspecified, using default values
  1160  200004                     	org	2097156
  1161  200004  FF                 	db	255
  1162                           
  1163                           ;Config register IDLOC5 @ 0x200005
  1164                           ;	unspecified, using default values
  1165  200005                     	org	2097157
  1166  200005  FF                 	db	255
  1167                           
  1168                           ;Config register IDLOC6 @ 0x200006
  1169                           ;	unspecified, using default values
  1170  200006                     	org	2097158
  1171  200006  FF                 	db	255
  1172                           
  1173                           ;Config register IDLOC7 @ 0x200007
  1174                           ;	unspecified, using default values
  1175  200007                     	org	2097159
  1176  200007  FF                 	db	255
  1177                           
  1178                           	psect	config
  1179                           
  1180                           ; Padding undefined space
  1181  300000                     	org	3145728
  1182  300000  FF                 	db	255
  1183                           
  1184                           ;Config register CONFIG1H @ 0x300001
  1185                           ;	Oscillator Selection bits
  1186                           ;	FOSC = HS, HS oscillator
  1187                           ;	Fail-Safe Clock Monitor Enable bit
  1188                           ;	FCMEN = OFF, Fail-Safe Clock Monitor disabled
  1189                           ;	Internal/External Oscillator Switchover bit
  1190                           ;	IESO = OFF, Oscillator Switchover mode disabled
  1191  300001                     	org	3145729
  1192  300001  02                 	db	2
  1193                           
  1194                           ;Config register CONFIG2L @ 0x300002
  1195                           ;	Power-up Timer Enable bit
  1196                           ;	PWRT = OFF, PWRT disabled
  1197                           ;	Brown-out Reset Enable bits
  1198                           ;	BOREN = SBORDIS, Brown-out Reset enabled in hardware only (SBOREN is disabled)
  1199                           ;	Brown Out Reset Voltage bits
  1200                           ;	BORV = 18, VBOR set to 1.8 V nominal
  1201  300002                     	org	3145730
  1202  300002  1F                 	db	31
  1203                           
  1204                           ;Config register CONFIG2H @ 0x300003
  1205                           ;	Watchdog Timer Enable bit
  1206                           ;	WDTEN = OFF, WDT is controlled by SWDTEN bit of the WDTCON register
  1207                           ;	Watchdog Timer Postscale Select bits
  1208                           ;	WDTPS = 32768, 1:32768
  1209  300003                     	org	3145731
  1210  300003  1E                 	db	30
  1211                           
  1212                           ; Padding undefined space
  1213  300004                     	org	3145732
  1214  300004  FF                 	db	255
  1215                           
  1216                           ;Config register CONFIG3H @ 0x300005
  1217                           ;	CCP2 MUX bit
  1218                           ;	CCP2MX = PORTC, CCP2 input/output is multiplexed with RC1
  1219                           ;	PORTB A/D Enable bit
  1220                           ;	PBADEN = ON, PORTB<4:0> pins are configured as analog input channels on Reset
  1221                           ;	Low-Power Timer1 Oscillator Enable bit
  1222                           ;	LPT1OSC = OFF, Timer1 configured for higher power operation
  1223                           ;	HFINTOSC Fast Start-up
  1224                           ;	HFOFST = ON, HFINTOSC starts clocking the CPU without waiting for the oscillator to st
      +                          ablize.
  1225                           ;	MCLR Pin Enable bit
  1226                           ;	MCLRE = ON, MCLR pin enabled; RE3 input pin disabled
  1227  300005                     	org	3145733
  1228  300005  8B                 	db	139
  1229                           
  1230                           ;Config register CONFIG4L @ 0x300006
  1231                           ;	Stack Full/Underflow Reset Enable bit
  1232                           ;	STVREN = ON, Stack full/underflow will cause Reset
  1233                           ;	Single-Supply ICSP Enable bit
  1234                           ;	LVP = OFF, Single-Supply ICSP disabled
  1235                           ;	Extended Instruction Set Enable bit
  1236                           ;	XINST = OFF, Instruction set extension and Indexed Addressing mode disabled (Legacy mo
      +                          de)
  1237                           ;	Background Debugger Enable bit
  1238                           ;	DEBUG = OFF, Background debugger disabled, RB6 and RB7 configured as general purpose I
      +                          /O pins
  1239  300006                     	org	3145734
  1240  300006  81                 	db	129
  1241                           
  1242                           ; Padding undefined space
  1243  300007                     	org	3145735
  1244  300007  FF                 	db	255
  1245                           
  1246                           ;Config register CONFIG5L @ 0x300008
  1247                           ;	Code Protection Block 0
  1248                           ;	CP0 = OFF, Block 0 (000800-001FFFh) not code-protected
  1249                           ;	Code Protection Block 1
  1250                           ;	CP1 = OFF, Block 1 (002000-003FFFh) not code-protected
  1251                           ;	Code Protection Block 2
  1252                           ;	CP2 = OFF, Block 2 (004000-005FFFh) not code-protected
  1253                           ;	Code Protection Block 3
  1254                           ;	CP3 = OFF, Block 3 (006000-007FFFh) not code-protected
  1255  300008                     	org	3145736
  1256  300008  0F                 	db	15
  1257                           
  1258                           ;Config register CONFIG5H @ 0x300009
  1259                           ;	Boot Block Code Protection bit
  1260                           ;	CPB = OFF, Boot block (000000-0007FFh) not code-protected
  1261                           ;	Data EEPROM Code Protection bit
  1262                           ;	CPD = OFF, Data EEPROM not code-protected
  1263  300009                     	org	3145737
  1264  300009  C0                 	db	192
  1265                           
  1266                           ;Config register CONFIG6L @ 0x30000A
  1267                           ;	Write Protection Block 0
  1268                           ;	WRT0 = OFF, Block 0 (000800-001FFFh) not write-protected
  1269                           ;	Write Protection Block 1
  1270                           ;	WRT1 = OFF, Block 1 (002000-003FFFh) not write-protected
  1271                           ;	Write Protection Block 2
  1272                           ;	WRT2 = OFF, Block 2 (004000-005FFFh) not write-protected
  1273                           ;	Write Protection Block 3
  1274                           ;	WRT3 = OFF, Block 3 (006000-007FFFh) not write-protected
  1275  30000A                     	org	3145738
  1276  30000A  0F                 	db	15
  1277                           
  1278                           ;Config register CONFIG6H @ 0x30000B
  1279                           ;	Configuration Register Write Protection bit
  1280                           ;	WRTC = OFF, Configuration registers (300000-3000FFh) not write-protected
  1281                           ;	Boot Block Write Protection bit
  1282                           ;	WRTB = OFF, Boot Block (000000-0007FFh) not write-protected
  1283                           ;	Data EEPROM Write Protection bit
  1284                           ;	WRTD = OFF, Data EEPROM not write-protected
  1285  30000B                     	org	3145739
  1286  30000B  E0                 	db	224
  1287                           
  1288                           ;Config register CONFIG7L @ 0x30000C
  1289                           ;	Table Read Protection Block 0
  1290                           ;	EBTR0 = OFF, Block 0 (000800-001FFFh) not protected from table reads executed in other
      +                           blocks
  1291                           ;	Table Read Protection Block 1
  1292                           ;	EBTR1 = OFF, Block 1 (002000-003FFFh) not protected from table reads executed in other
      +                           blocks
  1293                           ;	Table Read Protection Block 2
  1294                           ;	EBTR2 = OFF, Block 2 (004000-005FFFh) not protected from table reads executed in other
      +                           blocks
  1295                           ;	Table Read Protection Block 3
  1296                           ;	EBTR3 = OFF, Block 3 (006000-007FFFh) not protected from table reads executed in other
      +                           blocks
  1297  30000C                     	org	3145740
  1298  30000C  0F                 	db	15
  1299                           
  1300                           ;Config register CONFIG7H @ 0x30000D
  1301                           ;	Boot Block Table Read Protection bit
  1302                           ;	EBTRB = OFF, Boot Block (000000-0007FFh) not protected from table reads executed in ot
      +                          her blocks
  1303  30000D                     	org	3145741
  1304  30000D  40                 	db	64
  1305                           tosu	equ	0xFFF
  1306                           tosh	equ	0xFFE
  1307                           tosl	equ	0xFFD
  1308                           stkptr	equ	0xFFC
  1309                           pclatu	equ	0xFFB
  1310                           pclath	equ	0xFFA
  1311                           pcl	equ	0xFF9
  1312                           tblptru	equ	0xFF8
  1313                           tblptrh	equ	0xFF7
  1314                           tblptrl	equ	0xFF6
  1315                           tablat	equ	0xFF5
  1316                           prodh	equ	0xFF4
  1317                           prodl	equ	0xFF3
  1318                           indf0	equ	0xFEF
  1319                           postinc0	equ	0xFEE
  1320                           postdec0	equ	0xFED
  1321                           preinc0	equ	0xFEC
  1322                           plusw0	equ	0xFEB
  1323                           fsr0h	equ	0xFEA
  1324                           fsr0l	equ	0xFE9
  1325                           wreg	equ	0xFE8
  1326                           indf1	equ	0xFE7
  1327                           postinc1	equ	0xFE6
  1328                           postdec1	equ	0xFE5
  1329                           preinc1	equ	0xFE4
  1330                           plusw1	equ	0xFE3
  1331                           fsr1h	equ	0xFE2
  1332                           fsr1l	equ	0xFE1
  1333                           bsr	equ	0xFE0
  1334                           indf2	equ	0xFDF
  1335                           postinc2	equ	0xFDE
  1336                           postdec2	equ	0xFDD
  1337                           preinc2	equ	0xFDC
  1338                           plusw2	equ	0xFDB
  1339                           fsr2h	equ	0xFDA
  1340                           fsr2l	equ	0xFD9
  1341                           status	equ	0xFD8

Data Sizes:
    Strings     32
    Constant    0
    Data        10
    BSS         1
    Persistent  0
    Stack       0

Auto Spaces:
    Space          Size  Autos    Used
    COMRAM           95      9      20
    BANK0           160      0       0
    BANK1           256      0       0
    BANK2           256      0       0
    BANK3           256      0       0
    BANK4           256      0       0
    BANK5           256      0       0

Pointer List with Targets:

    LCD_Write_Custom_Chararacter@Message	PTR unsigned char  size(2) Largest target is 8
		 -> Happyface(COMRAM[8]), 

    LCD_Write_Message@msg	PTR const unsigned char  size(2) Largest target is 12
		 -> STR_3(CODE[12]), STR_2(CODE[8]), STR_1(CODE[12]), 


Critical Paths under _main in COMRAM

    _main->_LCD_Write_Message
    _LCD_Write_Message->_LCD_Command
    _LCD_Write_Message->_LCD_Write_Data
    _LCD_Write_Custom_Chararacter->_LCD_Command
    _LCD_Write_Custom_Chararacter->_LCD_Write_Data
    _LCD_Read_Custom_Chararacter->_LCD_Command
    _LCD_Read_Custom_Chararacter->_LCD_Write_Data
    _Configure_LCD->_LCD_Command

Critical Paths under _main in BANK0

    None.

Critical Paths under _main in BANK1

    None.

Critical Paths under _main in BANK2

    None.

Critical Paths under _main in BANK3

    None.

Critical Paths under _main in BANK4

    None.

Critical Paths under _main in BANK5

    None.

Call Graph Tables:

 ---------------------------------------------------------------------------------
 (Depth) Function   	        Calls       Base Space   Used Autos Params    Refs
 ---------------------------------------------------------------------------------
 (0) _main                                                 0     0      0    1342
                      _Configure_LCD
        _LCD_Read_Custom_Chararacter
       _LCD_Write_Custom_Chararacter
                  _LCD_Write_Message
                  _SYSTEM_Initialize
 ---------------------------------------------------------------------------------
 (1) _SYSTEM_Initialize                                    0     0      0       0
              _OSCILLATOR_Initialize
             _PIN_MANAGER_Initialize
 ---------------------------------------------------------------------------------
 (2) _PIN_MANAGER_Initialize                               0     0      0       0
 ---------------------------------------------------------------------------------
 (2) _OSCILLATOR_Initialize                                0     0      0       0
 ---------------------------------------------------------------------------------
 (1) _LCD_Write_Message                                    7     4      3     662
                                              2 COMRAM     7     4      3
                        _LCD_Command
                     _LCD_Write_Data
 ---------------------------------------------------------------------------------
 (1) _LCD_Write_Custom_Chararacter                         5     3      2     300
                                              2 COMRAM     5     3      2
                        _LCD_Command
                     _LCD_Write_Data
 ---------------------------------------------------------------------------------
 (1) _LCD_Read_Custom_Chararacter                          6     4      2     335
                                              2 COMRAM     6     4      2
                        _LCD_Command
                     _LCD_Write_Data
 ---------------------------------------------------------------------------------
 (2) _LCD_Write_Data                                       2     2      0      45
                                              0 COMRAM     2     2      0
 ---------------------------------------------------------------------------------
 (1) _Configure_LCD                                        1     1      0      45
                                              2 COMRAM     1     1      0
                        _LCD_Command
 ---------------------------------------------------------------------------------
 (2) _LCD_Command                                          2     2      0      45
                                              0 COMRAM     2     2      0
 ---------------------------------------------------------------------------------
 Estimated maximum stack depth 2
 ---------------------------------------------------------------------------------

 Call Graph Graphs:

 _main (ROOT)
   _Configure_LCD
     _LCD_Command
   _LCD_Read_Custom_Chararacter
     _LCD_Command
     _LCD_Write_Data
   _LCD_Write_Custom_Chararacter
     _LCD_Command
     _LCD_Write_Data
   _LCD_Write_Message
     _LCD_Command
     _LCD_Write_Data
   _SYSTEM_Initialize
     _OSCILLATOR_Initialize
     _PIN_MANAGER_Initialize

 Address spaces:
Name               Size   Autos  Total    Cost      Usage
BIGRAM             5FF      0       0      25        0.0%
EEDATA             100      0       0       0        0.0%
BITBANK5           100      0       0      14        0.0%
BANK5              100      0       0      15        0.0%
BITBANK4           100      0       0      12        0.0%
BANK4              100      0       0      13        0.0%
BITBANK3           100      0       0      10        0.0%
BANK3              100      0       0      11        0.0%
BITBANK2           100      0       0       8        0.0%
BANK2              100      0       0       9        0.0%
BITBANK1           100      0       0       6        0.0%
BANK1              100      0       0       7        0.0%
BITBANK0            A0      0       0       4        0.0%
BANK0               A0      0       0       5        0.0%
BITCOMRAM           5F      0       0       0        0.0%
COMRAM              5F      9      14       1       21.1%
BITBIGSFRlh         37      0       0      18        0.0%
BITBIGSFRhl         1D      0       0      17        0.0%
BITBIGSFRllllll     1C      0       0      23        0.0%
BITBIGSFRhh          D      0       0      16        0.0%
BITBIGSFRllllh       9      0       0      21        0.0%
BITBIGSFRllhh        4      0       0      19        0.0%
BITBIGSFRllhll       4      0       0      20        0.0%
BITBIGSFRlllllh      1      0       0      22        0.0%
BIGSFR               0      0       0     200        0.0%
BITSFR               0      0       0     200        0.0%
SFR                  0      0       0     200        0.0%
STACK                0      0       0       2        0.0%
NULL                 0      0       0       0        0.0%
ABS                  0      0      14      24        0.0%
DATA                 0      0      14       3        0.0%
CODE                 0      0       0       0        0.0%


Microchip Technology PIC18 Macro Assembler V2.36 build 20220127204148 
Symbol Table                                                                                   Wed Dec 21 22:26:28 2022

                                ?_LCD_Command 000B                                            l11 08D2  
                                          l14 08DC                                            l47 0854  
                                          l71 0796                                            l72 0796  
                                          l99 0806                                            u40 06C4  
                                          u41 06C0                                            u50 07B0  
                                          u51 07AC                                            u60 07F6  
                                          u61 07F2                                            u77 0896  
                                          u87 07FE                                            u97 08B6  
                                         l101 0826                                           l111 08A0  
                                         l106 08BE                                           l123 06C4  
                                         l129 07F6                                           l138 073A  
                                         l820 0844                                           l830 08A4  
                                         l910 0820                                           l822 0846  
                                         l814 0828                                           l904 080E  
                                         l824 0848                                           l816 0840  
                                         l906 0814                                           l826 0852  
                                         l818 0842                                           l860 08AE  
                                         l852 08A4                                           l908 081A  
                                         l828 08D4                                           l854 08A8  
                                         l862 0884                                           l856 08AA  
                                         l858 08AC                                           l890 088C  
                                         l892 088E                                           l884 0884  
                                         l886 0888                                           l894 08CA  
                                         l896 07F8                                           l888 088A  
                                         l998 0624                LCD_Read_Custom_Chararacter@pos 000E  
              LCD_Read_Custom_Chararacter@row 000D                                           wreg 000FE8  
                                        l1000 062C                                          l1002 0634  
                                        l1010 064C                                          l1004 063C  
                                        l1012 0686                                          l1014 0694  
                                        l1006 0644                                          l1040 06C8  
                                        l1024 07A0                                          l1016 06A4  
                                        l1042 06D0                                          l1034 07C4  
                                        l1026 07B0                                          l1018 06A8  
                                        l1044 06D8                                          l1052 06F0  
                                        l1036 07D6                                          l1028 07BC  
                                        l1046 06E0                                          l1054 072A  
                                        l1038 07DA                                          l1070 077A  
                                        l1062 073C                                          l1056 0734  
                                        l1048 06E8                                          l1072 0788  
                                        l1064 0744                                          l1082 0660  
                                        l1066 0756                                          l1084 0704  
                                        l1068 0768                                          STR_1 0601  
                                        STR_2 0619                                          STR_3 060D  
                                        _LATA 000F89                                          _LATB 000F8A  
                                        _LATC 000F8B                                          _LATD 000F8C  
                                        _LATE 000F8D                                          _WPUB 000F7C  
                                  _Bit_Format 0001                                          _main 073C  
                                        indf2 000FDF                                          fsr1l 000FE1  
                                        fsr2l 000FD9                                          prodl 000FF3  
                                        start 0000                                  ___param_bank 000000  
                           _LCD_Write_Message 0622                 __end_of_OSCILLATOR_Initialize 08DE  
                                       ?_main 000B                                         _ANSEL 000F7E  
                                       _LATD0 007C60                                         _LATD1 007C61  
                          ?_LCD_Write_Message 000D                                         _TRISA 000F92  
                                       _TRISB 000F93                                         _TRISC 000F94  
                                       _TRISD 000F95                                         _TRISE 000F96  
                         ??_LCD_Write_Message 0010                                         tablat 000FF5  
                                       status 000FD8                                _LCD_Write_Data 0882  
                             __initialization 0856                                  __end_of_main 079E  
                   __end_of_LCD_Write_Message 06C6                                        ??_main 0014  
                               __activetblptr 000002                                        _ANSELH 000F7F  
                                      _OSCCON 000FD3                        __end_of_LCD_Write_Data 08A2  
                                      isa$std 000001                                  __pdataCOMRAM 0001  
                                __mediumconst 0000                                        tblptrh 000FF7  
                                      tblptrl 000FF6                                        tblptru 000FF8  
                           _SYSTEM_Initialize 08CA                                    __accesstop 0060  
                     __end_of__initialization 0878                            ?_SYSTEM_Initialize 000B  
                               ___rparam_used 000001                               ?_LCD_Write_Data 000B  
                              __pcstackCOMRAM 000B                           ??_SYSTEM_Initialize 000B  
                   __end_of_SYSTEM_Initialize 08D4                         __end_of_Configure_LCD 0828  
                ?_LCD_Read_Custom_Chararacter 000D           LCD_Write_Custom_Chararacter@Counter 0010  
         LCD_Write_Custom_Chararacter@Message 000D                                       _OSCTUNE 000F9B  
               ??_LCD_Read_Custom_Chararacter 000F                                       __Hparam 0000  
                                     __Lparam 0000                                     _DATA_PORT 0014  
                                __psmallconst 0600                                       __pcinit 0856  
                                     __ramtop 0600                                       __ptext0 073C  
                                     __ptext1 08CA                                       __ptext2 0828  
                                     __ptext3 08D4                                       __ptext4 0622  
                                     __ptext5 079E                                       __ptext6 06C6  
                                     __ptext7 0882                                       __ptext8 07F8  
                                     __ptext9 08A2                         _OSCILLATOR_Initialize 08D4  
                    ??_PIN_MANAGER_Initialize 000B                          end_of_initialization 0878  
                              LCD_Command@cmd 000C                             LCD_Write_Data@dat 000C  
                               __Lmediumconst 0000                                       postdec1 000FE5  
                                     postinc0 000FEE          __end_of_LCD_Write_Custom_Chararacter 07F8  
                _LCD_Write_Custom_Chararacter 079E                     LCD_Write_Message@location 0013  
         LCD_Read_Custom_Chararacter@location 0012                              ??_LCD_Write_Data 000B  
                               ??_LCD_Command 000B                                 __pidataCOMRAM 08C0  
                                   _Happyface 0003                 ?_LCD_Write_Custom_Chararacter 000D  
                      ?_OSCILLATOR_Initialize 000B                           start_initialization 0856  
                         __end_of_LCD_Command 08C0                                   __pbssCOMRAM 0014  
        LCD_Write_Custom_Chararacter@Location 000F                        _PIN_MANAGER_Initialize 0828  
                                 __smallconst 0600                ??_LCD_Write_Custom_Chararacter 000F  
                                 _LCD_Command 08A2           __end_of_LCD_Read_Custom_Chararacter 073C  
                 _LCD_Read_Custom_Chararacter 06C6  LCD_Read_Custom_Chararacter@Character_Address 0011  
                                 _INTCON2bits 000FF1                                     copy_data0 086A  
                               _Configure_LCD 07F8                                      __Hrparam 0000  
                                    __Lrparam 0000                       ??_OSCILLATOR_Initialize 000B  
                              ?_Configure_LCD 000B                                      isa$xinst 000000  
                        LCD_Write_Message@msg 000E                          LCD_Write_Message@pos 000D  
                        LCD_Write_Message@row 0012                                    _INTCONbits 000FF2  
                     ?_PIN_MANAGER_Initialize 000B                               ??_Configure_LCD 000D  
              __end_of_PIN_MANAGER_Initialize 0856  
