

Microchip MPLAB XC8 Assembler V2.41 build 20230208172133 
                                                                                               Sat Jul 08 22:18:32 2023

Microchip MPLAB XC8 C Compiler v2.41 (Free license) build 20230208172133 Og1 
     1                           	processor	18F45K20
     2                           	fnconf	rparam,??,?,0
     3                           	pagewidth 120
     4                           	opt	flic
     5                           	psect	cinit,global,reloc=2,class=CODE,delta=1
     6                           	psect	bssCOMRAM,global,class=COMRAM,space=1,delta=1,lowdata,noexec
     7                           	psect	cstackCOMRAM,global,class=COMRAM,space=1,delta=1,lowdata,noexec
     8                           	psect	text0,global,reloc=2,class=CODE,delta=1
     9                           	psect	text1,global,reloc=2,class=CODE,delta=1,group=1
    10                           	psect	text2,global,reloc=2,class=CODE,delta=1,group=1
    11                           	psect	text3,global,reloc=2,class=CODE,delta=1
    12                           	psect	text4,global,reloc=2,class=CODE,delta=1
    13                           	psect	text5,global,reloc=2,class=CODE,delta=1
    14                           	psect	intsave_regs,global,class=BIGRAM,space=1,delta=1,noexec
    15                           	psect	rparam,global,class=COMRAM,space=1,delta=1,noexec
    16                           	psect	idloc,global,abs,ovrld,class=IDLOC,space=5,delta=1,noexec
    17                           	psect	config,global,abs,ovrld,class=CONFIG,space=4,delta=1,noexec
    18   000000                     
    19                           ; Version 2.40
    20                           ; Generated 17/11/2021 GMT
    21                           ; 
    22                           ; Copyright © 2021, Microchip Technology Inc. and its subsidiaries ("Microchip")
    23                           ; All rights reserved.
    24                           ; 
    25                           ; This software is developed by Microchip Technology Inc. and its subsidiaries ("Microch
      +                          ip").
    26                           ; 
    27                           ; Redistribution and use in source and binary forms, with or without modification, are
    28                           ; permitted provided that the following conditions are met:
    29                           ; 
    30                           ;     1. Redistributions of source code must retain the above copyright notice, this lis
      +                          t of
    31                           ;        conditions and the following disclaimer.
    32                           ; 
    33                           ;     2. Redistributions in binary form must reproduce the above copyright notice, this 
      +                          list
    34                           ;        of conditions and the following disclaimer in the documentation and/or other
    35                           ;        materials provided with the distribution. Publication is not required when
    36                           ;        this file is used in an embedded application.
    37                           ; 
    38                           ;     3. Microchip's name may not be used to endorse or promote products derived from th
      +                          is
    39                           ;        software without specific prior written permission.
    40                           ; 
    41                           ; THIS SOFTWARE IS PROVIDED BY MICROCHIP "AS IS" AND ANY EXPRESS OR IMPLIED WARRANTIES,
    42                           ; INCLUDING, BUT NOT LIMITED TO, THE IMPLIED WARRANTIES OF MERCHANTABILITY AND FITNESS F
      +                          OR
    43                           ; PURPOSE ARE DISCLAIMED.  IN NO EVENT SHALL MICROCHIP BE LIABLE FOR ANY DIRECT, INDIREC
      +                          T,
    44                           ; INCIDENTAL, SPECIAL, EXEMPLARY, OR CONSEQUENTIAL DAMAGES (INCLUDING BUT NOT LIMITED TO
    45                           ; PROCUREMENT OF SUBSTITUTE GOODS OR SERVICES; LOSS OF USE, DATA OR PROFITS; OR BUSINESS
    46                           ; INTERRUPTION) HOWSOEVER CAUSED AND ON ANY THEORY OF LIABILITY, WHETHER IN CONTRACT, ST
      +                          RICT
    47                           ; LIABILITY, OR TORT (INCLUDING NEGLIGENCE OR OTHERWISE) ARISING IN ANY WAY OUT OF THE U
      +                          SE OF
    48                           ; THIS SOFTWARE, EVEN IF ADVISED OF THE POSSIBILITY OF SUCH DAMAGE.
    49                           ; 
    50                           ; 
    51                           ; Code-generator required, PIC18F45K20 Definitions
    52                           ; 
    53                           ; SFR Addresses
    54   000000                     _TRISD	set	3989
    55   000000                     _TRISC	set	3988
    56   000000                     _TRISB	set	3987
    57   000000                     _LATC	set	3979
    58   000000                     _LATB	set	3978
    59   000000                     _LATAbits	set	3977
    60   000000                     _WPUB	set	3964
    61   000000                     _ANSEL	set	3966
    62   000000                     _LATA	set	3977
    63   000000                     _LATD	set	3980
    64   000000                     _LATE	set	3981
    65   000000                     _OSCTUNE	set	3995
    66   000000                     _OSCCON	set	4051
    67   000000                     _INTCON2bits	set	4081
    68   000000                     _TRISA	set	3986
    69   000000                     _TRISE	set	3990
    70   000000                     _PORTDbits	set	3971
    71   000000                     _ANSELH	set	3967
    72   000000                     _INTCONbits	set	4082
    73                           
    74                           ; #config settings
    75                           
    76                           	psect	cinit
    77   007D5C                     __pcinit:
    78                           	callstack 0
    79   007D5C                     start_initialization:
    80                           	callstack 0
    81   007D5C                     __initialization:
    82                           	callstack 0
    83                           
    84                           ; Clear objects allocated to COMRAM (3 bytes)
    85   007D5C  6A0D               	clrf	(__pbssCOMRAM+2)& (0+255),c
    86   007D5E  6A0C               	clrf	(__pbssCOMRAM+1)& (0+255),c
    87   007D60  6A0B               	clrf	__pbssCOMRAM& (0+255),c
    88   007D62                     end_of_initialization:
    89                           	callstack 0
    90   007D62                     __end_of__initialization:
    91                           	callstack 0
    92   007D62  0100               	movlb	0
    93   007D64  EF87  F03F         	goto	_main	;jump to C main() function
    94                           
    95                           	psect	bssCOMRAM
    96   00000B                     __pbssCOMRAM:
    97                           	callstack 0
    98   00000B                     _Counter:
    99                           	callstack 0
   100   00000B                     	ds	1
   101   00000C                     _Second_Digit:
   102                           	callstack 0
   103   00000C                     	ds	1
   104   00000D                     _First_Digit:
   105                           	callstack 0
   106   00000D                     	ds	1
   107                           
   108                           	psect	cstackCOMRAM
   109   000001                     __pcstackCOMRAM:
   110                           	callstack 0
   111   000001                     ?___awdiv:
   112                           	callstack 0
   113   000001                     ?___awmod:
   114                           	callstack 0
   115   000001                     ___awdiv@dividend:
   116                           	callstack 0
   117   000001                     ___awmod@dividend:
   118                           	callstack 0
   119                           
   120                           ; 2 bytes @ 0x0
   121   000001                     	ds	2
   122   000003                     ___awdiv@divisor:
   123                           	callstack 0
   124   000003                     ___awmod@divisor:
   125                           	callstack 0
   126                           
   127                           ; 2 bytes @ 0x2
   128   000003                     	ds	2
   129   000005                     ___awdiv@counter:
   130                           	callstack 0
   131   000005                     ___awmod@counter:
   132                           	callstack 0
   133                           
   134                           ; 1 bytes @ 0x4
   135   000005                     	ds	1
   136   000006                     ___awdiv@sign:
   137                           	callstack 0
   138   000006                     ___awmod@sign:
   139                           	callstack 0
   140                           
   141                           ; 1 bytes @ 0x5
   142   000006                     	ds	1
   143   000007                     ___awdiv@quotient:
   144                           	callstack 0
   145                           
   146                           ; 2 bytes @ 0x6
   147   000007                     	ds	2
   148   000009                     ??_main:
   149                           
   150                           ; 1 bytes @ 0x8
   151   000009                     	ds	2
   152                           
   153 ;;
   154 ;;Main: autosize = 0, tempsize = 2, incstack = 0, save=0
   155 ;;
   156 ;; *************** function _main *****************
   157 ;; Defined at:
   158 ;;		line 28 in file "main.c"
   159 ;; Parameters:    Size  Location     Type
   160 ;;		None
   161 ;; Auto vars:     Size  Location     Type
   162 ;;		None
   163 ;; Return value:  Size  Location     Type
   164 ;;                  1    wreg      void 
   165 ;; Registers used:
   166 ;;		wreg, status,2, status,0, cstack
   167 ;; Tracked objects:
   168 ;;		On entry : 0/0
   169 ;;		On exit  : 0/0
   170 ;;		Unchanged: 0/0
   171 ;; Data sizes:     COMRAM   BANK0   BANK1   BANK2   BANK3   BANK4   BANK5
   172 ;;      Params:         0       0       0       0       0       0       0
   173 ;;      Locals:         0       0       0       0       0       0       0
   174 ;;      Temps:          2       0       0       0       0       0       0
   175 ;;      Totals:         2       0       0       0       0       0       0
   176 ;;Total ram usage:        2 bytes
   177 ;; Hardware stack levels required when called: 2
   178 ;; This function calls:
   179 ;;		_SYSTEM_Initialize
   180 ;;		___awdiv
   181 ;;		___awmod
   182 ;; This function is called by:
   183 ;;		Startup code after reset
   184 ;; This function uses a non-reentrant model
   185 ;;
   186                           
   187                           	psect	text0
   188   007F0E                     __ptext0:
   189                           	callstack 0
   190   007F0E                     _main:
   191                           	callstack 29
   192   007F0E                     
   193                           ;main.c: 31: SYSTEM_Initialize();
   194   007F0E  ECA9  F03E         	call	_SYSTEM_Initialize	;wreg free
   195   007F12                     
   196                           ;main.c: 33: LATAbits.LATA0 = !0;
   197   007F12  8089               	bsf	137,0,c	;volatile
   198   007F14                     
   199                           ;main.c: 34: LATAbits.LATA1 = !0;
   200   007F14  8289               	bsf	137,1,c	;volatile
   201   007F16                     l1046:
   202                           
   203                           ;main.c: 37: {;main.c: 38: if(PORTDbits.RD0 == 0){
   204   007F16  B083               	btfsc	131,0,c	;volatile
   205   007F18  EF90  F03F         	goto	u311
   206   007F1C  EF92  F03F         	goto	u310
   207   007F20                     u311:
   208   007F20  EFA9  F03F         	goto	l72
   209   007F24                     u310:
   210   007F24                     
   211                           ;main.c: 39: _delay((unsigned long)((500)*(20000000/4000.0)));
   212   007F24  0E0D               	movlw	13
   213   007F26  6E0A               	movwf	(??_main+1)^0,c
   214   007F28  0EAF               	movlw	175
   215   007F2A  6E09               	movwf	??_main^0,c
   216   007F2C  0EB6               	movlw	182
   217   007F2E                     u377:
   218   007F2E  2EE8               	decfsz	wreg,f,c
   219   007F30  D7FE               	bra	u377
   220   007F32  2E09               	decfsz	??_main^0,f,c
   221   007F34  D7FC               	bra	u377
   222   007F36  2E0A               	decfsz	(??_main+1)^0,f,c
   223   007F38  D7FA               	bra	u377
   224   007F3A  F000 F000          	nop2	
   225   007F3E                     l73:
   226   007F3E  A083               	btfss	131,0,c	;volatile
   227   007F40  EFA4  F03F         	goto	u321
   228   007F44  EFA6  F03F         	goto	u320
   229   007F48                     u321:
   230   007F48  EF9F  F03F         	goto	l73
   231   007F4C                     u320:
   232   007F4C                     
   233                           ;main.c: 41: Counter++;
   234   007F4C  2A0B               	incf	_Counter^0,f,c
   235                           
   236                           ;main.c: 42: }
   237   007F4E  EFC5  F03F         	goto	l1056
   238   007F52                     l72:
   239                           
   240                           ;main.c: 43: else if(PORTDbits.RD1 == 0){
   241   007F52  B283               	btfsc	131,1,c	;volatile
   242   007F54  EFAE  F03F         	goto	u331
   243   007F58  EFB0  F03F         	goto	u330
   244   007F5C                     u331:
   245   007F5C  EFC5  F03F         	goto	l1056
   246   007F60                     u330:
   247   007F60                     
   248                           ;main.c: 44: _delay((unsigned long)((500)*(20000000/4000.0)));
   249   007F60  0E0D               	movlw	13
   250   007F62  6E0A               	movwf	(??_main+1)^0,c
   251   007F64  0EAF               	movlw	175
   252   007F66  6E09               	movwf	??_main^0,c
   253   007F68  0EB6               	movlw	182
   254   007F6A                     u387:
   255   007F6A  2EE8               	decfsz	wreg,f,c
   256   007F6C  D7FE               	bra	u387
   257   007F6E  2E09               	decfsz	??_main^0,f,c
   258   007F70  D7FC               	bra	u387
   259   007F72  2E0A               	decfsz	(??_main+1)^0,f,c
   260   007F74  D7FA               	bra	u387
   261   007F76  F000 F000          	nop2	
   262   007F7A                     l78:
   263   007F7A  A283               	btfss	131,1,c	;volatile
   264   007F7C  EFC2  F03F         	goto	u341
   265   007F80  EFC4  F03F         	goto	u340
   266   007F84                     u341:
   267   007F84  EFBD  F03F         	goto	l78
   268   007F88                     u340:
   269   007F88                     
   270                           ;main.c: 46: Counter--;
   271   007F88  060B               	decf	_Counter^0,f,c
   272   007F8A                     l1056:
   273                           
   274                           ;main.c: 47: };main.c: 48: if (Counter>99 || Counter <=0){Counter = 0;}
   275   007F8A  0E64               	movlw	100
   276   007F8C  600B               	cpfslt	_Counter^0,c
   277   007F8E  EFCB  F03F         	goto	u351
   278   007F92  EFCD  F03F         	goto	u350
   279   007F96                     u351:
   280   007F96  EFD5  F03F         	goto	l1060
   281   007F9A                     u350:
   282   007F9A  500B               	movf	_Counter^0,w,c
   283   007F9C  A4D8               	btfss	status,2,c
   284   007F9E  EFD3  F03F         	goto	u361
   285   007FA2  EFD5  F03F         	goto	u360
   286   007FA6                     u361:
   287   007FA6  EFD7  F03F         	goto	l1062
   288   007FAA                     u360:
   289   007FAA                     l1060:
   290   007FAA  0E00               	movlw	0
   291   007FAC  6E0B               	movwf	_Counter^0,c
   292   007FAE                     l1062:
   293                           
   294                           ;main.c: 49: First_Digit = Counter %10;
   295   007FAE  C00B  F001         	movff	_Counter,___awmod@dividend
   296   007FB2  6A02               	clrf	(___awmod@dividend+1)^0,c
   297   007FB4  0E00               	movlw	0
   298   007FB6  6E04               	movwf	(___awmod@divisor+1)^0,c
   299   007FB8  0E0A               	movlw	10
   300   007FBA  6E03               	movwf	___awmod@divisor^0,c
   301   007FBC  ECCD  F03E         	call	___awmod	;wreg free
   302   007FC0  5001               	movf	?___awmod^0,w,c
   303   007FC2  6E0D               	movwf	_First_Digit^0,c
   304   007FC4                     
   305                           ;main.c: 50: Second_Digit = ((Counter /10)<<4);
   306   007FC4  C00B  F001         	movff	_Counter,___awdiv@dividend
   307   007FC8  6A02               	clrf	(___awdiv@dividend+1)^0,c
   308   007FCA  0E00               	movlw	0
   309   007FCC  6E04               	movwf	(___awdiv@divisor+1)^0,c
   310   007FCE  0E0A               	movlw	10
   311   007FD0  6E03               	movwf	___awdiv@divisor^0,c
   312   007FD2  EC25  F03F         	call	___awdiv	;wreg free
   313   007FD6  3801               	swapf	?___awdiv^0,w,c
   314   007FD8  0BF0               	andlw	240
   315   007FDA  6E0C               	movwf	_Second_Digit^0,c
   316   007FDC                     
   317                           ;main.c: 51: LATB = First_Digit | Second_Digit ;
   318   007FDC  500D               	movf	_First_Digit^0,w,c
   319   007FDE  100C               	iorwf	_Second_Digit^0,w,c
   320   007FE0  6E8A               	movwf	138,c	;volatile
   321   007FE2                     
   322                           ;main.c: 52: _delay((unsigned long)((100)*(20000000/4000.0)));
   323   007FE2  0E03               	movlw	3
   324   007FE4  6E0A               	movwf	(??_main+1)^0,c
   325   007FE6  0E8A               	movlw	138
   326   007FE8  6E09               	movwf	??_main^0,c
   327   007FEA  0E56               	movlw	86
   328   007FEC                     u397:
   329   007FEC  2EE8               	decfsz	wreg,f,c
   330   007FEE  D7FE               	bra	u397
   331   007FF0  2E09               	decfsz	??_main^0,f,c
   332   007FF2  D7FC               	bra	u397
   333   007FF4  2E0A               	decfsz	(??_main+1)^0,f,c
   334   007FF6  D7FA               	bra	u397
   335   007FF8  EF8B  F03F         	goto	l1046
   336   007FFC  EF00  F000         	goto	start
   337   008000                     __end_of_main:
   338                           	callstack 0
   339                           
   340 ;; *************** function ___awmod *****************
   341 ;; Defined at:
   342 ;;		line 7 in file "C:\Program Files\Microchip\xc8\v2.41\pic\sources\c90\common\awmod.c"
   343 ;; Parameters:    Size  Location     Type
   344 ;;  dividend        2    0[COMRAM] int 
   345 ;;  divisor         2    2[COMRAM] int 
   346 ;; Auto vars:     Size  Location     Type
   347 ;;  sign            1    5[COMRAM] unsigned char 
   348 ;;  counter         1    4[COMRAM] unsigned char 
   349 ;; Return value:  Size  Location     Type
   350 ;;                  2    0[COMRAM] int 
   351 ;; Registers used:
   352 ;;		wreg, status,2, status,0
   353 ;; Tracked objects:
   354 ;;		On entry : 0/0
   355 ;;		On exit  : 0/0
   356 ;;		Unchanged: 0/0
   357 ;; Data sizes:     COMRAM   BANK0   BANK1   BANK2   BANK3   BANK4   BANK5
   358 ;;      Params:         4       0       0       0       0       0       0
   359 ;;      Locals:         2       0       0       0       0       0       0
   360 ;;      Temps:          0       0       0       0       0       0       0
   361 ;;      Totals:         6       0       0       0       0       0       0
   362 ;;Total ram usage:        6 bytes
   363 ;; Hardware stack levels used: 1
   364 ;; This function calls:
   365 ;;		Nothing
   366 ;; This function is called by:
   367 ;;		_main
   368 ;; This function uses a non-reentrant model
   369 ;;
   370                           
   371                           	psect	text1
   372   007D9A                     __ptext1:
   373                           	callstack 0
   374   007D9A                     ___awmod:
   375                           	callstack 30
   376   007D9A  0E00               	movlw	0
   377   007D9C  6E06               	movwf	___awmod@sign^0,c
   378   007D9E  BE02               	btfsc	(___awmod@dividend+1)^0,7,c
   379   007DA0  EFD6  F03E         	goto	u250
   380   007DA4  EFD4  F03E         	goto	u251
   381   007DA8                     u251:
   382   007DA8  EFDC  F03E         	goto	l1012
   383   007DAC                     u250:
   384   007DAC  6C01               	negf	___awmod@dividend^0,c
   385   007DAE  1E02               	comf	(___awmod@dividend+1)^0,f,c
   386   007DB0  B0D8               	btfsc	status,0,c
   387   007DB2  2A02               	incf	(___awmod@dividend+1)^0,f,c
   388   007DB4  0E01               	movlw	1
   389   007DB6  6E06               	movwf	___awmod@sign^0,c
   390   007DB8                     l1012:
   391   007DB8  BE04               	btfsc	(___awmod@divisor+1)^0,7,c
   392   007DBA  EFE3  F03E         	goto	u260
   393   007DBE  EFE1  F03E         	goto	u261
   394   007DC2                     u261:
   395   007DC2  EFE7  F03E         	goto	l1016
   396   007DC6                     u260:
   397   007DC6  6C03               	negf	___awmod@divisor^0,c
   398   007DC8  1E04               	comf	(___awmod@divisor+1)^0,f,c
   399   007DCA  B0D8               	btfsc	status,0,c
   400   007DCC  2A04               	incf	(___awmod@divisor+1)^0,f,c
   401   007DCE                     l1016:
   402   007DCE  5003               	movf	___awmod@divisor^0,w,c
   403   007DD0  1004               	iorwf	(___awmod@divisor+1)^0,w,c
   404   007DD2  B4D8               	btfsc	status,2,c
   405   007DD4  EFEE  F03E         	goto	u271
   406   007DD8  EFF0  F03E         	goto	u270
   407   007DDC                     u271:
   408   007DDC  EF14  F03F         	goto	l1032
   409   007DE0                     u270:
   410   007DE0  0E01               	movlw	1
   411   007DE2  6E05               	movwf	___awmod@counter^0,c
   412   007DE4  EFF8  F03E         	goto	l1022
   413   007DE8                     l1020:
   414   007DE8  90D8               	bcf	status,0,c
   415   007DEA  3603               	rlcf	___awmod@divisor^0,f,c
   416   007DEC  3604               	rlcf	(___awmod@divisor+1)^0,f,c
   417   007DEE  2A05               	incf	___awmod@counter^0,f,c
   418   007DF0                     l1022:
   419   007DF0  AE04               	btfss	(___awmod@divisor+1)^0,7,c
   420   007DF2  EFFD  F03E         	goto	u281
   421   007DF6  EFFF  F03E         	goto	u280
   422   007DFA                     u281:
   423   007DFA  EFF4  F03E         	goto	l1020
   424   007DFE                     u280:
   425   007DFE                     l1024:
   426   007DFE  5003               	movf	___awmod@divisor^0,w,c
   427   007E00  5C01               	subwf	___awmod@dividend^0,w,c
   428   007E02  5004               	movf	(___awmod@divisor+1)^0,w,c
   429   007E04  5802               	subwfb	(___awmod@dividend+1)^0,w,c
   430   007E06  A0D8               	btfss	status,0,c
   431   007E08  EF08  F03F         	goto	u291
   432   007E0C  EF0A  F03F         	goto	u290
   433   007E10                     u291:
   434   007E10  EF0E  F03F         	goto	l1028
   435   007E14                     u290:
   436   007E14  5003               	movf	___awmod@divisor^0,w,c
   437   007E16  5E01               	subwf	___awmod@dividend^0,f,c
   438   007E18  5004               	movf	(___awmod@divisor+1)^0,w,c
   439   007E1A  5A02               	subwfb	(___awmod@dividend+1)^0,f,c
   440   007E1C                     l1028:
   441   007E1C  90D8               	bcf	status,0,c
   442   007E1E  3204               	rrcf	(___awmod@divisor+1)^0,f,c
   443   007E20  3203               	rrcf	___awmod@divisor^0,f,c
   444   007E22  2E05               	decfsz	___awmod@counter^0,f,c
   445   007E24  EFFF  F03E         	goto	l1024
   446   007E28                     l1032:
   447   007E28  5006               	movf	___awmod@sign^0,w,c
   448   007E2A  B4D8               	btfsc	status,2,c
   449   007E2C  EF1A  F03F         	goto	u301
   450   007E30  EF1C  F03F         	goto	u300
   451   007E34                     u301:
   452   007E34  EF20  F03F         	goto	l1036
   453   007E38                     u300:
   454   007E38  6C01               	negf	___awmod@dividend^0,c
   455   007E3A  1E02               	comf	(___awmod@dividend+1)^0,f,c
   456   007E3C  B0D8               	btfsc	status,0,c
   457   007E3E  2A02               	incf	(___awmod@dividend+1)^0,f,c
   458   007E40                     l1036:
   459   007E40  C001  F001         	movff	___awmod@dividend,?___awmod
   460   007E44  C002  F002         	movff	___awmod@dividend+1,?___awmod+1
   461   007E48  0012               	return		;funcret
   462   007E4A                     __end_of___awmod:
   463                           	callstack 0
   464                           
   465 ;; *************** function ___awdiv *****************
   466 ;; Defined at:
   467 ;;		line 7 in file "C:\Program Files\Microchip\xc8\v2.41\pic\sources\c90\common\awdiv.c"
   468 ;; Parameters:    Size  Location     Type
   469 ;;  dividend        2    0[COMRAM] int 
   470 ;;  divisor         2    2[COMRAM] int 
   471 ;; Auto vars:     Size  Location     Type
   472 ;;  quotient        2    6[COMRAM] int 
   473 ;;  sign            1    5[COMRAM] unsigned char 
   474 ;;  counter         1    4[COMRAM] unsigned char 
   475 ;; Return value:  Size  Location     Type
   476 ;;                  2    0[COMRAM] int 
   477 ;; Registers used:
   478 ;;		wreg, status,2, status,0
   479 ;; Tracked objects:
   480 ;;		On entry : 0/0
   481 ;;		On exit  : 0/0
   482 ;;		Unchanged: 0/0
   483 ;; Data sizes:     COMRAM   BANK0   BANK1   BANK2   BANK3   BANK4   BANK5
   484 ;;      Params:         4       0       0       0       0       0       0
   485 ;;      Locals:         4       0       0       0       0       0       0
   486 ;;      Temps:          0       0       0       0       0       0       0
   487 ;;      Totals:         8       0       0       0       0       0       0
   488 ;;Total ram usage:        8 bytes
   489 ;; Hardware stack levels used: 1
   490 ;; This function calls:
   491 ;;		Nothing
   492 ;; This function is called by:
   493 ;;		_main
   494 ;; This function uses a non-reentrant model
   495 ;;
   496                           
   497                           	psect	text2
   498   007E4A                     __ptext2:
   499                           	callstack 0
   500   007E4A                     ___awdiv:
   501                           	callstack 30
   502   007E4A  0E00               	movlw	0
   503   007E4C  6E06               	movwf	___awdiv@sign^0,c
   504   007E4E  BE04               	btfsc	(___awdiv@divisor+1)^0,7,c
   505   007E50  EF2E  F03F         	goto	u190
   506   007E54  EF2C  F03F         	goto	u191
   507   007E58                     u191:
   508   007E58  EF34  F03F         	goto	l968
   509   007E5C                     u190:
   510   007E5C  6C03               	negf	___awdiv@divisor^0,c
   511   007E5E  1E04               	comf	(___awdiv@divisor+1)^0,f,c
   512   007E60  B0D8               	btfsc	status,0,c
   513   007E62  2A04               	incf	(___awdiv@divisor+1)^0,f,c
   514   007E64  0E01               	movlw	1
   515   007E66  6E06               	movwf	___awdiv@sign^0,c
   516   007E68                     l968:
   517   007E68  BE02               	btfsc	(___awdiv@dividend+1)^0,7,c
   518   007E6A  EF3B  F03F         	goto	u200
   519   007E6E  EF39  F03F         	goto	u201
   520   007E72                     u201:
   521   007E72  EF41  F03F         	goto	l974
   522   007E76                     u200:
   523   007E76  6C01               	negf	___awdiv@dividend^0,c
   524   007E78  1E02               	comf	(___awdiv@dividend+1)^0,f,c
   525   007E7A  B0D8               	btfsc	status,0,c
   526   007E7C  2A02               	incf	(___awdiv@dividend+1)^0,f,c
   527   007E7E  0E01               	movlw	1
   528   007E80  1A06               	xorwf	___awdiv@sign^0,f,c
   529   007E82                     l974:
   530   007E82  0E00               	movlw	0
   531   007E84  6E08               	movwf	(___awdiv@quotient+1)^0,c
   532   007E86  0E00               	movlw	0
   533   007E88  6E07               	movwf	___awdiv@quotient^0,c
   534   007E8A  5003               	movf	___awdiv@divisor^0,w,c
   535   007E8C  1004               	iorwf	(___awdiv@divisor+1)^0,w,c
   536   007E8E  B4D8               	btfsc	status,2,c
   537   007E90  EF4C  F03F         	goto	u211
   538   007E94  EF4E  F03F         	goto	u210
   539   007E98                     u211:
   540   007E98  EF76  F03F         	goto	l996
   541   007E9C                     u210:
   542   007E9C  0E01               	movlw	1
   543   007E9E  6E05               	movwf	___awdiv@counter^0,c
   544   007EA0  EF56  F03F         	goto	l982
   545   007EA4                     l980:
   546   007EA4  90D8               	bcf	status,0,c
   547   007EA6  3603               	rlcf	___awdiv@divisor^0,f,c
   548   007EA8  3604               	rlcf	(___awdiv@divisor+1)^0,f,c
   549   007EAA  2A05               	incf	___awdiv@counter^0,f,c
   550   007EAC                     l982:
   551   007EAC  AE04               	btfss	(___awdiv@divisor+1)^0,7,c
   552   007EAE  EF5B  F03F         	goto	u221
   553   007EB2  EF5D  F03F         	goto	u220
   554   007EB6                     u221:
   555   007EB6  EF52  F03F         	goto	l980
   556   007EBA                     u220:
   557   007EBA                     l984:
   558   007EBA  90D8               	bcf	status,0,c
   559   007EBC  3607               	rlcf	___awdiv@quotient^0,f,c
   560   007EBE  3608               	rlcf	(___awdiv@quotient+1)^0,f,c
   561   007EC0  5003               	movf	___awdiv@divisor^0,w,c
   562   007EC2  5C01               	subwf	___awdiv@dividend^0,w,c
   563   007EC4  5004               	movf	(___awdiv@divisor+1)^0,w,c
   564   007EC6  5802               	subwfb	(___awdiv@dividend+1)^0,w,c
   565   007EC8  A0D8               	btfss	status,0,c
   566   007ECA  EF69  F03F         	goto	u231
   567   007ECE  EF6B  F03F         	goto	u230
   568   007ED2                     u231:
   569   007ED2  EF70  F03F         	goto	l992
   570   007ED6                     u230:
   571   007ED6  5003               	movf	___awdiv@divisor^0,w,c
   572   007ED8  5E01               	subwf	___awdiv@dividend^0,f,c
   573   007EDA  5004               	movf	(___awdiv@divisor+1)^0,w,c
   574   007EDC  5A02               	subwfb	(___awdiv@dividend+1)^0,f,c
   575   007EDE  8007               	bsf	___awdiv@quotient^0,0,c
   576   007EE0                     l992:
   577   007EE0  90D8               	bcf	status,0,c
   578   007EE2  3204               	rrcf	(___awdiv@divisor+1)^0,f,c
   579   007EE4  3203               	rrcf	___awdiv@divisor^0,f,c
   580   007EE6  2E05               	decfsz	___awdiv@counter^0,f,c
   581   007EE8  EF5D  F03F         	goto	l984
   582   007EEC                     l996:
   583   007EEC  5006               	movf	___awdiv@sign^0,w,c
   584   007EEE  B4D8               	btfsc	status,2,c
   585   007EF0  EF7C  F03F         	goto	u241
   586   007EF4  EF7E  F03F         	goto	u240
   587   007EF8                     u241:
   588   007EF8  EF82  F03F         	goto	l1000
   589   007EFC                     u240:
   590   007EFC  6C07               	negf	___awdiv@quotient^0,c
   591   007EFE  1E08               	comf	(___awdiv@quotient+1)^0,f,c
   592   007F00  B0D8               	btfsc	status,0,c
   593   007F02  2A08               	incf	(___awdiv@quotient+1)^0,f,c
   594   007F04                     l1000:
   595   007F04  C007  F001         	movff	___awdiv@quotient,?___awdiv
   596   007F08  C008  F002         	movff	___awdiv@quotient+1,?___awdiv+1
   597   007F0C  0012               	return		;funcret
   598   007F0E                     __end_of___awdiv:
   599                           	callstack 0
   600                           
   601 ;; *************** function _SYSTEM_Initialize *****************
   602 ;; Defined at:
   603 ;;		line 50 in file "mcc_generated_files/mcc.c"
   604 ;; Parameters:    Size  Location     Type
   605 ;;		None
   606 ;; Auto vars:     Size  Location     Type
   607 ;;		None
   608 ;; Return value:  Size  Location     Type
   609 ;;                  1    wreg      void 
   610 ;; Registers used:
   611 ;;		wreg, status,2, cstack
   612 ;; Tracked objects:
   613 ;;		On entry : 0/0
   614 ;;		On exit  : 0/0
   615 ;;		Unchanged: 0/0
   616 ;; Data sizes:     COMRAM   BANK0   BANK1   BANK2   BANK3   BANK4   BANK5
   617 ;;      Params:         0       0       0       0       0       0       0
   618 ;;      Locals:         0       0       0       0       0       0       0
   619 ;;      Temps:          0       0       0       0       0       0       0
   620 ;;      Totals:         0       0       0       0       0       0       0
   621 ;;Total ram usage:        0 bytes
   622 ;; Hardware stack levels used: 1
   623 ;; Hardware stack levels required when called: 1
   624 ;; This function calls:
   625 ;;		_OSCILLATOR_Initialize
   626 ;;		_PIN_MANAGER_Initialize
   627 ;; This function is called by:
   628 ;;		_main
   629 ;; This function uses a non-reentrant model
   630 ;;
   631                           
   632                           	psect	text3
   633   007D52                     __ptext3:
   634                           	callstack 0
   635   007D52                     _SYSTEM_Initialize:
   636                           	callstack 29
   637   007D52                     
   638                           ;mcc.c: 53: PIN_MANAGER_Initialize();
   639   007D52  ECB4  F03E         	call	_PIN_MANAGER_Initialize	;wreg free
   640                           
   641                           ;mcc.c: 54: OSCILLATOR_Initialize();
   642   007D56  ECA4  F03E         	call	_OSCILLATOR_Initialize	;wreg free
   643   007D5A  0012               	return		;funcret
   644   007D5C                     __end_of_SYSTEM_Initialize:
   645                           	callstack 0
   646                           
   647 ;; *************** function _PIN_MANAGER_Initialize *****************
   648 ;; Defined at:
   649 ;;		line 55 in file "mcc_generated_files/pin_manager.c"
   650 ;; Parameters:    Size  Location     Type
   651 ;;		None
   652 ;; Auto vars:     Size  Location     Type
   653 ;;		None
   654 ;; Return value:  Size  Location     Type
   655 ;;                  1    wreg      void 
   656 ;; Registers used:
   657 ;;		wreg, status,2
   658 ;; Tracked objects:
   659 ;;		On entry : 0/0
   660 ;;		On exit  : 0/0
   661 ;;		Unchanged: 0/0
   662 ;; Data sizes:     COMRAM   BANK0   BANK1   BANK2   BANK3   BANK4   BANK5
   663 ;;      Params:         0       0       0       0       0       0       0
   664 ;;      Locals:         0       0       0       0       0       0       0
   665 ;;      Temps:          0       0       0       0       0       0       0
   666 ;;      Totals:         0       0       0       0       0       0       0
   667 ;;Total ram usage:        0 bytes
   668 ;; Hardware stack levels used: 1
   669 ;; This function calls:
   670 ;;		Nothing
   671 ;; This function is called by:
   672 ;;		_SYSTEM_Initialize
   673 ;; This function uses a non-reentrant model
   674 ;;
   675                           
   676                           	psect	text4
   677   007D68                     __ptext4:
   678                           	callstack 0
   679   007D68                     _PIN_MANAGER_Initialize:
   680                           	callstack 29
   681   007D68                     
   682                           ;pin_manager.c: 60: LATE = 0x00;
   683   007D68  0E00               	movlw	0
   684   007D6A  6E8D               	movwf	141,c	;volatile
   685                           
   686                           ;pin_manager.c: 61: LATD = 0x00;
   687   007D6C  0E00               	movlw	0
   688   007D6E  6E8C               	movwf	140,c	;volatile
   689                           
   690                           ;pin_manager.c: 62: LATA = 0x00;
   691   007D70  0E00               	movlw	0
   692   007D72  6E89               	movwf	137,c	;volatile
   693                           
   694                           ;pin_manager.c: 63: LATB = 0x00;
   695   007D74  0E00               	movlw	0
   696   007D76  6E8A               	movwf	138,c	;volatile
   697                           
   698                           ;pin_manager.c: 64: LATC = 0x00;
   699   007D78  0E00               	movlw	0
   700   007D7A  6E8B               	movwf	139,c	;volatile
   701                           
   702                           ;pin_manager.c: 69: TRISE = 0x07;
   703   007D7C  0E07               	movlw	7
   704   007D7E  6E96               	movwf	150,c	;volatile
   705                           
   706                           ;pin_manager.c: 70: TRISA = 0xFC;
   707   007D80  0EFC               	movlw	252
   708   007D82  6E92               	movwf	146,c	;volatile
   709                           
   710                           ;pin_manager.c: 71: TRISB = 0x00;
   711   007D84  0E00               	movlw	0
   712   007D86  6E93               	movwf	147,c	;volatile
   713   007D88                     
   714                           ;pin_manager.c: 72: TRISC = 0xFF;
   715   007D88  6894               	setf	148,c	;volatile
   716   007D8A                     
   717                           ;pin_manager.c: 73: TRISD = 0xFF;
   718   007D8A  6895               	setf	149,c	;volatile
   719   007D8C                     
   720                           ;pin_manager.c: 78: ANSEL = 0xFF;
   721   007D8C  687E               	setf	126,c	;volatile
   722                           
   723                           ;pin_manager.c: 79: ANSELH = 0x1F;
   724   007D8E  0E1F               	movlw	31
   725   007D90  6E7F               	movwf	127,c	;volatile
   726                           
   727                           ;pin_manager.c: 84: WPUB = 0x00;
   728   007D92  0E00               	movlw	0
   729   007D94  6E7C               	movwf	124,c	;volatile
   730   007D96                     
   731                           ;pin_manager.c: 85: INTCON2bits.nRBPU = 1;
   732   007D96  8EF1               	bsf	241,7,c	;volatile
   733   007D98  0012               	return		;funcret
   734   007D9A                     __end_of_PIN_MANAGER_Initialize:
   735                           	callstack 0
   736                           
   737 ;; *************** function _OSCILLATOR_Initialize *****************
   738 ;; Defined at:
   739 ;;		line 57 in file "mcc_generated_files/mcc.c"
   740 ;; Parameters:    Size  Location     Type
   741 ;;		None
   742 ;; Auto vars:     Size  Location     Type
   743 ;;		None
   744 ;; Return value:  Size  Location     Type
   745 ;;                  1    wreg      void 
   746 ;; Registers used:
   747 ;;		wreg, status,2
   748 ;; Tracked objects:
   749 ;;		On entry : 0/0
   750 ;;		On exit  : 0/0
   751 ;;		Unchanged: 0/0
   752 ;; Data sizes:     COMRAM   BANK0   BANK1   BANK2   BANK3   BANK4   BANK5
   753 ;;      Params:         0       0       0       0       0       0       0
   754 ;;      Locals:         0       0       0       0       0       0       0
   755 ;;      Temps:          0       0       0       0       0       0       0
   756 ;;      Totals:         0       0       0       0       0       0       0
   757 ;;Total ram usage:        0 bytes
   758 ;; Hardware stack levels used: 1
   759 ;; This function calls:
   760 ;;		Nothing
   761 ;; This function is called by:
   762 ;;		_SYSTEM_Initialize
   763 ;; This function uses a non-reentrant model
   764 ;;
   765                           
   766                           	psect	text5
   767   007D48                     __ptext5:
   768                           	callstack 0
   769   007D48                     _OSCILLATOR_Initialize:
   770                           	callstack 29
   771   007D48                     
   772                           ;mcc.c: 60: OSCCON = 0x30;
   773   007D48  0E30               	movlw	48
   774   007D4A  6ED3               	movwf	211,c	;volatile
   775                           
   776                           ;mcc.c: 62: OSCTUNE = 0x00;
   777   007D4C  0E00               	movlw	0
   778   007D4E  6E9B               	movwf	155,c	;volatile
   779   007D50  0012               	return		;funcret
   780   007D52                     __end_of_OSCILLATOR_Initialize:
   781                           	callstack 0
   782   000000                     
   783                           	psect	rparam
   784   000000                     
   785                           	psect	idloc
   786                           
   787                           ;Config register IDLOC0 @ 0x200000
   788                           ;	unspecified, using default values
   789   200000                     	org	2097152
   790   200000  FF                 	db	255
   791                           
   792                           ;Config register IDLOC1 @ 0x200001
   793                           ;	unspecified, using default values
   794   200001                     	org	2097153
   795   200001  FF                 	db	255
   796                           
   797                           ;Config register IDLOC2 @ 0x200002
   798                           ;	unspecified, using default values
   799   200002                     	org	2097154
   800   200002  FF                 	db	255
   801                           
   802                           ;Config register IDLOC3 @ 0x200003
   803                           ;	unspecified, using default values
   804   200003                     	org	2097155
   805   200003  FF                 	db	255
   806                           
   807                           ;Config register IDLOC4 @ 0x200004
   808                           ;	unspecified, using default values
   809   200004                     	org	2097156
   810   200004  FF                 	db	255
   811                           
   812                           ;Config register IDLOC5 @ 0x200005
   813                           ;	unspecified, using default values
   814   200005                     	org	2097157
   815   200005  FF                 	db	255
   816                           
   817                           ;Config register IDLOC6 @ 0x200006
   818                           ;	unspecified, using default values
   819   200006                     	org	2097158
   820   200006  FF                 	db	255
   821                           
   822                           ;Config register IDLOC7 @ 0x200007
   823                           ;	unspecified, using default values
   824   200007                     	org	2097159
   825   200007  FF                 	db	255
   826                           
   827                           	psect	config
   828                           
   829                           ; Padding undefined space
   830   300000                     	org	3145728
   831   300000  FF                 	db	255
   832                           
   833                           ;Config register CONFIG1H @ 0x300001
   834                           ;	Oscillator Selection bits
   835                           ;	FOSC = HS, HS oscillator
   836                           ;	Fail-Safe Clock Monitor Enable bit
   837                           ;	FCMEN = OFF, Fail-Safe Clock Monitor disabled
   838                           ;	Internal/External Oscillator Switchover bit
   839                           ;	IESO = OFF, Oscillator Switchover mode disabled
   840   300001                     	org	3145729
   841   300001  02                 	db	2
   842                           
   843                           ;Config register CONFIG2L @ 0x300002
   844                           ;	Power-up Timer Enable bit
   845                           ;	PWRT = OFF, PWRT disabled
   846                           ;	Brown-out Reset Enable bits
   847                           ;	BOREN = SBORDIS, Brown-out Reset enabled in hardware only (SBOREN is disabled)
   848                           ;	Brown Out Reset Voltage bits
   849                           ;	BORV = 18, VBOR set to 1.8 V nominal
   850   300002                     	org	3145730
   851   300002  1F                 	db	31
   852                           
   853                           ;Config register CONFIG2H @ 0x300003
   854                           ;	Watchdog Timer Enable bit
   855                           ;	WDTEN = OFF, WDT is controlled by SWDTEN bit of the WDTCON register
   856                           ;	Watchdog Timer Postscale Select bits
   857                           ;	WDTPS = 32768, 1:32768
   858   300003                     	org	3145731
   859   300003  1E                 	db	30
   860                           
   861                           ; Padding undefined space
   862   300004                     	org	3145732
   863   300004  FF                 	db	255
   864                           
   865                           ;Config register CONFIG3H @ 0x300005
   866                           ;	CCP2 MUX bit
   867                           ;	CCP2MX = PORTC, CCP2 input/output is multiplexed with RC1
   868                           ;	PORTB A/D Enable bit
   869                           ;	PBADEN = ON, PORTB<4:0> pins are configured as analog input channels on Reset
   870                           ;	Low-Power Timer1 Oscillator Enable bit
   871                           ;	LPT1OSC = OFF, Timer1 configured for higher power operation
   872                           ;	HFINTOSC Fast Start-up
   873                           ;	HFOFST = ON, HFINTOSC starts clocking the CPU without waiting for the oscillator to st
      +                          ablize.
   874                           ;	MCLR Pin Enable bit
   875                           ;	MCLRE = ON, MCLR pin enabled; RE3 input pin disabled
   876   300005                     	org	3145733
   877   300005  8B                 	db	139
   878                           
   879                           ;Config register CONFIG4L @ 0x300006
   880                           ;	Stack Full/Underflow Reset Enable bit
   881                           ;	STVREN = ON, Stack full/underflow will cause Reset
   882                           ;	Single-Supply ICSP Enable bit
   883                           ;	LVP = OFF, Single-Supply ICSP disabled
   884                           ;	Extended Instruction Set Enable bit
   885                           ;	XINST = OFF, Instruction set extension and Indexed Addressing mode disabled (Legacy mo
      +                          de)
   886                           ;	Background Debugger Enable bit
   887                           ;	DEBUG = OFF, Background debugger disabled, RB6 and RB7 configured as general purpose I
      +                          /O pins
   888   300006                     	org	3145734
   889   300006  81                 	db	129
   890                           
   891                           ; Padding undefined space
   892   300007                     	org	3145735
   893   300007  FF                 	db	255
   894                           
   895                           ;Config register CONFIG5L @ 0x300008
   896                           ;	Code Protection Block 0
   897                           ;	CP0 = OFF, Block 0 (000800-001FFFh) not code-protected
   898                           ;	Code Protection Block 1
   899                           ;	CP1 = OFF, Block 1 (002000-003FFFh) not code-protected
   900                           ;	Code Protection Block 2
   901                           ;	CP2 = OFF, Block 2 (004000-005FFFh) not code-protected
   902                           ;	Code Protection Block 3
   903                           ;	CP3 = OFF, Block 3 (006000-007FFFh) not code-protected
   904   300008                     	org	3145736
   905   300008  0F                 	db	15
   906                           
   907                           ;Config register CONFIG5H @ 0x300009
   908                           ;	Boot Block Code Protection bit
   909                           ;	CPB = OFF, Boot block (000000-0007FFh) not code-protected
   910                           ;	Data EEPROM Code Protection bit
   911                           ;	CPD = OFF, Data EEPROM not code-protected
   912   300009                     	org	3145737
   913   300009  C0                 	db	192
   914                           
   915                           ;Config register CONFIG6L @ 0x30000A
   916                           ;	Write Protection Block 0
   917                           ;	WRT0 = OFF, Block 0 (000800-001FFFh) not write-protected
   918                           ;	Write Protection Block 1
   919                           ;	WRT1 = OFF, Block 1 (002000-003FFFh) not write-protected
   920                           ;	Write Protection Block 2
   921                           ;	WRT2 = OFF, Block 2 (004000-005FFFh) not write-protected
   922                           ;	Write Protection Block 3
   923                           ;	WRT3 = OFF, Block 3 (006000-007FFFh) not write-protected
   924   30000A                     	org	3145738
   925   30000A  0F                 	db	15
   926                           
   927                           ;Config register CONFIG6H @ 0x30000B
   928                           ;	Configuration Register Write Protection bit
   929                           ;	WRTC = OFF, Configuration registers (300000-3000FFh) not write-protected
   930                           ;	Boot Block Write Protection bit
   931                           ;	WRTB = OFF, Boot Block (000000-0007FFh) not write-protected
   932                           ;	Data EEPROM Write Protection bit
   933                           ;	WRTD = OFF, Data EEPROM not write-protected
   934   30000B                     	org	3145739
   935   30000B  E0                 	db	224
   936                           
   937                           ;Config register CONFIG7L @ 0x30000C
   938                           ;	Table Read Protection Block 0
   939                           ;	EBTR0 = OFF, Block 0 (000800-001FFFh) not protected from table reads executed in other
      +                           blocks
   940                           ;	Table Read Protection Block 1
   941                           ;	EBTR1 = OFF, Block 1 (002000-003FFFh) not protected from table reads executed in other
      +                           blocks
   942                           ;	Table Read Protection Block 2
   943                           ;	EBTR2 = OFF, Block 2 (004000-005FFFh) not protected from table reads executed in other
      +                           blocks
   944                           ;	Table Read Protection Block 3
   945                           ;	EBTR3 = OFF, Block 3 (006000-007FFFh) not protected from table reads executed in other
      +                           blocks
   946   30000C                     	org	3145740
   947   30000C  0F                 	db	15
   948                           
   949                           ;Config register CONFIG7H @ 0x30000D
   950                           ;	Boot Block Table Read Protection bit
   951                           ;	EBTRB = OFF, Boot Block (000000-0007FFh) not protected from table reads executed in ot
      +                          her blocks
   952   30000D                     	org	3145741
   953   30000D  40                 	db	64
   954                           tosu	equ	0xFFF
   955                           tosh	equ	0xFFE
   956                           tosl	equ	0xFFD
   957                           stkptr	equ	0xFFC
   958                           pclatu	equ	0xFFB
   959                           pclath	equ	0xFFA
   960                           pcl	equ	0xFF9
   961                           tblptru	equ	0xFF8
   962                           tblptrh	equ	0xFF7
   963                           tblptrl	equ	0xFF6
   964                           tablat	equ	0xFF5
   965                           prodh	equ	0xFF4
   966                           prodl	equ	0xFF3
   967                           indf0	equ	0xFEF
   968                           postinc0	equ	0xFEE
   969                           postdec0	equ	0xFED
   970                           preinc0	equ	0xFEC
   971                           plusw0	equ	0xFEB
   972                           fsr0h	equ	0xFEA
   973                           fsr0l	equ	0xFE9
   974                           wreg	equ	0xFE8
   975                           indf1	equ	0xFE7
   976                           postinc1	equ	0xFE6
   977                           postdec1	equ	0xFE5
   978                           preinc1	equ	0xFE4
   979                           plusw1	equ	0xFE3
   980                           fsr1h	equ	0xFE2
   981                           fsr1l	equ	0xFE1
   982                           bsr	equ	0xFE0
   983                           indf2	equ	0xFDF
   984                           postinc2	equ	0xFDE
   985                           postdec2	equ	0xFDD
   986                           preinc2	equ	0xFDC
   987                           plusw2	equ	0xFDB
   988                           fsr2h	equ	0xFDA
   989                           fsr2l	equ	0xFD9
   990                           status	equ	0xFD8

Data Sizes:
    Strings     0
    Constant    0
    Data        0
    BSS         3
    Persistent  0
    Stack       0

Auto Spaces:
    Space          Size  Autos    Used
    COMRAM           95     10      13
    BANK0           160      0       0
    BANK1           256      0       0
    BANK2           256      0       0
    BANK3           256      0       0
    BANK4           256      0       0
    BANK5           256      0       0

Pointer List with Targets:

    None.

Critical Paths under _main in COMRAM

    _main->___awdiv

Critical Paths under _main in BANK0

    None.

Critical Paths under _main in BANK1

    None.

Critical Paths under _main in BANK2

    None.

Critical Paths under _main in BANK3

    None.

Critical Paths under _main in BANK4

    None.

Critical Paths under _main in BANK5

    None.

Call Graph Tables:

 ---------------------------------------------------------------------------------
 (Depth) Function   	        Calls       Base Space   Used Autos Params    Refs
 ---------------------------------------------------------------------------------
 (0) _main                                                 2     2      0     900
                                              8 COMRAM     2     2      0
                  _SYSTEM_Initialize
                            ___awdiv
                            ___awmod
 ---------------------------------------------------------------------------------
 (1) ___awmod                                              6     2      4     448
                                              0 COMRAM     6     2      4
 ---------------------------------------------------------------------------------
 (1) ___awdiv                                              8     4      4     452
                                              0 COMRAM     8     4      4
 ---------------------------------------------------------------------------------
 (1) _SYSTEM_Initialize                                    0     0      0       0
              _OSCILLATOR_Initialize
             _PIN_MANAGER_Initialize
 ---------------------------------------------------------------------------------
 (2) _PIN_MANAGER_Initialize                               0     0      0       0
 ---------------------------------------------------------------------------------
 (2) _OSCILLATOR_Initialize                                0     0      0       0
 ---------------------------------------------------------------------------------
 Estimated maximum stack depth 2
 ---------------------------------------------------------------------------------

 Call Graph Graphs:

 _main (ROOT)
   _SYSTEM_Initialize
     _OSCILLATOR_Initialize
     _PIN_MANAGER_Initialize
   ___awdiv
   ___awmod

 Address spaces:
Name               Size   Autos  Total    Cost      Usage
BIGRAM             5FF      0       0      26        0.0%
EEDATA             100      0       0       0        0.0%
BITBANK5           100      0       0      14        0.0%
BANK5              100      0       0      15        0.0%
BITBANK4           100      0       0      12        0.0%
BANK4              100      0       0      13        0.0%
BITBANK3           100      0       0      10        0.0%
BANK3              100      0       0      11        0.0%
BITBANK2           100      0       0       8        0.0%
BANK2              100      0       0       9        0.0%
BITBANK1           100      0       0       6        0.0%
BANK1              100      0       0       7        0.0%
BITBANK0            A0      0       0       4        0.0%
BANK0               A0      0       0       5        0.0%
BITCOMRAM           5F      0       0       0        0.0%
COMRAM              5F      A       D       1       13.7%
BITBIGSFRlh         37      0       0      18        0.0%
BITBIGSFRhl         1D      0       0      17        0.0%
BITBIGSFRllllll     1C      0       0      24        0.0%
BITBIGSFRhh          D      0       0      16        0.0%
BITBIGSFRllllhh      5      0       0      21        0.0%
BITBIGSFRllhh        4      0       0      19        0.0%
BITBIGSFRllhll       4      0       0      20        0.0%
BITBIGSFRllllhl      3      0       0      22        0.0%
BITBIGSFRlllllh      1      0       0      23        0.0%
BIGSFR               0      0       0     200        0.0%
BITSFR               0      0       0     200        0.0%
SFR                  0      0       0     200        0.0%
STACK                0      0       0       2        0.0%
NULL                 0      0       0       0        0.0%
ABS                  0      0       D      25        0.0%
DATA                 0      0       D       3        0.0%
CODE                 0      0       0       0        0.0%


Microchip Technology PIC18 Macro Assembler V2.41 build 20230208172133 
Symbol Table                                                                                   Sat Jul 08 22:18:32 2023

                            l11 7D5A                              l14 7D50                              l47 7D98  
                            l72 7F52                              l73 7F3E                              l78 7F7A  
                  ___awdiv@sign 0006                             l320 7F0C                             l333 7E48  
                           l840 7D8C                             l842 7D96                             l834 7D68  
                           l844 7D48                             l836 7D88                             l838 7D8A  
                           l846 7D52                             l960 7E4A                             l970 7E76  
                           l962 7E4E                             l980 7EA4                             l972 7E7E  
                           l964 7E5C                             l990 7EDE                             l982 7EAC  
                           l974 7E82                             l966 7E64                             l992 7EE0  
                           l984 7EBA                             l976 7E8A                             l968 7E68  
                           l994 7EE6                             l986 7EC0                             l978 7E9C  
                           l988 7ED6                             l996 7EEC                             l998 7EFC  
                           u200 7E76                             u201 7E72                             u210 7E9C  
                           u211 7E98                             u220 7EBA                             u300 7E38  
                           u221 7EB6                             u301 7E34                             u230 7ED6  
                           u310 7F24                             u231 7ED2                             u311 7F20  
                           u240 7EFC                             u320 7F4C                             u241 7EF8  
                           u321 7F48                             u250 7DAC                             u330 7F60  
                           u251 7DA8                             u331 7F5C                             u260 7DC6  
                           u340 7F88                             u261 7DC2                             u341 7F84  
                           u190 7E5C                             u270 7DE0                             u350 7F9A  
                           u191 7E58                             u271 7DDC                             u351 7F96  
                           u280 7DFE                             u360 7FAA                             u281 7DFA  
                           u361 7FA6                             u290 7E14                             u291 7E10  
                           u377 7F2E                             u387 7F6A                             u397 7FEC  
                  ___awmod@sign 0006                             wreg 0FE8                            l1000 7F04  
                          l1010 7DB4                            l1020 7DE8                            l1012 7DB8  
                          l1004 7D9A                            l1030 7E22                            l1022 7DF0  
                          l1014 7DC6                            l1006 7D9E                            l1024 7DFE  
                          l1032 7E28                            l1016 7DCE                            l1008 7DAC  
                          l1040 7F0E                            l1034 7E38                            l1026 7E14  
                          l1018 7DE0                            l1050 7F4C                            l1042 7F12  
                          l1036 7E40                            l1028 7E1C                            l1060 7FAA  
                          l1052 7F60                            l1044 7F14                            l1062 7FAE  
                          l1054 7F88                            l1046 7F16                            l1064 7FC4  
                          l1056 7F8A                            l1048 7F24                            l1066 7FDC  
                          l1058 7F9A                            l1068 7FE2                            _LATA 0F89  
                          _LATB 0F8A                            _LATC 0F8B                            _LATD 0F8C  
                          _LATE 0F8D                            _WPUB 0F7C                            _main 7F0E  
                          start 0000                    ___param_bank 0000   __end_of_OSCILLATOR_Initialize 7D52  
                         ?_main 0001                 __end_of___awdiv 7F0E                 __end_of___awmod 7E4A  
                         _ANSEL 0F7E                 ___awdiv@divisor 0003                 ___awdiv@counter 0005  
                         _TRISA 0F92                           _TRISB 0F93                           _TRISC 0F94  
                         _TRISD 0F95                           _TRISE 0F96                           status 0FD8  
               __initialization 7D5C                    __end_of_main 8000                          ??_main 0009  
                 __activetblptr 0000                ___awdiv@dividend 0001                          _ANSELH 0F7F  
                        _OSCCON 0FD3                       ??___awdiv 0005                       ??___awmod 0005  
              ___awdiv@quotient 0007                 ___awmod@divisor 0003                          isa$std 0001  
               ___awmod@counter 0005                     _First_Digit 000D               _SYSTEM_Initialize 7D52  
                    __accesstop 0060         __end_of__initialization 7D62              ?_SYSTEM_Initialize 0001  
                 ___rparam_used 0001                  __pcstackCOMRAM 0001             ??_SYSTEM_Initialize 0001  
     __end_of_SYSTEM_Initialize 7D5C                         _OSCTUNE 0F9B                         _Counter 000B  
                       __Hparam 0000                         __Lparam 0000                         ___awdiv 7E4A  
                       ___awmod 7D9A                         __pcinit 7D5C                         __ramtop 0600  
                       __ptext0 7F0E                         __ptext1 7D9A                         __ptext2 7E4A  
                       __ptext3 7D52                         __ptext4 7D68                         __ptext5 7D48  
         _OSCILLATOR_Initialize 7D48                ___awmod@dividend 0001        ??_PIN_MANAGER_Initialize 0001  
          end_of_initialization 7D62                       _PORTDbits 0F83          ?_OSCILLATOR_Initialize 0001  
           start_initialization 7D5C                     __pbssCOMRAM 000B          _PIN_MANAGER_Initialize 7D68  
                      ?___awdiv 0001                        ?___awmod 0001                    _Second_Digit 000C  
                      _LATAbits 0F89                     _INTCON2bits 0FF1                        __Hrparam 0000  
                      __Lrparam 0000         ??_OSCILLATOR_Initialize 0001                        isa$xinst 0000  
                    _INTCONbits 0FF2         ?_PIN_MANAGER_Initialize 0001  __end_of_PIN_MANAGER_Initialize 7D9A  
