

Microchip MPLAB XC8 Assembler V2.36 build 20220127204148 
                                                                                               Thu Dec 22 11:31:53 2022

Microchip MPLAB XC8 C Compiler v2.36 (Free license) build 20220127204148 Og1 
     1                           	processor	18F45K20
     2                           	fnconf	rparam,??,?,0
     3                           	pagewidth 120
     4                           	opt	flic
     5                           	psect	cinit,global,reloc=2,class=CODE,delta=1
     6                           	psect	cstackCOMRAM,global,class=COMRAM,space=1,delta=1,lowdata,noexec
     7                           	psect	text0,global,reloc=2,class=CODE,delta=1
     8                           	psect	text1,global,reloc=2,class=CODE,delta=1
     9                           	psect	text2,global,reloc=2,class=CODE,delta=1
    10                           	psect	text3,global,reloc=2,class=CODE,delta=1
    11                           	psect	text4,global,reloc=2,class=CODE,delta=1
    12                           	psect	text5,global,reloc=2,class=CODE,delta=1
    13                           	psect	text6,global,reloc=2,class=CODE,delta=1
    14                           	psect	intsave_regs,global,class=BIGRAM,space=1,delta=1,noexec
    15                           	psect	rparam,global,class=COMRAM,space=1,delta=1,noexec
    16                           	psect	idloc,global,abs,ovrld,class=IDLOC,space=5,delta=1,noexec
    17                           	psect	config,global,abs,ovrld,class=CONFIG,space=4,delta=1,noexec
    18  0000                     
    19                           ; Version 2.36
    20                           ; Generated 28/01/2022 GMT
    21                           ; 
    22                           ; Copyright © 2022, Microchip Technology Inc. and its subsidiaries ("Microchip")
    23                           ; All rights reserved.
    24                           ; 
    25                           ; This software is developed by Microchip Technology Inc. and its subsidiaries ("Microch
      +                          ip").
    26                           ; 
    27                           ; Redistribution and use in source and binary forms, with or without modification, are
    28                           ; permitted provided that the following conditions are met:
    29                           ; 
    30                           ;     1. Redistributions of source code must retain the above copyright notice, this lis
      +                          t of
    31                           ;        conditions and the following disclaimer.
    32                           ; 
    33                           ;     2. Redistributions in binary form must reproduce the above copyright notice, this 
      +                          list
    34                           ;        of conditions and the following disclaimer in the documentation and/or other
    35                           ;        materials provided with the distribution. Publication is not required when
    36                           ;        this file is used in an embedded application.
    37                           ; 
    38                           ;     3. Microchip's name may not be used to endorse or promote products derived from th
      +                          is
    39                           ;        software without specific prior written permission.
    40                           ; 
    41                           ; THIS SOFTWARE IS PROVIDED BY MICROCHIP "AS IS" AND ANY EXPRESS OR IMPLIED WARRANTIES,
    42                           ; INCLUDING, BUT NOT LIMITED TO, THE IMPLIED WARRANTIES OF MERCHANTABILITY AND FITNESS F
      +                          OR
    43                           ; PURPOSE ARE DISCLAIMED.  IN NO EVENT SHALL MICROCHIP BE LIABLE FOR ANY DIRECT, INDIREC
      +                          T,
    44                           ; INCIDENTAL, SPECIAL, EXEMPLARY, OR CONSEQUENTIAL DAMAGES (INCLUDING BUT NOT LIMITED TO
    45                           ; PROCUREMENT OF SUBSTITUTE GOODS OR SERVICES; LOSS OF USE, DATA OR PROFITS; OR BUSINESS
    46                           ; INTERRUPTION) HOWSOEVER CAUSED AND ON ANY THEORY OF LIABILITY, WHETHER IN CONTRACT, ST
      +                          RICT
    47                           ; LIABILITY, OR TORT (INCLUDING NEGLIGENCE OR OTHERWISE) ARISING IN ANY WAY OUT OF THE U
      +                          SE OF
    48                           ; THIS SOFTWARE, EVEN IF ADVISED OF THE POSSIBILITY OF SUCH DAMAGE.
    49                           ; 
    50                           ; 
    51                           ; Code-generator required, PIC18F45K20 Definitions
    52                           ; 
    53                           ; SFR Addresses
    54  0000                     _TRISD	set	3989
    55  0000                     _TRISC	set	3988
    56  0000                     _TRISB	set	3987
    57  0000                     _LATC	set	3979
    58  0000                     _LATB	set	3978
    59  0000                     _CCPR1L	set	4030
    60  0000                     _CCPR1H	set	4031
    61  0000                     _T2CONbits	set	4042
    62  0000                     _WPUB	set	3964
    63  0000                     _ANSEL	set	3966
    64  0000                     _LATA	set	3977
    65  0000                     _LATD	set	3980
    66  0000                     _LATE	set	3981
    67  0000                     _OSCTUNE	set	3995
    68  0000                     _PIR1bits	set	3998
    69  0000                     _PR2	set	4043
    70  0000                     _OSCCON	set	4051
    71  0000                     _TMR2	set	4044
    72  0000                     _ECCP1AS	set	4022
    73  0000                     _CCP1CON	set	4029
    74  0000                     _T2CON	set	4042
    75  0000                     _PSTRCON	set	4025
    76  0000                     _PWM1CON	set	4023
    77  0000                     _INTCON2bits	set	4081
    78  0000                     _TRISA	set	3986
    79  0000                     _TRISE	set	3990
    80  0000                     _ANSELH	set	3967
    81  0000                     _INTCONbits	set	4082
    82                           
    83                           ; #config settings
    84                           
    85                           	psect	cinit
    86  007EF2                     __pcinit:
    87                           	callstack 0
    88  007EF2                     start_initialization:
    89                           	callstack 0
    90  007EF2                     __initialization:
    91                           	callstack 0
    92  007EF2                     end_of_initialization:
    93                           	callstack 0
    94  007EF2                     __end_of__initialization:
    95                           	callstack 0
    96  007EF2  0100               	movlb	0
    97  007EF4  EFD0  F03F         	goto	_main	;jump to C main() function
    98                           
    99                           	psect	cstackCOMRAM
   100  000001                     __pcstackCOMRAM:
   101                           	callstack 0
   102  000001                     EPWM1_LoadDutyValue@dutyValue:
   103                           	callstack 0
   104                           
   105                           ; 2 bytes @ 0x0
   106  000001                     	ds	2
   107  000003                     ??_EPWM1_LoadDutyValue:
   108                           
   109                           ; 1 bytes @ 0x2
   110  000003                     	ds	2
   111  000005                     ??_main:
   112                           
   113                           ; 1 bytes @ 0x4
   114  000005                     	ds	1
   115                           
   116 ;;
   117 ;;Main: autosize = 0, tempsize = 1, incstack = 0, save=0
   118 ;;
   119 ;; *************** function _main *****************
   120 ;; Defined at:
   121 ;;		line 13 in file "main.c"
   122 ;; Parameters:    Size  Location     Type
   123 ;;		None
   124 ;; Auto vars:     Size  Location     Type
   125 ;;		None
   126 ;; Return value:  Size  Location     Type
   127 ;;                  1    wreg      void 
   128 ;; Registers used:
   129 ;;		wreg, status,2, status,0, cstack
   130 ;; Tracked objects:
   131 ;;		On entry : 0/0
   132 ;;		On exit  : 0/0
   133 ;;		Unchanged: 0/0
   134 ;; Data sizes:     COMRAM   BANK0   BANK1   BANK2   BANK3   BANK4   BANK5
   135 ;;      Params:         0       0       0       0       0       0       0
   136 ;;      Locals:         0       0       0       0       0       0       0
   137 ;;      Temps:          1       0       0       0       0       0       0
   138 ;;      Totals:         1       0       0       0       0       0       0
   139 ;;Total ram usage:        1 bytes
   140 ;; Hardware stack levels required when called: 2
   141 ;; This function calls:
   142 ;;		_EPWM1_LoadDutyValue
   143 ;;		_SYSTEM_Initialize
   144 ;; This function is called by:
   145 ;;		Startup code after reset
   146 ;; This function uses a non-reentrant model
   147 ;;
   148                           
   149                           	psect	text0
   150  007FA0                     __ptext0:
   151                           	callstack 0
   152  007FA0                     _main:
   153                           	callstack 29
   154  007FA0                     
   155                           ;main.c: 16:     SYSTEM_Initialize();
   156  007FA0  EC89  F03F         	call	_SYSTEM_Initialize	;wreg free
   157  007FA4                     l850:
   158                           
   159                           ;main.c: 19:     {;main.c: 20:         EPWM1_LoadDutyValue(31);
   160  007FA4  0E00               	movlw	0
   161  007FA6  6E02               	movwf	(EPWM1_LoadDutyValue@dutyValue+1)^0,c
   162  007FA8  0E1F               	movlw	31
   163  007FAA  6E01               	movwf	EPWM1_LoadDutyValue@dutyValue^0,c
   164  007FAC  EC9F  F03F         	call	_EPWM1_LoadDutyValue	;wreg free
   165  007FB0                     
   166                           ;main.c: 21:         _delay((unsigned long)((1000)*(500000/4000.0)));
   167  007FB0  0EA3               	movlw	163
   168  007FB2  6E05               	movwf	??_main^0,c
   169  007FB4  0E55               	movlw	85
   170  007FB6                     u37:
   171  007FB6  2EE8               	decfsz	wreg,f,c
   172  007FB8  D7FE               	bra	u37
   173  007FBA  2E05               	decfsz	??_main^0,f,c
   174  007FBC  D7FC               	bra	u37
   175  007FBE  F000               	nop	
   176  007FC0                     
   177                           ;main.c: 22:         EPWM1_LoadDutyValue(47);
   178  007FC0  0E00               	movlw	0
   179  007FC2  6E02               	movwf	(EPWM1_LoadDutyValue@dutyValue+1)^0,c
   180  007FC4  0E2F               	movlw	47
   181  007FC6  6E01               	movwf	EPWM1_LoadDutyValue@dutyValue^0,c
   182  007FC8  EC9F  F03F         	call	_EPWM1_LoadDutyValue	;wreg free
   183  007FCC                     
   184                           ;main.c: 23:         _delay((unsigned long)((1000)*(500000/4000.0)));
   185  007FCC  0EA3               	movlw	163
   186  007FCE  6E05               	movwf	??_main^0,c
   187  007FD0  0E55               	movlw	85
   188  007FD2                     u47:
   189  007FD2  2EE8               	decfsz	wreg,f,c
   190  007FD4  D7FE               	bra	u47
   191  007FD6  2E05               	decfsz	??_main^0,f,c
   192  007FD8  D7FC               	bra	u47
   193  007FDA  F000               	nop	
   194  007FDC                     
   195                           ;main.c: 24:         EPWM1_LoadDutyValue(63);
   196  007FDC  0E00               	movlw	0
   197  007FDE  6E02               	movwf	(EPWM1_LoadDutyValue@dutyValue+1)^0,c
   198  007FE0  0E3F               	movlw	63
   199  007FE2  6E01               	movwf	EPWM1_LoadDutyValue@dutyValue^0,c
   200  007FE4  EC9F  F03F         	call	_EPWM1_LoadDutyValue	;wreg free
   201  007FE8                     
   202                           ;main.c: 25:         _delay((unsigned long)((1000)*(500000/4000.0)));
   203  007FE8  0EA3               	movlw	163
   204  007FEA  6E05               	movwf	??_main^0,c
   205  007FEC  0E55               	movlw	85
   206  007FEE                     u57:
   207  007FEE  2EE8               	decfsz	wreg,f,c
   208  007FF0  D7FE               	bra	u57
   209  007FF2  2E05               	decfsz	??_main^0,f,c
   210  007FF4  D7FC               	bra	u57
   211  007FF6  F000               	nop	
   212  007FF8  EFD2  F03F         	goto	l850
   213  007FFC  EF00  F000         	goto	start
   214  008000                     __end_of_main:
   215                           	callstack 0
   216                           
   217 ;; *************** function _SYSTEM_Initialize *****************
   218 ;; Defined at:
   219 ;;		line 50 in file "mcc_generated_files/mcc.c"
   220 ;; Parameters:    Size  Location     Type
   221 ;;		None
   222 ;; Auto vars:     Size  Location     Type
   223 ;;		None
   224 ;; Return value:  Size  Location     Type
   225 ;;                  1    wreg      void 
   226 ;; Registers used:
   227 ;;		wreg, status,2, cstack
   228 ;; Tracked objects:
   229 ;;		On entry : 0/0
   230 ;;		On exit  : 0/0
   231 ;;		Unchanged: 0/0
   232 ;; Data sizes:     COMRAM   BANK0   BANK1   BANK2   BANK3   BANK4   BANK5
   233 ;;      Params:         0       0       0       0       0       0       0
   234 ;;      Locals:         0       0       0       0       0       0       0
   235 ;;      Temps:          0       0       0       0       0       0       0
   236 ;;      Totals:         0       0       0       0       0       0       0
   237 ;;Total ram usage:        0 bytes
   238 ;; Hardware stack levels used: 1
   239 ;; Hardware stack levels required when called: 1
   240 ;; This function calls:
   241 ;;		_EPWM1_Initialize
   242 ;;		_OSCILLATOR_Initialize
   243 ;;		_PIN_MANAGER_Initialize
   244 ;;		_TMR2_Initialize
   245 ;; This function is called by:
   246 ;;		_main
   247 ;; This function uses a non-reentrant model
   248 ;;
   249                           
   250                           	psect	text1
   251  007F12                     __ptext1:
   252                           	callstack 0
   253  007F12                     _SYSTEM_Initialize:
   254                           	callstack 29
   255  007F12                     
   256                           ;mcc_generated_files/mcc.c: 53:     PIN_MANAGER_Initialize();
   257  007F12  ECB7  F03F         	call	_PIN_MANAGER_Initialize	;wreg free
   258                           
   259                           ;mcc_generated_files/mcc.c: 54:     OSCILLATOR_Initialize();
   260  007F16  EC7C  F03F         	call	_OSCILLATOR_Initialize	;wreg free
   261                           
   262                           ;mcc_generated_files/mcc.c: 55:     EPWM1_Initialize();
   263  007F1A  EC92  F03F         	call	_EPWM1_Initialize	;wreg free
   264                           
   265                           ;mcc_generated_files/mcc.c: 56:     TMR2_Initialize();
   266  007F1E  EC81  F03F         	call	_TMR2_Initialize	;wreg free
   267  007F22  0012               	return		;funcret
   268  007F24                     __end_of_SYSTEM_Initialize:
   269                           	callstack 0
   270                           
   271 ;; *************** function _TMR2_Initialize *****************
   272 ;; Defined at:
   273 ;;		line 62 in file "mcc_generated_files/tmr2.c"
   274 ;; Parameters:    Size  Location     Type
   275 ;;		None
   276 ;; Auto vars:     Size  Location     Type
   277 ;;		None
   278 ;; Return value:  Size  Location     Type
   279 ;;                  1    wreg      void 
   280 ;; Registers used:
   281 ;;		wreg, status,2
   282 ;; Tracked objects:
   283 ;;		On entry : 0/0
   284 ;;		On exit  : 0/0
   285 ;;		Unchanged: 0/0
   286 ;; Data sizes:     COMRAM   BANK0   BANK1   BANK2   BANK3   BANK4   BANK5
   287 ;;      Params:         0       0       0       0       0       0       0
   288 ;;      Locals:         0       0       0       0       0       0       0
   289 ;;      Temps:          0       0       0       0       0       0       0
   290 ;;      Totals:         0       0       0       0       0       0       0
   291 ;;Total ram usage:        0 bytes
   292 ;; Hardware stack levels used: 1
   293 ;; This function calls:
   294 ;;		Nothing
   295 ;; This function is called by:
   296 ;;		_SYSTEM_Initialize
   297 ;; This function uses a non-reentrant model
   298 ;;
   299                           
   300                           	psect	text2
   301  007F02                     __ptext2:
   302                           	callstack 0
   303  007F02                     _TMR2_Initialize:
   304                           	callstack 29
   305  007F02                     
   306                           ;mcc_generated_files/tmr2.c: 67:     PR2 = 0x9B;
   307  007F02  0E9B               	movlw	155
   308  007F04  6ECB               	movwf	203,c	;volatile
   309                           
   310                           ;mcc_generated_files/tmr2.c: 70:     TMR2 = 0x00;
   311  007F06  0E00               	movlw	0
   312  007F08  6ECC               	movwf	204,c	;volatile
   313  007F0A                     
   314                           ;mcc_generated_files/tmr2.c: 73:     PIR1bits.TMR2IF = 0;
   315  007F0A  929E               	bcf	158,1,c	;volatile
   316                           
   317                           ;mcc_generated_files/tmr2.c: 76:     T2CON = 0x06;
   318  007F0C  0E06               	movlw	6
   319  007F0E  6ECA               	movwf	202,c	;volatile
   320  007F10  0012               	return		;funcret
   321  007F12                     __end_of_TMR2_Initialize:
   322                           	callstack 0
   323                           
   324 ;; *************** function _PIN_MANAGER_Initialize *****************
   325 ;; Defined at:
   326 ;;		line 55 in file "mcc_generated_files/pin_manager.c"
   327 ;; Parameters:    Size  Location     Type
   328 ;;		None
   329 ;; Auto vars:     Size  Location     Type
   330 ;;		None
   331 ;; Return value:  Size  Location     Type
   332 ;;                  1    wreg      void 
   333 ;; Registers used:
   334 ;;		wreg, status,2
   335 ;; Tracked objects:
   336 ;;		On entry : 0/0
   337 ;;		On exit  : 0/0
   338 ;;		Unchanged: 0/0
   339 ;; Data sizes:     COMRAM   BANK0   BANK1   BANK2   BANK3   BANK4   BANK5
   340 ;;      Params:         0       0       0       0       0       0       0
   341 ;;      Locals:         0       0       0       0       0       0       0
   342 ;;      Temps:          0       0       0       0       0       0       0
   343 ;;      Totals:         0       0       0       0       0       0       0
   344 ;;Total ram usage:        0 bytes
   345 ;; Hardware stack levels used: 1
   346 ;; This function calls:
   347 ;;		Nothing
   348 ;; This function is called by:
   349 ;;		_SYSTEM_Initialize
   350 ;; This function uses a non-reentrant model
   351 ;;
   352                           
   353                           	psect	text3
   354  007F6E                     __ptext3:
   355                           	callstack 0
   356  007F6E                     _PIN_MANAGER_Initialize:
   357                           	callstack 29
   358  007F6E                     
   359                           ;mcc_generated_files/pin_manager.c: 60:     LATE = 0x00;
   360  007F6E  0E00               	movlw	0
   361  007F70  6E8D               	movwf	141,c	;volatile
   362                           
   363                           ;mcc_generated_files/pin_manager.c: 61:     LATD = 0x00;
   364  007F72  0E00               	movlw	0
   365  007F74  6E8C               	movwf	140,c	;volatile
   366                           
   367                           ;mcc_generated_files/pin_manager.c: 62:     LATA = 0x00;
   368  007F76  0E00               	movlw	0
   369  007F78  6E89               	movwf	137,c	;volatile
   370                           
   371                           ;mcc_generated_files/pin_manager.c: 63:     LATB = 0x00;
   372  007F7A  0E00               	movlw	0
   373  007F7C  6E8A               	movwf	138,c	;volatile
   374                           
   375                           ;mcc_generated_files/pin_manager.c: 64:     LATC = 0x00;
   376  007F7E  0E00               	movlw	0
   377  007F80  6E8B               	movwf	139,c	;volatile
   378                           
   379                           ;mcc_generated_files/pin_manager.c: 69:     TRISE = 0x07;
   380  007F82  0E07               	movlw	7
   381  007F84  6E96               	movwf	150,c	;volatile
   382  007F86                     
   383                           ;mcc_generated_files/pin_manager.c: 70:     TRISA = 0xFF;
   384  007F86  6892               	setf	146,c	;volatile
   385                           
   386                           ;mcc_generated_files/pin_manager.c: 71:     TRISB = 0xFE;
   387  007F88  0EFE               	movlw	254
   388  007F8A  6E93               	movwf	147,c	;volatile
   389                           
   390                           ;mcc_generated_files/pin_manager.c: 72:     TRISC = 0xFB;
   391  007F8C  0EFB               	movlw	251
   392  007F8E  6E94               	movwf	148,c	;volatile
   393  007F90                     
   394                           ;mcc_generated_files/pin_manager.c: 73:     TRISD = 0xFF;
   395  007F90  6895               	setf	149,c	;volatile
   396  007F92                     
   397                           ;mcc_generated_files/pin_manager.c: 78:     ANSEL = 0xFF;
   398  007F92  687E               	setf	126,c	;volatile
   399                           
   400                           ;mcc_generated_files/pin_manager.c: 79:     ANSELH = 0x1F;
   401  007F94  0E1F               	movlw	31
   402  007F96  6E7F               	movwf	127,c	;volatile
   403                           
   404                           ;mcc_generated_files/pin_manager.c: 84:     WPUB = 0x00;
   405  007F98  0E00               	movlw	0
   406  007F9A  6E7C               	movwf	124,c	;volatile
   407  007F9C                     
   408                           ;mcc_generated_files/pin_manager.c: 85:     INTCON2bits.nRBPU = 1;
   409  007F9C  8EF1               	bsf	241,7,c	;volatile
   410  007F9E  0012               	return		;funcret
   411  007FA0                     __end_of_PIN_MANAGER_Initialize:
   412                           	callstack 0
   413                           
   414 ;; *************** function _OSCILLATOR_Initialize *****************
   415 ;; Defined at:
   416 ;;		line 59 in file "mcc_generated_files/mcc.c"
   417 ;; Parameters:    Size  Location     Type
   418 ;;		None
   419 ;; Auto vars:     Size  Location     Type
   420 ;;		None
   421 ;; Return value:  Size  Location     Type
   422 ;;                  1    wreg      void 
   423 ;; Registers used:
   424 ;;		wreg, status,2
   425 ;; Tracked objects:
   426 ;;		On entry : 0/0
   427 ;;		On exit  : 0/0
   428 ;;		Unchanged: 0/0
   429 ;; Data sizes:     COMRAM   BANK0   BANK1   BANK2   BANK3   BANK4   BANK5
   430 ;;      Params:         0       0       0       0       0       0       0
   431 ;;      Locals:         0       0       0       0       0       0       0
   432 ;;      Temps:          0       0       0       0       0       0       0
   433 ;;      Totals:         0       0       0       0       0       0       0
   434 ;;Total ram usage:        0 bytes
   435 ;; Hardware stack levels used: 1
   436 ;; This function calls:
   437 ;;		Nothing
   438 ;; This function is called by:
   439 ;;		_SYSTEM_Initialize
   440 ;; This function uses a non-reentrant model
   441 ;;
   442                           
   443                           	psect	text4
   444  007EF8                     __ptext4:
   445                           	callstack 0
   446  007EF8                     _OSCILLATOR_Initialize:
   447                           	callstack 29
   448  007EF8                     
   449                           ;mcc_generated_files/mcc.c: 62:     OSCCON = 0x22;
   450  007EF8  0E22               	movlw	34
   451  007EFA  6ED3               	movwf	211,c	;volatile
   452                           
   453                           ;mcc_generated_files/mcc.c: 64:     OSCTUNE = 0x00;
   454  007EFC  0E00               	movlw	0
   455  007EFE  6E9B               	movwf	155,c	;volatile
   456  007F00  0012               	return		;funcret
   457  007F02                     __end_of_OSCILLATOR_Initialize:
   458                           	callstack 0
   459                           
   460 ;; *************** function _EPWM1_Initialize *****************
   461 ;; Defined at:
   462 ;;		line 64 in file "mcc_generated_files/epwm1.c"
   463 ;; Parameters:    Size  Location     Type
   464 ;;		None
   465 ;; Auto vars:     Size  Location     Type
   466 ;;		None
   467 ;; Return value:  Size  Location     Type
   468 ;;                  1    wreg      void 
   469 ;; Registers used:
   470 ;;		wreg, status,2
   471 ;; Tracked objects:
   472 ;;		On entry : 0/0
   473 ;;		On exit  : 0/0
   474 ;;		Unchanged: 0/0
   475 ;; Data sizes:     COMRAM   BANK0   BANK1   BANK2   BANK3   BANK4   BANK5
   476 ;;      Params:         0       0       0       0       0       0       0
   477 ;;      Locals:         0       0       0       0       0       0       0
   478 ;;      Temps:          0       0       0       0       0       0       0
   479 ;;      Totals:         0       0       0       0       0       0       0
   480 ;;Total ram usage:        0 bytes
   481 ;; Hardware stack levels used: 1
   482 ;; This function calls:
   483 ;;		Nothing
   484 ;; This function is called by:
   485 ;;		_SYSTEM_Initialize
   486 ;; This function uses a non-reentrant model
   487 ;;
   488                           
   489                           	psect	text5
   490  007F24                     __ptext5:
   491                           	callstack 0
   492  007F24                     _EPWM1_Initialize:
   493                           	callstack 29
   494  007F24                     
   495                           ;mcc_generated_files/epwm1.c: 69:  CCP1CON = 0x3C;
   496  007F24  0E3C               	movlw	60
   497  007F26  6EBD               	movwf	189,c	;volatile
   498                           
   499                           ;mcc_generated_files/epwm1.c: 72:  ECCP1AS = 0x00;
   500  007F28  0E00               	movlw	0
   501  007F2A  6EB6               	movwf	182,c	;volatile
   502                           
   503                           ;mcc_generated_files/epwm1.c: 75:  PWM1CON = 0x80;
   504  007F2C  0E80               	movlw	128
   505  007F2E  6EB7               	movwf	183,c	;volatile
   506                           
   507                           ;mcc_generated_files/epwm1.c: 78:  PSTRCON = 0x01;
   508  007F30  0E01               	movlw	1
   509  007F32  6EB9               	movwf	185,c	;volatile
   510                           
   511                           ;mcc_generated_files/epwm1.c: 81:  CCPR1H = 0x00;
   512  007F34  0E00               	movlw	0
   513  007F36  6EBF               	movwf	191,c	;volatile
   514                           
   515                           ;mcc_generated_files/epwm1.c: 84:  CCPR1L = 0x4D;
   516  007F38  0E4D               	movlw	77
   517  007F3A  6EBE               	movwf	190,c	;volatile
   518  007F3C  0012               	return		;funcret
   519  007F3E                     __end_of_EPWM1_Initialize:
   520                           	callstack 0
   521                           
   522 ;; *************** function _EPWM1_LoadDutyValue *****************
   523 ;; Defined at:
   524 ;;		line 88 in file "mcc_generated_files/epwm1.c"
   525 ;; Parameters:    Size  Location     Type
   526 ;;  dutyValue       2    0[COMRAM] unsigned short 
   527 ;; Auto vars:     Size  Location     Type
   528 ;;		None
   529 ;; Return value:  Size  Location     Type
   530 ;;                  1    wreg      void 
   531 ;; Registers used:
   532 ;;		wreg, status,2, status,0
   533 ;; Tracked objects:
   534 ;;		On entry : 0/0
   535 ;;		On exit  : 0/0
   536 ;;		Unchanged: 0/0
   537 ;; Data sizes:     COMRAM   BANK0   BANK1   BANK2   BANK3   BANK4   BANK5
   538 ;;      Params:         2       0       0       0       0       0       0
   539 ;;      Locals:         0       0       0       0       0       0       0
   540 ;;      Temps:          2       0       0       0       0       0       0
   541 ;;      Totals:         4       0       0       0       0       0       0
   542 ;;Total ram usage:        4 bytes
   543 ;; Hardware stack levels used: 1
   544 ;; This function calls:
   545 ;;		Nothing
   546 ;; This function is called by:
   547 ;;		_main
   548 ;; This function uses a non-reentrant model
   549 ;;
   550                           
   551                           	psect	text6
   552  007F3E                     __ptext6:
   553                           	callstack 0
   554  007F3E                     _EPWM1_LoadDutyValue:
   555                           	callstack 30
   556  007F3E                     
   557                           ;mcc_generated_files/epwm1.c: 88: void EPWM1_LoadDutyValue(uint16_t dutyValue);mcc_gener
      +                          ated_files/epwm1.c: 89: {;mcc_generated_files/epwm1.c: 91:     CCPR1L = ((dutyValue & 0x
      +                          03FC)>>2);
   558  007F3E  C001  F003         	movff	EPWM1_LoadDutyValue@dutyValue,??_EPWM1_LoadDutyValue
   559  007F42  C002  F004         	movff	EPWM1_LoadDutyValue@dutyValue+1,??_EPWM1_LoadDutyValue+1
   560  007F46  90D8               	bcf	status,0,c
   561  007F48  3204               	rrcf	(??_EPWM1_LoadDutyValue+1)^0,f,c
   562  007F4A  3203               	rrcf	??_EPWM1_LoadDutyValue^0,f,c
   563  007F4C  90D8               	bcf	status,0,c
   564  007F4E  3204               	rrcf	(??_EPWM1_LoadDutyValue+1)^0,f,c
   565  007F50  3203               	rrcf	??_EPWM1_LoadDutyValue^0,f,c
   566  007F52  5003               	movf	??_EPWM1_LoadDutyValue^0,w,c
   567  007F54  6EBE               	movwf	190,c	;volatile
   568                           
   569                           ;mcc_generated_files/epwm1.c: 94:     CCP1CON = ((uint8_t)(CCP1CON & 0xCF) | ((dutyValue
      +                           & 0x0003)<<4));
   570  007F56  C001  F003         	movff	EPWM1_LoadDutyValue@dutyValue,??_EPWM1_LoadDutyValue
   571  007F5A  0E03               	movlw	3
   572  007F5C  1603               	andwf	??_EPWM1_LoadDutyValue^0,f,c
   573  007F5E  3A03               	swapf	??_EPWM1_LoadDutyValue^0,f,c
   574  007F60  0EF0               	movlw	240
   575  007F62  1603               	andwf	??_EPWM1_LoadDutyValue^0,f,c
   576  007F64  50BD               	movf	189,w,c	;volatile
   577  007F66  0BCF               	andlw	207
   578  007F68  1003               	iorwf	??_EPWM1_LoadDutyValue^0,w,c
   579  007F6A  6EBD               	movwf	189,c	;volatile
   580  007F6C  0012               	return		;funcret
   581  007F6E                     __end_of_EPWM1_LoadDutyValue:
   582                           	callstack 0
   583  0000                     
   584                           	psect	rparam
   585  0000                     
   586                           	psect	idloc
   587                           
   588                           ;Config register IDLOC0 @ 0x200000
   589                           ;	unspecified, using default values
   590  200000                     	org	2097152
   591  200000  FF                 	db	255
   592                           
   593                           ;Config register IDLOC1 @ 0x200001
   594                           ;	unspecified, using default values
   595  200001                     	org	2097153
   596  200001  FF                 	db	255
   597                           
   598                           ;Config register IDLOC2 @ 0x200002
   599                           ;	unspecified, using default values
   600  200002                     	org	2097154
   601  200002  FF                 	db	255
   602                           
   603                           ;Config register IDLOC3 @ 0x200003
   604                           ;	unspecified, using default values
   605  200003                     	org	2097155
   606  200003  FF                 	db	255
   607                           
   608                           ;Config register IDLOC4 @ 0x200004
   609                           ;	unspecified, using default values
   610  200004                     	org	2097156
   611  200004  FF                 	db	255
   612                           
   613                           ;Config register IDLOC5 @ 0x200005
   614                           ;	unspecified, using default values
   615  200005                     	org	2097157
   616  200005  FF                 	db	255
   617                           
   618                           ;Config register IDLOC6 @ 0x200006
   619                           ;	unspecified, using default values
   620  200006                     	org	2097158
   621  200006  FF                 	db	255
   622                           
   623                           ;Config register IDLOC7 @ 0x200007
   624                           ;	unspecified, using default values
   625  200007                     	org	2097159
   626  200007  FF                 	db	255
   627                           
   628                           	psect	config
   629                           
   630                           ; Padding undefined space
   631  300000                     	org	3145728
   632  300000  FF                 	db	255
   633                           
   634                           ;Config register CONFIG1H @ 0x300001
   635                           ;	Oscillator Selection bits
   636                           ;	FOSC = INTIO67, Internal oscillator block, port function on RA6 and RA7
   637                           ;	Fail-Safe Clock Monitor Enable bit
   638                           ;	FCMEN = OFF, Fail-Safe Clock Monitor disabled
   639                           ;	Internal/External Oscillator Switchover bit
   640                           ;	IESO = OFF, Oscillator Switchover mode disabled
   641  300001                     	org	3145729
   642  300001  08                 	db	8
   643                           
   644                           ;Config register CONFIG2L @ 0x300002
   645                           ;	Power-up Timer Enable bit
   646                           ;	PWRT = OFF, PWRT disabled
   647                           ;	Brown-out Reset Enable bits
   648                           ;	BOREN = SBORDIS, Brown-out Reset enabled in hardware only (SBOREN is disabled)
   649                           ;	Brown Out Reset Voltage bits
   650                           ;	BORV = 18, VBOR set to 1.8 V nominal
   651  300002                     	org	3145730
   652  300002  1F                 	db	31
   653                           
   654                           ;Config register CONFIG2H @ 0x300003
   655                           ;	Watchdog Timer Enable bit
   656                           ;	WDTEN = OFF, WDT is controlled by SWDTEN bit of the WDTCON register
   657                           ;	Watchdog Timer Postscale Select bits
   658                           ;	WDTPS = 32768, 1:32768
   659  300003                     	org	3145731
   660  300003  1E                 	db	30
   661                           
   662                           ; Padding undefined space
   663  300004                     	org	3145732
   664  300004  FF                 	db	255
   665                           
   666                           ;Config register CONFIG3H @ 0x300005
   667                           ;	CCP2 MUX bit
   668                           ;	CCP2MX = PORTC, CCP2 input/output is multiplexed with RC1
   669                           ;	PORTB A/D Enable bit
   670                           ;	PBADEN = ON, PORTB<4:0> pins are configured as analog input channels on Reset
   671                           ;	Low-Power Timer1 Oscillator Enable bit
   672                           ;	LPT1OSC = OFF, Timer1 configured for higher power operation
   673                           ;	HFINTOSC Fast Start-up
   674                           ;	HFOFST = ON, HFINTOSC starts clocking the CPU without waiting for the oscillator to st
      +                          ablize.
   675                           ;	MCLR Pin Enable bit
   676                           ;	MCLRE = ON, MCLR pin enabled; RE3 input pin disabled
   677  300005                     	org	3145733
   678  300005  8B                 	db	139
   679                           
   680                           ;Config register CONFIG4L @ 0x300006
   681                           ;	Stack Full/Underflow Reset Enable bit
   682                           ;	STVREN = ON, Stack full/underflow will cause Reset
   683                           ;	Single-Supply ICSP Enable bit
   684                           ;	LVP = OFF, Single-Supply ICSP disabled
   685                           ;	Extended Instruction Set Enable bit
   686                           ;	XINST = OFF, Instruction set extension and Indexed Addressing mode disabled (Legacy mo
      +                          de)
   687                           ;	Background Debugger Enable bit
   688                           ;	DEBUG = OFF, Background debugger disabled, RB6 and RB7 configured as general purpose I
      +                          /O pins
   689  300006                     	org	3145734
   690  300006  81                 	db	129
   691                           
   692                           ; Padding undefined space
   693  300007                     	org	3145735
   694  300007  FF                 	db	255
   695                           
   696                           ;Config register CONFIG5L @ 0x300008
   697                           ;	Code Protection Block 0
   698                           ;	CP0 = OFF, Block 0 (000800-001FFFh) not code-protected
   699                           ;	Code Protection Block 1
   700                           ;	CP1 = OFF, Block 1 (002000-003FFFh) not code-protected
   701                           ;	Code Protection Block 2
   702                           ;	CP2 = OFF, Block 2 (004000-005FFFh) not code-protected
   703                           ;	Code Protection Block 3
   704                           ;	CP3 = OFF, Block 3 (006000-007FFFh) not code-protected
   705  300008                     	org	3145736
   706  300008  0F                 	db	15
   707                           
   708                           ;Config register CONFIG5H @ 0x300009
   709                           ;	Boot Block Code Protection bit
   710                           ;	CPB = OFF, Boot block (000000-0007FFh) not code-protected
   711                           ;	Data EEPROM Code Protection bit
   712                           ;	CPD = OFF, Data EEPROM not code-protected
   713  300009                     	org	3145737
   714  300009  C0                 	db	192
   715                           
   716                           ;Config register CONFIG6L @ 0x30000A
   717                           ;	Write Protection Block 0
   718                           ;	WRT0 = OFF, Block 0 (000800-001FFFh) not write-protected
   719                           ;	Write Protection Block 1
   720                           ;	WRT1 = OFF, Block 1 (002000-003FFFh) not write-protected
   721                           ;	Write Protection Block 2
   722                           ;	WRT2 = OFF, Block 2 (004000-005FFFh) not write-protected
   723                           ;	Write Protection Block 3
   724                           ;	WRT3 = OFF, Block 3 (006000-007FFFh) not write-protected
   725  30000A                     	org	3145738
   726  30000A  0F                 	db	15
   727                           
   728                           ;Config register CONFIG6H @ 0x30000B
   729                           ;	Configuration Register Write Protection bit
   730                           ;	WRTC = OFF, Configuration registers (300000-3000FFh) not write-protected
   731                           ;	Boot Block Write Protection bit
   732                           ;	WRTB = OFF, Boot Block (000000-0007FFh) not write-protected
   733                           ;	Data EEPROM Write Protection bit
   734                           ;	WRTD = OFF, Data EEPROM not write-protected
   735  30000B                     	org	3145739
   736  30000B  E0                 	db	224
   737                           
   738                           ;Config register CONFIG7L @ 0x30000C
   739                           ;	Table Read Protection Block 0
   740                           ;	EBTR0 = OFF, Block 0 (000800-001FFFh) not protected from table reads executed in other
      +                           blocks
   741                           ;	Table Read Protection Block 1
   742                           ;	EBTR1 = OFF, Block 1 (002000-003FFFh) not protected from table reads executed in other
      +                           blocks
   743                           ;	Table Read Protection Block 2
   744                           ;	EBTR2 = OFF, Block 2 (004000-005FFFh) not protected from table reads executed in other
      +                           blocks
   745                           ;	Table Read Protection Block 3
   746                           ;	EBTR3 = OFF, Block 3 (006000-007FFFh) not protected from table reads executed in other
      +                           blocks
   747  30000C                     	org	3145740
   748  30000C  0F                 	db	15
   749                           
   750                           ;Config register CONFIG7H @ 0x30000D
   751                           ;	Boot Block Table Read Protection bit
   752                           ;	EBTRB = OFF, Boot Block (000000-0007FFh) not protected from table reads executed in ot
      +                          her blocks
   753  30000D                     	org	3145741
   754  30000D  40                 	db	64
   755                           tosu	equ	0xFFF
   756                           tosh	equ	0xFFE
   757                           tosl	equ	0xFFD
   758                           stkptr	equ	0xFFC
   759                           pclatu	equ	0xFFB
   760                           pclath	equ	0xFFA
   761                           pcl	equ	0xFF9
   762                           tblptru	equ	0xFF8
   763                           tblptrh	equ	0xFF7
   764                           tblptrl	equ	0xFF6
   765                           tablat	equ	0xFF5
   766                           prodh	equ	0xFF4
   767                           prodl	equ	0xFF3
   768                           indf0	equ	0xFEF
   769                           postinc0	equ	0xFEE
   770                           postdec0	equ	0xFED
   771                           preinc0	equ	0xFEC
   772                           plusw0	equ	0xFEB
   773                           fsr0h	equ	0xFEA
   774                           fsr0l	equ	0xFE9
   775                           wreg	equ	0xFE8
   776                           indf1	equ	0xFE7
   777                           postinc1	equ	0xFE6
   778                           postdec1	equ	0xFE5
   779                           preinc1	equ	0xFE4
   780                           plusw1	equ	0xFE3
   781                           fsr1h	equ	0xFE2
   782                           fsr1l	equ	0xFE1
   783                           bsr	equ	0xFE0
   784                           indf2	equ	0xFDF
   785                           postinc2	equ	0xFDE
   786                           postdec2	equ	0xFDD
   787                           preinc2	equ	0xFDC
   788                           plusw2	equ	0xFDB
   789                           fsr2h	equ	0xFDA
   790                           fsr2l	equ	0xFD9
   791                           status	equ	0xFD8

Data Sizes:
    Strings     0
    Constant    0
    Data        0
    BSS         0
    Persistent  0
    Stack       0

Auto Spaces:
    Space          Size  Autos    Used
    COMRAM           95      5       5
    BANK0           160      0       0
    BANK1           256      0       0
    BANK2           256      0       0
    BANK3           256      0       0
    BANK4           256      0       0
    BANK5           256      0       0

Pointer List with Targets:

    None.

Critical Paths under _main in COMRAM

    _main->_EPWM1_LoadDutyValue

Critical Paths under _main in BANK0

    None.

Critical Paths under _main in BANK1

    None.

Critical Paths under _main in BANK2

    None.

Critical Paths under _main in BANK3

    None.

Critical Paths under _main in BANK4

    None.

Critical Paths under _main in BANK5

    None.

Call Graph Tables:

 ---------------------------------------------------------------------------------
 (Depth) Function   	        Calls       Base Space   Used Autos Params    Refs
 ---------------------------------------------------------------------------------
 (0) _main                                                 1     1      0     272
                                              4 COMRAM     1     1      0
                _EPWM1_LoadDutyValue
                  _SYSTEM_Initialize
 ---------------------------------------------------------------------------------
 (1) _SYSTEM_Initialize                                    0     0      0       0
                   _EPWM1_Initialize
              _OSCILLATOR_Initialize
             _PIN_MANAGER_Initialize
                    _TMR2_Initialize
 ---------------------------------------------------------------------------------
 (2) _TMR2_Initialize                                      0     0      0       0
 ---------------------------------------------------------------------------------
 (2) _PIN_MANAGER_Initialize                               0     0      0       0
 ---------------------------------------------------------------------------------
 (2) _OSCILLATOR_Initialize                                0     0      0       0
 ---------------------------------------------------------------------------------
 (2) _EPWM1_Initialize                                     0     0      0       0
 ---------------------------------------------------------------------------------
 (1) _EPWM1_LoadDutyValue                                  4     2      2     272
                                              0 COMRAM     4     2      2
 ---------------------------------------------------------------------------------
 Estimated maximum stack depth 2
 ---------------------------------------------------------------------------------

 Call Graph Graphs:

 _main (ROOT)
   _EPWM1_LoadDutyValue
   _SYSTEM_Initialize
     _EPWM1_Initialize
     _OSCILLATOR_Initialize
     _PIN_MANAGER_Initialize
     _TMR2_Initialize

 Address spaces:
Name               Size   Autos  Total    Cost      Usage
BITCOMRAM           5F      0       0       0        0.0%
EEDATA             100      0       0       0        0.0%
NULL                 0      0       0       0        0.0%
CODE                 0      0       0       0        0.0%
COMRAM              5F      5       5       1        5.3%
STACK                0      0       0       2        0.0%
DATA                 0      0       0       3        0.0%
BITBANK0            A0      0       0       4        0.0%
BANK0               A0      0       0       5        0.0%
BITBANK1           100      0       0       6        0.0%
BANK1              100      0       0       7        0.0%
BITBANK2           100      0       0       8        0.0%
BANK2              100      0       0       9        0.0%
BITBANK3           100      0       0      10        0.0%
BANK3              100      0       0      11        0.0%
BITBANK4           100      0       0      12        0.0%
BANK4              100      0       0      13        0.0%
BITBANK5           100      0       0      14        0.0%
BANK5              100      0       0      15        0.0%
BITBIGSFRhhh         D      0       0      16        0.0%
BITBIGSFRhhl        1D      0       0      17        0.0%
BITBIGSFRhl          6      0       0      18        0.0%
BITBIGSFRlhhh        A      0       0      19        0.0%
BITBIGSFRlhlhh       3      0       0      20        0.0%
BITBIGSFRlhlhl       1      0       0      21        0.0%
BITBIGSFRlhll       17      0       0      22        0.0%
BITBIGSFRllh         2      0       0      23        0.0%
BITBIGSFRlllhh       4      0       0      24        0.0%
BITBIGSFRlllhll      4      0       0      25        0.0%
BITBIGSFRlllllh      9      0       0      26        0.0%
BITBIGSFRllllll      1      0       0      27        0.0%
BITBIGSFRllllll     1C      0       0      28        0.0%
ABS                  0      0       0      29        0.0%
BIGRAM             5FF      0       0      30        0.0%
BIGSFR               0      0       0     200        0.0%
BITSFR               0      0       0     200        0.0%
SFR                  0      0       0     200        0.0%


Microchip Technology PIC18 Macro Assembler V2.36 build 20220127204148 
Symbol Table                                                                                   Thu Dec 22 11:31:53 2022

                            l13 7F10                              l50 7F6C                              l47 7F3C  
                            l65 7F22                              l68 7F00                              u37 7FB6  
                            u47 7FD2                              u57 7FEE                             l101 7F9E  
                           l800 7F6E                             l810 7EF8                             l802 7F86  
                           l804 7F90                             l806 7F92                             l814 7F12  
                           l808 7F9C                             l850 7FA4                             l860 7FE8  
                           l852 7FB0                             l846 7F3E                             l854 7FC0  
                           l856 7FCC                             l848 7FA0                             l794 7F02  
                           l858 7FDC                             l796 7F0A                             l798 7F24  
                           _PR2 000FCB                 _TMR2_Initialize 7F02                             wreg 000FE8  
                          _LATA 000F89                            _LATB 000F8A                            _LATC 000F8B  
                          _LATD 000F8C                            _LATE 000F8D                            _TMR2 000FCC  
                          _WPUB 000F7C                            _main 7FA0                            start 0000  
         ??_EPWM1_LoadDutyValue 0003                    ___param_bank 000000   __end_of_OSCILLATOR_Initialize 7F02  
                         ?_main 0001                           _ANSEL 000F7E                           _T2CON 000FCA  
                         _TRISA 000F92                           _TRISB 000F93                           _TRISC 000F94  
                         _TRISD 000F95                           _TRISE 000F96                           status 000FD8  
               __initialization 7EF2                    __end_of_main 8000         __end_of_TMR2_Initialize 7F12  
                        ??_main 0005                   __activetblptr 000000                          _CCPR1H 000FBF  
                        _CCPR1L 000FBE                          _ANSELH 000F7F                          _OSCCON 000FD3  
                        isa$std 000001               _SYSTEM_Initialize 7F12                      __accesstop 0060  
       __end_of__initialization 7EF2              ?_SYSTEM_Initialize 0001                   ___rparam_used 000001  
             ?_EPWM1_Initialize 0001                  __pcstackCOMRAM 0001             ??_SYSTEM_Initialize 0001  
            ??_EPWM1_Initialize 0001                ?_TMR2_Initialize 0001       __end_of_SYSTEM_Initialize 7F24  
                       _CCP1CON 000FBD                         _ECCP1AS 000FB6                         _OSCTUNE 000F9B  
                       _PWM1CON 000FB7                         _PSTRCON 000FB9     __end_of_EPWM1_LoadDutyValue 7F6E  
                       __Hparam 0000                         __Lparam 0000                         __pcinit 7EF2  
                       __ramtop 0600                         __ptext0 7FA0                         __ptext1 7F12  
                       __ptext2 7F02                         __ptext3 7F6E                         __ptext4 7EF8  
                       __ptext5 7F24                         __ptext6 7F3E           _OSCILLATOR_Initialize 7EF8  
                     _T2CONbits 000FCA        ??_PIN_MANAGER_Initialize 0001            end_of_initialization 7EF2  
        ?_OSCILLATOR_Initialize 0001             start_initialization 7EF2    EPWM1_LoadDutyValue@dutyValue 0001  
        _PIN_MANAGER_Initialize 7F6E                        _PIR1bits 000F9E                _EPWM1_Initialize 7F24  
                   _INTCON2bits 000FF1               ??_TMR2_Initialize 0001                        __Hrparam 0000  
                      __Lrparam 0000         ??_OSCILLATOR_Initialize 0001                        isa$xinst 000000  
                    _INTCONbits 000FF2         ?_PIN_MANAGER_Initialize 0001             _EPWM1_LoadDutyValue 7F3E  
__end_of_PIN_MANAGER_Initialize 7FA0        __end_of_EPWM1_Initialize 7F3E            ?_EPWM1_LoadDutyValue 0001  
