

Microchip MPLAB XC8 Assembler V2.41 build 20230208172133 
                                                                                               Fri May 05 21:17:31 2023

Microchip MPLAB XC8 C Compiler v2.41 (Free license) build 20230208172133 Og1 
     1                           	processor	18F45K20
     2                           	fnconf	rparam,??,?,0
     3                           	pagewidth 120
     4                           	opt	flic
     5                           	psect	cinit,global,reloc=2,class=CODE,delta=1
     6                           	psect	cstackCOMRAM,global,class=COMRAM,space=1,delta=1,lowdata,noexec
     7                           	psect	text0,global,reloc=2,class=CODE,delta=1
     8                           	psect	text1,global,reloc=2,class=CODE,delta=1
     9                           	psect	text2,global,reloc=2,class=CODE,delta=1
    10                           	psect	text3,global,reloc=2,class=CODE,delta=1
    11                           	psect	intsave_regs,global,class=BIGRAM,space=1,delta=1,noexec
    12                           	psect	rparam,global,class=COMRAM,space=1,delta=1,noexec
    13                           	psect	idloc,global,abs,ovrld,class=IDLOC,space=5,delta=1,noexec
    14                           	psect	config,global,abs,ovrld,class=CONFIG,space=4,delta=1,noexec
    15   000000                     
    16                           ; Generated 06/04/2022 GMT
    17                           ; 
    18                           ; Copyright © 2022, Microchip Technology Inc. and its subsidiaries ("Microchip")
    19                           ; All rights reserved.
    20                           ; 
    21                           ; This software is developed by Microchip Technology Inc. and its subsidiaries ("Microch
      +                          ip").
    22                           ; 
    23                           ; Redistribution and use in source and binary forms, with or without modification, are
    24                           ; permitted provided that the following conditions are met:
    25                           ; 
    26                           ;     1. Redistributions of source code must retain the above copyright notice, this lis
      +                          t of
    27                           ;        conditions and the following disclaimer.
    28                           ; 
    29                           ;     2. Redistributions in binary form must reproduce the above copyright notice, this 
      +                          list
    30                           ;        of conditions and the following disclaimer in the documentation and/or other
    31                           ;        materials provided with the distribution. Publication is not required when
    32                           ;        this file is used in an embedded application.
    33                           ; 
    34                           ;     3. Microchip's name may not be used to endorse or promote products derived from th
      +                          is
    35                           ;        software without specific prior written permission.
    36                           ; 
    37                           ; THIS SOFTWARE IS PROVIDED BY MICROCHIP "AS IS" AND ANY EXPRESS OR IMPLIED WARRANTIES,
    38                           ; INCLUDING, BUT NOT LIMITED TO, THE IMPLIED WARRANTIES OF MERCHANTABILITY AND FITNESS F
      +                          OR
    39                           ; PURPOSE ARE DISCLAIMED.  IN NO EVENT SHALL MICROCHIP BE LIABLE FOR ANY DIRECT, INDIREC
      +                          T,
    40                           ; INCIDENTAL, SPECIAL, EXEMPLARY, OR CONSEQUENTIAL DAMAGES (INCLUDING BUT NOT LIMITED TO
    41                           ; PROCUREMENT OF SUBSTITUTE GOODS OR SERVICES; LOSS OF USE, DATA OR PROFITS; OR BUSINESS
    42                           ; INTERRUPTION) HOWSOEVER CAUSED AND ON ANY THEORY OF LIABILITY, WHETHER IN CONTRACT, ST
      +                          RICT
    43                           ; LIABILITY, OR TORT (INCLUDING NEGLIGENCE OR OTHERWISE) ARISING IN ANY WAY OUT OF THE U
      +                          SE OF
    44                           ; THIS SOFTWARE, EVEN IF ADVISED OF THE POSSIBILITY OF SUCH DAMAGE.
    45                           ; 
    46                           ; 
    47                           ; Code-generator required, PIC18F45K20 Definitions
    48                           ; 
    49                           ; SFR Addresses
    50   000000                     _TRISD	set	3989
    51   000000                     _TRISC	set	3988
    52   000000                     _TRISB	set	3987
    53   000000                     _LATC	set	3979
    54   000000                     _LATB	set	3978
    55   000000                     _WPUB	set	3964
    56   000000                     _ANSEL	set	3966
    57   000000                     _LATA	set	3977
    58   000000                     _LATD	set	3980
    59   000000                     _LATE	set	3981
    60   000000                     _OSCTUNE	set	3995
    61   000000                     _OSCCON	set	4051
    62   000000                     _INTCON2bits	set	4081
    63   000000                     _TRISA	set	3986
    64   000000                     _TRISE	set	3990
    65   000000                     _ANSELH	set	3967
    66   000000                     _INTCONbits	set	4082
    67                           
    68                           ; #config settings
    69                           
    70                           	psect	cinit
    71   007F8E                     __pcinit:
    72                           	callstack 0
    73   007F8E                     start_initialization:
    74                           	callstack 0
    75   007F8E                     __initialization:
    76                           	callstack 0
    77   007F8E                     end_of_initialization:
    78                           	callstack 0
    79   007F8E                     __end_of__initialization:
    80                           	callstack 0
    81   007F8E  0100               	movlb	0
    82   007F90  EFD4  F03F         	goto	_main	;jump to C main() function
    83                           
    84                           	psect	cstackCOMRAM
    85   000001                     __pcstackCOMRAM:
    86                           	callstack 0
    87   000001                     ??_main:
    88                           
    89                           ; 1 bytes @ 0x0
    90   000001                     	ds	2
    91                           
    92 ;;
    93 ;;Main: autosize = 0, tempsize = 2, incstack = 0, save=0
    94 ;;
    95 ;; *************** function _main *****************
    96 ;; Defined at:
    97 ;;		line 12 in file "main.c"
    98 ;; Parameters:    Size  Location     Type
    99 ;;		None
   100 ;; Auto vars:     Size  Location     Type
   101 ;;		None
   102 ;; Return value:  Size  Location     Type
   103 ;;                  1    wreg      void 
   104 ;; Registers used:
   105 ;;		wreg, status,2, status,0, cstack
   106 ;; Tracked objects:
   107 ;;		On entry : 0/0
   108 ;;		On exit  : 0/0
   109 ;;		Unchanged: 0/0
   110 ;; Data sizes:     COMRAM   BANK0   BANK1   BANK2   BANK3   BANK4   BANK5
   111 ;;      Params:         0       0       0       0       0       0       0
   112 ;;      Locals:         0       0       0       0       0       0       0
   113 ;;      Temps:          2       0       0       0       0       0       0
   114 ;;      Totals:         2       0       0       0       0       0       0
   115 ;;Total ram usage:        2 bytes
   116 ;; Hardware stack levels required when called: 2
   117 ;; This function calls:
   118 ;;		_SYSTEM_Initialize
   119 ;; This function is called by:
   120 ;;		Startup code after reset
   121 ;; This function uses a non-reentrant model
   122 ;;
   123                           
   124                           	psect	text0
   125   007FA8                     __ptext0:
   126                           	callstack 0
   127   007FA8                     _main:
   128                           	callstack 29
   129   007FA8                     
   130                           ;main.c: 14: SYSTEM_Initialize();
   131   007FA8  ECCF  F03F         	call	_SYSTEM_Initialize	;wreg free
   132   007FAC                     
   133                           ;main.c: 16: LATC = 0x55;
   134   007FAC  0E55               	movlw	85
   135   007FAE  6E8B               	movwf	139,c	;volatile
   136   007FB0                     l834:
   137                           
   138                           ;main.c: 18: {;main.c: 19: LATC = ~LATC;
   139   007FB0  1E8B               	comf	139,f,c	;volatile
   140   007FB2                     
   141                           ;main.c: 20: _delay((unsigned long)((300)*(20000000/4000.0)));
   142   007FB2  0E08               	movlw	8
   143   007FB4  6E02               	movwf	(??_main+1)^0,c
   144   007FB6  0E9D               	movlw	157
   145   007FB8  6E01               	movwf	??_main^0,c
   146   007FBA  0E06               	movlw	6
   147   007FBC                     u17:
   148   007FBC  2EE8               	decfsz	wreg,f,c
   149   007FBE  D7FE               	bra	u17
   150   007FC0  2E01               	decfsz	??_main^0,f,c
   151   007FC2  D7FC               	bra	u17
   152   007FC4  2E02               	decfsz	(??_main+1)^0,f,c
   153   007FC6  D7FA               	bra	u17
   154   007FC8  EFD8  F03F         	goto	l834
   155   007FCC  EF00  F000         	goto	start
   156   007FD0                     __end_of_main:
   157                           	callstack 0
   158                           
   159 ;; *************** function _SYSTEM_Initialize *****************
   160 ;; Defined at:
   161 ;;		line 50 in file "mcc_generated_files/mcc.c"
   162 ;; Parameters:    Size  Location     Type
   163 ;;		None
   164 ;; Auto vars:     Size  Location     Type
   165 ;;		None
   166 ;; Return value:  Size  Location     Type
   167 ;;                  1    wreg      void 
   168 ;; Registers used:
   169 ;;		wreg, status,2, cstack
   170 ;; Tracked objects:
   171 ;;		On entry : 0/0
   172 ;;		On exit  : 0/0
   173 ;;		Unchanged: 0/0
   174 ;; Data sizes:     COMRAM   BANK0   BANK1   BANK2   BANK3   BANK4   BANK5
   175 ;;      Params:         0       0       0       0       0       0       0
   176 ;;      Locals:         0       0       0       0       0       0       0
   177 ;;      Temps:          0       0       0       0       0       0       0
   178 ;;      Totals:         0       0       0       0       0       0       0
   179 ;;Total ram usage:        0 bytes
   180 ;; Hardware stack levels used: 1
   181 ;; Hardware stack levels required when called: 1
   182 ;; This function calls:
   183 ;;		_OSCILLATOR_Initialize
   184 ;;		_PIN_MANAGER_Initialize
   185 ;; This function is called by:
   186 ;;		_main
   187 ;; This function uses a non-reentrant model
   188 ;;
   189                           
   190                           	psect	text1
   191   007F9E                     __ptext1:
   192                           	callstack 0
   193   007F9E                     _SYSTEM_Initialize:
   194                           	callstack 29
   195   007F9E                     
   196                           ;mcc.c: 53: PIN_MANAGER_Initialize();
   197   007F9E  ECE8  F03F         	call	_PIN_MANAGER_Initialize	;wreg free
   198                           
   199                           ;mcc.c: 54: OSCILLATOR_Initialize();
   200   007FA2  ECCA  F03F         	call	_OSCILLATOR_Initialize	;wreg free
   201   007FA6  0012               	return		;funcret
   202   007FA8                     __end_of_SYSTEM_Initialize:
   203                           	callstack 0
   204                           
   205 ;; *************** function _PIN_MANAGER_Initialize *****************
   206 ;; Defined at:
   207 ;;		line 55 in file "mcc_generated_files/pin_manager.c"
   208 ;; Parameters:    Size  Location     Type
   209 ;;		None
   210 ;; Auto vars:     Size  Location     Type
   211 ;;		None
   212 ;; Return value:  Size  Location     Type
   213 ;;                  1    wreg      void 
   214 ;; Registers used:
   215 ;;		wreg, status,2
   216 ;; Tracked objects:
   217 ;;		On entry : 0/0
   218 ;;		On exit  : 0/0
   219 ;;		Unchanged: 0/0
   220 ;; Data sizes:     COMRAM   BANK0   BANK1   BANK2   BANK3   BANK4   BANK5
   221 ;;      Params:         0       0       0       0       0       0       0
   222 ;;      Locals:         0       0       0       0       0       0       0
   223 ;;      Temps:          0       0       0       0       0       0       0
   224 ;;      Totals:         0       0       0       0       0       0       0
   225 ;;Total ram usage:        0 bytes
   226 ;; Hardware stack levels used: 1
   227 ;; This function calls:
   228 ;;		Nothing
   229 ;; This function is called by:
   230 ;;		_SYSTEM_Initialize
   231 ;; This function uses a non-reentrant model
   232 ;;
   233                           
   234                           	psect	text2
   235   007FD0                     __ptext2:
   236                           	callstack 0
   237   007FD0                     _PIN_MANAGER_Initialize:
   238                           	callstack 29
   239   007FD0                     
   240                           ;pin_manager.c: 60: LATE = 0x00;
   241   007FD0  0E00               	movlw	0
   242   007FD2  6E8D               	movwf	141,c	;volatile
   243                           
   244                           ;pin_manager.c: 61: LATD = 0x00;
   245   007FD4  0E00               	movlw	0
   246   007FD6  6E8C               	movwf	140,c	;volatile
   247                           
   248                           ;pin_manager.c: 62: LATA = 0x00;
   249   007FD8  0E00               	movlw	0
   250   007FDA  6E89               	movwf	137,c	;volatile
   251                           
   252                           ;pin_manager.c: 63: LATB = 0x00;
   253   007FDC  0E00               	movlw	0
   254   007FDE  6E8A               	movwf	138,c	;volatile
   255                           
   256                           ;pin_manager.c: 64: LATC = 0x00;
   257   007FE0  0E00               	movlw	0
   258   007FE2  6E8B               	movwf	139,c	;volatile
   259                           
   260                           ;pin_manager.c: 69: TRISE = 0x07;
   261   007FE4  0E07               	movlw	7
   262   007FE6  6E96               	movwf	150,c	;volatile
   263   007FE8                     
   264                           ;pin_manager.c: 70: TRISA = 0xFF;
   265   007FE8  6892               	setf	146,c	;volatile
   266   007FEA                     
   267                           ;pin_manager.c: 71: TRISB = 0xFF;
   268   007FEA  6893               	setf	147,c	;volatile
   269                           
   270                           ;pin_manager.c: 72: TRISC = 0x00;
   271   007FEC  0E00               	movlw	0
   272   007FEE  6E94               	movwf	148,c	;volatile
   273   007FF0                     
   274                           ;pin_manager.c: 73: TRISD = 0xFF;
   275   007FF0  6895               	setf	149,c	;volatile
   276   007FF2                     
   277                           ;pin_manager.c: 78: ANSEL = 0xFF;
   278   007FF2  687E               	setf	126,c	;volatile
   279                           
   280                           ;pin_manager.c: 79: ANSELH = 0x1F;
   281   007FF4  0E1F               	movlw	31
   282   007FF6  6E7F               	movwf	127,c	;volatile
   283                           
   284                           ;pin_manager.c: 84: WPUB = 0x00;
   285   007FF8  0E00               	movlw	0
   286   007FFA  6E7C               	movwf	124,c	;volatile
   287   007FFC                     
   288                           ;pin_manager.c: 85: INTCON2bits.nRBPU = 1;
   289   007FFC  8EF1               	bsf	241,7,c	;volatile
   290   007FFE  0012               	return		;funcret
   291   008000                     __end_of_PIN_MANAGER_Initialize:
   292                           	callstack 0
   293                           
   294 ;; *************** function _OSCILLATOR_Initialize *****************
   295 ;; Defined at:
   296 ;;		line 57 in file "mcc_generated_files/mcc.c"
   297 ;; Parameters:    Size  Location     Type
   298 ;;		None
   299 ;; Auto vars:     Size  Location     Type
   300 ;;		None
   301 ;; Return value:  Size  Location     Type
   302 ;;                  1    wreg      void 
   303 ;; Registers used:
   304 ;;		wreg, status,2
   305 ;; Tracked objects:
   306 ;;		On entry : 0/0
   307 ;;		On exit  : 0/0
   308 ;;		Unchanged: 0/0
   309 ;; Data sizes:     COMRAM   BANK0   BANK1   BANK2   BANK3   BANK4   BANK5
   310 ;;      Params:         0       0       0       0       0       0       0
   311 ;;      Locals:         0       0       0       0       0       0       0
   312 ;;      Temps:          0       0       0       0       0       0       0
   313 ;;      Totals:         0       0       0       0       0       0       0
   314 ;;Total ram usage:        0 bytes
   315 ;; Hardware stack levels used: 1
   316 ;; This function calls:
   317 ;;		Nothing
   318 ;; This function is called by:
   319 ;;		_SYSTEM_Initialize
   320 ;; This function uses a non-reentrant model
   321 ;;
   322                           
   323                           	psect	text3
   324   007F94                     __ptext3:
   325                           	callstack 0
   326   007F94                     _OSCILLATOR_Initialize:
   327                           	callstack 29
   328   007F94                     
   329                           ;mcc.c: 60: OSCCON = 0x60;
   330   007F94  0E60               	movlw	96
   331   007F96  6ED3               	movwf	211,c	;volatile
   332                           
   333                           ;mcc.c: 62: OSCTUNE = 0x00;
   334   007F98  0E00               	movlw	0
   335   007F9A  6E9B               	movwf	155,c	;volatile
   336   007F9C  0012               	return		;funcret
   337   007F9E                     __end_of_OSCILLATOR_Initialize:
   338                           	callstack 0
   339   000000                     
   340                           	psect	rparam
   341   000000                     
   342                           	psect	idloc
   343                           
   344                           ;Config register IDLOC0 @ 0x200000
   345                           ;	unspecified, using default values
   346   200000                     	org	2097152
   347   200000  FF                 	db	255
   348                           
   349                           ;Config register IDLOC1 @ 0x200001
   350                           ;	unspecified, using default values
   351   200001                     	org	2097153
   352   200001  FF                 	db	255
   353                           
   354                           ;Config register IDLOC2 @ 0x200002
   355                           ;	unspecified, using default values
   356   200002                     	org	2097154
   357   200002  FF                 	db	255
   358                           
   359                           ;Config register IDLOC3 @ 0x200003
   360                           ;	unspecified, using default values
   361   200003                     	org	2097155
   362   200003  FF                 	db	255
   363                           
   364                           ;Config register IDLOC4 @ 0x200004
   365                           ;	unspecified, using default values
   366   200004                     	org	2097156
   367   200004  FF                 	db	255
   368                           
   369                           ;Config register IDLOC5 @ 0x200005
   370                           ;	unspecified, using default values
   371   200005                     	org	2097157
   372   200005  FF                 	db	255
   373                           
   374                           ;Config register IDLOC6 @ 0x200006
   375                           ;	unspecified, using default values
   376   200006                     	org	2097158
   377   200006  FF                 	db	255
   378                           
   379                           ;Config register IDLOC7 @ 0x200007
   380                           ;	unspecified, using default values
   381   200007                     	org	2097159
   382   200007  FF                 	db	255
   383                           
   384                           	psect	config
   385                           
   386                           ; Padding undefined space
   387   300000                     	org	3145728
   388   300000  FF                 	db	255
   389                           
   390                           ;Config register CONFIG1H @ 0x300001
   391                           ;	Oscillator Selection bits
   392                           ;	FOSC = HS, HS oscillator
   393                           ;	Fail-Safe Clock Monitor Enable bit
   394                           ;	FCMEN = OFF, Fail-Safe Clock Monitor disabled
   395                           ;	Internal/External Oscillator Switchover bit
   396                           ;	IESO = OFF, Oscillator Switchover mode disabled
   397   300001                     	org	3145729
   398   300001  02                 	db	2
   399                           
   400                           ;Config register CONFIG2L @ 0x300002
   401                           ;	Power-up Timer Enable bit
   402                           ;	PWRT = OFF, PWRT disabled
   403                           ;	Brown-out Reset Enable bits
   404                           ;	BOREN = SBORDIS, Brown-out Reset enabled in hardware only (SBOREN is disabled)
   405                           ;	Brown Out Reset Voltage bits
   406                           ;	BORV = 18, VBOR set to 1.8 V nominal
   407   300002                     	org	3145730
   408   300002  1F                 	db	31
   409                           
   410                           ;Config register CONFIG2H @ 0x300003
   411                           ;	Watchdog Timer Enable bit
   412                           ;	WDTEN = OFF, WDT is controlled by SWDTEN bit of the WDTCON register
   413                           ;	Watchdog Timer Postscale Select bits
   414                           ;	WDTPS = 32768, 1:32768
   415   300003                     	org	3145731
   416   300003  1E                 	db	30
   417                           
   418                           ; Padding undefined space
   419   300004                     	org	3145732
   420   300004  FF                 	db	255
   421                           
   422                           ;Config register CONFIG3H @ 0x300005
   423                           ;	CCP2 MUX bit
   424                           ;	CCP2MX = PORTC, CCP2 input/output is multiplexed with RC1
   425                           ;	PORTB A/D Enable bit
   426                           ;	PBADEN = ON, PORTB<4:0> pins are configured as analog input channels on Reset
   427                           ;	Low-Power Timer1 Oscillator Enable bit
   428                           ;	LPT1OSC = OFF, Timer1 configured for higher power operation
   429                           ;	HFINTOSC Fast Start-up
   430                           ;	HFOFST = ON, HFINTOSC starts clocking the CPU without waiting for the oscillator to st
      +                          ablize.
   431                           ;	MCLR Pin Enable bit
   432                           ;	MCLRE = ON, MCLR pin enabled; RE3 input pin disabled
   433   300005                     	org	3145733
   434   300005  8B                 	db	139
   435                           
   436                           ;Config register CONFIG4L @ 0x300006
   437                           ;	Stack Full/Underflow Reset Enable bit
   438                           ;	STVREN = ON, Stack full/underflow will cause Reset
   439                           ;	Single-Supply ICSP Enable bit
   440                           ;	LVP = OFF, Single-Supply ICSP disabled
   441                           ;	Extended Instruction Set Enable bit
   442                           ;	XINST = OFF, Instruction set extension and Indexed Addressing mode disabled (Legacy mo
      +                          de)
   443                           ;	Background Debugger Enable bit
   444                           ;	DEBUG = OFF, Background debugger disabled, RB6 and RB7 configured as general purpose I
      +                          /O pins
   445   300006                     	org	3145734
   446   300006  81                 	db	129
   447                           
   448                           ; Padding undefined space
   449   300007                     	org	3145735
   450   300007  FF                 	db	255
   451                           
   452                           ;Config register CONFIG5L @ 0x300008
   453                           ;	Code Protection Block 0
   454                           ;	CP0 = OFF, Block 0 (000800-001FFFh) not code-protected
   455                           ;	Code Protection Block 1
   456                           ;	CP1 = OFF, Block 1 (002000-003FFFh) not code-protected
   457                           ;	Code Protection Block 2
   458                           ;	CP2 = OFF, Block 2 (004000-005FFFh) not code-protected
   459                           ;	Code Protection Block 3
   460                           ;	CP3 = OFF, Block 3 (006000-007FFFh) not code-protected
   461   300008                     	org	3145736
   462   300008  0F                 	db	15
   463                           
   464                           ;Config register CONFIG5H @ 0x300009
   465                           ;	Boot Block Code Protection bit
   466                           ;	CPB = OFF, Boot block (000000-0007FFh) not code-protected
   467                           ;	Data EEPROM Code Protection bit
   468                           ;	CPD = OFF, Data EEPROM not code-protected
   469   300009                     	org	3145737
   470   300009  C0                 	db	192
   471                           
   472                           ;Config register CONFIG6L @ 0x30000A
   473                           ;	Write Protection Block 0
   474                           ;	WRT0 = OFF, Block 0 (000800-001FFFh) not write-protected
   475                           ;	Write Protection Block 1
   476                           ;	WRT1 = OFF, Block 1 (002000-003FFFh) not write-protected
   477                           ;	Write Protection Block 2
   478                           ;	WRT2 = OFF, Block 2 (004000-005FFFh) not write-protected
   479                           ;	Write Protection Block 3
   480                           ;	WRT3 = OFF, Block 3 (006000-007FFFh) not write-protected
   481   30000A                     	org	3145738
   482   30000A  0F                 	db	15
   483                           
   484                           ;Config register CONFIG6H @ 0x30000B
   485                           ;	Configuration Register Write Protection bit
   486                           ;	WRTC = OFF, Configuration registers (300000-3000FFh) not write-protected
   487                           ;	Boot Block Write Protection bit
   488                           ;	WRTB = OFF, Boot Block (000000-0007FFh) not write-protected
   489                           ;	Data EEPROM Write Protection bit
   490                           ;	WRTD = OFF, Data EEPROM not write-protected
   491   30000B                     	org	3145739
   492   30000B  E0                 	db	224
   493                           
   494                           ;Config register CONFIG7L @ 0x30000C
   495                           ;	Table Read Protection Block 0
   496                           ;	EBTR0 = OFF, Block 0 (000800-001FFFh) not protected from table reads executed in other
      +                           blocks
   497                           ;	Table Read Protection Block 1
   498                           ;	EBTR1 = OFF, Block 1 (002000-003FFFh) not protected from table reads executed in other
      +                           blocks
   499                           ;	Table Read Protection Block 2
   500                           ;	EBTR2 = OFF, Block 2 (004000-005FFFh) not protected from table reads executed in other
      +                           blocks
   501                           ;	Table Read Protection Block 3
   502                           ;	EBTR3 = OFF, Block 3 (006000-007FFFh) not protected from table reads executed in other
      +                           blocks
   503   30000C                     	org	3145740
   504   30000C  0F                 	db	15
   505                           
   506                           ;Config register CONFIG7H @ 0x30000D
   507                           ;	Boot Block Table Read Protection bit
   508                           ;	EBTRB = OFF, Boot Block (000000-0007FFh) not protected from table reads executed in ot
      +                          her blocks
   509   30000D                     	org	3145741
   510   30000D  40                 	db	64
   511                           tosu	equ	0xFFF
   512                           tosh	equ	0xFFE
   513                           tosl	equ	0xFFD
   514                           stkptr	equ	0xFFC
   515                           pclatu	equ	0xFFB
   516                           pclath	equ	0xFFA
   517                           pcl	equ	0xFF9
   518                           tblptru	equ	0xFF8
   519                           tblptrh	equ	0xFF7
   520                           tblptrl	equ	0xFF6
   521                           tablat	equ	0xFF5
   522                           prodh	equ	0xFF4
   523                           prodl	equ	0xFF3
   524                           indf0	equ	0xFEF
   525                           postinc0	equ	0xFEE
   526                           postdec0	equ	0xFED
   527                           preinc0	equ	0xFEC
   528                           plusw0	equ	0xFEB
   529                           fsr0h	equ	0xFEA
   530                           fsr0l	equ	0xFE9
   531                           wreg	equ	0xFE8
   532                           indf1	equ	0xFE7
   533                           postinc1	equ	0xFE6
   534                           postdec1	equ	0xFE5
   535                           preinc1	equ	0xFE4
   536                           plusw1	equ	0xFE3
   537                           fsr1h	equ	0xFE2
   538                           fsr1l	equ	0xFE1
   539                           bsr	equ	0xFE0
   540                           indf2	equ	0xFDF
   541                           postinc2	equ	0xFDE
   542                           postdec2	equ	0xFDD
   543                           preinc2	equ	0xFDC
   544                           plusw2	equ	0xFDB
   545                           fsr2h	equ	0xFDA
   546                           fsr2l	equ	0xFD9
   547                           status	equ	0xFD8

Data Sizes:
    Strings     0
    Constant    0
    Data        0
    BSS         0
    Persistent  0
    Stack       0

Auto Spaces:
    Space          Size  Autos    Used
    COMRAM           95      2       2
    BANK0           160      0       0
    BANK1           256      0       0
    BANK2           256      0       0
    BANK3           256      0       0
    BANK4           256      0       0
    BANK5           256      0       0

Pointer List with Targets:

    None.

Critical Paths under _main in COMRAM

    None.

Critical Paths under _main in BANK0

    None.

Critical Paths under _main in BANK1

    None.

Critical Paths under _main in BANK2

    None.

Critical Paths under _main in BANK3

    None.

Critical Paths under _main in BANK4

    None.

Critical Paths under _main in BANK5

    None.

Call Graph Tables:

 ---------------------------------------------------------------------------------
 (Depth) Function   	        Calls       Base Space   Used Autos Params    Refs
 ---------------------------------------------------------------------------------
 (0) _main                                                 2     2      0       0
                                              0 COMRAM     2     2      0
                  _SYSTEM_Initialize
 ---------------------------------------------------------------------------------
 (1) _SYSTEM_Initialize                                    0     0      0       0
              _OSCILLATOR_Initialize
             _PIN_MANAGER_Initialize
 ---------------------------------------------------------------------------------
 (2) _PIN_MANAGER_Initialize                               0     0      0       0
 ---------------------------------------------------------------------------------
 (2) _OSCILLATOR_Initialize                                0     0      0       0
 ---------------------------------------------------------------------------------
 Estimated maximum stack depth 2
 ---------------------------------------------------------------------------------

 Call Graph Graphs:

 _main (ROOT)
   _SYSTEM_Initialize
     _OSCILLATOR_Initialize
     _PIN_MANAGER_Initialize

 Address spaces:
Name               Size   Autos  Total    Cost      Usage
BITCOMRAM           5F      0       0       0        0.0%
EEDATA             100      0       0       0        0.0%
NULL                 0      0       0       0        0.0%
CODE                 0      0       0       0        0.0%
COMRAM              5F      2       2       1        2.1%
STACK                0      0       0       2        0.0%
DATA                 0      0       0       3        0.0%
BITBANK0            A0      0       0       4        0.0%
BANK0               A0      0       0       5        0.0%
BITBANK1           100      0       0       6        0.0%
BANK1              100      0       0       7        0.0%
BITBANK2           100      0       0       8        0.0%
BANK2              100      0       0       9        0.0%
BITBANK3           100      0       0      10        0.0%
BANK3              100      0       0      11        0.0%
BITBANK4           100      0       0      12        0.0%
BANK4              100      0       0      13        0.0%
BITBANK5           100      0       0      14        0.0%
BANK5              100      0       0      15        0.0%
BITBIGSFRhh          D      0       0      16        0.0%
BITBIGSFRhl         1D      0       0      17        0.0%
BITBIGSFRlh         37      0       0      18        0.0%
BITBIGSFRllhh        4      0       0      19        0.0%
BITBIGSFRllhll       4      0       0      20        0.0%
BITBIGSFRllllh       9      0       0      21        0.0%
BITBIGSFRlllllh      1      0       0      22        0.0%
BITBIGSFRllllll     1C      0       0      23        0.0%
ABS                  0      0       0      24        0.0%
BIGRAM             5FF      0       0      25        0.0%
BIGSFR               0      0       0     200        0.0%
BITSFR               0      0       0     200        0.0%
SFR                  0      0       0     200        0.0%


Microchip Technology PIC18 Macro Assembler V2.41 build 20230208172133 
Symbol Table                                                                                   Fri May 05 21:17:31 2023

                            l11 7FA6                              l14 7F9C                              l47 7FFE  
                            u17 7FBC                             l820 7FF2                             l812 7FD0  
                           l822 7FFC                             l814 7FE8                             l830 7FA8  
                           l824 7F94                             l816 7FEA                             l832 7FAC  
                           l818 7FF0                             l826 7F9E                             l834 7FB0  
                           l836 7FB2                             wreg 0FE8                            _LATA 0F89  
                          _LATB 0F8A                            _LATC 0F8B                            _LATD 0F8C  
                          _LATE 0F8D                            _WPUB 0F7C                            _main 7FA8  
                          start 0000                    ___param_bank 0000   __end_of_OSCILLATOR_Initialize 7F9E  
                         ?_main 0001                           _ANSEL 0F7E                           _TRISA 0F92  
                         _TRISB 0F93                           _TRISC 0F94                           _TRISD 0F95  
                         _TRISE 0F96                 __initialization 7F8E                    __end_of_main 7FD0  
                        ??_main 0001                   __activetblptr 0000                          _ANSELH 0F7F  
                        _OSCCON 0FD3                          isa$std 0001               _SYSTEM_Initialize 7F9E  
                    __accesstop 0060         __end_of__initialization 7F8E              ?_SYSTEM_Initialize 0001  
                 ___rparam_used 0001                  __pcstackCOMRAM 0001             ??_SYSTEM_Initialize 0001  
     __end_of_SYSTEM_Initialize 7FA8                         _OSCTUNE 0F9B                         __Hparam 0000  
                       __Lparam 0000                         __pcinit 7F8E                         __ramtop 0600  
                       __ptext0 7FA8                         __ptext1 7F9E                         __ptext2 7FD0  
                       __ptext3 7F94           _OSCILLATOR_Initialize 7F94        ??_PIN_MANAGER_Initialize 0001  
          end_of_initialization 7F8E          ?_OSCILLATOR_Initialize 0001             start_initialization 7F8E  
        _PIN_MANAGER_Initialize 7FD0                     _INTCON2bits 0FF1                        __Hrparam 0000  
                      __Lrparam 0000         ??_OSCILLATOR_Initialize 0001                        isa$xinst 0000  
                    _INTCONbits 0FF2         ?_PIN_MANAGER_Initialize 0001  __end_of_PIN_MANAGER_Initialize 8000  
