

Microchip MPLAB XC8 Assembler V2.41 build 20230208172133 
                                                                                               Sun Aug 06 08:31:41 2023

Microchip MPLAB XC8 C Compiler v2.41 (Free license) build 20230208172133 Og1 
     1                           	processor	18F45K20
     2                           	fnconf	rparam,??,?,0
     3                           	pagewidth 120
     4                           	opt	flic
     5                           	psect	cinit,global,reloc=2,class=CODE,delta=1
     6                           	psect	bssCOMRAM,global,class=COMRAM,space=1,delta=1,lowdata,noexec
     7                           	psect	cstackCOMRAM,global,class=COMRAM,space=1,delta=1,lowdata,noexec
     8                           	psect	text0,global,reloc=2,class=CODE,delta=1
     9                           	psect	text1,global,reloc=2,class=CODE,delta=1
    10                           	psect	text2,global,reloc=2,class=CODE,delta=1
    11                           	psect	text3,global,reloc=2,class=CODE,delta=1
    12                           	psect	text4,global,reloc=2,class=CODE,delta=1
    13                           	psect	text5,global,reloc=2,class=CODE,delta=1
    14                           	psect	text6,global,reloc=2,class=CODE,delta=1
    15                           	psect	text7,global,reloc=2,class=CODE,delta=1
    16                           	psect	text8,global,reloc=2,class=CODE,delta=1
    17                           	psect	text9,global,reloc=2,class=CODE,delta=1
    18                           	psect	text10,global,reloc=2,class=CODE,delta=1
    19                           	psect	text11,global,reloc=2,class=CODE,delta=1
    20                           	psect	intsave_regs,global,class=BIGRAM,space=1,delta=1,noexec
    21                           	psect	rparam,global,class=COMRAM,space=1,delta=1,noexec
    22                           	psect	idloc,global,abs,ovrld,class=IDLOC,space=5,delta=1,noexec
    23                           	psect	config,global,abs,ovrld,class=CONFIG,space=4,delta=1,noexec
    24   000000                     
    25                           ; Generated 06/04/2022 GMT
    26                           ; 
    27                           ; Copyright © 2022, Microchip Technology Inc. and its subsidiaries ("Microchip")
    28                           ; All rights reserved.
    29                           ; 
    30                           ; This software is developed by Microchip Technology Inc. and its subsidiaries ("Microch
      +                          ip").
    31                           ; 
    32                           ; Redistribution and use in source and binary forms, with or without modification, are
    33                           ; permitted provided that the following conditions are met:
    34                           ; 
    35                           ;     1. Redistributions of source code must retain the above copyright notice, this lis
      +                          t of
    36                           ;        conditions and the following disclaimer.
    37                           ; 
    38                           ;     2. Redistributions in binary form must reproduce the above copyright notice, this 
      +                          list
    39                           ;        of conditions and the following disclaimer in the documentation and/or other
    40                           ;        materials provided with the distribution. Publication is not required when
    41                           ;        this file is used in an embedded application.
    42                           ; 
    43                           ;     3. Microchip's name may not be used to endorse or promote products derived from th
      +                          is
    44                           ;        software without specific prior written permission.
    45                           ; 
    46                           ; THIS SOFTWARE IS PROVIDED BY MICROCHIP "AS IS" AND ANY EXPRESS OR IMPLIED WARRANTIES,
    47                           ; INCLUDING, BUT NOT LIMITED TO, THE IMPLIED WARRANTIES OF MERCHANTABILITY AND FITNESS F
      +                          OR
    48                           ; PURPOSE ARE DISCLAIMED.  IN NO EVENT SHALL MICROCHIP BE LIABLE FOR ANY DIRECT, INDIREC
      +                          T,
    49                           ; INCIDENTAL, SPECIAL, EXEMPLARY, OR CONSEQUENTIAL DAMAGES (INCLUDING BUT NOT LIMITED TO
    50                           ; PROCUREMENT OF SUBSTITUTE GOODS OR SERVICES; LOSS OF USE, DATA OR PROFITS; OR BUSINESS
    51                           ; INTERRUPTION) HOWSOEVER CAUSED AND ON ANY THEORY OF LIABILITY, WHETHER IN CONTRACT, ST
      +                          RICT
    52                           ; LIABILITY, OR TORT (INCLUDING NEGLIGENCE OR OTHERWISE) ARISING IN ANY WAY OUT OF THE U
      +                          SE OF
    53                           ; THIS SOFTWARE, EVEN IF ADVISED OF THE POSSIBILITY OF SUCH DAMAGE.
    54                           ; 
    55                           ; 
    56                           ; Code-generator required, PIC18F45K20 Definitions
    57                           ; 
    58                           ; SFR Addresses
    59   000000                     _TRISD	set	3989
    60   000000                     _TRISC	set	3988
    61   000000                     _TRISB	set	3987
    62   000000                     _LATC	set	3979
    63   000000                     _LATB	set	3978
    64   000000                     _LATCbits	set	3979
    65   000000                     _WPUB	set	3964
    66   000000                     _ANSEL	set	3966
    67   000000                     _LATA	set	3977
    68   000000                     _LATD	set	3980
    69   000000                     _LATE	set	3981
    70   000000                     _OSCTUNE	set	3995
    71   000000                     _OSCCON	set	4051
    72   000000                     _INTCON2bits	set	4081
    73   000000                     _TRISA	set	3986
    74   000000                     _TRISE	set	3990
    75   000000                     _PORTBbits	set	3969
    76   000000                     _ANSELH	set	3967
    77   000000                     _INTCONbits	set	4082
    78                           
    79                           ; #config settings
    80                           
    81                           	psect	cinit
    82   007EB2                     __pcinit:
    83                           	callstack 0
    84   007EB2                     start_initialization:
    85                           	callstack 0
    86   007EB2                     __initialization:
    87                           	callstack 0
    88                           
    89                           ; Clear objects allocated to COMRAM (1 bytes)
    90   007EB2  6A03               	clrf	__pbssCOMRAM& (0+255),c
    91   007EB4                     end_of_initialization:
    92                           	callstack 0
    93   007EB4                     __end_of__initialization:
    94                           	callstack 0
    95   007EB4  0E00               	movlw	low (__Lmediumconst shr (0+16))
    96   007EB6  6EF8               	movwf	tblptru,c
    97   007EB8  0100               	movlb	0
    98   007EBA  EF77  F03F         	goto	_main	;jump to C main() function
    99                           
   100                           	psect	bssCOMRAM
   101   000003                     __pbssCOMRAM:
   102                           	callstack 0
   103   000003                     _Counter:
   104                           	callstack 0
   105   000003                     	ds	1
   106                           
   107                           	psect	cstackCOMRAM
   108   000001                     __pcstackCOMRAM:
   109                           	callstack 0
   110   000001                     ??_main:
   111                           
   112                           ; 1 bytes @ 0x0
   113   000001                     	ds	2
   114                           
   115 ;;
   116 ;;Main: autosize = 0, tempsize = 2, incstack = 0, save=0
   117 ;;
   118 ;; *************** function _main *****************
   119 ;; Defined at:
   120 ;;		line 68 in file "main.c"
   121 ;; Parameters:    Size  Location     Type
   122 ;;		None
   123 ;; Auto vars:     Size  Location     Type
   124 ;;		None
   125 ;; Return value:  Size  Location     Type
   126 ;;                  1    wreg      void 
   127 ;; Registers used:
   128 ;;		wreg, status,2, status,0, cstack
   129 ;; Tracked objects:
   130 ;;		On entry : 0/0
   131 ;;		On exit  : 0/0
   132 ;;		Unchanged: 0/0
   133 ;; Data sizes:     COMRAM   BANK0   BANK1   BANK2   BANK3   BANK4   BANK5
   134 ;;      Params:         0       0       0       0       0       0       0
   135 ;;      Locals:         0       0       0       0       0       0       0
   136 ;;      Temps:          2       0       0       0       0       0       0
   137 ;;      Totals:         2       0       0       0       0       0       0
   138 ;;Total ram usage:        2 bytes
   139 ;; Hardware stack levels required when called: 2
   140 ;; This function calls:
   141 ;;		_BLUE
   142 ;;		_CYAN
   143 ;;		_GREEN
   144 ;;		_NONE
   145 ;;		_PURPLE
   146 ;;		_RED
   147 ;;		_SYSTEM_Initialize
   148 ;;		_WHITE
   149 ;;		_YELLOW
   150 ;; This function is called by:
   151 ;;		Startup code after reset
   152 ;; This function uses a non-reentrant model
   153 ;;
   154                           
   155                           	psect	text0
   156   007EEE                     __ptext0:
   157                           	callstack 0
   158   007EEE                     _main:
   159                           	callstack 29
   160   007EEE                     
   161                           ;main.c: 71:     SYSTEM_Initialize();
   162   007EEE  EC54  F03F         	call	_SYSTEM_Initialize	;wreg free
   163   007EF2  EF9E  F03F         	goto	l842
   164   007EF6                     l824:
   165                           
   166                           ;main.c: 77:                 NONE();
   167   007EF6  EC3B  F03F         	call	_NONE	;wreg free
   168                           
   169                           ;main.c: 78:                 break;
   170   007EFA  EFCB  F03F         	goto	l94
   171   007EFE                     l826:
   172                           
   173                           ;main.c: 80:                 RED();
   174   007EFE  EC43  F03F         	call	_RED	;wreg free
   175                           
   176                           ;main.c: 81:                 break;
   177   007F02  EFCB  F03F         	goto	l94
   178   007F06                     l828:
   179                           
   180                           ;main.c: 83:                 GREEN();
   181   007F06  EC37  F03F         	call	_GREEN	;wreg free
   182                           
   183                           ;main.c: 84:                 break;
   184   007F0A  EFCB  F03F         	goto	l94
   185   007F0E                     l830:
   186                           
   187                           ;main.c: 86:                 YELLOW();
   188   007F0E  EC4B  F03F         	call	_YELLOW	;wreg free
   189                           
   190                           ;main.c: 87:                 break;
   191   007F12  EFCB  F03F         	goto	l94
   192   007F16                     l832:
   193                           
   194                           ;main.c: 89:                 BLUE();
   195   007F16  EC2F  F03F         	call	_BLUE	;wreg free
   196                           
   197                           ;main.c: 90:                 break;
   198   007F1A  EFCB  F03F         	goto	l94
   199   007F1E                     l834:
   200                           
   201                           ;main.c: 92:                 PURPLE();
   202   007F1E  EC3F  F03F         	call	_PURPLE	;wreg free
   203                           
   204                           ;main.c: 93:                 break;
   205   007F22  EFCB  F03F         	goto	l94
   206   007F26                     l836:
   207                           
   208                           ;main.c: 95:                 CYAN();
   209   007F26  EC33  F03F         	call	_CYAN	;wreg free
   210                           
   211                           ;main.c: 96:                 break;
   212   007F2A  EFCB  F03F         	goto	l94
   213   007F2E                     l838:
   214                           
   215                           ;main.c: 98:                 WHITE();
   216   007F2E  EC47  F03F         	call	_WHITE	;wreg free
   217                           
   218                           ;main.c: 99:                 break;
   219   007F32  EFCB  F03F         	goto	l94
   220   007F36                     l102:
   221                           
   222                           ;main.c: 101:                 __nop();
   223   007F36  F000               	nop	
   224                           
   225                           ;main.c: 102:                 break;
   226   007F38  EFCB  F03F         	goto	l94
   227   007F3C                     l92:
   228   007F3C                     l842:
   229   007F3C  5003               	movf	_Counter^0,w,c
   230   007F3E  6E01               	movwf	??_main^0,c
   231   007F40  6A02               	clrf	(??_main+1)^0,c
   232                           
   233                           ; Switch on 2 bytes has been partitioned into a top level switch of size 1, and 1 sub-sw
      +                          itches
   234                           ; Switch size 1, requested type "simple"
   235                           ; Number of cases is 1, Range of values is 0 to 0
   236                           ; switch strategies available:
   237                           ; Name         Instructions Cycles
   238                           ; simple_byte            4     3 (average)
   239                           ;	Chosen strategy is simple_byte
   240   007F42  5002               	movf	(??_main+1)^0,w,c
   241   007F44  0A00               	xorlw	0	; case 0
   242   007F46  B4D8               	btfsc	status,2,c
   243   007F48  EFA8  F03F         	goto	l862
   244   007F4C  EF9B  F03F         	goto	l102
   245   007F50                     l862:
   246                           
   247                           ; Switch size 1, requested type "simple"
   248                           ; Number of cases is 8, Range of values is 0 to 7
   249                           ; switch strategies available:
   250                           ; Name         Instructions Cycles
   251                           ; simple_byte           25    13 (average)
   252                           ;	Chosen strategy is simple_byte
   253   007F50  5001               	movf	??_main^0,w,c
   254   007F52  0A00               	xorlw	0	; case 0
   255   007F54  B4D8               	btfsc	status,2,c
   256   007F56  EF7B  F03F         	goto	l824
   257   007F5A  0A01               	xorlw	1	; case 1
   258   007F5C  B4D8               	btfsc	status,2,c
   259   007F5E  EF7F  F03F         	goto	l826
   260   007F62  0A03               	xorlw	3	; case 2
   261   007F64  B4D8               	btfsc	status,2,c
   262   007F66  EF83  F03F         	goto	l828
   263   007F6A  0A01               	xorlw	1	; case 3
   264   007F6C  B4D8               	btfsc	status,2,c
   265   007F6E  EF87  F03F         	goto	l830
   266   007F72  0A07               	xorlw	7	; case 4
   267   007F74  B4D8               	btfsc	status,2,c
   268   007F76  EF8B  F03F         	goto	l832
   269   007F7A  0A01               	xorlw	1	; case 5
   270   007F7C  B4D8               	btfsc	status,2,c
   271   007F7E  EF8F  F03F         	goto	l834
   272   007F82  0A03               	xorlw	3	; case 6
   273   007F84  B4D8               	btfsc	status,2,c
   274   007F86  EF93  F03F         	goto	l836
   275   007F8A  0A01               	xorlw	1	; case 7
   276   007F8C  B4D8               	btfsc	status,2,c
   277   007F8E  EF97  F03F         	goto	l838
   278   007F92  EF9B  F03F         	goto	l102
   279   007F96                     l94:
   280                           
   281                           ;main.c: 105:     if(PORTBbits.RB0 == 0){
   282   007F96  B081               	btfsc	129,0,c	;volatile
   283   007F98  EFD0  F03F         	goto	u11
   284   007F9C  EFD2  F03F         	goto	u10
   285   007FA0                     u11:
   286   007FA0  EFF4  F03F         	goto	l103
   287   007FA4                     u10:
   288   007FA4                     
   289                           ;main.c: 106:         _delay((unsigned long)((500)*(20000000/4000.0)));
   290   007FA4  0E0D               	movlw	13
   291   007FA6  6E02               	movwf	(??_main+1)^0,c
   292   007FA8  0EAF               	movlw	175
   293   007FAA  6E01               	movwf	??_main^0,c
   294   007FAC  0EB6               	movlw	182
   295   007FAE                     u57:
   296   007FAE  2EE8               	decfsz	wreg,f,c
   297   007FB0  D7FE               	bra	u57
   298   007FB2  2E01               	decfsz	??_main^0,f,c
   299   007FB4  D7FC               	bra	u57
   300   007FB6  2E02               	decfsz	(??_main+1)^0,f,c
   301   007FB8  D7FA               	bra	u57
   302   007FBA  F000 F000          	nop2	
   303   007FBE                     l104:
   304   007FBE  A081               	btfss	129,0,c	;volatile
   305   007FC0  EFE4  F03F         	goto	u21
   306   007FC4  EFE6  F03F         	goto	u20
   307   007FC8                     u21:
   308   007FC8  EFDF  F03F         	goto	l104
   309   007FCC                     u20:
   310   007FCC                     
   311                           ;main.c: 108:         Counter++;
   312   007FCC  2A03               	incf	_Counter^0,f,c
   313   007FCE                     
   314                           ;main.c: 109:         if(Counter == 8){
   315   007FCE  0E08               	movlw	8
   316   007FD0  1803               	xorwf	_Counter^0,w,c
   317   007FD2  A4D8               	btfss	status,2,c
   318   007FD4  EFEE  F03F         	goto	u31
   319   007FD8  EFF0  F03F         	goto	u30
   320   007FDC                     u31:
   321   007FDC  EF9E  F03F         	goto	l92
   322   007FE0                     u30:
   323   007FE0                     
   324                           ;main.c: 110:             Counter=0;
   325   007FE0  0E00               	movlw	0
   326   007FE2  6E03               	movwf	_Counter^0,c
   327   007FE4  EF9E  F03F         	goto	l842
   328   007FE8                     l103:
   329   007FE8  A081               	btfss	129,0,c	;volatile
   330   007FEA  EFF9  F03F         	goto	u41
   331   007FEE  EFFB  F03F         	goto	u40
   332   007FF2                     u41:
   333   007FF2  EF9E  F03F         	goto	l92
   334   007FF6                     u40:
   335   007FF6                     
   336                           ;main.c: 114:         __nop();
   337   007FF6  F000               	nop	
   338   007FF8  EF9E  F03F         	goto	l842
   339   007FFC  EF00  F000         	goto	start
   340   008000                     __end_of_main:
   341                           	callstack 0
   342                           
   343 ;; *************** function _YELLOW *****************
   344 ;; Defined at:
   345 ;;		line 40 in file "main.c"
   346 ;; Parameters:    Size  Location     Type
   347 ;;		None
   348 ;; Auto vars:     Size  Location     Type
   349 ;;		None
   350 ;; Return value:  Size  Location     Type
   351 ;;                  1    wreg      void 
   352 ;; Registers used:
   353 ;;		None
   354 ;; Tracked objects:
   355 ;;		On entry : 0/0
   356 ;;		On exit  : 0/0
   357 ;;		Unchanged: 0/0
   358 ;; Data sizes:     COMRAM   BANK0   BANK1   BANK2   BANK3   BANK4   BANK5
   359 ;;      Params:         0       0       0       0       0       0       0
   360 ;;      Locals:         0       0       0       0       0       0       0
   361 ;;      Temps:          0       0       0       0       0       0       0
   362 ;;      Totals:         0       0       0       0       0       0       0
   363 ;;Total ram usage:        0 bytes
   364 ;; Hardware stack levels used: 1
   365 ;; This function calls:
   366 ;;		Nothing
   367 ;; This function is called by:
   368 ;;		_main
   369 ;; This function uses a non-reentrant model
   370 ;;
   371                           
   372                           	psect	text1
   373   007E96                     __ptext1:
   374                           	callstack 0
   375   007E96                     _YELLOW:
   376                           	callstack 30
   377   007E96                     
   378                           ;main.c: 41:     LATCbits.LATC0 = 1;
   379   007E96  808B               	bsf	139,0,c	;volatile
   380                           
   381                           ;main.c: 42:     LATCbits.LATC1 = 1;
   382   007E98  828B               	bsf	139,1,c	;volatile
   383                           
   384                           ;main.c: 43:     LATCbits.LATC2 = 0;
   385   007E9A  948B               	bcf	139,2,c	;volatile
   386   007E9C  0012               	return		;funcret
   387   007E9E                     __end_of_YELLOW:
   388                           	callstack 0
   389                           
   390 ;; *************** function _WHITE *****************
   391 ;; Defined at:
   392 ;;		line 34 in file "main.c"
   393 ;; Parameters:    Size  Location     Type
   394 ;;		None
   395 ;; Auto vars:     Size  Location     Type
   396 ;;		None
   397 ;; Return value:  Size  Location     Type
   398 ;;                  1    wreg      void 
   399 ;; Registers used:
   400 ;;		None
   401 ;; Tracked objects:
   402 ;;		On entry : 0/0
   403 ;;		On exit  : 0/0
   404 ;;		Unchanged: 0/0
   405 ;; Data sizes:     COMRAM   BANK0   BANK1   BANK2   BANK3   BANK4   BANK5
   406 ;;      Params:         0       0       0       0       0       0       0
   407 ;;      Locals:         0       0       0       0       0       0       0
   408 ;;      Temps:          0       0       0       0       0       0       0
   409 ;;      Totals:         0       0       0       0       0       0       0
   410 ;;Total ram usage:        0 bytes
   411 ;; Hardware stack levels used: 1
   412 ;; This function calls:
   413 ;;		Nothing
   414 ;; This function is called by:
   415 ;;		_main
   416 ;; This function uses a non-reentrant model
   417 ;;
   418                           
   419                           	psect	text2
   420   007E8E                     __ptext2:
   421                           	callstack 0
   422   007E8E                     _WHITE:
   423                           	callstack 30
   424   007E8E                     
   425                           ;main.c: 35:     LATCbits.LATC0 = 1;
   426   007E8E  808B               	bsf	139,0,c	;volatile
   427                           
   428                           ;main.c: 36:     LATCbits.LATC1 = 1;
   429   007E90  828B               	bsf	139,1,c	;volatile
   430                           
   431                           ;main.c: 37:     LATCbits.LATC2 = 1;
   432   007E92  848B               	bsf	139,2,c	;volatile
   433   007E94  0012               	return		;funcret
   434   007E96                     __end_of_WHITE:
   435                           	callstack 0
   436                           
   437 ;; *************** function _SYSTEM_Initialize *****************
   438 ;; Defined at:
   439 ;;		line 50 in file "mcc_generated_files/mcc.c"
   440 ;; Parameters:    Size  Location     Type
   441 ;;		None
   442 ;; Auto vars:     Size  Location     Type
   443 ;;		None
   444 ;; Return value:  Size  Location     Type
   445 ;;                  1    wreg      void 
   446 ;; Registers used:
   447 ;;		wreg, status,2, cstack
   448 ;; Tracked objects:
   449 ;;		On entry : 0/0
   450 ;;		On exit  : 0/0
   451 ;;		Unchanged: 0/0
   452 ;; Data sizes:     COMRAM   BANK0   BANK1   BANK2   BANK3   BANK4   BANK5
   453 ;;      Params:         0       0       0       0       0       0       0
   454 ;;      Locals:         0       0       0       0       0       0       0
   455 ;;      Temps:          0       0       0       0       0       0       0
   456 ;;      Totals:         0       0       0       0       0       0       0
   457 ;;Total ram usage:        0 bytes
   458 ;; Hardware stack levels used: 1
   459 ;; Hardware stack levels required when called: 1
   460 ;; This function calls:
   461 ;;		_OSCILLATOR_Initialize
   462 ;;		_PIN_MANAGER_Initialize
   463 ;; This function is called by:
   464 ;;		_main
   465 ;; This function uses a non-reentrant model
   466 ;;
   467                           
   468                           	psect	text3
   469   007EA8                     __ptext3:
   470                           	callstack 0
   471   007EA8                     _SYSTEM_Initialize:
   472                           	callstack 29
   473   007EA8                     
   474                           ;mcc_generated_files/mcc.c: 53:     PIN_MANAGER_Initialize();
   475   007EA8  EC5F  F03F         	call	_PIN_MANAGER_Initialize	;wreg free
   476                           
   477                           ;mcc_generated_files/mcc.c: 54:     OSCILLATOR_Initialize();
   478   007EAC  EC4F  F03F         	call	_OSCILLATOR_Initialize	;wreg free
   479   007EB0  0012               	return		;funcret
   480   007EB2                     __end_of_SYSTEM_Initialize:
   481                           	callstack 0
   482                           
   483 ;; *************** function _PIN_MANAGER_Initialize *****************
   484 ;; Defined at:
   485 ;;		line 55 in file "mcc_generated_files/pin_manager.c"
   486 ;; Parameters:    Size  Location     Type
   487 ;;		None
   488 ;; Auto vars:     Size  Location     Type
   489 ;;		None
   490 ;; Return value:  Size  Location     Type
   491 ;;                  1    wreg      void 
   492 ;; Registers used:
   493 ;;		wreg, status,2
   494 ;; Tracked objects:
   495 ;;		On entry : 0/0
   496 ;;		On exit  : 0/0
   497 ;;		Unchanged: 0/0
   498 ;; Data sizes:     COMRAM   BANK0   BANK1   BANK2   BANK3   BANK4   BANK5
   499 ;;      Params:         0       0       0       0       0       0       0
   500 ;;      Locals:         0       0       0       0       0       0       0
   501 ;;      Temps:          0       0       0       0       0       0       0
   502 ;;      Totals:         0       0       0       0       0       0       0
   503 ;;Total ram usage:        0 bytes
   504 ;; Hardware stack levels used: 1
   505 ;; This function calls:
   506 ;;		Nothing
   507 ;; This function is called by:
   508 ;;		_SYSTEM_Initialize
   509 ;; This function uses a non-reentrant model
   510 ;;
   511                           
   512                           	psect	text4
   513   007EBE                     __ptext4:
   514                           	callstack 0
   515   007EBE                     _PIN_MANAGER_Initialize:
   516                           	callstack 29
   517   007EBE                     
   518                           ;mcc_generated_files/pin_manager.c: 60:     LATE = 0x00;
   519   007EBE  0E00               	movlw	0
   520   007EC0  6E8D               	movwf	141,c	;volatile
   521                           
   522                           ;mcc_generated_files/pin_manager.c: 61:     LATD = 0x00;
   523   007EC2  0E00               	movlw	0
   524   007EC4  6E8C               	movwf	140,c	;volatile
   525                           
   526                           ;mcc_generated_files/pin_manager.c: 62:     LATA = 0x00;
   527   007EC6  0E00               	movlw	0
   528   007EC8  6E89               	movwf	137,c	;volatile
   529                           
   530                           ;mcc_generated_files/pin_manager.c: 63:     LATB = 0x00;
   531   007ECA  0E00               	movlw	0
   532   007ECC  6E8A               	movwf	138,c	;volatile
   533                           
   534                           ;mcc_generated_files/pin_manager.c: 64:     LATC = 0x00;
   535   007ECE  0E00               	movlw	0
   536   007ED0  6E8B               	movwf	139,c	;volatile
   537                           
   538                           ;mcc_generated_files/pin_manager.c: 69:     TRISE = 0x07;
   539   007ED2  0E07               	movlw	7
   540   007ED4  6E96               	movwf	150,c	;volatile
   541   007ED6                     
   542                           ;mcc_generated_files/pin_manager.c: 70:     TRISA = 0xFF;
   543   007ED6  6892               	setf	146,c	;volatile
   544   007ED8                     
   545                           ;mcc_generated_files/pin_manager.c: 71:     TRISB = 0xFF;
   546   007ED8  6893               	setf	147,c	;volatile
   547                           
   548                           ;mcc_generated_files/pin_manager.c: 72:     TRISC = 0xF8;
   549   007EDA  0EF8               	movlw	248
   550   007EDC  6E94               	movwf	148,c	;volatile
   551   007EDE                     
   552                           ;mcc_generated_files/pin_manager.c: 73:     TRISD = 0xFF;
   553   007EDE  6895               	setf	149,c	;volatile
   554   007EE0                     
   555                           ;mcc_generated_files/pin_manager.c: 78:     ANSEL = 0xFF;
   556   007EE0  687E               	setf	126,c	;volatile
   557                           
   558                           ;mcc_generated_files/pin_manager.c: 79:     ANSELH = 0x0F;
   559   007EE2  0E0F               	movlw	15
   560   007EE4  6E7F               	movwf	127,c	;volatile
   561                           
   562                           ;mcc_generated_files/pin_manager.c: 84:     WPUB = 0x00;
   563   007EE6  0E00               	movlw	0
   564   007EE8  6E7C               	movwf	124,c	;volatile
   565   007EEA                     
   566                           ;mcc_generated_files/pin_manager.c: 85:     INTCON2bits.nRBPU = 1;
   567   007EEA  8EF1               	bsf	241,7,c	;volatile
   568   007EEC  0012               	return		;funcret
   569   007EEE                     __end_of_PIN_MANAGER_Initialize:
   570                           	callstack 0
   571                           
   572 ;; *************** function _OSCILLATOR_Initialize *****************
   573 ;; Defined at:
   574 ;;		line 57 in file "mcc_generated_files/mcc.c"
   575 ;; Parameters:    Size  Location     Type
   576 ;;		None
   577 ;; Auto vars:     Size  Location     Type
   578 ;;		None
   579 ;; Return value:  Size  Location     Type
   580 ;;                  1    wreg      void 
   581 ;; Registers used:
   582 ;;		wreg, status,2
   583 ;; Tracked objects:
   584 ;;		On entry : 0/0
   585 ;;		On exit  : 0/0
   586 ;;		Unchanged: 0/0
   587 ;; Data sizes:     COMRAM   BANK0   BANK1   BANK2   BANK3   BANK4   BANK5
   588 ;;      Params:         0       0       0       0       0       0       0
   589 ;;      Locals:         0       0       0       0       0       0       0
   590 ;;      Temps:          0       0       0       0       0       0       0
   591 ;;      Totals:         0       0       0       0       0       0       0
   592 ;;Total ram usage:        0 bytes
   593 ;; Hardware stack levels used: 1
   594 ;; This function calls:
   595 ;;		Nothing
   596 ;; This function is called by:
   597 ;;		_SYSTEM_Initialize
   598 ;; This function uses a non-reentrant model
   599 ;;
   600                           
   601                           	psect	text5
   602   007E9E                     __ptext5:
   603                           	callstack 0
   604   007E9E                     _OSCILLATOR_Initialize:
   605                           	callstack 29
   606   007E9E                     
   607                           ;mcc_generated_files/mcc.c: 60:     OSCCON = 0x30;
   608   007E9E  0E30               	movlw	48
   609   007EA0  6ED3               	movwf	211,c	;volatile
   610                           
   611                           ;mcc_generated_files/mcc.c: 62:     OSCTUNE = 0x00;
   612   007EA2  0E00               	movlw	0
   613   007EA4  6E9B               	movwf	155,c	;volatile
   614   007EA6  0012               	return		;funcret
   615   007EA8                     __end_of_OSCILLATOR_Initialize:
   616                           	callstack 0
   617                           
   618 ;; *************** function _RED *****************
   619 ;; Defined at:
   620 ;;		line 16 in file "main.c"
   621 ;; Parameters:    Size  Location     Type
   622 ;;		None
   623 ;; Auto vars:     Size  Location     Type
   624 ;;		None
   625 ;; Return value:  Size  Location     Type
   626 ;;                  1    wreg      void 
   627 ;; Registers used:
   628 ;;		None
   629 ;; Tracked objects:
   630 ;;		On entry : 0/0
   631 ;;		On exit  : 0/0
   632 ;;		Unchanged: 0/0
   633 ;; Data sizes:     COMRAM   BANK0   BANK1   BANK2   BANK3   BANK4   BANK5
   634 ;;      Params:         0       0       0       0       0       0       0
   635 ;;      Locals:         0       0       0       0       0       0       0
   636 ;;      Temps:          0       0       0       0       0       0       0
   637 ;;      Totals:         0       0       0       0       0       0       0
   638 ;;Total ram usage:        0 bytes
   639 ;; Hardware stack levels used: 1
   640 ;; This function calls:
   641 ;;		Nothing
   642 ;; This function is called by:
   643 ;;		_main
   644 ;; This function uses a non-reentrant model
   645 ;;
   646                           
   647                           	psect	text6
   648   007E86                     __ptext6:
   649                           	callstack 0
   650   007E86                     _RED:
   651                           	callstack 30
   652   007E86                     
   653                           ;main.c: 17:     LATCbits.LATC0 = 1;
   654   007E86  808B               	bsf	139,0,c	;volatile
   655                           
   656                           ;main.c: 18:     LATCbits.LATC1 = 0;
   657   007E88  928B               	bcf	139,1,c	;volatile
   658                           
   659                           ;main.c: 19:     LATCbits.LATC2 = 0;
   660   007E8A  948B               	bcf	139,2,c	;volatile
   661   007E8C  0012               	return		;funcret
   662   007E8E                     __end_of_RED:
   663                           	callstack 0
   664                           
   665 ;; *************** function _PURPLE *****************
   666 ;; Defined at:
   667 ;;		line 52 in file "main.c"
   668 ;; Parameters:    Size  Location     Type
   669 ;;		None
   670 ;; Auto vars:     Size  Location     Type
   671 ;;		None
   672 ;; Return value:  Size  Location     Type
   673 ;;                  1    wreg      void 
   674 ;; Registers used:
   675 ;;		None
   676 ;; Tracked objects:
   677 ;;		On entry : 0/0
   678 ;;		On exit  : 0/0
   679 ;;		Unchanged: 0/0
   680 ;; Data sizes:     COMRAM   BANK0   BANK1   BANK2   BANK3   BANK4   BANK5
   681 ;;      Params:         0       0       0       0       0       0       0
   682 ;;      Locals:         0       0       0       0       0       0       0
   683 ;;      Temps:          0       0       0       0       0       0       0
   684 ;;      Totals:         0       0       0       0       0       0       0
   685 ;;Total ram usage:        0 bytes
   686 ;; Hardware stack levels used: 1
   687 ;; This function calls:
   688 ;;		Nothing
   689 ;; This function is called by:
   690 ;;		_main
   691 ;; This function uses a non-reentrant model
   692 ;;
   693                           
   694                           	psect	text7
   695   007E7E                     __ptext7:
   696                           	callstack 0
   697   007E7E                     _PURPLE:
   698                           	callstack 30
   699   007E7E                     
   700                           ;main.c: 53:     LATCbits.LATC0 = 1;
   701   007E7E  808B               	bsf	139,0,c	;volatile
   702                           
   703                           ;main.c: 54:     LATCbits.LATC1 = 0;
   704   007E80  928B               	bcf	139,1,c	;volatile
   705                           
   706                           ;main.c: 55:     LATCbits.LATC2 = 1;
   707   007E82  848B               	bsf	139,2,c	;volatile
   708   007E84  0012               	return		;funcret
   709   007E86                     __end_of_PURPLE:
   710                           	callstack 0
   711                           
   712 ;; *************** function _NONE *****************
   713 ;; Defined at:
   714 ;;		line 46 in file "main.c"
   715 ;; Parameters:    Size  Location     Type
   716 ;;		None
   717 ;; Auto vars:     Size  Location     Type
   718 ;;		None
   719 ;; Return value:  Size  Location     Type
   720 ;;                  1    wreg      void 
   721 ;; Registers used:
   722 ;;		None
   723 ;; Tracked objects:
   724 ;;		On entry : 0/0
   725 ;;		On exit  : 0/0
   726 ;;		Unchanged: 0/0
   727 ;; Data sizes:     COMRAM   BANK0   BANK1   BANK2   BANK3   BANK4   BANK5
   728 ;;      Params:         0       0       0       0       0       0       0
   729 ;;      Locals:         0       0       0       0       0       0       0
   730 ;;      Temps:          0       0       0       0       0       0       0
   731 ;;      Totals:         0       0       0       0       0       0       0
   732 ;;Total ram usage:        0 bytes
   733 ;; Hardware stack levels used: 1
   734 ;; This function calls:
   735 ;;		Nothing
   736 ;; This function is called by:
   737 ;;		_main
   738 ;; This function uses a non-reentrant model
   739 ;;
   740                           
   741                           	psect	text8
   742   007E76                     __ptext8:
   743                           	callstack 0
   744   007E76                     _NONE:
   745                           	callstack 30
   746   007E76                     
   747                           ;main.c: 47:     LATCbits.LATC0 = 0;
   748   007E76  908B               	bcf	139,0,c	;volatile
   749                           
   750                           ;main.c: 48:     LATCbits.LATC1 = 0;
   751   007E78  928B               	bcf	139,1,c	;volatile
   752                           
   753                           ;main.c: 49:     LATCbits.LATC2 = 0;
   754   007E7A  948B               	bcf	139,2,c	;volatile
   755   007E7C  0012               	return		;funcret
   756   007E7E                     __end_of_NONE:
   757                           	callstack 0
   758                           
   759 ;; *************** function _GREEN *****************
   760 ;; Defined at:
   761 ;;		line 22 in file "main.c"
   762 ;; Parameters:    Size  Location     Type
   763 ;;		None
   764 ;; Auto vars:     Size  Location     Type
   765 ;;		None
   766 ;; Return value:  Size  Location     Type
   767 ;;                  1    wreg      void 
   768 ;; Registers used:
   769 ;;		None
   770 ;; Tracked objects:
   771 ;;		On entry : 0/0
   772 ;;		On exit  : 0/0
   773 ;;		Unchanged: 0/0
   774 ;; Data sizes:     COMRAM   BANK0   BANK1   BANK2   BANK3   BANK4   BANK5
   775 ;;      Params:         0       0       0       0       0       0       0
   776 ;;      Locals:         0       0       0       0       0       0       0
   777 ;;      Temps:          0       0       0       0       0       0       0
   778 ;;      Totals:         0       0       0       0       0       0       0
   779 ;;Total ram usage:        0 bytes
   780 ;; Hardware stack levels used: 1
   781 ;; This function calls:
   782 ;;		Nothing
   783 ;; This function is called by:
   784 ;;		_main
   785 ;; This function uses a non-reentrant model
   786 ;;
   787                           
   788                           	psect	text9
   789   007E6E                     __ptext9:
   790                           	callstack 0
   791   007E6E                     _GREEN:
   792                           	callstack 30
   793   007E6E                     
   794                           ;main.c: 23:     LATCbits.LATC0 = 0;
   795   007E6E  908B               	bcf	139,0,c	;volatile
   796                           
   797                           ;main.c: 24:     LATCbits.LATC1 = 1;
   798   007E70  828B               	bsf	139,1,c	;volatile
   799                           
   800                           ;main.c: 25:     LATCbits.LATC2 = 0;
   801   007E72  948B               	bcf	139,2,c	;volatile
   802   007E74  0012               	return		;funcret
   803   007E76                     __end_of_GREEN:
   804                           	callstack 0
   805                           
   806 ;; *************** function _CYAN *****************
   807 ;; Defined at:
   808 ;;		line 58 in file "main.c"
   809 ;; Parameters:    Size  Location     Type
   810 ;;		None
   811 ;; Auto vars:     Size  Location     Type
   812 ;;		None
   813 ;; Return value:  Size  Location     Type
   814 ;;                  1    wreg      void 
   815 ;; Registers used:
   816 ;;		None
   817 ;; Tracked objects:
   818 ;;		On entry : 0/0
   819 ;;		On exit  : 0/0
   820 ;;		Unchanged: 0/0
   821 ;; Data sizes:     COMRAM   BANK0   BANK1   BANK2   BANK3   BANK4   BANK5
   822 ;;      Params:         0       0       0       0       0       0       0
   823 ;;      Locals:         0       0       0       0       0       0       0
   824 ;;      Temps:          0       0       0       0       0       0       0
   825 ;;      Totals:         0       0       0       0       0       0       0
   826 ;;Total ram usage:        0 bytes
   827 ;; Hardware stack levels used: 1
   828 ;; This function calls:
   829 ;;		Nothing
   830 ;; This function is called by:
   831 ;;		_main
   832 ;; This function uses a non-reentrant model
   833 ;;
   834                           
   835                           	psect	text10
   836   007E66                     __ptext10:
   837                           	callstack 0
   838   007E66                     _CYAN:
   839                           	callstack 30
   840   007E66                     
   841                           ;main.c: 59:     LATCbits.LATC0 = 0;
   842   007E66  908B               	bcf	139,0,c	;volatile
   843                           
   844                           ;main.c: 60:     LATCbits.LATC1 = 1;
   845   007E68  828B               	bsf	139,1,c	;volatile
   846                           
   847                           ;main.c: 61:     LATCbits.LATC2 = 1;
   848   007E6A  848B               	bsf	139,2,c	;volatile
   849   007E6C  0012               	return		;funcret
   850   007E6E                     __end_of_CYAN:
   851                           	callstack 0
   852                           
   853 ;; *************** function _BLUE *****************
   854 ;; Defined at:
   855 ;;		line 28 in file "main.c"
   856 ;; Parameters:    Size  Location     Type
   857 ;;		None
   858 ;; Auto vars:     Size  Location     Type
   859 ;;		None
   860 ;; Return value:  Size  Location     Type
   861 ;;                  1    wreg      void 
   862 ;; Registers used:
   863 ;;		None
   864 ;; Tracked objects:
   865 ;;		On entry : 0/0
   866 ;;		On exit  : 0/0
   867 ;;		Unchanged: 0/0
   868 ;; Data sizes:     COMRAM   BANK0   BANK1   BANK2   BANK3   BANK4   BANK5
   869 ;;      Params:         0       0       0       0       0       0       0
   870 ;;      Locals:         0       0       0       0       0       0       0
   871 ;;      Temps:          0       0       0       0       0       0       0
   872 ;;      Totals:         0       0       0       0       0       0       0
   873 ;;Total ram usage:        0 bytes
   874 ;; Hardware stack levels used: 1
   875 ;; This function calls:
   876 ;;		Nothing
   877 ;; This function is called by:
   878 ;;		_main
   879 ;; This function uses a non-reentrant model
   880 ;;
   881                           
   882                           	psect	text11
   883   007E5E                     __ptext11:
   884                           	callstack 0
   885   007E5E                     _BLUE:
   886                           	callstack 30
   887   007E5E                     
   888                           ;main.c: 29:     LATCbits.LATC0 = 0;
   889   007E5E  908B               	bcf	139,0,c	;volatile
   890                           
   891                           ;main.c: 30:     LATCbits.LATC1 = 0;
   892   007E60  928B               	bcf	139,1,c	;volatile
   893                           
   894                           ;main.c: 31:     LATCbits.LATC2 = 1;
   895   007E62  848B               	bsf	139,2,c	;volatile
   896   007E64  0012               	return		;funcret
   897   007E66                     __end_of_BLUE:
   898                           	callstack 0
   899   000000                     
   900                           	psect	rparam
   901   000000                     
   902                           	psect	idloc
   903                           
   904                           ;Config register IDLOC0 @ 0x200000
   905                           ;	unspecified, using default values
   906   200000                     	org	2097152
   907   200000  FF                 	db	255
   908                           
   909                           ;Config register IDLOC1 @ 0x200001
   910                           ;	unspecified, using default values
   911   200001                     	org	2097153
   912   200001  FF                 	db	255
   913                           
   914                           ;Config register IDLOC2 @ 0x200002
   915                           ;	unspecified, using default values
   916   200002                     	org	2097154
   917   200002  FF                 	db	255
   918                           
   919                           ;Config register IDLOC3 @ 0x200003
   920                           ;	unspecified, using default values
   921   200003                     	org	2097155
   922   200003  FF                 	db	255
   923                           
   924                           ;Config register IDLOC4 @ 0x200004
   925                           ;	unspecified, using default values
   926   200004                     	org	2097156
   927   200004  FF                 	db	255
   928                           
   929                           ;Config register IDLOC5 @ 0x200005
   930                           ;	unspecified, using default values
   931   200005                     	org	2097157
   932   200005  FF                 	db	255
   933                           
   934                           ;Config register IDLOC6 @ 0x200006
   935                           ;	unspecified, using default values
   936   200006                     	org	2097158
   937   200006  FF                 	db	255
   938                           
   939                           ;Config register IDLOC7 @ 0x200007
   940                           ;	unspecified, using default values
   941   200007                     	org	2097159
   942   200007  FF                 	db	255
   943                           
   944                           	psect	config
   945                           
   946                           ; Padding undefined space
   947   300000                     	org	3145728
   948   300000  FF                 	db	255
   949                           
   950                           ;Config register CONFIG1H @ 0x300001
   951                           ;	Oscillator Selection bits
   952                           ;	FOSC = HS, HS oscillator
   953                           ;	Fail-Safe Clock Monitor Enable bit
   954                           ;	FCMEN = OFF, Fail-Safe Clock Monitor disabled
   955                           ;	Internal/External Oscillator Switchover bit
   956                           ;	IESO = OFF, Oscillator Switchover mode disabled
   957   300001                     	org	3145729
   958   300001  02                 	db	2
   959                           
   960                           ;Config register CONFIG2L @ 0x300002
   961                           ;	Power-up Timer Enable bit
   962                           ;	PWRT = OFF, PWRT disabled
   963                           ;	Brown-out Reset Enable bits
   964                           ;	BOREN = SBORDIS, Brown-out Reset enabled in hardware only (SBOREN is disabled)
   965                           ;	Brown Out Reset Voltage bits
   966                           ;	BORV = 18, VBOR set to 1.8 V nominal
   967   300002                     	org	3145730
   968   300002  1F                 	db	31
   969                           
   970                           ;Config register CONFIG2H @ 0x300003
   971                           ;	Watchdog Timer Enable bit
   972                           ;	WDTEN = OFF, WDT is controlled by SWDTEN bit of the WDTCON register
   973                           ;	Watchdog Timer Postscale Select bits
   974                           ;	WDTPS = 32768, 1:32768
   975   300003                     	org	3145731
   976   300003  1E                 	db	30
   977                           
   978                           ; Padding undefined space
   979   300004                     	org	3145732
   980   300004  FF                 	db	255
   981                           
   982                           ;Config register CONFIG3H @ 0x300005
   983                           ;	CCP2 MUX bit
   984                           ;	CCP2MX = PORTC, CCP2 input/output is multiplexed with RC1
   985                           ;	PORTB A/D Enable bit
   986                           ;	PBADEN = ON, PORTB<4:0> pins are configured as analog input channels on Reset
   987                           ;	Low-Power Timer1 Oscillator Enable bit
   988                           ;	LPT1OSC = OFF, Timer1 configured for higher power operation
   989                           ;	HFINTOSC Fast Start-up
   990                           ;	HFOFST = ON, HFINTOSC starts clocking the CPU without waiting for the oscillator to st
      +                          ablize.
   991                           ;	MCLR Pin Enable bit
   992                           ;	MCLRE = ON, MCLR pin enabled; RE3 input pin disabled
   993   300005                     	org	3145733
   994   300005  8B                 	db	139
   995                           
   996                           ;Config register CONFIG4L @ 0x300006
   997                           ;	Stack Full/Underflow Reset Enable bit
   998                           ;	STVREN = ON, Stack full/underflow will cause Reset
   999                           ;	Single-Supply ICSP Enable bit
  1000                           ;	LVP = OFF, Single-Supply ICSP disabled
  1001                           ;	Extended Instruction Set Enable bit
  1002                           ;	XINST = OFF, Instruction set extension and Indexed Addressing mode disabled (Legacy mo
      +                          de)
  1003                           ;	Background Debugger Enable bit
  1004                           ;	DEBUG = OFF, Background debugger disabled, RB6 and RB7 configured as general purpose I
      +                          /O pins
  1005   300006                     	org	3145734
  1006   300006  81                 	db	129
  1007                           
  1008                           ; Padding undefined space
  1009   300007                     	org	3145735
  1010   300007  FF                 	db	255
  1011                           
  1012                           ;Config register CONFIG5L @ 0x300008
  1013                           ;	Code Protection Block 0
  1014                           ;	CP0 = OFF, Block 0 (000800-001FFFh) not code-protected
  1015                           ;	Code Protection Block 1
  1016                           ;	CP1 = OFF, Block 1 (002000-003FFFh) not code-protected
  1017                           ;	Code Protection Block 2
  1018                           ;	CP2 = OFF, Block 2 (004000-005FFFh) not code-protected
  1019                           ;	Code Protection Block 3
  1020                           ;	CP3 = OFF, Block 3 (006000-007FFFh) not code-protected
  1021   300008                     	org	3145736
  1022   300008  0F                 	db	15
  1023                           
  1024                           ;Config register CONFIG5H @ 0x300009
  1025                           ;	Boot Block Code Protection bit
  1026                           ;	CPB = OFF, Boot block (000000-0007FFh) not code-protected
  1027                           ;	Data EEPROM Code Protection bit
  1028                           ;	CPD = OFF, Data EEPROM not code-protected
  1029   300009                     	org	3145737
  1030   300009  C0                 	db	192
  1031                           
  1032                           ;Config register CONFIG6L @ 0x30000A
  1033                           ;	Write Protection Block 0
  1034                           ;	WRT0 = OFF, Block 0 (000800-001FFFh) not write-protected
  1035                           ;	Write Protection Block 1
  1036                           ;	WRT1 = OFF, Block 1 (002000-003FFFh) not write-protected
  1037                           ;	Write Protection Block 2
  1038                           ;	WRT2 = OFF, Block 2 (004000-005FFFh) not write-protected
  1039                           ;	Write Protection Block 3
  1040                           ;	WRT3 = OFF, Block 3 (006000-007FFFh) not write-protected
  1041   30000A                     	org	3145738
  1042   30000A  0F                 	db	15
  1043                           
  1044                           ;Config register CONFIG6H @ 0x30000B
  1045                           ;	Configuration Register Write Protection bit
  1046                           ;	WRTC = OFF, Configuration registers (300000-3000FFh) not write-protected
  1047                           ;	Boot Block Write Protection bit
  1048                           ;	WRTB = OFF, Boot Block (000000-0007FFh) not write-protected
  1049                           ;	Data EEPROM Write Protection bit
  1050                           ;	WRTD = OFF, Data EEPROM not write-protected
  1051   30000B                     	org	3145739
  1052   30000B  E0                 	db	224
  1053                           
  1054                           ;Config register CONFIG7L @ 0x30000C
  1055                           ;	Table Read Protection Block 0
  1056                           ;	EBTR0 = OFF, Block 0 (000800-001FFFh) not protected from table reads executed in other
      +                           blocks
  1057                           ;	Table Read Protection Block 1
  1058                           ;	EBTR1 = OFF, Block 1 (002000-003FFFh) not protected from table reads executed in other
      +                           blocks
  1059                           ;	Table Read Protection Block 2
  1060                           ;	EBTR2 = OFF, Block 2 (004000-005FFFh) not protected from table reads executed in other
      +                           blocks
  1061                           ;	Table Read Protection Block 3
  1062                           ;	EBTR3 = OFF, Block 3 (006000-007FFFh) not protected from table reads executed in other
      +                           blocks
  1063   30000C                     	org	3145740
  1064   30000C  0F                 	db	15
  1065                           
  1066                           ;Config register CONFIG7H @ 0x30000D
  1067                           ;	Boot Block Table Read Protection bit
  1068                           ;	EBTRB = OFF, Boot Block (000000-0007FFh) not protected from table reads executed in ot
      +                          her blocks
  1069   30000D                     	org	3145741
  1070   30000D  40                 	db	64
  1071                           tosu	equ	0xFFF
  1072                           tosh	equ	0xFFE
  1073                           tosl	equ	0xFFD
  1074                           stkptr	equ	0xFFC
  1075                           pclatu	equ	0xFFB
  1076                           pclath	equ	0xFFA
  1077                           pcl	equ	0xFF9
  1078                           tblptru	equ	0xFF8
  1079                           tblptrh	equ	0xFF7
  1080                           tblptrl	equ	0xFF6
  1081                           tablat	equ	0xFF5
  1082                           prodh	equ	0xFF4
  1083                           prodl	equ	0xFF3
  1084                           indf0	equ	0xFEF
  1085                           postinc0	equ	0xFEE
  1086                           postdec0	equ	0xFED
  1087                           preinc0	equ	0xFEC
  1088                           plusw0	equ	0xFEB
  1089                           fsr0h	equ	0xFEA
  1090                           fsr0l	equ	0xFE9
  1091                           wreg	equ	0xFE8
  1092                           indf1	equ	0xFE7
  1093                           postinc1	equ	0xFE6
  1094                           postdec1	equ	0xFE5
  1095                           preinc1	equ	0xFE4
  1096                           plusw1	equ	0xFE3
  1097                           fsr1h	equ	0xFE2
  1098                           fsr1l	equ	0xFE1
  1099                           bsr	equ	0xFE0
  1100                           indf2	equ	0xFDF
  1101                           postinc2	equ	0xFDE
  1102                           postdec2	equ	0xFDD
  1103                           preinc2	equ	0xFDC
  1104                           plusw2	equ	0xFDB
  1105                           fsr2h	equ	0xFDA
  1106                           fsr2l	equ	0xFD9
  1107                           status	equ	0xFD8

Data Sizes:
    Strings     0
    Constant    0
    Data        0
    BSS         1
    Persistent  0
    Stack       0

Auto Spaces:
    Space          Size  Autos    Used
    COMRAM           95      2       3
    BANK0           160      0       0
    BANK1           256      0       0
    BANK2           256      0       0
    BANK3           256      0       0
    BANK4           256      0       0
    BANK5           256      0       0

Pointer List with Targets:

    None.

Critical Paths under _main in COMRAM

    None.

Critical Paths under _main in BANK0

    None.

Critical Paths under _main in BANK1

    None.

Critical Paths under _main in BANK2

    None.

Critical Paths under _main in BANK3

    None.

Critical Paths under _main in BANK4

    None.

Critical Paths under _main in BANK5

    None.

Call Graph Tables:

 ---------------------------------------------------------------------------------
 (Depth) Function   	        Calls       Base Space   Used Autos Params    Refs
 ---------------------------------------------------------------------------------
 (0) _main                                                 2     2      0       0
                                              0 COMRAM     2     2      0
                               _BLUE
                               _CYAN
                              _GREEN
                               _NONE
                             _PURPLE
                                _RED
                  _SYSTEM_Initialize
                              _WHITE
                             _YELLOW
 ---------------------------------------------------------------------------------
 (1) _YELLOW                                               0     0      0       0
 ---------------------------------------------------------------------------------
 (1) _WHITE                                                0     0      0       0
 ---------------------------------------------------------------------------------
 (1) _SYSTEM_Initialize                                    0     0      0       0
              _OSCILLATOR_Initialize
             _PIN_MANAGER_Initialize
 ---------------------------------------------------------------------------------
 (2) _PIN_MANAGER_Initialize                               0     0      0       0
 ---------------------------------------------------------------------------------
 (2) _OSCILLATOR_Initialize                                0     0      0       0
 ---------------------------------------------------------------------------------
 (1) _RED                                                  0     0      0       0
 ---------------------------------------------------------------------------------
 (1) _PURPLE                                               0     0      0       0
 ---------------------------------------------------------------------------------
 (1) _NONE                                                 0     0      0       0
 ---------------------------------------------------------------------------------
 (1) _GREEN                                                0     0      0       0
 ---------------------------------------------------------------------------------
 (1) _CYAN                                                 0     0      0       0
 ---------------------------------------------------------------------------------
 (1) _BLUE                                                 0     0      0       0
 ---------------------------------------------------------------------------------
 Estimated maximum stack depth 2
 ---------------------------------------------------------------------------------

 Call Graph Graphs:

 _main (ROOT)
   _BLUE
   _CYAN
   _GREEN
   _NONE
   _PURPLE
   _RED
   _SYSTEM_Initialize
     _OSCILLATOR_Initialize
     _PIN_MANAGER_Initialize
   _WHITE
   _YELLOW

 Address spaces:
Name               Size   Autos  Total    Cost      Usage
BIGRAM             5FF      0       0      26        0.0%
EEDATA             100      0       0       0        0.0%
BITBANK5           100      0       0      14        0.0%
BANK5              100      0       0      15        0.0%
BITBANK4           100      0       0      12        0.0%
BANK4              100      0       0      13        0.0%
BITBANK3           100      0       0      10        0.0%
BANK3              100      0       0      11        0.0%
BITBANK2           100      0       0       8        0.0%
BANK2              100      0       0       9        0.0%
BITBANK1           100      0       0       6        0.0%
BANK1              100      0       0       7        0.0%
BITBANK0            A0      0       0       4        0.0%
BANK0               A0      0       0       5        0.0%
BITCOMRAM           5F      0       0       0        0.0%
COMRAM              5F      2       3       1        3.2%
BITBIGSFRlh         37      0       0      18        0.0%
BITBIGSFRhl         1D      0       0      17        0.0%
BITBIGSFRllllll     1C      0       0      24        0.0%
BITBIGSFRhh          D      0       0      16        0.0%
BITBIGSFRllllhh      7      0       0      21        0.0%
BITBIGSFRllhh        4      0       0      19        0.0%
BITBIGSFRllhll       4      0       0      20        0.0%
BITBIGSFRlllllh      1      0       0      23        0.0%
BITBIGSFRllllhl      1      0       0      22        0.0%
BIGSFR               0      0       0     200        0.0%
BITSFR               0      0       0     200        0.0%
SFR                  0      0       0     200        0.0%
STACK                0      0       0       2        0.0%
NULL                 0      0       0       0        0.0%
ABS                  0      0       3      25        0.0%
DATA                 0      0       3       3        0.0%
CODE                 0      0       0       0        0.0%


Microchip Technology PIC18 Macro Assembler V2.41 build 20230208172133 
Symbol Table                                                                                   Sun Aug 06 08:31:41 2023

                            l11 7EB0                              l14 7EA6                              l71 7E64  
                            l47 7EEC                              l80 7E7C                              l65 7E8C  
                            l74 7E94                              l83 7E84                              l68 7E74  
                            l92 7F3C                              l77 7E9C                              l86 7E6C  
                            l94 7F96                              u10 7FA4                              u11 7FA0  
                            u20 7FCC                              u21 7FC8                              u30 7FE0  
                            u31 7FDC                              u40 7FF6                              u41 7FF2  
                            u57 7FAE                             l102 7F36                             l103 7FE8  
                           l104 7FBE                             l800 7E9E                             l802 7EA8  
                           l810 7E8E                             l804 7E86                             l812 7E96  
                           l806 7E6E                             l814 7E76                             l830 7F0E  
                           l822 7EEE                             l808 7E5E                             l816 7E7E  
                           l832 7F16                             l824 7EF6                             l818 7E66  
                           l850 7FE0                             l834 7F1E                             l826 7EFE  
                           l842 7F3C                             l852 7FF6                             l844 7FA4  
                           l836 7F26                             l828 7F06                             l790 7ED6  
                           l846 7FCC                             l862 7F50                             l838 7F2E  
                           l792 7ED8                             l848 7FCE                             l794 7EDE  
                           l796 7EE0                             l788 7EBE                             l798 7EEA  
                           _RED 7E86                             wreg 0FE8                            ?_RED 0001  
                          _BLUE 7E5E                            _CYAN 7E66                            _LATA 0F89  
                          _LATB 0F8A                            _LATC 0F8B                            _LATD 0F8C  
                          _LATE 0F8D                            _NONE 7E76                            _WPUB 0F7C  
                          _main 7EEE                            start 0000                    ___param_bank 0000  
                         ??_RED 0001                           ?_BLUE 0001                           ?_CYAN 0001  
                         ?_NONE 0001   __end_of_OSCILLATOR_Initialize 7EA8                           ?_main 0001  
                         _ANSEL 0F7E                           _GREEN 7E6E                           _WHITE 7E8E  
                         _TRISA 0F92                           _TRISB 0F93                           _TRISC 0F94  
                         _TRISD 0F95                           _TRISE 0F96                           status 0FD8  
                  __end_of_BLUE 7E66                    __end_of_CYAN 7E6E                    __end_of_NONE 7E7E  
               __initialization 7EB2                    __end_of_main 8000                          ??_BLUE 0001  
                        ??_CYAN 0001                          ??_NONE 0001                          ??_main 0001  
                 __activetblptr 0002                          ?_GREEN 0001                          ?_WHITE 0001  
                        _ANSELH 0F7F                          _OSCCON 0FD3                          _YELLOW 7E96  
                        _PURPLE 7E7E                          isa$std 0001                          tblptru 0FF8  
             _SYSTEM_Initialize 7EA8                      __accesstop 0060         __end_of__initialization 7EB4  
            ?_SYSTEM_Initialize 0001                   ___rparam_used 0001                   __end_of_GREEN 7E76  
                 __end_of_WHITE 7E96                  __pcstackCOMRAM 0001             ??_SYSTEM_Initialize 0001  
                       ??_GREEN 0001                         ??_WHITE 0001       __end_of_SYSTEM_Initialize 7EB2  
                       ?_YELLOW 0001                         ?_PURPLE 0001                         _OSCTUNE 0F9B  
                       _Counter 0003                         __Hparam 0000                         __Lparam 0000  
                       __pcinit 7EB2                         __ramtop 0600                         __ptext0 7EEE  
                       __ptext1 7E96                         __ptext2 7E8E                         __ptext3 7EA8  
                       __ptext4 7EBE                         __ptext5 7E9E                         __ptext6 7E86  
                       __ptext7 7E7E                         __ptext8 7E76                         __ptext9 7E6E  
         _OSCILLATOR_Initialize 7E9E        ??_PIN_MANAGER_Initialize 0001            end_of_initialization 7EB4  
                 __Lmediumconst 0000                       _PORTBbits 0F81                  __end_of_YELLOW 7E9E  
                __end_of_PURPLE 7E86          ?_OSCILLATOR_Initialize 0001             start_initialization 7EB2  
                   __end_of_RED 7E8E                        ??_YELLOW 0001                        ??_PURPLE 0001  
                   __pbssCOMRAM 0003          _PIN_MANAGER_Initialize 7EBE                        _LATCbits 0F8B  
                   _INTCON2bits 0FF1                        __Hrparam 0000                        __Lrparam 0000  
       ??_OSCILLATOR_Initialize 0001                        __ptext10 7E66                        __ptext11 7E5E  
                      isa$xinst 0000                      _INTCONbits 0FF2         ?_PIN_MANAGER_Initialize 0001  
__end_of_PIN_MANAGER_Initialize 7EEE  
