

Microchip MPLAB XC8 Assembler V2.41 build 20230208172133 
                                                                                               Fri Jul 28 20:40:14 2023

Microchip MPLAB XC8 C Compiler v2.41 (Free license) build 20230208172133 Og1 
     1                           	processor	18F45K20
     2                           	fnconf	rparam,??,?,0
     3                           	pagewidth 120
     4                           	opt	flic
     5                           	psect	cinit,global,reloc=2,class=CODE,delta=1
     6                           	psect	cstackCOMRAM,global,class=COMRAM,space=1,delta=1,lowdata,noexec
     7                           	psect	text0,global,reloc=2,class=CODE,delta=1
     8                           	psect	text1,global,reloc=2,class=CODE,delta=1
     9                           	psect	text2,global,reloc=2,class=CODE,delta=1
    10                           	psect	text3,global,reloc=2,class=CODE,delta=1
    11                           	psect	intsave_regs,global,class=BIGRAM,space=1,delta=1,noexec
    12                           	psect	rparam,global,class=COMRAM,space=1,delta=1,noexec
    13                           	psect	idloc,global,abs,ovrld,class=IDLOC,space=5,delta=1,noexec
    14                           	psect	config,global,abs,ovrld,class=CONFIG,space=4,delta=1,noexec
    15   000000                     
    16                           ; Generated 06/04/2022 GMT
    17                           ; 
    18                           ; Copyright © 2022, Microchip Technology Inc. and its subsidiaries ("Microchip")
    19                           ; All rights reserved.
    20                           ; 
    21                           ; This software is developed by Microchip Technology Inc. and its subsidiaries ("Microch
      +                          ip").
    22                           ; 
    23                           ; Redistribution and use in source and binary forms, with or without modification, are
    24                           ; permitted provided that the following conditions are met:
    25                           ; 
    26                           ;     1. Redistributions of source code must retain the above copyright notice, this lis
      +                          t of
    27                           ;        conditions and the following disclaimer.
    28                           ; 
    29                           ;     2. Redistributions in binary form must reproduce the above copyright notice, this 
      +                          list
    30                           ;        of conditions and the following disclaimer in the documentation and/or other
    31                           ;        materials provided with the distribution. Publication is not required when
    32                           ;        this file is used in an embedded application.
    33                           ; 
    34                           ;     3. Microchip's name may not be used to endorse or promote products derived from th
      +                          is
    35                           ;        software without specific prior written permission.
    36                           ; 
    37                           ; THIS SOFTWARE IS PROVIDED BY MICROCHIP "AS IS" AND ANY EXPRESS OR IMPLIED WARRANTIES,
    38                           ; INCLUDING, BUT NOT LIMITED TO, THE IMPLIED WARRANTIES OF MERCHANTABILITY AND FITNESS F
      +                          OR
    39                           ; PURPOSE ARE DISCLAIMED.  IN NO EVENT SHALL MICROCHIP BE LIABLE FOR ANY DIRECT, INDIREC
      +                          T,
    40                           ; INCIDENTAL, SPECIAL, EXEMPLARY, OR CONSEQUENTIAL DAMAGES (INCLUDING BUT NOT LIMITED TO
    41                           ; PROCUREMENT OF SUBSTITUTE GOODS OR SERVICES; LOSS OF USE, DATA OR PROFITS; OR BUSINESS
    42                           ; INTERRUPTION) HOWSOEVER CAUSED AND ON ANY THEORY OF LIABILITY, WHETHER IN CONTRACT, ST
      +                          RICT
    43                           ; LIABILITY, OR TORT (INCLUDING NEGLIGENCE OR OTHERWISE) ARISING IN ANY WAY OUT OF THE U
      +                          SE OF
    44                           ; THIS SOFTWARE, EVEN IF ADVISED OF THE POSSIBILITY OF SUCH DAMAGE.
    45                           ; 
    46                           ; 
    47                           ; Code-generator required, PIC18F45K20 Definitions
    48                           ; 
    49                           ; SFR Addresses
    50   000000                     _TRISD	set	3989
    51   000000                     _TRISC	set	3988
    52   000000                     _TRISB	set	3987
    53   000000                     _LATC	set	3979
    54   000000                     _LATB	set	3978
    55   000000                     _LATCbits	set	3979
    56   000000                     _WPUB	set	3964
    57   000000                     _ANSEL	set	3966
    58   000000                     _LATA	set	3977
    59   000000                     _LATD	set	3980
    60   000000                     _LATE	set	3981
    61   000000                     _TRISA	set	3986
    62   000000                     _TRISE	set	3990
    63   000000                     _OSCTUNE	set	3995
    64   000000                     _OSCCON	set	4051
    65   000000                     _INTCON2bits	set	4081
    66   000000                     _ANSELH	set	3967
    67   000000                     _INTCONbits	set	4082
    68                           
    69                           ; #config settings
    70                           
    71                           	psect	cinit
    72   007F7A                     __pcinit:
    73                           	callstack 0
    74   007F7A                     start_initialization:
    75                           	callstack 0
    76   007F7A                     __initialization:
    77                           	callstack 0
    78   007F7A                     end_of_initialization:
    79                           	callstack 0
    80   007F7A                     __end_of__initialization:
    81                           	callstack 0
    82   007F7A  0100               	movlb	0
    83   007F7C  EFE2  F03F         	goto	_main	;jump to C main() function
    84                           
    85                           	psect	cstackCOMRAM
    86   000001                     __pcstackCOMRAM:
    87                           	callstack 0
    88   000001                     ??_main:
    89                           
    90                           ; 1 bytes @ 0x0
    91   000001                     	ds	2
    92                           
    93 ;;
    94 ;;Main: autosize = 0, tempsize = 2, incstack = 0, save=0
    95 ;;
    96 ;; *************** function _main *****************
    97 ;; Defined at:
    98 ;;		line 14 in file "main.c"
    99 ;; Parameters:    Size  Location     Type
   100 ;;		None
   101 ;; Auto vars:     Size  Location     Type
   102 ;;		None
   103 ;; Return value:  Size  Location     Type
   104 ;;                  1    wreg      void 
   105 ;; Registers used:
   106 ;;		wreg, status,2, cstack
   107 ;; Tracked objects:
   108 ;;		On entry : 0/0
   109 ;;		On exit  : 0/0
   110 ;;		Unchanged: 0/0
   111 ;; Data sizes:     COMRAM   BANK0   BANK1   BANK2   BANK3   BANK4   BANK5
   112 ;;      Params:         0       0       0       0       0       0       0
   113 ;;      Locals:         0       0       0       0       0       0       0
   114 ;;      Temps:          2       0       0       0       0       0       0
   115 ;;      Totals:         2       0       0       0       0       0       0
   116 ;;Total ram usage:        2 bytes
   117 ;; Hardware stack levels required when called: 2
   118 ;; This function calls:
   119 ;;		_SYSTEM_Initialize
   120 ;; This function is called by:
   121 ;;		Startup code after reset
   122 ;; This function uses a non-reentrant model
   123 ;;
   124                           
   125                           	psect	text0
   126   007FC4                     __ptext0:
   127                           	callstack 0
   128   007FC4                     _main:
   129                           	callstack 29
   130   007FC4                     
   131                           ;main.c: 17:     SYSTEM_Initialize();
   132   007FC4  ECC5  F03F         	call	_SYSTEM_Initialize	;wreg free
   133   007FC8                     l760:
   134                           
   135                           ;main.c: 20:     {;main.c: 21:         LATCbits.LATC0= 1;
   136   007FC8  808B               	bsf	139,0,c	;volatile
   137   007FCA                     
   138                           ;main.c: 22:         _delay((unsigned long)((250)*(20000000/4000.0)));
   139   007FCA  0E07               	movlw	7
   140   007FCC  6E02               	movwf	(??_main+1)^0,c
   141   007FCE  0E58               	movlw	88
   142   007FD0  6E01               	movwf	??_main^0,c
   143   007FD2  0E5A               	movlw	90
   144   007FD4                     u17:
   145   007FD4  2EE8               	decfsz	wreg,f,c
   146   007FD6  D7FE               	bra	u17
   147   007FD8  2E01               	decfsz	??_main^0,f,c
   148   007FDA  D7FC               	bra	u17
   149   007FDC  2E02               	decfsz	(??_main+1)^0,f,c
   150   007FDE  D7FA               	bra	u17
   151   007FE0                     
   152                           ;main.c: 23:         LATCbits.LATC0= 0;
   153   007FE0  908B               	bcf	139,0,c	;volatile
   154   007FE2                     
   155                           ;main.c: 24:         _delay((unsigned long)((250)*(20000000/4000.0)));
   156   007FE2  0E07               	movlw	7
   157   007FE4  6E02               	movwf	(??_main+1)^0,c
   158   007FE6  0E58               	movlw	88
   159   007FE8  6E01               	movwf	??_main^0,c
   160   007FEA  0E5A               	movlw	90
   161   007FEC                     u27:
   162   007FEC  2EE8               	decfsz	wreg,f,c
   163   007FEE  D7FE               	bra	u27
   164   007FF0  2E01               	decfsz	??_main^0,f,c
   165   007FF2  D7FC               	bra	u27
   166   007FF4  2E02               	decfsz	(??_main+1)^0,f,c
   167   007FF6  D7FA               	bra	u27
   168   007FF8  EFE4  F03F         	goto	l760
   169   007FFC  EF00  F000         	goto	start
   170   008000                     __end_of_main:
   171                           	callstack 0
   172                           
   173 ;; *************** function _SYSTEM_Initialize *****************
   174 ;; Defined at:
   175 ;;		line 50 in file "mcc_generated_files/mcc.c"
   176 ;; Parameters:    Size  Location     Type
   177 ;;		None
   178 ;; Auto vars:     Size  Location     Type
   179 ;;		None
   180 ;; Return value:  Size  Location     Type
   181 ;;                  1    wreg      void 
   182 ;; Registers used:
   183 ;;		wreg, status,2, cstack
   184 ;; Tracked objects:
   185 ;;		On entry : 0/0
   186 ;;		On exit  : 0/0
   187 ;;		Unchanged: 0/0
   188 ;; Data sizes:     COMRAM   BANK0   BANK1   BANK2   BANK3   BANK4   BANK5
   189 ;;      Params:         0       0       0       0       0       0       0
   190 ;;      Locals:         0       0       0       0       0       0       0
   191 ;;      Temps:          0       0       0       0       0       0       0
   192 ;;      Totals:         0       0       0       0       0       0       0
   193 ;;Total ram usage:        0 bytes
   194 ;; Hardware stack levels used: 1
   195 ;; Hardware stack levels required when called: 1
   196 ;; This function calls:
   197 ;;		_OSCILLATOR_Initialize
   198 ;;		_PIN_MANAGER_Initialize
   199 ;; This function is called by:
   200 ;;		_main
   201 ;; This function uses a non-reentrant model
   202 ;;
   203                           
   204                           	psect	text1
   205   007F8A                     __ptext1:
   206                           	callstack 0
   207   007F8A                     _SYSTEM_Initialize:
   208                           	callstack 29
   209   007F8A                     
   210                           ;mcc_generated_files/mcc.c: 53:     PIN_MANAGER_Initialize();
   211   007F8A  ECCA  F03F         	call	_PIN_MANAGER_Initialize	;wreg free
   212                           
   213                           ;mcc_generated_files/mcc.c: 54:     OSCILLATOR_Initialize();
   214   007F8E  ECC0  F03F         	call	_OSCILLATOR_Initialize	;wreg free
   215   007F92  0012               	return		;funcret
   216   007F94                     __end_of_SYSTEM_Initialize:
   217                           	callstack 0
   218                           
   219 ;; *************** function _PIN_MANAGER_Initialize *****************
   220 ;; Defined at:
   221 ;;		line 55 in file "mcc_generated_files/pin_manager.c"
   222 ;; Parameters:    Size  Location     Type
   223 ;;		None
   224 ;; Auto vars:     Size  Location     Type
   225 ;;		None
   226 ;; Return value:  Size  Location     Type
   227 ;;                  1    wreg      void 
   228 ;; Registers used:
   229 ;;		wreg, status,2
   230 ;; Tracked objects:
   231 ;;		On entry : 0/0
   232 ;;		On exit  : 0/0
   233 ;;		Unchanged: 0/0
   234 ;; Data sizes:     COMRAM   BANK0   BANK1   BANK2   BANK3   BANK4   BANK5
   235 ;;      Params:         0       0       0       0       0       0       0
   236 ;;      Locals:         0       0       0       0       0       0       0
   237 ;;      Temps:          0       0       0       0       0       0       0
   238 ;;      Totals:         0       0       0       0       0       0       0
   239 ;;Total ram usage:        0 bytes
   240 ;; Hardware stack levels used: 1
   241 ;; This function calls:
   242 ;;		Nothing
   243 ;; This function is called by:
   244 ;;		_SYSTEM_Initialize
   245 ;; This function uses a non-reentrant model
   246 ;;
   247                           
   248                           	psect	text2
   249   007F94                     __ptext2:
   250                           	callstack 0
   251   007F94                     _PIN_MANAGER_Initialize:
   252                           	callstack 29
   253   007F94                     
   254                           ;mcc_generated_files/pin_manager.c: 60:     LATE = 0x00;
   255   007F94  0E00               	movlw	0
   256   007F96  6E8D               	movwf	141,c	;volatile
   257                           
   258                           ;mcc_generated_files/pin_manager.c: 61:     LATD = 0x00;
   259   007F98  0E00               	movlw	0
   260   007F9A  6E8C               	movwf	140,c	;volatile
   261                           
   262                           ;mcc_generated_files/pin_manager.c: 62:     LATA = 0x00;
   263   007F9C  0E00               	movlw	0
   264   007F9E  6E89               	movwf	137,c	;volatile
   265                           
   266                           ;mcc_generated_files/pin_manager.c: 63:     LATB = 0x00;
   267   007FA0  0E00               	movlw	0
   268   007FA2  6E8A               	movwf	138,c	;volatile
   269                           
   270                           ;mcc_generated_files/pin_manager.c: 64:     LATC = 0x00;
   271   007FA4  0E00               	movlw	0
   272   007FA6  6E8B               	movwf	139,c	;volatile
   273                           
   274                           ;mcc_generated_files/pin_manager.c: 69:     TRISE = 0x07;
   275   007FA8  0E07               	movlw	7
   276   007FAA  6E96               	movwf	150,c	;volatile
   277   007FAC                     
   278                           ;mcc_generated_files/pin_manager.c: 70:     TRISA = 0xFF;
   279   007FAC  6892               	setf	146,c	;volatile
   280   007FAE                     
   281                           ;mcc_generated_files/pin_manager.c: 71:     TRISB = 0xFF;
   282   007FAE  6893               	setf	147,c	;volatile
   283                           
   284                           ;mcc_generated_files/pin_manager.c: 72:     TRISC = 0xFE;
   285   007FB0  0EFE               	movlw	254
   286   007FB2  6E94               	movwf	148,c	;volatile
   287   007FB4                     
   288                           ;mcc_generated_files/pin_manager.c: 73:     TRISD = 0xFF;
   289   007FB4  6895               	setf	149,c	;volatile
   290   007FB6                     
   291                           ;mcc_generated_files/pin_manager.c: 78:     ANSEL = 0xFF;
   292   007FB6  687E               	setf	126,c	;volatile
   293                           
   294                           ;mcc_generated_files/pin_manager.c: 79:     ANSELH = 0x1F;
   295   007FB8  0E1F               	movlw	31
   296   007FBA  6E7F               	movwf	127,c	;volatile
   297                           
   298                           ;mcc_generated_files/pin_manager.c: 84:     WPUB = 0x00;
   299   007FBC  0E00               	movlw	0
   300   007FBE  6E7C               	movwf	124,c	;volatile
   301   007FC0                     
   302                           ;mcc_generated_files/pin_manager.c: 85:     INTCON2bits.nRBPU = 1;
   303   007FC0  8EF1               	bsf	241,7,c	;volatile
   304   007FC2  0012               	return		;funcret
   305   007FC4                     __end_of_PIN_MANAGER_Initialize:
   306                           	callstack 0
   307                           
   308 ;; *************** function _OSCILLATOR_Initialize *****************
   309 ;; Defined at:
   310 ;;		line 57 in file "mcc_generated_files/mcc.c"
   311 ;; Parameters:    Size  Location     Type
   312 ;;		None
   313 ;; Auto vars:     Size  Location     Type
   314 ;;		None
   315 ;; Return value:  Size  Location     Type
   316 ;;                  1    wreg      void 
   317 ;; Registers used:
   318 ;;		wreg, status,2
   319 ;; Tracked objects:
   320 ;;		On entry : 0/0
   321 ;;		On exit  : 0/0
   322 ;;		Unchanged: 0/0
   323 ;; Data sizes:     COMRAM   BANK0   BANK1   BANK2   BANK3   BANK4   BANK5
   324 ;;      Params:         0       0       0       0       0       0       0
   325 ;;      Locals:         0       0       0       0       0       0       0
   326 ;;      Temps:          0       0       0       0       0       0       0
   327 ;;      Totals:         0       0       0       0       0       0       0
   328 ;;Total ram usage:        0 bytes
   329 ;; Hardware stack levels used: 1
   330 ;; This function calls:
   331 ;;		Nothing
   332 ;; This function is called by:
   333 ;;		_SYSTEM_Initialize
   334 ;; This function uses a non-reentrant model
   335 ;;
   336                           
   337                           	psect	text3
   338   007F80                     __ptext3:
   339                           	callstack 0
   340   007F80                     _OSCILLATOR_Initialize:
   341                           	callstack 29
   342   007F80                     
   343                           ;mcc_generated_files/mcc.c: 60:     OSCCON = 0x30;
   344   007F80  0E30               	movlw	48
   345   007F82  6ED3               	movwf	211,c	;volatile
   346                           
   347                           ;mcc_generated_files/mcc.c: 62:     OSCTUNE = 0x00;
   348   007F84  0E00               	movlw	0
   349   007F86  6E9B               	movwf	155,c	;volatile
   350   007F88  0012               	return		;funcret
   351   007F8A                     __end_of_OSCILLATOR_Initialize:
   352                           	callstack 0
   353   000000                     
   354                           	psect	rparam
   355   000000                     
   356                           	psect	idloc
   357                           
   358                           ;Config register IDLOC0 @ 0x200000
   359                           ;	unspecified, using default values
   360   200000                     	org	2097152
   361   200000  FF                 	db	255
   362                           
   363                           ;Config register IDLOC1 @ 0x200001
   364                           ;	unspecified, using default values
   365   200001                     	org	2097153
   366   200001  FF                 	db	255
   367                           
   368                           ;Config register IDLOC2 @ 0x200002
   369                           ;	unspecified, using default values
   370   200002                     	org	2097154
   371   200002  FF                 	db	255
   372                           
   373                           ;Config register IDLOC3 @ 0x200003
   374                           ;	unspecified, using default values
   375   200003                     	org	2097155
   376   200003  FF                 	db	255
   377                           
   378                           ;Config register IDLOC4 @ 0x200004
   379                           ;	unspecified, using default values
   380   200004                     	org	2097156
   381   200004  FF                 	db	255
   382                           
   383                           ;Config register IDLOC5 @ 0x200005
   384                           ;	unspecified, using default values
   385   200005                     	org	2097157
   386   200005  FF                 	db	255
   387                           
   388                           ;Config register IDLOC6 @ 0x200006
   389                           ;	unspecified, using default values
   390   200006                     	org	2097158
   391   200006  FF                 	db	255
   392                           
   393                           ;Config register IDLOC7 @ 0x200007
   394                           ;	unspecified, using default values
   395   200007                     	org	2097159
   396   200007  FF                 	db	255
   397                           
   398                           	psect	config
   399                           
   400                           ; Padding undefined space
   401   300000                     	org	3145728
   402   300000  FF                 	db	255
   403                           
   404                           ;Config register CONFIG1H @ 0x300001
   405                           ;	Oscillator Selection bits
   406                           ;	FOSC = HS, HS oscillator
   407                           ;	Fail-Safe Clock Monitor Enable bit
   408                           ;	FCMEN = OFF, Fail-Safe Clock Monitor disabled
   409                           ;	Internal/External Oscillator Switchover bit
   410                           ;	IESO = OFF, Oscillator Switchover mode disabled
   411   300001                     	org	3145729
   412   300001  02                 	db	2
   413                           
   414                           ;Config register CONFIG2L @ 0x300002
   415                           ;	Power-up Timer Enable bit
   416                           ;	PWRT = OFF, PWRT disabled
   417                           ;	Brown-out Reset Enable bits
   418                           ;	BOREN = SBORDIS, Brown-out Reset enabled in hardware only (SBOREN is disabled)
   419                           ;	Brown Out Reset Voltage bits
   420                           ;	BORV = 18, VBOR set to 1.8 V nominal
   421   300002                     	org	3145730
   422   300002  1F                 	db	31
   423                           
   424                           ;Config register CONFIG2H @ 0x300003
   425                           ;	Watchdog Timer Enable bit
   426                           ;	WDTEN = OFF, WDT is controlled by SWDTEN bit of the WDTCON register
   427                           ;	Watchdog Timer Postscale Select bits
   428                           ;	WDTPS = 32768, 1:32768
   429   300003                     	org	3145731
   430   300003  1E                 	db	30
   431                           
   432                           ; Padding undefined space
   433   300004                     	org	3145732
   434   300004  FF                 	db	255
   435                           
   436                           ;Config register CONFIG3H @ 0x300005
   437                           ;	CCP2 MUX bit
   438                           ;	CCP2MX = PORTC, CCP2 input/output is multiplexed with RC1
   439                           ;	PORTB A/D Enable bit
   440                           ;	PBADEN = ON, PORTB<4:0> pins are configured as analog input channels on Reset
   441                           ;	Low-Power Timer1 Oscillator Enable bit
   442                           ;	LPT1OSC = OFF, Timer1 configured for higher power operation
   443                           ;	HFINTOSC Fast Start-up
   444                           ;	HFOFST = ON, HFINTOSC starts clocking the CPU without waiting for the oscillator to st
      +                          ablize.
   445                           ;	MCLR Pin Enable bit
   446                           ;	MCLRE = ON, MCLR pin enabled; RE3 input pin disabled
   447   300005                     	org	3145733
   448   300005  8B                 	db	139
   449                           
   450                           ;Config register CONFIG4L @ 0x300006
   451                           ;	Stack Full/Underflow Reset Enable bit
   452                           ;	STVREN = ON, Stack full/underflow will cause Reset
   453                           ;	Single-Supply ICSP Enable bit
   454                           ;	LVP = OFF, Single-Supply ICSP disabled
   455                           ;	Extended Instruction Set Enable bit
   456                           ;	XINST = OFF, Instruction set extension and Indexed Addressing mode disabled (Legacy mo
      +                          de)
   457                           ;	Background Debugger Enable bit
   458                           ;	DEBUG = OFF, Background debugger disabled, RB6 and RB7 configured as general purpose I
      +                          /O pins
   459   300006                     	org	3145734
   460   300006  81                 	db	129
   461                           
   462                           ; Padding undefined space
   463   300007                     	org	3145735
   464   300007  FF                 	db	255
   465                           
   466                           ;Config register CONFIG5L @ 0x300008
   467                           ;	Code Protection Block 0
   468                           ;	CP0 = OFF, Block 0 (000800-001FFFh) not code-protected
   469                           ;	Code Protection Block 1
   470                           ;	CP1 = OFF, Block 1 (002000-003FFFh) not code-protected
   471                           ;	Code Protection Block 2
   472                           ;	CP2 = OFF, Block 2 (004000-005FFFh) not code-protected
   473                           ;	Code Protection Block 3
   474                           ;	CP3 = OFF, Block 3 (006000-007FFFh) not code-protected
   475   300008                     	org	3145736
   476   300008  0F                 	db	15
   477                           
   478                           ;Config register CONFIG5H @ 0x300009
   479                           ;	Boot Block Code Protection bit
   480                           ;	CPB = OFF, Boot block (000000-0007FFh) not code-protected
   481                           ;	Data EEPROM Code Protection bit
   482                           ;	CPD = OFF, Data EEPROM not code-protected
   483   300009                     	org	3145737
   484   300009  C0                 	db	192
   485                           
   486                           ;Config register CONFIG6L @ 0x30000A
   487                           ;	Write Protection Block 0
   488                           ;	WRT0 = OFF, Block 0 (000800-001FFFh) not write-protected
   489                           ;	Write Protection Block 1
   490                           ;	WRT1 = OFF, Block 1 (002000-003FFFh) not write-protected
   491                           ;	Write Protection Block 2
   492                           ;	WRT2 = OFF, Block 2 (004000-005FFFh) not write-protected
   493                           ;	Write Protection Block 3
   494                           ;	WRT3 = OFF, Block 3 (006000-007FFFh) not write-protected
   495   30000A                     	org	3145738
   496   30000A  0F                 	db	15
   497                           
   498                           ;Config register CONFIG6H @ 0x30000B
   499                           ;	Configuration Register Write Protection bit
   500                           ;	WRTC = OFF, Configuration registers (300000-3000FFh) not write-protected
   501                           ;	Boot Block Write Protection bit
   502                           ;	WRTB = OFF, Boot Block (000000-0007FFh) not write-protected
   503                           ;	Data EEPROM Write Protection bit
   504                           ;	WRTD = OFF, Data EEPROM not write-protected
   505   30000B                     	org	3145739
   506   30000B  E0                 	db	224
   507                           
   508                           ;Config register CONFIG7L @ 0x30000C
   509                           ;	Table Read Protection Block 0
   510                           ;	EBTR0 = OFF, Block 0 (000800-001FFFh) not protected from table reads executed in other
      +                           blocks
   511                           ;	Table Read Protection Block 1
   512                           ;	EBTR1 = OFF, Block 1 (002000-003FFFh) not protected from table reads executed in other
      +                           blocks
   513                           ;	Table Read Protection Block 2
   514                           ;	EBTR2 = OFF, Block 2 (004000-005FFFh) not protected from table reads executed in other
      +                           blocks
   515                           ;	Table Read Protection Block 3
   516                           ;	EBTR3 = OFF, Block 3 (006000-007FFFh) not protected from table reads executed in other
      +                           blocks
   517   30000C                     	org	3145740
   518   30000C  0F                 	db	15
   519                           
   520                           ;Config register CONFIG7H @ 0x30000D
   521                           ;	Boot Block Table Read Protection bit
   522                           ;	EBTRB = OFF, Boot Block (000000-0007FFh) not protected from table reads executed in ot
      +                          her blocks
   523   30000D                     	org	3145741
   524   30000D  40                 	db	64
   525                           tosu	equ	0xFFF
   526                           tosh	equ	0xFFE
   527                           tosl	equ	0xFFD
   528                           stkptr	equ	0xFFC
   529                           pclatu	equ	0xFFB
   530                           pclath	equ	0xFFA
   531                           pcl	equ	0xFF9
   532                           tblptru	equ	0xFF8
   533                           tblptrh	equ	0xFF7
   534                           tblptrl	equ	0xFF6
   535                           tablat	equ	0xFF5
   536                           prodh	equ	0xFF4
   537                           prodl	equ	0xFF3
   538                           indf0	equ	0xFEF
   539                           postinc0	equ	0xFEE
   540                           postdec0	equ	0xFED
   541                           preinc0	equ	0xFEC
   542                           plusw0	equ	0xFEB
   543                           fsr0h	equ	0xFEA
   544                           fsr0l	equ	0xFE9
   545                           wreg	equ	0xFE8
   546                           indf1	equ	0xFE7
   547                           postinc1	equ	0xFE6
   548                           postdec1	equ	0xFE5
   549                           preinc1	equ	0xFE4
   550                           plusw1	equ	0xFE3
   551                           fsr1h	equ	0xFE2
   552                           fsr1l	equ	0xFE1
   553                           bsr	equ	0xFE0
   554                           indf2	equ	0xFDF
   555                           postinc2	equ	0xFDE
   556                           postdec2	equ	0xFDD
   557                           preinc2	equ	0xFDC
   558                           plusw2	equ	0xFDB
   559                           fsr2h	equ	0xFDA
   560                           fsr2l	equ	0xFD9
   561                           status	equ	0xFD8

Data Sizes:
    Strings     0
    Constant    0
    Data        0
    BSS         0
    Persistent  0
    Stack       0

Auto Spaces:
    Space          Size  Autos    Used
    COMRAM           95      2       2
    BANK0           160      0       0
    BANK1           256      0       0
    BANK2           256      0       0
    BANK3           256      0       0
    BANK4           256      0       0
    BANK5           256      0       0

Pointer List with Targets:

    None.

Critical Paths under _main in COMRAM

    None.

Critical Paths under _main in BANK0

    None.

Critical Paths under _main in BANK1

    None.

Critical Paths under _main in BANK2

    None.

Critical Paths under _main in BANK3

    None.

Critical Paths under _main in BANK4

    None.

Critical Paths under _main in BANK5

    None.

Call Graph Tables:

 ---------------------------------------------------------------------------------
 (Depth) Function   	        Calls       Base Space   Used Autos Params    Refs
 ---------------------------------------------------------------------------------
 (0) _main                                                 2     2      0       0
                                              0 COMRAM     2     2      0
                  _SYSTEM_Initialize
 ---------------------------------------------------------------------------------
 (1) _SYSTEM_Initialize                                    0     0      0       0
              _OSCILLATOR_Initialize
             _PIN_MANAGER_Initialize
 ---------------------------------------------------------------------------------
 (2) _PIN_MANAGER_Initialize                               0     0      0       0
 ---------------------------------------------------------------------------------
 (2) _OSCILLATOR_Initialize                                0     0      0       0
 ---------------------------------------------------------------------------------
 Estimated maximum stack depth 2
 ---------------------------------------------------------------------------------

 Call Graph Graphs:

 _main (ROOT)
   _SYSTEM_Initialize
     _OSCILLATOR_Initialize
     _PIN_MANAGER_Initialize

 Address spaces:
Name               Size   Autos  Total    Cost      Usage
BITCOMRAM           5F      0       0       0        0.0%
EEDATA             100      0       0       0        0.0%
NULL                 0      0       0       0        0.0%
CODE                 0      0       0       0        0.0%
COMRAM              5F      2       2       1        2.1%
STACK                0      0       0       2        0.0%
DATA                 0      0       0       3        0.0%
BITBANK0            A0      0       0       4        0.0%
BANK0               A0      0       0       5        0.0%
BITBANK1           100      0       0       6        0.0%
BANK1              100      0       0       7        0.0%
BITBANK2           100      0       0       8        0.0%
BANK2              100      0       0       9        0.0%
BITBANK3           100      0       0      10        0.0%
BANK3              100      0       0      11        0.0%
BITBANK4           100      0       0      12        0.0%
BANK4              100      0       0      13        0.0%
BITBANK5           100      0       0      14        0.0%
BANK5              100      0       0      15        0.0%
BITBIGSFRhhh         D      0       0      16        0.0%
BITBIGSFRhhlh       1D      0       0      17        0.0%
BITBIGSFRhhllh      37      0       0      18        0.0%
BITBIGSFRhhlll       4      0       0      19        0.0%
BITBIGSFRhll         4      0       0      20        0.0%
BITBIGSFRllh         9      0       0      21        0.0%
BITBIGSFRlllh        1      0       0      22        0.0%
BITBIGSFRllll       1C      0       0      23        0.0%
ABS                  0      0       0      24        0.0%
BIGRAM             5FF      0       0      25        0.0%
BIGSFR               0      0       0     200        0.0%
BITSFR               0      0       0     200        0.0%
SFR                  0      0       0     200        0.0%


Microchip Technology PIC18 Macro Assembler V2.41 build 20230208172133 
Symbol Table                                                                                   Fri Jul 28 20:40:14 2023

                            l33 7FC2                              l50 7F88                              l47 7F92  
                            u17 7FD4                              u27 7FEC                             l740 7F94  
                           l750 7FC0                             l742 7FAC                             l752 7F80  
                           l744 7FAE                             l760 7FC8                             l746 7FB4  
                           l754 7F8A                             l762 7FCA                             l748 7FB6  
                           l764 7FE0                             l766 7FE2                             l758 7FC4  
                           wreg 0FE8                            _LATA 0F89                            _LATB 0F8A  
                          _LATC 0F8B                            _LATD 0F8C                            _LATE 0F8D  
                          _WPUB 0F7C                            _main 7FC4                            start 0000  
                  ___param_bank 0000   __end_of_OSCILLATOR_Initialize 7F8A                           ?_main 0001  
                         _ANSEL 0F7E                           _TRISA 0F92                           _TRISB 0F93  
                         _TRISC 0F94                           _TRISD 0F95                           _TRISE 0F96  
               __initialization 7F7A                    __end_of_main 8000                          ??_main 0001  
                 __activetblptr 0000                          _ANSELH 0F7F                          _OSCCON 0FD3  
                        isa$std 0001               _SYSTEM_Initialize 7F8A                      __accesstop 0060  
       __end_of__initialization 7F7A              ?_SYSTEM_Initialize 0001                   ___rparam_used 0001  
                __pcstackCOMRAM 0001             ??_SYSTEM_Initialize 0001       __end_of_SYSTEM_Initialize 7F94  
                       _OSCTUNE 0F9B                         __Hparam 0000                         __Lparam 0000  
                       __pcinit 7F7A                         __ramtop 0600                         __ptext0 7FC4  
                       __ptext1 7F8A                         __ptext2 7F94                         __ptext3 7F80  
         _OSCILLATOR_Initialize 7F80        ??_PIN_MANAGER_Initialize 0001            end_of_initialization 7F7A  
        ?_OSCILLATOR_Initialize 0001             start_initialization 7F7A          _PIN_MANAGER_Initialize 7F94  
                      _LATCbits 0F8B                     _INTCON2bits 0FF1                        __Hrparam 0000  
                      __Lrparam 0000         ??_OSCILLATOR_Initialize 0001                        isa$xinst 0000  
                    _INTCONbits 0FF2         ?_PIN_MANAGER_Initialize 0001  __end_of_PIN_MANAGER_Initialize 7FC4  
