

Microchip MPLAB XC8 Assembler V2.36 build 20220127204148 
                                                                                               Thu Dec 22 22:08:51 2022

Microchip MPLAB XC8 C Compiler v2.36 (Free license) build 20220127204148 Og1 
     1                           	processor	18F45K20
     2                           	fnconf	rparam,??,?,0
     3                           	pagewidth 120
     4                           	opt	flic
     5                           	psect	nvCOMRAM,global,class=COMRAM,space=1,delta=1,lowdata,noexec
     6                           	psect	cinit,global,reloc=2,class=CODE,delta=1
     7                           	psect	bssCOMRAM,global,class=COMRAM,space=1,delta=1,lowdata,noexec
     8                           	psect	cstackCOMRAM,global,class=COMRAM,space=1,delta=1,lowdata,noexec
     9                           	psect	text0,global,reloc=2,class=CODE,delta=1
    10                           	psect	text1,global,reloc=2,class=CODE,delta=1
    11                           	psect	text2,global,reloc=2,class=CODE,delta=1
    12                           	psect	text3,global,reloc=2,class=CODE,delta=1
    13                           	psect	text4,global,reloc=2,class=CODE,delta=1
    14                           	psect	text5,global,reloc=2,class=CODE,delta=1
    15                           	psect	text6,global,reloc=2,class=CODE,delta=1
    16                           	psect	text7,global,reloc=2,class=CODE,delta=1
    17                           	psect	text8,global,reloc=2,class=CODE,delta=1
    18                           	psect	intsave_regs,global,class=BIGRAM,space=1,delta=1,noexec
    19                           	psect	rparam,global,class=COMRAM,space=1,delta=1,noexec
    20                           	psect	idloc,global,abs,ovrld,class=IDLOC,space=5,delta=1,noexec
    21                           	psect	config,global,abs,ovrld,class=CONFIG,space=4,delta=1,noexec
    22  0000                     
    23                           ; Version 2.36
    24                           ; Generated 28/01/2022 GMT
    25                           ; 
    26                           ; Copyright © 2022, Microchip Technology Inc. and its subsidiaries ("Microchip")
    27                           ; All rights reserved.
    28                           ; 
    29                           ; This software is developed by Microchip Technology Inc. and its subsidiaries ("Microch
      +                          ip").
    30                           ; 
    31                           ; Redistribution and use in source and binary forms, with or without modification, are
    32                           ; permitted provided that the following conditions are met:
    33                           ; 
    34                           ;     1. Redistributions of source code must retain the above copyright notice, this lis
      +                          t of
    35                           ;        conditions and the following disclaimer.
    36                           ; 
    37                           ;     2. Redistributions in binary form must reproduce the above copyright notice, this 
      +                          list
    38                           ;        of conditions and the following disclaimer in the documentation and/or other
    39                           ;        materials provided with the distribution. Publication is not required when
    40                           ;        this file is used in an embedded application.
    41                           ; 
    42                           ;     3. Microchip's name may not be used to endorse or promote products derived from th
      +                          is
    43                           ;        software without specific prior written permission.
    44                           ; 
    45                           ; THIS SOFTWARE IS PROVIDED BY MICROCHIP "AS IS" AND ANY EXPRESS OR IMPLIED WARRANTIES,
    46                           ; INCLUDING, BUT NOT LIMITED TO, THE IMPLIED WARRANTIES OF MERCHANTABILITY AND FITNESS F
      +                          OR
    47                           ; PURPOSE ARE DISCLAIMED.  IN NO EVENT SHALL MICROCHIP BE LIABLE FOR ANY DIRECT, INDIREC
      +                          T,
    48                           ; INCIDENTAL, SPECIAL, EXEMPLARY, OR CONSEQUENTIAL DAMAGES (INCLUDING BUT NOT LIMITED TO
    49                           ; PROCUREMENT OF SUBSTITUTE GOODS OR SERVICES; LOSS OF USE, DATA OR PROFITS; OR BUSINESS
    50                           ; INTERRUPTION) HOWSOEVER CAUSED AND ON ANY THEORY OF LIABILITY, WHETHER IN CONTRACT, ST
      +                          RICT
    51                           ; LIABILITY, OR TORT (INCLUDING NEGLIGENCE OR OTHERWISE) ARISING IN ANY WAY OUT OF THE U
      +                          SE OF
    52                           ; THIS SOFTWARE, EVEN IF ADVISED OF THE POSSIBILITY OF SUCH DAMAGE.
    53                           ; 
    54                           ; 
    55                           ; Code-generator required, PIC18F45K20 Definitions
    56                           ; 
    57                           ; SFR Addresses
    58  0000                     
    59 ;; Function _EUSART_DefaultFramingErrorHandler is unused but had its address taken
    60  0000                     
    61 ;; Function _EUSART_DefaultOverrunErrorHandler is unused but had its address taken
    62  0000                     
    63 ;; Function _EUSART_DefaultErrorHandler is unused but had its address taken
    64  0000                     _TRISD	set	3989
    65  0000                     _TRISC	set	3988
    66  0000                     _TRISB	set	3987
    67  0000                     _LATC	set	3979
    68  0000                     _LATB	set	3978
    69  0000                     _TXREG	set	4013
    70  0000                     _RCREG	set	4014
    71  0000                     _SPBRG	set	4015
    72  0000                     _TXSTA	set	4012
    73                           
    74                           	psect	nvCOMRAM
    75  000001                     __pnvCOMRAM:
    76                           	callstack 0
    77  000001                     _EUSART_ErrorHandler:
    78                           	callstack 0
    79  000001                     	ds	2
    80  000003                     _EUSART_OverrunErrorHandler:
    81                           	callstack 0
    82  000003                     	ds	2
    83  000005                     _EUSART_FramingErrorHandler:
    84                           	callstack 0
    85  000005                     	ds	2
    86  0000                     _RCSTAbits	set	4011
    87  0000                     _TXSTAbits	set	4012
    88  0000                     _WPUB	set	3964
    89  0000                     _ANSEL	set	3966
    90  0000                     _LATA	set	3977
    91  0000                     _LATD	set	3980
    92  0000                     _LATE	set	3981
    93  0000                     _OSCTUNE	set	3995
    94  0000                     _OSCCON	set	4051
    95  0000                     _INTCON2bits	set	4081
    96  0000                     _PIR1bits	set	3998
    97  0000                     _RCSTA	set	4011
    98  0000                     _BAUDCON	set	4024
    99  0000                     _SPBRGH	set	4016
   100  0000                     _TRISA	set	3986
   101  0000                     _TRISE	set	3990
   102  0000                     _ANSELH	set	3967
   103  0000                     _INTCONbits	set	4082
   104                           
   105                           ; #config settings
   106                           
   107                           	psect	cinit
   108  007F3C                     __pcinit:
   109                           	callstack 0
   110  007F3C                     start_initialization:
   111                           	callstack 0
   112  007F3C                     __initialization:
   113                           	callstack 0
   114                           
   115                           ; Clear objects allocated to COMRAM (1 bytes)
   116  007F3C  6A09               	clrf	__pbssCOMRAM& (0+255),c
   117  007F3E                     end_of_initialization:
   118                           	callstack 0
   119  007F3E                     __end_of__initialization:
   120                           	callstack 0
   121  007F3E  0E00               	movlw	low (__Lmediumconst shr (0+16))
   122  007F40  6EF8               	movwf	tblptru,c
   123  007F42  0100               	movlb	0
   124  007F44  EFAB  F03F         	goto	_main	;jump to C main() function
   125                           
   126                           	psect	bssCOMRAM
   127  000009                     __pbssCOMRAM:
   128                           	callstack 0
   129  000009                     _eusartRxLastError:
   130                           	callstack 0
   131  000009                     	ds	1
   132                           
   133                           	psect	cstackCOMRAM
   134  000007                     __pcstackCOMRAM:
   135                           	callstack 0
   136  000007                     EUSART_SetFramingErrorHandler@interruptHandler:
   137                           	callstack 0
   138  000007                     EUSART_SetOverrunErrorHandler@interruptHandler:
   139                           	callstack 0
   140  000007                     EUSART_SetErrorHandler@interruptHandler:
   141                           	callstack 0
   142                           
   143                           ; 2 bytes @ 0x0
   144  000007                     	ds	2
   145  000009                     
   146                           ; 1 bytes @ 0x2
   147 ;;
   148 ;;Main: autosize = 0, tempsize = 0, incstack = 0, save=0
   149 ;;
   150 ;; *************** function _main *****************
   151 ;; Defined at:
   152 ;;		line 15 in file "main.c"
   153 ;; Parameters:    Size  Location     Type
   154 ;;		None
   155 ;; Auto vars:     Size  Location     Type
   156 ;;		None
   157 ;; Return value:  Size  Location     Type
   158 ;;                  1    wreg      void 
   159 ;; Registers used:
   160 ;;		wreg, status,2, status,0, cstack
   161 ;; Tracked objects:
   162 ;;		On entry : 0/0
   163 ;;		On exit  : 0/0
   164 ;;		Unchanged: 0/0
   165 ;; Data sizes:     COMRAM   BANK0   BANK1   BANK2   BANK3   BANK4   BANK5
   166 ;;      Params:         0       0       0       0       0       0       0
   167 ;;      Locals:         0       0       0       0       0       0       0
   168 ;;      Temps:          0       0       0       0       0       0       0
   169 ;;      Totals:         0       0       0       0       0       0       0
   170 ;;Total ram usage:        0 bytes
   171 ;; Hardware stack levels required when called: 3
   172 ;; This function calls:
   173 ;;		_EUSART_Read
   174 ;;		_SYSTEM_Initialize
   175 ;; This function is called by:
   176 ;;		Startup code after reset
   177 ;; This function uses a non-reentrant model
   178 ;;
   179                           
   180                           	psect	text0
   181  007F56                     __ptext0:
   182                           	callstack 0
   183  007F56                     _main:
   184                           	callstack 28
   185  007F56                     
   186                           ;main.c: 18:     SYSTEM_Initialize();
   187  007F56  ECA4  F03F         	call	_SYSTEM_Initialize	;wreg free
   188  007F5A                     l924:
   189                           
   190                           ;main.c: 21:     LATB = EUSART_Read();
   191  007F5A  ECB4  F03F         	call	_EUSART_Read	;wreg free
   192  007F5E  6E8A               	movwf	138,c	;volatile
   193  007F60  EFAD  F03F         	goto	l924
   194  007F64  EF00  F000         	goto	start
   195  007F68                     __end_of_main:
   196                           	callstack 0
   197                           
   198 ;; *************** function _SYSTEM_Initialize *****************
   199 ;; Defined at:
   200 ;;		line 50 in file "mcc_generated_files/mcc.c"
   201 ;; Parameters:    Size  Location     Type
   202 ;;		None
   203 ;; Auto vars:     Size  Location     Type
   204 ;;		None
   205 ;; Return value:  Size  Location     Type
   206 ;;                  1    wreg      void 
   207 ;; Registers used:
   208 ;;		wreg, status,2, status,0, cstack
   209 ;; Tracked objects:
   210 ;;		On entry : 0/0
   211 ;;		On exit  : 0/0
   212 ;;		Unchanged: 0/0
   213 ;; Data sizes:     COMRAM   BANK0   BANK1   BANK2   BANK3   BANK4   BANK5
   214 ;;      Params:         0       0       0       0       0       0       0
   215 ;;      Locals:         0       0       0       0       0       0       0
   216 ;;      Temps:          0       0       0       0       0       0       0
   217 ;;      Totals:         0       0       0       0       0       0       0
   218 ;;Total ram usage:        0 bytes
   219 ;; Hardware stack levels used: 1
   220 ;; Hardware stack levels required when called: 2
   221 ;; This function calls:
   222 ;;		_EUSART_Initialize
   223 ;;		_OSCILLATOR_Initialize
   224 ;;		_PIN_MANAGER_Initialize
   225 ;; This function is called by:
   226 ;;		_main
   227 ;; This function uses a non-reentrant model
   228 ;;
   229                           
   230                           	psect	text1
   231  007F48                     __ptext1:
   232                           	callstack 0
   233  007F48                     _SYSTEM_Initialize:
   234                           	callstack 28
   235  007F48                     
   236                           ;mcc_generated_files/mcc.c: 53:     PIN_MANAGER_Initialize();
   237  007F48  ECC8  F03F         	call	_PIN_MANAGER_Initialize	;wreg free
   238                           
   239                           ;mcc_generated_files/mcc.c: 54:     OSCILLATOR_Initialize();
   240  007F4C  EC99  F03F         	call	_OSCILLATOR_Initialize	;wreg free
   241  007F50                     
   242                           ;mcc_generated_files/mcc.c: 55:     EUSART_Initialize();
   243  007F50  ECE1  F03F         	call	_EUSART_Initialize	;wreg free
   244  007F54  0012               	return		;funcret
   245  007F56                     __end_of_SYSTEM_Initialize:
   246                           	callstack 0
   247                           
   248 ;; *************** function _PIN_MANAGER_Initialize *****************
   249 ;; Defined at:
   250 ;;		line 55 in file "mcc_generated_files/pin_manager.c"
   251 ;; Parameters:    Size  Location     Type
   252 ;;		None
   253 ;; Auto vars:     Size  Location     Type
   254 ;;		None
   255 ;; Return value:  Size  Location     Type
   256 ;;                  1    wreg      void 
   257 ;; Registers used:
   258 ;;		wreg, status,2
   259 ;; Tracked objects:
   260 ;;		On entry : 0/0
   261 ;;		On exit  : 0/0
   262 ;;		Unchanged: 0/0
   263 ;; Data sizes:     COMRAM   BANK0   BANK1   BANK2   BANK3   BANK4   BANK5
   264 ;;      Params:         0       0       0       0       0       0       0
   265 ;;      Locals:         0       0       0       0       0       0       0
   266 ;;      Temps:          0       0       0       0       0       0       0
   267 ;;      Totals:         0       0       0       0       0       0       0
   268 ;;Total ram usage:        0 bytes
   269 ;; Hardware stack levels used: 1
   270 ;; This function calls:
   271 ;;		Nothing
   272 ;; This function is called by:
   273 ;;		_SYSTEM_Initialize
   274 ;; This function uses a non-reentrant model
   275 ;;
   276                           
   277                           	psect	text2
   278  007F90                     __ptext2:
   279                           	callstack 0
   280  007F90                     _PIN_MANAGER_Initialize:
   281                           	callstack 29
   282  007F90                     
   283                           ;mcc_generated_files/pin_manager.c: 60:     LATE = 0x00;
   284  007F90  0E00               	movlw	0
   285  007F92  6E8D               	movwf	141,c	;volatile
   286                           
   287                           ;mcc_generated_files/pin_manager.c: 61:     LATD = 0x00;
   288  007F94  0E00               	movlw	0
   289  007F96  6E8C               	movwf	140,c	;volatile
   290                           
   291                           ;mcc_generated_files/pin_manager.c: 62:     LATA = 0x00;
   292  007F98  0E00               	movlw	0
   293  007F9A  6E89               	movwf	137,c	;volatile
   294                           
   295                           ;mcc_generated_files/pin_manager.c: 63:     LATB = 0x00;
   296  007F9C  0E00               	movlw	0
   297  007F9E  6E8A               	movwf	138,c	;volatile
   298                           
   299                           ;mcc_generated_files/pin_manager.c: 64:     LATC = 0x00;
   300  007FA0  0E00               	movlw	0
   301  007FA2  6E8B               	movwf	139,c	;volatile
   302                           
   303                           ;mcc_generated_files/pin_manager.c: 69:     TRISE = 0x07;
   304  007FA4  0E07               	movlw	7
   305  007FA6  6E96               	movwf	150,c	;volatile
   306  007FA8                     
   307                           ;mcc_generated_files/pin_manager.c: 70:     TRISA = 0xFF;
   308  007FA8  6892               	setf	146,c	;volatile
   309                           
   310                           ;mcc_generated_files/pin_manager.c: 71:     TRISB = 0x00;
   311  007FAA  0E00               	movlw	0
   312  007FAC  6E93               	movwf	147,c	;volatile
   313                           
   314                           ;mcc_generated_files/pin_manager.c: 72:     TRISC = 0xBF;
   315  007FAE  0EBF               	movlw	191
   316  007FB0  6E94               	movwf	148,c	;volatile
   317  007FB2                     
   318                           ;mcc_generated_files/pin_manager.c: 73:     TRISD = 0xFF;
   319  007FB2  6895               	setf	149,c	;volatile
   320  007FB4                     
   321                           ;mcc_generated_files/pin_manager.c: 78:     ANSEL = 0xFF;
   322  007FB4  687E               	setf	126,c	;volatile
   323                           
   324                           ;mcc_generated_files/pin_manager.c: 79:     ANSELH = 0x1F;
   325  007FB6  0E1F               	movlw	31
   326  007FB8  6E7F               	movwf	127,c	;volatile
   327                           
   328                           ;mcc_generated_files/pin_manager.c: 84:     WPUB = 0x00;
   329  007FBA  0E00               	movlw	0
   330  007FBC  6E7C               	movwf	124,c	;volatile
   331  007FBE                     
   332                           ;mcc_generated_files/pin_manager.c: 85:     INTCON2bits.nRBPU = 1;
   333  007FBE  8EF1               	bsf	241,7,c	;volatile
   334  007FC0  0012               	return		;funcret
   335  007FC2                     __end_of_PIN_MANAGER_Initialize:
   336                           	callstack 0
   337                           
   338 ;; *************** function _OSCILLATOR_Initialize *****************
   339 ;; Defined at:
   340 ;;		line 58 in file "mcc_generated_files/mcc.c"
   341 ;; Parameters:    Size  Location     Type
   342 ;;		None
   343 ;; Auto vars:     Size  Location     Type
   344 ;;		None
   345 ;; Return value:  Size  Location     Type
   346 ;;                  1    wreg      void 
   347 ;; Registers used:
   348 ;;		wreg, status,2
   349 ;; Tracked objects:
   350 ;;		On entry : 0/0
   351 ;;		On exit  : 0/0
   352 ;;		Unchanged: 0/0
   353 ;; Data sizes:     COMRAM   BANK0   BANK1   BANK2   BANK3   BANK4   BANK5
   354 ;;      Params:         0       0       0       0       0       0       0
   355 ;;      Locals:         0       0       0       0       0       0       0
   356 ;;      Temps:          0       0       0       0       0       0       0
   357 ;;      Totals:         0       0       0       0       0       0       0
   358 ;;Total ram usage:        0 bytes
   359 ;; Hardware stack levels used: 1
   360 ;; This function calls:
   361 ;;		Nothing
   362 ;; This function is called by:
   363 ;;		_SYSTEM_Initialize
   364 ;; This function uses a non-reentrant model
   365 ;;
   366                           
   367                           	psect	text3
   368  007F32                     __ptext3:
   369                           	callstack 0
   370  007F32                     _OSCILLATOR_Initialize:
   371                           	callstack 29
   372  007F32                     
   373                           ;mcc_generated_files/mcc.c: 61:     OSCCON = 0x60;
   374  007F32  0E60               	movlw	96
   375  007F34  6ED3               	movwf	211,c	;volatile
   376                           
   377                           ;mcc_generated_files/mcc.c: 63:     OSCTUNE = 0x00;
   378  007F36  0E00               	movlw	0
   379  007F38  6E9B               	movwf	155,c	;volatile
   380  007F3A  0012               	return		;funcret
   381  007F3C                     __end_of_OSCILLATOR_Initialize:
   382                           	callstack 0
   383                           
   384 ;; *************** function _EUSART_Initialize *****************
   385 ;; Defined at:
   386 ;;		line 66 in file "mcc_generated_files/eusart.c"
   387 ;; Parameters:    Size  Location     Type
   388 ;;		None
   389 ;; Auto vars:     Size  Location     Type
   390 ;;		None
   391 ;; Return value:  Size  Location     Type
   392 ;;                  1    wreg      void 
   393 ;; Registers used:
   394 ;;		wreg, status,2, status,0, cstack
   395 ;; Tracked objects:
   396 ;;		On entry : 0/0
   397 ;;		On exit  : 0/0
   398 ;;		Unchanged: 0/0
   399 ;; Data sizes:     COMRAM   BANK0   BANK1   BANK2   BANK3   BANK4   BANK5
   400 ;;      Params:         0       0       0       0       0       0       0
   401 ;;      Locals:         0       0       0       0       0       0       0
   402 ;;      Temps:          0       0       0       0       0       0       0
   403 ;;      Totals:         0       0       0       0       0       0       0
   404 ;;Total ram usage:        0 bytes
   405 ;; Hardware stack levels used: 1
   406 ;; Hardware stack levels required when called: 1
   407 ;; This function calls:
   408 ;;		_EUSART_SetErrorHandler
   409 ;;		_EUSART_SetFramingErrorHandler
   410 ;;		_EUSART_SetOverrunErrorHandler
   411 ;; This function is called by:
   412 ;;		_SYSTEM_Initialize
   413 ;; This function uses a non-reentrant model
   414 ;;
   415                           
   416                           	psect	text4
   417  007FC2                     __ptext4:
   418                           	callstack 0
   419  007FC2                     _EUSART_Initialize:
   420                           	callstack 28
   421  007FC2                     
   422                           ;mcc_generated_files/eusart.c: 71:     BAUDCON = 0x08;
   423  007FC2  0E08               	movlw	8
   424  007FC4  6EB8               	movwf	184,c	;volatile
   425                           
   426                           ;mcc_generated_files/eusart.c: 74:     RCSTA = 0x90;
   427  007FC6  0E90               	movlw	144
   428  007FC8  6EAB               	movwf	171,c	;volatile
   429                           
   430                           ;mcc_generated_files/eusart.c: 77:     TXSTA = 0x24;
   431  007FCA  0E24               	movlw	36
   432  007FCC  6EAC               	movwf	172,c	;volatile
   433                           
   434                           ;mcc_generated_files/eusart.c: 80:     SPBRG = 0x08;
   435  007FCE  0E08               	movlw	8
   436  007FD0  6EAF               	movwf	175,c	;volatile
   437                           
   438                           ;mcc_generated_files/eusart.c: 83:     SPBRGH = 0x02;
   439  007FD2  0E02               	movlw	2
   440  007FD4  6EB0               	movwf	176,c	;volatile
   441  007FD6                     
   442                           ;mcc_generated_files/eusart.c: 86:     EUSART_SetFramingErrorHandler(EUSART_DefaultFrami
      +                          ngErrorHandler);
   443  007FD6  0E00               	movlw	0
   444  007FD8  6E07               	movwf	EUSART_SetFramingErrorHandler@interruptHandler^0,c
   445  007FDA  0E00               	movlw	0
   446  007FDC  6E08               	movwf	(EUSART_SetFramingErrorHandler@interruptHandler+1)^0,c
   447  007FDE  EC8F  F03F         	call	_EUSART_SetFramingErrorHandler	;wreg free
   448  007FE2                     
   449                           ;mcc_generated_files/eusart.c: 87:     EUSART_SetOverrunErrorHandler(EUSART_DefaultOverr
      +                          unErrorHandler);
   450  007FE2  0E00               	movlw	0
   451  007FE4  6E07               	movwf	EUSART_SetOverrunErrorHandler@interruptHandler^0,c
   452  007FE6  0E00               	movlw	0
   453  007FE8  6E08               	movwf	(EUSART_SetOverrunErrorHandler@interruptHandler+1)^0,c
   454  007FEA  EC94  F03F         	call	_EUSART_SetOverrunErrorHandler	;wreg free
   455  007FEE                     
   456                           ;mcc_generated_files/eusart.c: 88:     EUSART_SetErrorHandler(EUSART_DefaultErrorHandler
      +                          );
   457  007FEE  0E00               	movlw	0
   458  007FF0  6E07               	movwf	EUSART_SetErrorHandler@interruptHandler^0,c
   459  007FF2  0E00               	movlw	0
   460  007FF4  6E08               	movwf	(EUSART_SetErrorHandler@interruptHandler+1)^0,c
   461  007FF6  EC8A  F03F         	call	_EUSART_SetErrorHandler	;wreg free
   462  007FFA                     
   463                           ;mcc_generated_files/eusart.c: 90:     eusartRxLastError.status = 0;
   464  007FFA  0E00               	movlw	0
   465  007FFC  6E09               	movwf	_eusartRxLastError^0,c	;volatile
   466  007FFE  0012               	return		;funcret
   467  008000                     __end_of_EUSART_Initialize:
   468                           	callstack 0
   469                           
   470 ;; *************** function _EUSART_SetOverrunErrorHandler *****************
   471 ;; Defined at:
   472 ;;		line 161 in file "mcc_generated_files/eusart.c"
   473 ;; Parameters:    Size  Location     Type
   474 ;;  interruptHan    2    0[COMRAM] PTR FTN()void 
   475 ;;		 -> EUSART_DefaultOverrunErrorHandler(1), 
   476 ;; Auto vars:     Size  Location     Type
   477 ;;		None
   478 ;; Return value:  Size  Location     Type
   479 ;;                  1    wreg      void 
   480 ;; Registers used:
   481 ;;		wreg, status,2, status,0
   482 ;; Tracked objects:
   483 ;;		On entry : 0/0
   484 ;;		On exit  : 0/0
   485 ;;		Unchanged: 0/0
   486 ;; Data sizes:     COMRAM   BANK0   BANK1   BANK2   BANK3   BANK4   BANK5
   487 ;;      Params:         2       0       0       0       0       0       0
   488 ;;      Locals:         0       0       0       0       0       0       0
   489 ;;      Temps:          0       0       0       0       0       0       0
   490 ;;      Totals:         2       0       0       0       0       0       0
   491 ;;Total ram usage:        2 bytes
   492 ;; Hardware stack levels used: 1
   493 ;; This function calls:
   494 ;;		Nothing
   495 ;; This function is called by:
   496 ;;		_EUSART_Initialize
   497 ;; This function uses a non-reentrant model
   498 ;;
   499                           
   500                           	psect	text5
   501  007F28                     __ptext5:
   502                           	callstack 0
   503  007F28                     _EUSART_SetOverrunErrorHandler:
   504                           	callstack 28
   505  007F28                     
   506                           ;mcc_generated_files/eusart.c: 162:     EUSART_OverrunErrorHandler = interruptHandler;
   507  007F28  C007  F003         	movff	EUSART_SetOverrunErrorHandler@interruptHandler,_EUSART_OverrunErrorHandler
   508  007F2C  C008  F004         	movff	EUSART_SetOverrunErrorHandler@interruptHandler+1,_EUSART_OverrunErrorHandler+1
   509  007F30  0012               	return		;funcret
   510  007F32                     __end_of_EUSART_SetOverrunErrorHandler:
   511                           	callstack 0
   512                           
   513 ;; *************** function _EUSART_SetFramingErrorHandler *****************
   514 ;; Defined at:
   515 ;;		line 157 in file "mcc_generated_files/eusart.c"
   516 ;; Parameters:    Size  Location     Type
   517 ;;  interruptHan    2    0[COMRAM] PTR FTN()void 
   518 ;;		 -> EUSART_DefaultFramingErrorHandler(1), 
   519 ;; Auto vars:     Size  Location     Type
   520 ;;		None
   521 ;; Return value:  Size  Location     Type
   522 ;;                  1    wreg      void 
   523 ;; Registers used:
   524 ;;		wreg, status,2, status,0
   525 ;; Tracked objects:
   526 ;;		On entry : 0/0
   527 ;;		On exit  : 0/0
   528 ;;		Unchanged: 0/0
   529 ;; Data sizes:     COMRAM   BANK0   BANK1   BANK2   BANK3   BANK4   BANK5
   530 ;;      Params:         2       0       0       0       0       0       0
   531 ;;      Locals:         0       0       0       0       0       0       0
   532 ;;      Temps:          0       0       0       0       0       0       0
   533 ;;      Totals:         2       0       0       0       0       0       0
   534 ;;Total ram usage:        2 bytes
   535 ;; Hardware stack levels used: 1
   536 ;; This function calls:
   537 ;;		Nothing
   538 ;; This function is called by:
   539 ;;		_EUSART_Initialize
   540 ;; This function uses a non-reentrant model
   541 ;;
   542                           
   543                           	psect	text6
   544  007F1E                     __ptext6:
   545                           	callstack 0
   546  007F1E                     _EUSART_SetFramingErrorHandler:
   547                           	callstack 28
   548  007F1E                     
   549                           ;mcc_generated_files/eusart.c: 158:     EUSART_FramingErrorHandler = interruptHandler;
   550  007F1E  C007  F005         	movff	EUSART_SetFramingErrorHandler@interruptHandler,_EUSART_FramingErrorHandler
   551  007F22  C008  F006         	movff	EUSART_SetFramingErrorHandler@interruptHandler+1,_EUSART_FramingErrorHandler+1
   552  007F26  0012               	return		;funcret
   553  007F28                     __end_of_EUSART_SetFramingErrorHandler:
   554                           	callstack 0
   555                           
   556 ;; *************** function _EUSART_SetErrorHandler *****************
   557 ;; Defined at:
   558 ;;		line 165 in file "mcc_generated_files/eusart.c"
   559 ;; Parameters:    Size  Location     Type
   560 ;;  interruptHan    2    0[COMRAM] PTR FTN()void 
   561 ;;		 -> EUSART_DefaultErrorHandler(1), 
   562 ;; Auto vars:     Size  Location     Type
   563 ;;		None
   564 ;; Return value:  Size  Location     Type
   565 ;;                  1    wreg      void 
   566 ;; Registers used:
   567 ;;		wreg, status,2, status,0
   568 ;; Tracked objects:
   569 ;;		On entry : 0/0
   570 ;;		On exit  : 0/0
   571 ;;		Unchanged: 0/0
   572 ;; Data sizes:     COMRAM   BANK0   BANK1   BANK2   BANK3   BANK4   BANK5
   573 ;;      Params:         2       0       0       0       0       0       0
   574 ;;      Locals:         0       0       0       0       0       0       0
   575 ;;      Temps:          0       0       0       0       0       0       0
   576 ;;      Totals:         2       0       0       0       0       0       0
   577 ;;Total ram usage:        2 bytes
   578 ;; Hardware stack levels used: 1
   579 ;; This function calls:
   580 ;;		Nothing
   581 ;; This function is called by:
   582 ;;		_EUSART_Initialize
   583 ;; This function uses a non-reentrant model
   584 ;;
   585                           
   586                           	psect	text7
   587  007F14                     __ptext7:
   588                           	callstack 0
   589  007F14                     _EUSART_SetErrorHandler:
   590                           	callstack 28
   591  007F14                     
   592                           ;mcc_generated_files/eusart.c: 166:     EUSART_ErrorHandler = interruptHandler;
   593  007F14  C007  F001         	movff	EUSART_SetErrorHandler@interruptHandler,_EUSART_ErrorHandler
   594  007F18  C008  F002         	movff	EUSART_SetErrorHandler@interruptHandler+1,_EUSART_ErrorHandler+1
   595  007F1C  0012               	return		;funcret
   596  007F1E                     __end_of_EUSART_SetErrorHandler:
   597                           	callstack 0
   598                           
   599 ;; *************** function _EUSART_Read *****************
   600 ;; Defined at:
   601 ;;		line 113 in file "mcc_generated_files/eusart.c"
   602 ;; Parameters:    Size  Location     Type
   603 ;;		None
   604 ;; Auto vars:     Size  Location     Type
   605 ;;		None
   606 ;; Return value:  Size  Location     Type
   607 ;;                  1    wreg      unsigned char 
   608 ;; Registers used:
   609 ;;		wreg, status,2
   610 ;; Tracked objects:
   611 ;;		On entry : 0/0
   612 ;;		On exit  : 0/0
   613 ;;		Unchanged: 0/0
   614 ;; Data sizes:     COMRAM   BANK0   BANK1   BANK2   BANK3   BANK4   BANK5
   615 ;;      Params:         0       0       0       0       0       0       0
   616 ;;      Locals:         0       0       0       0       0       0       0
   617 ;;      Temps:          0       0       0       0       0       0       0
   618 ;;      Totals:         0       0       0       0       0       0       0
   619 ;;Total ram usage:        0 bytes
   620 ;; Hardware stack levels used: 1
   621 ;; This function calls:
   622 ;;		Nothing
   623 ;; This function is called by:
   624 ;;		_main
   625 ;; This function uses a non-reentrant model
   626 ;;
   627                           
   628                           	psect	text8
   629  007F68                     __ptext8:
   630                           	callstack 0
   631  007F68                     _EUSART_Read:
   632                           	callstack 30
   633  007F68                     l76:
   634                           
   635                           ;mcc_generated_files/eusart.c: 115:     while(!PIR1bits.RC1IF)
   636  007F68  AA9E               	btfss	158,5,c	;volatile
   637  007F6A  EFB9  F03F         	goto	u11
   638  007F6E  EFBB  F03F         	goto	u10
   639  007F72                     u11:
   640  007F72  EFB4  F03F         	goto	l76
   641  007F76                     u10:
   642  007F76                     
   643                           ;mcc_generated_files/eusart.c: 119:     eusartRxLastError.status = 0;
   644  007F76  0E00               	movlw	0
   645  007F78  6E09               	movwf	_eusartRxLastError^0,c	;volatile
   646  007F7A                     
   647                           ;mcc_generated_files/eusart.c: 121:     if(1 == RCSTAbits.OERR)
   648  007F7A  A2AB               	btfss	171,1,c	;volatile
   649  007F7C  EFC2  F03F         	goto	u21
   650  007F80  EFC4  F03F         	goto	u20
   651  007F84                     u21:
   652  007F84  EFC6  F03F         	goto	l870
   653  007F88                     u20:
   654  007F88                     
   655                           ;mcc_generated_files/eusart.c: 122:     {;mcc_generated_files/eusart.c: 125:         RCS
      +                          TAbits.CREN = 0;
   656  007F88  98AB               	bcf	171,4,c	;volatile
   657                           
   658                           ;mcc_generated_files/eusart.c: 126:         RCSTAbits.CREN = 1;
   659  007F8A  88AB               	bsf	171,4,c	;volatile
   660  007F8C                     l870:
   661                           
   662                           ;mcc_generated_files/eusart.c: 129:     return RCREG;
   663  007F8C  50AE               	movf	174,w,c	;volatile
   664  007F8E  0012               	return		;funcret
   665  007F90                     __end_of_EUSART_Read:
   666                           	callstack 0
   667  0000                     
   668                           	psect	rparam
   669  0000                     
   670                           	psect	idloc
   671                           
   672                           ;Config register IDLOC0 @ 0x200000
   673                           ;	unspecified, using default values
   674  200000                     	org	2097152
   675  200000  FF                 	db	255
   676                           
   677                           ;Config register IDLOC1 @ 0x200001
   678                           ;	unspecified, using default values
   679  200001                     	org	2097153
   680  200001  FF                 	db	255
   681                           
   682                           ;Config register IDLOC2 @ 0x200002
   683                           ;	unspecified, using default values
   684  200002                     	org	2097154
   685  200002  FF                 	db	255
   686                           
   687                           ;Config register IDLOC3 @ 0x200003
   688                           ;	unspecified, using default values
   689  200003                     	org	2097155
   690  200003  FF                 	db	255
   691                           
   692                           ;Config register IDLOC4 @ 0x200004
   693                           ;	unspecified, using default values
   694  200004                     	org	2097156
   695  200004  FF                 	db	255
   696                           
   697                           ;Config register IDLOC5 @ 0x200005
   698                           ;	unspecified, using default values
   699  200005                     	org	2097157
   700  200005  FF                 	db	255
   701                           
   702                           ;Config register IDLOC6 @ 0x200006
   703                           ;	unspecified, using default values
   704  200006                     	org	2097158
   705  200006  FF                 	db	255
   706                           
   707                           ;Config register IDLOC7 @ 0x200007
   708                           ;	unspecified, using default values
   709  200007                     	org	2097159
   710  200007  FF                 	db	255
   711                           
   712                           	psect	config
   713                           
   714                           ; Padding undefined space
   715  300000                     	org	3145728
   716  300000  FF                 	db	255
   717                           
   718                           ;Config register CONFIG1H @ 0x300001
   719                           ;	Oscillator Selection bits
   720                           ;	FOSC = HS, HS oscillator
   721                           ;	Fail-Safe Clock Monitor Enable bit
   722                           ;	FCMEN = OFF, Fail-Safe Clock Monitor disabled
   723                           ;	Internal/External Oscillator Switchover bit
   724                           ;	IESO = OFF, Oscillator Switchover mode disabled
   725  300001                     	org	3145729
   726  300001  02                 	db	2
   727                           
   728                           ;Config register CONFIG2L @ 0x300002
   729                           ;	Power-up Timer Enable bit
   730                           ;	PWRT = OFF, PWRT disabled
   731                           ;	Brown-out Reset Enable bits
   732                           ;	BOREN = SBORDIS, Brown-out Reset enabled in hardware only (SBOREN is disabled)
   733                           ;	Brown Out Reset Voltage bits
   734                           ;	BORV = 18, VBOR set to 1.8 V nominal
   735  300002                     	org	3145730
   736  300002  1F                 	db	31
   737                           
   738                           ;Config register CONFIG2H @ 0x300003
   739                           ;	Watchdog Timer Enable bit
   740                           ;	WDTEN = OFF, WDT is controlled by SWDTEN bit of the WDTCON register
   741                           ;	Watchdog Timer Postscale Select bits
   742                           ;	WDTPS = 32768, 1:32768
   743  300003                     	org	3145731
   744  300003  1E                 	db	30
   745                           
   746                           ; Padding undefined space
   747  300004                     	org	3145732
   748  300004  FF                 	db	255
   749                           
   750                           ;Config register CONFIG3H @ 0x300005
   751                           ;	CCP2 MUX bit
   752                           ;	CCP2MX = PORTC, CCP2 input/output is multiplexed with RC1
   753                           ;	PORTB A/D Enable bit
   754                           ;	PBADEN = ON, PORTB<4:0> pins are configured as analog input channels on Reset
   755                           ;	Low-Power Timer1 Oscillator Enable bit
   756                           ;	LPT1OSC = OFF, Timer1 configured for higher power operation
   757                           ;	HFINTOSC Fast Start-up
   758                           ;	HFOFST = ON, HFINTOSC starts clocking the CPU without waiting for the oscillator to st
      +                          ablize.
   759                           ;	MCLR Pin Enable bit
   760                           ;	MCLRE = ON, MCLR pin enabled; RE3 input pin disabled
   761  300005                     	org	3145733
   762  300005  8B                 	db	139
   763                           
   764                           ;Config register CONFIG4L @ 0x300006
   765                           ;	Stack Full/Underflow Reset Enable bit
   766                           ;	STVREN = ON, Stack full/underflow will cause Reset
   767                           ;	Single-Supply ICSP Enable bit
   768                           ;	LVP = OFF, Single-Supply ICSP disabled
   769                           ;	Extended Instruction Set Enable bit
   770                           ;	XINST = OFF, Instruction set extension and Indexed Addressing mode disabled (Legacy mo
      +                          de)
   771                           ;	Background Debugger Enable bit
   772                           ;	DEBUG = OFF, Background debugger disabled, RB6 and RB7 configured as general purpose I
      +                          /O pins
   773  300006                     	org	3145734
   774  300006  81                 	db	129
   775                           
   776                           ; Padding undefined space
   777  300007                     	org	3145735
   778  300007  FF                 	db	255
   779                           
   780                           ;Config register CONFIG5L @ 0x300008
   781                           ;	Code Protection Block 0
   782                           ;	CP0 = OFF, Block 0 (000800-001FFFh) not code-protected
   783                           ;	Code Protection Block 1
   784                           ;	CP1 = OFF, Block 1 (002000-003FFFh) not code-protected
   785                           ;	Code Protection Block 2
   786                           ;	CP2 = OFF, Block 2 (004000-005FFFh) not code-protected
   787                           ;	Code Protection Block 3
   788                           ;	CP3 = OFF, Block 3 (006000-007FFFh) not code-protected
   789  300008                     	org	3145736
   790  300008  0F                 	db	15
   791                           
   792                           ;Config register CONFIG5H @ 0x300009
   793                           ;	Boot Block Code Protection bit
   794                           ;	CPB = OFF, Boot block (000000-0007FFh) not code-protected
   795                           ;	Data EEPROM Code Protection bit
   796                           ;	CPD = OFF, Data EEPROM not code-protected
   797  300009                     	org	3145737
   798  300009  C0                 	db	192
   799                           
   800                           ;Config register CONFIG6L @ 0x30000A
   801                           ;	Write Protection Block 0
   802                           ;	WRT0 = OFF, Block 0 (000800-001FFFh) not write-protected
   803                           ;	Write Protection Block 1
   804                           ;	WRT1 = OFF, Block 1 (002000-003FFFh) not write-protected
   805                           ;	Write Protection Block 2
   806                           ;	WRT2 = OFF, Block 2 (004000-005FFFh) not write-protected
   807                           ;	Write Protection Block 3
   808                           ;	WRT3 = OFF, Block 3 (006000-007FFFh) not write-protected
   809  30000A                     	org	3145738
   810  30000A  0F                 	db	15
   811                           
   812                           ;Config register CONFIG6H @ 0x30000B
   813                           ;	Configuration Register Write Protection bit
   814                           ;	WRTC = OFF, Configuration registers (300000-3000FFh) not write-protected
   815                           ;	Boot Block Write Protection bit
   816                           ;	WRTB = OFF, Boot Block (000000-0007FFh) not write-protected
   817                           ;	Data EEPROM Write Protection bit
   818                           ;	WRTD = OFF, Data EEPROM not write-protected
   819  30000B                     	org	3145739
   820  30000B  E0                 	db	224
   821                           
   822                           ;Config register CONFIG7L @ 0x30000C
   823                           ;	Table Read Protection Block 0
   824                           ;	EBTR0 = OFF, Block 0 (000800-001FFFh) not protected from table reads executed in other
      +                           blocks
   825                           ;	Table Read Protection Block 1
   826                           ;	EBTR1 = OFF, Block 1 (002000-003FFFh) not protected from table reads executed in other
      +                           blocks
   827                           ;	Table Read Protection Block 2
   828                           ;	EBTR2 = OFF, Block 2 (004000-005FFFh) not protected from table reads executed in other
      +                           blocks
   829                           ;	Table Read Protection Block 3
   830                           ;	EBTR3 = OFF, Block 3 (006000-007FFFh) not protected from table reads executed in other
      +                           blocks
   831  30000C                     	org	3145740
   832  30000C  0F                 	db	15
   833                           
   834                           ;Config register CONFIG7H @ 0x30000D
   835                           ;	Boot Block Table Read Protection bit
   836                           ;	EBTRB = OFF, Boot Block (000000-0007FFh) not protected from table reads executed in ot
      +                          her blocks
   837  30000D                     	org	3145741
   838  30000D  40                 	db	64
   839                           tosu	equ	0xFFF
   840                           tosh	equ	0xFFE
   841                           tosl	equ	0xFFD
   842                           stkptr	equ	0xFFC
   843                           pclatu	equ	0xFFB
   844                           pclath	equ	0xFFA
   845                           pcl	equ	0xFF9
   846                           tblptru	equ	0xFF8
   847                           tblptrh	equ	0xFF7
   848                           tblptrl	equ	0xFF6
   849                           tablat	equ	0xFF5
   850                           prodh	equ	0xFF4
   851                           prodl	equ	0xFF3
   852                           indf0	equ	0xFEF
   853                           postinc0	equ	0xFEE
   854                           postdec0	equ	0xFED
   855                           preinc0	equ	0xFEC
   856                           plusw0	equ	0xFEB
   857                           fsr0h	equ	0xFEA
   858                           fsr0l	equ	0xFE9
   859                           wreg	equ	0xFE8
   860                           indf1	equ	0xFE7
   861                           postinc1	equ	0xFE6
   862                           postdec1	equ	0xFE5
   863                           preinc1	equ	0xFE4
   864                           plusw1	equ	0xFE3
   865                           fsr1h	equ	0xFE2
   866                           fsr1l	equ	0xFE1
   867                           bsr	equ	0xFE0
   868                           indf2	equ	0xFDF
   869                           postinc2	equ	0xFDE
   870                           postdec2	equ	0xFDD
   871                           preinc2	equ	0xFDC
   872                           plusw2	equ	0xFDB
   873                           fsr2h	equ	0xFDA
   874                           fsr2l	equ	0xFD9
   875                           status	equ	0xFD8

Data Sizes:
    Strings     0
    Constant    0
    Data        0
    BSS         1
    Persistent  6
    Stack       0

Auto Spaces:
    Space          Size  Autos    Used
    COMRAM           95      2       9
    BANK0           160      0       0
    BANK1           256      0       0
    BANK2           256      0       0
    BANK3           256      0       0
    BANK4           256      0       0
    BANK5           256      0       0

Pointer List with Targets:

    EUSART_SetErrorHandler@interruptHandler	PTR FTN()void  size(2) Largest target is 1
		 -> EUSART_DefaultErrorHandler(), 

    EUSART_ErrorHandler	PTR FTN()void  size(2) Largest target is 1
		 -> Absolute function(), EUSART_DefaultErrorHandler(), 

    EUSART_SetOverrunErrorHandler@interruptHandler	PTR FTN()void  size(2) Largest target is 1
		 -> EUSART_DefaultOverrunErrorHandler(), 

    EUSART_OverrunErrorHandler	PTR FTN()void  size(2) Largest target is 1
		 -> Absolute function(), EUSART_DefaultOverrunErrorHandler(), 

    EUSART_SetFramingErrorHandler@interruptHandler	PTR FTN()void  size(2) Largest target is 1
		 -> EUSART_DefaultFramingErrorHandler(), 

    EUSART_FramingErrorHandler	PTR FTN()void  size(2) Largest target is 1
		 -> Absolute function(), EUSART_DefaultFramingErrorHandler(), 


Critical Paths under _main in COMRAM

    _EUSART_Initialize->_EUSART_SetErrorHandler
    _EUSART_Initialize->_EUSART_SetFramingErrorHandler
    _EUSART_Initialize->_EUSART_SetOverrunErrorHandler

Critical Paths under _main in BANK0

    None.

Critical Paths under _main in BANK1

    None.

Critical Paths under _main in BANK2

    None.

Critical Paths under _main in BANK3

    None.

Critical Paths under _main in BANK4

    None.

Critical Paths under _main in BANK5

    None.

Call Graph Tables:

 ---------------------------------------------------------------------------------
 (Depth) Function   	        Calls       Base Space   Used Autos Params    Refs
 ---------------------------------------------------------------------------------
 (0) _main                                                 0     0      0     294
                        _EUSART_Read
                  _SYSTEM_Initialize
 ---------------------------------------------------------------------------------
 (1) _SYSTEM_Initialize                                    0     0      0     294
                  _EUSART_Initialize
              _OSCILLATOR_Initialize
             _PIN_MANAGER_Initialize
 ---------------------------------------------------------------------------------
 (2) _PIN_MANAGER_Initialize                               0     0      0       0
 ---------------------------------------------------------------------------------
 (2) _OSCILLATOR_Initialize                                0     0      0       0
 ---------------------------------------------------------------------------------
 (2) _EUSART_Initialize                                    0     0      0     294
             _EUSART_SetErrorHandler
      _EUSART_SetFramingErrorHandler
      _EUSART_SetOverrunErrorHandler
 ---------------------------------------------------------------------------------
 (3) _EUSART_SetOverrunErrorHandler                        2     0      2      98
                                              0 COMRAM     2     0      2
 ---------------------------------------------------------------------------------
 (3) _EUSART_SetFramingErrorHandler                        2     0      2      98
                                              0 COMRAM     2     0      2
 ---------------------------------------------------------------------------------
 (3) _EUSART_SetErrorHandler                               2     0      2      98
                                              0 COMRAM     2     0      2
 ---------------------------------------------------------------------------------
 (1) _EUSART_Read                                          0     0      0       0
 ---------------------------------------------------------------------------------
 Estimated maximum stack depth 3
 ---------------------------------------------------------------------------------

 Call Graph Graphs:

 _main (ROOT)
   _EUSART_Read
   _SYSTEM_Initialize
     _EUSART_Initialize
       _EUSART_SetErrorHandler
       _EUSART_SetFramingErrorHandler
       _EUSART_SetOverrunErrorHandler
     _OSCILLATOR_Initialize
     _PIN_MANAGER_Initialize

 Address spaces:
Name               Size   Autos  Total    Cost      Usage
BIGRAM             5FF      0       0      28        0.0%
EEDATA             100      0       0       0        0.0%
BITBANK5           100      0       0      14        0.0%
BANK5              100      0       0      15        0.0%
BITBANK4           100      0       0      12        0.0%
BANK4              100      0       0      13        0.0%
BITBANK3           100      0       0      10        0.0%
BANK3              100      0       0      11        0.0%
BITBANK2           100      0       0       8        0.0%
BANK2              100      0       0       9        0.0%
BITBANK1           100      0       0       6        0.0%
BANK1              100      0       0       7        0.0%
BITBANK0            A0      0       0       4        0.0%
BANK0               A0      0       0       5        0.0%
BITCOMRAM           5F      0       0       0        0.0%
COMRAM              5F      2       9       1        9.5%
BITBIGSFRhl         1D      0       0      17        0.0%
BITBIGSFRllllll     1C      0       0      26        0.0%
BITBIGSFRlhh        1A      0       0      18        0.0%
BITBIGSFRhh          D      0       0      16        0.0%
BITBIGSFRlhllh       C      0       0      20        0.0%
BITBIGSFRllllh       9      0       0      24        0.0%
BITBIGSFRlhlhh       7      0       0      19        0.0%
BITBIGSFRllhh        4      0       0      22        0.0%
BITBIGSFRllhll       4      0       0      23        0.0%
BITBIGSFRlhlll       2      0       0      21        0.0%
BITBIGSFRlllllh      1      0       0      25        0.0%
BIGSFR               0      0       0     200        0.0%
BITSFR               0      0       0     200        0.0%
SFR                  0      0       0     200        0.0%
STACK                0      0       0       2        0.0%
NULL                 0      0       0       0        0.0%
ABS                  0      0       9      27        0.0%
DATA                 0      0       9       3        0.0%
CODE                 0      0       0       0        0.0%


Microchip Technology PIC18 Macro Assembler V2.36 build 20220127204148 
Symbol Table                                                                                   Thu Dec 22 22:08:51 2022

                                           l13 7F54                                             l16 7F3A  
                                           l80 7F8E                                             l59 7FFE  
                                           l76 7F68                                             l98 7F26  
                                           u10 7F76                                             u11 7F72  
                                           u20 7F88                                             u21 7F84  
                                          l101 7F30                                            l104 7F1C  
                                          l137 7FC0                                            l902 7F1E  
                                          l910 7FD6                                            l904 7F28  
                                          l912 7FE2                                            l840 7FB2  
                                          l920 7F50                                            l906 7F14  
                                          l914 7FEE                                            l842 7FB4  
                                          l922 7F56                                            l916 7FFA  
                                          l908 7FC2                                            l844 7FBE  
                                          l836 7F90                                            l924 7F5A  
                                          l870 7F8C                                            l862 7F68  
                                          l846 7F32                                            l838 7FA8  
                                          l918 7F48                                            l864 7F76  
                                          l866 7F7A                                            l868 7F88  
               ?_EUSART_SetFramingErrorHandler 0007                                   ?_EUSART_Read 0007  
                                         _LATA 000F89                                           _LATB 000F8A  
                                         _LATC 000F8B                                           _LATD 000F8C  
                                         _LATE 000F8D                                           _WPUB 000F7C  
                                         _main 7F56                                           start 0000  
                                 ___param_bank 000000                  __end_of_OSCILLATOR_Initialize 7F3C  
                                        ?_main 0007                                          _ANSEL 000F7E  
                                        _RCREG 000FAE                                          _RCSTA 000FAB  
                                        _SPBRG 000FAF                                          _TRISA 000F92  
                                        _TRISB 000F93                                          _TRISC 000F94  
                                        _TRISD 000F95                                          _TRISE 000F96  
                                        _TXREG 000FAD                                          _TXSTA 000FAC  
                              __initialization 7F3C                                   __end_of_main 7F68  
                                       ??_main 0009                                  __activetblptr 000002  
            _EUSART_DefaultFramingErrorHandler 000000                     _EUSART_OverrunErrorHandler 0003  
                                       _ANSELH 000F7F                                         _OSCCON 000FD3  
                                       _SPBRGH 000FB0                                         isa$std 000001  
                                       tblptru 000FF8                              _SYSTEM_Initialize 7F48  
                                   __accesstop 0060                        __end_of__initialization 7F3E  
                           ?_SYSTEM_Initialize 0007                                  ___rparam_used 000001  
                               __pcstackCOMRAM 0007                            ??_SYSTEM_Initialize 0009  
              ??_EUSART_SetOverrunErrorHandler 0009                      __end_of_SYSTEM_Initialize 7F56  
                                   __pnvCOMRAM 0001                                        _BAUDCON 000FB8  
                                      _OSCTUNE 000F9B                       ??_EUSART_SetErrorHandler 0009  
                                      __Hparam 0000                                        __Lparam 0000  
                                      __pcinit 7F3C                                        __ramtop 0600  
                                      __ptext0 7F56                                        __ptext1 7F48  
                                      __ptext2 7F90                                        __ptext3 7F32  
                                      __ptext4 7FC2                                        __ptext5 7F28  
                                      __ptext6 7F1E                                        __ptext7 7F14  
                                      __ptext8 7F68                          _OSCILLATOR_Initialize 7F32  
                     ??_PIN_MANAGER_Initialize 0007                           end_of_initialization 7F3E  
        __end_of_EUSART_SetOverrunErrorHandler 7F32                  _EUSART_SetOverrunErrorHandler 7F28  
                                __Lmediumconst 0000                              _EUSART_Initialize 7FC2  
                           ?_EUSART_Initialize 0007                                      _RCSTAbits 000FAB  
                          ??_EUSART_Initialize 0009                      __end_of_EUSART_Initialize 8000  
                                    _TXSTAbits 000FAC                     _EUSART_DefaultErrorHandler 000000  
                       ?_OSCILLATOR_Initialize 0007                            start_initialization 7F3C  
                                ??_EUSART_Read 0007                 ?_EUSART_SetOverrunErrorHandler 0007  
                   _EUSART_FramingErrorHandler 0005                         _EUSART_SetErrorHandler 7F14  
                                  __pbssCOMRAM 0009                            __end_of_EUSART_Read 7F90  
                       _PIN_MANAGER_Initialize 7F90         EUSART_SetErrorHandler@interruptHandler 0007  
                            _eusartRxLastError 0009                                       _PIR1bits 000F9E  
              ??_EUSART_SetFramingErrorHandler 0009              _EUSART_DefaultOverrunErrorHandler 000000  
                                  _EUSART_Read 7F68                                    _INTCON2bits 000FF1  
                                     __Hrparam 0000                                       __Lrparam 0000  
                      ??_OSCILLATOR_Initialize 0007                            _EUSART_ErrorHandler 0001  
                      ?_EUSART_SetErrorHandler 0007  EUSART_SetOverrunErrorHandler@interruptHandler 0007  
                                     isa$xinst 000000          __end_of_EUSART_SetFramingErrorHandler 7F28  
                _EUSART_SetFramingErrorHandler 7F1E                                     _INTCONbits 000FF2  
                      ?_PIN_MANAGER_Initialize 0007                 __end_of_EUSART_SetErrorHandler 7F1E  
EUSART_SetFramingErrorHandler@interruptHandler 0007                 __end_of_PIN_MANAGER_Initialize 7FC2  
