

Microchip MPLAB XC8 Assembler V2.41 build 20230208172133 
                                                                                               Sat Jul 08 14:07:58 2023

Microchip MPLAB XC8 C Compiler v2.41 (Free license) build 20230208172133 Og1 
     1                           	processor	18F45K20
     2                           	fnconf	rparam,??,?,0
     3                           	pagewidth 120
     4                           	opt	flic
     5                           	psect	idataCOMRAM,global,class=CODE,delta=1,noexec
     6                           	psect	cinit,global,reloc=2,class=CODE,delta=1
     7                           	psect	dataCOMRAM,global,class=COMRAM,space=1,delta=1,lowdata,noexec
     8                           	psect	cstackCOMRAM,global,class=COMRAM,space=1,delta=1,lowdata,noexec
     9                           	psect	text0,global,reloc=2,class=CODE,delta=1
    10                           	psect	text1,global,reloc=2,class=CODE,delta=1
    11                           	psect	text2,global,reloc=2,class=CODE,delta=1
    12                           	psect	text3,global,reloc=2,class=CODE,delta=1
    13                           	psect	text4,global,reloc=2,class=CODE,delta=1
    14                           	psect	intsave_regs,global,class=BIGRAM,space=1,delta=1,noexec
    15                           	psect	rparam,global,class=COMRAM,space=1,delta=1,noexec
    16                           	psect	idloc,global,abs,ovrld,class=IDLOC,space=5,delta=1,noexec
    17                           	psect	config,global,abs,ovrld,class=CONFIG,space=4,delta=1,noexec
    18   000000                     
    19                           ; Version 2.20
    20                           ; Generated 12/02/2020 GMT
    21                           ; 
    22                           ; Copyright © 2020, Microchip Technology Inc. and its subsidiaries ("Microchip")
    23                           ; All rights reserved.
    24                           ; 
    25                           ; This software is developed by Microchip Technology Inc. and its subsidiaries ("Microch
      +                          ip").
    26                           ; 
    27                           ; Redistribution and use in source and binary forms, with or without modification, are
    28                           ; permitted provided that the following conditions are met:
    29                           ; 
    30                           ;     1. Redistributions of source code must retain the above copyright notice, this lis
      +                          t of
    31                           ;        conditions and the following disclaimer.
    32                           ; 
    33                           ;     2. Redistributions in binary form must reproduce the above copyright notice, this 
      +                          list
    34                           ;        of conditions and the following disclaimer in the documentation and/or other
    35                           ;        materials provided with the distribution.
    36                           ; 
    37                           ;     3. Microchip's name may not be used to endorse or promote products derived from th
      +                          is
    38                           ;        software without specific prior written permission.
    39                           ; 
    40                           ; THIS SOFTWARE IS PROVIDED BY MICROCHIP "AS IS" AND ANY EXPRESS OR IMPLIED WARRANTIES,
    41                           ; INCLUDING, BUT NOT LIMITED TO, THE IMPLIED WARRANTIES OF MERCHANTABILITY AND FITNESS F
      +                          OR
    42                           ; PURPOSE ARE DISCLAIMED.  IN NO EVENT SHALL MICROCHIP BE LIABLE FOR ANY DIRECT, INDIREC
      +                          T,
    43                           ; INCIDENTAL, SPECIAL, EXEMPLARY, OR CONSEQUENTIAL DAMAGES (INCLUDING BUT NOT LIMITED TO
    44                           ; PROCUREMENT OF SUBSTITUTE GOODS OR SERVICES; LOSS OF USE, DATA OR PROFITS; OR BUSINESS
    45                           ; INTERRUPTION) HOWSOEVER CAUSED AND ON ANY THEORY OF LIABILITY, WHETHER IN CONTRACT, ST
      +                          RICT
    46                           ; LIABILITY, OR TORT (INCLUDING NEGLIGENCE OR OTHERWISE) ARISING IN ANY WAY OUT OF THE U
      +                          SE OF
    47                           ; THIS SOFTWARE, EVEN IF ADVISED OF THE POSSIBILITY OF SUCH DAMAGE.
    48                           ; 
    49                           ; 
    50                           ; Code-generator required, PIC18F45K20 Definitions
    51                           ; 
    52                           ; SFR Addresses
    53   000000                     
    54                           	psect	idataCOMRAM
    55   007F30                     __pidataCOMRAM:
    56                           	callstack 0
    57                           
    58                           ;initializer for _Full_Step_Sequence_Clockwise
    59   007F30  03                 	db	3
    60   007F31  06                 	db	6
    61   007F32  0C                 	db	12
    62   007F33  09                 	db	9
    63   000000                     _TRISD	set	3989
    64   000000                     _TRISC	set	3988
    65   000000                     _TRISB	set	3987
    66   000000                     _LATC	set	3979
    67   000000                     _LATB	set	3978
    68   000000                     _WPUB	set	3964
    69   000000                     _ANSEL	set	3966
    70   000000                     _LATA	set	3977
    71   000000                     _LATD	set	3980
    72   000000                     _LATE	set	3981
    73   000000                     _OSCTUNE	set	3995
    74   000000                     _OSCCON	set	4051
    75   000000                     _INTCON2bits	set	4081
    76   000000                     _TRISA	set	3986
    77   000000                     _TRISE	set	3990
    78   000000                     _ANSELH	set	3967
    79   000000                     _INTCONbits	set	4082
    80                           
    81                           ; #config settings
    82                           
    83                           	psect	cinit
    84   007F48                     __pcinit:
    85                           	callstack 0
    86   007F48                     start_initialization:
    87                           	callstack 0
    88   007F48                     __initialization:
    89                           	callstack 0
    90                           
    91                           ; Initialize objects allocated to COMRAM (4 bytes)
    92                           ; load TBLPTR registers with __pidataCOMRAM
    93   007F48  0E30               	movlw	low __pidataCOMRAM
    94   007F4A  6EF6               	movwf	tblptrl,c
    95   007F4C  0E7F               	movlw	high __pidataCOMRAM
    96   007F4E  6EF7               	movwf	tblptrh,c
    97   007F50  0E00               	movlw	low (__pidataCOMRAM shr (0+16))
    98   007F52  6EF8               	movwf	tblptru,c
    99   007F54  EE00  F001         	lfsr	0,__pdataCOMRAM
   100   007F58  EE10 F004          	lfsr	1,4
   101   007F5C                     copy_data0:
   102   007F5C  0009               	tblrd		*+
   103   007F5E  CFF5 FFEE          	movff	tablat,postinc0
   104   007F62  50E5               	movf	postdec1,w,c
   105   007F64  50E1               	movf	fsr1l,w,c
   106   007F66  E1FA               	bnz	copy_data0
   107   007F68                     end_of_initialization:
   108                           	callstack 0
   109   007F68                     __end_of__initialization:
   110                           	callstack 0
   111   007F68  0100               	movlb	0
   112   007F6A  EFCF  F03F         	goto	_main	;jump to C main() function
   113                           
   114                           	psect	dataCOMRAM
   115   000001                     __pdataCOMRAM:
   116                           	callstack 0
   117   000001                     _Full_Step_Sequence_Clockwise:
   118                           	callstack 0
   119   000001                     	ds	4
   120                           
   121                           	psect	cstackCOMRAM
   122   000005                     __pcstackCOMRAM:
   123                           	callstack 0
   124   000005                     ??_main:
   125                           
   126                           ; 1 bytes @ 0x0
   127   000005                     	ds	2
   128   000007                     main@i:
   129                           	callstack 0
   130                           
   131                           ; 2 bytes @ 0x2
   132   000007                     	ds	2
   133                           
   134 ;;
   135 ;;Main: autosize = 0, tempsize = 2, incstack = 0, save=0
   136 ;;
   137 ;; *************** function _main *****************
   138 ;; Defined at:
   139 ;;		line 24 in file "main.c"
   140 ;; Parameters:    Size  Location     Type
   141 ;;		None
   142 ;; Auto vars:     Size  Location     Type
   143 ;;  i               2    2[COMRAM] int 
   144 ;; Return value:  Size  Location     Type
   145 ;;                  1    wreg      void 
   146 ;; Registers used:
   147 ;;		wreg, fsr2l, fsr2h, status,2, status,0, cstack
   148 ;; Tracked objects:
   149 ;;		On entry : 0/0
   150 ;;		On exit  : 0/0
   151 ;;		Unchanged: 0/0
   152 ;; Data sizes:     COMRAM   BANK0   BANK1   BANK2   BANK3   BANK4   BANK5
   153 ;;      Params:         0       0       0       0       0       0       0
   154 ;;      Locals:         2       0       0       0       0       0       0
   155 ;;      Temps:          2       0       0       0       0       0       0
   156 ;;      Totals:         4       0       0       0       0       0       0
   157 ;;Total ram usage:        4 bytes
   158 ;; Hardware stack levels required when called: 2
   159 ;; This function calls:
   160 ;;		_PIN_MANAGER_IOC
   161 ;;		_SYSTEM_Initialize
   162 ;; This function is called by:
   163 ;;		Startup code after reset
   164 ;; This function uses a non-reentrant model
   165 ;;
   166                           
   167                           	psect	text0
   168   007F9E                     __ptext0:
   169                           	callstack 0
   170   007F9E                     _main:
   171                           	callstack 29
   172   007F9E                     
   173                           ;main.c: 27:     SYSTEM_Initialize();
   174   007F9E  EC9F  F03F         	call	_SYSTEM_Initialize	;wreg free
   175   007FA2                     
   176                           ;main.c: 28:     PIN_MANAGER_IOC();
   177   007FA2  EC96  F03F         	call	_PIN_MANAGER_IOC	;wreg free
   178   007FA6                     l65:
   179                           
   180                           ;main.c: 31:     {;main.c: 33:         for (int i = 0; i < 5; i++)
   181   007FA6  0E00               	movlw	0
   182   007FA8  6E08               	movwf	(main@i+1)^0,c
   183   007FAA  0E00               	movlw	0
   184   007FAC  6E07               	movwf	main@i^0,c
   185   007FAE                     l772:
   186                           
   187                           ;main.c: 34:         {;main.c: 35:             LATB = Full_Step_Sequence_Clockwise[i];
   188   007FAE  0E01               	movlw	low _Full_Step_Sequence_Clockwise
   189   007FB0  2407               	addwf	main@i^0,w,c
   190   007FB2  6ED9               	movwf	fsr2l,c
   191   007FB4  0E00               	movlw	high _Full_Step_Sequence_Clockwise
   192   007FB6  2008               	addwfc	(main@i+1)^0,w,c
   193   007FB8  6EDA               	movwf	fsr2h,c
   194   007FBA  50DF               	movf	indf2,w,c
   195   007FBC  6E8A               	movwf	138,c	;volatile
   196   007FBE                     
   197                           ;main.c: 36:             _delay((unsigned long)((500)*(20000000/4000.0)));
   198   007FBE  0E0D               	movlw	13
   199   007FC0  6E06               	movwf	(??_main+1)^0,c
   200   007FC2  0EAF               	movlw	175
   201   007FC4  6E05               	movwf	??_main^0,c
   202   007FC6  0EB6               	movlw	182
   203   007FC8                     u27:
   204   007FC8  2EE8               	decfsz	wreg,f,c
   205   007FCA  D7FE               	bra	u27
   206   007FCC  2E05               	decfsz	??_main^0,f,c
   207   007FCE  D7FC               	bra	u27
   208   007FD0  2E06               	decfsz	(??_main+1)^0,f,c
   209   007FD2  D7FA               	bra	u27
   210   007FD4  F000 F000          	nop2	
   211   007FD8                     
   212                           ;main.c: 37:         }
   213   007FD8  4A07               	infsnz	main@i^0,f,c
   214   007FDA  2A08               	incf	(main@i+1)^0,f,c
   215   007FDC  BE08               	btfsc	(main@i+1)^0,7,c
   216   007FDE  EFFA  F03F         	goto	u11
   217   007FE2  5008               	movf	(main@i+1)^0,w,c
   218   007FE4  E109               	bnz	u10
   219   007FE6  0E05               	movlw	5
   220   007FE8  5C07               	subwf	main@i^0,w,c
   221   007FEA  A0D8               	btfss	status,0,c
   222   007FEC  EFFA  F03F         	goto	u11
   223   007FF0  EFFC  F03F         	goto	u10
   224   007FF4                     u11:
   225   007FF4  EFD7  F03F         	goto	l772
   226   007FF8                     u10:
   227   007FF8  EFD3  F03F         	goto	l65
   228   007FFC  EF00  F000         	goto	start
   229   008000                     __end_of_main:
   230                           	callstack 0
   231                           
   232 ;; *************** function _SYSTEM_Initialize *****************
   233 ;; Defined at:
   234 ;;		line 50 in file "mcc_generated_files/mcc.c"
   235 ;; Parameters:    Size  Location     Type
   236 ;;		None
   237 ;; Auto vars:     Size  Location     Type
   238 ;;		None
   239 ;; Return value:  Size  Location     Type
   240 ;;                  1    wreg      void 
   241 ;; Registers used:
   242 ;;		wreg, status,2, cstack
   243 ;; Tracked objects:
   244 ;;		On entry : 0/0
   245 ;;		On exit  : 0/0
   246 ;;		Unchanged: 0/0
   247 ;; Data sizes:     COMRAM   BANK0   BANK1   BANK2   BANK3   BANK4   BANK5
   248 ;;      Params:         0       0       0       0       0       0       0
   249 ;;      Locals:         0       0       0       0       0       0       0
   250 ;;      Temps:          0       0       0       0       0       0       0
   251 ;;      Totals:         0       0       0       0       0       0       0
   252 ;;Total ram usage:        0 bytes
   253 ;; Hardware stack levels used: 1
   254 ;; Hardware stack levels required when called: 1
   255 ;; This function calls:
   256 ;;		_OSCILLATOR_Initialize
   257 ;;		_PIN_MANAGER_Initialize
   258 ;; This function is called by:
   259 ;;		_main
   260 ;; This function uses a non-reentrant model
   261 ;;
   262                           
   263                           	psect	text1
   264   007F3E                     __ptext1:
   265                           	callstack 0
   266   007F3E                     _SYSTEM_Initialize:
   267                           	callstack 29
   268   007F3E                     
   269                           ;mcc_generated_files/mcc.c: 53:     PIN_MANAGER_Initialize();
   270   007F3E  ECB7  F03F         	call	_PIN_MANAGER_Initialize	;wreg free
   271                           
   272                           ;mcc_generated_files/mcc.c: 54:     OSCILLATOR_Initialize();
   273   007F42  EC9A  F03F         	call	_OSCILLATOR_Initialize	;wreg free
   274   007F46  0012               	return		;funcret
   275   007F48                     __end_of_SYSTEM_Initialize:
   276                           	callstack 0
   277                           
   278 ;; *************** function _PIN_MANAGER_Initialize *****************
   279 ;; Defined at:
   280 ;;		line 55 in file "mcc_generated_files/pin_manager.c"
   281 ;; Parameters:    Size  Location     Type
   282 ;;		None
   283 ;; Auto vars:     Size  Location     Type
   284 ;;		None
   285 ;; Return value:  Size  Location     Type
   286 ;;                  1    wreg      void 
   287 ;; Registers used:
   288 ;;		wreg, status,2
   289 ;; Tracked objects:
   290 ;;		On entry : 0/0
   291 ;;		On exit  : 0/0
   292 ;;		Unchanged: 0/0
   293 ;; Data sizes:     COMRAM   BANK0   BANK1   BANK2   BANK3   BANK4   BANK5
   294 ;;      Params:         0       0       0       0       0       0       0
   295 ;;      Locals:         0       0       0       0       0       0       0
   296 ;;      Temps:          0       0       0       0       0       0       0
   297 ;;      Totals:         0       0       0       0       0       0       0
   298 ;;Total ram usage:        0 bytes
   299 ;; Hardware stack levels used: 1
   300 ;; This function calls:
   301 ;;		Nothing
   302 ;; This function is called by:
   303 ;;		_SYSTEM_Initialize
   304 ;; This function uses a non-reentrant model
   305 ;;
   306                           
   307                           	psect	text2
   308   007F6E                     __ptext2:
   309                           	callstack 0
   310   007F6E                     _PIN_MANAGER_Initialize:
   311                           	callstack 29
   312   007F6E                     
   313                           ;mcc_generated_files/pin_manager.c: 60:     LATE = 0x00;
   314   007F6E  0E00               	movlw	0
   315   007F70  6E8D               	movwf	141,c	;volatile
   316                           
   317                           ;mcc_generated_files/pin_manager.c: 61:     LATD = 0x00;
   318   007F72  0E00               	movlw	0
   319   007F74  6E8C               	movwf	140,c	;volatile
   320                           
   321                           ;mcc_generated_files/pin_manager.c: 62:     LATA = 0x00;
   322   007F76  0E00               	movlw	0
   323   007F78  6E89               	movwf	137,c	;volatile
   324                           
   325                           ;mcc_generated_files/pin_manager.c: 63:     LATB = 0x00;
   326   007F7A  0E00               	movlw	0
   327   007F7C  6E8A               	movwf	138,c	;volatile
   328                           
   329                           ;mcc_generated_files/pin_manager.c: 64:     LATC = 0x00;
   330   007F7E  0E00               	movlw	0
   331   007F80  6E8B               	movwf	139,c	;volatile
   332                           
   333                           ;mcc_generated_files/pin_manager.c: 69:     TRISE = 0x07;
   334   007F82  0E07               	movlw	7
   335   007F84  6E96               	movwf	150,c	;volatile
   336   007F86                     
   337                           ;mcc_generated_files/pin_manager.c: 70:     TRISA = 0xFF;
   338   007F86  6892               	setf	146,c	;volatile
   339                           
   340                           ;mcc_generated_files/pin_manager.c: 71:     TRISB = 0x00;
   341   007F88  0E00               	movlw	0
   342   007F8A  6E93               	movwf	147,c	;volatile
   343   007F8C                     
   344                           ;mcc_generated_files/pin_manager.c: 72:     TRISC = 0xFF;
   345   007F8C  6894               	setf	148,c	;volatile
   346   007F8E                     
   347                           ;mcc_generated_files/pin_manager.c: 73:     TRISD = 0xFF;
   348   007F8E  6895               	setf	149,c	;volatile
   349   007F90                     
   350                           ;mcc_generated_files/pin_manager.c: 78:     ANSEL = 0xFF;
   351   007F90  687E               	setf	126,c	;volatile
   352                           
   353                           ;mcc_generated_files/pin_manager.c: 79:     ANSELH = 0x1F;
   354   007F92  0E1F               	movlw	31
   355   007F94  6E7F               	movwf	127,c	;volatile
   356                           
   357                           ;mcc_generated_files/pin_manager.c: 84:     WPUB = 0x00;
   358   007F96  0E00               	movlw	0
   359   007F98  6E7C               	movwf	124,c	;volatile
   360   007F9A                     
   361                           ;mcc_generated_files/pin_manager.c: 85:     INTCON2bits.nRBPU = 1;
   362   007F9A  8EF1               	bsf	241,7,c	;volatile
   363   007F9C  0012               	return		;funcret
   364   007F9E                     __end_of_PIN_MANAGER_Initialize:
   365                           	callstack 0
   366                           
   367 ;; *************** function _OSCILLATOR_Initialize *****************
   368 ;; Defined at:
   369 ;;		line 57 in file "mcc_generated_files/mcc.c"
   370 ;; Parameters:    Size  Location     Type
   371 ;;		None
   372 ;; Auto vars:     Size  Location     Type
   373 ;;		None
   374 ;; Return value:  Size  Location     Type
   375 ;;                  1    wreg      void 
   376 ;; Registers used:
   377 ;;		wreg, status,2
   378 ;; Tracked objects:
   379 ;;		On entry : 0/0
   380 ;;		On exit  : 0/0
   381 ;;		Unchanged: 0/0
   382 ;; Data sizes:     COMRAM   BANK0   BANK1   BANK2   BANK3   BANK4   BANK5
   383 ;;      Params:         0       0       0       0       0       0       0
   384 ;;      Locals:         0       0       0       0       0       0       0
   385 ;;      Temps:          0       0       0       0       0       0       0
   386 ;;      Totals:         0       0       0       0       0       0       0
   387 ;;Total ram usage:        0 bytes
   388 ;; Hardware stack levels used: 1
   389 ;; This function calls:
   390 ;;		Nothing
   391 ;; This function is called by:
   392 ;;		_SYSTEM_Initialize
   393 ;; This function uses a non-reentrant model
   394 ;;
   395                           
   396                           	psect	text3
   397   007F34                     __ptext3:
   398                           	callstack 0
   399   007F34                     _OSCILLATOR_Initialize:
   400                           	callstack 29
   401   007F34                     
   402                           ;mcc_generated_files/mcc.c: 60:     OSCCON = 0x60;
   403   007F34  0E60               	movlw	96
   404   007F36  6ED3               	movwf	211,c	;volatile
   405                           
   406                           ;mcc_generated_files/mcc.c: 62:     OSCTUNE = 0x00;
   407   007F38  0E00               	movlw	0
   408   007F3A  6E9B               	movwf	155,c	;volatile
   409   007F3C  0012               	return		;funcret
   410   007F3E                     __end_of_OSCILLATOR_Initialize:
   411                           	callstack 0
   412                           
   413 ;; *************** function _PIN_MANAGER_IOC *****************
   414 ;; Defined at:
   415 ;;		line 96 in file "mcc_generated_files/pin_manager.c"
   416 ;; Parameters:    Size  Location     Type
   417 ;;		None
   418 ;; Auto vars:     Size  Location     Type
   419 ;;		None
   420 ;; Return value:  Size  Location     Type
   421 ;;                  1    wreg      void 
   422 ;; Registers used:
   423 ;;		None
   424 ;; Tracked objects:
   425 ;;		On entry : 0/0
   426 ;;		On exit  : 0/0
   427 ;;		Unchanged: 0/0
   428 ;; Data sizes:     COMRAM   BANK0   BANK1   BANK2   BANK3   BANK4   BANK5
   429 ;;      Params:         0       0       0       0       0       0       0
   430 ;;      Locals:         0       0       0       0       0       0       0
   431 ;;      Temps:          0       0       0       0       0       0       0
   432 ;;      Totals:         0       0       0       0       0       0       0
   433 ;;Total ram usage:        0 bytes
   434 ;; Hardware stack levels used: 1
   435 ;; This function calls:
   436 ;;		Nothing
   437 ;; This function is called by:
   438 ;;		_main
   439 ;; This function uses a non-reentrant model
   440 ;;
   441                           
   442                           	psect	text4
   443   007F2C                     __ptext4:
   444                           	callstack 0
   445   007F2C                     _PIN_MANAGER_IOC:
   446                           	callstack 30
   447   007F2C                     
   448                           ;mcc_generated_files/pin_manager.c: 99:     INTCONbits.RBIF = 0;
   449   007F2C  90F2               	bcf	242,0,c	;volatile
   450   007F2E  0012               	return		;funcret
   451   007F30                     __end_of_PIN_MANAGER_IOC:
   452                           	callstack 0
   453   000000                     
   454                           	psect	rparam
   455   000000                     
   456                           	psect	idloc
   457                           
   458                           ;Config register IDLOC0 @ 0x200000
   459                           ;	unspecified, using default values
   460   200000                     	org	2097152
   461   200000  FF                 	db	255
   462                           
   463                           ;Config register IDLOC1 @ 0x200001
   464                           ;	unspecified, using default values
   465   200001                     	org	2097153
   466   200001  FF                 	db	255
   467                           
   468                           ;Config register IDLOC2 @ 0x200002
   469                           ;	unspecified, using default values
   470   200002                     	org	2097154
   471   200002  FF                 	db	255
   472                           
   473                           ;Config register IDLOC3 @ 0x200003
   474                           ;	unspecified, using default values
   475   200003                     	org	2097155
   476   200003  FF                 	db	255
   477                           
   478                           ;Config register IDLOC4 @ 0x200004
   479                           ;	unspecified, using default values
   480   200004                     	org	2097156
   481   200004  FF                 	db	255
   482                           
   483                           ;Config register IDLOC5 @ 0x200005
   484                           ;	unspecified, using default values
   485   200005                     	org	2097157
   486   200005  FF                 	db	255
   487                           
   488                           ;Config register IDLOC6 @ 0x200006
   489                           ;	unspecified, using default values
   490   200006                     	org	2097158
   491   200006  FF                 	db	255
   492                           
   493                           ;Config register IDLOC7 @ 0x200007
   494                           ;	unspecified, using default values
   495   200007                     	org	2097159
   496   200007  FF                 	db	255
   497                           
   498                           	psect	config
   499                           
   500                           ; Padding undefined space
   501   300000                     	org	3145728
   502   300000  FF                 	db	255
   503                           
   504                           ;Config register CONFIG1H @ 0x300001
   505                           ;	Oscillator Selection bits
   506                           ;	FOSC = HS, HS oscillator
   507                           ;	Fail-Safe Clock Monitor Enable bit
   508                           ;	FCMEN = OFF, Fail-Safe Clock Monitor disabled
   509                           ;	Internal/External Oscillator Switchover bit
   510                           ;	IESO = OFF, Oscillator Switchover mode disabled
   511   300001                     	org	3145729
   512   300001  02                 	db	2
   513                           
   514                           ;Config register CONFIG2L @ 0x300002
   515                           ;	Power-up Timer Enable bit
   516                           ;	PWRT = OFF, PWRT disabled
   517                           ;	Brown-out Reset Enable bits
   518                           ;	BOREN = SBORDIS, Brown-out Reset enabled in hardware only (SBOREN is disabled)
   519                           ;	Brown Out Reset Voltage bits
   520                           ;	BORV = 18, VBOR set to 1.8 V nominal
   521   300002                     	org	3145730
   522   300002  1F                 	db	31
   523                           
   524                           ;Config register CONFIG2H @ 0x300003
   525                           ;	Watchdog Timer Enable bit
   526                           ;	WDTEN = OFF, WDT is controlled by SWDTEN bit of the WDTCON register
   527                           ;	Watchdog Timer Postscale Select bits
   528                           ;	WDTPS = 32768, 1:32768
   529   300003                     	org	3145731
   530   300003  1E                 	db	30
   531                           
   532                           ; Padding undefined space
   533   300004                     	org	3145732
   534   300004  FF                 	db	255
   535                           
   536                           ;Config register CONFIG3H @ 0x300005
   537                           ;	CCP2 MUX bit
   538                           ;	CCP2MX = PORTC, CCP2 input/output is multiplexed with RC1
   539                           ;	PORTB A/D Enable bit
   540                           ;	PBADEN = ON, PORTB<4:0> pins are configured as analog input channels on Reset
   541                           ;	Low-Power Timer1 Oscillator Enable bit
   542                           ;	LPT1OSC = OFF, Timer1 configured for higher power operation
   543                           ;	HFINTOSC Fast Start-up
   544                           ;	HFOFST = ON, HFINTOSC starts clocking the CPU without waiting for the oscillator to st
      +                          ablize.
   545                           ;	MCLR Pin Enable bit
   546                           ;	MCLRE = ON, MCLR pin enabled; RE3 input pin disabled
   547   300005                     	org	3145733
   548   300005  8B                 	db	139
   549                           
   550                           ;Config register CONFIG4L @ 0x300006
   551                           ;	Stack Full/Underflow Reset Enable bit
   552                           ;	STVREN = ON, Stack full/underflow will cause Reset
   553                           ;	Single-Supply ICSP Enable bit
   554                           ;	LVP = OFF, Single-Supply ICSP disabled
   555                           ;	Extended Instruction Set Enable bit
   556                           ;	XINST = OFF, Instruction set extension and Indexed Addressing mode disabled (Legacy mo
      +                          de)
   557                           ;	Background Debugger Enable bit
   558                           ;	DEBUG = OFF, Background debugger disabled, RB6 and RB7 configured as general purpose I
      +                          /O pins
   559   300006                     	org	3145734
   560   300006  81                 	db	129
   561                           
   562                           ; Padding undefined space
   563   300007                     	org	3145735
   564   300007  FF                 	db	255
   565                           
   566                           ;Config register CONFIG5L @ 0x300008
   567                           ;	Code Protection Block 0
   568                           ;	CP0 = OFF, Block 0 (000800-001FFFh) not code-protected
   569                           ;	Code Protection Block 1
   570                           ;	CP1 = OFF, Block 1 (002000-003FFFh) not code-protected
   571                           ;	Code Protection Block 2
   572                           ;	CP2 = OFF, Block 2 (004000-005FFFh) not code-protected
   573                           ;	Code Protection Block 3
   574                           ;	CP3 = OFF, Block 3 (006000-007FFFh) not code-protected
   575   300008                     	org	3145736
   576   300008  0F                 	db	15
   577                           
   578                           ;Config register CONFIG5H @ 0x300009
   579                           ;	Boot Block Code Protection bit
   580                           ;	CPB = OFF, Boot block (000000-0007FFh) not code-protected
   581                           ;	Data EEPROM Code Protection bit
   582                           ;	CPD = OFF, Data EEPROM not code-protected
   583   300009                     	org	3145737
   584   300009  C0                 	db	192
   585                           
   586                           ;Config register CONFIG6L @ 0x30000A
   587                           ;	Write Protection Block 0
   588                           ;	WRT0 = OFF, Block 0 (000800-001FFFh) not write-protected
   589                           ;	Write Protection Block 1
   590                           ;	WRT1 = OFF, Block 1 (002000-003FFFh) not write-protected
   591                           ;	Write Protection Block 2
   592                           ;	WRT2 = OFF, Block 2 (004000-005FFFh) not write-protected
   593                           ;	Write Protection Block 3
   594                           ;	WRT3 = OFF, Block 3 (006000-007FFFh) not write-protected
   595   30000A                     	org	3145738
   596   30000A  0F                 	db	15
   597                           
   598                           ;Config register CONFIG6H @ 0x30000B
   599                           ;	Configuration Register Write Protection bit
   600                           ;	WRTC = OFF, Configuration registers (300000-3000FFh) not write-protected
   601                           ;	Boot Block Write Protection bit
   602                           ;	WRTB = OFF, Boot Block (000000-0007FFh) not write-protected
   603                           ;	Data EEPROM Write Protection bit
   604                           ;	WRTD = OFF, Data EEPROM not write-protected
   605   30000B                     	org	3145739
   606   30000B  E0                 	db	224
   607                           
   608                           ;Config register CONFIG7L @ 0x30000C
   609                           ;	Table Read Protection Block 0
   610                           ;	EBTR0 = OFF, Block 0 (000800-001FFFh) not protected from table reads executed in other
      +                           blocks
   611                           ;	Table Read Protection Block 1
   612                           ;	EBTR1 = OFF, Block 1 (002000-003FFFh) not protected from table reads executed in other
      +                           blocks
   613                           ;	Table Read Protection Block 2
   614                           ;	EBTR2 = OFF, Block 2 (004000-005FFFh) not protected from table reads executed in other
      +                           blocks
   615                           ;	Table Read Protection Block 3
   616                           ;	EBTR3 = OFF, Block 3 (006000-007FFFh) not protected from table reads executed in other
      +                           blocks
   617   30000C                     	org	3145740
   618   30000C  0F                 	db	15
   619                           
   620                           ;Config register CONFIG7H @ 0x30000D
   621                           ;	Boot Block Table Read Protection bit
   622                           ;	EBTRB = OFF, Boot Block (000000-0007FFh) not protected from table reads executed in ot
      +                          her blocks
   623   30000D                     	org	3145741
   624   30000D  40                 	db	64
   625                           tosu	equ	0xFFF
   626                           tosh	equ	0xFFE
   627                           tosl	equ	0xFFD
   628                           stkptr	equ	0xFFC
   629                           pclatu	equ	0xFFB
   630                           pclath	equ	0xFFA
   631                           pcl	equ	0xFF9
   632                           tblptru	equ	0xFF8
   633                           tblptrh	equ	0xFF7
   634                           tblptrl	equ	0xFF6
   635                           tablat	equ	0xFF5
   636                           prodh	equ	0xFF4
   637                           prodl	equ	0xFF3
   638                           indf0	equ	0xFEF
   639                           postinc0	equ	0xFEE
   640                           postdec0	equ	0xFED
   641                           preinc0	equ	0xFEC
   642                           plusw0	equ	0xFEB
   643                           fsr0h	equ	0xFEA
   644                           fsr0l	equ	0xFE9
   645                           wreg	equ	0xFE8
   646                           indf1	equ	0xFE7
   647                           postinc1	equ	0xFE6
   648                           postdec1	equ	0xFE5
   649                           preinc1	equ	0xFE4
   650                           plusw1	equ	0xFE3
   651                           fsr1h	equ	0xFE2
   652                           fsr1l	equ	0xFE1
   653                           bsr	equ	0xFE0
   654                           indf2	equ	0xFDF
   655                           postinc2	equ	0xFDE
   656                           postdec2	equ	0xFDD
   657                           preinc2	equ	0xFDC
   658                           plusw2	equ	0xFDB
   659                           fsr2h	equ	0xFDA
   660                           fsr2l	equ	0xFD9
   661                           status	equ	0xFD8

Data Sizes:
    Strings     0
    Constant    0
    Data        4
    BSS         0
    Persistent  0
    Stack       0

Auto Spaces:
    Space          Size  Autos    Used
    COMRAM           95      4       8
    BANK0           160      0       0
    BANK1           256      0       0
    BANK2           256      0       0
    BANK3           256      0       0
    BANK4           256      0       0
    BANK5           256      0       0

Pointer List with Targets:

    None.

Critical Paths under _main in COMRAM

    None.

Critical Paths under _main in BANK0

    None.

Critical Paths under _main in BANK1

    None.

Critical Paths under _main in BANK2

    None.

Critical Paths under _main in BANK3

    None.

Critical Paths under _main in BANK4

    None.

Critical Paths under _main in BANK5

    None.

Call Graph Tables:

 ---------------------------------------------------------------------------------
 (Depth) Function   	        Calls       Base Space   Used Autos Params    Refs
 ---------------------------------------------------------------------------------
 (0) _main                                                 4     4      0      45
                                              0 COMRAM     4     4      0
                    _PIN_MANAGER_IOC
                  _SYSTEM_Initialize
 ---------------------------------------------------------------------------------
 (1) _SYSTEM_Initialize                                    0     0      0       0
              _OSCILLATOR_Initialize
             _PIN_MANAGER_Initialize
 ---------------------------------------------------------------------------------
 (2) _PIN_MANAGER_Initialize                               0     0      0       0
 ---------------------------------------------------------------------------------
 (2) _OSCILLATOR_Initialize                                0     0      0       0
 ---------------------------------------------------------------------------------
 (1) _PIN_MANAGER_IOC                                      0     0      0       0
 ---------------------------------------------------------------------------------
 Estimated maximum stack depth 2
 ---------------------------------------------------------------------------------

 Call Graph Graphs:

 _main (ROOT)
   _PIN_MANAGER_IOC
   _SYSTEM_Initialize
     _OSCILLATOR_Initialize
     _PIN_MANAGER_Initialize

 Address spaces:
Name               Size   Autos  Total    Cost      Usage
BIGRAM             5FF      0       0      25        0.0%
EEDATA             100      0       0       0        0.0%
BITBANK5           100      0       0      14        0.0%
BANK5              100      0       0      15        0.0%
BITBANK4           100      0       0      12        0.0%
BANK4              100      0       0      13        0.0%
BITBANK3           100      0       0      10        0.0%
BANK3              100      0       0      11        0.0%
BITBANK2           100      0       0       8        0.0%
BANK2              100      0       0       9        0.0%
BITBANK1           100      0       0       6        0.0%
BANK1              100      0       0       7        0.0%
BITBANK0            A0      0       0       4        0.0%
BANK0               A0      0       0       5        0.0%
BITCOMRAM           5F      0       0       0        0.0%
COMRAM              5F      4       8       1        8.4%
BITBIGSFRlh         37      0       0      18        0.0%
BITBIGSFRhl         1D      0       0      17        0.0%
BITBIGSFRllllll     1C      0       0      23        0.0%
BITBIGSFRhh          D      0       0      16        0.0%
BITBIGSFRllllh       9      0       0      21        0.0%
BITBIGSFRllhh        4      0       0      19        0.0%
BITBIGSFRllhll       4      0       0      20        0.0%
BITBIGSFRlllllh      1      0       0      22        0.0%
BIGSFR               0      0       0     200        0.0%
BITSFR               0      0       0     200        0.0%
SFR                  0      0       0     200        0.0%
STACK                0      0       0       2        0.0%
NULL                 0      0       0       0        0.0%
ABS                  0      0       8      24        0.0%
DATA                 0      0       8       3        0.0%
CODE                 0      0       0       0        0.0%


Microchip Technology PIC18 Macro Assembler V2.41 build 20230208172133 
Symbol Table                                                                                   Sat Jul 08 14:07:58 2023

                            l11 7F46                              l14 7F3C                              l50 7F2E  
                            l47 7F9C                              l65 7FA6                              u10 7FF8  
                            u11 7FF4                              u27 7FC8                             l750 7F8C  
                           l752 7F8E                             l760 7F3E                             l762 7F2C  
                           l754 7F90                             l746 7F6E                             l756 7F9A  
                           l748 7F86                             l772 7FAE                             l764 7F9E  
                           l758 7F34                             l774 7FBE                             l766 7FA2  
                           l776 7FD8                             l778 7FDC                             wreg 0FE8  
                          _LATA 0F89                            _LATB 0F8A                            _LATC 0F8B  
                          _LATD 0F8C                            _LATE 0F8D                            _WPUB 0F7C  
                          _main 7F9E                            indf2 0FDF                            fsr1l 0FE1  
                          fsr2l 0FD9                            start 0000                    ___param_bank 0000  
 __end_of_OSCILLATOR_Initialize 7F3E                           ?_main 0005                           _ANSEL 0F7E  
                         _TRISA 0F92                           _TRISB 0F93                           _TRISC 0F94  
                         _TRISD 0F95                           _TRISE 0F96         __end_of_PIN_MANAGER_IOC 7F30  
  _Full_Step_Sequence_Clockwise 0001                           main@i 0007                           tablat 0FF5  
                         status 0FD8                 __initialization 7F48                    __end_of_main 8000  
                        ??_main 0005                   __activetblptr 0000                          _ANSELH 0F7F  
                        _OSCCON 0FD3                          isa$std 0001                    __pdataCOMRAM 0001  
                        tblptrh 0FF7                          tblptrl 0FF6                          tblptru 0FF8  
              ?_PIN_MANAGER_IOC 0005               _SYSTEM_Initialize 7F3E                      __accesstop 0060  
       __end_of__initialization 7F68              ?_SYSTEM_Initialize 0005                   ___rparam_used 0001  
                __pcstackCOMRAM 0005             ??_SYSTEM_Initialize 0005       __end_of_SYSTEM_Initialize 7F48  
                       _OSCTUNE 0F9B                         __Hparam 0000                         __Lparam 0000  
                       __pcinit 7F48                         __ramtop 0600                         __ptext0 7F9E  
                       __ptext1 7F3E                         __ptext2 7F6E                         __ptext3 7F34  
                       __ptext4 7F2C           _OSCILLATOR_Initialize 7F34        ??_PIN_MANAGER_Initialize 0005  
          end_of_initialization 7F68                         postdec1 0FE5                         postinc0 0FEE  
                 __pidataCOMRAM 7F30          ?_OSCILLATOR_Initialize 0005             start_initialization 7F48  
        _PIN_MANAGER_Initialize 7F6E               ??_PIN_MANAGER_IOC 0005                     _INTCON2bits 0FF1  
                     copy_data0 7F5C                        __Hrparam 0000                        __Lrparam 0000  
       ??_OSCILLATOR_Initialize 0005                        isa$xinst 0000                      _INTCONbits 0FF2  
       ?_PIN_MANAGER_Initialize 0005  __end_of_PIN_MANAGER_Initialize 7F9E                 _PIN_MANAGER_IOC 7F2C  
