

Microchip MPLAB XC8 Assembler V2.41 build 20230208172133 
                                                                                               Sat Jul 08 14:29:29 2023

Microchip MPLAB XC8 C Compiler v2.41 (Free license) build 20230208172133 Og1 
     1                           	processor	18F45K20
     2                           	fnconf	rparam,??,?,0
     3                           	pagewidth 120
     4                           	opt	flic
     5                           	psect	nvCOMRAM,global,class=COMRAM,space=1,delta=1,lowdata,noexec
     6                           	psect	cinit,global,reloc=2,class=CODE,delta=1
     7                           	psect	bssCOMRAM,global,class=COMRAM,space=1,delta=1,lowdata,noexec
     8                           	psect	cstackCOMRAM,global,class=COMRAM,space=1,delta=1,lowdata,noexec
     9                           	psect	text0,global,reloc=2,class=CODE,delta=1
    10                           	psect	text1,global,reloc=2,class=CODE,delta=1
    11                           	psect	text2,global,reloc=2,class=CODE,delta=1
    12                           	psect	text3,global,reloc=2,class=CODE,delta=1
    13                           	psect	text4,global,reloc=2,class=CODE,delta=1
    14                           	psect	text5,global,reloc=2,class=CODE,delta=1
    15                           	psect	text6,global,reloc=2,class=CODE,delta=1
    16                           	psect	text7,global,reloc=2,class=CODE,delta=1
    17                           	psect	text8,global,reloc=2,class=CODE,delta=1
    18                           	psect	intsave_regs,global,class=BIGRAM,space=1,delta=1,noexec
    19                           	psect	rparam,global,class=COMRAM,space=1,delta=1,noexec
    20                           	psect	idloc,global,abs,ovrld,class=IDLOC,space=5,delta=1,noexec
    21                           	psect	config,global,abs,ovrld,class=CONFIG,space=4,delta=1,noexec
    22   000000                     
    23                           ; Version 2.40
    24                           ; Generated 17/11/2021 GMT
    25                           ; 
    26                           ; Copyright © 2021, Microchip Technology Inc. and its subsidiaries ("Microchip")
    27                           ; All rights reserved.
    28                           ; 
    29                           ; This software is developed by Microchip Technology Inc. and its subsidiaries ("Microch
      +                          ip").
    30                           ; 
    31                           ; Redistribution and use in source and binary forms, with or without modification, are
    32                           ; permitted provided that the following conditions are met:
    33                           ; 
    34                           ;     1. Redistributions of source code must retain the above copyright notice, this lis
      +                          t of
    35                           ;        conditions and the following disclaimer.
    36                           ; 
    37                           ;     2. Redistributions in binary form must reproduce the above copyright notice, this 
      +                          list
    38                           ;        of conditions and the following disclaimer in the documentation and/or other
    39                           ;        materials provided with the distribution. Publication is not required when
    40                           ;        this file is used in an embedded application.
    41                           ; 
    42                           ;     3. Microchip's name may not be used to endorse or promote products derived from th
      +                          is
    43                           ;        software without specific prior written permission.
    44                           ; 
    45                           ; THIS SOFTWARE IS PROVIDED BY MICROCHIP "AS IS" AND ANY EXPRESS OR IMPLIED WARRANTIES,
    46                           ; INCLUDING, BUT NOT LIMITED TO, THE IMPLIED WARRANTIES OF MERCHANTABILITY AND FITNESS F
      +                          OR
    47                           ; PURPOSE ARE DISCLAIMED.  IN NO EVENT SHALL MICROCHIP BE LIABLE FOR ANY DIRECT, INDIREC
      +                          T,
    48                           ; INCIDENTAL, SPECIAL, EXEMPLARY, OR CONSEQUENTIAL DAMAGES (INCLUDING BUT NOT LIMITED TO
    49                           ; PROCUREMENT OF SUBSTITUTE GOODS OR SERVICES; LOSS OF USE, DATA OR PROFITS; OR BUSINESS
    50                           ; INTERRUPTION) HOWSOEVER CAUSED AND ON ANY THEORY OF LIABILITY, WHETHER IN CONTRACT, ST
      +                          RICT
    51                           ; LIABILITY, OR TORT (INCLUDING NEGLIGENCE OR OTHERWISE) ARISING IN ANY WAY OUT OF THE U
      +                          SE OF
    52                           ; THIS SOFTWARE, EVEN IF ADVISED OF THE POSSIBILITY OF SUCH DAMAGE.
    53                           ; 
    54                           ; 
    55                           ; Code-generator required, PIC18F45K20 Definitions
    56                           ; 
    57                           ; SFR Addresses
    58   000000                     _ADCON0	set	4034
    59   000000                     _ADRESL	set	4035
    60   000000                     _TRISD	set	3989
    61   000000                     _TRISC	set	3988
    62   000000                     _TRISB	set	3987
    63   000000                     _LATC	set	3979
    64   000000                     _LATB	set	3978
    65                           
    66                           	psect	nvCOMRAM
    67   000008                     __pnvCOMRAM:
    68                           	callstack 0
    69   000008                     _ADC_Result:
    70                           	callstack 0
    71   000008                     	ds	2
    72   000000                     _LATBbits	set	3978
    73   000000                     _ADCON0bits	set	4034
    74   000000                     _T2CONbits	set	4042
    75   000000                     _WPUB	set	3964
    76   000000                     _ANSEL	set	3966
    77   000000                     _LATA	set	3977
    78   000000                     _LATD	set	3980
    79   000000                     _LATE	set	3981
    80   000000                     _OSCTUNE	set	3995
    81   000000                     _PIR1bits	set	3998
    82   000000                     _CCP2CON	set	4026
    83   000000                     _ADCON2	set	4032
    84   000000                     _ADCON1	set	4033
    85   000000                     _T2CON	set	4042
    86   000000                     _PR2	set	4043
    87   000000                     _CCPR2H	set	4028
    88   000000                     _CCPR2L	set	4027
    89   000000                     _OSCCON	set	4051
    90   000000                     _TMR2	set	4044
    91   000000                     _INTCON2bits	set	4081
    92   000000                     _TRISA	set	3986
    93   000000                     _TRISE	set	3990
    94   000000                     _PORTDbits	set	3971
    95   000000                     _ANSELH	set	3967
    96   000000                     _INTCONbits	set	4082
    97   000000                     _ADRESH	set	4036
    98                           
    99                           ; #config settings
   100                           
   101                           	psect	cinit
   102   007EDA                     __pcinit:
   103                           	callstack 0
   104   007EDA                     start_initialization:
   105                           	callstack 0
   106   007EDA                     __initialization:
   107                           	callstack 0
   108                           
   109                           ; Clear objects allocated to COMRAM (2 bytes)
   110   007EDA  6A0B               	clrf	(__pbssCOMRAM+1)& (0+255),c
   111   007EDC  6A0A               	clrf	__pbssCOMRAM& (0+255),c
   112   007EDE                     end_of_initialization:
   113                           	callstack 0
   114   007EDE                     __end_of__initialization:
   115                           	callstack 0
   116   007EDE  0E00               	movlw	low (__Lmediumconst shr (0+16))
   117   007EE0  6EF8               	movwf	tblptru,c
   118   007EE2  0100               	movlb	0
   119   007EE4  EFD8  F03F         	goto	_main	;jump to C main() function
   120                           
   121                           	psect	bssCOMRAM
   122   00000A                     __pbssCOMRAM:
   123                           	callstack 0
   124   00000A                     _ADC_InterruptHandler:
   125                           	callstack 0
   126   00000A                     	ds	2
   127                           
   128                           	psect	cstackCOMRAM
   129   000001                     __pcstackCOMRAM:
   130                           	callstack 0
   131   000001                     ?_ADC_GetConversion:
   132                           	callstack 0
   133   000001                     PWM2_LoadDutyValue@dutyValue:
   134                           	callstack 0
   135                           
   136                           ; 2 bytes @ 0x0
   137   000001                     	ds	2
   138   000003                     ??_PWM2_LoadDutyValue:
   139   000003                     ??_ADC_GetConversion:
   140                           
   141                           ; 1 bytes @ 0x2
   142   000003                     	ds	2
   143   000005                     ADC_GetConversion@channel:
   144                           	callstack 0
   145                           
   146                           ; 1 bytes @ 0x4
   147   000005                     	ds	1
   148   000006                     ??_main:
   149                           
   150                           ; 1 bytes @ 0x5
   151   000006                     	ds	2
   152                           
   153 ;;
   154 ;;Main: autosize = 0, tempsize = 2, incstack = 0, save=0
   155 ;;
   156 ;; *************** function _main *****************
   157 ;; Defined at:
   158 ;;		line 14 in file "main.c"
   159 ;; Parameters:    Size  Location     Type
   160 ;;		None
   161 ;; Auto vars:     Size  Location     Type
   162 ;;		None
   163 ;; Return value:  Size  Location     Type
   164 ;;                  1    wreg      void 
   165 ;; Registers used:
   166 ;;		wreg, status,2, status,0, cstack
   167 ;; Tracked objects:
   168 ;;		On entry : 0/0
   169 ;;		On exit  : 0/0
   170 ;;		Unchanged: 0/0
   171 ;; Data sizes:     COMRAM   BANK0   BANK1   BANK2   BANK3   BANK4   BANK5
   172 ;;      Params:         0       0       0       0       0       0       0
   173 ;;      Locals:         0       0       0       0       0       0       0
   174 ;;      Temps:          2       0       0       0       0       0       0
   175 ;;      Totals:         2       0       0       0       0       0       0
   176 ;;Total ram usage:        2 bytes
   177 ;; Hardware stack levels required when called: 2
   178 ;; This function calls:
   179 ;;		_ADC_GetConversion
   180 ;;		_PWM2_LoadDutyValue
   181 ;;		_SYSTEM_Initialize
   182 ;; This function is called by:
   183 ;;		Startup code after reset
   184 ;; This function uses a non-reentrant model
   185 ;;
   186                           
   187                           	psect	text0
   188   007FB0                     __ptext0:
   189                           	callstack 0
   190   007FB0                     _main:
   191                           	callstack 29
   192   007FB0                     
   193                           ;main.c: 17: SYSTEM_Initialize();
   194   007FB0  EC7F  F03F         	call	_SYSTEM_Initialize	;wreg free
   195   007FB4                     l1008:
   196                           
   197                           ;main.c: 20: {;main.c: 21: ADC_Result = ADC_GetConversion(0);
   198   007FB4  0E00               	movlw	0
   199   007FB6  ECBB  F03F         	call	_ADC_GetConversion
   200   007FBA  C001  F008         	movff	?_ADC_GetConversion,_ADC_Result
   201   007FBE  C002  F009         	movff	?_ADC_GetConversion+1,_ADC_Result+1
   202   007FC2                     
   203                           ;main.c: 22: PWM2_LoadDutyValue(ADC_Result);
   204   007FC2  C008  F001         	movff	_ADC_Result,PWM2_LoadDutyValue@dutyValue
   205   007FC6  C009  F002         	movff	_ADC_Result+1,PWM2_LoadDutyValue@dutyValue+1
   206   007FCA  EC8A  F03F         	call	_PWM2_LoadDutyValue	;wreg free
   207   007FCE                     
   208                           ;main.c: 23: _delay((unsigned long)((50)*(20000000/4000.0)));
   209   007FCE  0E02               	movlw	2
   210   007FD0  6E07               	movwf	(??_main+1)^0,c
   211   007FD2  0E45               	movlw	69
   212   007FD4  6E06               	movwf	??_main^0,c
   213   007FD6  0EAA               	movlw	170
   214   007FD8                     u87:
   215   007FD8  2EE8               	decfsz	wreg,f,c
   216   007FDA  D7FE               	bra	u87
   217   007FDC  2E06               	decfsz	??_main^0,f,c
   218   007FDE  D7FC               	bra	u87
   219   007FE0  2E07               	decfsz	(??_main+1)^0,f,c
   220   007FE2  D7FA               	bra	u87
   221   007FE4                     
   222                           ;main.c: 25: LATBbits.LATB0 = PORTDbits.RD0;
   223   007FE4  A083               	btfss	131,0,c	;volatile
   224   007FE6  D002               	bra	u65
   225   007FE8  808A               	bsf	138,0,c	;volatile
   226   007FEA  D001               	bra	u67
   227   007FEC                     u65:
   228   007FEC  908A               	bcf	138,0,c	;volatile
   229   007FEE                     u67:
   230   007FEE                     
   231                           ;main.c: 26: LATBbits.LATB1 = PORTDbits.RD1;
   232   007FEE  A283               	btfss	131,1,c	;volatile
   233   007FF0  D002               	bra	u75
   234   007FF2  828A               	bsf	138,1,c	;volatile
   235   007FF4  D001               	bra	u77
   236   007FF6                     u75:
   237   007FF6  928A               	bcf	138,1,c	;volatile
   238   007FF8                     u77:
   239   007FF8  EFDA  F03F         	goto	l1008
   240   007FFC  EF00  F000         	goto	start
   241   008000                     __end_of_main:
   242                           	callstack 0
   243                           
   244 ;; *************** function _SYSTEM_Initialize *****************
   245 ;; Defined at:
   246 ;;		line 50 in file "mcc_generated_files/mcc.c"
   247 ;; Parameters:    Size  Location     Type
   248 ;;		None
   249 ;; Auto vars:     Size  Location     Type
   250 ;;		None
   251 ;; Return value:  Size  Location     Type
   252 ;;                  1    wreg      void 
   253 ;; Registers used:
   254 ;;		wreg, status,2, cstack
   255 ;; Tracked objects:
   256 ;;		On entry : 0/0
   257 ;;		On exit  : 0/0
   258 ;;		Unchanged: 0/0
   259 ;; Data sizes:     COMRAM   BANK0   BANK1   BANK2   BANK3   BANK4   BANK5
   260 ;;      Params:         0       0       0       0       0       0       0
   261 ;;      Locals:         0       0       0       0       0       0       0
   262 ;;      Temps:          0       0       0       0       0       0       0
   263 ;;      Totals:         0       0       0       0       0       0       0
   264 ;;Total ram usage:        0 bytes
   265 ;; Hardware stack levels used: 1
   266 ;; Hardware stack levels required when called: 1
   267 ;; This function calls:
   268 ;;		_ADC_Initialize
   269 ;;		_OSCILLATOR_Initialize
   270 ;;		_PIN_MANAGER_Initialize
   271 ;;		_PWM2_Initialize
   272 ;;		_TMR2_Initialize
   273 ;; This function is called by:
   274 ;;		_main
   275 ;; This function uses a non-reentrant model
   276 ;;
   277                           
   278                           	psect	text1
   279   007EFE                     __ptext1:
   280                           	callstack 0
   281   007EFE                     _SYSTEM_Initialize:
   282                           	callstack 29
   283   007EFE                     
   284                           ;mcc.c: 53: PIN_MANAGER_Initialize();
   285   007EFE  ECA2  F03F         	call	_PIN_MANAGER_Initialize	;wreg free
   286                           
   287                           ;mcc.c: 54: OSCILLATOR_Initialize();
   288   007F02  EC5B  F03F         	call	_OSCILLATOR_Initialize	;wreg free
   289                           
   290                           ;mcc.c: 55: PWM2_Initialize();
   291   007F06  EC60  F03F         	call	_PWM2_Initialize	;wreg free
   292                           
   293                           ;mcc.c: 56: TMR2_Initialize();
   294   007F0A  EC66  F03F         	call	_TMR2_Initialize	;wreg free
   295                           
   296                           ;mcc.c: 57: ADC_Initialize();
   297   007F0E  EC74  F03F         	call	_ADC_Initialize	;wreg free
   298   007F12  0012               	return		;funcret
   299   007F14                     __end_of_SYSTEM_Initialize:
   300                           	callstack 0
   301                           
   302 ;; *************** function _TMR2_Initialize *****************
   303 ;; Defined at:
   304 ;;		line 62 in file "mcc_generated_files/tmr2.c"
   305 ;; Parameters:    Size  Location     Type
   306 ;;		None
   307 ;; Auto vars:     Size  Location     Type
   308 ;;		None
   309 ;; Return value:  Size  Location     Type
   310 ;;                  1    wreg      void 
   311 ;; Registers used:
   312 ;;		wreg, status,2
   313 ;; Tracked objects:
   314 ;;		On entry : 0/0
   315 ;;		On exit  : 0/0
   316 ;;		Unchanged: 0/0
   317 ;; Data sizes:     COMRAM   BANK0   BANK1   BANK2   BANK3   BANK4   BANK5
   318 ;;      Params:         0       0       0       0       0       0       0
   319 ;;      Locals:         0       0       0       0       0       0       0
   320 ;;      Temps:          0       0       0       0       0       0       0
   321 ;;      Totals:         0       0       0       0       0       0       0
   322 ;;Total ram usage:        0 bytes
   323 ;; Hardware stack levels used: 1
   324 ;; This function calls:
   325 ;;		Nothing
   326 ;; This function is called by:
   327 ;;		_SYSTEM_Initialize
   328 ;; This function uses a non-reentrant model
   329 ;;
   330                           
   331                           	psect	text2
   332   007ECC                     __ptext2:
   333                           	callstack 0
   334   007ECC                     _TMR2_Initialize:
   335                           	callstack 29
   336   007ECC                     
   337                           ;tmr2.c: 67: PR2 = 0xFF;
   338   007ECC  68CB               	setf	203,c	;volatile
   339   007ECE                     
   340                           ;tmr2.c: 70: TMR2 = 0x00;
   341   007ECE  0E00               	movlw	0
   342   007ED0  6ECC               	movwf	204,c	;volatile
   343   007ED2                     
   344                           ;tmr2.c: 73: PIR1bits.TMR2IF = 0;
   345   007ED2  929E               	bcf	158,1,c	;volatile
   346                           
   347                           ;tmr2.c: 76: T2CON = 0x7D;
   348   007ED4  0E7D               	movlw	125
   349   007ED6  6ECA               	movwf	202,c	;volatile
   350   007ED8  0012               	return		;funcret
   351   007EDA                     __end_of_TMR2_Initialize:
   352                           	callstack 0
   353                           
   354 ;; *************** function _PWM2_Initialize *****************
   355 ;; Defined at:
   356 ;;		line 64 in file "mcc_generated_files/pwm2.c"
   357 ;; Parameters:    Size  Location     Type
   358 ;;		None
   359 ;; Auto vars:     Size  Location     Type
   360 ;;		None
   361 ;; Return value:  Size  Location     Type
   362 ;;                  1    wreg      void 
   363 ;; Registers used:
   364 ;;		wreg, status,2
   365 ;; Tracked objects:
   366 ;;		On entry : 0/0
   367 ;;		On exit  : 0/0
   368 ;;		Unchanged: 0/0
   369 ;; Data sizes:     COMRAM   BANK0   BANK1   BANK2   BANK3   BANK4   BANK5
   370 ;;      Params:         0       0       0       0       0       0       0
   371 ;;      Locals:         0       0       0       0       0       0       0
   372 ;;      Temps:          0       0       0       0       0       0       0
   373 ;;      Totals:         0       0       0       0       0       0       0
   374 ;;Total ram usage:        0 bytes
   375 ;; Hardware stack levels used: 1
   376 ;; This function calls:
   377 ;;		Nothing
   378 ;; This function is called by:
   379 ;;		_SYSTEM_Initialize
   380 ;; This function uses a non-reentrant model
   381 ;;
   382                           
   383                           	psect	text3
   384   007EC0                     __ptext3:
   385                           	callstack 0
   386   007EC0                     _PWM2_Initialize:
   387                           	callstack 29
   388   007EC0                     
   389                           ;pwm2.c: 69: CCP2CON = 0x3C;
   390   007EC0  0E3C               	movlw	60
   391   007EC2  6EBA               	movwf	186,c	;volatile
   392   007EC4                     
   393                           ;pwm2.c: 72: CCPR2L = 0xFF;
   394   007EC4  68BB               	setf	187,c	;volatile
   395                           
   396                           ;pwm2.c: 75: CCPR2H = 0x00;
   397   007EC6  0E00               	movlw	0
   398   007EC8  6EBC               	movwf	188,c	;volatile
   399   007ECA  0012               	return		;funcret
   400   007ECC                     __end_of_PWM2_Initialize:
   401                           	callstack 0
   402                           
   403 ;; *************** function _PIN_MANAGER_Initialize *****************
   404 ;; Defined at:
   405 ;;		line 55 in file "mcc_generated_files/pin_manager.c"
   406 ;; Parameters:    Size  Location     Type
   407 ;;		None
   408 ;; Auto vars:     Size  Location     Type
   409 ;;		None
   410 ;; Return value:  Size  Location     Type
   411 ;;                  1    wreg      void 
   412 ;; Registers used:
   413 ;;		wreg, status,2
   414 ;; Tracked objects:
   415 ;;		On entry : 0/0
   416 ;;		On exit  : 0/0
   417 ;;		Unchanged: 0/0
   418 ;; Data sizes:     COMRAM   BANK0   BANK1   BANK2   BANK3   BANK4   BANK5
   419 ;;      Params:         0       0       0       0       0       0       0
   420 ;;      Locals:         0       0       0       0       0       0       0
   421 ;;      Temps:          0       0       0       0       0       0       0
   422 ;;      Totals:         0       0       0       0       0       0       0
   423 ;;Total ram usage:        0 bytes
   424 ;; Hardware stack levels used: 1
   425 ;; This function calls:
   426 ;;		Nothing
   427 ;; This function is called by:
   428 ;;		_SYSTEM_Initialize
   429 ;; This function uses a non-reentrant model
   430 ;;
   431                           
   432                           	psect	text4
   433   007F44                     __ptext4:
   434                           	callstack 0
   435   007F44                     _PIN_MANAGER_Initialize:
   436                           	callstack 29
   437   007F44                     
   438                           ;pin_manager.c: 60: LATE = 0x00;
   439   007F44  0E00               	movlw	0
   440   007F46  6E8D               	movwf	141,c	;volatile
   441                           
   442                           ;pin_manager.c: 61: LATD = 0x00;
   443   007F48  0E00               	movlw	0
   444   007F4A  6E8C               	movwf	140,c	;volatile
   445                           
   446                           ;pin_manager.c: 62: LATA = 0x00;
   447   007F4C  0E00               	movlw	0
   448   007F4E  6E89               	movwf	137,c	;volatile
   449                           
   450                           ;pin_manager.c: 63: LATB = 0x00;
   451   007F50  0E00               	movlw	0
   452   007F52  6E8A               	movwf	138,c	;volatile
   453                           
   454                           ;pin_manager.c: 64: LATC = 0x00;
   455   007F54  0E00               	movlw	0
   456   007F56  6E8B               	movwf	139,c	;volatile
   457                           
   458                           ;pin_manager.c: 69: TRISE = 0x07;
   459   007F58  0E07               	movlw	7
   460   007F5A  6E96               	movwf	150,c	;volatile
   461   007F5C                     
   462                           ;pin_manager.c: 70: TRISA = 0xFF;
   463   007F5C  6892               	setf	146,c	;volatile
   464                           
   465                           ;pin_manager.c: 71: TRISB = 0xFC;
   466   007F5E  0EFC               	movlw	252
   467   007F60  6E93               	movwf	147,c	;volatile
   468                           
   469                           ;pin_manager.c: 72: TRISC = 0xFD;
   470   007F62  0EFD               	movlw	253
   471   007F64  6E94               	movwf	148,c	;volatile
   472   007F66                     
   473                           ;pin_manager.c: 73: TRISD = 0xFF;
   474   007F66  6895               	setf	149,c	;volatile
   475   007F68                     
   476                           ;pin_manager.c: 78: ANSEL = 0xFF;
   477   007F68  687E               	setf	126,c	;volatile
   478                           
   479                           ;pin_manager.c: 79: ANSELH = 0x09;
   480   007F6A  0E09               	movlw	9
   481   007F6C  6E7F               	movwf	127,c	;volatile
   482                           
   483                           ;pin_manager.c: 84: WPUB = 0x00;
   484   007F6E  0E00               	movlw	0
   485   007F70  6E7C               	movwf	124,c	;volatile
   486   007F72                     
   487                           ;pin_manager.c: 85: INTCON2bits.nRBPU = 1;
   488   007F72  8EF1               	bsf	241,7,c	;volatile
   489   007F74  0012               	return		;funcret
   490   007F76                     __end_of_PIN_MANAGER_Initialize:
   491                           	callstack 0
   492                           
   493 ;; *************** function _OSCILLATOR_Initialize *****************
   494 ;; Defined at:
   495 ;;		line 60 in file "mcc_generated_files/mcc.c"
   496 ;; Parameters:    Size  Location     Type
   497 ;;		None
   498 ;; Auto vars:     Size  Location     Type
   499 ;;		None
   500 ;; Return value:  Size  Location     Type
   501 ;;                  1    wreg      void 
   502 ;; Registers used:
   503 ;;		wreg, status,2
   504 ;; Tracked objects:
   505 ;;		On entry : 0/0
   506 ;;		On exit  : 0/0
   507 ;;		Unchanged: 0/0
   508 ;; Data sizes:     COMRAM   BANK0   BANK1   BANK2   BANK3   BANK4   BANK5
   509 ;;      Params:         0       0       0       0       0       0       0
   510 ;;      Locals:         0       0       0       0       0       0       0
   511 ;;      Temps:          0       0       0       0       0       0       0
   512 ;;      Totals:         0       0       0       0       0       0       0
   513 ;;Total ram usage:        0 bytes
   514 ;; Hardware stack levels used: 1
   515 ;; This function calls:
   516 ;;		Nothing
   517 ;; This function is called by:
   518 ;;		_SYSTEM_Initialize
   519 ;; This function uses a non-reentrant model
   520 ;;
   521                           
   522                           	psect	text5
   523   007EB6                     __ptext5:
   524                           	callstack 0
   525   007EB6                     _OSCILLATOR_Initialize:
   526                           	callstack 29
   527   007EB6                     
   528                           ;mcc.c: 63: OSCCON = 0x60;
   529   007EB6  0E60               	movlw	96
   530   007EB8  6ED3               	movwf	211,c	;volatile
   531                           
   532                           ;mcc.c: 65: OSCTUNE = 0x00;
   533   007EBA  0E00               	movlw	0
   534   007EBC  6E9B               	movwf	155,c	;volatile
   535   007EBE  0012               	return		;funcret
   536   007EC0                     __end_of_OSCILLATOR_Initialize:
   537                           	callstack 0
   538                           
   539 ;; *************** function _ADC_Initialize *****************
   540 ;; Defined at:
   541 ;;		line 62 in file "mcc_generated_files/adc.c"
   542 ;; Parameters:    Size  Location     Type
   543 ;;		None
   544 ;; Auto vars:     Size  Location     Type
   545 ;;		None
   546 ;; Return value:  Size  Location     Type
   547 ;;                  1    wreg      void 
   548 ;; Registers used:
   549 ;;		wreg, status,2
   550 ;; Tracked objects:
   551 ;;		On entry : 0/0
   552 ;;		On exit  : 0/0
   553 ;;		Unchanged: 0/0
   554 ;; Data sizes:     COMRAM   BANK0   BANK1   BANK2   BANK3   BANK4   BANK5
   555 ;;      Params:         0       0       0       0       0       0       0
   556 ;;      Locals:         0       0       0       0       0       0       0
   557 ;;      Temps:          0       0       0       0       0       0       0
   558 ;;      Totals:         0       0       0       0       0       0       0
   559 ;;Total ram usage:        0 bytes
   560 ;; Hardware stack levels used: 1
   561 ;; This function calls:
   562 ;;		Nothing
   563 ;; This function is called by:
   564 ;;		_SYSTEM_Initialize
   565 ;; This function uses a non-reentrant model
   566 ;;
   567                           
   568                           	psect	text6
   569   007EE8                     __ptext6:
   570                           	callstack 0
   571   007EE8                     _ADC_Initialize:
   572                           	callstack 29
   573   007EE8                     
   574                           ;adc.c: 67: ADCON1 = 0x00;
   575   007EE8  0E00               	movlw	0
   576   007EEA  6EC1               	movwf	193,c	;volatile
   577                           
   578                           ;adc.c: 70: ADCON2 = 0xBA;
   579   007EEC  0EBA               	movlw	186
   580   007EEE  6EC0               	movwf	192,c	;volatile
   581                           
   582                           ;adc.c: 73: ADRESL = 0x00;
   583   007EF0  0E00               	movlw	0
   584   007EF2  6EC3               	movwf	195,c	;volatile
   585                           
   586                           ;adc.c: 76: ADRESH = 0x00;
   587   007EF4  0E00               	movlw	0
   588   007EF6  6EC4               	movwf	196,c	;volatile
   589                           
   590                           ;adc.c: 79: ADCON0 = 0x01;
   591   007EF8  0E01               	movlw	1
   592   007EFA  6EC2               	movwf	194,c	;volatile
   593   007EFC  0012               	return		;funcret
   594   007EFE                     __end_of_ADC_Initialize:
   595                           	callstack 0
   596                           
   597 ;; *************** function _PWM2_LoadDutyValue *****************
   598 ;; Defined at:
   599 ;;		line 80 in file "mcc_generated_files/pwm2.c"
   600 ;; Parameters:    Size  Location     Type
   601 ;;  dutyValue       2    0[COMRAM] unsigned int 
   602 ;; Auto vars:     Size  Location     Type
   603 ;;		None
   604 ;; Return value:  Size  Location     Type
   605 ;;                  1    wreg      void 
   606 ;; Registers used:
   607 ;;		wreg, status,2, status,0
   608 ;; Tracked objects:
   609 ;;		On entry : 0/0
   610 ;;		On exit  : 0/0
   611 ;;		Unchanged: 0/0
   612 ;; Data sizes:     COMRAM   BANK0   BANK1   BANK2   BANK3   BANK4   BANK5
   613 ;;      Params:         2       0       0       0       0       0       0
   614 ;;      Locals:         0       0       0       0       0       0       0
   615 ;;      Temps:          2       0       0       0       0       0       0
   616 ;;      Totals:         4       0       0       0       0       0       0
   617 ;;Total ram usage:        4 bytes
   618 ;; Hardware stack levels used: 1
   619 ;; This function calls:
   620 ;;		Nothing
   621 ;; This function is called by:
   622 ;;		_main
   623 ;; This function uses a non-reentrant model
   624 ;;
   625                           
   626                           	psect	text7
   627   007F14                     __ptext7:
   628                           	callstack 0
   629   007F14                     _PWM2_LoadDutyValue:
   630                           	callstack 30
   631   007F14                     
   632                           ;pwm2.c: 83: CCPR2L = ((dutyValue & 0x03FC)>>2);
   633   007F14  C001  F003         	movff	PWM2_LoadDutyValue@dutyValue,??_PWM2_LoadDutyValue
   634   007F18  C002  F004         	movff	PWM2_LoadDutyValue@dutyValue+1,??_PWM2_LoadDutyValue+1
   635   007F1C  90D8               	bcf	status,0,c
   636   007F1E  3204               	rrcf	(??_PWM2_LoadDutyValue+1)^0,f,c
   637   007F20  3203               	rrcf	??_PWM2_LoadDutyValue^0,f,c
   638   007F22  90D8               	bcf	status,0,c
   639   007F24  3204               	rrcf	(??_PWM2_LoadDutyValue+1)^0,f,c
   640   007F26  3203               	rrcf	??_PWM2_LoadDutyValue^0,f,c
   641   007F28  5003               	movf	??_PWM2_LoadDutyValue^0,w,c
   642   007F2A  6EBB               	movwf	187,c	;volatile
   643                           
   644                           ;pwm2.c: 86: CCP2CON = ((uint8_t)(CCP2CON & 0xCF) | ((dutyValue & 0x0003)<<4));
   645   007F2C  C001  F003         	movff	PWM2_LoadDutyValue@dutyValue,??_PWM2_LoadDutyValue
   646   007F30  0E03               	movlw	3
   647   007F32  1603               	andwf	??_PWM2_LoadDutyValue^0,f,c
   648   007F34  3A03               	swapf	??_PWM2_LoadDutyValue^0,f,c
   649   007F36  0EF0               	movlw	240
   650   007F38  1603               	andwf	??_PWM2_LoadDutyValue^0,f,c
   651   007F3A  50BA               	movf	186,w,c	;volatile
   652   007F3C  0BCF               	andlw	207
   653   007F3E  1003               	iorwf	??_PWM2_LoadDutyValue^0,w,c
   654   007F40  6EBA               	movwf	186,c	;volatile
   655   007F42  0012               	return		;funcret
   656   007F44                     __end_of_PWM2_LoadDutyValue:
   657                           	callstack 0
   658                           
   659 ;; *************** function _ADC_GetConversion *****************
   660 ;; Defined at:
   661 ;;		line 110 in file "mcc_generated_files/adc.c"
   662 ;; Parameters:    Size  Location     Type
   663 ;;  channel         1    wreg     enum E2566
   664 ;; Auto vars:     Size  Location     Type
   665 ;;  channel         1    4[COMRAM] enum E2566
   666 ;; Return value:  Size  Location     Type
   667 ;;                  2    0[COMRAM] unsigned int 
   668 ;; Registers used:
   669 ;;		wreg, status,2, status,0
   670 ;; Tracked objects:
   671 ;;		On entry : 0/0
   672 ;;		On exit  : 0/0
   673 ;;		Unchanged: 0/0
   674 ;; Data sizes:     COMRAM   BANK0   BANK1   BANK2   BANK3   BANK4   BANK5
   675 ;;      Params:         2       0       0       0       0       0       0
   676 ;;      Locals:         1       0       0       0       0       0       0
   677 ;;      Temps:          2       0       0       0       0       0       0
   678 ;;      Totals:         5       0       0       0       0       0       0
   679 ;;Total ram usage:        5 bytes
   680 ;; Hardware stack levels used: 1
   681 ;; This function calls:
   682 ;;		Nothing
   683 ;; This function is called by:
   684 ;;		_main
   685 ;; This function uses a non-reentrant model
   686 ;;
   687                           
   688                           	psect	text8
   689   007F76                     __ptext8:
   690                           	callstack 0
   691   007F76                     _ADC_GetConversion:
   692                           	callstack 30
   693                           
   694                           ;incstack = 0
   695                           ;ADC_GetConversion@channel stored from wreg
   696   007F76  6E05               	movwf	ADC_GetConversion@channel^0,c
   697   007F78                     
   698                           ;adc.c: 113: ADCON0bits.CHS = channel;
   699   007F78  C005  F003         	movff	ADC_GetConversion@channel,??_ADC_GetConversion
   700   007F7C  4603               	rlncf	??_ADC_GetConversion^0,f,c
   701   007F7E  4603               	rlncf	??_ADC_GetConversion^0,f,c
   702   007F80  50C2               	movf	194,w,c	;volatile
   703   007F82  1803               	xorwf	??_ADC_GetConversion^0,w,c
   704   007F84  0BC3               	andlw	-61
   705   007F86  1803               	xorwf	??_ADC_GetConversion^0,w,c
   706   007F88  6EC2               	movwf	194,c	;volatile
   707   007F8A                     
   708                           ;adc.c: 116: ADCON0bits.ADON = 1;
   709   007F8A  80C2               	bsf	194,0,c	;volatile
   710   007F8C                     
   711                           ;adc.c: 119: ADCON0bits.GO_nDONE = 1;
   712   007F8C  82C2               	bsf	194,1,c	;volatile
   713   007F8E                     l134:
   714   007F8E  B2C2               	btfsc	194,1,c	;volatile
   715   007F90  EFCC  F03F         	goto	u51
   716   007F94  EFCE  F03F         	goto	u50
   717   007F98                     u51:
   718   007F98  EFC7  F03F         	goto	l134
   719   007F9C                     u50:
   720   007F9C                     
   721                           ;adc.c: 124: };adc.c: 127: return ((adc_result_t)((ADRESH << 8) + ADRESL));
   722   007F9C  50C4               	movf	196,w,c	;volatile
   723   007F9E  6E04               	movwf	(??_ADC_GetConversion+1)^0,c
   724   007FA0  6A03               	clrf	??_ADC_GetConversion^0,c
   725   007FA2  50C3               	movf	195,w,c	;volatile
   726   007FA4  2403               	addwf	??_ADC_GetConversion^0,w,c
   727   007FA6  6E01               	movwf	?_ADC_GetConversion^0,c
   728   007FA8  0E00               	movlw	0
   729   007FAA  2004               	addwfc	(??_ADC_GetConversion+1)^0,w,c
   730   007FAC  6E02               	movwf	(?_ADC_GetConversion+1)^0,c
   731   007FAE  0012               	return		;funcret
   732   007FB0                     __end_of_ADC_GetConversion:
   733                           	callstack 0
   734   000000                     
   735                           	psect	rparam
   736   000000                     
   737                           	psect	idloc
   738                           
   739                           ;Config register IDLOC0 @ 0x200000
   740                           ;	unspecified, using default values
   741   200000                     	org	2097152
   742   200000  FF                 	db	255
   743                           
   744                           ;Config register IDLOC1 @ 0x200001
   745                           ;	unspecified, using default values
   746   200001                     	org	2097153
   747   200001  FF                 	db	255
   748                           
   749                           ;Config register IDLOC2 @ 0x200002
   750                           ;	unspecified, using default values
   751   200002                     	org	2097154
   752   200002  FF                 	db	255
   753                           
   754                           ;Config register IDLOC3 @ 0x200003
   755                           ;	unspecified, using default values
   756   200003                     	org	2097155
   757   200003  FF                 	db	255
   758                           
   759                           ;Config register IDLOC4 @ 0x200004
   760                           ;	unspecified, using default values
   761   200004                     	org	2097156
   762   200004  FF                 	db	255
   763                           
   764                           ;Config register IDLOC5 @ 0x200005
   765                           ;	unspecified, using default values
   766   200005                     	org	2097157
   767   200005  FF                 	db	255
   768                           
   769                           ;Config register IDLOC6 @ 0x200006
   770                           ;	unspecified, using default values
   771   200006                     	org	2097158
   772   200006  FF                 	db	255
   773                           
   774                           ;Config register IDLOC7 @ 0x200007
   775                           ;	unspecified, using default values
   776   200007                     	org	2097159
   777   200007  FF                 	db	255
   778                           
   779                           	psect	config
   780                           
   781                           ; Padding undefined space
   782   300000                     	org	3145728
   783   300000  FF                 	db	255
   784                           
   785                           ;Config register CONFIG1H @ 0x300001
   786                           ;	Oscillator Selection bits
   787                           ;	FOSC = HS, HS oscillator
   788                           ;	Fail-Safe Clock Monitor Enable bit
   789                           ;	FCMEN = OFF, Fail-Safe Clock Monitor disabled
   790                           ;	Internal/External Oscillator Switchover bit
   791                           ;	IESO = OFF, Oscillator Switchover mode disabled
   792   300001                     	org	3145729
   793   300001  02                 	db	2
   794                           
   795                           ;Config register CONFIG2L @ 0x300002
   796                           ;	Power-up Timer Enable bit
   797                           ;	PWRT = OFF, PWRT disabled
   798                           ;	Brown-out Reset Enable bits
   799                           ;	BOREN = SBORDIS, Brown-out Reset enabled in hardware only (SBOREN is disabled)
   800                           ;	Brown Out Reset Voltage bits
   801                           ;	BORV = 18, VBOR set to 1.8 V nominal
   802   300002                     	org	3145730
   803   300002  1F                 	db	31
   804                           
   805                           ;Config register CONFIG2H @ 0x300003
   806                           ;	Watchdog Timer Enable bit
   807                           ;	WDTEN = OFF, WDT is controlled by SWDTEN bit of the WDTCON register
   808                           ;	Watchdog Timer Postscale Select bits
   809                           ;	WDTPS = 32768, 1:32768
   810   300003                     	org	3145731
   811   300003  1E                 	db	30
   812                           
   813                           ; Padding undefined space
   814   300004                     	org	3145732
   815   300004  FF                 	db	255
   816                           
   817                           ;Config register CONFIG3H @ 0x300005
   818                           ;	CCP2 MUX bit
   819                           ;	CCP2MX = PORTC, CCP2 input/output is multiplexed with RC1
   820                           ;	PORTB A/D Enable bit
   821                           ;	PBADEN = OFF, PORTB<4:0> pins are configured as digital I/O on Reset
   822                           ;	Low-Power Timer1 Oscillator Enable bit
   823                           ;	LPT1OSC = OFF, Timer1 configured for higher power operation
   824                           ;	HFINTOSC Fast Start-up
   825                           ;	HFOFST = ON, HFINTOSC starts clocking the CPU without waiting for the oscillator to st
      +                          ablize.
   826                           ;	MCLR Pin Enable bit
   827                           ;	MCLRE = ON, MCLR pin enabled; RE3 input pin disabled
   828   300005                     	org	3145733
   829   300005  89                 	db	137
   830                           
   831                           ;Config register CONFIG4L @ 0x300006
   832                           ;	Stack Full/Underflow Reset Enable bit
   833                           ;	STVREN = ON, Stack full/underflow will cause Reset
   834                           ;	Single-Supply ICSP Enable bit
   835                           ;	LVP = OFF, Single-Supply ICSP disabled
   836                           ;	Extended Instruction Set Enable bit
   837                           ;	XINST = OFF, Instruction set extension and Indexed Addressing mode disabled (Legacy mo
      +                          de)
   838                           ;	Background Debugger Enable bit
   839                           ;	DEBUG = OFF, Background debugger disabled, RB6 and RB7 configured as general purpose I
      +                          /O pins
   840   300006                     	org	3145734
   841   300006  81                 	db	129
   842                           
   843                           ; Padding undefined space
   844   300007                     	org	3145735
   845   300007  FF                 	db	255
   846                           
   847                           ;Config register CONFIG5L @ 0x300008
   848                           ;	Code Protection Block 0
   849                           ;	CP0 = OFF, Block 0 (000800-001FFFh) not code-protected
   850                           ;	Code Protection Block 1
   851                           ;	CP1 = OFF, Block 1 (002000-003FFFh) not code-protected
   852                           ;	Code Protection Block 2
   853                           ;	CP2 = OFF, Block 2 (004000-005FFFh) not code-protected
   854                           ;	Code Protection Block 3
   855                           ;	CP3 = OFF, Block 3 (006000-007FFFh) not code-protected
   856   300008                     	org	3145736
   857   300008  0F                 	db	15
   858                           
   859                           ;Config register CONFIG5H @ 0x300009
   860                           ;	Boot Block Code Protection bit
   861                           ;	CPB = OFF, Boot block (000000-0007FFh) not code-protected
   862                           ;	Data EEPROM Code Protection bit
   863                           ;	CPD = OFF, Data EEPROM not code-protected
   864   300009                     	org	3145737
   865   300009  C0                 	db	192
   866                           
   867                           ;Config register CONFIG6L @ 0x30000A
   868                           ;	Write Protection Block 0
   869                           ;	WRT0 = OFF, Block 0 (000800-001FFFh) not write-protected
   870                           ;	Write Protection Block 1
   871                           ;	WRT1 = OFF, Block 1 (002000-003FFFh) not write-protected
   872                           ;	Write Protection Block 2
   873                           ;	WRT2 = OFF, Block 2 (004000-005FFFh) not write-protected
   874                           ;	Write Protection Block 3
   875                           ;	WRT3 = OFF, Block 3 (006000-007FFFh) not write-protected
   876   30000A                     	org	3145738
   877   30000A  0F                 	db	15
   878                           
   879                           ;Config register CONFIG6H @ 0x30000B
   880                           ;	Configuration Register Write Protection bit
   881                           ;	WRTC = OFF, Configuration registers (300000-3000FFh) not write-protected
   882                           ;	Boot Block Write Protection bit
   883                           ;	WRTB = OFF, Boot Block (000000-0007FFh) not write-protected
   884                           ;	Data EEPROM Write Protection bit
   885                           ;	WRTD = OFF, Data EEPROM not write-protected
   886   30000B                     	org	3145739
   887   30000B  E0                 	db	224
   888                           
   889                           ;Config register CONFIG7L @ 0x30000C
   890                           ;	Table Read Protection Block 0
   891                           ;	EBTR0 = OFF, Block 0 (000800-001FFFh) not protected from table reads executed in other
      +                           blocks
   892                           ;	Table Read Protection Block 1
   893                           ;	EBTR1 = OFF, Block 1 (002000-003FFFh) not protected from table reads executed in other
      +                           blocks
   894                           ;	Table Read Protection Block 2
   895                           ;	EBTR2 = OFF, Block 2 (004000-005FFFh) not protected from table reads executed in other
      +                           blocks
   896                           ;	Table Read Protection Block 3
   897                           ;	EBTR3 = OFF, Block 3 (006000-007FFFh) not protected from table reads executed in other
      +                           blocks
   898   30000C                     	org	3145740
   899   30000C  0F                 	db	15
   900                           
   901                           ;Config register CONFIG7H @ 0x30000D
   902                           ;	Boot Block Table Read Protection bit
   903                           ;	EBTRB = OFF, Boot Block (000000-0007FFh) not protected from table reads executed in ot
      +                          her blocks
   904   30000D                     	org	3145741
   905   30000D  40                 	db	64
   906                           tosu	equ	0xFFF
   907                           tosh	equ	0xFFE
   908                           tosl	equ	0xFFD
   909                           stkptr	equ	0xFFC
   910                           pclatu	equ	0xFFB
   911                           pclath	equ	0xFFA
   912                           pcl	equ	0xFF9
   913                           tblptru	equ	0xFF8
   914                           tblptrh	equ	0xFF7
   915                           tblptrl	equ	0xFF6
   916                           tablat	equ	0xFF5
   917                           prodh	equ	0xFF4
   918                           prodl	equ	0xFF3
   919                           indf0	equ	0xFEF
   920                           postinc0	equ	0xFEE
   921                           postdec0	equ	0xFED
   922                           preinc0	equ	0xFEC
   923                           plusw0	equ	0xFEB
   924                           fsr0h	equ	0xFEA
   925                           fsr0l	equ	0xFE9
   926                           wreg	equ	0xFE8
   927                           indf1	equ	0xFE7
   928                           postinc1	equ	0xFE6
   929                           postdec1	equ	0xFE5
   930                           preinc1	equ	0xFE4
   931                           plusw1	equ	0xFE3
   932                           fsr1h	equ	0xFE2
   933                           fsr1l	equ	0xFE1
   934                           bsr	equ	0xFE0
   935                           indf2	equ	0xFDF
   936                           postinc2	equ	0xFDE
   937                           postdec2	equ	0xFDD
   938                           preinc2	equ	0xFDC
   939                           plusw2	equ	0xFDB
   940                           fsr2h	equ	0xFDA
   941                           fsr2l	equ	0xFD9
   942                           status	equ	0xFD8

Data Sizes:
    Strings     0
    Constant    0
    Data        0
    BSS         2
    Persistent  2
    Stack       0

Auto Spaces:
    Space          Size  Autos    Used
    COMRAM           95      7      11
    BANK0           160      0       0
    BANK1           256      0       0
    BANK2           256      0       0
    BANK3           256      0       0
    BANK4           256      0       0
    BANK5           256      0       0

Pointer List with Targets:

    ADC_InterruptHandler	PTR FTN()void  size(2) Largest target is 1
		 -> NULL(), 


Critical Paths under _main in COMRAM

    _main->_ADC_GetConversion

Critical Paths under _main in BANK0

    None.

Critical Paths under _main in BANK1

    None.

Critical Paths under _main in BANK2

    None.

Critical Paths under _main in BANK3

    None.

Critical Paths under _main in BANK4

    None.

Critical Paths under _main in BANK5

    None.

Call Graph Tables:

 ---------------------------------------------------------------------------------
 (Depth) Function   	        Calls       Base Space   Used Autos Params    Refs
 ---------------------------------------------------------------------------------
 (0) _main                                                 2     2      0     142
                                              5 COMRAM     2     2      0
                  _ADC_GetConversion
                 _PWM2_LoadDutyValue
                  _SYSTEM_Initialize
 ---------------------------------------------------------------------------------
 (1) _SYSTEM_Initialize                                    0     0      0       0
                     _ADC_Initialize
              _OSCILLATOR_Initialize
             _PIN_MANAGER_Initialize
                    _PWM2_Initialize
                    _TMR2_Initialize
 ---------------------------------------------------------------------------------
 (2) _TMR2_Initialize                                      0     0      0       0
 ---------------------------------------------------------------------------------
 (2) _PWM2_Initialize                                      0     0      0       0
 ---------------------------------------------------------------------------------
 (2) _PIN_MANAGER_Initialize                               0     0      0       0
 ---------------------------------------------------------------------------------
 (2) _OSCILLATOR_Initialize                                0     0      0       0
 ---------------------------------------------------------------------------------
 (2) _ADC_Initialize                                       0     0      0       0
 ---------------------------------------------------------------------------------
 (1) _PWM2_LoadDutyValue                                   4     2      2     120
                                              0 COMRAM     4     2      2
 ---------------------------------------------------------------------------------
 (1) _ADC_GetConversion                                    5     3      2      22
                                              0 COMRAM     5     3      2
 ---------------------------------------------------------------------------------
 Estimated maximum stack depth 2
 ---------------------------------------------------------------------------------

 Call Graph Graphs:

 _main (ROOT)
   _ADC_GetConversion
   _PWM2_LoadDutyValue
   _SYSTEM_Initialize
     _ADC_Initialize
     _OSCILLATOR_Initialize
     _PIN_MANAGER_Initialize
     _PWM2_Initialize
     _TMR2_Initialize

 Address spaces:
Name               Size   Autos  Total    Cost      Usage
BIGRAM             5FF      0       0      30        0.0%
EEDATA             100      0       0       0        0.0%
BITBANK5           100      0       0      14        0.0%
BANK5              100      0       0      15        0.0%
BITBANK4           100      0       0      12        0.0%
BANK4              100      0       0      13        0.0%
BITBANK3           100      0       0      10        0.0%
BANK3              100      0       0      11        0.0%
BITBANK2           100      0       0       8        0.0%
BANK2              100      0       0       9        0.0%
BITBANK1           100      0       0       6        0.0%
BANK1              100      0       0       7        0.0%
BITBANK0            A0      0       0       4        0.0%
BANK0               A0      0       0       5        0.0%
BITCOMRAM           5F      0       0       0        0.0%
COMRAM              5F      7       B       1       11.6%
BITBIGSFRhhhl       1D      0       0      17        0.0%
BITBIGSFRllllll     1C      0       0      28        0.0%
BITBIGSFRlh         1B      0       0      21        0.0%
BITBIGSFRhhhh        D      0       0      16        0.0%
BITBIGSFRhhl         6      0       0      18        0.0%
BITBIGSFRlllllh      5      0       0      25        0.0%
BITBIGSFRhlhh        5      0       0      19        0.0%
BITBIGSFRlllhh       4      0       0      23        0.0%
BITBIGSFRlllhll      4      0       0      24        0.0%
BITBIGSFRlllllh      3      0       0      26        0.0%
BITBIGSFRhll         3      0       0      20        0.0%
BITBIGSFRllh         2      0       0      22        0.0%
BITBIGSFRllllll      1      0       0      27        0.0%
BIGSFR               0      0       0     200        0.0%
BITSFR               0      0       0     200        0.0%
SFR                  0      0       0     200        0.0%
STACK                0      0       0       2        0.0%
NULL                 0      0       0       0        0.0%
ABS                  0      0       B      29        0.0%
DATA                 0      0       B       3        0.0%
CODE                 0      0       0       0        0.0%


Microchip Technology PIC18 Macro Assembler V2.41 build 20230208172133 
Symbol Table                                                                                   Sat Jul 08 14:29:29 2023

                             l9 7ECA                              l12 7F42                              l25 7ED8  
                            l61 7F12                              l64 7EBE                              l97 7F74  
                            u50 7F9C                              u51 7F98                              u65 7FEC  
                            u75 7FF6                              u67 7FEE                              u77 7FF8  
                            u87 7FD8                             l134 7F8E                             l119 7EFC  
                           l137 7FAE                             l910 7EC0                             l920 7F44  
                           l912 7EC4                             l930 7EB6                             l922 7F5C  
                           l914 7ECC                             l932 7EE8                             l924 7F66  
                           l916 7ECE                             l926 7F68                             l918 7ED2  
                           l928 7F72                             l936 7EFE                             l994 7F14  
                           l996 7F78                             l998 7F8A                             _PR2 0FCB  
               _TMR2_Initialize 7ECC                             wreg 0FE8                            l1000 7F8C  
                          l1002 7F9C                            l1010 7FC2                            l1012 7FCE  
                          l1014 7FE4                            l1006 7FB0                            l1016 7FEE  
                          l1008 7FB4                            _LATA 0F89                            _LATB 0F8A  
                          _LATC 0F8B                            _LATD 0F8C                            _LATE 0F8D  
                          _TMR2 0FCC                            _WPUB 0F7C                            _main 7FB0  
                          start 0000                    ___param_bank 0000         __end_of_PWM2_Initialize 7ECC  
 __end_of_OSCILLATOR_Initialize 7EC0                           ?_main 0001                           _ANSEL 0F7E  
                         _T2CON 0FCA                           _TRISA 0F92                           _TRISB 0F93  
                         _TRISC 0F94                           _TRISD 0F95                           _TRISE 0F96  
                         status 0FD8                 __initialization 7EDA                    __end_of_main 8000  
       __end_of_TMR2_Initialize 7EDA                          ??_main 0006                   __activetblptr 0002  
                        _ADCON0 0FC2                          _ADCON1 0FC1                          _ADCON2 0FC0  
                        _ADRESH 0FC4                          _ADRESL 0FC3                          _CCPR2H 0FBC  
                        _CCPR2L 0FBB                          _ANSELH 0F7F                          _OSCCON 0FD3  
              ?_PWM2_Initialize 0001                          isa$std 0001                          tblptru 0FF8  
      ADC_GetConversion@channel 0005               _SYSTEM_Initialize 7EFE                      __accesstop 0060  
       __end_of__initialization 7EDE              ?_SYSTEM_Initialize 0001      __end_of_PWM2_LoadDutyValue 7F44  
                 ___rparam_used 0001                  __pcstackCOMRAM 0001             ??_SYSTEM_Initialize 0001  
              ?_TMR2_Initialize 0001       __end_of_SYSTEM_Initialize 7F14                      __pnvCOMRAM 0008  
                       _CCP2CON 0FBA                         _OSCTUNE 0F9B            _ADC_InterruptHandler 000A  
                       __Hparam 0000                         __Lparam 0000                         __pcinit 7EDA  
                       __ramtop 0600                         __ptext0 7FB0                         __ptext1 7EFE  
                       __ptext2 7ECC                         __ptext3 7EC0                         __ptext4 7F44  
                       __ptext5 7EB6                         __ptext6 7EE8                         __ptext7 7F14  
                       __ptext8 7F76           _OSCILLATOR_Initialize 7EB6                       _T2CONbits 0FCA  
      ??_PIN_MANAGER_Initialize 0001            end_of_initialization 7EDE                   __Lmediumconst 0000  
                     _PORTDbits 0F83              _PWM2_LoadDutyValue 7F14                  _ADC_Initialize 7EE8  
        ?_OSCILLATOR_Initialize 0001             start_initialization 7EDA             ?_PWM2_LoadDutyValue 0001  
          ??_PWM2_LoadDutyValue 0003     PWM2_LoadDutyValue@dutyValue 0001          __end_of_ADC_Initialize 7EFE  
                   __pbssCOMRAM 000A          _PIN_MANAGER_Initialize 7F44                 ?_ADC_Initialize 0001  
             ??_PWM2_Initialize 0001                        _LATBbits 0F8A                        _PIR1bits 0F9E  
                    _ADCON0bits 0FC2                     _INTCON2bits 0FF1               ??_TMR2_Initialize 0001  
                    _ADC_Result 0008                        __Hrparam 0000                        __Lrparam 0000  
             _ADC_GetConversion 7F76         ??_OSCILLATOR_Initialize 0001              ?_ADC_GetConversion 0001  
           ??_ADC_GetConversion 0003       __end_of_ADC_GetConversion 7FB0                        isa$xinst 0000  
                    _INTCONbits 0FF2         ?_PIN_MANAGER_Initialize 0001                ??_ADC_Initialize 0001  
               _PWM2_Initialize 7EC0  __end_of_PIN_MANAGER_Initialize 7F76  
