

Microchip MPLAB XC8 Assembler V2.36 build 20220127204148 
                                                                                               Sun Jan 22 12:20:44 2023

Microchip MPLAB XC8 C Compiler v2.36 (Free license) build 20220127204148 Og1 
     1                           	processor	18F45K20
     2                           	fnconf	rparam,??,?,0
     3                           	pagewidth 120
     4                           	opt	flic
     5                           	psect	nvCOMRAM,global,class=COMRAM,space=1,delta=1,lowdata,noexec
     6                           	psect	smallconst,global,reloc=2,class=SMALLCONST,delta=1,noexec
     7                           	psect	cinit,global,reloc=2,class=CODE,delta=1
     8                           	psect	bssCOMRAM,global,class=COMRAM,space=1,delta=1,lowdata,noexec
     9                           	psect	cstackCOMRAM,global,class=COMRAM,space=1,delta=1,lowdata,noexec
    10                           	psect	text0,global,reloc=2,class=CODE,delta=1
    11                           	psect	text1,global,reloc=2,class=CODE,delta=1
    12                           	psect	text2,global,reloc=2,class=CODE,delta=1
    13                           	psect	text3,global,reloc=2,class=CODE,delta=1
    14                           	psect	text4,global,reloc=2,class=CODE,delta=1
    15                           	psect	text5,global,reloc=2,class=CODE,delta=1
    16                           	psect	text6,global,reloc=2,class=CODE,delta=1
    17                           	psect	text7,global,reloc=2,class=CODE,delta=1
    18                           	psect	text8,global,reloc=2,class=CODE,delta=1
    19                           	psect	text9,global,reloc=2,class=CODE,delta=1
    20                           	psect	text10,global,reloc=2,class=CODE,delta=1
    21                           	psect	text11,global,reloc=2,class=CODE,delta=1
    22                           	psect	intsave_regs,global,class=BIGRAM,space=1,delta=1,noexec
    23                           	psect	rparam,global,class=COMRAM,space=1,delta=1,noexec
    24                           	psect	idloc,global,abs,ovrld,class=IDLOC,space=5,delta=1,noexec
    25                           	psect	config,global,abs,ovrld,class=CONFIG,space=4,delta=1,noexec
    26  0000                     
    27                           ; Version 2.40
    28                           ; Generated 17/11/2021 GMT
    29                           ; 
    30                           ; Copyright © 2021, Microchip Technology Inc. and its subsidiaries ("Microchip")
    31                           ; All rights reserved.
    32                           ; 
    33                           ; This software is developed by Microchip Technology Inc. and its subsidiaries ("Microch
      +                          ip").
    34                           ; 
    35                           ; Redistribution and use in source and binary forms, with or without modification, are
    36                           ; permitted provided that the following conditions are met:
    37                           ; 
    38                           ;     1. Redistributions of source code must retain the above copyright notice, this lis
      +                          t of
    39                           ;        conditions and the following disclaimer.
    40                           ; 
    41                           ;     2. Redistributions in binary form must reproduce the above copyright notice, this 
      +                          list
    42                           ;        of conditions and the following disclaimer in the documentation and/or other
    43                           ;        materials provided with the distribution. Publication is not required when
    44                           ;        this file is used in an embedded application.
    45                           ; 
    46                           ;     3. Microchip's name may not be used to endorse or promote products derived from th
      +                          is
    47                           ;        software without specific prior written permission.
    48                           ; 
    49                           ; THIS SOFTWARE IS PROVIDED BY MICROCHIP "AS IS" AND ANY EXPRESS OR IMPLIED WARRANTIES,
    50                           ; INCLUDING, BUT NOT LIMITED TO, THE IMPLIED WARRANTIES OF MERCHANTABILITY AND FITNESS F
      +                          OR
    51                           ; PURPOSE ARE DISCLAIMED.  IN NO EVENT SHALL MICROCHIP BE LIABLE FOR ANY DIRECT, INDIREC
      +                          T,
    52                           ; INCIDENTAL, SPECIAL, EXEMPLARY, OR CONSEQUENTIAL DAMAGES (INCLUDING BUT NOT LIMITED TO
    53                           ; PROCUREMENT OF SUBSTITUTE GOODS OR SERVICES; LOSS OF USE, DATA OR PROFITS; OR BUSINESS
    54                           ; INTERRUPTION) HOWSOEVER CAUSED AND ON ANY THEORY OF LIABILITY, WHETHER IN CONTRACT, ST
      +                          RICT
    55                           ; LIABILITY, OR TORT (INCLUDING NEGLIGENCE OR OTHERWISE) ARISING IN ANY WAY OUT OF THE U
      +                          SE OF
    56                           ; THIS SOFTWARE, EVEN IF ADVISED OF THE POSSIBILITY OF SUCH DAMAGE.
    57                           ; 
    58                           ; 
    59                           ; Code-generator required, PIC18F45K20 Definitions
    60                           ; 
    61                           ; SFR Addresses
    62  0000                     
    63 ;; Function _EUSART_DefaultFramingErrorHandler is unused but had its address taken
    64  0000                     
    65 ;; Function _EUSART_DefaultOverrunErrorHandler is unused but had its address taken
    66  0000                     
    67 ;; Function _EUSART_DefaultErrorHandler is unused but had its address taken
    68  0000                     _TXREG	set	4013
    69  0000                     _RCREG	set	4014
    70  0000                     _SPBRG	set	4015
    71  0000                     _TXSTA	set	4012
    72  0000                     _TRISD	set	3989
    73  0000                     _TRISC	set	3988
    74  0000                     _TRISB	set	3987
    75  0000                     _LATC	set	3979
    76  0000                     _LATB	set	3978
    77                           
    78                           	psect	nvCOMRAM
    79  000001                     __pnvCOMRAM:
    80                           	callstack 0
    81  000001                     _EUSART_ErrorHandler:
    82                           	callstack 0
    83  000001                     	ds	2
    84  000003                     _EUSART_OverrunErrorHandler:
    85                           	callstack 0
    86  000003                     	ds	2
    87  000005                     _EUSART_FramingErrorHandler:
    88                           	callstack 0
    89  000005                     	ds	2
    90  0000                     _RCSTAbits	set	4011
    91  0000                     _TXSTAbits	set	4012
    92  0000                     _WPUB	set	3964
    93  0000                     _ANSEL	set	3966
    94  0000                     _LATA	set	3977
    95  0000                     _LATD	set	3980
    96  0000                     _LATE	set	3981
    97  0000                     _OSCTUNE	set	3995
    98  0000                     _OSCCON	set	4051
    99  0000                     _INTCON2bits	set	4081
   100  0000                     _PIR1bits	set	3998
   101  0000                     _RCSTA	set	4011
   102  0000                     _BAUDCON	set	4024
   103  0000                     _TRISA	set	3986
   104  0000                     _TRISE	set	3990
   105  0000                     _PORTBbits	set	3969
   106  0000                     _ANSELH	set	3967
   107  0000                     _INTCONbits	set	4082
   108  0000                     _SPBRGH	set	4016
   109                           
   110                           	psect	smallconst
   111  000600                     __psmallconst:
   112                           	callstack 0
   113  000600  00                 	db	0
   114  000601                     STR_1:
   115  000601  0D                 	db	13
   116  000602  0A                 	db	10
   117  000603  53                 	db	83	;'S'
   118  000604  77                 	db	119	;'w'
   119  000605  69                 	db	105	;'i'
   120  000606  74                 	db	116	;'t'
   121  000607  63                 	db	99	;'c'
   122  000608  68                 	db	104	;'h'
   123  000609  20                 	db	32
   124  00060A  50                 	db	80	;'P'
   125  00060B  72                 	db	114	;'r'
   126  00060C  65                 	db	101	;'e'
   127  00060D  73                 	db	115	;'s'
   128  00060E  73                 	db	115	;'s'
   129  00060F  20                 	db	32
   130  000610  44                 	db	68	;'D'
   131  000611  65                 	db	101	;'e'
   132  000612  74                 	db	116	;'t'
   133  000613  65                 	db	101	;'e'
   134  000614  63                 	db	99	;'c'
   135  000615  74                 	db	116	;'t'
   136  000616  65                 	db	101	;'e'
   137  000617  64                 	db	100	;'d'
   138  000618  20                 	db	32
   139  000619  3A                 	db	58	;':'
   140  00061A  20                 	db	32
   141  00061B  29                 	db	41
   142  00061C  0D                 	db	13
   143  00061D  0A                 	db	10
   144  00061E  00                 	db	0
   145  00061F                     STR_2:
   146  00061F  0D                 	db	13
   147  000620  0A                 	db	10
   148  000621  53                 	db	83	;'S'
   149  000622  77                 	db	119	;'w'
   150  000623  69                 	db	105	;'i'
   151  000624  74                 	db	116	;'t'
   152  000625  63                 	db	99	;'c'
   153  000626  68                 	db	104	;'h'
   154  000627  20                 	db	32
   155  000628  50                 	db	80	;'P'
   156  000629  72                 	db	114	;'r'
   157  00062A  65                 	db	101	;'e'
   158  00062B  73                 	db	115	;'s'
   159  00062C  73                 	db	115	;'s'
   160  00062D  20                 	db	32
   161  00062E  4E                 	db	78	;'N'
   162  00062F  6F                 	db	111	;'o'
   163  000630  74                 	db	116	;'t'
   164  000631  20                 	db	32
   165  000632  44                 	db	68	;'D'
   166  000633  65                 	db	101	;'e'
   167  000634  74                 	db	116	;'t'
   168  000635  65                 	db	101	;'e'
   169  000636  63                 	db	99	;'c'
   170  000637  74                 	db	116	;'t'
   171  000638  65                 	db	101	;'e'
   172  000639  64                 	db	100	;'d'
   173  00063A  0D                 	db	13
   174  00063B  0A                 	db	10
   175  00063C  00                 	db	0
   176  00063D  00                 	db	0	; dummy byte at the end
   177  0000                     
   178                           ; #config settings
   179                           
   180                           	psect	cinit
   181  0007B8                     __pcinit:
   182                           	callstack 0
   183  0007B8                     start_initialization:
   184                           	callstack 0
   185  0007B8                     __initialization:
   186                           	callstack 0
   187                           
   188                           ; Clear objects allocated to COMRAM (1 bytes)
   189  0007B8  6A0C               	clrf	__pbssCOMRAM& (0+255),c
   190  0007BA                     end_of_initialization:
   191                           	callstack 0
   192  0007BA                     __end_of__initialization:
   193                           	callstack 0
   194  0007BA  0E00               	movlw	low (__Lmediumconst shr (0+16))
   195  0007BC  6EF8               	movwf	tblptru,c
   196  0007BE  0100               	movlb	0
   197  0007C0  EF4E  F003         	goto	_main	;jump to C main() function
   198                           
   199                           	psect	bssCOMRAM
   200  00000C                     __pbssCOMRAM:
   201                           	callstack 0
   202  00000C                     _eusartRxLastError:
   203                           	callstack 0
   204  00000C                     	ds	1
   205                           
   206                           	psect	cstackCOMRAM
   207  000007                     __pcstackCOMRAM:
   208                           	callstack 0
   209  000007                     _EUSART_is_tx_ready$362:
   210                           	callstack 0
   211  000007                     EUSART_Write@txData:
   212                           	callstack 0
   213  000007                     EUSART_SetFramingErrorHandler@interruptHandler:
   214                           	callstack 0
   215  000007                     EUSART_SetOverrunErrorHandler@interruptHandler:
   216                           	callstack 0
   217  000007                     EUSART_SetErrorHandler@interruptHandler:
   218                           	callstack 0
   219                           
   220                           ; 2 bytes @ 0x0
   221  000007                     	ds	1
   222  000008                     USART_String_Transmit@string:
   223                           	callstack 0
   224                           
   225                           ; 2 bytes @ 0x1
   226  000008                     	ds	1
   227  000009                     
   228                           ; 1 bytes @ 0x2
   229  000009                     	ds	1
   230  00000A                     ??_main:
   231                           
   232                           ; 1 bytes @ 0x3
   233  00000A                     	ds	2
   234                           
   235 ;;
   236 ;;Main: autosize = 0, tempsize = 2, incstack = 0, save=0
   237 ;;
   238 ;; *************** function _main *****************
   239 ;; Defined at:
   240 ;;		line 16 in file "main.c"
   241 ;; Parameters:    Size  Location     Type
   242 ;;		None
   243 ;; Auto vars:     Size  Location     Type
   244 ;;		None
   245 ;; Return value:  Size  Location     Type
   246 ;;                  1    wreg      void 
   247 ;; Registers used:
   248 ;;		wreg, status,2, status,0, tblptrl, tblptrh, tblptru, cstack
   249 ;; Tracked objects:
   250 ;;		On entry : 0/0
   251 ;;		On exit  : 0/0
   252 ;;		Unchanged: 0/0
   253 ;; Data sizes:     COMRAM   BANK0   BANK1   BANK2   BANK3   BANK4   BANK5
   254 ;;      Params:         0       0       0       0       0       0       0
   255 ;;      Locals:         0       0       0       0       0       0       0
   256 ;;      Temps:          2       0       0       0       0       0       0
   257 ;;      Totals:         2       0       0       0       0       0       0
   258 ;;Total ram usage:        2 bytes
   259 ;; Hardware stack levels required when called: 3
   260 ;; This function calls:
   261 ;;		_SYSTEM_Initialize
   262 ;;		_USART_String_Transmit
   263 ;; This function is called by:
   264 ;;		Startup code after reset
   265 ;; This function uses a non-reentrant model
   266 ;;
   267                           
   268                           	psect	text0
   269  00069C                     __ptext0:
   270                           	callstack 0
   271  00069C                     _main:
   272                           	callstack 28
   273  00069C                     
   274                           ;main.c: 19: SYSTEM_Initialize();
   275  00069C  ECD5  F003         	call	_SYSTEM_Initialize	;wreg free
   276  0006A0                     l1062:
   277                           
   278                           ;main.c: 22: {;main.c: 23: if(PORTBbits.RB0 == 0){
   279  0006A0  B081               	btfsc	129,0,c	;volatile
   280  0006A2  EF55  F003         	goto	u161
   281  0006A6  EF57  F003         	goto	u160
   282  0006AA                     u161:
   283  0006AA  EF6A  F003         	goto	l1068
   284  0006AE                     u160:
   285  0006AE                     
   286                           ;main.c: 24: _delay((unsigned long)((100)*(20000000/4000.0)));
   287  0006AE  0E03               	movlw	3
   288  0006B0  6E0B               	movwf	(??_main+1)^0,c
   289  0006B2  0E8A               	movlw	138
   290  0006B4  6E0A               	movwf	??_main^0,c
   291  0006B6  0E56               	movlw	86
   292  0006B8                     u177:
   293  0006B8  2EE8               	decfsz	wreg,f,c
   294  0006BA  D7FE               	bra	u177
   295  0006BC  2E0A               	decfsz	??_main^0,f,c
   296  0006BE  D7FC               	bra	u177
   297  0006C0  2E0B               	decfsz	(??_main+1)^0,f,c
   298  0006C2  D7FA               	bra	u177
   299  0006C4                     
   300                           ;main.c: 25: USART_String_Transmit("\r\nSwitch Press Detected : )\r\n");
   301  0006C4  0E01               	movlw	low STR_1
   302  0006C6  6E08               	movwf	USART_String_Transmit@string^0,c
   303  0006C8  0E06               	movlw	high STR_1
   304  0006CA  6E09               	movwf	(USART_String_Transmit@string+1)^0,c
   305  0006CC  EC1F  F003         	call	_USART_String_Transmit	;wreg free
   306                           
   307                           ;main.c: 26: }
   308  0006D0  EF50  F003         	goto	l1062
   309  0006D4                     l1068:
   310                           
   311                           ;main.c: 27: else {;main.c: 28: USART_String_Transmit("\r\nSwitch Press Not Detected\r\n
      +                          ");
   312  0006D4  0E1F               	movlw	low STR_2
   313  0006D6  6E08               	movwf	USART_String_Transmit@string^0,c
   314  0006D8  0E06               	movlw	high STR_2
   315  0006DA  6E09               	movwf	(USART_String_Transmit@string+1)^0,c
   316  0006DC  EC1F  F003         	call	_USART_String_Transmit	;wreg free
   317  0006E0  EF50  F003         	goto	l1062
   318  0006E4  EF00  F000         	goto	start
   319  0006E8                     __end_of_main:
   320                           	callstack 0
   321                           
   322 ;; *************** function _USART_String_Transmit *****************
   323 ;; Defined at:
   324 ;;		line 34 in file "main.c"
   325 ;; Parameters:    Size  Location     Type
   326 ;;  string          2    1[COMRAM] PTR unsigned char 
   327 ;;		 -> STR_2(30), STR_1(30), 
   328 ;; Auto vars:     Size  Location     Type
   329 ;;		None
   330 ;; Return value:  Size  Location     Type
   331 ;;                  1    wreg      void 
   332 ;; Registers used:
   333 ;;		wreg, status,2, status,0, tblptrl, tblptrh, tblptru, cstack
   334 ;; Tracked objects:
   335 ;;		On entry : 0/0
   336 ;;		On exit  : 0/0
   337 ;;		Unchanged: 0/0
   338 ;; Data sizes:     COMRAM   BANK0   BANK1   BANK2   BANK3   BANK4   BANK5
   339 ;;      Params:         2       0       0       0       0       0       0
   340 ;;      Locals:         0       0       0       0       0       0       0
   341 ;;      Temps:          0       0       0       0       0       0       0
   342 ;;      Totals:         2       0       0       0       0       0       0
   343 ;;Total ram usage:        2 bytes
   344 ;; Hardware stack levels used: 1
   345 ;; Hardware stack levels required when called: 1
   346 ;; This function calls:
   347 ;;		_EUSART_Write
   348 ;;		_EUSART_is_tx_done
   349 ;;		_EUSART_is_tx_ready
   350 ;; This function is called by:
   351 ;;		_main
   352 ;; This function uses a non-reentrant model
   353 ;;
   354                           
   355                           	psect	text1
   356  00063E                     __ptext1:
   357                           	callstack 0
   358  00063E                     _USART_String_Transmit:
   359                           	callstack 29
   360  00063E                     l1050:
   361  00063E  ECAC  F003         	call	_EUSART_is_tx_ready	;wreg free
   362  000642  0900               	iorlw	0
   363  000644  B4D8               	btfsc	status,2,c
   364  000646  EF27  F003         	goto	u131
   365  00064A  EF29  F003         	goto	u130
   366  00064E                     u131:
   367  00064E  EF1F  F003         	goto	l1050
   368  000652                     u130:
   369  000652  EF35  F003         	goto	l1056
   370  000656                     l1052:
   371                           
   372                           ;main.c: 38: EUSART_Write(*string++);
   373  000656  C008  FFF6         	movff	USART_String_Transmit@string,tblptrl
   374  00065A  C009  FFF7         	movff	USART_String_Transmit@string+1,tblptrh
   375  00065E                     	if	0	;tblptru may be non-zero
   376  00065E                     	endif
   377  00065E                     	if	0	;tblptru may be non-zero
   378  00065E                     	endif
   379  00065E  0008               	tblrd		*
   380  000660  50F5               	movf	tablat,w,c
   381  000662  ECC0  F003         	call	_EUSART_Write
   382  000666  4A08               	infsnz	USART_String_Transmit@string^0,f,c
   383  000668  2A09               	incf	(USART_String_Transmit@string+1)^0,f,c
   384  00066A                     l1056:
   385  00066A  C008  FFF6         	movff	USART_String_Transmit@string,tblptrl
   386  00066E  C009  FFF7         	movff	USART_String_Transmit@string+1,tblptrh
   387  000672                     	if	0	;tblptru may be non-zero
   388  000672                     	endif
   389  000672                     	if	0	;tblptru may be non-zero
   390  000672                     	endif
   391  000672  0008               	tblrd		*
   392  000674  50F5               	movf	tablat,w,c
   393  000676  0900               	iorlw	0
   394  000678  A4D8               	btfss	status,2,c
   395  00067A  EF41  F003         	goto	u141
   396  00067E  EF43  F003         	goto	u140
   397  000682                     u141:
   398  000682  EF2B  F003         	goto	l1052
   399  000686                     u140:
   400  000686                     l1058:
   401  000686  ECCB  F003         	call	_EUSART_is_tx_done	;wreg free
   402  00068A  0900               	iorlw	0
   403  00068C  B4D8               	btfsc	status,2,c
   404  00068E  EF4B  F003         	goto	u151
   405  000692  EF4D  F003         	goto	u150
   406  000696                     u151:
   407  000696  EF43  F003         	goto	l1058
   408  00069A                     u150:
   409  00069A  0012               	return		;funcret
   410  00069C                     __end_of_USART_String_Transmit:
   411                           	callstack 0
   412                           
   413 ;; *************** function _EUSART_is_tx_ready *****************
   414 ;; Defined at:
   415 ;;		line 94 in file "mcc_generated_files/eusart.c"
   416 ;; Parameters:    Size  Location     Type
   417 ;;		None
   418 ;; Auto vars:     Size  Location     Type
   419 ;;		None
   420 ;; Return value:  Size  Location     Type
   421 ;;                  1    wreg      unsigned char 
   422 ;; Registers used:
   423 ;;		wreg, status,2
   424 ;; Tracked objects:
   425 ;;		On entry : 0/0
   426 ;;		On exit  : 0/0
   427 ;;		Unchanged: 0/0
   428 ;; Data sizes:     COMRAM   BANK0   BANK1   BANK2   BANK3   BANK4   BANK5
   429 ;;      Params:         0       0       0       0       0       0       0
   430 ;;      Locals:         1       0       0       0       0       0       0
   431 ;;      Temps:          0       0       0       0       0       0       0
   432 ;;      Totals:         1       0       0       0       0       0       0
   433 ;;Total ram usage:        1 bytes
   434 ;; Hardware stack levels used: 1
   435 ;; This function calls:
   436 ;;		Nothing
   437 ;; This function is called by:
   438 ;;		_USART_String_Transmit
   439 ;; This function uses a non-reentrant model
   440 ;;
   441                           
   442                           	psect	text2
   443  000758                     __ptext2:
   444                           	callstack 0
   445  000758                     _EUSART_is_tx_ready:
   446                           	callstack 29
   447  000758                     
   448                           ;eusart.c: 96: return (bool)(PIR1bits.TX1IF && TXSTAbits.TXEN);
   449  000758  0E00               	movlw	0
   450  00075A  6E07               	movwf	_EUSART_is_tx_ready$362^0,c
   451  00075C  A89E               	btfss	158,4,c	;volatile
   452  00075E  EFB3  F003         	goto	u111
   453  000762  EFB5  F003         	goto	u110
   454  000766                     u111:
   455  000766  EFBE  F003         	goto	l99
   456  00076A                     u110:
   457  00076A  AAAC               	btfss	172,5,c	;volatile
   458  00076C  EFBA  F003         	goto	u121
   459  000770  EFBC  F003         	goto	u120
   460  000774                     u121:
   461  000774  EFBE  F003         	goto	l99
   462  000778                     u120:
   463  000778  0E01               	movlw	1
   464  00077A  6E07               	movwf	_EUSART_is_tx_ready$362^0,c
   465  00077C                     l99:
   466  00077C  5007               	movf	_EUSART_is_tx_ready$362^0,w,c
   467  00077E  0012               	return		;funcret
   468  000780                     __end_of_EUSART_is_tx_ready:
   469                           	callstack 0
   470                           
   471 ;; *************** function _EUSART_is_tx_done *****************
   472 ;; Defined at:
   473 ;;		line 104 in file "mcc_generated_files/eusart.c"
   474 ;; Parameters:    Size  Location     Type
   475 ;;		None
   476 ;; Auto vars:     Size  Location     Type
   477 ;;		None
   478 ;; Return value:  Size  Location     Type
   479 ;;                  1    wreg      unsigned char 
   480 ;; Registers used:
   481 ;;		wreg
   482 ;; Tracked objects:
   483 ;;		On entry : 0/0
   484 ;;		On exit  : 0/0
   485 ;;		Unchanged: 0/0
   486 ;; Data sizes:     COMRAM   BANK0   BANK1   BANK2   BANK3   BANK4   BANK5
   487 ;;      Params:         0       0       0       0       0       0       0
   488 ;;      Locals:         0       0       0       0       0       0       0
   489 ;;      Temps:          0       0       0       0       0       0       0
   490 ;;      Totals:         0       0       0       0       0       0       0
   491 ;;Total ram usage:        0 bytes
   492 ;; Hardware stack levels used: 1
   493 ;; This function calls:
   494 ;;		Nothing
   495 ;; This function is called by:
   496 ;;		_USART_String_Transmit
   497 ;; This function uses a non-reentrant model
   498 ;;
   499                           
   500                           	psect	text3
   501  000796                     __ptext3:
   502                           	callstack 0
   503  000796                     _EUSART_is_tx_done:
   504                           	callstack 29
   505  000796                     
   506                           ;eusart.c: 106: return TXSTAbits.TRMT;
   507  000796  B2AC               	btfsc	172,1,c	;volatile
   508  000798  EFD0  F003         	goto	u31
   509  00079C  EFD3  F003         	goto	u30
   510  0007A0                     u31:
   511  0007A0  0E01               	movlw	1
   512  0007A2  EFD4  F003         	goto	u36
   513  0007A6                     u30:
   514  0007A6  0E00               	movlw	0
   515  0007A8                     u36:
   516  0007A8  0012               	return		;funcret
   517  0007AA                     __end_of_EUSART_is_tx_done:
   518                           	callstack 0
   519                           
   520 ;; *************** function _EUSART_Write *****************
   521 ;; Defined at:
   522 ;;		line 132 in file "mcc_generated_files/eusart.c"
   523 ;; Parameters:    Size  Location     Type
   524 ;;  txData          1    wreg     unsigned char 
   525 ;; Auto vars:     Size  Location     Type
   526 ;;  txData          1    0[COMRAM] unsigned char 
   527 ;; Return value:  Size  Location     Type
   528 ;;                  1    wreg      void 
   529 ;; Registers used:
   530 ;;		wreg
   531 ;; Tracked objects:
   532 ;;		On entry : 0/0
   533 ;;		On exit  : 0/0
   534 ;;		Unchanged: 0/0
   535 ;; Data sizes:     COMRAM   BANK0   BANK1   BANK2   BANK3   BANK4   BANK5
   536 ;;      Params:         0       0       0       0       0       0       0
   537 ;;      Locals:         1       0       0       0       0       0       0
   538 ;;      Temps:          0       0       0       0       0       0       0
   539 ;;      Totals:         1       0       0       0       0       0       0
   540 ;;Total ram usage:        1 bytes
   541 ;; Hardware stack levels used: 1
   542 ;; This function calls:
   543 ;;		Nothing
   544 ;; This function is called by:
   545 ;;		_USART_String_Transmit
   546 ;; This function uses a non-reentrant model
   547 ;;
   548                           
   549                           	psect	text4
   550  000780                     __ptext4:
   551                           	callstack 0
   552  000780                     _EUSART_Write:
   553                           	callstack 29
   554                           
   555                           ;incstack = 0
   556                           ;EUSART_Write@txData stored from wreg
   557  000780  6E07               	movwf	EUSART_Write@txData^0,c
   558  000782                     l119:
   559  000782  A89E               	btfss	158,4,c	;volatile
   560  000784  EFC6  F003         	goto	u41
   561  000788  EFC8  F003         	goto	u40
   562  00078C                     u41:
   563  00078C  EFC1  F003         	goto	l119
   564  000790                     u40:
   565  000790                     
   566                           ;eusart.c: 136: };eusart.c: 138: TXREG = txData;
   567  000790  C007  FFAD         	movff	EUSART_Write@txData,4013	;volatile
   568  000794  0012               	return		;funcret
   569  000796                     __end_of_EUSART_Write:
   570                           	callstack 0
   571                           
   572 ;; *************** function _SYSTEM_Initialize *****************
   573 ;; Defined at:
   574 ;;		line 50 in file "mcc_generated_files/mcc.c"
   575 ;; Parameters:    Size  Location     Type
   576 ;;		None
   577 ;; Auto vars:     Size  Location     Type
   578 ;;		None
   579 ;; Return value:  Size  Location     Type
   580 ;;                  1    wreg      void 
   581 ;; Registers used:
   582 ;;		wreg, status,2, status,0, cstack
   583 ;; Tracked objects:
   584 ;;		On entry : 0/0
   585 ;;		On exit  : 0/0
   586 ;;		Unchanged: 0/0
   587 ;; Data sizes:     COMRAM   BANK0   BANK1   BANK2   BANK3   BANK4   BANK5
   588 ;;      Params:         0       0       0       0       0       0       0
   589 ;;      Locals:         0       0       0       0       0       0       0
   590 ;;      Temps:          0       0       0       0       0       0       0
   591 ;;      Totals:         0       0       0       0       0       0       0
   592 ;;Total ram usage:        0 bytes
   593 ;; Hardware stack levels used: 1
   594 ;; Hardware stack levels required when called: 2
   595 ;; This function calls:
   596 ;;		_EUSART_Initialize
   597 ;;		_OSCILLATOR_Initialize
   598 ;;		_PIN_MANAGER_Initialize
   599 ;; This function is called by:
   600 ;;		_main
   601 ;; This function uses a non-reentrant model
   602 ;;
   603                           
   604                           	psect	text5
   605  0007AA                     __ptext5:
   606                           	callstack 0
   607  0007AA                     _SYSTEM_Initialize:
   608                           	callstack 28
   609  0007AA                     
   610                           ;mcc.c: 53: PIN_MANAGER_Initialize();
   611  0007AA  EC93  F003         	call	_PIN_MANAGER_Initialize	;wreg free
   612                           
   613                           ;mcc.c: 54: OSCILLATOR_Initialize();
   614  0007AE  ECE2  F003         	call	_OSCILLATOR_Initialize	;wreg free
   615  0007B2                     
   616                           ;mcc.c: 55: EUSART_Initialize();
   617  0007B2  EC74  F003         	call	_EUSART_Initialize	;wreg free
   618  0007B6  0012               	return		;funcret
   619  0007B8                     __end_of_SYSTEM_Initialize:
   620                           	callstack 0
   621                           
   622 ;; *************** function _PIN_MANAGER_Initialize *****************
   623 ;; Defined at:
   624 ;;		line 55 in file "mcc_generated_files/pin_manager.c"
   625 ;; Parameters:    Size  Location     Type
   626 ;;		None
   627 ;; Auto vars:     Size  Location     Type
   628 ;;		None
   629 ;; Return value:  Size  Location     Type
   630 ;;                  1    wreg      void 
   631 ;; Registers used:
   632 ;;		wreg, status,2
   633 ;; Tracked objects:
   634 ;;		On entry : 0/0
   635 ;;		On exit  : 0/0
   636 ;;		Unchanged: 0/0
   637 ;; Data sizes:     COMRAM   BANK0   BANK1   BANK2   BANK3   BANK4   BANK5
   638 ;;      Params:         0       0       0       0       0       0       0
   639 ;;      Locals:         0       0       0       0       0       0       0
   640 ;;      Temps:          0       0       0       0       0       0       0
   641 ;;      Totals:         0       0       0       0       0       0       0
   642 ;;Total ram usage:        0 bytes
   643 ;; Hardware stack levels used: 1
   644 ;; This function calls:
   645 ;;		Nothing
   646 ;; This function is called by:
   647 ;;		_SYSTEM_Initialize
   648 ;; This function uses a non-reentrant model
   649 ;;
   650                           
   651                           	psect	text6
   652  000726                     __ptext6:
   653                           	callstack 0
   654  000726                     _PIN_MANAGER_Initialize:
   655                           	callstack 29
   656  000726                     
   657                           ;pin_manager.c: 60: LATE = 0x00;
   658  000726  0E00               	movlw	0
   659  000728  6E8D               	movwf	141,c	;volatile
   660                           
   661                           ;pin_manager.c: 61: LATD = 0x00;
   662  00072A  0E00               	movlw	0
   663  00072C  6E8C               	movwf	140,c	;volatile
   664                           
   665                           ;pin_manager.c: 62: LATA = 0x00;
   666  00072E  0E00               	movlw	0
   667  000730  6E89               	movwf	137,c	;volatile
   668                           
   669                           ;pin_manager.c: 63: LATB = 0x00;
   670  000732  0E00               	movlw	0
   671  000734  6E8A               	movwf	138,c	;volatile
   672                           
   673                           ;pin_manager.c: 64: LATC = 0x00;
   674  000736  0E00               	movlw	0
   675  000738  6E8B               	movwf	139,c	;volatile
   676                           
   677                           ;pin_manager.c: 69: TRISE = 0x07;
   678  00073A  0E07               	movlw	7
   679  00073C  6E96               	movwf	150,c	;volatile
   680  00073E                     
   681                           ;pin_manager.c: 70: TRISA = 0xFF;
   682  00073E  6892               	setf	146,c	;volatile
   683  000740                     
   684                           ;pin_manager.c: 71: TRISB = 0xFF;
   685  000740  6893               	setf	147,c	;volatile
   686                           
   687                           ;pin_manager.c: 72: TRISC = 0xBF;
   688  000742  0EBF               	movlw	191
   689  000744  6E94               	movwf	148,c	;volatile
   690                           
   691                           ;pin_manager.c: 73: TRISD = 0x0F;
   692  000746  0E0F               	movlw	15
   693  000748  6E95               	movwf	149,c	;volatile
   694  00074A                     
   695                           ;pin_manager.c: 78: ANSEL = 0xFF;
   696  00074A  687E               	setf	126,c	;volatile
   697                           
   698                           ;pin_manager.c: 79: ANSELH = 0x0F;
   699  00074C  0E0F               	movlw	15
   700  00074E  6E7F               	movwf	127,c	;volatile
   701                           
   702                           ;pin_manager.c: 84: WPUB = 0x00;
   703  000750  0E00               	movlw	0
   704  000752  6E7C               	movwf	124,c	;volatile
   705  000754                     
   706                           ;pin_manager.c: 85: INTCON2bits.nRBPU = 1;
   707  000754  8EF1               	bsf	241,7,c	;volatile
   708  000756  0012               	return		;funcret
   709  000758                     __end_of_PIN_MANAGER_Initialize:
   710                           	callstack 0
   711                           
   712 ;; *************** function _OSCILLATOR_Initialize *****************
   713 ;; Defined at:
   714 ;;		line 58 in file "mcc_generated_files/mcc.c"
   715 ;; Parameters:    Size  Location     Type
   716 ;;		None
   717 ;; Auto vars:     Size  Location     Type
   718 ;;		None
   719 ;; Return value:  Size  Location     Type
   720 ;;                  1    wreg      void 
   721 ;; Registers used:
   722 ;;		wreg, status,2
   723 ;; Tracked objects:
   724 ;;		On entry : 0/0
   725 ;;		On exit  : 0/0
   726 ;;		Unchanged: 0/0
   727 ;; Data sizes:     COMRAM   BANK0   BANK1   BANK2   BANK3   BANK4   BANK5
   728 ;;      Params:         0       0       0       0       0       0       0
   729 ;;      Locals:         0       0       0       0       0       0       0
   730 ;;      Temps:          0       0       0       0       0       0       0
   731 ;;      Totals:         0       0       0       0       0       0       0
   732 ;;Total ram usage:        0 bytes
   733 ;; Hardware stack levels used: 1
   734 ;; This function calls:
   735 ;;		Nothing
   736 ;; This function is called by:
   737 ;;		_SYSTEM_Initialize
   738 ;; This function uses a non-reentrant model
   739 ;;
   740                           
   741                           	psect	text7
   742  0007C4                     __ptext7:
   743                           	callstack 0
   744  0007C4                     _OSCILLATOR_Initialize:
   745                           	callstack 29
   746  0007C4                     
   747                           ;mcc.c: 61: OSCCON = 0x60;
   748  0007C4  0E60               	movlw	96
   749  0007C6  6ED3               	movwf	211,c	;volatile
   750                           
   751                           ;mcc.c: 63: OSCTUNE = 0x00;
   752  0007C8  0E00               	movlw	0
   753  0007CA  6E9B               	movwf	155,c	;volatile
   754  0007CC  0012               	return		;funcret
   755  0007CE                     __end_of_OSCILLATOR_Initialize:
   756                           	callstack 0
   757                           
   758 ;; *************** function _EUSART_Initialize *****************
   759 ;; Defined at:
   760 ;;		line 66 in file "mcc_generated_files/eusart.c"
   761 ;; Parameters:    Size  Location     Type
   762 ;;		None
   763 ;; Auto vars:     Size  Location     Type
   764 ;;		None
   765 ;; Return value:  Size  Location     Type
   766 ;;                  1    wreg      void 
   767 ;; Registers used:
   768 ;;		wreg, status,2, status,0, cstack
   769 ;; Tracked objects:
   770 ;;		On entry : 0/0
   771 ;;		On exit  : 0/0
   772 ;;		Unchanged: 0/0
   773 ;; Data sizes:     COMRAM   BANK0   BANK1   BANK2   BANK3   BANK4   BANK5
   774 ;;      Params:         0       0       0       0       0       0       0
   775 ;;      Locals:         0       0       0       0       0       0       0
   776 ;;      Temps:          0       0       0       0       0       0       0
   777 ;;      Totals:         0       0       0       0       0       0       0
   778 ;;Total ram usage:        0 bytes
   779 ;; Hardware stack levels used: 1
   780 ;; Hardware stack levels required when called: 1
   781 ;; This function calls:
   782 ;;		_EUSART_SetErrorHandler
   783 ;;		_EUSART_SetFramingErrorHandler
   784 ;;		_EUSART_SetOverrunErrorHandler
   785 ;; This function is called by:
   786 ;;		_SYSTEM_Initialize
   787 ;; This function uses a non-reentrant model
   788 ;;
   789                           
   790                           	psect	text8
   791  0006E8                     __ptext8:
   792                           	callstack 0
   793  0006E8                     _EUSART_Initialize:
   794                           	callstack 28
   795  0006E8                     
   796                           ;eusart.c: 71: BAUDCON = 0x08;
   797  0006E8  0E08               	movlw	8
   798  0006EA  6EB8               	movwf	184,c	;volatile
   799                           
   800                           ;eusart.c: 74: RCSTA = 0x90;
   801  0006EC  0E90               	movlw	144
   802  0006EE  6EAB               	movwf	171,c	;volatile
   803                           
   804                           ;eusart.c: 77: TXSTA = 0x24;
   805  0006F0  0E24               	movlw	36
   806  0006F2  6EAC               	movwf	172,c	;volatile
   807                           
   808                           ;eusart.c: 80: SPBRG = 0x08;
   809  0006F4  0E08               	movlw	8
   810  0006F6  6EAF               	movwf	175,c	;volatile
   811                           
   812                           ;eusart.c: 83: SPBRGH = 0x02;
   813  0006F8  0E02               	movlw	2
   814  0006FA  6EB0               	movwf	176,c	;volatile
   815  0006FC                     
   816                           ;eusart.c: 86: EUSART_SetFramingErrorHandler(EUSART_DefaultFramingErrorHandler);
   817  0006FC  0E00               	movlw	0
   818  0006FE  6E07               	movwf	EUSART_SetFramingErrorHandler@interruptHandler^0,c
   819  000700  0E00               	movlw	0
   820  000702  6E08               	movwf	(EUSART_SetFramingErrorHandler@interruptHandler+1)^0,c
   821  000704  ECEC  F003         	call	_EUSART_SetFramingErrorHandler	;wreg free
   822  000708                     
   823                           ;eusart.c: 87: EUSART_SetOverrunErrorHandler(EUSART_DefaultOverrunErrorHandler);
   824  000708  0E00               	movlw	0
   825  00070A  6E07               	movwf	EUSART_SetOverrunErrorHandler@interruptHandler^0,c
   826  00070C  0E00               	movlw	0
   827  00070E  6E08               	movwf	(EUSART_SetOverrunErrorHandler@interruptHandler+1)^0,c
   828  000710  ECE7  F003         	call	_EUSART_SetOverrunErrorHandler	;wreg free
   829  000714                     
   830                           ;eusart.c: 88: EUSART_SetErrorHandler(EUSART_DefaultErrorHandler);
   831  000714  0E00               	movlw	0
   832  000716  6E07               	movwf	EUSART_SetErrorHandler@interruptHandler^0,c
   833  000718  0E00               	movlw	0
   834  00071A  6E08               	movwf	(EUSART_SetErrorHandler@interruptHandler+1)^0,c
   835  00071C  ECF1  F003         	call	_EUSART_SetErrorHandler	;wreg free
   836  000720                     
   837                           ;eusart.c: 90: eusartRxLastError.status = 0;
   838  000720  0E00               	movlw	0
   839  000722  6E0C               	movwf	_eusartRxLastError^0,c	;volatile
   840  000724  0012               	return		;funcret
   841  000726                     __end_of_EUSART_Initialize:
   842                           	callstack 0
   843                           
   844 ;; *************** function _EUSART_SetOverrunErrorHandler *****************
   845 ;; Defined at:
   846 ;;		line 161 in file "mcc_generated_files/eusart.c"
   847 ;; Parameters:    Size  Location     Type
   848 ;;  interruptHan    2    0[COMRAM] PTR FTN()void 
   849 ;;		 -> EUSART_DefaultOverrunErrorHandler(1), 
   850 ;; Auto vars:     Size  Location     Type
   851 ;;		None
   852 ;; Return value:  Size  Location     Type
   853 ;;                  1    wreg      void 
   854 ;; Registers used:
   855 ;;		wreg, status,2, status,0
   856 ;; Tracked objects:
   857 ;;		On entry : 0/0
   858 ;;		On exit  : 0/0
   859 ;;		Unchanged: 0/0
   860 ;; Data sizes:     COMRAM   BANK0   BANK1   BANK2   BANK3   BANK4   BANK5
   861 ;;      Params:         2       0       0       0       0       0       0
   862 ;;      Locals:         0       0       0       0       0       0       0
   863 ;;      Temps:          0       0       0       0       0       0       0
   864 ;;      Totals:         2       0       0       0       0       0       0
   865 ;;Total ram usage:        2 bytes
   866 ;; Hardware stack levels used: 1
   867 ;; This function calls:
   868 ;;		Nothing
   869 ;; This function is called by:
   870 ;;		_EUSART_Initialize
   871 ;; This function uses a non-reentrant model
   872 ;;
   873                           
   874                           	psect	text9
   875  0007CE                     __ptext9:
   876                           	callstack 0
   877  0007CE                     _EUSART_SetOverrunErrorHandler:
   878                           	callstack 28
   879  0007CE                     
   880                           ;eusart.c: 162: EUSART_OverrunErrorHandler = interruptHandler;
   881  0007CE  C007  F003         	movff	EUSART_SetOverrunErrorHandler@interruptHandler,_EUSART_OverrunErrorHandler
   882  0007D2  C008  F004         	movff	EUSART_SetOverrunErrorHandler@interruptHandler+1,_EUSART_OverrunErrorHandler+1
   883  0007D6  0012               	return		;funcret
   884  0007D8                     __end_of_EUSART_SetOverrunErrorHandler:
   885                           	callstack 0
   886                           
   887 ;; *************** function _EUSART_SetFramingErrorHandler *****************
   888 ;; Defined at:
   889 ;;		line 157 in file "mcc_generated_files/eusart.c"
   890 ;; Parameters:    Size  Location     Type
   891 ;;  interruptHan    2    0[COMRAM] PTR FTN()void 
   892 ;;		 -> EUSART_DefaultFramingErrorHandler(1), 
   893 ;; Auto vars:     Size  Location     Type
   894 ;;		None
   895 ;; Return value:  Size  Location     Type
   896 ;;                  1    wreg      void 
   897 ;; Registers used:
   898 ;;		wreg, status,2, status,0
   899 ;; Tracked objects:
   900 ;;		On entry : 0/0
   901 ;;		On exit  : 0/0
   902 ;;		Unchanged: 0/0
   903 ;; Data sizes:     COMRAM   BANK0   BANK1   BANK2   BANK3   BANK4   BANK5
   904 ;;      Params:         2       0       0       0       0       0       0
   905 ;;      Locals:         0       0       0       0       0       0       0
   906 ;;      Temps:          0       0       0       0       0       0       0
   907 ;;      Totals:         2       0       0       0       0       0       0
   908 ;;Total ram usage:        2 bytes
   909 ;; Hardware stack levels used: 1
   910 ;; This function calls:
   911 ;;		Nothing
   912 ;; This function is called by:
   913 ;;		_EUSART_Initialize
   914 ;; This function uses a non-reentrant model
   915 ;;
   916                           
   917                           	psect	text10
   918  0007D8                     __ptext10:
   919                           	callstack 0
   920  0007D8                     _EUSART_SetFramingErrorHandler:
   921                           	callstack 28
   922  0007D8                     
   923                           ;eusart.c: 158: EUSART_FramingErrorHandler = interruptHandler;
   924  0007D8  C007  F005         	movff	EUSART_SetFramingErrorHandler@interruptHandler,_EUSART_FramingErrorHandler
   925  0007DC  C008  F006         	movff	EUSART_SetFramingErrorHandler@interruptHandler+1,_EUSART_FramingErrorHandler+1
   926  0007E0  0012               	return		;funcret
   927  0007E2                     __end_of_EUSART_SetFramingErrorHandler:
   928                           	callstack 0
   929                           
   930 ;; *************** function _EUSART_SetErrorHandler *****************
   931 ;; Defined at:
   932 ;;		line 165 in file "mcc_generated_files/eusart.c"
   933 ;; Parameters:    Size  Location     Type
   934 ;;  interruptHan    2    0[COMRAM] PTR FTN()void 
   935 ;;		 -> EUSART_DefaultErrorHandler(1), 
   936 ;; Auto vars:     Size  Location     Type
   937 ;;		None
   938 ;; Return value:  Size  Location     Type
   939 ;;                  1    wreg      void 
   940 ;; Registers used:
   941 ;;		wreg, status,2, status,0
   942 ;; Tracked objects:
   943 ;;		On entry : 0/0
   944 ;;		On exit  : 0/0
   945 ;;		Unchanged: 0/0
   946 ;; Data sizes:     COMRAM   BANK0   BANK1   BANK2   BANK3   BANK4   BANK5
   947 ;;      Params:         2       0       0       0       0       0       0
   948 ;;      Locals:         0       0       0       0       0       0       0
   949 ;;      Temps:          0       0       0       0       0       0       0
   950 ;;      Totals:         2       0       0       0       0       0       0
   951 ;;Total ram usage:        2 bytes
   952 ;; Hardware stack levels used: 1
   953 ;; This function calls:
   954 ;;		Nothing
   955 ;; This function is called by:
   956 ;;		_EUSART_Initialize
   957 ;; This function uses a non-reentrant model
   958 ;;
   959                           
   960                           	psect	text11
   961  0007E2                     __ptext11:
   962                           	callstack 0
   963  0007E2                     _EUSART_SetErrorHandler:
   964                           	callstack 28
   965  0007E2                     
   966                           ;eusart.c: 166: EUSART_ErrorHandler = interruptHandler;
   967  0007E2  C007  F001         	movff	EUSART_SetErrorHandler@interruptHandler,_EUSART_ErrorHandler
   968  0007E6  C008  F002         	movff	EUSART_SetErrorHandler@interruptHandler+1,_EUSART_ErrorHandler+1
   969  0007EA  0012               	return		;funcret
   970  0007EC                     __end_of_EUSART_SetErrorHandler:
   971                           	callstack 0
   972                           
   973                           	psect	rparam
   974  0000                     
   975                           	psect	idloc
   976                           
   977                           ;Config register IDLOC0 @ 0x200000
   978                           ;	unspecified, using default values
   979  200000                     	org	2097152
   980  200000  FF                 	db	255
   981                           
   982                           ;Config register IDLOC1 @ 0x200001
   983                           ;	unspecified, using default values
   984  200001                     	org	2097153
   985  200001  FF                 	db	255
   986                           
   987                           ;Config register IDLOC2 @ 0x200002
   988                           ;	unspecified, using default values
   989  200002                     	org	2097154
   990  200002  FF                 	db	255
   991                           
   992                           ;Config register IDLOC3 @ 0x200003
   993                           ;	unspecified, using default values
   994  200003                     	org	2097155
   995  200003  FF                 	db	255
   996                           
   997                           ;Config register IDLOC4 @ 0x200004
   998                           ;	unspecified, using default values
   999  200004                     	org	2097156
  1000  200004  FF                 	db	255
  1001                           
  1002                           ;Config register IDLOC5 @ 0x200005
  1003                           ;	unspecified, using default values
  1004  200005                     	org	2097157
  1005  200005  FF                 	db	255
  1006                           
  1007                           ;Config register IDLOC6 @ 0x200006
  1008                           ;	unspecified, using default values
  1009  200006                     	org	2097158
  1010  200006  FF                 	db	255
  1011                           
  1012                           ;Config register IDLOC7 @ 0x200007
  1013                           ;	unspecified, using default values
  1014  200007                     	org	2097159
  1015  200007  FF                 	db	255
  1016                           
  1017                           	psect	config
  1018                           
  1019                           ; Padding undefined space
  1020  300000                     	org	3145728
  1021  300000  FF                 	db	255
  1022                           
  1023                           ;Config register CONFIG1H @ 0x300001
  1024                           ;	Oscillator Selection bits
  1025                           ;	FOSC = HS, HS oscillator
  1026                           ;	Fail-Safe Clock Monitor Enable bit
  1027                           ;	FCMEN = OFF, Fail-Safe Clock Monitor disabled
  1028                           ;	Internal/External Oscillator Switchover bit
  1029                           ;	IESO = OFF, Oscillator Switchover mode disabled
  1030  300001                     	org	3145729
  1031  300001  02                 	db	2
  1032                           
  1033                           ;Config register CONFIG2L @ 0x300002
  1034                           ;	Power-up Timer Enable bit
  1035                           ;	PWRT = OFF, PWRT disabled
  1036                           ;	Brown-out Reset Enable bits
  1037                           ;	BOREN = SBORDIS, Brown-out Reset enabled in hardware only (SBOREN is disabled)
  1038                           ;	Brown Out Reset Voltage bits
  1039                           ;	BORV = 18, VBOR set to 1.8 V nominal
  1040  300002                     	org	3145730
  1041  300002  1F                 	db	31
  1042                           
  1043                           ;Config register CONFIG2H @ 0x300003
  1044                           ;	Watchdog Timer Enable bit
  1045                           ;	WDTEN = OFF, WDT is controlled by SWDTEN bit of the WDTCON register
  1046                           ;	Watchdog Timer Postscale Select bits
  1047                           ;	WDTPS = 32768, 1:32768
  1048  300003                     	org	3145731
  1049  300003  1E                 	db	30
  1050                           
  1051                           ; Padding undefined space
  1052  300004                     	org	3145732
  1053  300004  FF                 	db	255
  1054                           
  1055                           ;Config register CONFIG3H @ 0x300005
  1056                           ;	CCP2 MUX bit
  1057                           ;	CCP2MX = PORTC, CCP2 input/output is multiplexed with RC1
  1058                           ;	PORTB A/D Enable bit
  1059                           ;	PBADEN = ON, PORTB<4:0> pins are configured as analog input channels on Reset
  1060                           ;	Low-Power Timer1 Oscillator Enable bit
  1061                           ;	LPT1OSC = OFF, Timer1 configured for higher power operation
  1062                           ;	HFINTOSC Fast Start-up
  1063                           ;	HFOFST = ON, HFINTOSC starts clocking the CPU without waiting for the oscillator to st
      +                          ablize.
  1064                           ;	MCLR Pin Enable bit
  1065                           ;	MCLRE = ON, MCLR pin enabled; RE3 input pin disabled
  1066  300005                     	org	3145733
  1067  300005  8B                 	db	139
  1068                           
  1069                           ;Config register CONFIG4L @ 0x300006
  1070                           ;	Stack Full/Underflow Reset Enable bit
  1071                           ;	STVREN = ON, Stack full/underflow will cause Reset
  1072                           ;	Single-Supply ICSP Enable bit
  1073                           ;	LVP = OFF, Single-Supply ICSP disabled
  1074                           ;	Extended Instruction Set Enable bit
  1075                           ;	XINST = OFF, Instruction set extension and Indexed Addressing mode disabled (Legacy mo
      +                          de)
  1076                           ;	Background Debugger Enable bit
  1077                           ;	DEBUG = OFF, Background debugger disabled, RB6 and RB7 configured as general purpose I
      +                          /O pins
  1078  300006                     	org	3145734
  1079  300006  81                 	db	129
  1080                           
  1081                           ; Padding undefined space
  1082  300007                     	org	3145735
  1083  300007  FF                 	db	255
  1084                           
  1085                           ;Config register CONFIG5L @ 0x300008
  1086                           ;	Code Protection Block 0
  1087                           ;	CP0 = OFF, Block 0 (000800-001FFFh) not code-protected
  1088                           ;	Code Protection Block 1
  1089                           ;	CP1 = OFF, Block 1 (002000-003FFFh) not code-protected
  1090                           ;	Code Protection Block 2
  1091                           ;	CP2 = OFF, Block 2 (004000-005FFFh) not code-protected
  1092                           ;	Code Protection Block 3
  1093                           ;	CP3 = OFF, Block 3 (006000-007FFFh) not code-protected
  1094  300008                     	org	3145736
  1095  300008  0F                 	db	15
  1096                           
  1097                           ;Config register CONFIG5H @ 0x300009
  1098                           ;	Boot Block Code Protection bit
  1099                           ;	CPB = OFF, Boot block (000000-0007FFh) not code-protected
  1100                           ;	Data EEPROM Code Protection bit
  1101                           ;	CPD = OFF, Data EEPROM not code-protected
  1102  300009                     	org	3145737
  1103  300009  C0                 	db	192
  1104                           
  1105                           ;Config register CONFIG6L @ 0x30000A
  1106                           ;	Write Protection Block 0
  1107                           ;	WRT0 = OFF, Block 0 (000800-001FFFh) not write-protected
  1108                           ;	Write Protection Block 1
  1109                           ;	WRT1 = OFF, Block 1 (002000-003FFFh) not write-protected
  1110                           ;	Write Protection Block 2
  1111                           ;	WRT2 = OFF, Block 2 (004000-005FFFh) not write-protected
  1112                           ;	Write Protection Block 3
  1113                           ;	WRT3 = OFF, Block 3 (006000-007FFFh) not write-protected
  1114  30000A                     	org	3145738
  1115  30000A  0F                 	db	15
  1116                           
  1117                           ;Config register CONFIG6H @ 0x30000B
  1118                           ;	Configuration Register Write Protection bit
  1119                           ;	WRTC = OFF, Configuration registers (300000-3000FFh) not write-protected
  1120                           ;	Boot Block Write Protection bit
  1121                           ;	WRTB = OFF, Boot Block (000000-0007FFh) not write-protected
  1122                           ;	Data EEPROM Write Protection bit
  1123                           ;	WRTD = OFF, Data EEPROM not write-protected
  1124  30000B                     	org	3145739
  1125  30000B  E0                 	db	224
  1126                           
  1127                           ;Config register CONFIG7L @ 0x30000C
  1128                           ;	Table Read Protection Block 0
  1129                           ;	EBTR0 = OFF, Block 0 (000800-001FFFh) not protected from table reads executed in other
      +                           blocks
  1130                           ;	Table Read Protection Block 1
  1131                           ;	EBTR1 = OFF, Block 1 (002000-003FFFh) not protected from table reads executed in other
      +                           blocks
  1132                           ;	Table Read Protection Block 2
  1133                           ;	EBTR2 = OFF, Block 2 (004000-005FFFh) not protected from table reads executed in other
      +                           blocks
  1134                           ;	Table Read Protection Block 3
  1135                           ;	EBTR3 = OFF, Block 3 (006000-007FFFh) not protected from table reads executed in other
      +                           blocks
  1136  30000C                     	org	3145740
  1137  30000C  0F                 	db	15
  1138                           
  1139                           ;Config register CONFIG7H @ 0x30000D
  1140                           ;	Boot Block Table Read Protection bit
  1141                           ;	EBTRB = OFF, Boot Block (000000-0007FFh) not protected from table reads executed in ot
      +                          her blocks
  1142  30000D                     	org	3145741
  1143  30000D  40                 	db	64
  1144                           tosu	equ	0xFFF
  1145                           tosh	equ	0xFFE
  1146                           tosl	equ	0xFFD
  1147                           stkptr	equ	0xFFC
  1148                           pclatu	equ	0xFFB
  1149                           pclath	equ	0xFFA
  1150                           pcl	equ	0xFF9
  1151                           tblptru	equ	0xFF8
  1152                           tblptrh	equ	0xFF7
  1153                           tblptrl	equ	0xFF6
  1154                           tablat	equ	0xFF5
  1155                           prodh	equ	0xFF4
  1156                           prodl	equ	0xFF3
  1157                           indf0	equ	0xFEF
  1158                           postinc0	equ	0xFEE
  1159                           postdec0	equ	0xFED
  1160                           preinc0	equ	0xFEC
  1161                           plusw0	equ	0xFEB
  1162                           fsr0h	equ	0xFEA
  1163                           fsr0l	equ	0xFE9
  1164                           wreg	equ	0xFE8
  1165                           indf1	equ	0xFE7
  1166                           postinc1	equ	0xFE6
  1167                           postdec1	equ	0xFE5
  1168                           preinc1	equ	0xFE4
  1169                           plusw1	equ	0xFE3
  1170                           fsr1h	equ	0xFE2
  1171                           fsr1l	equ	0xFE1
  1172                           bsr	equ	0xFE0
  1173                           indf2	equ	0xFDF
  1174                           postinc2	equ	0xFDE
  1175                           postdec2	equ	0xFDD
  1176                           preinc2	equ	0xFDC
  1177                           plusw2	equ	0xFDB
  1178                           fsr2h	equ	0xFDA
  1179                           fsr2l	equ	0xFD9
  1180                           status	equ	0xFD8

Data Sizes:
    Strings     60
    Constant    0
    Data        0
    BSS         1
    Persistent  6
    Stack       0

Auto Spaces:
    Space          Size  Autos    Used
    COMRAM           95      5      12
    BANK0           160      0       0
    BANK1           256      0       0
    BANK2           256      0       0
    BANK3           256      0       0
    BANK4           256      0       0
    BANK5           256      0       0

Pointer List with Targets:

    USART_String_Transmit@string	PTR unsigned char  size(2) Largest target is 30
		 -> STR_2(CODE[30]), STR_1(CODE[30]), 

    EUSART_SetErrorHandler@interruptHandler	PTR FTN()void  size(2) Largest target is 1
		 -> EUSART_DefaultErrorHandler(), 

    EUSART_ErrorHandler	PTR FTN()void  size(2) Largest target is 1
		 -> Absolute function(), EUSART_DefaultErrorHandler(), 

    EUSART_SetOverrunErrorHandler@interruptHandler	PTR FTN()void  size(2) Largest target is 1
		 -> EUSART_DefaultOverrunErrorHandler(), 

    EUSART_OverrunErrorHandler	PTR FTN()void  size(2) Largest target is 1
		 -> Absolute function(), EUSART_DefaultOverrunErrorHandler(), 

    EUSART_SetFramingErrorHandler@interruptHandler	PTR FTN()void  size(2) Largest target is 1
		 -> EUSART_DefaultFramingErrorHandler(), 

    EUSART_FramingErrorHandler	PTR FTN()void  size(2) Largest target is 1
		 -> Absolute function(), EUSART_DefaultFramingErrorHandler(), 


Critical Paths under _main in COMRAM

    _main->_USART_String_Transmit
    _USART_String_Transmit->_EUSART_Write
    _USART_String_Transmit->_EUSART_is_tx_ready
    _EUSART_Initialize->_EUSART_SetErrorHandler
    _EUSART_Initialize->_EUSART_SetFramingErrorHandler
    _EUSART_Initialize->_EUSART_SetOverrunErrorHandler

Critical Paths under _main in BANK0

    None.

Critical Paths under _main in BANK1

    None.

Critical Paths under _main in BANK2

    None.

Critical Paths under _main in BANK3

    None.

Critical Paths under _main in BANK4

    None.

Critical Paths under _main in BANK5

    None.

Call Graph Tables:

 ---------------------------------------------------------------------------------
 (Depth) Function   	        Calls       Base Space   Used Autos Params    Refs
 ---------------------------------------------------------------------------------
 (0) _main                                                 2     2      0     530
                                              3 COMRAM     2     2      0
                  _SYSTEM_Initialize
              _USART_String_Transmit
 ---------------------------------------------------------------------------------
 (1) _USART_String_Transmit                                2     0      2     236
                                              1 COMRAM     2     0      2
                       _EUSART_Write
                  _EUSART_is_tx_done
                 _EUSART_is_tx_ready
 ---------------------------------------------------------------------------------
 (2) _EUSART_is_tx_ready                                   1     1      0      24
                                              0 COMRAM     1     1      0
 ---------------------------------------------------------------------------------
 (2) _EUSART_is_tx_done                                    0     0      0       0
 ---------------------------------------------------------------------------------
 (2) _EUSART_Write                                         1     1      0      15
                                              0 COMRAM     1     1      0
 ---------------------------------------------------------------------------------
 (1) _SYSTEM_Initialize                                    0     0      0     294
                  _EUSART_Initialize
              _OSCILLATOR_Initialize
             _PIN_MANAGER_Initialize
 ---------------------------------------------------------------------------------
 (2) _PIN_MANAGER_Initialize                               0     0      0       0
 ---------------------------------------------------------------------------------
 (2) _OSCILLATOR_Initialize                                0     0      0       0
 ---------------------------------------------------------------------------------
 (2) _EUSART_Initialize                                    0     0      0     294
             _EUSART_SetErrorHandler
      _EUSART_SetFramingErrorHandler
      _EUSART_SetOverrunErrorHandler
 ---------------------------------------------------------------------------------
 (3) _EUSART_SetOverrunErrorHandler                        2     0      2      98
                                              0 COMRAM     2     0      2
 ---------------------------------------------------------------------------------
 (3) _EUSART_SetFramingErrorHandler                        2     0      2      98
                                              0 COMRAM     2     0      2
 ---------------------------------------------------------------------------------
 (3) _EUSART_SetErrorHandler                               2     0      2      98
                                              0 COMRAM     2     0      2
 ---------------------------------------------------------------------------------
 Estimated maximum stack depth 3
 ---------------------------------------------------------------------------------

 Call Graph Graphs:

 _main (ROOT)
   _SYSTEM_Initialize
     _EUSART_Initialize
       _EUSART_SetErrorHandler
       _EUSART_SetFramingErrorHandler
       _EUSART_SetOverrunErrorHandler
     _OSCILLATOR_Initialize
     _PIN_MANAGER_Initialize
   _USART_String_Transmit
     _EUSART_Write
     _EUSART_is_tx_done
     _EUSART_is_tx_ready

 Address spaces:
Name               Size   Autos  Total    Cost      Usage
BIGRAM             5FF      0       0      29        0.0%
EEDATA             100      0       0       0        0.0%
BITBANK5           100      0       0      14        0.0%
BANK5              100      0       0      15        0.0%
BITBANK4           100      0       0      12        0.0%
BANK4              100      0       0      13        0.0%
BITBANK3           100      0       0      10        0.0%
BANK3              100      0       0      11        0.0%
BITBANK2           100      0       0       8        0.0%
BANK2              100      0       0       9        0.0%
BITBANK1           100      0       0       6        0.0%
BANK1              100      0       0       7        0.0%
BITBANK0            A0      0       0       4        0.0%
BANK0               A0      0       0       5        0.0%
BITCOMRAM           5F      0       0       0        0.0%
COMRAM              5F      5       C       1       12.6%
BITBIGSFRhl         1D      0       0      17        0.0%
BITBIGSFRllllll     1C      0       0      27        0.0%
BITBIGSFRlhh        1A      0       0      18        0.0%
BITBIGSFRhh          D      0       0      16        0.0%
BITBIGSFRlhllh       C      0       0      20        0.0%
BITBIGSFRllllhh      7      0       0      24        0.0%
BITBIGSFRlhlhh       7      0       0      19        0.0%
BITBIGSFRllhh        4      0       0      22        0.0%
BITBIGSFRllhll       4      0       0      23        0.0%
BITBIGSFRlhlll       2      0       0      21        0.0%
BITBIGSFRlllllh      1      0       0      26        0.0%
BITBIGSFRllllhl      1      0       0      25        0.0%
BIGSFR               0      0       0     200        0.0%
BITSFR               0      0       0     200        0.0%
SFR                  0      0       0     200        0.0%
STACK                0      0       0       2        0.0%
NULL                 0      0       0       0        0.0%
ABS                  0      0       C      28        0.0%
DATA                 0      0       C       3        0.0%
CODE                 0      0       0       0        0.0%


Microchip Technology PIC18 Macro Assembler V2.36 build 20220127204148 
Symbol Table                                                                                   Sun Jan 22 12:20:44 2023

                                           l13 07B6                                             l16 07CC  
                                           l49 0756                                             l95 0724  
                                           l99 077C                                             u30 07A6  
                                           u31 07A0                                             u40 0790  
                                           u41 078C                                             u36 07A8  
                                          l100 077E                                            l122 0794  
                                          l106 07A8                                            l140 07EA  
                                          l134 07E0                                            l119 0782  
                                          l137 07D6                                            l176 069A  
                                          l930 0726                                            l940 07C4  
                                          l932 073E                                            l934 0740  
                                          l936 074A                                            l938 0754  
                                          l962 0796                                            l966 0782  
                                          l968 0790                                            u110 076A  
                                          u111 0766                                            u120 0778  
                                          u121 0774                                            u130 0652  
                                          u131 064E                                            u140 0686  
                                          u141 0682                                            u150 069A  
                                          u151 0696                                            u160 06AE  
                                          u161 06AA                                            u177 06B8  
               ?_EUSART_SetFramingErrorHandler 0007                                            wreg 000FE8  
                                         l1020 07CE                                           l1022 07E2  
                                         l1030 0714                                           l1032 0720  
                                         l1024 06E8                                           l1040 0778  
                                         l1018 07D8                                           l1026 06FC  
                                         l1034 0758                                           l1050 063E  
                                         l1028 0708                                           l1044 07AA  
                                         l1036 075C                                           l1052 0656  
                                         l1060 069C                                           l1046 07B2  
                                         l1038 076A                                           l1054 0666  
                                         l1062 06A0                                           l1056 066A  
                                         l1048 063E                                           l1064 06AE  
                                         l1058 0686                                           l1066 06C4  
                                         l1068 06D4                                           STR_1 0601  
                                         STR_2 061F                                           _LATA 000F89  
                                         _LATB 000F8A                                           _LATC 000F8B  
                                         _LATD 000F8C                                           _LATE 000F8D  
                                         _WPUB 000F7C                                           _main 069C  
                                         start 0000                                   ___param_bank 000000  
                                ?_EUSART_Write 0007                  __end_of_OSCILLATOR_Initialize 07CE  
                                        ?_main 0007                                          _ANSEL 000F7E  
                                        _RCREG 000FAE                                          _RCSTA 000FAB  
                                        _SPBRG 000FAF                                          _TRISA 000F92  
                                        _TRISB 000F93                                          _TRISC 000F94  
                                        _TRISD 000F95                                          _TRISE 000F96  
                                        _TXREG 000FAD                                          _TXSTA 000FAC  
                       ?_USART_String_Transmit 0008                                          tablat 000FF5  
                                        status 000FD8                                __initialization 07B8  
                                 __end_of_main 06E8                                 ??_EUSART_Write 0007  
                                       ??_main 000A                                  __activetblptr 000002  
            _EUSART_DefaultFramingErrorHandler 000000                     _EUSART_OverrunErrorHandler 0003  
                                       _ANSELH 000F7F                     __end_of_EUSART_is_tx_ready 0780  
                                       _OSCCON 000FD3                                         _SPBRGH 000FB0  
                                       isa$std 000001                                   __mediumconst 0000  
                                       tblptrh 000FF7                                         tblptrl 000FF6  
                                       tblptru 000FF8                              _SYSTEM_Initialize 07AA  
                                   __accesstop 0060                        __end_of__initialization 07BA  
                           ?_SYSTEM_Initialize 0007                                  ___rparam_used 000001  
                               __pcstackCOMRAM 0007                            ??_SYSTEM_Initialize 0009  
              ??_EUSART_SetOverrunErrorHandler 0009                      __end_of_SYSTEM_Initialize 07B8  
                         __end_of_EUSART_Write 0796                                     __pnvCOMRAM 0001  
                                      _BAUDCON 000FB8                        ??_USART_String_Transmit 000A  
                                      _OSCTUNE 000F9B                       ??_EUSART_SetErrorHandler 0009  
                                      __Hparam 0000                                        __Lparam 0000  
                                 __psmallconst 0600                                        __pcinit 07B8  
                                      __ramtop 0600                                        __ptext0 069C  
                                      __ptext1 063E                                        __ptext2 0758  
                                      __ptext3 0796                                        __ptext4 0780  
                                      __ptext5 07AA                                        __ptext6 0726  
                                      __ptext7 07C4                                        __ptext8 06E8  
                                      __ptext9 07CE                          _OSCILLATOR_Initialize 07C4  
                     ??_PIN_MANAGER_Initialize 0007                           end_of_initialization 07BA  
        __end_of_EUSART_SetOverrunErrorHandler 07D8                  _EUSART_SetOverrunErrorHandler 07CE  
                                __Lmediumconst 0000                              _EUSART_Initialize 06E8  
                           ?_EUSART_Initialize 0007                                      _RCSTAbits 000FAB  
                           _EUSART_is_tx_ready 0758                            ??_EUSART_Initialize 0009  
                                    _PORTBbits 000F81                            ?_EUSART_is_tx_ready 0007  
                    __end_of_EUSART_Initialize 0726                           ??_EUSART_is_tx_ready 0007  
                                    _TXSTAbits 000FAC                     _EUSART_DefaultErrorHandler 000000  
                                 _EUSART_Write 0780                         ?_OSCILLATOR_Initialize 0007  
                          start_initialization 07B8                         _EUSART_is_tx_ready$362 0007  
               ?_EUSART_SetOverrunErrorHandler 0007                     _EUSART_FramingErrorHandler 0005  
                       _EUSART_SetErrorHandler 07E2                                    __pbssCOMRAM 000C  
                __end_of_USART_String_Transmit 069C                         _PIN_MANAGER_Initialize 0726  
                                  __smallconst 0600         EUSART_SetErrorHandler@interruptHandler 0007  
                            _eusartRxLastError 000C                                       _PIR1bits 000F9E  
              ??_EUSART_SetFramingErrorHandler 0009                              _EUSART_is_tx_done 0796  
            _EUSART_DefaultOverrunErrorHandler 000000                             ?_EUSART_is_tx_done 0007  
                          ??_EUSART_is_tx_done 0007                                    _INTCON2bits 000FF1  
                    __end_of_EUSART_is_tx_done 07AA                                       __Hrparam 0000  
                                     __Lrparam 0000                        ??_OSCILLATOR_Initialize 0007  
                          _EUSART_ErrorHandler 0001                                       __ptext10 07D8  
                                     __ptext11 07E2                        ?_EUSART_SetErrorHandler 0007  
EUSART_SetOverrunErrorHandler@interruptHandler 0007                                       isa$xinst 000000  
                  USART_String_Transmit@string 0008          __end_of_EUSART_SetFramingErrorHandler 07E2  
                _EUSART_SetFramingErrorHandler 07D8                                     _INTCONbits 000FF2  
                      ?_PIN_MANAGER_Initialize 0007                 __end_of_EUSART_SetErrorHandler 07EC  
EUSART_SetFramingErrorHandler@interruptHandler 0007                          _USART_String_Transmit 063E  
                           EUSART_Write@txData 0007                 __end_of_PIN_MANAGER_Initialize 0758  
